[2024-08-13T17:30:10.713+0000] {processor.py:161} INFO - Started process (PID=89) to work on /home/airflow/.local/lib/python3.12/site-packages/airflow/example_dags/example_skip_dag.py
[2024-08-13T17:30:10.714+0000] {processor.py:830} INFO - Processing file /home/airflow/.local/lib/python3.12/site-packages/airflow/example_dags/example_skip_dag.py for tasks to queue
[2024-08-13T17:30:10.715+0000] {logging_mixin.py:188} INFO - [2024-08-13T17:30:10.715+0000] {dagbag.py:545} INFO - Filling up the DagBag from /home/airflow/.local/lib/python3.12/site-packages/airflow/example_dags/example_skip_dag.py
[2024-08-13T17:30:10.720+0000] {processor.py:840} INFO - DAG(s) 'example_skip_dag' retrieved from /home/airflow/.local/lib/python3.12/site-packages/airflow/example_dags/example_skip_dag.py
[2024-08-13T17:30:10.739+0000] {logging_mixin.py:188} INFO - [2024-08-13T17:30:10.738+0000] {dag.py:3089} INFO - Sync 1 DAGs
[2024-08-13T17:30:10.759+0000] {logging_mixin.py:188} INFO - [2024-08-13T17:30:10.758+0000] {dag.py:3947} INFO - Setting next_dagrun for example_skip_dag to 2024-08-12 00:00:00+00:00, run_after=2024-08-13 00:00:00+00:00
[2024-08-13T17:30:10.776+0000] {processor.py:183} INFO - Processing /home/airflow/.local/lib/python3.12/site-packages/airflow/example_dags/example_skip_dag.py took 0.067 seconds
[2024-08-13T17:30:41.012+0000] {processor.py:161} INFO - Started process (PID=147) to work on /home/airflow/.local/lib/python3.12/site-packages/airflow/example_dags/example_skip_dag.py
[2024-08-13T17:30:41.012+0000] {processor.py:830} INFO - Processing file /home/airflow/.local/lib/python3.12/site-packages/airflow/example_dags/example_skip_dag.py for tasks to queue
[2024-08-13T17:30:41.014+0000] {logging_mixin.py:188} INFO - [2024-08-13T17:30:41.013+0000] {dagbag.py:545} INFO - Filling up the DagBag from /home/airflow/.local/lib/python3.12/site-packages/airflow/example_dags/example_skip_dag.py
[2024-08-13T17:30:41.019+0000] {processor.py:840} INFO - DAG(s) 'example_skip_dag' retrieved from /home/airflow/.local/lib/python3.12/site-packages/airflow/example_dags/example_skip_dag.py
[2024-08-13T17:30:41.038+0000] {logging_mixin.py:188} INFO - [2024-08-13T17:30:41.037+0000] {dag.py:3089} INFO - Sync 1 DAGs
[2024-08-13T17:30:41.056+0000] {logging_mixin.py:188} INFO - [2024-08-13T17:30:41.056+0000] {dag.py:3947} INFO - Setting next_dagrun for example_skip_dag to 2024-08-12 00:00:00+00:00, run_after=2024-08-13 00:00:00+00:00
[2024-08-13T17:30:41.072+0000] {processor.py:183} INFO - Processing /home/airflow/.local/lib/python3.12/site-packages/airflow/example_dags/example_skip_dag.py took 0.065 seconds
[2024-08-13T17:31:11.191+0000] {processor.py:161} INFO - Started process (PID=205) to work on /home/airflow/.local/lib/python3.12/site-packages/airflow/example_dags/example_skip_dag.py
[2024-08-13T17:31:11.192+0000] {processor.py:830} INFO - Processing file /home/airflow/.local/lib/python3.12/site-packages/airflow/example_dags/example_skip_dag.py for tasks to queue
[2024-08-13T17:31:11.194+0000] {logging_mixin.py:188} INFO - [2024-08-13T17:31:11.193+0000] {dagbag.py:545} INFO - Filling up the DagBag from /home/airflow/.local/lib/python3.12/site-packages/airflow/example_dags/example_skip_dag.py
[2024-08-13T17:31:11.199+0000] {processor.py:840} INFO - DAG(s) 'example_skip_dag' retrieved from /home/airflow/.local/lib/python3.12/site-packages/airflow/example_dags/example_skip_dag.py
[2024-08-13T17:31:11.218+0000] {logging_mixin.py:188} INFO - [2024-08-13T17:31:11.218+0000] {dag.py:3089} INFO - Sync 1 DAGs
[2024-08-13T17:31:11.240+0000] {logging_mixin.py:188} INFO - [2024-08-13T17:31:11.240+0000] {dag.py:3947} INFO - Setting next_dagrun for example_skip_dag to 2024-08-12 00:00:00+00:00, run_after=2024-08-13 00:00:00+00:00
[2024-08-13T17:31:11.258+0000] {processor.py:183} INFO - Processing /home/airflow/.local/lib/python3.12/site-packages/airflow/example_dags/example_skip_dag.py took 0.073 seconds
[2024-08-13T17:31:42.341+0000] {processor.py:161} INFO - Started process (PID=263) to work on /home/airflow/.local/lib/python3.12/site-packages/airflow/example_dags/example_skip_dag.py
[2024-08-13T17:31:42.341+0000] {processor.py:830} INFO - Processing file /home/airflow/.local/lib/python3.12/site-packages/airflow/example_dags/example_skip_dag.py for tasks to queue
[2024-08-13T17:31:42.343+0000] {logging_mixin.py:188} INFO - [2024-08-13T17:31:42.343+0000] {dagbag.py:545} INFO - Filling up the DagBag from /home/airflow/.local/lib/python3.12/site-packages/airflow/example_dags/example_skip_dag.py
[2024-08-13T17:31:42.348+0000] {processor.py:840} INFO - DAG(s) 'example_skip_dag' retrieved from /home/airflow/.local/lib/python3.12/site-packages/airflow/example_dags/example_skip_dag.py
[2024-08-13T17:31:42.367+0000] {logging_mixin.py:188} INFO - [2024-08-13T17:31:42.367+0000] {dag.py:3089} INFO - Sync 1 DAGs
[2024-08-13T17:31:42.386+0000] {logging_mixin.py:188} INFO - [2024-08-13T17:31:42.386+0000] {dag.py:3947} INFO - Setting next_dagrun for example_skip_dag to 2024-08-12 00:00:00+00:00, run_after=2024-08-13 00:00:00+00:00
[2024-08-13T17:31:42.402+0000] {processor.py:183} INFO - Processing /home/airflow/.local/lib/python3.12/site-packages/airflow/example_dags/example_skip_dag.py took 0.066 seconds
[2024-08-13T17:32:13.361+0000] {processor.py:161} INFO - Started process (PID=327) to work on /home/airflow/.local/lib/python3.12/site-packages/airflow/example_dags/example_skip_dag.py
[2024-08-13T17:32:13.362+0000] {processor.py:830} INFO - Processing file /home/airflow/.local/lib/python3.12/site-packages/airflow/example_dags/example_skip_dag.py for tasks to queue
[2024-08-13T17:32:13.363+0000] {logging_mixin.py:188} INFO - [2024-08-13T17:32:13.363+0000] {dagbag.py:545} INFO - Filling up the DagBag from /home/airflow/.local/lib/python3.12/site-packages/airflow/example_dags/example_skip_dag.py
[2024-08-13T17:32:13.368+0000] {processor.py:840} INFO - DAG(s) 'example_skip_dag' retrieved from /home/airflow/.local/lib/python3.12/site-packages/airflow/example_dags/example_skip_dag.py
[2024-08-13T17:32:13.387+0000] {logging_mixin.py:188} INFO - [2024-08-13T17:32:13.386+0000] {dag.py:3089} INFO - Sync 1 DAGs
[2024-08-13T17:32:13.406+0000] {logging_mixin.py:188} INFO - [2024-08-13T17:32:13.406+0000] {dag.py:3947} INFO - Setting next_dagrun for example_skip_dag to 2024-08-12 00:00:00+00:00, run_after=2024-08-13 00:00:00+00:00
[2024-08-13T17:32:13.423+0000] {processor.py:183} INFO - Processing /home/airflow/.local/lib/python3.12/site-packages/airflow/example_dags/example_skip_dag.py took 0.067 seconds
[2024-08-13T17:32:43.891+0000] {processor.py:161} INFO - Started process (PID=385) to work on /home/airflow/.local/lib/python3.12/site-packages/airflow/example_dags/example_skip_dag.py
[2024-08-13T17:32:43.892+0000] {processor.py:830} INFO - Processing file /home/airflow/.local/lib/python3.12/site-packages/airflow/example_dags/example_skip_dag.py for tasks to queue
[2024-08-13T17:32:43.893+0000] {logging_mixin.py:188} INFO - [2024-08-13T17:32:43.893+0000] {dagbag.py:545} INFO - Filling up the DagBag from /home/airflow/.local/lib/python3.12/site-packages/airflow/example_dags/example_skip_dag.py
[2024-08-13T17:32:43.898+0000] {processor.py:840} INFO - DAG(s) 'example_skip_dag' retrieved from /home/airflow/.local/lib/python3.12/site-packages/airflow/example_dags/example_skip_dag.py
[2024-08-13T17:32:43.916+0000] {logging_mixin.py:188} INFO - [2024-08-13T17:32:43.916+0000] {dag.py:3089} INFO - Sync 1 DAGs
[2024-08-13T17:32:43.935+0000] {logging_mixin.py:188} INFO - [2024-08-13T17:32:43.935+0000] {dag.py:3947} INFO - Setting next_dagrun for example_skip_dag to 2024-08-12 00:00:00+00:00, run_after=2024-08-13 00:00:00+00:00
[2024-08-13T17:32:43.952+0000] {processor.py:183} INFO - Processing /home/airflow/.local/lib/python3.12/site-packages/airflow/example_dags/example_skip_dag.py took 0.065 seconds
[2024-08-13T17:33:14.578+0000] {processor.py:161} INFO - Started process (PID=443) to work on /home/airflow/.local/lib/python3.12/site-packages/airflow/example_dags/example_skip_dag.py
[2024-08-13T17:33:14.579+0000] {processor.py:830} INFO - Processing file /home/airflow/.local/lib/python3.12/site-packages/airflow/example_dags/example_skip_dag.py for tasks to queue
[2024-08-13T17:33:14.580+0000] {logging_mixin.py:188} INFO - [2024-08-13T17:33:14.580+0000] {dagbag.py:545} INFO - Filling up the DagBag from /home/airflow/.local/lib/python3.12/site-packages/airflow/example_dags/example_skip_dag.py
[2024-08-13T17:33:14.586+0000] {processor.py:840} INFO - DAG(s) 'example_skip_dag' retrieved from /home/airflow/.local/lib/python3.12/site-packages/airflow/example_dags/example_skip_dag.py
[2024-08-13T17:33:14.608+0000] {logging_mixin.py:188} INFO - [2024-08-13T17:33:14.608+0000] {dag.py:3089} INFO - Sync 1 DAGs
[2024-08-13T17:33:14.627+0000] {logging_mixin.py:188} INFO - [2024-08-13T17:33:14.627+0000] {dag.py:3947} INFO - Setting next_dagrun for example_skip_dag to 2024-08-12 00:00:00+00:00, run_after=2024-08-13 00:00:00+00:00
[2024-08-13T17:33:14.645+0000] {processor.py:183} INFO - Processing /home/airflow/.local/lib/python3.12/site-packages/airflow/example_dags/example_skip_dag.py took 0.071 seconds
[2024-08-13T17:33:45.210+0000] {processor.py:161} INFO - Started process (PID=501) to work on /home/airflow/.local/lib/python3.12/site-packages/airflow/example_dags/example_skip_dag.py
[2024-08-13T17:33:45.210+0000] {processor.py:830} INFO - Processing file /home/airflow/.local/lib/python3.12/site-packages/airflow/example_dags/example_skip_dag.py for tasks to queue
[2024-08-13T17:33:45.212+0000] {logging_mixin.py:188} INFO - [2024-08-13T17:33:45.211+0000] {dagbag.py:545} INFO - Filling up the DagBag from /home/airflow/.local/lib/python3.12/site-packages/airflow/example_dags/example_skip_dag.py
[2024-08-13T17:33:45.217+0000] {processor.py:840} INFO - DAG(s) 'example_skip_dag' retrieved from /home/airflow/.local/lib/python3.12/site-packages/airflow/example_dags/example_skip_dag.py
[2024-08-13T17:33:45.237+0000] {logging_mixin.py:188} INFO - [2024-08-13T17:33:45.237+0000] {dag.py:3089} INFO - Sync 1 DAGs
[2024-08-13T17:33:45.256+0000] {logging_mixin.py:188} INFO - [2024-08-13T17:33:45.255+0000] {dag.py:3947} INFO - Setting next_dagrun for example_skip_dag to 2024-08-12 00:00:00+00:00, run_after=2024-08-13 00:00:00+00:00
[2024-08-13T17:33:45.273+0000] {processor.py:183} INFO - Processing /home/airflow/.local/lib/python3.12/site-packages/airflow/example_dags/example_skip_dag.py took 0.068 seconds
[2024-08-13T17:34:15.602+0000] {processor.py:161} INFO - Started process (PID=559) to work on /home/airflow/.local/lib/python3.12/site-packages/airflow/example_dags/example_skip_dag.py
[2024-08-13T17:34:15.603+0000] {processor.py:830} INFO - Processing file /home/airflow/.local/lib/python3.12/site-packages/airflow/example_dags/example_skip_dag.py for tasks to queue
[2024-08-13T17:34:15.604+0000] {logging_mixin.py:188} INFO - [2024-08-13T17:34:15.604+0000] {dagbag.py:545} INFO - Filling up the DagBag from /home/airflow/.local/lib/python3.12/site-packages/airflow/example_dags/example_skip_dag.py
[2024-08-13T17:34:15.609+0000] {processor.py:840} INFO - DAG(s) 'example_skip_dag' retrieved from /home/airflow/.local/lib/python3.12/site-packages/airflow/example_dags/example_skip_dag.py
[2024-08-13T17:34:15.628+0000] {logging_mixin.py:188} INFO - [2024-08-13T17:34:15.628+0000] {dag.py:3089} INFO - Sync 1 DAGs
[2024-08-13T17:34:15.647+0000] {logging_mixin.py:188} INFO - [2024-08-13T17:34:15.646+0000] {dag.py:3947} INFO - Setting next_dagrun for example_skip_dag to 2024-08-12 00:00:00+00:00, run_after=2024-08-13 00:00:00+00:00
[2024-08-13T17:34:15.663+0000] {processor.py:183} INFO - Processing /home/airflow/.local/lib/python3.12/site-packages/airflow/example_dags/example_skip_dag.py took 0.066 seconds
[2024-08-13T17:34:46.177+0000] {processor.py:161} INFO - Started process (PID=617) to work on /home/airflow/.local/lib/python3.12/site-packages/airflow/example_dags/example_skip_dag.py
[2024-08-13T17:34:46.178+0000] {processor.py:830} INFO - Processing file /home/airflow/.local/lib/python3.12/site-packages/airflow/example_dags/example_skip_dag.py for tasks to queue
[2024-08-13T17:34:46.179+0000] {logging_mixin.py:188} INFO - [2024-08-13T17:34:46.179+0000] {dagbag.py:545} INFO - Filling up the DagBag from /home/airflow/.local/lib/python3.12/site-packages/airflow/example_dags/example_skip_dag.py
[2024-08-13T17:34:46.185+0000] {processor.py:840} INFO - DAG(s) 'example_skip_dag' retrieved from /home/airflow/.local/lib/python3.12/site-packages/airflow/example_dags/example_skip_dag.py
[2024-08-13T17:34:46.204+0000] {logging_mixin.py:188} INFO - [2024-08-13T17:34:46.204+0000] {dag.py:3089} INFO - Sync 1 DAGs
[2024-08-13T17:34:46.223+0000] {logging_mixin.py:188} INFO - [2024-08-13T17:34:46.223+0000] {dag.py:3947} INFO - Setting next_dagrun for example_skip_dag to 2024-08-12 00:00:00+00:00, run_after=2024-08-13 00:00:00+00:00
[2024-08-13T17:34:46.239+0000] {processor.py:183} INFO - Processing /home/airflow/.local/lib/python3.12/site-packages/airflow/example_dags/example_skip_dag.py took 0.067 seconds
[2024-08-13T17:35:16.542+0000] {processor.py:161} INFO - Started process (PID=675) to work on /home/airflow/.local/lib/python3.12/site-packages/airflow/example_dags/example_skip_dag.py
[2024-08-13T17:35:16.543+0000] {processor.py:830} INFO - Processing file /home/airflow/.local/lib/python3.12/site-packages/airflow/example_dags/example_skip_dag.py for tasks to queue
[2024-08-13T17:35:16.544+0000] {logging_mixin.py:188} INFO - [2024-08-13T17:35:16.544+0000] {dagbag.py:545} INFO - Filling up the DagBag from /home/airflow/.local/lib/python3.12/site-packages/airflow/example_dags/example_skip_dag.py
[2024-08-13T17:35:16.550+0000] {processor.py:840} INFO - DAG(s) 'example_skip_dag' retrieved from /home/airflow/.local/lib/python3.12/site-packages/airflow/example_dags/example_skip_dag.py
[2024-08-13T17:35:16.568+0000] {logging_mixin.py:188} INFO - [2024-08-13T17:35:16.568+0000] {dag.py:3089} INFO - Sync 1 DAGs
[2024-08-13T17:35:16.587+0000] {logging_mixin.py:188} INFO - [2024-08-13T17:35:16.587+0000] {dag.py:3947} INFO - Setting next_dagrun for example_skip_dag to 2024-08-12 00:00:00+00:00, run_after=2024-08-13 00:00:00+00:00
[2024-08-13T17:35:16.604+0000] {processor.py:183} INFO - Processing /home/airflow/.local/lib/python3.12/site-packages/airflow/example_dags/example_skip_dag.py took 0.066 seconds
[2024-08-13T17:35:47.116+0000] {processor.py:161} INFO - Started process (PID=733) to work on /home/airflow/.local/lib/python3.12/site-packages/airflow/example_dags/example_skip_dag.py
[2024-08-13T17:35:47.117+0000] {processor.py:830} INFO - Processing file /home/airflow/.local/lib/python3.12/site-packages/airflow/example_dags/example_skip_dag.py for tasks to queue
[2024-08-13T17:35:47.118+0000] {logging_mixin.py:188} INFO - [2024-08-13T17:35:47.118+0000] {dagbag.py:545} INFO - Filling up the DagBag from /home/airflow/.local/lib/python3.12/site-packages/airflow/example_dags/example_skip_dag.py
[2024-08-13T17:35:47.123+0000] {processor.py:840} INFO - DAG(s) 'example_skip_dag' retrieved from /home/airflow/.local/lib/python3.12/site-packages/airflow/example_dags/example_skip_dag.py
[2024-08-13T17:35:47.142+0000] {logging_mixin.py:188} INFO - [2024-08-13T17:35:47.142+0000] {dag.py:3089} INFO - Sync 1 DAGs
[2024-08-13T17:35:47.161+0000] {logging_mixin.py:188} INFO - [2024-08-13T17:35:47.161+0000] {dag.py:3947} INFO - Setting next_dagrun for example_skip_dag to 2024-08-12 00:00:00+00:00, run_after=2024-08-13 00:00:00+00:00
[2024-08-13T17:35:47.179+0000] {processor.py:183} INFO - Processing /home/airflow/.local/lib/python3.12/site-packages/airflow/example_dags/example_skip_dag.py took 0.068 seconds
[2024-08-13T17:36:17.647+0000] {processor.py:161} INFO - Started process (PID=791) to work on /home/airflow/.local/lib/python3.12/site-packages/airflow/example_dags/example_skip_dag.py
[2024-08-13T17:36:17.648+0000] {processor.py:830} INFO - Processing file /home/airflow/.local/lib/python3.12/site-packages/airflow/example_dags/example_skip_dag.py for tasks to queue
[2024-08-13T17:36:17.649+0000] {logging_mixin.py:188} INFO - [2024-08-13T17:36:17.649+0000] {dagbag.py:545} INFO - Filling up the DagBag from /home/airflow/.local/lib/python3.12/site-packages/airflow/example_dags/example_skip_dag.py
[2024-08-13T17:36:17.654+0000] {processor.py:840} INFO - DAG(s) 'example_skip_dag' retrieved from /home/airflow/.local/lib/python3.12/site-packages/airflow/example_dags/example_skip_dag.py
[2024-08-13T17:36:17.674+0000] {logging_mixin.py:188} INFO - [2024-08-13T17:36:17.673+0000] {dag.py:3089} INFO - Sync 1 DAGs
[2024-08-13T17:36:17.693+0000] {logging_mixin.py:188} INFO - [2024-08-13T17:36:17.692+0000] {dag.py:3947} INFO - Setting next_dagrun for example_skip_dag to 2024-08-12 00:00:00+00:00, run_after=2024-08-13 00:00:00+00:00
[2024-08-13T17:36:17.710+0000] {processor.py:183} INFO - Processing /home/airflow/.local/lib/python3.12/site-packages/airflow/example_dags/example_skip_dag.py took 0.067 seconds
[2024-08-13T17:36:48.072+0000] {processor.py:161} INFO - Started process (PID=849) to work on /home/airflow/.local/lib/python3.12/site-packages/airflow/example_dags/example_skip_dag.py
[2024-08-13T17:36:48.073+0000] {processor.py:830} INFO - Processing file /home/airflow/.local/lib/python3.12/site-packages/airflow/example_dags/example_skip_dag.py for tasks to queue
[2024-08-13T17:36:48.074+0000] {logging_mixin.py:188} INFO - [2024-08-13T17:36:48.074+0000] {dagbag.py:545} INFO - Filling up the DagBag from /home/airflow/.local/lib/python3.12/site-packages/airflow/example_dags/example_skip_dag.py
[2024-08-13T17:36:48.079+0000] {processor.py:840} INFO - DAG(s) 'example_skip_dag' retrieved from /home/airflow/.local/lib/python3.12/site-packages/airflow/example_dags/example_skip_dag.py
[2024-08-13T17:36:48.099+0000] {logging_mixin.py:188} INFO - [2024-08-13T17:36:48.099+0000] {dag.py:3089} INFO - Sync 1 DAGs
[2024-08-13T17:36:48.119+0000] {logging_mixin.py:188} INFO - [2024-08-13T17:36:48.119+0000] {dag.py:3947} INFO - Setting next_dagrun for example_skip_dag to 2024-08-12 00:00:00+00:00, run_after=2024-08-13 00:00:00+00:00
[2024-08-13T17:36:48.136+0000] {processor.py:183} INFO - Processing /home/airflow/.local/lib/python3.12/site-packages/airflow/example_dags/example_skip_dag.py took 0.069 seconds
[2024-08-13T17:37:18.622+0000] {processor.py:161} INFO - Started process (PID=907) to work on /home/airflow/.local/lib/python3.12/site-packages/airflow/example_dags/example_skip_dag.py
[2024-08-13T17:37:18.622+0000] {processor.py:830} INFO - Processing file /home/airflow/.local/lib/python3.12/site-packages/airflow/example_dags/example_skip_dag.py for tasks to queue
[2024-08-13T17:37:18.624+0000] {logging_mixin.py:188} INFO - [2024-08-13T17:37:18.624+0000] {dagbag.py:545} INFO - Filling up the DagBag from /home/airflow/.local/lib/python3.12/site-packages/airflow/example_dags/example_skip_dag.py
[2024-08-13T17:37:18.629+0000] {processor.py:840} INFO - DAG(s) 'example_skip_dag' retrieved from /home/airflow/.local/lib/python3.12/site-packages/airflow/example_dags/example_skip_dag.py
[2024-08-13T17:37:18.648+0000] {logging_mixin.py:188} INFO - [2024-08-13T17:37:18.648+0000] {dag.py:3089} INFO - Sync 1 DAGs
[2024-08-13T17:37:18.669+0000] {logging_mixin.py:188} INFO - [2024-08-13T17:37:18.669+0000] {dag.py:3947} INFO - Setting next_dagrun for example_skip_dag to 2024-08-12 00:00:00+00:00, run_after=2024-08-13 00:00:00+00:00
[2024-08-13T17:37:18.686+0000] {processor.py:183} INFO - Processing /home/airflow/.local/lib/python3.12/site-packages/airflow/example_dags/example_skip_dag.py took 0.069 seconds
[2024-08-13T17:37:49.238+0000] {processor.py:161} INFO - Started process (PID=965) to work on /home/airflow/.local/lib/python3.12/site-packages/airflow/example_dags/example_skip_dag.py
[2024-08-13T17:37:49.238+0000] {processor.py:830} INFO - Processing file /home/airflow/.local/lib/python3.12/site-packages/airflow/example_dags/example_skip_dag.py for tasks to queue
[2024-08-13T17:37:49.240+0000] {logging_mixin.py:188} INFO - [2024-08-13T17:37:49.239+0000] {dagbag.py:545} INFO - Filling up the DagBag from /home/airflow/.local/lib/python3.12/site-packages/airflow/example_dags/example_skip_dag.py
[2024-08-13T17:37:49.245+0000] {processor.py:840} INFO - DAG(s) 'example_skip_dag' retrieved from /home/airflow/.local/lib/python3.12/site-packages/airflow/example_dags/example_skip_dag.py
[2024-08-13T17:37:49.263+0000] {logging_mixin.py:188} INFO - [2024-08-13T17:37:49.263+0000] {dag.py:3089} INFO - Sync 1 DAGs
[2024-08-13T17:37:49.282+0000] {logging_mixin.py:188} INFO - [2024-08-13T17:37:49.282+0000] {dag.py:3947} INFO - Setting next_dagrun for example_skip_dag to 2024-08-12 00:00:00+00:00, run_after=2024-08-13 00:00:00+00:00
[2024-08-13T17:37:49.299+0000] {processor.py:183} INFO - Processing /home/airflow/.local/lib/python3.12/site-packages/airflow/example_dags/example_skip_dag.py took 0.067 seconds
[2024-08-13T17:38:19.934+0000] {processor.py:161} INFO - Started process (PID=1023) to work on /home/airflow/.local/lib/python3.12/site-packages/airflow/example_dags/example_skip_dag.py
[2024-08-13T17:38:19.934+0000] {processor.py:830} INFO - Processing file /home/airflow/.local/lib/python3.12/site-packages/airflow/example_dags/example_skip_dag.py for tasks to queue
[2024-08-13T17:38:19.936+0000] {logging_mixin.py:188} INFO - [2024-08-13T17:38:19.936+0000] {dagbag.py:545} INFO - Filling up the DagBag from /home/airflow/.local/lib/python3.12/site-packages/airflow/example_dags/example_skip_dag.py
[2024-08-13T17:38:19.941+0000] {processor.py:840} INFO - DAG(s) 'example_skip_dag' retrieved from /home/airflow/.local/lib/python3.12/site-packages/airflow/example_dags/example_skip_dag.py
[2024-08-13T17:38:19.960+0000] {logging_mixin.py:188} INFO - [2024-08-13T17:38:19.960+0000] {dag.py:3089} INFO - Sync 1 DAGs
[2024-08-13T17:38:19.979+0000] {logging_mixin.py:188} INFO - [2024-08-13T17:38:19.979+0000] {dag.py:3947} INFO - Setting next_dagrun for example_skip_dag to 2024-08-12 00:00:00+00:00, run_after=2024-08-13 00:00:00+00:00
[2024-08-13T17:38:19.996+0000] {processor.py:183} INFO - Processing /home/airflow/.local/lib/python3.12/site-packages/airflow/example_dags/example_skip_dag.py took 0.067 seconds
[2024-08-13T17:38:50.443+0000] {processor.py:161} INFO - Started process (PID=1081) to work on /home/airflow/.local/lib/python3.12/site-packages/airflow/example_dags/example_skip_dag.py
[2024-08-13T17:38:50.444+0000] {processor.py:830} INFO - Processing file /home/airflow/.local/lib/python3.12/site-packages/airflow/example_dags/example_skip_dag.py for tasks to queue
[2024-08-13T17:38:50.445+0000] {logging_mixin.py:188} INFO - [2024-08-13T17:38:50.445+0000] {dagbag.py:545} INFO - Filling up the DagBag from /home/airflow/.local/lib/python3.12/site-packages/airflow/example_dags/example_skip_dag.py
[2024-08-13T17:38:50.451+0000] {processor.py:840} INFO - DAG(s) 'example_skip_dag' retrieved from /home/airflow/.local/lib/python3.12/site-packages/airflow/example_dags/example_skip_dag.py
[2024-08-13T17:38:50.470+0000] {logging_mixin.py:188} INFO - [2024-08-13T17:38:50.469+0000] {dag.py:3089} INFO - Sync 1 DAGs
[2024-08-13T17:38:50.489+0000] {logging_mixin.py:188} INFO - [2024-08-13T17:38:50.489+0000] {dag.py:3947} INFO - Setting next_dagrun for example_skip_dag to 2024-08-12 00:00:00+00:00, run_after=2024-08-13 00:00:00+00:00
[2024-08-13T17:38:50.506+0000] {processor.py:183} INFO - Processing /home/airflow/.local/lib/python3.12/site-packages/airflow/example_dags/example_skip_dag.py took 0.068 seconds
[2024-08-13T17:39:21.242+0000] {processor.py:161} INFO - Started process (PID=1139) to work on /home/airflow/.local/lib/python3.12/site-packages/airflow/example_dags/example_skip_dag.py
[2024-08-13T17:39:21.243+0000] {processor.py:830} INFO - Processing file /home/airflow/.local/lib/python3.12/site-packages/airflow/example_dags/example_skip_dag.py for tasks to queue
[2024-08-13T17:39:21.244+0000] {logging_mixin.py:188} INFO - [2024-08-13T17:39:21.244+0000] {dagbag.py:545} INFO - Filling up the DagBag from /home/airflow/.local/lib/python3.12/site-packages/airflow/example_dags/example_skip_dag.py
[2024-08-13T17:39:21.250+0000] {processor.py:840} INFO - DAG(s) 'example_skip_dag' retrieved from /home/airflow/.local/lib/python3.12/site-packages/airflow/example_dags/example_skip_dag.py
[2024-08-13T17:39:21.269+0000] {logging_mixin.py:188} INFO - [2024-08-13T17:39:21.269+0000] {dag.py:3089} INFO - Sync 1 DAGs
[2024-08-13T17:39:21.289+0000] {logging_mixin.py:188} INFO - [2024-08-13T17:39:21.289+0000] {dag.py:3947} INFO - Setting next_dagrun for example_skip_dag to 2024-08-12 00:00:00+00:00, run_after=2024-08-13 00:00:00+00:00
[2024-08-13T17:39:21.306+0000] {processor.py:183} INFO - Processing /home/airflow/.local/lib/python3.12/site-packages/airflow/example_dags/example_skip_dag.py took 0.068 seconds
[2024-08-13T17:39:51.699+0000] {processor.py:161} INFO - Started process (PID=1197) to work on /home/airflow/.local/lib/python3.12/site-packages/airflow/example_dags/example_skip_dag.py
[2024-08-13T17:39:51.700+0000] {processor.py:830} INFO - Processing file /home/airflow/.local/lib/python3.12/site-packages/airflow/example_dags/example_skip_dag.py for tasks to queue
[2024-08-13T17:39:51.701+0000] {logging_mixin.py:188} INFO - [2024-08-13T17:39:51.701+0000] {dagbag.py:545} INFO - Filling up the DagBag from /home/airflow/.local/lib/python3.12/site-packages/airflow/example_dags/example_skip_dag.py
[2024-08-13T17:39:51.706+0000] {processor.py:840} INFO - DAG(s) 'example_skip_dag' retrieved from /home/airflow/.local/lib/python3.12/site-packages/airflow/example_dags/example_skip_dag.py
[2024-08-13T17:39:51.725+0000] {logging_mixin.py:188} INFO - [2024-08-13T17:39:51.725+0000] {dag.py:3089} INFO - Sync 1 DAGs
[2024-08-13T17:39:51.745+0000] {logging_mixin.py:188} INFO - [2024-08-13T17:39:51.744+0000] {dag.py:3947} INFO - Setting next_dagrun for example_skip_dag to 2024-08-12 00:00:00+00:00, run_after=2024-08-13 00:00:00+00:00
[2024-08-13T17:39:51.762+0000] {processor.py:183} INFO - Processing /home/airflow/.local/lib/python3.12/site-packages/airflow/example_dags/example_skip_dag.py took 0.068 seconds
[2024-08-13T17:40:22.214+0000] {processor.py:161} INFO - Started process (PID=1255) to work on /home/airflow/.local/lib/python3.12/site-packages/airflow/example_dags/example_skip_dag.py
[2024-08-13T17:40:22.215+0000] {processor.py:830} INFO - Processing file /home/airflow/.local/lib/python3.12/site-packages/airflow/example_dags/example_skip_dag.py for tasks to queue
[2024-08-13T17:40:22.216+0000] {logging_mixin.py:188} INFO - [2024-08-13T17:40:22.216+0000] {dagbag.py:545} INFO - Filling up the DagBag from /home/airflow/.local/lib/python3.12/site-packages/airflow/example_dags/example_skip_dag.py
[2024-08-13T17:40:22.221+0000] {processor.py:840} INFO - DAG(s) 'example_skip_dag' retrieved from /home/airflow/.local/lib/python3.12/site-packages/airflow/example_dags/example_skip_dag.py
[2024-08-13T17:40:22.240+0000] {logging_mixin.py:188} INFO - [2024-08-13T17:40:22.239+0000] {dag.py:3089} INFO - Sync 1 DAGs
[2024-08-13T17:40:22.259+0000] {logging_mixin.py:188} INFO - [2024-08-13T17:40:22.258+0000] {dag.py:3947} INFO - Setting next_dagrun for example_skip_dag to 2024-08-12 00:00:00+00:00, run_after=2024-08-13 00:00:00+00:00
[2024-08-13T17:40:22.276+0000] {processor.py:183} INFO - Processing /home/airflow/.local/lib/python3.12/site-packages/airflow/example_dags/example_skip_dag.py took 0.067 seconds
[2024-08-13T17:40:52.976+0000] {processor.py:161} INFO - Started process (PID=1313) to work on /home/airflow/.local/lib/python3.12/site-packages/airflow/example_dags/example_skip_dag.py
[2024-08-13T17:40:52.977+0000] {processor.py:830} INFO - Processing file /home/airflow/.local/lib/python3.12/site-packages/airflow/example_dags/example_skip_dag.py for tasks to queue
[2024-08-13T17:40:52.978+0000] {logging_mixin.py:188} INFO - [2024-08-13T17:40:52.978+0000] {dagbag.py:545} INFO - Filling up the DagBag from /home/airflow/.local/lib/python3.12/site-packages/airflow/example_dags/example_skip_dag.py
[2024-08-13T17:40:52.983+0000] {processor.py:840} INFO - DAG(s) 'example_skip_dag' retrieved from /home/airflow/.local/lib/python3.12/site-packages/airflow/example_dags/example_skip_dag.py
[2024-08-13T17:40:53.003+0000] {logging_mixin.py:188} INFO - [2024-08-13T17:40:53.003+0000] {dag.py:3089} INFO - Sync 1 DAGs
[2024-08-13T17:40:53.023+0000] {logging_mixin.py:188} INFO - [2024-08-13T17:40:53.022+0000] {dag.py:3947} INFO - Setting next_dagrun for example_skip_dag to 2024-08-12 00:00:00+00:00, run_after=2024-08-13 00:00:00+00:00
[2024-08-13T17:40:53.041+0000] {processor.py:183} INFO - Processing /home/airflow/.local/lib/python3.12/site-packages/airflow/example_dags/example_skip_dag.py took 0.070 seconds
[2024-08-13T17:41:23.093+0000] {processor.py:161} INFO - Started process (PID=1370) to work on /home/airflow/.local/lib/python3.12/site-packages/airflow/example_dags/example_skip_dag.py
[2024-08-13T17:41:23.094+0000] {processor.py:830} INFO - Processing file /home/airflow/.local/lib/python3.12/site-packages/airflow/example_dags/example_skip_dag.py for tasks to queue
[2024-08-13T17:41:23.095+0000] {logging_mixin.py:188} INFO - [2024-08-13T17:41:23.095+0000] {dagbag.py:545} INFO - Filling up the DagBag from /home/airflow/.local/lib/python3.12/site-packages/airflow/example_dags/example_skip_dag.py
[2024-08-13T17:41:23.100+0000] {processor.py:840} INFO - DAG(s) 'example_skip_dag' retrieved from /home/airflow/.local/lib/python3.12/site-packages/airflow/example_dags/example_skip_dag.py
[2024-08-13T17:41:23.119+0000] {logging_mixin.py:188} INFO - [2024-08-13T17:41:23.119+0000] {dag.py:3089} INFO - Sync 1 DAGs
[2024-08-13T17:41:23.137+0000] {logging_mixin.py:188} INFO - [2024-08-13T17:41:23.137+0000] {dag.py:3947} INFO - Setting next_dagrun for example_skip_dag to 2024-08-12 00:00:00+00:00, run_after=2024-08-13 00:00:00+00:00
[2024-08-13T17:41:23.154+0000] {processor.py:183} INFO - Processing /home/airflow/.local/lib/python3.12/site-packages/airflow/example_dags/example_skip_dag.py took 0.066 seconds
[2024-08-13T17:41:53.760+0000] {processor.py:161} INFO - Started process (PID=1429) to work on /home/airflow/.local/lib/python3.12/site-packages/airflow/example_dags/example_skip_dag.py
[2024-08-13T17:41:53.761+0000] {processor.py:830} INFO - Processing file /home/airflow/.local/lib/python3.12/site-packages/airflow/example_dags/example_skip_dag.py for tasks to queue
[2024-08-13T17:41:53.763+0000] {logging_mixin.py:188} INFO - [2024-08-13T17:41:53.762+0000] {dagbag.py:545} INFO - Filling up the DagBag from /home/airflow/.local/lib/python3.12/site-packages/airflow/example_dags/example_skip_dag.py
[2024-08-13T17:41:53.768+0000] {processor.py:840} INFO - DAG(s) 'example_skip_dag' retrieved from /home/airflow/.local/lib/python3.12/site-packages/airflow/example_dags/example_skip_dag.py
[2024-08-13T17:41:53.788+0000] {logging_mixin.py:188} INFO - [2024-08-13T17:41:53.788+0000] {dag.py:3089} INFO - Sync 1 DAGs
[2024-08-13T17:41:53.807+0000] {logging_mixin.py:188} INFO - [2024-08-13T17:41:53.807+0000] {dag.py:3947} INFO - Setting next_dagrun for example_skip_dag to 2024-08-12 00:00:00+00:00, run_after=2024-08-13 00:00:00+00:00
[2024-08-13T17:41:53.825+0000] {processor.py:183} INFO - Processing /home/airflow/.local/lib/python3.12/site-packages/airflow/example_dags/example_skip_dag.py took 0.070 seconds
[2024-08-13T17:42:23.894+0000] {processor.py:161} INFO - Started process (PID=1486) to work on /home/airflow/.local/lib/python3.12/site-packages/airflow/example_dags/example_skip_dag.py
[2024-08-13T17:42:23.895+0000] {processor.py:830} INFO - Processing file /home/airflow/.local/lib/python3.12/site-packages/airflow/example_dags/example_skip_dag.py for tasks to queue
[2024-08-13T17:42:23.896+0000] {logging_mixin.py:188} INFO - [2024-08-13T17:42:23.896+0000] {dagbag.py:545} INFO - Filling up the DagBag from /home/airflow/.local/lib/python3.12/site-packages/airflow/example_dags/example_skip_dag.py
[2024-08-13T17:42:23.901+0000] {processor.py:840} INFO - DAG(s) 'example_skip_dag' retrieved from /home/airflow/.local/lib/python3.12/site-packages/airflow/example_dags/example_skip_dag.py
[2024-08-13T17:42:23.920+0000] {logging_mixin.py:188} INFO - [2024-08-13T17:42:23.919+0000] {dag.py:3089} INFO - Sync 1 DAGs
[2024-08-13T17:42:23.940+0000] {logging_mixin.py:188} INFO - [2024-08-13T17:42:23.939+0000] {dag.py:3947} INFO - Setting next_dagrun for example_skip_dag to 2024-08-12 00:00:00+00:00, run_after=2024-08-13 00:00:00+00:00
[2024-08-13T17:42:23.957+0000] {processor.py:183} INFO - Processing /home/airflow/.local/lib/python3.12/site-packages/airflow/example_dags/example_skip_dag.py took 0.068 seconds
[2024-08-13T17:42:54.691+0000] {processor.py:161} INFO - Started process (PID=1545) to work on /home/airflow/.local/lib/python3.12/site-packages/airflow/example_dags/example_skip_dag.py
[2024-08-13T17:42:54.691+0000] {processor.py:830} INFO - Processing file /home/airflow/.local/lib/python3.12/site-packages/airflow/example_dags/example_skip_dag.py for tasks to queue
[2024-08-13T17:42:54.693+0000] {logging_mixin.py:188} INFO - [2024-08-13T17:42:54.693+0000] {dagbag.py:545} INFO - Filling up the DagBag from /home/airflow/.local/lib/python3.12/site-packages/airflow/example_dags/example_skip_dag.py
[2024-08-13T17:42:54.698+0000] {processor.py:840} INFO - DAG(s) 'example_skip_dag' retrieved from /home/airflow/.local/lib/python3.12/site-packages/airflow/example_dags/example_skip_dag.py
[2024-08-13T17:42:54.718+0000] {logging_mixin.py:188} INFO - [2024-08-13T17:42:54.718+0000] {dag.py:3089} INFO - Sync 1 DAGs
[2024-08-13T17:42:54.739+0000] {logging_mixin.py:188} INFO - [2024-08-13T17:42:54.739+0000] {dag.py:3947} INFO - Setting next_dagrun for example_skip_dag to 2024-08-12 00:00:00+00:00, run_after=2024-08-13 00:00:00+00:00
[2024-08-13T17:42:54.868+0000] {processor.py:183} INFO - Processing /home/airflow/.local/lib/python3.12/site-packages/airflow/example_dags/example_skip_dag.py took 0.183 seconds
[2024-08-13T17:43:25.559+0000] {processor.py:161} INFO - Started process (PID=1603) to work on /home/airflow/.local/lib/python3.12/site-packages/airflow/example_dags/example_skip_dag.py
[2024-08-13T17:43:25.560+0000] {processor.py:830} INFO - Processing file /home/airflow/.local/lib/python3.12/site-packages/airflow/example_dags/example_skip_dag.py for tasks to queue
[2024-08-13T17:43:25.561+0000] {logging_mixin.py:188} INFO - [2024-08-13T17:43:25.561+0000] {dagbag.py:545} INFO - Filling up the DagBag from /home/airflow/.local/lib/python3.12/site-packages/airflow/example_dags/example_skip_dag.py
[2024-08-13T17:43:25.566+0000] {processor.py:840} INFO - DAG(s) 'example_skip_dag' retrieved from /home/airflow/.local/lib/python3.12/site-packages/airflow/example_dags/example_skip_dag.py
[2024-08-13T17:43:25.587+0000] {logging_mixin.py:188} INFO - [2024-08-13T17:43:25.586+0000] {dag.py:3089} INFO - Sync 1 DAGs
[2024-08-13T17:43:25.606+0000] {logging_mixin.py:188} INFO - [2024-08-13T17:43:25.606+0000] {dag.py:3947} INFO - Setting next_dagrun for example_skip_dag to 2024-08-12 00:00:00+00:00, run_after=2024-08-13 00:00:00+00:00
[2024-08-13T17:43:25.726+0000] {processor.py:183} INFO - Processing /home/airflow/.local/lib/python3.12/site-packages/airflow/example_dags/example_skip_dag.py took 0.172 seconds
[2024-08-13T17:43:56.261+0000] {processor.py:161} INFO - Started process (PID=1661) to work on /home/airflow/.local/lib/python3.12/site-packages/airflow/example_dags/example_skip_dag.py
[2024-08-13T17:43:56.261+0000] {processor.py:830} INFO - Processing file /home/airflow/.local/lib/python3.12/site-packages/airflow/example_dags/example_skip_dag.py for tasks to queue
[2024-08-13T17:43:56.263+0000] {logging_mixin.py:188} INFO - [2024-08-13T17:43:56.262+0000] {dagbag.py:545} INFO - Filling up the DagBag from /home/airflow/.local/lib/python3.12/site-packages/airflow/example_dags/example_skip_dag.py
[2024-08-13T17:43:56.268+0000] {processor.py:840} INFO - DAG(s) 'example_skip_dag' retrieved from /home/airflow/.local/lib/python3.12/site-packages/airflow/example_dags/example_skip_dag.py
[2024-08-13T17:43:56.288+0000] {logging_mixin.py:188} INFO - [2024-08-13T17:43:56.288+0000] {dag.py:3089} INFO - Sync 1 DAGs
[2024-08-13T17:43:56.307+0000] {logging_mixin.py:188} INFO - [2024-08-13T17:43:56.307+0000] {dag.py:3947} INFO - Setting next_dagrun for example_skip_dag to 2024-08-12 00:00:00+00:00, run_after=2024-08-13 00:00:00+00:00
[2024-08-13T17:43:56.326+0000] {processor.py:183} INFO - Processing /home/airflow/.local/lib/python3.12/site-packages/airflow/example_dags/example_skip_dag.py took 0.070 seconds
[2024-08-13T17:44:26.940+0000] {processor.py:161} INFO - Started process (PID=1719) to work on /home/airflow/.local/lib/python3.12/site-packages/airflow/example_dags/example_skip_dag.py
[2024-08-13T17:44:26.941+0000] {processor.py:830} INFO - Processing file /home/airflow/.local/lib/python3.12/site-packages/airflow/example_dags/example_skip_dag.py for tasks to queue
[2024-08-13T17:44:26.942+0000] {logging_mixin.py:188} INFO - [2024-08-13T17:44:26.942+0000] {dagbag.py:545} INFO - Filling up the DagBag from /home/airflow/.local/lib/python3.12/site-packages/airflow/example_dags/example_skip_dag.py
[2024-08-13T17:44:26.947+0000] {processor.py:840} INFO - DAG(s) 'example_skip_dag' retrieved from /home/airflow/.local/lib/python3.12/site-packages/airflow/example_dags/example_skip_dag.py
[2024-08-13T17:44:26.967+0000] {logging_mixin.py:188} INFO - [2024-08-13T17:44:26.967+0000] {dag.py:3089} INFO - Sync 1 DAGs
[2024-08-13T17:44:26.987+0000] {logging_mixin.py:188} INFO - [2024-08-13T17:44:26.987+0000] {dag.py:3947} INFO - Setting next_dagrun for example_skip_dag to 2024-08-12 00:00:00+00:00, run_after=2024-08-13 00:00:00+00:00
[2024-08-13T17:44:27.005+0000] {processor.py:183} INFO - Processing /home/airflow/.local/lib/python3.12/site-packages/airflow/example_dags/example_skip_dag.py took 0.070 seconds
[2024-08-13T17:44:57.629+0000] {processor.py:161} INFO - Started process (PID=1777) to work on /home/airflow/.local/lib/python3.12/site-packages/airflow/example_dags/example_skip_dag.py
[2024-08-13T17:44:57.630+0000] {processor.py:830} INFO - Processing file /home/airflow/.local/lib/python3.12/site-packages/airflow/example_dags/example_skip_dag.py for tasks to queue
[2024-08-13T17:44:57.631+0000] {logging_mixin.py:188} INFO - [2024-08-13T17:44:57.631+0000] {dagbag.py:545} INFO - Filling up the DagBag from /home/airflow/.local/lib/python3.12/site-packages/airflow/example_dags/example_skip_dag.py
[2024-08-13T17:44:57.636+0000] {processor.py:840} INFO - DAG(s) 'example_skip_dag' retrieved from /home/airflow/.local/lib/python3.12/site-packages/airflow/example_dags/example_skip_dag.py
[2024-08-13T17:44:57.656+0000] {logging_mixin.py:188} INFO - [2024-08-13T17:44:57.655+0000] {dag.py:3089} INFO - Sync 1 DAGs
[2024-08-13T17:44:57.675+0000] {logging_mixin.py:188} INFO - [2024-08-13T17:44:57.675+0000] {dag.py:3947} INFO - Setting next_dagrun for example_skip_dag to 2024-08-12 00:00:00+00:00, run_after=2024-08-13 00:00:00+00:00
[2024-08-13T17:44:57.691+0000] {processor.py:183} INFO - Processing /home/airflow/.local/lib/python3.12/site-packages/airflow/example_dags/example_skip_dag.py took 0.067 seconds
[2024-08-13T17:45:28.071+0000] {processor.py:161} INFO - Started process (PID=1835) to work on /home/airflow/.local/lib/python3.12/site-packages/airflow/example_dags/example_skip_dag.py
[2024-08-13T17:45:28.071+0000] {processor.py:830} INFO - Processing file /home/airflow/.local/lib/python3.12/site-packages/airflow/example_dags/example_skip_dag.py for tasks to queue
[2024-08-13T17:45:28.073+0000] {logging_mixin.py:188} INFO - [2024-08-13T17:45:28.073+0000] {dagbag.py:545} INFO - Filling up the DagBag from /home/airflow/.local/lib/python3.12/site-packages/airflow/example_dags/example_skip_dag.py
[2024-08-13T17:45:28.078+0000] {processor.py:840} INFO - DAG(s) 'example_skip_dag' retrieved from /home/airflow/.local/lib/python3.12/site-packages/airflow/example_dags/example_skip_dag.py
[2024-08-13T17:45:28.097+0000] {logging_mixin.py:188} INFO - [2024-08-13T17:45:28.097+0000] {dag.py:3089} INFO - Sync 1 DAGs
[2024-08-13T17:45:28.116+0000] {logging_mixin.py:188} INFO - [2024-08-13T17:45:28.116+0000] {dag.py:3947} INFO - Setting next_dagrun for example_skip_dag to 2024-08-12 00:00:00+00:00, run_after=2024-08-13 00:00:00+00:00
[2024-08-13T17:45:28.132+0000] {processor.py:183} INFO - Processing /home/airflow/.local/lib/python3.12/site-packages/airflow/example_dags/example_skip_dag.py took 0.067 seconds
[2024-08-13T17:45:58.488+0000] {processor.py:161} INFO - Started process (PID=1893) to work on /home/airflow/.local/lib/python3.12/site-packages/airflow/example_dags/example_skip_dag.py
[2024-08-13T17:45:58.489+0000] {processor.py:830} INFO - Processing file /home/airflow/.local/lib/python3.12/site-packages/airflow/example_dags/example_skip_dag.py for tasks to queue
[2024-08-13T17:45:58.490+0000] {logging_mixin.py:188} INFO - [2024-08-13T17:45:58.490+0000] {dagbag.py:545} INFO - Filling up the DagBag from /home/airflow/.local/lib/python3.12/site-packages/airflow/example_dags/example_skip_dag.py
[2024-08-13T17:45:58.495+0000] {processor.py:840} INFO - DAG(s) 'example_skip_dag' retrieved from /home/airflow/.local/lib/python3.12/site-packages/airflow/example_dags/example_skip_dag.py
[2024-08-13T17:45:58.514+0000] {logging_mixin.py:188} INFO - [2024-08-13T17:45:58.514+0000] {dag.py:3089} INFO - Sync 1 DAGs
[2024-08-13T17:45:58.533+0000] {logging_mixin.py:188} INFO - [2024-08-13T17:45:58.532+0000] {dag.py:3947} INFO - Setting next_dagrun for example_skip_dag to 2024-08-12 00:00:00+00:00, run_after=2024-08-13 00:00:00+00:00
[2024-08-13T17:45:58.549+0000] {processor.py:183} INFO - Processing /home/airflow/.local/lib/python3.12/site-packages/airflow/example_dags/example_skip_dag.py took 0.066 seconds
[2024-08-13T17:46:28.933+0000] {processor.py:161} INFO - Started process (PID=1951) to work on /home/airflow/.local/lib/python3.12/site-packages/airflow/example_dags/example_skip_dag.py
[2024-08-13T17:46:28.934+0000] {processor.py:830} INFO - Processing file /home/airflow/.local/lib/python3.12/site-packages/airflow/example_dags/example_skip_dag.py for tasks to queue
[2024-08-13T17:46:28.936+0000] {logging_mixin.py:188} INFO - [2024-08-13T17:46:28.935+0000] {dagbag.py:545} INFO - Filling up the DagBag from /home/airflow/.local/lib/python3.12/site-packages/airflow/example_dags/example_skip_dag.py
[2024-08-13T17:46:28.941+0000] {processor.py:840} INFO - DAG(s) 'example_skip_dag' retrieved from /home/airflow/.local/lib/python3.12/site-packages/airflow/example_dags/example_skip_dag.py
[2024-08-13T17:46:28.959+0000] {logging_mixin.py:188} INFO - [2024-08-13T17:46:28.959+0000] {dag.py:3089} INFO - Sync 1 DAGs
[2024-08-13T17:46:28.979+0000] {logging_mixin.py:188} INFO - [2024-08-13T17:46:28.979+0000] {dag.py:3947} INFO - Setting next_dagrun for example_skip_dag to 2024-08-12 00:00:00+00:00, run_after=2024-08-13 00:00:00+00:00
[2024-08-13T17:46:28.996+0000] {processor.py:183} INFO - Processing /home/airflow/.local/lib/python3.12/site-packages/airflow/example_dags/example_skip_dag.py took 0.068 seconds
[2024-08-13T17:46:59.509+0000] {processor.py:161} INFO - Started process (PID=2009) to work on /home/airflow/.local/lib/python3.12/site-packages/airflow/example_dags/example_skip_dag.py
[2024-08-13T17:46:59.510+0000] {processor.py:830} INFO - Processing file /home/airflow/.local/lib/python3.12/site-packages/airflow/example_dags/example_skip_dag.py for tasks to queue
[2024-08-13T17:46:59.511+0000] {logging_mixin.py:188} INFO - [2024-08-13T17:46:59.511+0000] {dagbag.py:545} INFO - Filling up the DagBag from /home/airflow/.local/lib/python3.12/site-packages/airflow/example_dags/example_skip_dag.py
[2024-08-13T17:46:59.517+0000] {processor.py:840} INFO - DAG(s) 'example_skip_dag' retrieved from /home/airflow/.local/lib/python3.12/site-packages/airflow/example_dags/example_skip_dag.py
[2024-08-13T17:46:59.537+0000] {logging_mixin.py:188} INFO - [2024-08-13T17:46:59.537+0000] {dag.py:3089} INFO - Sync 1 DAGs
[2024-08-13T17:46:59.557+0000] {logging_mixin.py:188} INFO - [2024-08-13T17:46:59.557+0000] {dag.py:3947} INFO - Setting next_dagrun for example_skip_dag to 2024-08-12 00:00:00+00:00, run_after=2024-08-13 00:00:00+00:00
[2024-08-13T17:46:59.575+0000] {processor.py:183} INFO - Processing /home/airflow/.local/lib/python3.12/site-packages/airflow/example_dags/example_skip_dag.py took 0.070 seconds
[2024-08-13T17:47:29.991+0000] {processor.py:161} INFO - Started process (PID=2067) to work on /home/airflow/.local/lib/python3.12/site-packages/airflow/example_dags/example_skip_dag.py
[2024-08-13T17:47:29.992+0000] {processor.py:830} INFO - Processing file /home/airflow/.local/lib/python3.12/site-packages/airflow/example_dags/example_skip_dag.py for tasks to queue
[2024-08-13T17:47:29.993+0000] {logging_mixin.py:188} INFO - [2024-08-13T17:47:29.993+0000] {dagbag.py:545} INFO - Filling up the DagBag from /home/airflow/.local/lib/python3.12/site-packages/airflow/example_dags/example_skip_dag.py
[2024-08-13T17:47:29.998+0000] {processor.py:840} INFO - DAG(s) 'example_skip_dag' retrieved from /home/airflow/.local/lib/python3.12/site-packages/airflow/example_dags/example_skip_dag.py
[2024-08-13T17:47:30.017+0000] {logging_mixin.py:188} INFO - [2024-08-13T17:47:30.017+0000] {dag.py:3089} INFO - Sync 1 DAGs
[2024-08-13T17:47:30.037+0000] {logging_mixin.py:188} INFO - [2024-08-13T17:47:30.036+0000] {dag.py:3947} INFO - Setting next_dagrun for example_skip_dag to 2024-08-12 00:00:00+00:00, run_after=2024-08-13 00:00:00+00:00
[2024-08-13T17:47:30.053+0000] {processor.py:183} INFO - Processing /home/airflow/.local/lib/python3.12/site-packages/airflow/example_dags/example_skip_dag.py took 0.067 seconds
[2024-08-13T17:48:00.452+0000] {processor.py:161} INFO - Started process (PID=2125) to work on /home/airflow/.local/lib/python3.12/site-packages/airflow/example_dags/example_skip_dag.py
[2024-08-13T17:48:00.453+0000] {processor.py:830} INFO - Processing file /home/airflow/.local/lib/python3.12/site-packages/airflow/example_dags/example_skip_dag.py for tasks to queue
[2024-08-13T17:48:00.454+0000] {logging_mixin.py:188} INFO - [2024-08-13T17:48:00.454+0000] {dagbag.py:545} INFO - Filling up the DagBag from /home/airflow/.local/lib/python3.12/site-packages/airflow/example_dags/example_skip_dag.py
[2024-08-13T17:48:00.460+0000] {processor.py:840} INFO - DAG(s) 'example_skip_dag' retrieved from /home/airflow/.local/lib/python3.12/site-packages/airflow/example_dags/example_skip_dag.py
[2024-08-13T17:48:00.478+0000] {logging_mixin.py:188} INFO - [2024-08-13T17:48:00.478+0000] {dag.py:3089} INFO - Sync 1 DAGs
[2024-08-13T17:48:00.497+0000] {logging_mixin.py:188} INFO - [2024-08-13T17:48:00.497+0000] {dag.py:3947} INFO - Setting next_dagrun for example_skip_dag to 2024-08-12 00:00:00+00:00, run_after=2024-08-13 00:00:00+00:00
[2024-08-13T17:48:00.514+0000] {processor.py:183} INFO - Processing /home/airflow/.local/lib/python3.12/site-packages/airflow/example_dags/example_skip_dag.py took 0.066 seconds
[2024-08-13T17:48:31.021+0000] {processor.py:161} INFO - Started process (PID=2183) to work on /home/airflow/.local/lib/python3.12/site-packages/airflow/example_dags/example_skip_dag.py
[2024-08-13T17:48:31.022+0000] {processor.py:830} INFO - Processing file /home/airflow/.local/lib/python3.12/site-packages/airflow/example_dags/example_skip_dag.py for tasks to queue
[2024-08-13T17:48:31.023+0000] {logging_mixin.py:188} INFO - [2024-08-13T17:48:31.023+0000] {dagbag.py:545} INFO - Filling up the DagBag from /home/airflow/.local/lib/python3.12/site-packages/airflow/example_dags/example_skip_dag.py
[2024-08-13T17:48:31.029+0000] {processor.py:840} INFO - DAG(s) 'example_skip_dag' retrieved from /home/airflow/.local/lib/python3.12/site-packages/airflow/example_dags/example_skip_dag.py
[2024-08-13T17:48:31.049+0000] {logging_mixin.py:188} INFO - [2024-08-13T17:48:31.049+0000] {dag.py:3089} INFO - Sync 1 DAGs
[2024-08-13T17:48:31.069+0000] {logging_mixin.py:188} INFO - [2024-08-13T17:48:31.069+0000] {dag.py:3947} INFO - Setting next_dagrun for example_skip_dag to 2024-08-12 00:00:00+00:00, run_after=2024-08-13 00:00:00+00:00
[2024-08-13T17:48:31.085+0000] {processor.py:183} INFO - Processing /home/airflow/.local/lib/python3.12/site-packages/airflow/example_dags/example_skip_dag.py took 0.069 seconds
[2024-08-13T17:49:01.568+0000] {processor.py:161} INFO - Started process (PID=2241) to work on /home/airflow/.local/lib/python3.12/site-packages/airflow/example_dags/example_skip_dag.py
[2024-08-13T17:49:01.569+0000] {processor.py:830} INFO - Processing file /home/airflow/.local/lib/python3.12/site-packages/airflow/example_dags/example_skip_dag.py for tasks to queue
[2024-08-13T17:49:01.572+0000] {logging_mixin.py:188} INFO - [2024-08-13T17:49:01.571+0000] {dagbag.py:545} INFO - Filling up the DagBag from /home/airflow/.local/lib/python3.12/site-packages/airflow/example_dags/example_skip_dag.py
[2024-08-13T17:49:01.581+0000] {processor.py:840} INFO - DAG(s) 'example_skip_dag' retrieved from /home/airflow/.local/lib/python3.12/site-packages/airflow/example_dags/example_skip_dag.py
[2024-08-13T17:49:01.599+0000] {logging_mixin.py:188} INFO - [2024-08-13T17:49:01.599+0000] {dag.py:3089} INFO - Sync 1 DAGs
[2024-08-13T17:49:01.619+0000] {logging_mixin.py:188} INFO - [2024-08-13T17:49:01.618+0000] {dag.py:3947} INFO - Setting next_dagrun for example_skip_dag to 2024-08-12 00:00:00+00:00, run_after=2024-08-13 00:00:00+00:00
[2024-08-13T17:49:01.636+0000] {processor.py:183} INFO - Processing /home/airflow/.local/lib/python3.12/site-packages/airflow/example_dags/example_skip_dag.py took 0.073 seconds
[2024-08-13T17:49:32.033+0000] {processor.py:161} INFO - Started process (PID=2299) to work on /home/airflow/.local/lib/python3.12/site-packages/airflow/example_dags/example_skip_dag.py
[2024-08-13T17:49:32.034+0000] {processor.py:830} INFO - Processing file /home/airflow/.local/lib/python3.12/site-packages/airflow/example_dags/example_skip_dag.py for tasks to queue
[2024-08-13T17:49:32.035+0000] {logging_mixin.py:188} INFO - [2024-08-13T17:49:32.035+0000] {dagbag.py:545} INFO - Filling up the DagBag from /home/airflow/.local/lib/python3.12/site-packages/airflow/example_dags/example_skip_dag.py
[2024-08-13T17:49:32.041+0000] {processor.py:840} INFO - DAG(s) 'example_skip_dag' retrieved from /home/airflow/.local/lib/python3.12/site-packages/airflow/example_dags/example_skip_dag.py
[2024-08-13T17:49:32.059+0000] {logging_mixin.py:188} INFO - [2024-08-13T17:49:32.059+0000] {dag.py:3089} INFO - Sync 1 DAGs
[2024-08-13T17:49:32.079+0000] {logging_mixin.py:188} INFO - [2024-08-13T17:49:32.079+0000] {dag.py:3947} INFO - Setting next_dagrun for example_skip_dag to 2024-08-12 00:00:00+00:00, run_after=2024-08-13 00:00:00+00:00
[2024-08-13T17:49:32.096+0000] {processor.py:183} INFO - Processing /home/airflow/.local/lib/python3.12/site-packages/airflow/example_dags/example_skip_dag.py took 0.068 seconds
[2024-08-13T17:50:02.423+0000] {processor.py:161} INFO - Started process (PID=2357) to work on /home/airflow/.local/lib/python3.12/site-packages/airflow/example_dags/example_skip_dag.py
[2024-08-13T17:50:02.424+0000] {processor.py:830} INFO - Processing file /home/airflow/.local/lib/python3.12/site-packages/airflow/example_dags/example_skip_dag.py for tasks to queue
[2024-08-13T17:50:02.425+0000] {logging_mixin.py:188} INFO - [2024-08-13T17:50:02.425+0000] {dagbag.py:545} INFO - Filling up the DagBag from /home/airflow/.local/lib/python3.12/site-packages/airflow/example_dags/example_skip_dag.py
[2024-08-13T17:50:02.430+0000] {processor.py:840} INFO - DAG(s) 'example_skip_dag' retrieved from /home/airflow/.local/lib/python3.12/site-packages/airflow/example_dags/example_skip_dag.py
[2024-08-13T17:50:02.450+0000] {logging_mixin.py:188} INFO - [2024-08-13T17:50:02.449+0000] {dag.py:3089} INFO - Sync 1 DAGs
[2024-08-13T17:50:02.469+0000] {logging_mixin.py:188} INFO - [2024-08-13T17:50:02.469+0000] {dag.py:3947} INFO - Setting next_dagrun for example_skip_dag to 2024-08-12 00:00:00+00:00, run_after=2024-08-13 00:00:00+00:00
[2024-08-13T17:50:02.487+0000] {processor.py:183} INFO - Processing /home/airflow/.local/lib/python3.12/site-packages/airflow/example_dags/example_skip_dag.py took 0.069 seconds
[2024-08-13T17:50:32.843+0000] {processor.py:161} INFO - Started process (PID=2416) to work on /home/airflow/.local/lib/python3.12/site-packages/airflow/example_dags/example_skip_dag.py
[2024-08-13T17:50:32.843+0000] {processor.py:830} INFO - Processing file /home/airflow/.local/lib/python3.12/site-packages/airflow/example_dags/example_skip_dag.py for tasks to queue
[2024-08-13T17:50:32.845+0000] {logging_mixin.py:188} INFO - [2024-08-13T17:50:32.845+0000] {dagbag.py:545} INFO - Filling up the DagBag from /home/airflow/.local/lib/python3.12/site-packages/airflow/example_dags/example_skip_dag.py
[2024-08-13T17:50:32.850+0000] {processor.py:840} INFO - DAG(s) 'example_skip_dag' retrieved from /home/airflow/.local/lib/python3.12/site-packages/airflow/example_dags/example_skip_dag.py
[2024-08-13T17:50:32.869+0000] {logging_mixin.py:188} INFO - [2024-08-13T17:50:32.869+0000] {dag.py:3089} INFO - Sync 1 DAGs
[2024-08-13T17:50:32.888+0000] {logging_mixin.py:188} INFO - [2024-08-13T17:50:32.887+0000] {dag.py:3947} INFO - Setting next_dagrun for example_skip_dag to 2024-08-12 00:00:00+00:00, run_after=2024-08-13 00:00:00+00:00
[2024-08-13T17:50:32.904+0000] {processor.py:183} INFO - Processing /home/airflow/.local/lib/python3.12/site-packages/airflow/example_dags/example_skip_dag.py took 0.066 seconds
[2024-08-13T17:51:03.271+0000] {processor.py:161} INFO - Started process (PID=2474) to work on /home/airflow/.local/lib/python3.12/site-packages/airflow/example_dags/example_skip_dag.py
[2024-08-13T17:51:03.272+0000] {processor.py:830} INFO - Processing file /home/airflow/.local/lib/python3.12/site-packages/airflow/example_dags/example_skip_dag.py for tasks to queue
[2024-08-13T17:51:03.273+0000] {logging_mixin.py:188} INFO - [2024-08-13T17:51:03.273+0000] {dagbag.py:545} INFO - Filling up the DagBag from /home/airflow/.local/lib/python3.12/site-packages/airflow/example_dags/example_skip_dag.py
[2024-08-13T17:51:03.278+0000] {processor.py:840} INFO - DAG(s) 'example_skip_dag' retrieved from /home/airflow/.local/lib/python3.12/site-packages/airflow/example_dags/example_skip_dag.py
[2024-08-13T17:51:03.297+0000] {logging_mixin.py:188} INFO - [2024-08-13T17:51:03.297+0000] {dag.py:3089} INFO - Sync 1 DAGs
[2024-08-13T17:51:03.316+0000] {logging_mixin.py:188} INFO - [2024-08-13T17:51:03.316+0000] {dag.py:3947} INFO - Setting next_dagrun for example_skip_dag to 2024-08-12 00:00:00+00:00, run_after=2024-08-13 00:00:00+00:00
[2024-08-13T17:51:03.333+0000] {processor.py:183} INFO - Processing /home/airflow/.local/lib/python3.12/site-packages/airflow/example_dags/example_skip_dag.py took 0.067 seconds
[2024-08-13T17:51:33.724+0000] {processor.py:161} INFO - Started process (PID=2532) to work on /home/airflow/.local/lib/python3.12/site-packages/airflow/example_dags/example_skip_dag.py
[2024-08-13T17:51:33.725+0000] {processor.py:830} INFO - Processing file /home/airflow/.local/lib/python3.12/site-packages/airflow/example_dags/example_skip_dag.py for tasks to queue
[2024-08-13T17:51:33.726+0000] {logging_mixin.py:188} INFO - [2024-08-13T17:51:33.726+0000] {dagbag.py:545} INFO - Filling up the DagBag from /home/airflow/.local/lib/python3.12/site-packages/airflow/example_dags/example_skip_dag.py
[2024-08-13T17:51:33.731+0000] {processor.py:840} INFO - DAG(s) 'example_skip_dag' retrieved from /home/airflow/.local/lib/python3.12/site-packages/airflow/example_dags/example_skip_dag.py
[2024-08-13T17:51:33.749+0000] {logging_mixin.py:188} INFO - [2024-08-13T17:51:33.749+0000] {dag.py:3089} INFO - Sync 1 DAGs
[2024-08-13T17:51:33.769+0000] {logging_mixin.py:188} INFO - [2024-08-13T17:51:33.769+0000] {dag.py:3947} INFO - Setting next_dagrun for example_skip_dag to 2024-08-12 00:00:00+00:00, run_after=2024-08-13 00:00:00+00:00
[2024-08-13T17:51:33.785+0000] {processor.py:183} INFO - Processing /home/airflow/.local/lib/python3.12/site-packages/airflow/example_dags/example_skip_dag.py took 0.067 seconds
[2024-08-13T17:52:04.079+0000] {processor.py:161} INFO - Started process (PID=2590) to work on /home/airflow/.local/lib/python3.12/site-packages/airflow/example_dags/example_skip_dag.py
[2024-08-13T17:52:04.080+0000] {processor.py:830} INFO - Processing file /home/airflow/.local/lib/python3.12/site-packages/airflow/example_dags/example_skip_dag.py for tasks to queue
[2024-08-13T17:52:04.082+0000] {logging_mixin.py:188} INFO - [2024-08-13T17:52:04.081+0000] {dagbag.py:545} INFO - Filling up the DagBag from /home/airflow/.local/lib/python3.12/site-packages/airflow/example_dags/example_skip_dag.py
[2024-08-13T17:52:04.087+0000] {processor.py:840} INFO - DAG(s) 'example_skip_dag' retrieved from /home/airflow/.local/lib/python3.12/site-packages/airflow/example_dags/example_skip_dag.py
[2024-08-13T17:52:04.105+0000] {logging_mixin.py:188} INFO - [2024-08-13T17:52:04.105+0000] {dag.py:3089} INFO - Sync 1 DAGs
[2024-08-13T17:52:04.125+0000] {logging_mixin.py:188} INFO - [2024-08-13T17:52:04.125+0000] {dag.py:3947} INFO - Setting next_dagrun for example_skip_dag to 2024-08-12 00:00:00+00:00, run_after=2024-08-13 00:00:00+00:00
[2024-08-13T17:52:04.142+0000] {processor.py:183} INFO - Processing /home/airflow/.local/lib/python3.12/site-packages/airflow/example_dags/example_skip_dag.py took 0.068 seconds
[2024-08-13T17:52:34.515+0000] {processor.py:161} INFO - Started process (PID=2648) to work on /home/airflow/.local/lib/python3.12/site-packages/airflow/example_dags/example_skip_dag.py
[2024-08-13T17:52:34.516+0000] {processor.py:830} INFO - Processing file /home/airflow/.local/lib/python3.12/site-packages/airflow/example_dags/example_skip_dag.py for tasks to queue
[2024-08-13T17:52:34.517+0000] {logging_mixin.py:188} INFO - [2024-08-13T17:52:34.517+0000] {dagbag.py:545} INFO - Filling up the DagBag from /home/airflow/.local/lib/python3.12/site-packages/airflow/example_dags/example_skip_dag.py
[2024-08-13T17:52:34.522+0000] {processor.py:840} INFO - DAG(s) 'example_skip_dag' retrieved from /home/airflow/.local/lib/python3.12/site-packages/airflow/example_dags/example_skip_dag.py
[2024-08-13T17:52:34.541+0000] {logging_mixin.py:188} INFO - [2024-08-13T17:52:34.541+0000] {dag.py:3089} INFO - Sync 1 DAGs
[2024-08-13T17:52:34.560+0000] {logging_mixin.py:188} INFO - [2024-08-13T17:52:34.559+0000] {dag.py:3947} INFO - Setting next_dagrun for example_skip_dag to 2024-08-12 00:00:00+00:00, run_after=2024-08-13 00:00:00+00:00
[2024-08-13T17:52:34.577+0000] {processor.py:183} INFO - Processing /home/airflow/.local/lib/python3.12/site-packages/airflow/example_dags/example_skip_dag.py took 0.067 seconds
[2024-08-13T17:53:04.904+0000] {processor.py:161} INFO - Started process (PID=2705) to work on /home/airflow/.local/lib/python3.12/site-packages/airflow/example_dags/example_skip_dag.py
[2024-08-13T17:53:04.905+0000] {processor.py:830} INFO - Processing file /home/airflow/.local/lib/python3.12/site-packages/airflow/example_dags/example_skip_dag.py for tasks to queue
[2024-08-13T17:53:04.906+0000] {logging_mixin.py:188} INFO - [2024-08-13T17:53:04.906+0000] {dagbag.py:545} INFO - Filling up the DagBag from /home/airflow/.local/lib/python3.12/site-packages/airflow/example_dags/example_skip_dag.py
[2024-08-13T17:53:04.911+0000] {processor.py:840} INFO - DAG(s) 'example_skip_dag' retrieved from /home/airflow/.local/lib/python3.12/site-packages/airflow/example_dags/example_skip_dag.py
[2024-08-13T17:53:04.930+0000] {logging_mixin.py:188} INFO - [2024-08-13T17:53:04.930+0000] {dag.py:3089} INFO - Sync 1 DAGs
[2024-08-13T17:53:04.950+0000] {logging_mixin.py:188} INFO - [2024-08-13T17:53:04.950+0000] {dag.py:3947} INFO - Setting next_dagrun for example_skip_dag to 2024-08-12 00:00:00+00:00, run_after=2024-08-13 00:00:00+00:00
[2024-08-13T17:53:04.965+0000] {processor.py:183} INFO - Processing /home/airflow/.local/lib/python3.12/site-packages/airflow/example_dags/example_skip_dag.py took 0.066 seconds
[2024-08-13T17:53:35.309+0000] {processor.py:161} INFO - Started process (PID=2763) to work on /home/airflow/.local/lib/python3.12/site-packages/airflow/example_dags/example_skip_dag.py
[2024-08-13T17:53:35.310+0000] {processor.py:830} INFO - Processing file /home/airflow/.local/lib/python3.12/site-packages/airflow/example_dags/example_skip_dag.py for tasks to queue
[2024-08-13T17:53:35.311+0000] {logging_mixin.py:188} INFO - [2024-08-13T17:53:35.311+0000] {dagbag.py:545} INFO - Filling up the DagBag from /home/airflow/.local/lib/python3.12/site-packages/airflow/example_dags/example_skip_dag.py
[2024-08-13T17:53:35.317+0000] {processor.py:840} INFO - DAG(s) 'example_skip_dag' retrieved from /home/airflow/.local/lib/python3.12/site-packages/airflow/example_dags/example_skip_dag.py
[2024-08-13T17:53:35.338+0000] {logging_mixin.py:188} INFO - [2024-08-13T17:53:35.338+0000] {dag.py:3089} INFO - Sync 1 DAGs
[2024-08-13T17:53:35.358+0000] {logging_mixin.py:188} INFO - [2024-08-13T17:53:35.358+0000] {dag.py:3947} INFO - Setting next_dagrun for example_skip_dag to 2024-08-12 00:00:00+00:00, run_after=2024-08-13 00:00:00+00:00
[2024-08-13T17:53:35.373+0000] {processor.py:183} INFO - Processing /home/airflow/.local/lib/python3.12/site-packages/airflow/example_dags/example_skip_dag.py took 0.069 seconds
