[2024-08-13T17:30:10.904+0000] {processor.py:161} INFO - Started process (PID=93) to work on /home/airflow/.local/lib/python3.12/site-packages/airflow/example_dags/example_task_group_decorator.py
[2024-08-13T17:30:10.904+0000] {processor.py:830} INFO - Processing file /home/airflow/.local/lib/python3.12/site-packages/airflow/example_dags/example_task_group_decorator.py for tasks to queue
[2024-08-13T17:30:10.906+0000] {logging_mixin.py:188} INFO - [2024-08-13T17:30:10.906+0000] {dagbag.py:545} INFO - Filling up the DagBag from /home/airflow/.local/lib/python3.12/site-packages/airflow/example_dags/example_task_group_decorator.py
[2024-08-13T17:30:10.917+0000] {processor.py:840} INFO - DAG(s) 'example_task_group_decorator' retrieved from /home/airflow/.local/lib/python3.12/site-packages/airflow/example_dags/example_task_group_decorator.py
[2024-08-13T17:30:10.941+0000] {logging_mixin.py:188} INFO - [2024-08-13T17:30:10.940+0000] {dag.py:3089} INFO - Sync 1 DAGs
[2024-08-13T17:30:10.960+0000] {logging_mixin.py:188} INFO - [2024-08-13T17:30:10.959+0000] {dag.py:3947} INFO - Setting next_dagrun for example_task_group_decorator to 2024-08-12 00:00:00+00:00, run_after=2024-08-13 00:00:00+00:00
[2024-08-13T17:30:10.977+0000] {processor.py:183} INFO - Processing /home/airflow/.local/lib/python3.12/site-packages/airflow/example_dags/example_task_group_decorator.py took 0.077 seconds
[2024-08-13T17:30:41.165+0000] {processor.py:161} INFO - Started process (PID=150) to work on /home/airflow/.local/lib/python3.12/site-packages/airflow/example_dags/example_task_group_decorator.py
[2024-08-13T17:30:41.166+0000] {processor.py:830} INFO - Processing file /home/airflow/.local/lib/python3.12/site-packages/airflow/example_dags/example_task_group_decorator.py for tasks to queue
[2024-08-13T17:30:41.167+0000] {logging_mixin.py:188} INFO - [2024-08-13T17:30:41.167+0000] {dagbag.py:545} INFO - Filling up the DagBag from /home/airflow/.local/lib/python3.12/site-packages/airflow/example_dags/example_task_group_decorator.py
[2024-08-13T17:30:41.179+0000] {processor.py:840} INFO - DAG(s) 'example_task_group_decorator' retrieved from /home/airflow/.local/lib/python3.12/site-packages/airflow/example_dags/example_task_group_decorator.py
[2024-08-13T17:30:41.201+0000] {logging_mixin.py:188} INFO - [2024-08-13T17:30:41.201+0000] {dag.py:3089} INFO - Sync 1 DAGs
[2024-08-13T17:30:41.223+0000] {logging_mixin.py:188} INFO - [2024-08-13T17:30:41.222+0000] {dag.py:3947} INFO - Setting next_dagrun for example_task_group_decorator to 2024-08-12 00:00:00+00:00, run_after=2024-08-13 00:00:00+00:00
[2024-08-13T17:30:41.242+0000] {processor.py:183} INFO - Processing /home/airflow/.local/lib/python3.12/site-packages/airflow/example_dags/example_task_group_decorator.py took 0.082 seconds
[2024-08-13T17:31:11.371+0000] {processor.py:161} INFO - Started process (PID=209) to work on /home/airflow/.local/lib/python3.12/site-packages/airflow/example_dags/example_task_group_decorator.py
[2024-08-13T17:31:11.372+0000] {processor.py:830} INFO - Processing file /home/airflow/.local/lib/python3.12/site-packages/airflow/example_dags/example_task_group_decorator.py for tasks to queue
[2024-08-13T17:31:11.373+0000] {logging_mixin.py:188} INFO - [2024-08-13T17:31:11.373+0000] {dagbag.py:545} INFO - Filling up the DagBag from /home/airflow/.local/lib/python3.12/site-packages/airflow/example_dags/example_task_group_decorator.py
[2024-08-13T17:31:11.395+0000] {processor.py:840} INFO - DAG(s) 'example_task_group_decorator' retrieved from /home/airflow/.local/lib/python3.12/site-packages/airflow/example_dags/example_task_group_decorator.py
[2024-08-13T17:31:11.419+0000] {logging_mixin.py:188} INFO - [2024-08-13T17:31:11.418+0000] {dag.py:3089} INFO - Sync 1 DAGs
[2024-08-13T17:31:11.441+0000] {logging_mixin.py:188} INFO - [2024-08-13T17:31:11.441+0000] {dag.py:3947} INFO - Setting next_dagrun for example_task_group_decorator to 2024-08-12 00:00:00+00:00, run_after=2024-08-13 00:00:00+00:00
[2024-08-13T17:31:11.461+0000] {processor.py:183} INFO - Processing /home/airflow/.local/lib/python3.12/site-packages/airflow/example_dags/example_task_group_decorator.py took 0.095 seconds
[2024-08-13T17:31:42.509+0000] {processor.py:161} INFO - Started process (PID=267) to work on /home/airflow/.local/lib/python3.12/site-packages/airflow/example_dags/example_task_group_decorator.py
[2024-08-13T17:31:42.510+0000] {processor.py:830} INFO - Processing file /home/airflow/.local/lib/python3.12/site-packages/airflow/example_dags/example_task_group_decorator.py for tasks to queue
[2024-08-13T17:31:42.511+0000] {logging_mixin.py:188} INFO - [2024-08-13T17:31:42.511+0000] {dagbag.py:545} INFO - Filling up the DagBag from /home/airflow/.local/lib/python3.12/site-packages/airflow/example_dags/example_task_group_decorator.py
[2024-08-13T17:31:42.523+0000] {processor.py:840} INFO - DAG(s) 'example_task_group_decorator' retrieved from /home/airflow/.local/lib/python3.12/site-packages/airflow/example_dags/example_task_group_decorator.py
[2024-08-13T17:31:42.546+0000] {logging_mixin.py:188} INFO - [2024-08-13T17:31:42.546+0000] {dag.py:3089} INFO - Sync 1 DAGs
[2024-08-13T17:31:42.565+0000] {logging_mixin.py:188} INFO - [2024-08-13T17:31:42.565+0000] {dag.py:3947} INFO - Setting next_dagrun for example_task_group_decorator to 2024-08-12 00:00:00+00:00, run_after=2024-08-13 00:00:00+00:00
[2024-08-13T17:31:42.581+0000] {processor.py:183} INFO - Processing /home/airflow/.local/lib/python3.12/site-packages/airflow/example_dags/example_task_group_decorator.py took 0.077 seconds
[2024-08-13T17:32:13.524+0000] {processor.py:161} INFO - Started process (PID=331) to work on /home/airflow/.local/lib/python3.12/site-packages/airflow/example_dags/example_task_group_decorator.py
[2024-08-13T17:32:13.525+0000] {processor.py:830} INFO - Processing file /home/airflow/.local/lib/python3.12/site-packages/airflow/example_dags/example_task_group_decorator.py for tasks to queue
[2024-08-13T17:32:13.526+0000] {logging_mixin.py:188} INFO - [2024-08-13T17:32:13.526+0000] {dagbag.py:545} INFO - Filling up the DagBag from /home/airflow/.local/lib/python3.12/site-packages/airflow/example_dags/example_task_group_decorator.py
[2024-08-13T17:32:13.538+0000] {processor.py:840} INFO - DAG(s) 'example_task_group_decorator' retrieved from /home/airflow/.local/lib/python3.12/site-packages/airflow/example_dags/example_task_group_decorator.py
[2024-08-13T17:32:13.561+0000] {logging_mixin.py:188} INFO - [2024-08-13T17:32:13.560+0000] {dag.py:3089} INFO - Sync 1 DAGs
[2024-08-13T17:32:13.580+0000] {logging_mixin.py:188} INFO - [2024-08-13T17:32:13.580+0000] {dag.py:3947} INFO - Setting next_dagrun for example_task_group_decorator to 2024-08-12 00:00:00+00:00, run_after=2024-08-13 00:00:00+00:00
[2024-08-13T17:32:13.596+0000] {processor.py:183} INFO - Processing /home/airflow/.local/lib/python3.12/site-packages/airflow/example_dags/example_task_group_decorator.py took 0.076 seconds
[2024-08-13T17:32:44.126+0000] {processor.py:161} INFO - Started process (PID=389) to work on /home/airflow/.local/lib/python3.12/site-packages/airflow/example_dags/example_task_group_decorator.py
[2024-08-13T17:32:44.126+0000] {processor.py:830} INFO - Processing file /home/airflow/.local/lib/python3.12/site-packages/airflow/example_dags/example_task_group_decorator.py for tasks to queue
[2024-08-13T17:32:44.128+0000] {logging_mixin.py:188} INFO - [2024-08-13T17:32:44.128+0000] {dagbag.py:545} INFO - Filling up the DagBag from /home/airflow/.local/lib/python3.12/site-packages/airflow/example_dags/example_task_group_decorator.py
[2024-08-13T17:32:44.140+0000] {processor.py:840} INFO - DAG(s) 'example_task_group_decorator' retrieved from /home/airflow/.local/lib/python3.12/site-packages/airflow/example_dags/example_task_group_decorator.py
[2024-08-13T17:32:44.162+0000] {logging_mixin.py:188} INFO - [2024-08-13T17:32:44.162+0000] {dag.py:3089} INFO - Sync 1 DAGs
[2024-08-13T17:32:44.182+0000] {logging_mixin.py:188} INFO - [2024-08-13T17:32:44.182+0000] {dag.py:3947} INFO - Setting next_dagrun for example_task_group_decorator to 2024-08-12 00:00:00+00:00, run_after=2024-08-13 00:00:00+00:00
[2024-08-13T17:32:44.199+0000] {processor.py:183} INFO - Processing /home/airflow/.local/lib/python3.12/site-packages/airflow/example_dags/example_task_group_decorator.py took 0.078 seconds
[2024-08-13T17:33:14.745+0000] {processor.py:161} INFO - Started process (PID=447) to work on /home/airflow/.local/lib/python3.12/site-packages/airflow/example_dags/example_task_group_decorator.py
[2024-08-13T17:33:14.745+0000] {processor.py:830} INFO - Processing file /home/airflow/.local/lib/python3.12/site-packages/airflow/example_dags/example_task_group_decorator.py for tasks to queue
[2024-08-13T17:33:14.747+0000] {logging_mixin.py:188} INFO - [2024-08-13T17:33:14.746+0000] {dagbag.py:545} INFO - Filling up the DagBag from /home/airflow/.local/lib/python3.12/site-packages/airflow/example_dags/example_task_group_decorator.py
[2024-08-13T17:33:14.758+0000] {processor.py:840} INFO - DAG(s) 'example_task_group_decorator' retrieved from /home/airflow/.local/lib/python3.12/site-packages/airflow/example_dags/example_task_group_decorator.py
[2024-08-13T17:33:14.781+0000] {logging_mixin.py:188} INFO - [2024-08-13T17:33:14.781+0000] {dag.py:3089} INFO - Sync 1 DAGs
[2024-08-13T17:33:14.800+0000] {logging_mixin.py:188} INFO - [2024-08-13T17:33:14.800+0000] {dag.py:3947} INFO - Setting next_dagrun for example_task_group_decorator to 2024-08-12 00:00:00+00:00, run_after=2024-08-13 00:00:00+00:00
[2024-08-13T17:33:14.817+0000] {processor.py:183} INFO - Processing /home/airflow/.local/lib/python3.12/site-packages/airflow/example_dags/example_task_group_decorator.py took 0.078 seconds
[2024-08-13T17:33:45.374+0000] {processor.py:161} INFO - Started process (PID=505) to work on /home/airflow/.local/lib/python3.12/site-packages/airflow/example_dags/example_task_group_decorator.py
[2024-08-13T17:33:45.375+0000] {processor.py:830} INFO - Processing file /home/airflow/.local/lib/python3.12/site-packages/airflow/example_dags/example_task_group_decorator.py for tasks to queue
[2024-08-13T17:33:45.376+0000] {logging_mixin.py:188} INFO - [2024-08-13T17:33:45.376+0000] {dagbag.py:545} INFO - Filling up the DagBag from /home/airflow/.local/lib/python3.12/site-packages/airflow/example_dags/example_task_group_decorator.py
[2024-08-13T17:33:45.388+0000] {processor.py:840} INFO - DAG(s) 'example_task_group_decorator' retrieved from /home/airflow/.local/lib/python3.12/site-packages/airflow/example_dags/example_task_group_decorator.py
[2024-08-13T17:33:45.410+0000] {logging_mixin.py:188} INFO - [2024-08-13T17:33:45.410+0000] {dag.py:3089} INFO - Sync 1 DAGs
[2024-08-13T17:33:45.429+0000] {logging_mixin.py:188} INFO - [2024-08-13T17:33:45.429+0000] {dag.py:3947} INFO - Setting next_dagrun for example_task_group_decorator to 2024-08-12 00:00:00+00:00, run_after=2024-08-13 00:00:00+00:00
[2024-08-13T17:33:45.446+0000] {processor.py:183} INFO - Processing /home/airflow/.local/lib/python3.12/site-packages/airflow/example_dags/example_task_group_decorator.py took 0.076 seconds
[2024-08-13T17:34:15.767+0000] {processor.py:161} INFO - Started process (PID=563) to work on /home/airflow/.local/lib/python3.12/site-packages/airflow/example_dags/example_task_group_decorator.py
[2024-08-13T17:34:15.767+0000] {processor.py:830} INFO - Processing file /home/airflow/.local/lib/python3.12/site-packages/airflow/example_dags/example_task_group_decorator.py for tasks to queue
[2024-08-13T17:34:15.769+0000] {logging_mixin.py:188} INFO - [2024-08-13T17:34:15.768+0000] {dagbag.py:545} INFO - Filling up the DagBag from /home/airflow/.local/lib/python3.12/site-packages/airflow/example_dags/example_task_group_decorator.py
[2024-08-13T17:34:15.780+0000] {processor.py:840} INFO - DAG(s) 'example_task_group_decorator' retrieved from /home/airflow/.local/lib/python3.12/site-packages/airflow/example_dags/example_task_group_decorator.py
[2024-08-13T17:34:15.803+0000] {logging_mixin.py:188} INFO - [2024-08-13T17:34:15.803+0000] {dag.py:3089} INFO - Sync 1 DAGs
[2024-08-13T17:34:15.822+0000] {logging_mixin.py:188} INFO - [2024-08-13T17:34:15.822+0000] {dag.py:3947} INFO - Setting next_dagrun for example_task_group_decorator to 2024-08-12 00:00:00+00:00, run_after=2024-08-13 00:00:00+00:00
[2024-08-13T17:34:15.839+0000] {processor.py:183} INFO - Processing /home/airflow/.local/lib/python3.12/site-packages/airflow/example_dags/example_task_group_decorator.py took 0.078 seconds
[2024-08-13T17:34:46.339+0000] {processor.py:161} INFO - Started process (PID=621) to work on /home/airflow/.local/lib/python3.12/site-packages/airflow/example_dags/example_task_group_decorator.py
[2024-08-13T17:34:46.340+0000] {processor.py:830} INFO - Processing file /home/airflow/.local/lib/python3.12/site-packages/airflow/example_dags/example_task_group_decorator.py for tasks to queue
[2024-08-13T17:34:46.341+0000] {logging_mixin.py:188} INFO - [2024-08-13T17:34:46.341+0000] {dagbag.py:545} INFO - Filling up the DagBag from /home/airflow/.local/lib/python3.12/site-packages/airflow/example_dags/example_task_group_decorator.py
[2024-08-13T17:34:46.353+0000] {processor.py:840} INFO - DAG(s) 'example_task_group_decorator' retrieved from /home/airflow/.local/lib/python3.12/site-packages/airflow/example_dags/example_task_group_decorator.py
[2024-08-13T17:34:46.375+0000] {logging_mixin.py:188} INFO - [2024-08-13T17:34:46.375+0000] {dag.py:3089} INFO - Sync 1 DAGs
[2024-08-13T17:34:46.394+0000] {logging_mixin.py:188} INFO - [2024-08-13T17:34:46.394+0000] {dag.py:3947} INFO - Setting next_dagrun for example_task_group_decorator to 2024-08-12 00:00:00+00:00, run_after=2024-08-13 00:00:00+00:00
[2024-08-13T17:34:46.410+0000] {processor.py:183} INFO - Processing /home/airflow/.local/lib/python3.12/site-packages/airflow/example_dags/example_task_group_decorator.py took 0.075 seconds
[2024-08-13T17:35:16.706+0000] {processor.py:161} INFO - Started process (PID=679) to work on /home/airflow/.local/lib/python3.12/site-packages/airflow/example_dags/example_task_group_decorator.py
[2024-08-13T17:35:16.706+0000] {processor.py:830} INFO - Processing file /home/airflow/.local/lib/python3.12/site-packages/airflow/example_dags/example_task_group_decorator.py for tasks to queue
[2024-08-13T17:35:16.708+0000] {logging_mixin.py:188} INFO - [2024-08-13T17:35:16.707+0000] {dagbag.py:545} INFO - Filling up the DagBag from /home/airflow/.local/lib/python3.12/site-packages/airflow/example_dags/example_task_group_decorator.py
[2024-08-13T17:35:16.719+0000] {processor.py:840} INFO - DAG(s) 'example_task_group_decorator' retrieved from /home/airflow/.local/lib/python3.12/site-packages/airflow/example_dags/example_task_group_decorator.py
[2024-08-13T17:35:16.742+0000] {logging_mixin.py:188} INFO - [2024-08-13T17:35:16.742+0000] {dag.py:3089} INFO - Sync 1 DAGs
[2024-08-13T17:35:16.761+0000] {logging_mixin.py:188} INFO - [2024-08-13T17:35:16.761+0000] {dag.py:3947} INFO - Setting next_dagrun for example_task_group_decorator to 2024-08-12 00:00:00+00:00, run_after=2024-08-13 00:00:00+00:00
[2024-08-13T17:35:16.778+0000] {processor.py:183} INFO - Processing /home/airflow/.local/lib/python3.12/site-packages/airflow/example_dags/example_task_group_decorator.py took 0.078 seconds
[2024-08-13T17:35:47.283+0000] {processor.py:161} INFO - Started process (PID=737) to work on /home/airflow/.local/lib/python3.12/site-packages/airflow/example_dags/example_task_group_decorator.py
[2024-08-13T17:35:47.283+0000] {processor.py:830} INFO - Processing file /home/airflow/.local/lib/python3.12/site-packages/airflow/example_dags/example_task_group_decorator.py for tasks to queue
[2024-08-13T17:35:47.285+0000] {logging_mixin.py:188} INFO - [2024-08-13T17:35:47.284+0000] {dagbag.py:545} INFO - Filling up the DagBag from /home/airflow/.local/lib/python3.12/site-packages/airflow/example_dags/example_task_group_decorator.py
[2024-08-13T17:35:47.297+0000] {processor.py:840} INFO - DAG(s) 'example_task_group_decorator' retrieved from /home/airflow/.local/lib/python3.12/site-packages/airflow/example_dags/example_task_group_decorator.py
[2024-08-13T17:35:47.320+0000] {logging_mixin.py:188} INFO - [2024-08-13T17:35:47.319+0000] {dag.py:3089} INFO - Sync 1 DAGs
[2024-08-13T17:35:47.338+0000] {logging_mixin.py:188} INFO - [2024-08-13T17:35:47.338+0000] {dag.py:3947} INFO - Setting next_dagrun for example_task_group_decorator to 2024-08-12 00:00:00+00:00, run_after=2024-08-13 00:00:00+00:00
[2024-08-13T17:35:47.355+0000] {processor.py:183} INFO - Processing /home/airflow/.local/lib/python3.12/site-packages/airflow/example_dags/example_task_group_decorator.py took 0.078 seconds
[2024-08-13T17:36:17.811+0000] {processor.py:161} INFO - Started process (PID=795) to work on /home/airflow/.local/lib/python3.12/site-packages/airflow/example_dags/example_task_group_decorator.py
[2024-08-13T17:36:17.812+0000] {processor.py:830} INFO - Processing file /home/airflow/.local/lib/python3.12/site-packages/airflow/example_dags/example_task_group_decorator.py for tasks to queue
[2024-08-13T17:36:17.813+0000] {logging_mixin.py:188} INFO - [2024-08-13T17:36:17.813+0000] {dagbag.py:545} INFO - Filling up the DagBag from /home/airflow/.local/lib/python3.12/site-packages/airflow/example_dags/example_task_group_decorator.py
[2024-08-13T17:36:17.825+0000] {processor.py:840} INFO - DAG(s) 'example_task_group_decorator' retrieved from /home/airflow/.local/lib/python3.12/site-packages/airflow/example_dags/example_task_group_decorator.py
[2024-08-13T17:36:17.847+0000] {logging_mixin.py:188} INFO - [2024-08-13T17:36:17.847+0000] {dag.py:3089} INFO - Sync 1 DAGs
[2024-08-13T17:36:17.867+0000] {logging_mixin.py:188} INFO - [2024-08-13T17:36:17.866+0000] {dag.py:3947} INFO - Setting next_dagrun for example_task_group_decorator to 2024-08-12 00:00:00+00:00, run_after=2024-08-13 00:00:00+00:00
[2024-08-13T17:36:17.884+0000] {processor.py:183} INFO - Processing /home/airflow/.local/lib/python3.12/site-packages/airflow/example_dags/example_task_group_decorator.py took 0.079 seconds
[2024-08-13T17:36:48.241+0000] {processor.py:161} INFO - Started process (PID=853) to work on /home/airflow/.local/lib/python3.12/site-packages/airflow/example_dags/example_task_group_decorator.py
[2024-08-13T17:36:48.242+0000] {processor.py:830} INFO - Processing file /home/airflow/.local/lib/python3.12/site-packages/airflow/example_dags/example_task_group_decorator.py for tasks to queue
[2024-08-13T17:36:48.243+0000] {logging_mixin.py:188} INFO - [2024-08-13T17:36:48.243+0000] {dagbag.py:545} INFO - Filling up the DagBag from /home/airflow/.local/lib/python3.12/site-packages/airflow/example_dags/example_task_group_decorator.py
[2024-08-13T17:36:48.255+0000] {processor.py:840} INFO - DAG(s) 'example_task_group_decorator' retrieved from /home/airflow/.local/lib/python3.12/site-packages/airflow/example_dags/example_task_group_decorator.py
[2024-08-13T17:36:48.277+0000] {logging_mixin.py:188} INFO - [2024-08-13T17:36:48.277+0000] {dag.py:3089} INFO - Sync 1 DAGs
[2024-08-13T17:36:48.296+0000] {logging_mixin.py:188} INFO - [2024-08-13T17:36:48.296+0000] {dag.py:3947} INFO - Setting next_dagrun for example_task_group_decorator to 2024-08-12 00:00:00+00:00, run_after=2024-08-13 00:00:00+00:00
[2024-08-13T17:36:48.312+0000] {processor.py:183} INFO - Processing /home/airflow/.local/lib/python3.12/site-packages/airflow/example_dags/example_task_group_decorator.py took 0.076 seconds
[2024-08-13T17:37:18.873+0000] {processor.py:161} INFO - Started process (PID=911) to work on /home/airflow/.local/lib/python3.12/site-packages/airflow/example_dags/example_task_group_decorator.py
[2024-08-13T17:37:18.874+0000] {processor.py:830} INFO - Processing file /home/airflow/.local/lib/python3.12/site-packages/airflow/example_dags/example_task_group_decorator.py for tasks to queue
[2024-08-13T17:37:18.876+0000] {logging_mixin.py:188} INFO - [2024-08-13T17:37:18.875+0000] {dagbag.py:545} INFO - Filling up the DagBag from /home/airflow/.local/lib/python3.12/site-packages/airflow/example_dags/example_task_group_decorator.py
[2024-08-13T17:37:18.887+0000] {processor.py:840} INFO - DAG(s) 'example_task_group_decorator' retrieved from /home/airflow/.local/lib/python3.12/site-packages/airflow/example_dags/example_task_group_decorator.py
[2024-08-13T17:37:18.911+0000] {logging_mixin.py:188} INFO - [2024-08-13T17:37:18.911+0000] {dag.py:3089} INFO - Sync 1 DAGs
[2024-08-13T17:37:18.930+0000] {logging_mixin.py:188} INFO - [2024-08-13T17:37:18.930+0000] {dag.py:3947} INFO - Setting next_dagrun for example_task_group_decorator to 2024-08-12 00:00:00+00:00, run_after=2024-08-13 00:00:00+00:00
[2024-08-13T17:37:18.946+0000] {processor.py:183} INFO - Processing /home/airflow/.local/lib/python3.12/site-packages/airflow/example_dags/example_task_group_decorator.py took 0.077 seconds
[2024-08-13T17:37:49.482+0000] {processor.py:161} INFO - Started process (PID=969) to work on /home/airflow/.local/lib/python3.12/site-packages/airflow/example_dags/example_task_group_decorator.py
[2024-08-13T17:37:49.483+0000] {processor.py:830} INFO - Processing file /home/airflow/.local/lib/python3.12/site-packages/airflow/example_dags/example_task_group_decorator.py for tasks to queue
[2024-08-13T17:37:49.485+0000] {logging_mixin.py:188} INFO - [2024-08-13T17:37:49.485+0000] {dagbag.py:545} INFO - Filling up the DagBag from /home/airflow/.local/lib/python3.12/site-packages/airflow/example_dags/example_task_group_decorator.py
[2024-08-13T17:37:49.497+0000] {processor.py:840} INFO - DAG(s) 'example_task_group_decorator' retrieved from /home/airflow/.local/lib/python3.12/site-packages/airflow/example_dags/example_task_group_decorator.py
[2024-08-13T17:37:49.520+0000] {logging_mixin.py:188} INFO - [2024-08-13T17:37:49.520+0000] {dag.py:3089} INFO - Sync 1 DAGs
[2024-08-13T17:37:49.539+0000] {logging_mixin.py:188} INFO - [2024-08-13T17:37:49.539+0000] {dag.py:3947} INFO - Setting next_dagrun for example_task_group_decorator to 2024-08-12 00:00:00+00:00, run_after=2024-08-13 00:00:00+00:00
[2024-08-13T17:37:49.556+0000] {processor.py:183} INFO - Processing /home/airflow/.local/lib/python3.12/site-packages/airflow/example_dags/example_task_group_decorator.py took 0.079 seconds
[2024-08-13T17:38:20.098+0000] {processor.py:161} INFO - Started process (PID=1027) to work on /home/airflow/.local/lib/python3.12/site-packages/airflow/example_dags/example_task_group_decorator.py
[2024-08-13T17:38:20.099+0000] {processor.py:830} INFO - Processing file /home/airflow/.local/lib/python3.12/site-packages/airflow/example_dags/example_task_group_decorator.py for tasks to queue
[2024-08-13T17:38:20.100+0000] {logging_mixin.py:188} INFO - [2024-08-13T17:38:20.100+0000] {dagbag.py:545} INFO - Filling up the DagBag from /home/airflow/.local/lib/python3.12/site-packages/airflow/example_dags/example_task_group_decorator.py
[2024-08-13T17:38:20.112+0000] {processor.py:840} INFO - DAG(s) 'example_task_group_decorator' retrieved from /home/airflow/.local/lib/python3.12/site-packages/airflow/example_dags/example_task_group_decorator.py
[2024-08-13T17:38:20.136+0000] {logging_mixin.py:188} INFO - [2024-08-13T17:38:20.135+0000] {dag.py:3089} INFO - Sync 1 DAGs
[2024-08-13T17:38:20.154+0000] {logging_mixin.py:188} INFO - [2024-08-13T17:38:20.154+0000] {dag.py:3947} INFO - Setting next_dagrun for example_task_group_decorator to 2024-08-12 00:00:00+00:00, run_after=2024-08-13 00:00:00+00:00
[2024-08-13T17:38:20.171+0000] {processor.py:183} INFO - Processing /home/airflow/.local/lib/python3.12/site-packages/airflow/example_dags/example_task_group_decorator.py took 0.077 seconds
[2024-08-13T17:38:50.615+0000] {processor.py:161} INFO - Started process (PID=1085) to work on /home/airflow/.local/lib/python3.12/site-packages/airflow/example_dags/example_task_group_decorator.py
[2024-08-13T17:38:50.616+0000] {processor.py:830} INFO - Processing file /home/airflow/.local/lib/python3.12/site-packages/airflow/example_dags/example_task_group_decorator.py for tasks to queue
[2024-08-13T17:38:50.617+0000] {logging_mixin.py:188} INFO - [2024-08-13T17:38:50.617+0000] {dagbag.py:545} INFO - Filling up the DagBag from /home/airflow/.local/lib/python3.12/site-packages/airflow/example_dags/example_task_group_decorator.py
[2024-08-13T17:38:50.629+0000] {processor.py:840} INFO - DAG(s) 'example_task_group_decorator' retrieved from /home/airflow/.local/lib/python3.12/site-packages/airflow/example_dags/example_task_group_decorator.py
[2024-08-13T17:38:50.653+0000] {logging_mixin.py:188} INFO - [2024-08-13T17:38:50.653+0000] {dag.py:3089} INFO - Sync 1 DAGs
[2024-08-13T17:38:50.674+0000] {logging_mixin.py:188} INFO - [2024-08-13T17:38:50.673+0000] {dag.py:3947} INFO - Setting next_dagrun for example_task_group_decorator to 2024-08-12 00:00:00+00:00, run_after=2024-08-13 00:00:00+00:00
[2024-08-13T17:38:50.695+0000] {processor.py:183} INFO - Processing /home/airflow/.local/lib/python3.12/site-packages/airflow/example_dags/example_task_group_decorator.py took 0.085 seconds
[2024-08-13T17:39:21.495+0000] {processor.py:161} INFO - Started process (PID=1143) to work on /home/airflow/.local/lib/python3.12/site-packages/airflow/example_dags/example_task_group_decorator.py
[2024-08-13T17:39:21.496+0000] {processor.py:830} INFO - Processing file /home/airflow/.local/lib/python3.12/site-packages/airflow/example_dags/example_task_group_decorator.py for tasks to queue
[2024-08-13T17:39:21.497+0000] {logging_mixin.py:188} INFO - [2024-08-13T17:39:21.497+0000] {dagbag.py:545} INFO - Filling up the DagBag from /home/airflow/.local/lib/python3.12/site-packages/airflow/example_dags/example_task_group_decorator.py
[2024-08-13T17:39:21.509+0000] {processor.py:840} INFO - DAG(s) 'example_task_group_decorator' retrieved from /home/airflow/.local/lib/python3.12/site-packages/airflow/example_dags/example_task_group_decorator.py
[2024-08-13T17:39:21.531+0000] {logging_mixin.py:188} INFO - [2024-08-13T17:39:21.531+0000] {dag.py:3089} INFO - Sync 1 DAGs
[2024-08-13T17:39:21.551+0000] {logging_mixin.py:188} INFO - [2024-08-13T17:39:21.550+0000] {dag.py:3947} INFO - Setting next_dagrun for example_task_group_decorator to 2024-08-12 00:00:00+00:00, run_after=2024-08-13 00:00:00+00:00
[2024-08-13T17:39:21.568+0000] {processor.py:183} INFO - Processing /home/airflow/.local/lib/python3.12/site-packages/airflow/example_dags/example_task_group_decorator.py took 0.078 seconds
[2024-08-13T17:39:52.022+0000] {processor.py:161} INFO - Started process (PID=1201) to work on /home/airflow/.local/lib/python3.12/site-packages/airflow/example_dags/example_task_group_decorator.py
[2024-08-13T17:39:52.023+0000] {processor.py:830} INFO - Processing file /home/airflow/.local/lib/python3.12/site-packages/airflow/example_dags/example_task_group_decorator.py for tasks to queue
[2024-08-13T17:39:52.024+0000] {logging_mixin.py:188} INFO - [2024-08-13T17:39:52.024+0000] {dagbag.py:545} INFO - Filling up the DagBag from /home/airflow/.local/lib/python3.12/site-packages/airflow/example_dags/example_task_group_decorator.py
[2024-08-13T17:39:52.036+0000] {processor.py:840} INFO - DAG(s) 'example_task_group_decorator' retrieved from /home/airflow/.local/lib/python3.12/site-packages/airflow/example_dags/example_task_group_decorator.py
[2024-08-13T17:39:52.062+0000] {logging_mixin.py:188} INFO - [2024-08-13T17:39:52.062+0000] {dag.py:3089} INFO - Sync 1 DAGs
[2024-08-13T17:39:52.082+0000] {logging_mixin.py:188} INFO - [2024-08-13T17:39:52.082+0000] {dag.py:3947} INFO - Setting next_dagrun for example_task_group_decorator to 2024-08-12 00:00:00+00:00, run_after=2024-08-13 00:00:00+00:00
[2024-08-13T17:39:52.099+0000] {processor.py:183} INFO - Processing /home/airflow/.local/lib/python3.12/site-packages/airflow/example_dags/example_task_group_decorator.py took 0.082 seconds
[2024-08-13T17:40:22.534+0000] {processor.py:161} INFO - Started process (PID=1259) to work on /home/airflow/.local/lib/python3.12/site-packages/airflow/example_dags/example_task_group_decorator.py
[2024-08-13T17:40:22.535+0000] {processor.py:830} INFO - Processing file /home/airflow/.local/lib/python3.12/site-packages/airflow/example_dags/example_task_group_decorator.py for tasks to queue
[2024-08-13T17:40:22.536+0000] {logging_mixin.py:188} INFO - [2024-08-13T17:40:22.536+0000] {dagbag.py:545} INFO - Filling up the DagBag from /home/airflow/.local/lib/python3.12/site-packages/airflow/example_dags/example_task_group_decorator.py
[2024-08-13T17:40:22.548+0000] {processor.py:840} INFO - DAG(s) 'example_task_group_decorator' retrieved from /home/airflow/.local/lib/python3.12/site-packages/airflow/example_dags/example_task_group_decorator.py
[2024-08-13T17:40:22.570+0000] {logging_mixin.py:188} INFO - [2024-08-13T17:40:22.570+0000] {dag.py:3089} INFO - Sync 1 DAGs
[2024-08-13T17:40:22.589+0000] {logging_mixin.py:188} INFO - [2024-08-13T17:40:22.589+0000] {dag.py:3947} INFO - Setting next_dagrun for example_task_group_decorator to 2024-08-12 00:00:00+00:00, run_after=2024-08-13 00:00:00+00:00
[2024-08-13T17:40:22.605+0000] {processor.py:183} INFO - Processing /home/airflow/.local/lib/python3.12/site-packages/airflow/example_dags/example_task_group_decorator.py took 0.076 seconds
[2024-08-13T17:40:53.296+0000] {processor.py:161} INFO - Started process (PID=1317) to work on /home/airflow/.local/lib/python3.12/site-packages/airflow/example_dags/example_task_group_decorator.py
[2024-08-13T17:40:53.297+0000] {processor.py:830} INFO - Processing file /home/airflow/.local/lib/python3.12/site-packages/airflow/example_dags/example_task_group_decorator.py for tasks to queue
[2024-08-13T17:40:53.298+0000] {logging_mixin.py:188} INFO - [2024-08-13T17:40:53.298+0000] {dagbag.py:545} INFO - Filling up the DagBag from /home/airflow/.local/lib/python3.12/site-packages/airflow/example_dags/example_task_group_decorator.py
[2024-08-13T17:40:53.310+0000] {processor.py:840} INFO - DAG(s) 'example_task_group_decorator' retrieved from /home/airflow/.local/lib/python3.12/site-packages/airflow/example_dags/example_task_group_decorator.py
[2024-08-13T17:40:53.333+0000] {logging_mixin.py:188} INFO - [2024-08-13T17:40:53.333+0000] {dag.py:3089} INFO - Sync 1 DAGs
[2024-08-13T17:40:53.352+0000] {logging_mixin.py:188} INFO - [2024-08-13T17:40:53.352+0000] {dag.py:3947} INFO - Setting next_dagrun for example_task_group_decorator to 2024-08-12 00:00:00+00:00, run_after=2024-08-13 00:00:00+00:00
[2024-08-13T17:40:53.368+0000] {processor.py:183} INFO - Processing /home/airflow/.local/lib/python3.12/site-packages/airflow/example_dags/example_task_group_decorator.py took 0.076 seconds
[2024-08-13T17:41:23.418+0000] {processor.py:161} INFO - Started process (PID=1375) to work on /home/airflow/.local/lib/python3.12/site-packages/airflow/example_dags/example_task_group_decorator.py
[2024-08-13T17:41:23.418+0000] {processor.py:830} INFO - Processing file /home/airflow/.local/lib/python3.12/site-packages/airflow/example_dags/example_task_group_decorator.py for tasks to queue
[2024-08-13T17:41:23.420+0000] {logging_mixin.py:188} INFO - [2024-08-13T17:41:23.419+0000] {dagbag.py:545} INFO - Filling up the DagBag from /home/airflow/.local/lib/python3.12/site-packages/airflow/example_dags/example_task_group_decorator.py
[2024-08-13T17:41:23.432+0000] {processor.py:840} INFO - DAG(s) 'example_task_group_decorator' retrieved from /home/airflow/.local/lib/python3.12/site-packages/airflow/example_dags/example_task_group_decorator.py
[2024-08-13T17:41:23.455+0000] {logging_mixin.py:188} INFO - [2024-08-13T17:41:23.455+0000] {dag.py:3089} INFO - Sync 1 DAGs
[2024-08-13T17:41:23.475+0000] {logging_mixin.py:188} INFO - [2024-08-13T17:41:23.474+0000] {dag.py:3947} INFO - Setting next_dagrun for example_task_group_decorator to 2024-08-12 00:00:00+00:00, run_after=2024-08-13 00:00:00+00:00
[2024-08-13T17:41:23.491+0000] {processor.py:183} INFO - Processing /home/airflow/.local/lib/python3.12/site-packages/airflow/example_dags/example_task_group_decorator.py took 0.078 seconds
[2024-08-13T17:41:54.089+0000] {processor.py:161} INFO - Started process (PID=1433) to work on /home/airflow/.local/lib/python3.12/site-packages/airflow/example_dags/example_task_group_decorator.py
[2024-08-13T17:41:54.090+0000] {processor.py:830} INFO - Processing file /home/airflow/.local/lib/python3.12/site-packages/airflow/example_dags/example_task_group_decorator.py for tasks to queue
[2024-08-13T17:41:54.091+0000] {logging_mixin.py:188} INFO - [2024-08-13T17:41:54.091+0000] {dagbag.py:545} INFO - Filling up the DagBag from /home/airflow/.local/lib/python3.12/site-packages/airflow/example_dags/example_task_group_decorator.py
[2024-08-13T17:41:54.103+0000] {processor.py:840} INFO - DAG(s) 'example_task_group_decorator' retrieved from /home/airflow/.local/lib/python3.12/site-packages/airflow/example_dags/example_task_group_decorator.py
[2024-08-13T17:41:54.127+0000] {logging_mixin.py:188} INFO - [2024-08-13T17:41:54.127+0000] {dag.py:3089} INFO - Sync 1 DAGs
[2024-08-13T17:41:54.147+0000] {logging_mixin.py:188} INFO - [2024-08-13T17:41:54.147+0000] {dag.py:3947} INFO - Setting next_dagrun for example_task_group_decorator to 2024-08-12 00:00:00+00:00, run_after=2024-08-13 00:00:00+00:00
[2024-08-13T17:41:54.164+0000] {processor.py:183} INFO - Processing /home/airflow/.local/lib/python3.12/site-packages/airflow/example_dags/example_task_group_decorator.py took 0.080 seconds
[2024-08-13T17:42:24.236+0000] {processor.py:161} INFO - Started process (PID=1491) to work on /home/airflow/.local/lib/python3.12/site-packages/airflow/example_dags/example_task_group_decorator.py
[2024-08-13T17:42:24.237+0000] {processor.py:830} INFO - Processing file /home/airflow/.local/lib/python3.12/site-packages/airflow/example_dags/example_task_group_decorator.py for tasks to queue
[2024-08-13T17:42:24.238+0000] {logging_mixin.py:188} INFO - [2024-08-13T17:42:24.238+0000] {dagbag.py:545} INFO - Filling up the DagBag from /home/airflow/.local/lib/python3.12/site-packages/airflow/example_dags/example_task_group_decorator.py
[2024-08-13T17:42:24.251+0000] {processor.py:840} INFO - DAG(s) 'example_task_group_decorator' retrieved from /home/airflow/.local/lib/python3.12/site-packages/airflow/example_dags/example_task_group_decorator.py
[2024-08-13T17:42:24.275+0000] {logging_mixin.py:188} INFO - [2024-08-13T17:42:24.275+0000] {dag.py:3089} INFO - Sync 1 DAGs
[2024-08-13T17:42:24.295+0000] {logging_mixin.py:188} INFO - [2024-08-13T17:42:24.295+0000] {dag.py:3947} INFO - Setting next_dagrun for example_task_group_decorator to 2024-08-12 00:00:00+00:00, run_after=2024-08-13 00:00:00+00:00
[2024-08-13T17:42:24.312+0000] {processor.py:183} INFO - Processing /home/airflow/.local/lib/python3.12/site-packages/airflow/example_dags/example_task_group_decorator.py took 0.082 seconds
[2024-08-13T17:42:55.019+0000] {processor.py:161} INFO - Started process (PID=1549) to work on /home/airflow/.local/lib/python3.12/site-packages/airflow/example_dags/example_task_group_decorator.py
[2024-08-13T17:42:55.020+0000] {processor.py:830} INFO - Processing file /home/airflow/.local/lib/python3.12/site-packages/airflow/example_dags/example_task_group_decorator.py for tasks to queue
[2024-08-13T17:42:55.021+0000] {logging_mixin.py:188} INFO - [2024-08-13T17:42:55.021+0000] {dagbag.py:545} INFO - Filling up the DagBag from /home/airflow/.local/lib/python3.12/site-packages/airflow/example_dags/example_task_group_decorator.py
[2024-08-13T17:42:55.033+0000] {processor.py:840} INFO - DAG(s) 'example_task_group_decorator' retrieved from /home/airflow/.local/lib/python3.12/site-packages/airflow/example_dags/example_task_group_decorator.py
[2024-08-13T17:42:55.057+0000] {logging_mixin.py:188} INFO - [2024-08-13T17:42:55.056+0000] {dag.py:3089} INFO - Sync 1 DAGs
[2024-08-13T17:42:55.077+0000] {logging_mixin.py:188} INFO - [2024-08-13T17:42:55.077+0000] {dag.py:3947} INFO - Setting next_dagrun for example_task_group_decorator to 2024-08-12 00:00:00+00:00, run_after=2024-08-13 00:00:00+00:00
[2024-08-13T17:42:55.094+0000] {processor.py:183} INFO - Processing /home/airflow/.local/lib/python3.12/site-packages/airflow/example_dags/example_task_group_decorator.py took 0.080 seconds
[2024-08-13T17:43:25.906+0000] {processor.py:161} INFO - Started process (PID=1607) to work on /home/airflow/.local/lib/python3.12/site-packages/airflow/example_dags/example_task_group_decorator.py
[2024-08-13T17:43:25.907+0000] {processor.py:830} INFO - Processing file /home/airflow/.local/lib/python3.12/site-packages/airflow/example_dags/example_task_group_decorator.py for tasks to queue
[2024-08-13T17:43:25.909+0000] {logging_mixin.py:188} INFO - [2024-08-13T17:43:25.908+0000] {dagbag.py:545} INFO - Filling up the DagBag from /home/airflow/.local/lib/python3.12/site-packages/airflow/example_dags/example_task_group_decorator.py
[2024-08-13T17:43:25.921+0000] {processor.py:840} INFO - DAG(s) 'example_task_group_decorator' retrieved from /home/airflow/.local/lib/python3.12/site-packages/airflow/example_dags/example_task_group_decorator.py
[2024-08-13T17:43:25.944+0000] {logging_mixin.py:188} INFO - [2024-08-13T17:43:25.944+0000] {dag.py:3089} INFO - Sync 1 DAGs
[2024-08-13T17:43:25.964+0000] {logging_mixin.py:188} INFO - [2024-08-13T17:43:25.964+0000] {dag.py:3947} INFO - Setting next_dagrun for example_task_group_decorator to 2024-08-12 00:00:00+00:00, run_after=2024-08-13 00:00:00+00:00
[2024-08-13T17:43:26.091+0000] {processor.py:183} INFO - Processing /home/airflow/.local/lib/python3.12/site-packages/airflow/example_dags/example_task_group_decorator.py took 0.190 seconds
[2024-08-13T17:43:56.508+0000] {processor.py:161} INFO - Started process (PID=1665) to work on /home/airflow/.local/lib/python3.12/site-packages/airflow/example_dags/example_task_group_decorator.py
[2024-08-13T17:43:56.509+0000] {processor.py:830} INFO - Processing file /home/airflow/.local/lib/python3.12/site-packages/airflow/example_dags/example_task_group_decorator.py for tasks to queue
[2024-08-13T17:43:56.510+0000] {logging_mixin.py:188} INFO - [2024-08-13T17:43:56.510+0000] {dagbag.py:545} INFO - Filling up the DagBag from /home/airflow/.local/lib/python3.12/site-packages/airflow/example_dags/example_task_group_decorator.py
[2024-08-13T17:43:56.522+0000] {processor.py:840} INFO - DAG(s) 'example_task_group_decorator' retrieved from /home/airflow/.local/lib/python3.12/site-packages/airflow/example_dags/example_task_group_decorator.py
[2024-08-13T17:43:56.545+0000] {logging_mixin.py:188} INFO - [2024-08-13T17:43:56.545+0000] {dag.py:3089} INFO - Sync 1 DAGs
[2024-08-13T17:43:56.564+0000] {logging_mixin.py:188} INFO - [2024-08-13T17:43:56.564+0000] {dag.py:3947} INFO - Setting next_dagrun for example_task_group_decorator to 2024-08-12 00:00:00+00:00, run_after=2024-08-13 00:00:00+00:00
[2024-08-13T17:43:56.581+0000] {processor.py:183} INFO - Processing /home/airflow/.local/lib/python3.12/site-packages/airflow/example_dags/example_task_group_decorator.py took 0.078 seconds
[2024-08-13T17:44:27.186+0000] {processor.py:161} INFO - Started process (PID=1723) to work on /home/airflow/.local/lib/python3.12/site-packages/airflow/example_dags/example_task_group_decorator.py
[2024-08-13T17:44:27.187+0000] {processor.py:830} INFO - Processing file /home/airflow/.local/lib/python3.12/site-packages/airflow/example_dags/example_task_group_decorator.py for tasks to queue
[2024-08-13T17:44:27.188+0000] {logging_mixin.py:188} INFO - [2024-08-13T17:44:27.188+0000] {dagbag.py:545} INFO - Filling up the DagBag from /home/airflow/.local/lib/python3.12/site-packages/airflow/example_dags/example_task_group_decorator.py
[2024-08-13T17:44:27.200+0000] {processor.py:840} INFO - DAG(s) 'example_task_group_decorator' retrieved from /home/airflow/.local/lib/python3.12/site-packages/airflow/example_dags/example_task_group_decorator.py
[2024-08-13T17:44:27.224+0000] {logging_mixin.py:188} INFO - [2024-08-13T17:44:27.224+0000] {dag.py:3089} INFO - Sync 1 DAGs
[2024-08-13T17:44:27.244+0000] {logging_mixin.py:188} INFO - [2024-08-13T17:44:27.244+0000] {dag.py:3947} INFO - Setting next_dagrun for example_task_group_decorator to 2024-08-12 00:00:00+00:00, run_after=2024-08-13 00:00:00+00:00
[2024-08-13T17:44:27.262+0000] {processor.py:183} INFO - Processing /home/airflow/.local/lib/python3.12/site-packages/airflow/example_dags/example_task_group_decorator.py took 0.081 seconds
[2024-08-13T17:44:57.867+0000] {processor.py:161} INFO - Started process (PID=1781) to work on /home/airflow/.local/lib/python3.12/site-packages/airflow/example_dags/example_task_group_decorator.py
[2024-08-13T17:44:57.868+0000] {processor.py:830} INFO - Processing file /home/airflow/.local/lib/python3.12/site-packages/airflow/example_dags/example_task_group_decorator.py for tasks to queue
[2024-08-13T17:44:57.869+0000] {logging_mixin.py:188} INFO - [2024-08-13T17:44:57.869+0000] {dagbag.py:545} INFO - Filling up the DagBag from /home/airflow/.local/lib/python3.12/site-packages/airflow/example_dags/example_task_group_decorator.py
[2024-08-13T17:44:57.881+0000] {processor.py:840} INFO - DAG(s) 'example_task_group_decorator' retrieved from /home/airflow/.local/lib/python3.12/site-packages/airflow/example_dags/example_task_group_decorator.py
[2024-08-13T17:44:57.905+0000] {logging_mixin.py:188} INFO - [2024-08-13T17:44:57.905+0000] {dag.py:3089} INFO - Sync 1 DAGs
[2024-08-13T17:44:57.925+0000] {logging_mixin.py:188} INFO - [2024-08-13T17:44:57.925+0000] {dag.py:3947} INFO - Setting next_dagrun for example_task_group_decorator to 2024-08-12 00:00:00+00:00, run_after=2024-08-13 00:00:00+00:00
[2024-08-13T17:44:57.941+0000] {processor.py:183} INFO - Processing /home/airflow/.local/lib/python3.12/site-packages/airflow/example_dags/example_task_group_decorator.py took 0.079 seconds
[2024-08-13T17:45:28.307+0000] {processor.py:161} INFO - Started process (PID=1839) to work on /home/airflow/.local/lib/python3.12/site-packages/airflow/example_dags/example_task_group_decorator.py
[2024-08-13T17:45:28.308+0000] {processor.py:830} INFO - Processing file /home/airflow/.local/lib/python3.12/site-packages/airflow/example_dags/example_task_group_decorator.py for tasks to queue
[2024-08-13T17:45:28.309+0000] {logging_mixin.py:188} INFO - [2024-08-13T17:45:28.309+0000] {dagbag.py:545} INFO - Filling up the DagBag from /home/airflow/.local/lib/python3.12/site-packages/airflow/example_dags/example_task_group_decorator.py
[2024-08-13T17:45:28.321+0000] {processor.py:840} INFO - DAG(s) 'example_task_group_decorator' retrieved from /home/airflow/.local/lib/python3.12/site-packages/airflow/example_dags/example_task_group_decorator.py
[2024-08-13T17:45:28.344+0000] {logging_mixin.py:188} INFO - [2024-08-13T17:45:28.343+0000] {dag.py:3089} INFO - Sync 1 DAGs
[2024-08-13T17:45:28.366+0000] {logging_mixin.py:188} INFO - [2024-08-13T17:45:28.366+0000] {dag.py:3947} INFO - Setting next_dagrun for example_task_group_decorator to 2024-08-12 00:00:00+00:00, run_after=2024-08-13 00:00:00+00:00
[2024-08-13T17:45:28.385+0000] {processor.py:183} INFO - Processing /home/airflow/.local/lib/python3.12/site-packages/airflow/example_dags/example_task_group_decorator.py took 0.083 seconds
[2024-08-13T17:45:58.715+0000] {processor.py:161} INFO - Started process (PID=1897) to work on /home/airflow/.local/lib/python3.12/site-packages/airflow/example_dags/example_task_group_decorator.py
[2024-08-13T17:45:58.715+0000] {processor.py:830} INFO - Processing file /home/airflow/.local/lib/python3.12/site-packages/airflow/example_dags/example_task_group_decorator.py for tasks to queue
[2024-08-13T17:45:58.717+0000] {logging_mixin.py:188} INFO - [2024-08-13T17:45:58.717+0000] {dagbag.py:545} INFO - Filling up the DagBag from /home/airflow/.local/lib/python3.12/site-packages/airflow/example_dags/example_task_group_decorator.py
[2024-08-13T17:45:58.729+0000] {processor.py:840} INFO - DAG(s) 'example_task_group_decorator' retrieved from /home/airflow/.local/lib/python3.12/site-packages/airflow/example_dags/example_task_group_decorator.py
[2024-08-13T17:45:58.752+0000] {logging_mixin.py:188} INFO - [2024-08-13T17:45:58.752+0000] {dag.py:3089} INFO - Sync 1 DAGs
[2024-08-13T17:45:58.771+0000] {logging_mixin.py:188} INFO - [2024-08-13T17:45:58.771+0000] {dag.py:3947} INFO - Setting next_dagrun for example_task_group_decorator to 2024-08-12 00:00:00+00:00, run_after=2024-08-13 00:00:00+00:00
[2024-08-13T17:45:58.788+0000] {processor.py:183} INFO - Processing /home/airflow/.local/lib/python3.12/site-packages/airflow/example_dags/example_task_group_decorator.py took 0.078 seconds
[2024-08-13T17:46:29.192+0000] {processor.py:161} INFO - Started process (PID=1955) to work on /home/airflow/.local/lib/python3.12/site-packages/airflow/example_dags/example_task_group_decorator.py
[2024-08-13T17:46:29.193+0000] {processor.py:830} INFO - Processing file /home/airflow/.local/lib/python3.12/site-packages/airflow/example_dags/example_task_group_decorator.py for tasks to queue
[2024-08-13T17:46:29.194+0000] {logging_mixin.py:188} INFO - [2024-08-13T17:46:29.194+0000] {dagbag.py:545} INFO - Filling up the DagBag from /home/airflow/.local/lib/python3.12/site-packages/airflow/example_dags/example_task_group_decorator.py
[2024-08-13T17:46:29.207+0000] {processor.py:840} INFO - DAG(s) 'example_task_group_decorator' retrieved from /home/airflow/.local/lib/python3.12/site-packages/airflow/example_dags/example_task_group_decorator.py
[2024-08-13T17:46:29.230+0000] {logging_mixin.py:188} INFO - [2024-08-13T17:46:29.230+0000] {dag.py:3089} INFO - Sync 1 DAGs
[2024-08-13T17:46:29.250+0000] {logging_mixin.py:188} INFO - [2024-08-13T17:46:29.250+0000] {dag.py:3947} INFO - Setting next_dagrun for example_task_group_decorator to 2024-08-12 00:00:00+00:00, run_after=2024-08-13 00:00:00+00:00
[2024-08-13T17:46:29.268+0000] {processor.py:183} INFO - Processing /home/airflow/.local/lib/python3.12/site-packages/airflow/example_dags/example_task_group_decorator.py took 0.081 seconds
[2024-08-13T17:46:59.749+0000] {processor.py:161} INFO - Started process (PID=2013) to work on /home/airflow/.local/lib/python3.12/site-packages/airflow/example_dags/example_task_group_decorator.py
[2024-08-13T17:46:59.749+0000] {processor.py:830} INFO - Processing file /home/airflow/.local/lib/python3.12/site-packages/airflow/example_dags/example_task_group_decorator.py for tasks to queue
[2024-08-13T17:46:59.751+0000] {logging_mixin.py:188} INFO - [2024-08-13T17:46:59.750+0000] {dagbag.py:545} INFO - Filling up the DagBag from /home/airflow/.local/lib/python3.12/site-packages/airflow/example_dags/example_task_group_decorator.py
[2024-08-13T17:46:59.763+0000] {processor.py:840} INFO - DAG(s) 'example_task_group_decorator' retrieved from /home/airflow/.local/lib/python3.12/site-packages/airflow/example_dags/example_task_group_decorator.py
[2024-08-13T17:46:59.786+0000] {logging_mixin.py:188} INFO - [2024-08-13T17:46:59.786+0000] {dag.py:3089} INFO - Sync 1 DAGs
[2024-08-13T17:46:59.806+0000] {logging_mixin.py:188} INFO - [2024-08-13T17:46:59.806+0000] {dag.py:3947} INFO - Setting next_dagrun for example_task_group_decorator to 2024-08-12 00:00:00+00:00, run_after=2024-08-13 00:00:00+00:00
[2024-08-13T17:46:59.825+0000] {processor.py:183} INFO - Processing /home/airflow/.local/lib/python3.12/site-packages/airflow/example_dags/example_task_group_decorator.py took 0.081 seconds
[2024-08-13T17:47:30.230+0000] {processor.py:161} INFO - Started process (PID=2071) to work on /home/airflow/.local/lib/python3.12/site-packages/airflow/example_dags/example_task_group_decorator.py
[2024-08-13T17:47:30.230+0000] {processor.py:830} INFO - Processing file /home/airflow/.local/lib/python3.12/site-packages/airflow/example_dags/example_task_group_decorator.py for tasks to queue
[2024-08-13T17:47:30.232+0000] {logging_mixin.py:188} INFO - [2024-08-13T17:47:30.231+0000] {dagbag.py:545} INFO - Filling up the DagBag from /home/airflow/.local/lib/python3.12/site-packages/airflow/example_dags/example_task_group_decorator.py
[2024-08-13T17:47:30.243+0000] {processor.py:840} INFO - DAG(s) 'example_task_group_decorator' retrieved from /home/airflow/.local/lib/python3.12/site-packages/airflow/example_dags/example_task_group_decorator.py
[2024-08-13T17:47:30.266+0000] {logging_mixin.py:188} INFO - [2024-08-13T17:47:30.266+0000] {dag.py:3089} INFO - Sync 1 DAGs
[2024-08-13T17:47:30.285+0000] {logging_mixin.py:188} INFO - [2024-08-13T17:47:30.285+0000] {dag.py:3947} INFO - Setting next_dagrun for example_task_group_decorator to 2024-08-12 00:00:00+00:00, run_after=2024-08-13 00:00:00+00:00
[2024-08-13T17:47:30.308+0000] {processor.py:183} INFO - Processing /home/airflow/.local/lib/python3.12/site-packages/airflow/example_dags/example_task_group_decorator.py took 0.083 seconds
[2024-08-13T17:48:00.679+0000] {processor.py:161} INFO - Started process (PID=2129) to work on /home/airflow/.local/lib/python3.12/site-packages/airflow/example_dags/example_task_group_decorator.py
[2024-08-13T17:48:00.680+0000] {processor.py:830} INFO - Processing file /home/airflow/.local/lib/python3.12/site-packages/airflow/example_dags/example_task_group_decorator.py for tasks to queue
[2024-08-13T17:48:00.681+0000] {logging_mixin.py:188} INFO - [2024-08-13T17:48:00.681+0000] {dagbag.py:545} INFO - Filling up the DagBag from /home/airflow/.local/lib/python3.12/site-packages/airflow/example_dags/example_task_group_decorator.py
[2024-08-13T17:48:00.694+0000] {processor.py:840} INFO - DAG(s) 'example_task_group_decorator' retrieved from /home/airflow/.local/lib/python3.12/site-packages/airflow/example_dags/example_task_group_decorator.py
[2024-08-13T17:48:00.718+0000] {logging_mixin.py:188} INFO - [2024-08-13T17:48:00.717+0000] {dag.py:3089} INFO - Sync 1 DAGs
[2024-08-13T17:48:00.737+0000] {logging_mixin.py:188} INFO - [2024-08-13T17:48:00.737+0000] {dag.py:3947} INFO - Setting next_dagrun for example_task_group_decorator to 2024-08-12 00:00:00+00:00, run_after=2024-08-13 00:00:00+00:00
[2024-08-13T17:48:00.754+0000] {processor.py:183} INFO - Processing /home/airflow/.local/lib/python3.12/site-packages/airflow/example_dags/example_task_group_decorator.py took 0.081 seconds
[2024-08-13T17:48:31.258+0000] {processor.py:161} INFO - Started process (PID=2187) to work on /home/airflow/.local/lib/python3.12/site-packages/airflow/example_dags/example_task_group_decorator.py
[2024-08-13T17:48:31.258+0000] {processor.py:830} INFO - Processing file /home/airflow/.local/lib/python3.12/site-packages/airflow/example_dags/example_task_group_decorator.py for tasks to queue
[2024-08-13T17:48:31.260+0000] {logging_mixin.py:188} INFO - [2024-08-13T17:48:31.259+0000] {dagbag.py:545} INFO - Filling up the DagBag from /home/airflow/.local/lib/python3.12/site-packages/airflow/example_dags/example_task_group_decorator.py
[2024-08-13T17:48:31.272+0000] {processor.py:840} INFO - DAG(s) 'example_task_group_decorator' retrieved from /home/airflow/.local/lib/python3.12/site-packages/airflow/example_dags/example_task_group_decorator.py
[2024-08-13T17:48:31.295+0000] {logging_mixin.py:188} INFO - [2024-08-13T17:48:31.295+0000] {dag.py:3089} INFO - Sync 1 DAGs
[2024-08-13T17:48:31.314+0000] {logging_mixin.py:188} INFO - [2024-08-13T17:48:31.314+0000] {dag.py:3947} INFO - Setting next_dagrun for example_task_group_decorator to 2024-08-12 00:00:00+00:00, run_after=2024-08-13 00:00:00+00:00
[2024-08-13T17:48:31.332+0000] {processor.py:183} INFO - Processing /home/airflow/.local/lib/python3.12/site-packages/airflow/example_dags/example_task_group_decorator.py took 0.079 seconds
[2024-08-13T17:49:01.803+0000] {processor.py:161} INFO - Started process (PID=2245) to work on /home/airflow/.local/lib/python3.12/site-packages/airflow/example_dags/example_task_group_decorator.py
[2024-08-13T17:49:01.803+0000] {processor.py:830} INFO - Processing file /home/airflow/.local/lib/python3.12/site-packages/airflow/example_dags/example_task_group_decorator.py for tasks to queue
[2024-08-13T17:49:01.805+0000] {logging_mixin.py:188} INFO - [2024-08-13T17:49:01.805+0000] {dagbag.py:545} INFO - Filling up the DagBag from /home/airflow/.local/lib/python3.12/site-packages/airflow/example_dags/example_task_group_decorator.py
[2024-08-13T17:49:01.817+0000] {processor.py:840} INFO - DAG(s) 'example_task_group_decorator' retrieved from /home/airflow/.local/lib/python3.12/site-packages/airflow/example_dags/example_task_group_decorator.py
[2024-08-13T17:49:01.840+0000] {logging_mixin.py:188} INFO - [2024-08-13T17:49:01.840+0000] {dag.py:3089} INFO - Sync 1 DAGs
[2024-08-13T17:49:01.859+0000] {logging_mixin.py:188} INFO - [2024-08-13T17:49:01.859+0000] {dag.py:3947} INFO - Setting next_dagrun for example_task_group_decorator to 2024-08-12 00:00:00+00:00, run_after=2024-08-13 00:00:00+00:00
[2024-08-13T17:49:01.877+0000] {processor.py:183} INFO - Processing /home/airflow/.local/lib/python3.12/site-packages/airflow/example_dags/example_task_group_decorator.py took 0.078 seconds
[2024-08-13T17:49:32.266+0000] {processor.py:161} INFO - Started process (PID=2303) to work on /home/airflow/.local/lib/python3.12/site-packages/airflow/example_dags/example_task_group_decorator.py
[2024-08-13T17:49:32.267+0000] {processor.py:830} INFO - Processing file /home/airflow/.local/lib/python3.12/site-packages/airflow/example_dags/example_task_group_decorator.py for tasks to queue
[2024-08-13T17:49:32.268+0000] {logging_mixin.py:188} INFO - [2024-08-13T17:49:32.268+0000] {dagbag.py:545} INFO - Filling up the DagBag from /home/airflow/.local/lib/python3.12/site-packages/airflow/example_dags/example_task_group_decorator.py
[2024-08-13T17:49:32.281+0000] {processor.py:840} INFO - DAG(s) 'example_task_group_decorator' retrieved from /home/airflow/.local/lib/python3.12/site-packages/airflow/example_dags/example_task_group_decorator.py
[2024-08-13T17:49:32.304+0000] {logging_mixin.py:188} INFO - [2024-08-13T17:49:32.303+0000] {dag.py:3089} INFO - Sync 1 DAGs
[2024-08-13T17:49:32.324+0000] {logging_mixin.py:188} INFO - [2024-08-13T17:49:32.324+0000] {dag.py:3947} INFO - Setting next_dagrun for example_task_group_decorator to 2024-08-12 00:00:00+00:00, run_after=2024-08-13 00:00:00+00:00
[2024-08-13T17:49:32.339+0000] {processor.py:183} INFO - Processing /home/airflow/.local/lib/python3.12/site-packages/airflow/example_dags/example_task_group_decorator.py took 0.078 seconds
[2024-08-13T17:50:02.654+0000] {processor.py:161} INFO - Started process (PID=2361) to work on /home/airflow/.local/lib/python3.12/site-packages/airflow/example_dags/example_task_group_decorator.py
[2024-08-13T17:50:02.655+0000] {processor.py:830} INFO - Processing file /home/airflow/.local/lib/python3.12/site-packages/airflow/example_dags/example_task_group_decorator.py for tasks to queue
[2024-08-13T17:50:02.656+0000] {logging_mixin.py:188} INFO - [2024-08-13T17:50:02.656+0000] {dagbag.py:545} INFO - Filling up the DagBag from /home/airflow/.local/lib/python3.12/site-packages/airflow/example_dags/example_task_group_decorator.py
[2024-08-13T17:50:02.668+0000] {processor.py:840} INFO - DAG(s) 'example_task_group_decorator' retrieved from /home/airflow/.local/lib/python3.12/site-packages/airflow/example_dags/example_task_group_decorator.py
[2024-08-13T17:50:02.691+0000] {logging_mixin.py:188} INFO - [2024-08-13T17:50:02.690+0000] {dag.py:3089} INFO - Sync 1 DAGs
[2024-08-13T17:50:02.709+0000] {logging_mixin.py:188} INFO - [2024-08-13T17:50:02.709+0000] {dag.py:3947} INFO - Setting next_dagrun for example_task_group_decorator to 2024-08-12 00:00:00+00:00, run_after=2024-08-13 00:00:00+00:00
[2024-08-13T17:50:02.726+0000] {processor.py:183} INFO - Processing /home/airflow/.local/lib/python3.12/site-packages/airflow/example_dags/example_task_group_decorator.py took 0.077 seconds
[2024-08-13T17:50:33.069+0000] {processor.py:161} INFO - Started process (PID=2420) to work on /home/airflow/.local/lib/python3.12/site-packages/airflow/example_dags/example_task_group_decorator.py
[2024-08-13T17:50:33.070+0000] {processor.py:830} INFO - Processing file /home/airflow/.local/lib/python3.12/site-packages/airflow/example_dags/example_task_group_decorator.py for tasks to queue
[2024-08-13T17:50:33.071+0000] {logging_mixin.py:188} INFO - [2024-08-13T17:50:33.071+0000] {dagbag.py:545} INFO - Filling up the DagBag from /home/airflow/.local/lib/python3.12/site-packages/airflow/example_dags/example_task_group_decorator.py
[2024-08-13T17:50:33.088+0000] {processor.py:840} INFO - DAG(s) 'example_task_group_decorator' retrieved from /home/airflow/.local/lib/python3.12/site-packages/airflow/example_dags/example_task_group_decorator.py
[2024-08-13T17:50:33.113+0000] {logging_mixin.py:188} INFO - [2024-08-13T17:50:33.113+0000] {dag.py:3089} INFO - Sync 1 DAGs
[2024-08-13T17:50:33.133+0000] {logging_mixin.py:188} INFO - [2024-08-13T17:50:33.133+0000] {dag.py:3947} INFO - Setting next_dagrun for example_task_group_decorator to 2024-08-12 00:00:00+00:00, run_after=2024-08-13 00:00:00+00:00
[2024-08-13T17:50:33.151+0000] {processor.py:183} INFO - Processing /home/airflow/.local/lib/python3.12/site-packages/airflow/example_dags/example_task_group_decorator.py took 0.087 seconds
[2024-08-13T17:51:03.498+0000] {processor.py:161} INFO - Started process (PID=2478) to work on /home/airflow/.local/lib/python3.12/site-packages/airflow/example_dags/example_task_group_decorator.py
[2024-08-13T17:51:03.499+0000] {processor.py:830} INFO - Processing file /home/airflow/.local/lib/python3.12/site-packages/airflow/example_dags/example_task_group_decorator.py for tasks to queue
[2024-08-13T17:51:03.500+0000] {logging_mixin.py:188} INFO - [2024-08-13T17:51:03.500+0000] {dagbag.py:545} INFO - Filling up the DagBag from /home/airflow/.local/lib/python3.12/site-packages/airflow/example_dags/example_task_group_decorator.py
[2024-08-13T17:51:03.512+0000] {processor.py:840} INFO - DAG(s) 'example_task_group_decorator' retrieved from /home/airflow/.local/lib/python3.12/site-packages/airflow/example_dags/example_task_group_decorator.py
[2024-08-13T17:51:03.535+0000] {logging_mixin.py:188} INFO - [2024-08-13T17:51:03.535+0000] {dag.py:3089} INFO - Sync 1 DAGs
[2024-08-13T17:51:03.554+0000] {logging_mixin.py:188} INFO - [2024-08-13T17:51:03.554+0000] {dag.py:3947} INFO - Setting next_dagrun for example_task_group_decorator to 2024-08-12 00:00:00+00:00, run_after=2024-08-13 00:00:00+00:00
[2024-08-13T17:51:03.570+0000] {processor.py:183} INFO - Processing /home/airflow/.local/lib/python3.12/site-packages/airflow/example_dags/example_task_group_decorator.py took 0.077 seconds
[2024-08-13T17:51:33.970+0000] {processor.py:161} INFO - Started process (PID=2536) to work on /home/airflow/.local/lib/python3.12/site-packages/airflow/example_dags/example_task_group_decorator.py
[2024-08-13T17:51:33.971+0000] {processor.py:830} INFO - Processing file /home/airflow/.local/lib/python3.12/site-packages/airflow/example_dags/example_task_group_decorator.py for tasks to queue
[2024-08-13T17:51:33.972+0000] {logging_mixin.py:188} INFO - [2024-08-13T17:51:33.972+0000] {dagbag.py:545} INFO - Filling up the DagBag from /home/airflow/.local/lib/python3.12/site-packages/airflow/example_dags/example_task_group_decorator.py
[2024-08-13T17:51:33.984+0000] {processor.py:840} INFO - DAG(s) 'example_task_group_decorator' retrieved from /home/airflow/.local/lib/python3.12/site-packages/airflow/example_dags/example_task_group_decorator.py
[2024-08-13T17:51:34.009+0000] {logging_mixin.py:188} INFO - [2024-08-13T17:51:34.009+0000] {dag.py:3089} INFO - Sync 1 DAGs
[2024-08-13T17:51:34.030+0000] {logging_mixin.py:188} INFO - [2024-08-13T17:51:34.030+0000] {dag.py:3947} INFO - Setting next_dagrun for example_task_group_decorator to 2024-08-12 00:00:00+00:00, run_after=2024-08-13 00:00:00+00:00
[2024-08-13T17:51:34.050+0000] {processor.py:183} INFO - Processing /home/airflow/.local/lib/python3.12/site-packages/airflow/example_dags/example_task_group_decorator.py took 0.085 seconds
[2024-08-13T17:52:04.307+0000] {processor.py:161} INFO - Started process (PID=2594) to work on /home/airflow/.local/lib/python3.12/site-packages/airflow/example_dags/example_task_group_decorator.py
[2024-08-13T17:52:04.308+0000] {processor.py:830} INFO - Processing file /home/airflow/.local/lib/python3.12/site-packages/airflow/example_dags/example_task_group_decorator.py for tasks to queue
[2024-08-13T17:52:04.310+0000] {logging_mixin.py:188} INFO - [2024-08-13T17:52:04.309+0000] {dagbag.py:545} INFO - Filling up the DagBag from /home/airflow/.local/lib/python3.12/site-packages/airflow/example_dags/example_task_group_decorator.py
[2024-08-13T17:52:04.321+0000] {processor.py:840} INFO - DAG(s) 'example_task_group_decorator' retrieved from /home/airflow/.local/lib/python3.12/site-packages/airflow/example_dags/example_task_group_decorator.py
[2024-08-13T17:52:04.345+0000] {logging_mixin.py:188} INFO - [2024-08-13T17:52:04.345+0000] {dag.py:3089} INFO - Sync 1 DAGs
[2024-08-13T17:52:04.365+0000] {logging_mixin.py:188} INFO - [2024-08-13T17:52:04.364+0000] {dag.py:3947} INFO - Setting next_dagrun for example_task_group_decorator to 2024-08-12 00:00:00+00:00, run_after=2024-08-13 00:00:00+00:00
[2024-08-13T17:52:04.381+0000] {processor.py:183} INFO - Processing /home/airflow/.local/lib/python3.12/site-packages/airflow/example_dags/example_task_group_decorator.py took 0.079 seconds
[2024-08-13T17:52:34.743+0000] {processor.py:161} INFO - Started process (PID=2652) to work on /home/airflow/.local/lib/python3.12/site-packages/airflow/example_dags/example_task_group_decorator.py
[2024-08-13T17:52:34.744+0000] {processor.py:830} INFO - Processing file /home/airflow/.local/lib/python3.12/site-packages/airflow/example_dags/example_task_group_decorator.py for tasks to queue
[2024-08-13T17:52:34.746+0000] {logging_mixin.py:188} INFO - [2024-08-13T17:52:34.745+0000] {dagbag.py:545} INFO - Filling up the DagBag from /home/airflow/.local/lib/python3.12/site-packages/airflow/example_dags/example_task_group_decorator.py
[2024-08-13T17:52:34.758+0000] {processor.py:840} INFO - DAG(s) 'example_task_group_decorator' retrieved from /home/airflow/.local/lib/python3.12/site-packages/airflow/example_dags/example_task_group_decorator.py
[2024-08-13T17:52:34.780+0000] {logging_mixin.py:188} INFO - [2024-08-13T17:52:34.780+0000] {dag.py:3089} INFO - Sync 1 DAGs
[2024-08-13T17:52:34.802+0000] {logging_mixin.py:188} INFO - [2024-08-13T17:52:34.801+0000] {dag.py:3947} INFO - Setting next_dagrun for example_task_group_decorator to 2024-08-12 00:00:00+00:00, run_after=2024-08-13 00:00:00+00:00
[2024-08-13T17:52:34.820+0000] {processor.py:183} INFO - Processing /home/airflow/.local/lib/python3.12/site-packages/airflow/example_dags/example_task_group_decorator.py took 0.082 seconds
[2024-08-13T17:53:05.136+0000] {processor.py:161} INFO - Started process (PID=2709) to work on /home/airflow/.local/lib/python3.12/site-packages/airflow/example_dags/example_task_group_decorator.py
[2024-08-13T17:53:05.137+0000] {processor.py:830} INFO - Processing file /home/airflow/.local/lib/python3.12/site-packages/airflow/example_dags/example_task_group_decorator.py for tasks to queue
[2024-08-13T17:53:05.138+0000] {logging_mixin.py:188} INFO - [2024-08-13T17:53:05.138+0000] {dagbag.py:545} INFO - Filling up the DagBag from /home/airflow/.local/lib/python3.12/site-packages/airflow/example_dags/example_task_group_decorator.py
[2024-08-13T17:53:05.150+0000] {processor.py:840} INFO - DAG(s) 'example_task_group_decorator' retrieved from /home/airflow/.local/lib/python3.12/site-packages/airflow/example_dags/example_task_group_decorator.py
[2024-08-13T17:53:05.173+0000] {logging_mixin.py:188} INFO - [2024-08-13T17:53:05.173+0000] {dag.py:3089} INFO - Sync 1 DAGs
[2024-08-13T17:53:05.192+0000] {logging_mixin.py:188} INFO - [2024-08-13T17:53:05.192+0000] {dag.py:3947} INFO - Setting next_dagrun for example_task_group_decorator to 2024-08-12 00:00:00+00:00, run_after=2024-08-13 00:00:00+00:00
[2024-08-13T17:53:05.210+0000] {processor.py:183} INFO - Processing /home/airflow/.local/lib/python3.12/site-packages/airflow/example_dags/example_task_group_decorator.py took 0.078 seconds
[2024-08-13T17:53:35.534+0000] {processor.py:161} INFO - Started process (PID=2767) to work on /home/airflow/.local/lib/python3.12/site-packages/airflow/example_dags/example_task_group_decorator.py
[2024-08-13T17:53:35.534+0000] {processor.py:830} INFO - Processing file /home/airflow/.local/lib/python3.12/site-packages/airflow/example_dags/example_task_group_decorator.py for tasks to queue
[2024-08-13T17:53:35.536+0000] {logging_mixin.py:188} INFO - [2024-08-13T17:53:35.535+0000] {dagbag.py:545} INFO - Filling up the DagBag from /home/airflow/.local/lib/python3.12/site-packages/airflow/example_dags/example_task_group_decorator.py
[2024-08-13T17:53:35.548+0000] {processor.py:840} INFO - DAG(s) 'example_task_group_decorator' retrieved from /home/airflow/.local/lib/python3.12/site-packages/airflow/example_dags/example_task_group_decorator.py
[2024-08-13T17:53:35.573+0000] {logging_mixin.py:188} INFO - [2024-08-13T17:53:35.572+0000] {dag.py:3089} INFO - Sync 1 DAGs
[2024-08-13T17:53:35.593+0000] {logging_mixin.py:188} INFO - [2024-08-13T17:53:35.593+0000] {dag.py:3947} INFO - Setting next_dagrun for example_task_group_decorator to 2024-08-12 00:00:00+00:00, run_after=2024-08-13 00:00:00+00:00
[2024-08-13T17:53:35.610+0000] {processor.py:183} INFO - Processing /home/airflow/.local/lib/python3.12/site-packages/airflow/example_dags/example_task_group_decorator.py took 0.082 seconds
