[2024-08-13T17:30:10.050+0000] {processor.py:161} INFO - Started process (PID=76) to work on /home/airflow/.local/lib/python3.12/site-packages/airflow/example_dags/example_display_name.py
[2024-08-13T17:30:10.051+0000] {processor.py:830} INFO - Processing file /home/airflow/.local/lib/python3.12/site-packages/airflow/example_dags/example_display_name.py for tasks to queue
[2024-08-13T17:30:10.053+0000] {logging_mixin.py:188} INFO - [2024-08-13T17:30:10.052+0000] {dagbag.py:545} INFO - Filling up the DagBag from /home/airflow/.local/lib/python3.12/site-packages/airflow/example_dags/example_display_name.py
[2024-08-13T17:30:10.058+0000] {processor.py:840} INFO - DAG(s) 'example_display_name' retrieved from /home/airflow/.local/lib/python3.12/site-packages/airflow/example_dags/example_display_name.py
[2024-08-13T17:30:10.080+0000] {logging_mixin.py:188} INFO - [2024-08-13T17:30:10.079+0000] {dag.py:3089} INFO - Sync 1 DAGs
[2024-08-13T17:30:10.091+0000] {logging_mixin.py:188} INFO - [2024-08-13T17:30:10.091+0000] {dag.py:3947} INFO - Setting next_dagrun for example_display_name to None, run_after=None
[2024-08-13T17:30:10.111+0000] {processor.py:183} INFO - Processing /home/airflow/.local/lib/python3.12/site-packages/airflow/example_dags/example_display_name.py took 0.066 seconds
[2024-08-13T17:30:40.226+0000] {processor.py:161} INFO - Started process (PID=134) to work on /home/airflow/.local/lib/python3.12/site-packages/airflow/example_dags/example_display_name.py
[2024-08-13T17:30:40.227+0000] {processor.py:830} INFO - Processing file /home/airflow/.local/lib/python3.12/site-packages/airflow/example_dags/example_display_name.py for tasks to queue
[2024-08-13T17:30:40.228+0000] {logging_mixin.py:188} INFO - [2024-08-13T17:30:40.228+0000] {dagbag.py:545} INFO - Filling up the DagBag from /home/airflow/.local/lib/python3.12/site-packages/airflow/example_dags/example_display_name.py
[2024-08-13T17:30:40.233+0000] {processor.py:840} INFO - DAG(s) 'example_display_name' retrieved from /home/airflow/.local/lib/python3.12/site-packages/airflow/example_dags/example_display_name.py
[2024-08-13T17:30:40.250+0000] {logging_mixin.py:188} INFO - [2024-08-13T17:30:40.250+0000] {dag.py:3089} INFO - Sync 1 DAGs
[2024-08-13T17:30:40.260+0000] {logging_mixin.py:188} INFO - [2024-08-13T17:30:40.260+0000] {dag.py:3947} INFO - Setting next_dagrun for example_display_name to None, run_after=None
[2024-08-13T17:30:40.277+0000] {processor.py:183} INFO - Processing /home/airflow/.local/lib/python3.12/site-packages/airflow/example_dags/example_display_name.py took 0.056 seconds
[2024-08-13T17:31:10.422+0000] {processor.py:161} INFO - Started process (PID=192) to work on /home/airflow/.local/lib/python3.12/site-packages/airflow/example_dags/example_display_name.py
[2024-08-13T17:31:10.423+0000] {processor.py:830} INFO - Processing file /home/airflow/.local/lib/python3.12/site-packages/airflow/example_dags/example_display_name.py for tasks to queue
[2024-08-13T17:31:10.425+0000] {logging_mixin.py:188} INFO - [2024-08-13T17:31:10.425+0000] {dagbag.py:545} INFO - Filling up the DagBag from /home/airflow/.local/lib/python3.12/site-packages/airflow/example_dags/example_display_name.py
[2024-08-13T17:31:10.430+0000] {processor.py:840} INFO - DAG(s) 'example_display_name' retrieved from /home/airflow/.local/lib/python3.12/site-packages/airflow/example_dags/example_display_name.py
[2024-08-13T17:31:10.450+0000] {logging_mixin.py:188} INFO - [2024-08-13T17:31:10.449+0000] {dag.py:3089} INFO - Sync 1 DAGs
[2024-08-13T17:31:10.469+0000] {logging_mixin.py:188} INFO - [2024-08-13T17:31:10.469+0000] {dag.py:3947} INFO - Setting next_dagrun for example_display_name to None, run_after=None
[2024-08-13T17:31:10.490+0000] {processor.py:183} INFO - Processing /home/airflow/.local/lib/python3.12/site-packages/airflow/example_dags/example_display_name.py took 0.074 seconds
[2024-08-13T17:31:40.666+0000] {processor.py:161} INFO - Started process (PID=250) to work on /home/airflow/.local/lib/python3.12/site-packages/airflow/example_dags/example_display_name.py
[2024-08-13T17:31:40.667+0000] {processor.py:830} INFO - Processing file /home/airflow/.local/lib/python3.12/site-packages/airflow/example_dags/example_display_name.py for tasks to queue
[2024-08-13T17:31:40.668+0000] {logging_mixin.py:188} INFO - [2024-08-13T17:31:40.668+0000] {dagbag.py:545} INFO - Filling up the DagBag from /home/airflow/.local/lib/python3.12/site-packages/airflow/example_dags/example_display_name.py
[2024-08-13T17:31:40.673+0000] {processor.py:840} INFO - DAG(s) 'example_display_name' retrieved from /home/airflow/.local/lib/python3.12/site-packages/airflow/example_dags/example_display_name.py
[2024-08-13T17:31:40.690+0000] {logging_mixin.py:188} INFO - [2024-08-13T17:31:40.689+0000] {dag.py:3089} INFO - Sync 1 DAGs
[2024-08-13T17:31:40.701+0000] {logging_mixin.py:188} INFO - [2024-08-13T17:31:40.701+0000] {dag.py:3947} INFO - Setting next_dagrun for example_display_name to None, run_after=None
[2024-08-13T17:31:40.715+0000] {processor.py:183} INFO - Processing /home/airflow/.local/lib/python3.12/site-packages/airflow/example_dags/example_display_name.py took 0.054 seconds
[2024-08-13T17:32:10.766+0000] {processor.py:161} INFO - Started process (PID=308) to work on /home/airflow/.local/lib/python3.12/site-packages/airflow/example_dags/example_display_name.py
[2024-08-13T17:32:10.766+0000] {processor.py:830} INFO - Processing file /home/airflow/.local/lib/python3.12/site-packages/airflow/example_dags/example_display_name.py for tasks to queue
[2024-08-13T17:32:10.768+0000] {logging_mixin.py:188} INFO - [2024-08-13T17:32:10.767+0000] {dagbag.py:545} INFO - Filling up the DagBag from /home/airflow/.local/lib/python3.12/site-packages/airflow/example_dags/example_display_name.py
[2024-08-13T17:32:10.772+0000] {processor.py:840} INFO - DAG(s) 'example_display_name' retrieved from /home/airflow/.local/lib/python3.12/site-packages/airflow/example_dags/example_display_name.py
[2024-08-13T17:32:10.789+0000] {logging_mixin.py:188} INFO - [2024-08-13T17:32:10.789+0000] {dag.py:3089} INFO - Sync 1 DAGs
[2024-08-13T17:32:10.800+0000] {logging_mixin.py:188} INFO - [2024-08-13T17:32:10.800+0000] {dag.py:3947} INFO - Setting next_dagrun for example_display_name to None, run_after=None
[2024-08-13T17:32:10.817+0000] {processor.py:183} INFO - Processing /home/airflow/.local/lib/python3.12/site-packages/airflow/example_dags/example_display_name.py took 0.056 seconds
[2024-08-13T17:32:41.150+0000] {processor.py:161} INFO - Started process (PID=366) to work on /home/airflow/.local/lib/python3.12/site-packages/airflow/example_dags/example_display_name.py
[2024-08-13T17:32:41.151+0000] {processor.py:830} INFO - Processing file /home/airflow/.local/lib/python3.12/site-packages/airflow/example_dags/example_display_name.py for tasks to queue
[2024-08-13T17:32:41.152+0000] {logging_mixin.py:188} INFO - [2024-08-13T17:32:41.152+0000] {dagbag.py:545} INFO - Filling up the DagBag from /home/airflow/.local/lib/python3.12/site-packages/airflow/example_dags/example_display_name.py
[2024-08-13T17:32:41.157+0000] {processor.py:840} INFO - DAG(s) 'example_display_name' retrieved from /home/airflow/.local/lib/python3.12/site-packages/airflow/example_dags/example_display_name.py
[2024-08-13T17:32:41.174+0000] {logging_mixin.py:188} INFO - [2024-08-13T17:32:41.174+0000] {dag.py:3089} INFO - Sync 1 DAGs
[2024-08-13T17:32:41.184+0000] {logging_mixin.py:188} INFO - [2024-08-13T17:32:41.184+0000] {dag.py:3947} INFO - Setting next_dagrun for example_display_name to None, run_after=None
[2024-08-13T17:32:41.200+0000] {processor.py:183} INFO - Processing /home/airflow/.local/lib/python3.12/site-packages/airflow/example_dags/example_display_name.py took 0.054 seconds
[2024-08-13T17:33:11.771+0000] {processor.py:161} INFO - Started process (PID=424) to work on /home/airflow/.local/lib/python3.12/site-packages/airflow/example_dags/example_display_name.py
[2024-08-13T17:33:11.772+0000] {processor.py:830} INFO - Processing file /home/airflow/.local/lib/python3.12/site-packages/airflow/example_dags/example_display_name.py for tasks to queue
[2024-08-13T17:33:11.773+0000] {logging_mixin.py:188} INFO - [2024-08-13T17:33:11.773+0000] {dagbag.py:545} INFO - Filling up the DagBag from /home/airflow/.local/lib/python3.12/site-packages/airflow/example_dags/example_display_name.py
[2024-08-13T17:33:11.777+0000] {processor.py:840} INFO - DAG(s) 'example_display_name' retrieved from /home/airflow/.local/lib/python3.12/site-packages/airflow/example_dags/example_display_name.py
[2024-08-13T17:33:11.794+0000] {logging_mixin.py:188} INFO - [2024-08-13T17:33:11.794+0000] {dag.py:3089} INFO - Sync 1 DAGs
[2024-08-13T17:33:11.805+0000] {logging_mixin.py:188} INFO - [2024-08-13T17:33:11.805+0000] {dag.py:3947} INFO - Setting next_dagrun for example_display_name to None, run_after=None
[2024-08-13T17:33:11.821+0000] {processor.py:183} INFO - Processing /home/airflow/.local/lib/python3.12/site-packages/airflow/example_dags/example_display_name.py took 0.055 seconds
[2024-08-13T17:33:42.402+0000] {processor.py:161} INFO - Started process (PID=482) to work on /home/airflow/.local/lib/python3.12/site-packages/airflow/example_dags/example_display_name.py
[2024-08-13T17:33:42.402+0000] {processor.py:830} INFO - Processing file /home/airflow/.local/lib/python3.12/site-packages/airflow/example_dags/example_display_name.py for tasks to queue
[2024-08-13T17:33:42.404+0000] {logging_mixin.py:188} INFO - [2024-08-13T17:33:42.403+0000] {dagbag.py:545} INFO - Filling up the DagBag from /home/airflow/.local/lib/python3.12/site-packages/airflow/example_dags/example_display_name.py
[2024-08-13T17:33:42.408+0000] {processor.py:840} INFO - DAG(s) 'example_display_name' retrieved from /home/airflow/.local/lib/python3.12/site-packages/airflow/example_dags/example_display_name.py
[2024-08-13T17:33:42.425+0000] {logging_mixin.py:188} INFO - [2024-08-13T17:33:42.425+0000] {dag.py:3089} INFO - Sync 1 DAGs
[2024-08-13T17:33:42.436+0000] {logging_mixin.py:188} INFO - [2024-08-13T17:33:42.435+0000] {dag.py:3947} INFO - Setting next_dagrun for example_display_name to None, run_after=None
[2024-08-13T17:33:42.453+0000] {processor.py:183} INFO - Processing /home/airflow/.local/lib/python3.12/site-packages/airflow/example_dags/example_display_name.py took 0.056 seconds
[2024-08-13T17:34:12.938+0000] {processor.py:161} INFO - Started process (PID=540) to work on /home/airflow/.local/lib/python3.12/site-packages/airflow/example_dags/example_display_name.py
[2024-08-13T17:34:12.939+0000] {processor.py:830} INFO - Processing file /home/airflow/.local/lib/python3.12/site-packages/airflow/example_dags/example_display_name.py for tasks to queue
[2024-08-13T17:34:12.940+0000] {logging_mixin.py:188} INFO - [2024-08-13T17:34:12.940+0000] {dagbag.py:545} INFO - Filling up the DagBag from /home/airflow/.local/lib/python3.12/site-packages/airflow/example_dags/example_display_name.py
[2024-08-13T17:34:12.945+0000] {processor.py:840} INFO - DAG(s) 'example_display_name' retrieved from /home/airflow/.local/lib/python3.12/site-packages/airflow/example_dags/example_display_name.py
[2024-08-13T17:34:12.962+0000] {logging_mixin.py:188} INFO - [2024-08-13T17:34:12.962+0000] {dag.py:3089} INFO - Sync 1 DAGs
[2024-08-13T17:34:12.976+0000] {logging_mixin.py:188} INFO - [2024-08-13T17:34:12.976+0000] {dag.py:3947} INFO - Setting next_dagrun for example_display_name to None, run_after=None
[2024-08-13T17:34:12.994+0000] {processor.py:183} INFO - Processing /home/airflow/.local/lib/python3.12/site-packages/airflow/example_dags/example_display_name.py took 0.061 seconds
[2024-08-13T17:34:43.515+0000] {processor.py:161} INFO - Started process (PID=604) to work on /home/airflow/.local/lib/python3.12/site-packages/airflow/example_dags/example_display_name.py
[2024-08-13T17:34:43.516+0000] {processor.py:830} INFO - Processing file /home/airflow/.local/lib/python3.12/site-packages/airflow/example_dags/example_display_name.py for tasks to queue
[2024-08-13T17:34:43.517+0000] {logging_mixin.py:188} INFO - [2024-08-13T17:34:43.517+0000] {dagbag.py:545} INFO - Filling up the DagBag from /home/airflow/.local/lib/python3.12/site-packages/airflow/example_dags/example_display_name.py
[2024-08-13T17:34:43.522+0000] {processor.py:840} INFO - DAG(s) 'example_display_name' retrieved from /home/airflow/.local/lib/python3.12/site-packages/airflow/example_dags/example_display_name.py
[2024-08-13T17:34:43.540+0000] {logging_mixin.py:188} INFO - [2024-08-13T17:34:43.539+0000] {dag.py:3089} INFO - Sync 1 DAGs
[2024-08-13T17:34:43.550+0000] {logging_mixin.py:188} INFO - [2024-08-13T17:34:43.550+0000] {dag.py:3947} INFO - Setting next_dagrun for example_display_name to None, run_after=None
[2024-08-13T17:34:43.567+0000] {processor.py:183} INFO - Processing /home/airflow/.local/lib/python3.12/site-packages/airflow/example_dags/example_display_name.py took 0.057 seconds
[2024-08-13T17:35:13.892+0000] {processor.py:161} INFO - Started process (PID=662) to work on /home/airflow/.local/lib/python3.12/site-packages/airflow/example_dags/example_display_name.py
[2024-08-13T17:35:13.893+0000] {processor.py:830} INFO - Processing file /home/airflow/.local/lib/python3.12/site-packages/airflow/example_dags/example_display_name.py for tasks to queue
[2024-08-13T17:35:13.894+0000] {logging_mixin.py:188} INFO - [2024-08-13T17:35:13.894+0000] {dagbag.py:545} INFO - Filling up the DagBag from /home/airflow/.local/lib/python3.12/site-packages/airflow/example_dags/example_display_name.py
[2024-08-13T17:35:13.899+0000] {processor.py:840} INFO - DAG(s) 'example_display_name' retrieved from /home/airflow/.local/lib/python3.12/site-packages/airflow/example_dags/example_display_name.py
[2024-08-13T17:35:13.916+0000] {logging_mixin.py:188} INFO - [2024-08-13T17:35:13.916+0000] {dag.py:3089} INFO - Sync 1 DAGs
[2024-08-13T17:35:13.927+0000] {logging_mixin.py:188} INFO - [2024-08-13T17:35:13.927+0000] {dag.py:3947} INFO - Setting next_dagrun for example_display_name to None, run_after=None
[2024-08-13T17:35:13.943+0000] {processor.py:183} INFO - Processing /home/airflow/.local/lib/python3.12/site-packages/airflow/example_dags/example_display_name.py took 0.056 seconds
[2024-08-13T17:35:44.297+0000] {processor.py:161} INFO - Started process (PID=720) to work on /home/airflow/.local/lib/python3.12/site-packages/airflow/example_dags/example_display_name.py
[2024-08-13T17:35:44.297+0000] {processor.py:830} INFO - Processing file /home/airflow/.local/lib/python3.12/site-packages/airflow/example_dags/example_display_name.py for tasks to queue
[2024-08-13T17:35:44.299+0000] {logging_mixin.py:188} INFO - [2024-08-13T17:35:44.299+0000] {dagbag.py:545} INFO - Filling up the DagBag from /home/airflow/.local/lib/python3.12/site-packages/airflow/example_dags/example_display_name.py
[2024-08-13T17:35:44.303+0000] {processor.py:840} INFO - DAG(s) 'example_display_name' retrieved from /home/airflow/.local/lib/python3.12/site-packages/airflow/example_dags/example_display_name.py
[2024-08-13T17:35:44.321+0000] {logging_mixin.py:188} INFO - [2024-08-13T17:35:44.321+0000] {dag.py:3089} INFO - Sync 1 DAGs
[2024-08-13T17:35:44.332+0000] {logging_mixin.py:188} INFO - [2024-08-13T17:35:44.331+0000] {dag.py:3947} INFO - Setting next_dagrun for example_display_name to None, run_after=None
[2024-08-13T17:35:44.347+0000] {processor.py:183} INFO - Processing /home/airflow/.local/lib/python3.12/site-packages/airflow/example_dags/example_display_name.py took 0.055 seconds
[2024-08-13T17:36:14.952+0000] {processor.py:161} INFO - Started process (PID=778) to work on /home/airflow/.local/lib/python3.12/site-packages/airflow/example_dags/example_display_name.py
[2024-08-13T17:36:14.953+0000] {processor.py:830} INFO - Processing file /home/airflow/.local/lib/python3.12/site-packages/airflow/example_dags/example_display_name.py for tasks to queue
[2024-08-13T17:36:14.954+0000] {logging_mixin.py:188} INFO - [2024-08-13T17:36:14.954+0000] {dagbag.py:545} INFO - Filling up the DagBag from /home/airflow/.local/lib/python3.12/site-packages/airflow/example_dags/example_display_name.py
[2024-08-13T17:36:14.959+0000] {processor.py:840} INFO - DAG(s) 'example_display_name' retrieved from /home/airflow/.local/lib/python3.12/site-packages/airflow/example_dags/example_display_name.py
[2024-08-13T17:36:14.976+0000] {logging_mixin.py:188} INFO - [2024-08-13T17:36:14.975+0000] {dag.py:3089} INFO - Sync 1 DAGs
[2024-08-13T17:36:14.987+0000] {logging_mixin.py:188} INFO - [2024-08-13T17:36:14.987+0000] {dag.py:3947} INFO - Setting next_dagrun for example_display_name to None, run_after=None
[2024-08-13T17:36:15.004+0000] {processor.py:183} INFO - Processing /home/airflow/.local/lib/python3.12/site-packages/airflow/example_dags/example_display_name.py took 0.056 seconds
[2024-08-13T17:36:45.355+0000] {processor.py:161} INFO - Started process (PID=836) to work on /home/airflow/.local/lib/python3.12/site-packages/airflow/example_dags/example_display_name.py
[2024-08-13T17:36:45.355+0000] {processor.py:830} INFO - Processing file /home/airflow/.local/lib/python3.12/site-packages/airflow/example_dags/example_display_name.py for tasks to queue
[2024-08-13T17:36:45.357+0000] {logging_mixin.py:188} INFO - [2024-08-13T17:36:45.356+0000] {dagbag.py:545} INFO - Filling up the DagBag from /home/airflow/.local/lib/python3.12/site-packages/airflow/example_dags/example_display_name.py
[2024-08-13T17:36:45.361+0000] {processor.py:840} INFO - DAG(s) 'example_display_name' retrieved from /home/airflow/.local/lib/python3.12/site-packages/airflow/example_dags/example_display_name.py
[2024-08-13T17:36:45.379+0000] {logging_mixin.py:188} INFO - [2024-08-13T17:36:45.378+0000] {dag.py:3089} INFO - Sync 1 DAGs
[2024-08-13T17:36:45.389+0000] {logging_mixin.py:188} INFO - [2024-08-13T17:36:45.389+0000] {dag.py:3947} INFO - Setting next_dagrun for example_display_name to None, run_after=None
[2024-08-13T17:36:45.407+0000] {processor.py:183} INFO - Processing /home/airflow/.local/lib/python3.12/site-packages/airflow/example_dags/example_display_name.py took 0.057 seconds
[2024-08-13T17:37:15.867+0000] {processor.py:161} INFO - Started process (PID=894) to work on /home/airflow/.local/lib/python3.12/site-packages/airflow/example_dags/example_display_name.py
[2024-08-13T17:37:15.868+0000] {processor.py:830} INFO - Processing file /home/airflow/.local/lib/python3.12/site-packages/airflow/example_dags/example_display_name.py for tasks to queue
[2024-08-13T17:37:15.869+0000] {logging_mixin.py:188} INFO - [2024-08-13T17:37:15.869+0000] {dagbag.py:545} INFO - Filling up the DagBag from /home/airflow/.local/lib/python3.12/site-packages/airflow/example_dags/example_display_name.py
[2024-08-13T17:37:15.874+0000] {processor.py:840} INFO - DAG(s) 'example_display_name' retrieved from /home/airflow/.local/lib/python3.12/site-packages/airflow/example_dags/example_display_name.py
[2024-08-13T17:37:15.891+0000] {logging_mixin.py:188} INFO - [2024-08-13T17:37:15.891+0000] {dag.py:3089} INFO - Sync 1 DAGs
[2024-08-13T17:37:15.902+0000] {logging_mixin.py:188} INFO - [2024-08-13T17:37:15.901+0000] {dag.py:3947} INFO - Setting next_dagrun for example_display_name to None, run_after=None
[2024-08-13T17:37:15.919+0000] {processor.py:183} INFO - Processing /home/airflow/.local/lib/python3.12/site-packages/airflow/example_dags/example_display_name.py took 0.056 seconds
[2024-08-13T17:37:46.490+0000] {processor.py:161} INFO - Started process (PID=952) to work on /home/airflow/.local/lib/python3.12/site-packages/airflow/example_dags/example_display_name.py
[2024-08-13T17:37:46.491+0000] {processor.py:830} INFO - Processing file /home/airflow/.local/lib/python3.12/site-packages/airflow/example_dags/example_display_name.py for tasks to queue
[2024-08-13T17:37:46.492+0000] {logging_mixin.py:188} INFO - [2024-08-13T17:37:46.492+0000] {dagbag.py:545} INFO - Filling up the DagBag from /home/airflow/.local/lib/python3.12/site-packages/airflow/example_dags/example_display_name.py
[2024-08-13T17:37:46.497+0000] {processor.py:840} INFO - DAG(s) 'example_display_name' retrieved from /home/airflow/.local/lib/python3.12/site-packages/airflow/example_dags/example_display_name.py
[2024-08-13T17:37:46.513+0000] {logging_mixin.py:188} INFO - [2024-08-13T17:37:46.513+0000] {dag.py:3089} INFO - Sync 1 DAGs
[2024-08-13T17:37:46.524+0000] {logging_mixin.py:188} INFO - [2024-08-13T17:37:46.524+0000] {dag.py:3947} INFO - Setting next_dagrun for example_display_name to None, run_after=None
[2024-08-13T17:37:46.541+0000] {processor.py:183} INFO - Processing /home/airflow/.local/lib/python3.12/site-packages/airflow/example_dags/example_display_name.py took 0.056 seconds
[2024-08-13T17:38:17.114+0000] {processor.py:161} INFO - Started process (PID=1010) to work on /home/airflow/.local/lib/python3.12/site-packages/airflow/example_dags/example_display_name.py
[2024-08-13T17:38:17.115+0000] {processor.py:830} INFO - Processing file /home/airflow/.local/lib/python3.12/site-packages/airflow/example_dags/example_display_name.py for tasks to queue
[2024-08-13T17:38:17.116+0000] {logging_mixin.py:188} INFO - [2024-08-13T17:38:17.116+0000] {dagbag.py:545} INFO - Filling up the DagBag from /home/airflow/.local/lib/python3.12/site-packages/airflow/example_dags/example_display_name.py
[2024-08-13T17:38:17.121+0000] {processor.py:840} INFO - DAG(s) 'example_display_name' retrieved from /home/airflow/.local/lib/python3.12/site-packages/airflow/example_dags/example_display_name.py
[2024-08-13T17:38:17.138+0000] {logging_mixin.py:188} INFO - [2024-08-13T17:38:17.138+0000] {dag.py:3089} INFO - Sync 1 DAGs
[2024-08-13T17:38:17.149+0000] {logging_mixin.py:188} INFO - [2024-08-13T17:38:17.149+0000] {dag.py:3947} INFO - Setting next_dagrun for example_display_name to None, run_after=None
[2024-08-13T17:38:17.167+0000] {processor.py:183} INFO - Processing /home/airflow/.local/lib/python3.12/site-packages/airflow/example_dags/example_display_name.py took 0.058 seconds
[2024-08-13T17:38:47.349+0000] {processor.py:161} INFO - Started process (PID=1068) to work on /home/airflow/.local/lib/python3.12/site-packages/airflow/example_dags/example_display_name.py
[2024-08-13T17:38:47.350+0000] {processor.py:830} INFO - Processing file /home/airflow/.local/lib/python3.12/site-packages/airflow/example_dags/example_display_name.py for tasks to queue
[2024-08-13T17:38:47.352+0000] {logging_mixin.py:188} INFO - [2024-08-13T17:38:47.351+0000] {dagbag.py:545} INFO - Filling up the DagBag from /home/airflow/.local/lib/python3.12/site-packages/airflow/example_dags/example_display_name.py
[2024-08-13T17:38:47.356+0000] {processor.py:840} INFO - DAG(s) 'example_display_name' retrieved from /home/airflow/.local/lib/python3.12/site-packages/airflow/example_dags/example_display_name.py
[2024-08-13T17:38:47.373+0000] {logging_mixin.py:188} INFO - [2024-08-13T17:38:47.373+0000] {dag.py:3089} INFO - Sync 1 DAGs
[2024-08-13T17:38:47.385+0000] {logging_mixin.py:188} INFO - [2024-08-13T17:38:47.384+0000] {dag.py:3947} INFO - Setting next_dagrun for example_display_name to None, run_after=None
[2024-08-13T17:38:47.402+0000] {processor.py:183} INFO - Processing /home/airflow/.local/lib/python3.12/site-packages/airflow/example_dags/example_display_name.py took 0.057 seconds
[2024-08-13T17:39:17.669+0000] {processor.py:161} INFO - Started process (PID=1126) to work on /home/airflow/.local/lib/python3.12/site-packages/airflow/example_dags/example_display_name.py
[2024-08-13T17:39:17.669+0000] {processor.py:830} INFO - Processing file /home/airflow/.local/lib/python3.12/site-packages/airflow/example_dags/example_display_name.py for tasks to queue
[2024-08-13T17:39:17.671+0000] {logging_mixin.py:188} INFO - [2024-08-13T17:39:17.670+0000] {dagbag.py:545} INFO - Filling up the DagBag from /home/airflow/.local/lib/python3.12/site-packages/airflow/example_dags/example_display_name.py
[2024-08-13T17:39:17.675+0000] {processor.py:840} INFO - DAG(s) 'example_display_name' retrieved from /home/airflow/.local/lib/python3.12/site-packages/airflow/example_dags/example_display_name.py
[2024-08-13T17:39:17.693+0000] {logging_mixin.py:188} INFO - [2024-08-13T17:39:17.693+0000] {dag.py:3089} INFO - Sync 1 DAGs
[2024-08-13T17:39:17.704+0000] {logging_mixin.py:188} INFO - [2024-08-13T17:39:17.704+0000] {dag.py:3947} INFO - Setting next_dagrun for example_display_name to None, run_after=None
[2024-08-13T17:39:17.721+0000] {processor.py:183} INFO - Processing /home/airflow/.local/lib/python3.12/site-packages/airflow/example_dags/example_display_name.py took 0.057 seconds
[2024-08-13T17:39:48.115+0000] {processor.py:161} INFO - Started process (PID=1184) to work on /home/airflow/.local/lib/python3.12/site-packages/airflow/example_dags/example_display_name.py
[2024-08-13T17:39:48.115+0000] {processor.py:830} INFO - Processing file /home/airflow/.local/lib/python3.12/site-packages/airflow/example_dags/example_display_name.py for tasks to queue
[2024-08-13T17:39:48.117+0000] {logging_mixin.py:188} INFO - [2024-08-13T17:39:48.116+0000] {dagbag.py:545} INFO - Filling up the DagBag from /home/airflow/.local/lib/python3.12/site-packages/airflow/example_dags/example_display_name.py
[2024-08-13T17:39:48.121+0000] {processor.py:840} INFO - DAG(s) 'example_display_name' retrieved from /home/airflow/.local/lib/python3.12/site-packages/airflow/example_dags/example_display_name.py
[2024-08-13T17:39:48.139+0000] {logging_mixin.py:188} INFO - [2024-08-13T17:39:48.139+0000] {dag.py:3089} INFO - Sync 1 DAGs
[2024-08-13T17:39:48.150+0000] {logging_mixin.py:188} INFO - [2024-08-13T17:39:48.149+0000] {dag.py:3947} INFO - Setting next_dagrun for example_display_name to None, run_after=None
[2024-08-13T17:39:48.167+0000] {processor.py:183} INFO - Processing /home/airflow/.local/lib/python3.12/site-packages/airflow/example_dags/example_display_name.py took 0.057 seconds
[2024-08-13T17:40:18.622+0000] {processor.py:161} INFO - Started process (PID=1242) to work on /home/airflow/.local/lib/python3.12/site-packages/airflow/example_dags/example_display_name.py
[2024-08-13T17:40:18.623+0000] {processor.py:830} INFO - Processing file /home/airflow/.local/lib/python3.12/site-packages/airflow/example_dags/example_display_name.py for tasks to queue
[2024-08-13T17:40:18.624+0000] {logging_mixin.py:188} INFO - [2024-08-13T17:40:18.624+0000] {dagbag.py:545} INFO - Filling up the DagBag from /home/airflow/.local/lib/python3.12/site-packages/airflow/example_dags/example_display_name.py
[2024-08-13T17:40:18.629+0000] {processor.py:840} INFO - DAG(s) 'example_display_name' retrieved from /home/airflow/.local/lib/python3.12/site-packages/airflow/example_dags/example_display_name.py
[2024-08-13T17:40:18.646+0000] {logging_mixin.py:188} INFO - [2024-08-13T17:40:18.646+0000] {dag.py:3089} INFO - Sync 1 DAGs
[2024-08-13T17:40:18.657+0000] {logging_mixin.py:188} INFO - [2024-08-13T17:40:18.657+0000] {dag.py:3947} INFO - Setting next_dagrun for example_display_name to None, run_after=None
[2024-08-13T17:40:18.674+0000] {processor.py:183} INFO - Processing /home/airflow/.local/lib/python3.12/site-packages/airflow/example_dags/example_display_name.py took 0.056 seconds
[2024-08-13T17:40:49.286+0000] {processor.py:161} INFO - Started process (PID=1300) to work on /home/airflow/.local/lib/python3.12/site-packages/airflow/example_dags/example_display_name.py
[2024-08-13T17:40:49.287+0000] {processor.py:830} INFO - Processing file /home/airflow/.local/lib/python3.12/site-packages/airflow/example_dags/example_display_name.py for tasks to queue
[2024-08-13T17:40:49.289+0000] {logging_mixin.py:188} INFO - [2024-08-13T17:40:49.289+0000] {dagbag.py:545} INFO - Filling up the DagBag from /home/airflow/.local/lib/python3.12/site-packages/airflow/example_dags/example_display_name.py
[2024-08-13T17:40:49.293+0000] {processor.py:840} INFO - DAG(s) 'example_display_name' retrieved from /home/airflow/.local/lib/python3.12/site-packages/airflow/example_dags/example_display_name.py
[2024-08-13T17:40:49.311+0000] {logging_mixin.py:188} INFO - [2024-08-13T17:40:49.311+0000] {dag.py:3089} INFO - Sync 1 DAGs
[2024-08-13T17:40:49.322+0000] {logging_mixin.py:188} INFO - [2024-08-13T17:40:49.322+0000] {dag.py:3947} INFO - Setting next_dagrun for example_display_name to None, run_after=None
[2024-08-13T17:40:49.338+0000] {processor.py:183} INFO - Processing /home/airflow/.local/lib/python3.12/site-packages/airflow/example_dags/example_display_name.py took 0.057 seconds
[2024-08-13T17:41:19.407+0000] {processor.py:161} INFO - Started process (PID=1358) to work on /home/airflow/.local/lib/python3.12/site-packages/airflow/example_dags/example_display_name.py
[2024-08-13T17:41:19.408+0000] {processor.py:830} INFO - Processing file /home/airflow/.local/lib/python3.12/site-packages/airflow/example_dags/example_display_name.py for tasks to queue
[2024-08-13T17:41:19.409+0000] {logging_mixin.py:188} INFO - [2024-08-13T17:41:19.409+0000] {dagbag.py:545} INFO - Filling up the DagBag from /home/airflow/.local/lib/python3.12/site-packages/airflow/example_dags/example_display_name.py
[2024-08-13T17:41:19.414+0000] {processor.py:840} INFO - DAG(s) 'example_display_name' retrieved from /home/airflow/.local/lib/python3.12/site-packages/airflow/example_dags/example_display_name.py
[2024-08-13T17:41:19.431+0000] {logging_mixin.py:188} INFO - [2024-08-13T17:41:19.431+0000] {dag.py:3089} INFO - Sync 1 DAGs
[2024-08-13T17:41:19.442+0000] {logging_mixin.py:188} INFO - [2024-08-13T17:41:19.442+0000] {dag.py:3947} INFO - Setting next_dagrun for example_display_name to None, run_after=None
[2024-08-13T17:41:19.459+0000] {processor.py:183} INFO - Processing /home/airflow/.local/lib/python3.12/site-packages/airflow/example_dags/example_display_name.py took 0.057 seconds
[2024-08-13T17:41:50.130+0000] {processor.py:161} INFO - Started process (PID=1416) to work on /home/airflow/.local/lib/python3.12/site-packages/airflow/example_dags/example_display_name.py
[2024-08-13T17:41:50.130+0000] {processor.py:830} INFO - Processing file /home/airflow/.local/lib/python3.12/site-packages/airflow/example_dags/example_display_name.py for tasks to queue
[2024-08-13T17:41:50.132+0000] {logging_mixin.py:188} INFO - [2024-08-13T17:41:50.132+0000] {dagbag.py:545} INFO - Filling up the DagBag from /home/airflow/.local/lib/python3.12/site-packages/airflow/example_dags/example_display_name.py
[2024-08-13T17:41:50.137+0000] {processor.py:840} INFO - DAG(s) 'example_display_name' retrieved from /home/airflow/.local/lib/python3.12/site-packages/airflow/example_dags/example_display_name.py
[2024-08-13T17:41:50.157+0000] {logging_mixin.py:188} INFO - [2024-08-13T17:41:50.157+0000] {dag.py:3089} INFO - Sync 1 DAGs
[2024-08-13T17:41:50.168+0000] {logging_mixin.py:188} INFO - [2024-08-13T17:41:50.167+0000] {dag.py:3947} INFO - Setting next_dagrun for example_display_name to None, run_after=None
[2024-08-13T17:41:50.185+0000] {processor.py:183} INFO - Processing /home/airflow/.local/lib/python3.12/site-packages/airflow/example_dags/example_display_name.py took 0.061 seconds
[2024-08-13T17:42:20.914+0000] {processor.py:161} INFO - Started process (PID=1474) to work on /home/airflow/.local/lib/python3.12/site-packages/airflow/example_dags/example_display_name.py
[2024-08-13T17:42:20.914+0000] {processor.py:830} INFO - Processing file /home/airflow/.local/lib/python3.12/site-packages/airflow/example_dags/example_display_name.py for tasks to queue
[2024-08-13T17:42:20.916+0000] {logging_mixin.py:188} INFO - [2024-08-13T17:42:20.915+0000] {dagbag.py:545} INFO - Filling up the DagBag from /home/airflow/.local/lib/python3.12/site-packages/airflow/example_dags/example_display_name.py
[2024-08-13T17:42:20.920+0000] {processor.py:840} INFO - DAG(s) 'example_display_name' retrieved from /home/airflow/.local/lib/python3.12/site-packages/airflow/example_dags/example_display_name.py
[2024-08-13T17:42:20.937+0000] {logging_mixin.py:188} INFO - [2024-08-13T17:42:20.937+0000] {dag.py:3089} INFO - Sync 1 DAGs
[2024-08-13T17:42:20.948+0000] {logging_mixin.py:188} INFO - [2024-08-13T17:42:20.948+0000] {dag.py:3947} INFO - Setting next_dagrun for example_display_name to None, run_after=None
[2024-08-13T17:42:20.966+0000] {processor.py:183} INFO - Processing /home/airflow/.local/lib/python3.12/site-packages/airflow/example_dags/example_display_name.py took 0.057 seconds
[2024-08-13T17:42:51.915+0000] {processor.py:161} INFO - Started process (PID=1532) to work on /home/airflow/.local/lib/python3.12/site-packages/airflow/example_dags/example_display_name.py
[2024-08-13T17:42:51.915+0000] {processor.py:830} INFO - Processing file /home/airflow/.local/lib/python3.12/site-packages/airflow/example_dags/example_display_name.py for tasks to queue
[2024-08-13T17:42:51.917+0000] {logging_mixin.py:188} INFO - [2024-08-13T17:42:51.916+0000] {dagbag.py:545} INFO - Filling up the DagBag from /home/airflow/.local/lib/python3.12/site-packages/airflow/example_dags/example_display_name.py
[2024-08-13T17:42:51.921+0000] {processor.py:840} INFO - DAG(s) 'example_display_name' retrieved from /home/airflow/.local/lib/python3.12/site-packages/airflow/example_dags/example_display_name.py
[2024-08-13T17:42:51.939+0000] {logging_mixin.py:188} INFO - [2024-08-13T17:42:51.938+0000] {dag.py:3089} INFO - Sync 1 DAGs
[2024-08-13T17:42:51.949+0000] {logging_mixin.py:188} INFO - [2024-08-13T17:42:51.949+0000] {dag.py:3947} INFO - Setting next_dagrun for example_display_name to None, run_after=None
[2024-08-13T17:42:51.967+0000] {processor.py:183} INFO - Processing /home/airflow/.local/lib/python3.12/site-packages/airflow/example_dags/example_display_name.py took 0.057 seconds
[2024-08-13T17:43:22.011+0000] {processor.py:161} INFO - Started process (PID=1590) to work on /home/airflow/.local/lib/python3.12/site-packages/airflow/example_dags/example_display_name.py
[2024-08-13T17:43:22.012+0000] {processor.py:830} INFO - Processing file /home/airflow/.local/lib/python3.12/site-packages/airflow/example_dags/example_display_name.py for tasks to queue
[2024-08-13T17:43:22.013+0000] {logging_mixin.py:188} INFO - [2024-08-13T17:43:22.013+0000] {dagbag.py:545} INFO - Filling up the DagBag from /home/airflow/.local/lib/python3.12/site-packages/airflow/example_dags/example_display_name.py
[2024-08-13T17:43:22.018+0000] {processor.py:840} INFO - DAG(s) 'example_display_name' retrieved from /home/airflow/.local/lib/python3.12/site-packages/airflow/example_dags/example_display_name.py
[2024-08-13T17:43:22.036+0000] {logging_mixin.py:188} INFO - [2024-08-13T17:43:22.035+0000] {dag.py:3089} INFO - Sync 1 DAGs
[2024-08-13T17:43:22.046+0000] {logging_mixin.py:188} INFO - [2024-08-13T17:43:22.046+0000] {dag.py:3947} INFO - Setting next_dagrun for example_display_name to None, run_after=None
[2024-08-13T17:43:22.063+0000] {processor.py:183} INFO - Processing /home/airflow/.local/lib/python3.12/site-packages/airflow/example_dags/example_display_name.py took 0.056 seconds
[2024-08-13T17:43:52.576+0000] {processor.py:161} INFO - Started process (PID=1648) to work on /home/airflow/.local/lib/python3.12/site-packages/airflow/example_dags/example_display_name.py
[2024-08-13T17:43:52.576+0000] {processor.py:830} INFO - Processing file /home/airflow/.local/lib/python3.12/site-packages/airflow/example_dags/example_display_name.py for tasks to queue
[2024-08-13T17:43:52.578+0000] {logging_mixin.py:188} INFO - [2024-08-13T17:43:52.578+0000] {dagbag.py:545} INFO - Filling up the DagBag from /home/airflow/.local/lib/python3.12/site-packages/airflow/example_dags/example_display_name.py
[2024-08-13T17:43:52.582+0000] {processor.py:840} INFO - DAG(s) 'example_display_name' retrieved from /home/airflow/.local/lib/python3.12/site-packages/airflow/example_dags/example_display_name.py
[2024-08-13T17:43:52.599+0000] {logging_mixin.py:188} INFO - [2024-08-13T17:43:52.599+0000] {dag.py:3089} INFO - Sync 1 DAGs
[2024-08-13T17:43:52.610+0000] {logging_mixin.py:188} INFO - [2024-08-13T17:43:52.610+0000] {dag.py:3947} INFO - Setting next_dagrun for example_display_name to None, run_after=None
[2024-08-13T17:43:52.627+0000] {processor.py:183} INFO - Processing /home/airflow/.local/lib/python3.12/site-packages/airflow/example_dags/example_display_name.py took 0.056 seconds
[2024-08-13T17:44:23.374+0000] {processor.py:161} INFO - Started process (PID=1706) to work on /home/airflow/.local/lib/python3.12/site-packages/airflow/example_dags/example_display_name.py
[2024-08-13T17:44:23.375+0000] {processor.py:830} INFO - Processing file /home/airflow/.local/lib/python3.12/site-packages/airflow/example_dags/example_display_name.py for tasks to queue
[2024-08-13T17:44:23.377+0000] {logging_mixin.py:188} INFO - [2024-08-13T17:44:23.376+0000] {dagbag.py:545} INFO - Filling up the DagBag from /home/airflow/.local/lib/python3.12/site-packages/airflow/example_dags/example_display_name.py
[2024-08-13T17:44:23.381+0000] {processor.py:840} INFO - DAG(s) 'example_display_name' retrieved from /home/airflow/.local/lib/python3.12/site-packages/airflow/example_dags/example_display_name.py
[2024-08-13T17:44:23.400+0000] {logging_mixin.py:188} INFO - [2024-08-13T17:44:23.400+0000] {dag.py:3089} INFO - Sync 1 DAGs
[2024-08-13T17:44:23.412+0000] {logging_mixin.py:188} INFO - [2024-08-13T17:44:23.411+0000] {dag.py:3947} INFO - Setting next_dagrun for example_display_name to None, run_after=None
[2024-08-13T17:44:23.429+0000] {processor.py:183} INFO - Processing /home/airflow/.local/lib/python3.12/site-packages/airflow/example_dags/example_display_name.py took 0.059 seconds
[2024-08-13T17:44:54.521+0000] {processor.py:161} INFO - Started process (PID=1764) to work on /home/airflow/.local/lib/python3.12/site-packages/airflow/example_dags/example_display_name.py
[2024-08-13T17:44:54.522+0000] {processor.py:830} INFO - Processing file /home/airflow/.local/lib/python3.12/site-packages/airflow/example_dags/example_display_name.py for tasks to queue
[2024-08-13T17:44:54.523+0000] {logging_mixin.py:188} INFO - [2024-08-13T17:44:54.523+0000] {dagbag.py:545} INFO - Filling up the DagBag from /home/airflow/.local/lib/python3.12/site-packages/airflow/example_dags/example_display_name.py
[2024-08-13T17:44:54.640+0000] {processor.py:840} INFO - DAG(s) 'example_display_name' retrieved from /home/airflow/.local/lib/python3.12/site-packages/airflow/example_dags/example_display_name.py
[2024-08-13T17:44:54.655+0000] {logging_mixin.py:188} INFO - [2024-08-13T17:44:54.655+0000] {dag.py:3089} INFO - Sync 1 DAGs
[2024-08-13T17:44:54.665+0000] {logging_mixin.py:188} INFO - [2024-08-13T17:44:54.665+0000] {dag.py:3947} INFO - Setting next_dagrun for example_display_name to None, run_after=None
[2024-08-13T17:44:54.683+0000] {processor.py:183} INFO - Processing /home/airflow/.local/lib/python3.12/site-packages/airflow/example_dags/example_display_name.py took 0.167 seconds
[2024-08-13T17:45:25.388+0000] {processor.py:161} INFO - Started process (PID=1822) to work on /home/airflow/.local/lib/python3.12/site-packages/airflow/example_dags/example_display_name.py
[2024-08-13T17:45:25.389+0000] {processor.py:830} INFO - Processing file /home/airflow/.local/lib/python3.12/site-packages/airflow/example_dags/example_display_name.py for tasks to queue
[2024-08-13T17:45:25.390+0000] {logging_mixin.py:188} INFO - [2024-08-13T17:45:25.390+0000] {dagbag.py:545} INFO - Filling up the DagBag from /home/airflow/.local/lib/python3.12/site-packages/airflow/example_dags/example_display_name.py
[2024-08-13T17:45:25.395+0000] {processor.py:840} INFO - DAG(s) 'example_display_name' retrieved from /home/airflow/.local/lib/python3.12/site-packages/airflow/example_dags/example_display_name.py
[2024-08-13T17:45:25.412+0000] {logging_mixin.py:188} INFO - [2024-08-13T17:45:25.412+0000] {dag.py:3089} INFO - Sync 1 DAGs
[2024-08-13T17:45:25.423+0000] {logging_mixin.py:188} INFO - [2024-08-13T17:45:25.423+0000] {dag.py:3947} INFO - Setting next_dagrun for example_display_name to None, run_after=None
[2024-08-13T17:45:25.439+0000] {processor.py:183} INFO - Processing /home/airflow/.local/lib/python3.12/site-packages/airflow/example_dags/example_display_name.py took 0.056 seconds
[2024-08-13T17:45:55.918+0000] {processor.py:161} INFO - Started process (PID=1880) to work on /home/airflow/.local/lib/python3.12/site-packages/airflow/example_dags/example_display_name.py
[2024-08-13T17:45:55.919+0000] {processor.py:830} INFO - Processing file /home/airflow/.local/lib/python3.12/site-packages/airflow/example_dags/example_display_name.py for tasks to queue
[2024-08-13T17:45:55.920+0000] {logging_mixin.py:188} INFO - [2024-08-13T17:45:55.920+0000] {dagbag.py:545} INFO - Filling up the DagBag from /home/airflow/.local/lib/python3.12/site-packages/airflow/example_dags/example_display_name.py
[2024-08-13T17:45:55.925+0000] {processor.py:840} INFO - DAG(s) 'example_display_name' retrieved from /home/airflow/.local/lib/python3.12/site-packages/airflow/example_dags/example_display_name.py
[2024-08-13T17:45:55.942+0000] {logging_mixin.py:188} INFO - [2024-08-13T17:45:55.942+0000] {dag.py:3089} INFO - Sync 1 DAGs
[2024-08-13T17:45:55.954+0000] {logging_mixin.py:188} INFO - [2024-08-13T17:45:55.953+0000] {dag.py:3947} INFO - Setting next_dagrun for example_display_name to None, run_after=None
[2024-08-13T17:45:55.971+0000] {processor.py:183} INFO - Processing /home/airflow/.local/lib/python3.12/site-packages/airflow/example_dags/example_display_name.py took 0.058 seconds
[2024-08-13T17:46:26.361+0000] {processor.py:161} INFO - Started process (PID=1938) to work on /home/airflow/.local/lib/python3.12/site-packages/airflow/example_dags/example_display_name.py
[2024-08-13T17:46:26.363+0000] {processor.py:830} INFO - Processing file /home/airflow/.local/lib/python3.12/site-packages/airflow/example_dags/example_display_name.py for tasks to queue
[2024-08-13T17:46:26.364+0000] {logging_mixin.py:188} INFO - [2024-08-13T17:46:26.364+0000] {dagbag.py:545} INFO - Filling up the DagBag from /home/airflow/.local/lib/python3.12/site-packages/airflow/example_dags/example_display_name.py
[2024-08-13T17:46:26.369+0000] {processor.py:840} INFO - DAG(s) 'example_display_name' retrieved from /home/airflow/.local/lib/python3.12/site-packages/airflow/example_dags/example_display_name.py
[2024-08-13T17:46:26.387+0000] {logging_mixin.py:188} INFO - [2024-08-13T17:46:26.387+0000] {dag.py:3089} INFO - Sync 1 DAGs
[2024-08-13T17:46:26.399+0000] {logging_mixin.py:188} INFO - [2024-08-13T17:46:26.398+0000] {dag.py:3947} INFO - Setting next_dagrun for example_display_name to None, run_after=None
[2024-08-13T17:46:26.416+0000] {processor.py:183} INFO - Processing /home/airflow/.local/lib/python3.12/site-packages/airflow/example_dags/example_display_name.py took 0.061 seconds
[2024-08-13T17:46:56.900+0000] {processor.py:161} INFO - Started process (PID=1996) to work on /home/airflow/.local/lib/python3.12/site-packages/airflow/example_dags/example_display_name.py
[2024-08-13T17:46:56.901+0000] {processor.py:830} INFO - Processing file /home/airflow/.local/lib/python3.12/site-packages/airflow/example_dags/example_display_name.py for tasks to queue
[2024-08-13T17:46:56.902+0000] {logging_mixin.py:188} INFO - [2024-08-13T17:46:56.902+0000] {dagbag.py:545} INFO - Filling up the DagBag from /home/airflow/.local/lib/python3.12/site-packages/airflow/example_dags/example_display_name.py
[2024-08-13T17:46:56.907+0000] {processor.py:840} INFO - DAG(s) 'example_display_name' retrieved from /home/airflow/.local/lib/python3.12/site-packages/airflow/example_dags/example_display_name.py
[2024-08-13T17:46:56.925+0000] {logging_mixin.py:188} INFO - [2024-08-13T17:46:56.924+0000] {dag.py:3089} INFO - Sync 1 DAGs
[2024-08-13T17:46:56.938+0000] {logging_mixin.py:188} INFO - [2024-08-13T17:46:56.937+0000] {dag.py:3947} INFO - Setting next_dagrun for example_display_name to None, run_after=None
[2024-08-13T17:46:56.957+0000] {processor.py:183} INFO - Processing /home/airflow/.local/lib/python3.12/site-packages/airflow/example_dags/example_display_name.py took 0.062 seconds
[2024-08-13T17:47:27.429+0000] {processor.py:161} INFO - Started process (PID=2054) to work on /home/airflow/.local/lib/python3.12/site-packages/airflow/example_dags/example_display_name.py
[2024-08-13T17:47:27.430+0000] {processor.py:830} INFO - Processing file /home/airflow/.local/lib/python3.12/site-packages/airflow/example_dags/example_display_name.py for tasks to queue
[2024-08-13T17:47:27.431+0000] {logging_mixin.py:188} INFO - [2024-08-13T17:47:27.431+0000] {dagbag.py:545} INFO - Filling up the DagBag from /home/airflow/.local/lib/python3.12/site-packages/airflow/example_dags/example_display_name.py
[2024-08-13T17:47:27.436+0000] {processor.py:840} INFO - DAG(s) 'example_display_name' retrieved from /home/airflow/.local/lib/python3.12/site-packages/airflow/example_dags/example_display_name.py
[2024-08-13T17:47:27.454+0000] {logging_mixin.py:188} INFO - [2024-08-13T17:47:27.454+0000] {dag.py:3089} INFO - Sync 1 DAGs
[2024-08-13T17:47:27.465+0000] {logging_mixin.py:188} INFO - [2024-08-13T17:47:27.465+0000] {dag.py:3947} INFO - Setting next_dagrun for example_display_name to None, run_after=None
[2024-08-13T17:47:27.481+0000] {processor.py:183} INFO - Processing /home/airflow/.local/lib/python3.12/site-packages/airflow/example_dags/example_display_name.py took 0.057 seconds
[2024-08-13T17:47:57.898+0000] {processor.py:161} INFO - Started process (PID=2112) to work on /home/airflow/.local/lib/python3.12/site-packages/airflow/example_dags/example_display_name.py
[2024-08-13T17:47:57.899+0000] {processor.py:830} INFO - Processing file /home/airflow/.local/lib/python3.12/site-packages/airflow/example_dags/example_display_name.py for tasks to queue
[2024-08-13T17:47:57.901+0000] {logging_mixin.py:188} INFO - [2024-08-13T17:47:57.900+0000] {dagbag.py:545} INFO - Filling up the DagBag from /home/airflow/.local/lib/python3.12/site-packages/airflow/example_dags/example_display_name.py
[2024-08-13T17:47:57.906+0000] {processor.py:840} INFO - DAG(s) 'example_display_name' retrieved from /home/airflow/.local/lib/python3.12/site-packages/airflow/example_dags/example_display_name.py
[2024-08-13T17:47:57.925+0000] {logging_mixin.py:188} INFO - [2024-08-13T17:47:57.924+0000] {dag.py:3089} INFO - Sync 1 DAGs
[2024-08-13T17:47:57.936+0000] {logging_mixin.py:188} INFO - [2024-08-13T17:47:57.936+0000] {dag.py:3947} INFO - Setting next_dagrun for example_display_name to None, run_after=None
[2024-08-13T17:47:57.952+0000] {processor.py:183} INFO - Processing /home/airflow/.local/lib/python3.12/site-packages/airflow/example_dags/example_display_name.py took 0.060 seconds
[2024-08-13T17:48:28.313+0000] {processor.py:161} INFO - Started process (PID=2170) to work on /home/airflow/.local/lib/python3.12/site-packages/airflow/example_dags/example_display_name.py
[2024-08-13T17:48:28.313+0000] {processor.py:830} INFO - Processing file /home/airflow/.local/lib/python3.12/site-packages/airflow/example_dags/example_display_name.py for tasks to queue
[2024-08-13T17:48:28.315+0000] {logging_mixin.py:188} INFO - [2024-08-13T17:48:28.315+0000] {dagbag.py:545} INFO - Filling up the DagBag from /home/airflow/.local/lib/python3.12/site-packages/airflow/example_dags/example_display_name.py
[2024-08-13T17:48:28.322+0000] {processor.py:840} INFO - DAG(s) 'example_display_name' retrieved from /home/airflow/.local/lib/python3.12/site-packages/airflow/example_dags/example_display_name.py
[2024-08-13T17:48:28.340+0000] {logging_mixin.py:188} INFO - [2024-08-13T17:48:28.339+0000] {dag.py:3089} INFO - Sync 1 DAGs
[2024-08-13T17:48:28.351+0000] {logging_mixin.py:188} INFO - [2024-08-13T17:48:28.351+0000] {dag.py:3947} INFO - Setting next_dagrun for example_display_name to None, run_after=None
[2024-08-13T17:48:28.368+0000] {processor.py:183} INFO - Processing /home/airflow/.local/lib/python3.12/site-packages/airflow/example_dags/example_display_name.py took 0.060 seconds
[2024-08-13T17:48:58.983+0000] {processor.py:161} INFO - Started process (PID=2228) to work on /home/airflow/.local/lib/python3.12/site-packages/airflow/example_dags/example_display_name.py
[2024-08-13T17:48:58.984+0000] {processor.py:830} INFO - Processing file /home/airflow/.local/lib/python3.12/site-packages/airflow/example_dags/example_display_name.py for tasks to queue
[2024-08-13T17:48:58.985+0000] {logging_mixin.py:188} INFO - [2024-08-13T17:48:58.985+0000] {dagbag.py:545} INFO - Filling up the DagBag from /home/airflow/.local/lib/python3.12/site-packages/airflow/example_dags/example_display_name.py
[2024-08-13T17:48:58.990+0000] {processor.py:840} INFO - DAG(s) 'example_display_name' retrieved from /home/airflow/.local/lib/python3.12/site-packages/airflow/example_dags/example_display_name.py
[2024-08-13T17:48:59.008+0000] {logging_mixin.py:188} INFO - [2024-08-13T17:48:59.007+0000] {dag.py:3089} INFO - Sync 1 DAGs
[2024-08-13T17:48:59.018+0000] {logging_mixin.py:188} INFO - [2024-08-13T17:48:59.018+0000] {dag.py:3947} INFO - Setting next_dagrun for example_display_name to None, run_after=None
[2024-08-13T17:48:59.036+0000] {processor.py:183} INFO - Processing /home/airflow/.local/lib/python3.12/site-packages/airflow/example_dags/example_display_name.py took 0.058 seconds
[2024-08-13T17:49:29.470+0000] {processor.py:161} INFO - Started process (PID=2286) to work on /home/airflow/.local/lib/python3.12/site-packages/airflow/example_dags/example_display_name.py
[2024-08-13T17:49:29.471+0000] {processor.py:830} INFO - Processing file /home/airflow/.local/lib/python3.12/site-packages/airflow/example_dags/example_display_name.py for tasks to queue
[2024-08-13T17:49:29.472+0000] {logging_mixin.py:188} INFO - [2024-08-13T17:49:29.472+0000] {dagbag.py:545} INFO - Filling up the DagBag from /home/airflow/.local/lib/python3.12/site-packages/airflow/example_dags/example_display_name.py
[2024-08-13T17:49:29.477+0000] {processor.py:840} INFO - DAG(s) 'example_display_name' retrieved from /home/airflow/.local/lib/python3.12/site-packages/airflow/example_dags/example_display_name.py
[2024-08-13T17:49:29.495+0000] {logging_mixin.py:188} INFO - [2024-08-13T17:49:29.495+0000] {dag.py:3089} INFO - Sync 1 DAGs
[2024-08-13T17:49:29.506+0000] {logging_mixin.py:188} INFO - [2024-08-13T17:49:29.506+0000] {dag.py:3947} INFO - Setting next_dagrun for example_display_name to None, run_after=None
[2024-08-13T17:49:29.524+0000] {processor.py:183} INFO - Processing /home/airflow/.local/lib/python3.12/site-packages/airflow/example_dags/example_display_name.py took 0.060 seconds
[2024-08-13T17:49:59.862+0000] {processor.py:161} INFO - Started process (PID=2344) to work on /home/airflow/.local/lib/python3.12/site-packages/airflow/example_dags/example_display_name.py
[2024-08-13T17:49:59.863+0000] {processor.py:830} INFO - Processing file /home/airflow/.local/lib/python3.12/site-packages/airflow/example_dags/example_display_name.py for tasks to queue
[2024-08-13T17:49:59.864+0000] {logging_mixin.py:188} INFO - [2024-08-13T17:49:59.864+0000] {dagbag.py:545} INFO - Filling up the DagBag from /home/airflow/.local/lib/python3.12/site-packages/airflow/example_dags/example_display_name.py
[2024-08-13T17:49:59.869+0000] {processor.py:840} INFO - DAG(s) 'example_display_name' retrieved from /home/airflow/.local/lib/python3.12/site-packages/airflow/example_dags/example_display_name.py
[2024-08-13T17:49:59.886+0000] {logging_mixin.py:188} INFO - [2024-08-13T17:49:59.886+0000] {dag.py:3089} INFO - Sync 1 DAGs
[2024-08-13T17:49:59.897+0000] {logging_mixin.py:188} INFO - [2024-08-13T17:49:59.897+0000] {dag.py:3947} INFO - Setting next_dagrun for example_display_name to None, run_after=None
[2024-08-13T17:49:59.914+0000] {processor.py:183} INFO - Processing /home/airflow/.local/lib/python3.12/site-packages/airflow/example_dags/example_display_name.py took 0.057 seconds
[2024-08-13T17:50:30.286+0000] {processor.py:161} INFO - Started process (PID=2403) to work on /home/airflow/.local/lib/python3.12/site-packages/airflow/example_dags/example_display_name.py
[2024-08-13T17:50:30.286+0000] {processor.py:830} INFO - Processing file /home/airflow/.local/lib/python3.12/site-packages/airflow/example_dags/example_display_name.py for tasks to queue
[2024-08-13T17:50:30.288+0000] {logging_mixin.py:188} INFO - [2024-08-13T17:50:30.287+0000] {dagbag.py:545} INFO - Filling up the DagBag from /home/airflow/.local/lib/python3.12/site-packages/airflow/example_dags/example_display_name.py
[2024-08-13T17:50:30.292+0000] {processor.py:840} INFO - DAG(s) 'example_display_name' retrieved from /home/airflow/.local/lib/python3.12/site-packages/airflow/example_dags/example_display_name.py
[2024-08-13T17:50:30.309+0000] {logging_mixin.py:188} INFO - [2024-08-13T17:50:30.309+0000] {dag.py:3089} INFO - Sync 1 DAGs
[2024-08-13T17:50:30.321+0000] {logging_mixin.py:188} INFO - [2024-08-13T17:50:30.321+0000] {dag.py:3947} INFO - Setting next_dagrun for example_display_name to None, run_after=None
[2024-08-13T17:50:30.340+0000] {processor.py:183} INFO - Processing /home/airflow/.local/lib/python3.12/site-packages/airflow/example_dags/example_display_name.py took 0.059 seconds
[2024-08-13T17:51:00.646+0000] {processor.py:161} INFO - Started process (PID=2461) to work on /home/airflow/.local/lib/python3.12/site-packages/airflow/example_dags/example_display_name.py
[2024-08-13T17:51:00.647+0000] {processor.py:830} INFO - Processing file /home/airflow/.local/lib/python3.12/site-packages/airflow/example_dags/example_display_name.py for tasks to queue
[2024-08-13T17:51:00.648+0000] {logging_mixin.py:188} INFO - [2024-08-13T17:51:00.648+0000] {dagbag.py:545} INFO - Filling up the DagBag from /home/airflow/.local/lib/python3.12/site-packages/airflow/example_dags/example_display_name.py
[2024-08-13T17:51:00.653+0000] {processor.py:840} INFO - DAG(s) 'example_display_name' retrieved from /home/airflow/.local/lib/python3.12/site-packages/airflow/example_dags/example_display_name.py
[2024-08-13T17:51:00.669+0000] {logging_mixin.py:188} INFO - [2024-08-13T17:51:00.669+0000] {dag.py:3089} INFO - Sync 1 DAGs
[2024-08-13T17:51:00.680+0000] {logging_mixin.py:188} INFO - [2024-08-13T17:51:00.680+0000] {dag.py:3947} INFO - Setting next_dagrun for example_display_name to None, run_after=None
[2024-08-13T17:51:00.698+0000] {processor.py:183} INFO - Processing /home/airflow/.local/lib/python3.12/site-packages/airflow/example_dags/example_display_name.py took 0.057 seconds
[2024-08-13T17:51:31.153+0000] {processor.py:161} INFO - Started process (PID=2519) to work on /home/airflow/.local/lib/python3.12/site-packages/airflow/example_dags/example_display_name.py
[2024-08-13T17:51:31.154+0000] {processor.py:830} INFO - Processing file /home/airflow/.local/lib/python3.12/site-packages/airflow/example_dags/example_display_name.py for tasks to queue
[2024-08-13T17:51:31.155+0000] {logging_mixin.py:188} INFO - [2024-08-13T17:51:31.155+0000] {dagbag.py:545} INFO - Filling up the DagBag from /home/airflow/.local/lib/python3.12/site-packages/airflow/example_dags/example_display_name.py
[2024-08-13T17:51:31.160+0000] {processor.py:840} INFO - DAG(s) 'example_display_name' retrieved from /home/airflow/.local/lib/python3.12/site-packages/airflow/example_dags/example_display_name.py
[2024-08-13T17:51:31.179+0000] {logging_mixin.py:188} INFO - [2024-08-13T17:51:31.179+0000] {dag.py:3089} INFO - Sync 1 DAGs
[2024-08-13T17:51:31.190+0000] {logging_mixin.py:188} INFO - [2024-08-13T17:51:31.190+0000] {dag.py:3947} INFO - Setting next_dagrun for example_display_name to None, run_after=None
[2024-08-13T17:51:31.208+0000] {processor.py:183} INFO - Processing /home/airflow/.local/lib/python3.12/site-packages/airflow/example_dags/example_display_name.py took 0.060 seconds
[2024-08-13T17:52:01.525+0000] {processor.py:161} INFO - Started process (PID=2577) to work on /home/airflow/.local/lib/python3.12/site-packages/airflow/example_dags/example_display_name.py
[2024-08-13T17:52:01.526+0000] {processor.py:830} INFO - Processing file /home/airflow/.local/lib/python3.12/site-packages/airflow/example_dags/example_display_name.py for tasks to queue
[2024-08-13T17:52:01.527+0000] {logging_mixin.py:188} INFO - [2024-08-13T17:52:01.527+0000] {dagbag.py:545} INFO - Filling up the DagBag from /home/airflow/.local/lib/python3.12/site-packages/airflow/example_dags/example_display_name.py
[2024-08-13T17:52:01.532+0000] {processor.py:840} INFO - DAG(s) 'example_display_name' retrieved from /home/airflow/.local/lib/python3.12/site-packages/airflow/example_dags/example_display_name.py
[2024-08-13T17:52:01.550+0000] {logging_mixin.py:188} INFO - [2024-08-13T17:52:01.550+0000] {dag.py:3089} INFO - Sync 1 DAGs
[2024-08-13T17:52:01.561+0000] {logging_mixin.py:188} INFO - [2024-08-13T17:52:01.561+0000] {dag.py:3947} INFO - Setting next_dagrun for example_display_name to None, run_after=None
[2024-08-13T17:52:01.578+0000] {processor.py:183} INFO - Processing /home/airflow/.local/lib/python3.12/site-packages/airflow/example_dags/example_display_name.py took 0.058 seconds
[2024-08-13T17:52:31.962+0000] {processor.py:161} INFO - Started process (PID=2635) to work on /home/airflow/.local/lib/python3.12/site-packages/airflow/example_dags/example_display_name.py
[2024-08-13T17:52:31.963+0000] {processor.py:830} INFO - Processing file /home/airflow/.local/lib/python3.12/site-packages/airflow/example_dags/example_display_name.py for tasks to queue
[2024-08-13T17:52:31.965+0000] {logging_mixin.py:188} INFO - [2024-08-13T17:52:31.964+0000] {dagbag.py:545} INFO - Filling up the DagBag from /home/airflow/.local/lib/python3.12/site-packages/airflow/example_dags/example_display_name.py
[2024-08-13T17:52:31.969+0000] {processor.py:840} INFO - DAG(s) 'example_display_name' retrieved from /home/airflow/.local/lib/python3.12/site-packages/airflow/example_dags/example_display_name.py
[2024-08-13T17:52:31.989+0000] {logging_mixin.py:188} INFO - [2024-08-13T17:52:31.989+0000] {dag.py:3089} INFO - Sync 1 DAGs
[2024-08-13T17:52:32.005+0000] {logging_mixin.py:188} INFO - [2024-08-13T17:52:32.005+0000] {dag.py:3947} INFO - Setting next_dagrun for example_display_name to None, run_after=None
[2024-08-13T17:52:32.023+0000] {processor.py:183} INFO - Processing /home/airflow/.local/lib/python3.12/site-packages/airflow/example_dags/example_display_name.py took 0.065 seconds
[2024-08-13T17:53:02.361+0000] {processor.py:161} INFO - Started process (PID=2692) to work on /home/airflow/.local/lib/python3.12/site-packages/airflow/example_dags/example_display_name.py
[2024-08-13T17:53:02.362+0000] {processor.py:830} INFO - Processing file /home/airflow/.local/lib/python3.12/site-packages/airflow/example_dags/example_display_name.py for tasks to queue
[2024-08-13T17:53:02.364+0000] {logging_mixin.py:188} INFO - [2024-08-13T17:53:02.364+0000] {dagbag.py:545} INFO - Filling up the DagBag from /home/airflow/.local/lib/python3.12/site-packages/airflow/example_dags/example_display_name.py
[2024-08-13T17:53:02.368+0000] {processor.py:840} INFO - DAG(s) 'example_display_name' retrieved from /home/airflow/.local/lib/python3.12/site-packages/airflow/example_dags/example_display_name.py
[2024-08-13T17:53:02.386+0000] {logging_mixin.py:188} INFO - [2024-08-13T17:53:02.386+0000] {dag.py:3089} INFO - Sync 1 DAGs
[2024-08-13T17:53:02.397+0000] {logging_mixin.py:188} INFO - [2024-08-13T17:53:02.397+0000] {dag.py:3947} INFO - Setting next_dagrun for example_display_name to None, run_after=None
[2024-08-13T17:53:02.413+0000] {processor.py:183} INFO - Processing /home/airflow/.local/lib/python3.12/site-packages/airflow/example_dags/example_display_name.py took 0.057 seconds
[2024-08-13T17:53:32.750+0000] {processor.py:161} INFO - Started process (PID=2750) to work on /home/airflow/.local/lib/python3.12/site-packages/airflow/example_dags/example_display_name.py
[2024-08-13T17:53:32.751+0000] {processor.py:830} INFO - Processing file /home/airflow/.local/lib/python3.12/site-packages/airflow/example_dags/example_display_name.py for tasks to queue
[2024-08-13T17:53:32.752+0000] {logging_mixin.py:188} INFO - [2024-08-13T17:53:32.752+0000] {dagbag.py:545} INFO - Filling up the DagBag from /home/airflow/.local/lib/python3.12/site-packages/airflow/example_dags/example_display_name.py
[2024-08-13T17:53:32.757+0000] {processor.py:840} INFO - DAG(s) 'example_display_name' retrieved from /home/airflow/.local/lib/python3.12/site-packages/airflow/example_dags/example_display_name.py
[2024-08-13T17:53:32.774+0000] {logging_mixin.py:188} INFO - [2024-08-13T17:53:32.774+0000] {dag.py:3089} INFO - Sync 1 DAGs
[2024-08-13T17:53:32.785+0000] {logging_mixin.py:188} INFO - [2024-08-13T17:53:32.785+0000] {dag.py:3947} INFO - Setting next_dagrun for example_display_name to None, run_after=None
[2024-08-13T17:53:32.803+0000] {processor.py:183} INFO - Processing /home/airflow/.local/lib/python3.12/site-packages/airflow/example_dags/example_display_name.py took 0.059 seconds
