[2024-08-13T17:30:09.881+0000] {processor.py:161} INFO - Started process (PID=73) to work on /home/airflow/.local/lib/python3.12/site-packages/airflow/example_dags/example_sensors.py
[2024-08-13T17:30:09.881+0000] {processor.py:830} INFO - Processing file /home/airflow/.local/lib/python3.12/site-packages/airflow/example_dags/example_sensors.py for tasks to queue
[2024-08-13T17:30:09.883+0000] {logging_mixin.py:188} INFO - [2024-08-13T17:30:09.882+0000] {dagbag.py:545} INFO - Filling up the DagBag from /home/airflow/.local/lib/python3.12/site-packages/airflow/example_dags/example_sensors.py
[2024-08-13T17:30:09.890+0000] {processor.py:840} INFO - DAG(s) 'example_sensors' retrieved from /home/airflow/.local/lib/python3.12/site-packages/airflow/example_dags/example_sensors.py
[2024-08-13T17:30:09.916+0000] {logging_mixin.py:188} INFO - [2024-08-13T17:30:09.916+0000] {dag.py:3089} INFO - Sync 1 DAGs
[2024-08-13T17:30:09.927+0000] {logging_mixin.py:188} INFO - [2024-08-13T17:30:09.927+0000] {dag.py:3947} INFO - Setting next_dagrun for example_sensors to None, run_after=None
[2024-08-13T17:30:09.945+0000] {processor.py:183} INFO - Processing /home/airflow/.local/lib/python3.12/site-packages/airflow/example_dags/example_sensors.py took 0.069 seconds
[2024-08-13T17:30:40.001+0000] {processor.py:161} INFO - Started process (PID=130) to work on /home/airflow/.local/lib/python3.12/site-packages/airflow/example_dags/example_sensors.py
[2024-08-13T17:30:40.001+0000] {processor.py:830} INFO - Processing file /home/airflow/.local/lib/python3.12/site-packages/airflow/example_dags/example_sensors.py for tasks to queue
[2024-08-13T17:30:40.003+0000] {logging_mixin.py:188} INFO - [2024-08-13T17:30:40.002+0000] {dagbag.py:545} INFO - Filling up the DagBag from /home/airflow/.local/lib/python3.12/site-packages/airflow/example_dags/example_sensors.py
[2024-08-13T17:30:40.010+0000] {processor.py:840} INFO - DAG(s) 'example_sensors' retrieved from /home/airflow/.local/lib/python3.12/site-packages/airflow/example_dags/example_sensors.py
[2024-08-13T17:30:40.034+0000] {logging_mixin.py:188} INFO - [2024-08-13T17:30:40.033+0000] {dag.py:3089} INFO - Sync 1 DAGs
[2024-08-13T17:30:40.044+0000] {logging_mixin.py:188} INFO - [2024-08-13T17:30:40.044+0000] {dag.py:3947} INFO - Setting next_dagrun for example_sensors to None, run_after=None
[2024-08-13T17:30:40.061+0000] {processor.py:183} INFO - Processing /home/airflow/.local/lib/python3.12/site-packages/airflow/example_dags/example_sensors.py took 0.065 seconds
[2024-08-13T17:31:10.271+0000] {processor.py:161} INFO - Started process (PID=189) to work on /home/airflow/.local/lib/python3.12/site-packages/airflow/example_dags/example_sensors.py
[2024-08-13T17:31:10.272+0000] {processor.py:830} INFO - Processing file /home/airflow/.local/lib/python3.12/site-packages/airflow/example_dags/example_sensors.py for tasks to queue
[2024-08-13T17:31:10.274+0000] {logging_mixin.py:188} INFO - [2024-08-13T17:31:10.273+0000] {dagbag.py:545} INFO - Filling up the DagBag from /home/airflow/.local/lib/python3.12/site-packages/airflow/example_dags/example_sensors.py
[2024-08-13T17:31:10.282+0000] {processor.py:840} INFO - DAG(s) 'example_sensors' retrieved from /home/airflow/.local/lib/python3.12/site-packages/airflow/example_dags/example_sensors.py
[2024-08-13T17:31:10.306+0000] {logging_mixin.py:188} INFO - [2024-08-13T17:31:10.305+0000] {dag.py:3089} INFO - Sync 1 DAGs
[2024-08-13T17:31:10.318+0000] {logging_mixin.py:188} INFO - [2024-08-13T17:31:10.318+0000] {dag.py:3947} INFO - Setting next_dagrun for example_sensors to None, run_after=None
[2024-08-13T17:31:10.341+0000] {processor.py:183} INFO - Processing /home/airflow/.local/lib/python3.12/site-packages/airflow/example_dags/example_sensors.py took 0.075 seconds
[2024-08-13T17:31:40.523+0000] {processor.py:161} INFO - Started process (PID=247) to work on /home/airflow/.local/lib/python3.12/site-packages/airflow/example_dags/example_sensors.py
[2024-08-13T17:31:40.524+0000] {processor.py:830} INFO - Processing file /home/airflow/.local/lib/python3.12/site-packages/airflow/example_dags/example_sensors.py for tasks to queue
[2024-08-13T17:31:40.525+0000] {logging_mixin.py:188} INFO - [2024-08-13T17:31:40.525+0000] {dagbag.py:545} INFO - Filling up the DagBag from /home/airflow/.local/lib/python3.12/site-packages/airflow/example_dags/example_sensors.py
[2024-08-13T17:31:40.532+0000] {processor.py:840} INFO - DAG(s) 'example_sensors' retrieved from /home/airflow/.local/lib/python3.12/site-packages/airflow/example_dags/example_sensors.py
[2024-08-13T17:31:40.555+0000] {logging_mixin.py:188} INFO - [2024-08-13T17:31:40.555+0000] {dag.py:3089} INFO - Sync 1 DAGs
[2024-08-13T17:31:40.567+0000] {logging_mixin.py:188} INFO - [2024-08-13T17:31:40.567+0000] {dag.py:3947} INFO - Setting next_dagrun for example_sensors to None, run_after=None
[2024-08-13T17:31:40.584+0000] {processor.py:183} INFO - Processing /home/airflow/.local/lib/python3.12/site-packages/airflow/example_dags/example_sensors.py took 0.066 seconds
[2024-08-13T17:32:10.620+0000] {processor.py:161} INFO - Started process (PID=305) to work on /home/airflow/.local/lib/python3.12/site-packages/airflow/example_dags/example_sensors.py
[2024-08-13T17:32:10.620+0000] {processor.py:830} INFO - Processing file /home/airflow/.local/lib/python3.12/site-packages/airflow/example_dags/example_sensors.py for tasks to queue
[2024-08-13T17:32:10.622+0000] {logging_mixin.py:188} INFO - [2024-08-13T17:32:10.622+0000] {dagbag.py:545} INFO - Filling up the DagBag from /home/airflow/.local/lib/python3.12/site-packages/airflow/example_dags/example_sensors.py
[2024-08-13T17:32:10.629+0000] {processor.py:840} INFO - DAG(s) 'example_sensors' retrieved from /home/airflow/.local/lib/python3.12/site-packages/airflow/example_dags/example_sensors.py
[2024-08-13T17:32:10.654+0000] {logging_mixin.py:188} INFO - [2024-08-13T17:32:10.654+0000] {dag.py:3089} INFO - Sync 1 DAGs
[2024-08-13T17:32:10.666+0000] {logging_mixin.py:188} INFO - [2024-08-13T17:32:10.666+0000] {dag.py:3947} INFO - Setting next_dagrun for example_sensors to None, run_after=None
[2024-08-13T17:32:10.685+0000] {processor.py:183} INFO - Processing /home/airflow/.local/lib/python3.12/site-packages/airflow/example_dags/example_sensors.py took 0.070 seconds
[2024-08-13T17:32:40.994+0000] {processor.py:161} INFO - Started process (PID=363) to work on /home/airflow/.local/lib/python3.12/site-packages/airflow/example_dags/example_sensors.py
[2024-08-13T17:32:40.995+0000] {processor.py:830} INFO - Processing file /home/airflow/.local/lib/python3.12/site-packages/airflow/example_dags/example_sensors.py for tasks to queue
[2024-08-13T17:32:40.996+0000] {logging_mixin.py:188} INFO - [2024-08-13T17:32:40.996+0000] {dagbag.py:545} INFO - Filling up the DagBag from /home/airflow/.local/lib/python3.12/site-packages/airflow/example_dags/example_sensors.py
[2024-08-13T17:32:41.003+0000] {processor.py:840} INFO - DAG(s) 'example_sensors' retrieved from /home/airflow/.local/lib/python3.12/site-packages/airflow/example_dags/example_sensors.py
[2024-08-13T17:32:41.027+0000] {logging_mixin.py:188} INFO - [2024-08-13T17:32:41.026+0000] {dag.py:3089} INFO - Sync 1 DAGs
[2024-08-13T17:32:41.037+0000] {logging_mixin.py:188} INFO - [2024-08-13T17:32:41.037+0000] {dag.py:3947} INFO - Setting next_dagrun for example_sensors to None, run_after=None
[2024-08-13T17:32:41.054+0000] {processor.py:183} INFO - Processing /home/airflow/.local/lib/python3.12/site-packages/airflow/example_dags/example_sensors.py took 0.065 seconds
[2024-08-13T17:33:11.615+0000] {processor.py:161} INFO - Started process (PID=421) to work on /home/airflow/.local/lib/python3.12/site-packages/airflow/example_dags/example_sensors.py
[2024-08-13T17:33:11.616+0000] {processor.py:830} INFO - Processing file /home/airflow/.local/lib/python3.12/site-packages/airflow/example_dags/example_sensors.py for tasks to queue
[2024-08-13T17:33:11.617+0000] {logging_mixin.py:188} INFO - [2024-08-13T17:33:11.617+0000] {dagbag.py:545} INFO - Filling up the DagBag from /home/airflow/.local/lib/python3.12/site-packages/airflow/example_dags/example_sensors.py
[2024-08-13T17:33:11.625+0000] {processor.py:840} INFO - DAG(s) 'example_sensors' retrieved from /home/airflow/.local/lib/python3.12/site-packages/airflow/example_dags/example_sensors.py
[2024-08-13T17:33:11.647+0000] {logging_mixin.py:188} INFO - [2024-08-13T17:33:11.647+0000] {dag.py:3089} INFO - Sync 1 DAGs
[2024-08-13T17:33:11.658+0000] {logging_mixin.py:188} INFO - [2024-08-13T17:33:11.658+0000] {dag.py:3947} INFO - Setting next_dagrun for example_sensors to None, run_after=None
[2024-08-13T17:33:11.675+0000] {processor.py:183} INFO - Processing /home/airflow/.local/lib/python3.12/site-packages/airflow/example_dags/example_sensors.py took 0.064 seconds
[2024-08-13T17:33:42.249+0000] {processor.py:161} INFO - Started process (PID=479) to work on /home/airflow/.local/lib/python3.12/site-packages/airflow/example_dags/example_sensors.py
[2024-08-13T17:33:42.250+0000] {processor.py:830} INFO - Processing file /home/airflow/.local/lib/python3.12/site-packages/airflow/example_dags/example_sensors.py for tasks to queue
[2024-08-13T17:33:42.251+0000] {logging_mixin.py:188} INFO - [2024-08-13T17:33:42.251+0000] {dagbag.py:545} INFO - Filling up the DagBag from /home/airflow/.local/lib/python3.12/site-packages/airflow/example_dags/example_sensors.py
[2024-08-13T17:33:42.258+0000] {processor.py:840} INFO - DAG(s) 'example_sensors' retrieved from /home/airflow/.local/lib/python3.12/site-packages/airflow/example_dags/example_sensors.py
[2024-08-13T17:33:42.280+0000] {logging_mixin.py:188} INFO - [2024-08-13T17:33:42.280+0000] {dag.py:3089} INFO - Sync 1 DAGs
[2024-08-13T17:33:42.291+0000] {logging_mixin.py:188} INFO - [2024-08-13T17:33:42.291+0000] {dag.py:3947} INFO - Setting next_dagrun for example_sensors to None, run_after=None
[2024-08-13T17:33:42.307+0000] {processor.py:183} INFO - Processing /home/airflow/.local/lib/python3.12/site-packages/airflow/example_dags/example_sensors.py took 0.063 seconds
[2024-08-13T17:34:12.827+0000] {processor.py:161} INFO - Started process (PID=537) to work on /home/airflow/.local/lib/python3.12/site-packages/airflow/example_dags/example_sensors.py
[2024-08-13T17:34:12.828+0000] {processor.py:830} INFO - Processing file /home/airflow/.local/lib/python3.12/site-packages/airflow/example_dags/example_sensors.py for tasks to queue
[2024-08-13T17:34:12.829+0000] {logging_mixin.py:188} INFO - [2024-08-13T17:34:12.829+0000] {dagbag.py:545} INFO - Filling up the DagBag from /home/airflow/.local/lib/python3.12/site-packages/airflow/example_dags/example_sensors.py
[2024-08-13T17:34:12.837+0000] {processor.py:840} INFO - DAG(s) 'example_sensors' retrieved from /home/airflow/.local/lib/python3.12/site-packages/airflow/example_dags/example_sensors.py
[2024-08-13T17:34:12.858+0000] {logging_mixin.py:188} INFO - [2024-08-13T17:34:12.858+0000] {dag.py:3089} INFO - Sync 1 DAGs
[2024-08-13T17:34:12.870+0000] {logging_mixin.py:188} INFO - [2024-08-13T17:34:12.869+0000] {dag.py:3947} INFO - Setting next_dagrun for example_sensors to None, run_after=None
[2024-08-13T17:34:12.886+0000] {processor.py:183} INFO - Processing /home/airflow/.local/lib/python3.12/site-packages/airflow/example_dags/example_sensors.py took 0.064 seconds
[2024-08-13T17:34:43.367+0000] {processor.py:161} INFO - Started process (PID=601) to work on /home/airflow/.local/lib/python3.12/site-packages/airflow/example_dags/example_sensors.py
[2024-08-13T17:34:43.368+0000] {processor.py:830} INFO - Processing file /home/airflow/.local/lib/python3.12/site-packages/airflow/example_dags/example_sensors.py for tasks to queue
[2024-08-13T17:34:43.369+0000] {logging_mixin.py:188} INFO - [2024-08-13T17:34:43.369+0000] {dagbag.py:545} INFO - Filling up the DagBag from /home/airflow/.local/lib/python3.12/site-packages/airflow/example_dags/example_sensors.py
[2024-08-13T17:34:43.376+0000] {processor.py:840} INFO - DAG(s) 'example_sensors' retrieved from /home/airflow/.local/lib/python3.12/site-packages/airflow/example_dags/example_sensors.py
[2024-08-13T17:34:43.399+0000] {logging_mixin.py:188} INFO - [2024-08-13T17:34:43.399+0000] {dag.py:3089} INFO - Sync 1 DAGs
[2024-08-13T17:34:43.409+0000] {logging_mixin.py:188} INFO - [2024-08-13T17:34:43.409+0000] {dag.py:3947} INFO - Setting next_dagrun for example_sensors to None, run_after=None
[2024-08-13T17:34:43.426+0000] {processor.py:183} INFO - Processing /home/airflow/.local/lib/python3.12/site-packages/airflow/example_dags/example_sensors.py took 0.064 seconds
[2024-08-13T17:35:13.783+0000] {processor.py:161} INFO - Started process (PID=659) to work on /home/airflow/.local/lib/python3.12/site-packages/airflow/example_dags/example_sensors.py
[2024-08-13T17:35:13.784+0000] {processor.py:830} INFO - Processing file /home/airflow/.local/lib/python3.12/site-packages/airflow/example_dags/example_sensors.py for tasks to queue
[2024-08-13T17:35:13.785+0000] {logging_mixin.py:188} INFO - [2024-08-13T17:35:13.785+0000] {dagbag.py:545} INFO - Filling up the DagBag from /home/airflow/.local/lib/python3.12/site-packages/airflow/example_dags/example_sensors.py
[2024-08-13T17:35:13.793+0000] {processor.py:840} INFO - DAG(s) 'example_sensors' retrieved from /home/airflow/.local/lib/python3.12/site-packages/airflow/example_dags/example_sensors.py
[2024-08-13T17:35:13.816+0000] {logging_mixin.py:188} INFO - [2024-08-13T17:35:13.816+0000] {dag.py:3089} INFO - Sync 1 DAGs
[2024-08-13T17:35:13.827+0000] {logging_mixin.py:188} INFO - [2024-08-13T17:35:13.827+0000] {dag.py:3947} INFO - Setting next_dagrun for example_sensors to None, run_after=None
[2024-08-13T17:35:13.844+0000] {processor.py:183} INFO - Processing /home/airflow/.local/lib/python3.12/site-packages/airflow/example_dags/example_sensors.py took 0.065 seconds
[2024-08-13T17:35:44.146+0000] {processor.py:161} INFO - Started process (PID=717) to work on /home/airflow/.local/lib/python3.12/site-packages/airflow/example_dags/example_sensors.py
[2024-08-13T17:35:44.147+0000] {processor.py:830} INFO - Processing file /home/airflow/.local/lib/python3.12/site-packages/airflow/example_dags/example_sensors.py for tasks to queue
[2024-08-13T17:35:44.148+0000] {logging_mixin.py:188} INFO - [2024-08-13T17:35:44.148+0000] {dagbag.py:545} INFO - Filling up the DagBag from /home/airflow/.local/lib/python3.12/site-packages/airflow/example_dags/example_sensors.py
[2024-08-13T17:35:44.155+0000] {processor.py:840} INFO - DAG(s) 'example_sensors' retrieved from /home/airflow/.local/lib/python3.12/site-packages/airflow/example_dags/example_sensors.py
[2024-08-13T17:35:44.178+0000] {logging_mixin.py:188} INFO - [2024-08-13T17:35:44.178+0000] {dag.py:3089} INFO - Sync 1 DAGs
[2024-08-13T17:35:44.189+0000] {logging_mixin.py:188} INFO - [2024-08-13T17:35:44.189+0000] {dag.py:3947} INFO - Setting next_dagrun for example_sensors to None, run_after=None
[2024-08-13T17:35:44.206+0000] {processor.py:183} INFO - Processing /home/airflow/.local/lib/python3.12/site-packages/airflow/example_dags/example_sensors.py took 0.065 seconds
[2024-08-13T17:36:14.798+0000] {processor.py:161} INFO - Started process (PID=775) to work on /home/airflow/.local/lib/python3.12/site-packages/airflow/example_dags/example_sensors.py
[2024-08-13T17:36:14.799+0000] {processor.py:830} INFO - Processing file /home/airflow/.local/lib/python3.12/site-packages/airflow/example_dags/example_sensors.py for tasks to queue
[2024-08-13T17:36:14.800+0000] {logging_mixin.py:188} INFO - [2024-08-13T17:36:14.800+0000] {dagbag.py:545} INFO - Filling up the DagBag from /home/airflow/.local/lib/python3.12/site-packages/airflow/example_dags/example_sensors.py
[2024-08-13T17:36:14.807+0000] {processor.py:840} INFO - DAG(s) 'example_sensors' retrieved from /home/airflow/.local/lib/python3.12/site-packages/airflow/example_dags/example_sensors.py
[2024-08-13T17:36:14.831+0000] {logging_mixin.py:188} INFO - [2024-08-13T17:36:14.830+0000] {dag.py:3089} INFO - Sync 1 DAGs
[2024-08-13T17:36:14.841+0000] {logging_mixin.py:188} INFO - [2024-08-13T17:36:14.841+0000] {dag.py:3947} INFO - Setting next_dagrun for example_sensors to None, run_after=None
[2024-08-13T17:36:14.858+0000] {processor.py:183} INFO - Processing /home/airflow/.local/lib/python3.12/site-packages/airflow/example_dags/example_sensors.py took 0.065 seconds
[2024-08-13T17:36:45.255+0000] {processor.py:161} INFO - Started process (PID=833) to work on /home/airflow/.local/lib/python3.12/site-packages/airflow/example_dags/example_sensors.py
[2024-08-13T17:36:45.256+0000] {processor.py:830} INFO - Processing file /home/airflow/.local/lib/python3.12/site-packages/airflow/example_dags/example_sensors.py for tasks to queue
[2024-08-13T17:36:45.257+0000] {logging_mixin.py:188} INFO - [2024-08-13T17:36:45.257+0000] {dagbag.py:545} INFO - Filling up the DagBag from /home/airflow/.local/lib/python3.12/site-packages/airflow/example_dags/example_sensors.py
[2024-08-13T17:36:45.265+0000] {processor.py:840} INFO - DAG(s) 'example_sensors' retrieved from /home/airflow/.local/lib/python3.12/site-packages/airflow/example_dags/example_sensors.py
[2024-08-13T17:36:45.288+0000] {logging_mixin.py:188} INFO - [2024-08-13T17:36:45.288+0000] {dag.py:3089} INFO - Sync 1 DAGs
[2024-08-13T17:36:45.299+0000] {logging_mixin.py:188} INFO - [2024-08-13T17:36:45.299+0000] {dag.py:3947} INFO - Setting next_dagrun for example_sensors to None, run_after=None
[2024-08-13T17:36:45.316+0000] {processor.py:183} INFO - Processing /home/airflow/.local/lib/python3.12/site-packages/airflow/example_dags/example_sensors.py took 0.065 seconds
[2024-08-13T17:37:15.717+0000] {processor.py:161} INFO - Started process (PID=891) to work on /home/airflow/.local/lib/python3.12/site-packages/airflow/example_dags/example_sensors.py
[2024-08-13T17:37:15.717+0000] {processor.py:830} INFO - Processing file /home/airflow/.local/lib/python3.12/site-packages/airflow/example_dags/example_sensors.py for tasks to queue
[2024-08-13T17:37:15.719+0000] {logging_mixin.py:188} INFO - [2024-08-13T17:37:15.718+0000] {dagbag.py:545} INFO - Filling up the DagBag from /home/airflow/.local/lib/python3.12/site-packages/airflow/example_dags/example_sensors.py
[2024-08-13T17:37:15.726+0000] {processor.py:840} INFO - DAG(s) 'example_sensors' retrieved from /home/airflow/.local/lib/python3.12/site-packages/airflow/example_dags/example_sensors.py
[2024-08-13T17:37:15.749+0000] {logging_mixin.py:188} INFO - [2024-08-13T17:37:15.749+0000] {dag.py:3089} INFO - Sync 1 DAGs
[2024-08-13T17:37:15.760+0000] {logging_mixin.py:188} INFO - [2024-08-13T17:37:15.759+0000] {dag.py:3947} INFO - Setting next_dagrun for example_sensors to None, run_after=None
[2024-08-13T17:37:15.776+0000] {processor.py:183} INFO - Processing /home/airflow/.local/lib/python3.12/site-packages/airflow/example_dags/example_sensors.py took 0.064 seconds
[2024-08-13T17:37:46.344+0000] {processor.py:161} INFO - Started process (PID=949) to work on /home/airflow/.local/lib/python3.12/site-packages/airflow/example_dags/example_sensors.py
[2024-08-13T17:37:46.344+0000] {processor.py:830} INFO - Processing file /home/airflow/.local/lib/python3.12/site-packages/airflow/example_dags/example_sensors.py for tasks to queue
[2024-08-13T17:37:46.346+0000] {logging_mixin.py:188} INFO - [2024-08-13T17:37:46.345+0000] {dagbag.py:545} INFO - Filling up the DagBag from /home/airflow/.local/lib/python3.12/site-packages/airflow/example_dags/example_sensors.py
[2024-08-13T17:37:46.353+0000] {processor.py:840} INFO - DAG(s) 'example_sensors' retrieved from /home/airflow/.local/lib/python3.12/site-packages/airflow/example_dags/example_sensors.py
[2024-08-13T17:37:46.375+0000] {logging_mixin.py:188} INFO - [2024-08-13T17:37:46.375+0000] {dag.py:3089} INFO - Sync 1 DAGs
[2024-08-13T17:37:46.386+0000] {logging_mixin.py:188} INFO - [2024-08-13T17:37:46.386+0000] {dag.py:3947} INFO - Setting next_dagrun for example_sensors to None, run_after=None
[2024-08-13T17:37:46.403+0000] {processor.py:183} INFO - Processing /home/airflow/.local/lib/python3.12/site-packages/airflow/example_dags/example_sensors.py took 0.064 seconds
[2024-08-13T17:38:16.959+0000] {processor.py:161} INFO - Started process (PID=1007) to work on /home/airflow/.local/lib/python3.12/site-packages/airflow/example_dags/example_sensors.py
[2024-08-13T17:38:16.960+0000] {processor.py:830} INFO - Processing file /home/airflow/.local/lib/python3.12/site-packages/airflow/example_dags/example_sensors.py for tasks to queue
[2024-08-13T17:38:16.961+0000] {logging_mixin.py:188} INFO - [2024-08-13T17:38:16.961+0000] {dagbag.py:545} INFO - Filling up the DagBag from /home/airflow/.local/lib/python3.12/site-packages/airflow/example_dags/example_sensors.py
[2024-08-13T17:38:16.968+0000] {processor.py:840} INFO - DAG(s) 'example_sensors' retrieved from /home/airflow/.local/lib/python3.12/site-packages/airflow/example_dags/example_sensors.py
[2024-08-13T17:38:16.992+0000] {logging_mixin.py:188} INFO - [2024-08-13T17:38:16.992+0000] {dag.py:3089} INFO - Sync 1 DAGs
[2024-08-13T17:38:17.003+0000] {logging_mixin.py:188} INFO - [2024-08-13T17:38:17.002+0000] {dag.py:3947} INFO - Setting next_dagrun for example_sensors to None, run_after=None
[2024-08-13T17:38:17.020+0000] {processor.py:183} INFO - Processing /home/airflow/.local/lib/python3.12/site-packages/airflow/example_dags/example_sensors.py took 0.065 seconds
[2024-08-13T17:38:47.186+0000] {processor.py:161} INFO - Started process (PID=1065) to work on /home/airflow/.local/lib/python3.12/site-packages/airflow/example_dags/example_sensors.py
[2024-08-13T17:38:47.187+0000] {processor.py:830} INFO - Processing file /home/airflow/.local/lib/python3.12/site-packages/airflow/example_dags/example_sensors.py for tasks to queue
[2024-08-13T17:38:47.189+0000] {logging_mixin.py:188} INFO - [2024-08-13T17:38:47.188+0000] {dagbag.py:545} INFO - Filling up the DagBag from /home/airflow/.local/lib/python3.12/site-packages/airflow/example_dags/example_sensors.py
[2024-08-13T17:38:47.196+0000] {processor.py:840} INFO - DAG(s) 'example_sensors' retrieved from /home/airflow/.local/lib/python3.12/site-packages/airflow/example_dags/example_sensors.py
[2024-08-13T17:38:47.219+0000] {logging_mixin.py:188} INFO - [2024-08-13T17:38:47.218+0000] {dag.py:3089} INFO - Sync 1 DAGs
[2024-08-13T17:38:47.230+0000] {logging_mixin.py:188} INFO - [2024-08-13T17:38:47.230+0000] {dag.py:3947} INFO - Setting next_dagrun for example_sensors to None, run_after=None
[2024-08-13T17:38:47.249+0000] {processor.py:183} INFO - Processing /home/airflow/.local/lib/python3.12/site-packages/airflow/example_dags/example_sensors.py took 0.067 seconds
[2024-08-13T17:39:17.546+0000] {processor.py:161} INFO - Started process (PID=1123) to work on /home/airflow/.local/lib/python3.12/site-packages/airflow/example_dags/example_sensors.py
[2024-08-13T17:39:17.547+0000] {processor.py:830} INFO - Processing file /home/airflow/.local/lib/python3.12/site-packages/airflow/example_dags/example_sensors.py for tasks to queue
[2024-08-13T17:39:17.548+0000] {logging_mixin.py:188} INFO - [2024-08-13T17:39:17.548+0000] {dagbag.py:545} INFO - Filling up the DagBag from /home/airflow/.local/lib/python3.12/site-packages/airflow/example_dags/example_sensors.py
[2024-08-13T17:39:17.556+0000] {processor.py:840} INFO - DAG(s) 'example_sensors' retrieved from /home/airflow/.local/lib/python3.12/site-packages/airflow/example_dags/example_sensors.py
[2024-08-13T17:39:17.579+0000] {logging_mixin.py:188} INFO - [2024-08-13T17:39:17.579+0000] {dag.py:3089} INFO - Sync 1 DAGs
[2024-08-13T17:39:17.590+0000] {logging_mixin.py:188} INFO - [2024-08-13T17:39:17.590+0000] {dag.py:3947} INFO - Setting next_dagrun for example_sensors to None, run_after=None
[2024-08-13T17:39:17.608+0000] {processor.py:183} INFO - Processing /home/airflow/.local/lib/python3.12/site-packages/airflow/example_dags/example_sensors.py took 0.067 seconds
[2024-08-13T17:39:47.999+0000] {processor.py:161} INFO - Started process (PID=1181) to work on /home/airflow/.local/lib/python3.12/site-packages/airflow/example_dags/example_sensors.py
[2024-08-13T17:39:48.000+0000] {processor.py:830} INFO - Processing file /home/airflow/.local/lib/python3.12/site-packages/airflow/example_dags/example_sensors.py for tasks to queue
[2024-08-13T17:39:48.001+0000] {logging_mixin.py:188} INFO - [2024-08-13T17:39:48.001+0000] {dagbag.py:545} INFO - Filling up the DagBag from /home/airflow/.local/lib/python3.12/site-packages/airflow/example_dags/example_sensors.py
[2024-08-13T17:39:48.008+0000] {processor.py:840} INFO - DAG(s) 'example_sensors' retrieved from /home/airflow/.local/lib/python3.12/site-packages/airflow/example_dags/example_sensors.py
[2024-08-13T17:39:48.032+0000] {logging_mixin.py:188} INFO - [2024-08-13T17:39:48.031+0000] {dag.py:3089} INFO - Sync 1 DAGs
[2024-08-13T17:39:48.043+0000] {logging_mixin.py:188} INFO - [2024-08-13T17:39:48.043+0000] {dag.py:3947} INFO - Setting next_dagrun for example_sensors to None, run_after=None
[2024-08-13T17:39:48.060+0000] {processor.py:183} INFO - Processing /home/airflow/.local/lib/python3.12/site-packages/airflow/example_dags/example_sensors.py took 0.066 seconds
[2024-08-13T17:40:18.525+0000] {processor.py:161} INFO - Started process (PID=1239) to work on /home/airflow/.local/lib/python3.12/site-packages/airflow/example_dags/example_sensors.py
[2024-08-13T17:40:18.525+0000] {processor.py:830} INFO - Processing file /home/airflow/.local/lib/python3.12/site-packages/airflow/example_dags/example_sensors.py for tasks to queue
[2024-08-13T17:40:18.527+0000] {logging_mixin.py:188} INFO - [2024-08-13T17:40:18.527+0000] {dagbag.py:545} INFO - Filling up the DagBag from /home/airflow/.local/lib/python3.12/site-packages/airflow/example_dags/example_sensors.py
[2024-08-13T17:40:18.534+0000] {processor.py:840} INFO - DAG(s) 'example_sensors' retrieved from /home/airflow/.local/lib/python3.12/site-packages/airflow/example_dags/example_sensors.py
[2024-08-13T17:40:18.557+0000] {logging_mixin.py:188} INFO - [2024-08-13T17:40:18.557+0000] {dag.py:3089} INFO - Sync 1 DAGs
[2024-08-13T17:40:18.568+0000] {logging_mixin.py:188} INFO - [2024-08-13T17:40:18.568+0000] {dag.py:3947} INFO - Setting next_dagrun for example_sensors to None, run_after=None
[2024-08-13T17:40:18.584+0000] {processor.py:183} INFO - Processing /home/airflow/.local/lib/python3.12/site-packages/airflow/example_dags/example_sensors.py took 0.064 seconds
[2024-08-13T17:40:49.135+0000] {processor.py:161} INFO - Started process (PID=1297) to work on /home/airflow/.local/lib/python3.12/site-packages/airflow/example_dags/example_sensors.py
[2024-08-13T17:40:49.135+0000] {processor.py:830} INFO - Processing file /home/airflow/.local/lib/python3.12/site-packages/airflow/example_dags/example_sensors.py for tasks to queue
[2024-08-13T17:40:49.137+0000] {logging_mixin.py:188} INFO - [2024-08-13T17:40:49.137+0000] {dagbag.py:545} INFO - Filling up the DagBag from /home/airflow/.local/lib/python3.12/site-packages/airflow/example_dags/example_sensors.py
[2024-08-13T17:40:49.144+0000] {processor.py:840} INFO - DAG(s) 'example_sensors' retrieved from /home/airflow/.local/lib/python3.12/site-packages/airflow/example_dags/example_sensors.py
[2024-08-13T17:40:49.167+0000] {logging_mixin.py:188} INFO - [2024-08-13T17:40:49.166+0000] {dag.py:3089} INFO - Sync 1 DAGs
[2024-08-13T17:40:49.177+0000] {logging_mixin.py:188} INFO - [2024-08-13T17:40:49.177+0000] {dag.py:3947} INFO - Setting next_dagrun for example_sensors to None, run_after=None
[2024-08-13T17:40:49.194+0000] {processor.py:183} INFO - Processing /home/airflow/.local/lib/python3.12/site-packages/airflow/example_dags/example_sensors.py took 0.063 seconds
[2024-08-13T17:41:19.251+0000] {processor.py:161} INFO - Started process (PID=1355) to work on /home/airflow/.local/lib/python3.12/site-packages/airflow/example_dags/example_sensors.py
[2024-08-13T17:41:19.252+0000] {processor.py:830} INFO - Processing file /home/airflow/.local/lib/python3.12/site-packages/airflow/example_dags/example_sensors.py for tasks to queue
[2024-08-13T17:41:19.253+0000] {logging_mixin.py:188} INFO - [2024-08-13T17:41:19.253+0000] {dagbag.py:545} INFO - Filling up the DagBag from /home/airflow/.local/lib/python3.12/site-packages/airflow/example_dags/example_sensors.py
[2024-08-13T17:41:19.260+0000] {processor.py:840} INFO - DAG(s) 'example_sensors' retrieved from /home/airflow/.local/lib/python3.12/site-packages/airflow/example_dags/example_sensors.py
[2024-08-13T17:41:19.285+0000] {logging_mixin.py:188} INFO - [2024-08-13T17:41:19.285+0000] {dag.py:3089} INFO - Sync 1 DAGs
[2024-08-13T17:41:19.297+0000] {logging_mixin.py:188} INFO - [2024-08-13T17:41:19.297+0000] {dag.py:3947} INFO - Setting next_dagrun for example_sensors to None, run_after=None
[2024-08-13T17:41:19.315+0000] {processor.py:183} INFO - Processing /home/airflow/.local/lib/python3.12/site-packages/airflow/example_dags/example_sensors.py took 0.068 seconds
[2024-08-13T17:41:49.982+0000] {processor.py:161} INFO - Started process (PID=1413) to work on /home/airflow/.local/lib/python3.12/site-packages/airflow/example_dags/example_sensors.py
[2024-08-13T17:41:49.983+0000] {processor.py:830} INFO - Processing file /home/airflow/.local/lib/python3.12/site-packages/airflow/example_dags/example_sensors.py for tasks to queue
[2024-08-13T17:41:49.984+0000] {logging_mixin.py:188} INFO - [2024-08-13T17:41:49.984+0000] {dagbag.py:545} INFO - Filling up the DagBag from /home/airflow/.local/lib/python3.12/site-packages/airflow/example_dags/example_sensors.py
[2024-08-13T17:41:49.991+0000] {processor.py:840} INFO - DAG(s) 'example_sensors' retrieved from /home/airflow/.local/lib/python3.12/site-packages/airflow/example_dags/example_sensors.py
[2024-08-13T17:41:50.015+0000] {logging_mixin.py:188} INFO - [2024-08-13T17:41:50.015+0000] {dag.py:3089} INFO - Sync 1 DAGs
[2024-08-13T17:41:50.026+0000] {logging_mixin.py:188} INFO - [2024-08-13T17:41:50.026+0000] {dag.py:3947} INFO - Setting next_dagrun for example_sensors to None, run_after=None
[2024-08-13T17:41:50.043+0000] {processor.py:183} INFO - Processing /home/airflow/.local/lib/python3.12/site-packages/airflow/example_dags/example_sensors.py took 0.067 seconds
[2024-08-13T17:42:20.648+0000] {processor.py:161} INFO - Started process (PID=1471) to work on /home/airflow/.local/lib/python3.12/site-packages/airflow/example_dags/example_sensors.py
[2024-08-13T17:42:20.649+0000] {processor.py:830} INFO - Processing file /home/airflow/.local/lib/python3.12/site-packages/airflow/example_dags/example_sensors.py for tasks to queue
[2024-08-13T17:42:20.650+0000] {logging_mixin.py:188} INFO - [2024-08-13T17:42:20.650+0000] {dagbag.py:545} INFO - Filling up the DagBag from /home/airflow/.local/lib/python3.12/site-packages/airflow/example_dags/example_sensors.py
[2024-08-13T17:42:20.658+0000] {processor.py:840} INFO - DAG(s) 'example_sensors' retrieved from /home/airflow/.local/lib/python3.12/site-packages/airflow/example_dags/example_sensors.py
[2024-08-13T17:42:20.681+0000] {logging_mixin.py:188} INFO - [2024-08-13T17:42:20.680+0000] {dag.py:3089} INFO - Sync 1 DAGs
[2024-08-13T17:42:20.692+0000] {logging_mixin.py:188} INFO - [2024-08-13T17:42:20.692+0000] {dag.py:3947} INFO - Setting next_dagrun for example_sensors to None, run_after=None
[2024-08-13T17:42:20.710+0000] {processor.py:183} INFO - Processing /home/airflow/.local/lib/python3.12/site-packages/airflow/example_dags/example_sensors.py took 0.066 seconds
[2024-08-13T17:42:50.746+0000] {processor.py:161} INFO - Started process (PID=1528) to work on /home/airflow/.local/lib/python3.12/site-packages/airflow/example_dags/example_sensors.py
[2024-08-13T17:42:50.747+0000] {processor.py:830} INFO - Processing file /home/airflow/.local/lib/python3.12/site-packages/airflow/example_dags/example_sensors.py for tasks to queue
[2024-08-13T17:42:50.748+0000] {logging_mixin.py:188} INFO - [2024-08-13T17:42:50.748+0000] {dagbag.py:545} INFO - Filling up the DagBag from /home/airflow/.local/lib/python3.12/site-packages/airflow/example_dags/example_sensors.py
[2024-08-13T17:42:50.756+0000] {processor.py:840} INFO - DAG(s) 'example_sensors' retrieved from /home/airflow/.local/lib/python3.12/site-packages/airflow/example_dags/example_sensors.py
[2024-08-13T17:42:50.779+0000] {logging_mixin.py:188} INFO - [2024-08-13T17:42:50.779+0000] {dag.py:3089} INFO - Sync 1 DAGs
[2024-08-13T17:42:50.790+0000] {logging_mixin.py:188} INFO - [2024-08-13T17:42:50.790+0000] {dag.py:3947} INFO - Setting next_dagrun for example_sensors to None, run_after=None
[2024-08-13T17:42:50.807+0000] {processor.py:183} INFO - Processing /home/airflow/.local/lib/python3.12/site-packages/airflow/example_dags/example_sensors.py took 0.065 seconds
[2024-08-13T17:43:20.847+0000] {processor.py:161} INFO - Started process (PID=1586) to work on /home/airflow/.local/lib/python3.12/site-packages/airflow/example_dags/example_sensors.py
[2024-08-13T17:43:20.848+0000] {processor.py:830} INFO - Processing file /home/airflow/.local/lib/python3.12/site-packages/airflow/example_dags/example_sensors.py for tasks to queue
[2024-08-13T17:43:20.849+0000] {logging_mixin.py:188} INFO - [2024-08-13T17:43:20.849+0000] {dagbag.py:545} INFO - Filling up the DagBag from /home/airflow/.local/lib/python3.12/site-packages/airflow/example_dags/example_sensors.py
[2024-08-13T17:43:20.857+0000] {processor.py:840} INFO - DAG(s) 'example_sensors' retrieved from /home/airflow/.local/lib/python3.12/site-packages/airflow/example_dags/example_sensors.py
[2024-08-13T17:43:20.880+0000] {logging_mixin.py:188} INFO - [2024-08-13T17:43:20.879+0000] {dag.py:3089} INFO - Sync 1 DAGs
[2024-08-13T17:43:20.890+0000] {logging_mixin.py:188} INFO - [2024-08-13T17:43:20.890+0000] {dag.py:3947} INFO - Setting next_dagrun for example_sensors to None, run_after=None
[2024-08-13T17:43:20.907+0000] {processor.py:183} INFO - Processing /home/airflow/.local/lib/python3.12/site-packages/airflow/example_dags/example_sensors.py took 0.064 seconds
[2024-08-13T17:43:51.436+0000] {processor.py:161} INFO - Started process (PID=1644) to work on /home/airflow/.local/lib/python3.12/site-packages/airflow/example_dags/example_sensors.py
[2024-08-13T17:43:51.436+0000] {processor.py:830} INFO - Processing file /home/airflow/.local/lib/python3.12/site-packages/airflow/example_dags/example_sensors.py for tasks to queue
[2024-08-13T17:43:51.438+0000] {logging_mixin.py:188} INFO - [2024-08-13T17:43:51.437+0000] {dagbag.py:545} INFO - Filling up the DagBag from /home/airflow/.local/lib/python3.12/site-packages/airflow/example_dags/example_sensors.py
[2024-08-13T17:43:51.445+0000] {processor.py:840} INFO - DAG(s) 'example_sensors' retrieved from /home/airflow/.local/lib/python3.12/site-packages/airflow/example_dags/example_sensors.py
[2024-08-13T17:43:51.469+0000] {logging_mixin.py:188} INFO - [2024-08-13T17:43:51.468+0000] {dag.py:3089} INFO - Sync 1 DAGs
[2024-08-13T17:43:51.479+0000] {logging_mixin.py:188} INFO - [2024-08-13T17:43:51.479+0000] {dag.py:3947} INFO - Setting next_dagrun for example_sensors to None, run_after=None
[2024-08-13T17:43:51.496+0000] {processor.py:183} INFO - Processing /home/airflow/.local/lib/python3.12/site-packages/airflow/example_dags/example_sensors.py took 0.065 seconds
[2024-08-13T17:44:22.152+0000] {processor.py:161} INFO - Started process (PID=1702) to work on /home/airflow/.local/lib/python3.12/site-packages/airflow/example_dags/example_sensors.py
[2024-08-13T17:44:22.153+0000] {processor.py:830} INFO - Processing file /home/airflow/.local/lib/python3.12/site-packages/airflow/example_dags/example_sensors.py for tasks to queue
[2024-08-13T17:44:22.154+0000] {logging_mixin.py:188} INFO - [2024-08-13T17:44:22.154+0000] {dagbag.py:545} INFO - Filling up the DagBag from /home/airflow/.local/lib/python3.12/site-packages/airflow/example_dags/example_sensors.py
[2024-08-13T17:44:22.162+0000] {processor.py:840} INFO - DAG(s) 'example_sensors' retrieved from /home/airflow/.local/lib/python3.12/site-packages/airflow/example_dags/example_sensors.py
[2024-08-13T17:44:22.188+0000] {logging_mixin.py:188} INFO - [2024-08-13T17:44:22.188+0000] {dag.py:3089} INFO - Sync 1 DAGs
[2024-08-13T17:44:22.199+0000] {logging_mixin.py:188} INFO - [2024-08-13T17:44:22.199+0000] {dag.py:3947} INFO - Setting next_dagrun for example_sensors to None, run_after=None
[2024-08-13T17:44:22.216+0000] {processor.py:183} INFO - Processing /home/airflow/.local/lib/python3.12/site-packages/airflow/example_dags/example_sensors.py took 0.071 seconds
[2024-08-13T17:44:52.967+0000] {processor.py:161} INFO - Started process (PID=1760) to work on /home/airflow/.local/lib/python3.12/site-packages/airflow/example_dags/example_sensors.py
[2024-08-13T17:44:52.968+0000] {processor.py:830} INFO - Processing file /home/airflow/.local/lib/python3.12/site-packages/airflow/example_dags/example_sensors.py for tasks to queue
[2024-08-13T17:44:52.969+0000] {logging_mixin.py:188} INFO - [2024-08-13T17:44:52.969+0000] {dagbag.py:545} INFO - Filling up the DagBag from /home/airflow/.local/lib/python3.12/site-packages/airflow/example_dags/example_sensors.py
[2024-08-13T17:44:53.086+0000] {processor.py:840} INFO - DAG(s) 'example_sensors' retrieved from /home/airflow/.local/lib/python3.12/site-packages/airflow/example_dags/example_sensors.py
[2024-08-13T17:44:53.105+0000] {logging_mixin.py:188} INFO - [2024-08-13T17:44:53.105+0000] {dag.py:3089} INFO - Sync 1 DAGs
[2024-08-13T17:44:53.115+0000] {logging_mixin.py:188} INFO - [2024-08-13T17:44:53.115+0000] {dag.py:3947} INFO - Setting next_dagrun for example_sensors to None, run_after=None
[2024-08-13T17:44:53.132+0000] {processor.py:183} INFO - Processing /home/airflow/.local/lib/python3.12/site-packages/airflow/example_dags/example_sensors.py took 0.169 seconds
[2024-08-13T17:45:23.238+0000] {processor.py:161} INFO - Started process (PID=1818) to work on /home/airflow/.local/lib/python3.12/site-packages/airflow/example_dags/example_sensors.py
[2024-08-13T17:45:23.239+0000] {processor.py:830} INFO - Processing file /home/airflow/.local/lib/python3.12/site-packages/airflow/example_dags/example_sensors.py for tasks to queue
[2024-08-13T17:45:23.240+0000] {logging_mixin.py:188} INFO - [2024-08-13T17:45:23.240+0000] {dagbag.py:545} INFO - Filling up the DagBag from /home/airflow/.local/lib/python3.12/site-packages/airflow/example_dags/example_sensors.py
[2024-08-13T17:45:23.248+0000] {processor.py:840} INFO - DAG(s) 'example_sensors' retrieved from /home/airflow/.local/lib/python3.12/site-packages/airflow/example_dags/example_sensors.py
[2024-08-13T17:45:23.274+0000] {logging_mixin.py:188} INFO - [2024-08-13T17:45:23.273+0000] {dag.py:3089} INFO - Sync 1 DAGs
[2024-08-13T17:45:23.290+0000] {logging_mixin.py:188} INFO - [2024-08-13T17:45:23.290+0000] {dag.py:3947} INFO - Setting next_dagrun for example_sensors to None, run_after=None
[2024-08-13T17:45:23.309+0000] {processor.py:183} INFO - Processing /home/airflow/.local/lib/python3.12/site-packages/airflow/example_dags/example_sensors.py took 0.076 seconds
[2024-08-13T17:45:53.701+0000] {processor.py:161} INFO - Started process (PID=1876) to work on /home/airflow/.local/lib/python3.12/site-packages/airflow/example_dags/example_sensors.py
[2024-08-13T17:45:53.702+0000] {processor.py:830} INFO - Processing file /home/airflow/.local/lib/python3.12/site-packages/airflow/example_dags/example_sensors.py for tasks to queue
[2024-08-13T17:45:53.703+0000] {logging_mixin.py:188} INFO - [2024-08-13T17:45:53.703+0000] {dagbag.py:545} INFO - Filling up the DagBag from /home/airflow/.local/lib/python3.12/site-packages/airflow/example_dags/example_sensors.py
[2024-08-13T17:45:53.710+0000] {processor.py:840} INFO - DAG(s) 'example_sensors' retrieved from /home/airflow/.local/lib/python3.12/site-packages/airflow/example_dags/example_sensors.py
[2024-08-13T17:45:53.734+0000] {logging_mixin.py:188} INFO - [2024-08-13T17:45:53.734+0000] {dag.py:3089} INFO - Sync 1 DAGs
[2024-08-13T17:45:53.745+0000] {logging_mixin.py:188} INFO - [2024-08-13T17:45:53.745+0000] {dag.py:3947} INFO - Setting next_dagrun for example_sensors to None, run_after=None
[2024-08-13T17:45:53.762+0000] {processor.py:183} INFO - Processing /home/airflow/.local/lib/python3.12/site-packages/airflow/example_dags/example_sensors.py took 0.066 seconds
[2024-08-13T17:46:24.185+0000] {processor.py:161} INFO - Started process (PID=1934) to work on /home/airflow/.local/lib/python3.12/site-packages/airflow/example_dags/example_sensors.py
[2024-08-13T17:46:24.186+0000] {processor.py:830} INFO - Processing file /home/airflow/.local/lib/python3.12/site-packages/airflow/example_dags/example_sensors.py for tasks to queue
[2024-08-13T17:46:24.187+0000] {logging_mixin.py:188} INFO - [2024-08-13T17:46:24.187+0000] {dagbag.py:545} INFO - Filling up the DagBag from /home/airflow/.local/lib/python3.12/site-packages/airflow/example_dags/example_sensors.py
[2024-08-13T17:46:24.195+0000] {processor.py:840} INFO - DAG(s) 'example_sensors' retrieved from /home/airflow/.local/lib/python3.12/site-packages/airflow/example_dags/example_sensors.py
[2024-08-13T17:46:24.218+0000] {logging_mixin.py:188} INFO - [2024-08-13T17:46:24.218+0000] {dag.py:3089} INFO - Sync 1 DAGs
[2024-08-13T17:46:24.229+0000] {logging_mixin.py:188} INFO - [2024-08-13T17:46:24.229+0000] {dag.py:3947} INFO - Setting next_dagrun for example_sensors to None, run_after=None
[2024-08-13T17:46:24.247+0000] {processor.py:183} INFO - Processing /home/airflow/.local/lib/python3.12/site-packages/airflow/example_dags/example_sensors.py took 0.066 seconds
[2024-08-13T17:46:54.706+0000] {processor.py:161} INFO - Started process (PID=1992) to work on /home/airflow/.local/lib/python3.12/site-packages/airflow/example_dags/example_sensors.py
[2024-08-13T17:46:54.706+0000] {processor.py:830} INFO - Processing file /home/airflow/.local/lib/python3.12/site-packages/airflow/example_dags/example_sensors.py for tasks to queue
[2024-08-13T17:46:54.708+0000] {logging_mixin.py:188} INFO - [2024-08-13T17:46:54.708+0000] {dagbag.py:545} INFO - Filling up the DagBag from /home/airflow/.local/lib/python3.12/site-packages/airflow/example_dags/example_sensors.py
[2024-08-13T17:46:54.715+0000] {processor.py:840} INFO - DAG(s) 'example_sensors' retrieved from /home/airflow/.local/lib/python3.12/site-packages/airflow/example_dags/example_sensors.py
[2024-08-13T17:46:54.739+0000] {logging_mixin.py:188} INFO - [2024-08-13T17:46:54.739+0000] {dag.py:3089} INFO - Sync 1 DAGs
[2024-08-13T17:46:54.751+0000] {logging_mixin.py:188} INFO - [2024-08-13T17:46:54.750+0000] {dag.py:3947} INFO - Setting next_dagrun for example_sensors to None, run_after=None
[2024-08-13T17:46:54.769+0000] {processor.py:183} INFO - Processing /home/airflow/.local/lib/python3.12/site-packages/airflow/example_dags/example_sensors.py took 0.068 seconds
[2024-08-13T17:47:25.251+0000] {processor.py:161} INFO - Started process (PID=2050) to work on /home/airflow/.local/lib/python3.12/site-packages/airflow/example_dags/example_sensors.py
[2024-08-13T17:47:25.252+0000] {processor.py:830} INFO - Processing file /home/airflow/.local/lib/python3.12/site-packages/airflow/example_dags/example_sensors.py for tasks to queue
[2024-08-13T17:47:25.253+0000] {logging_mixin.py:188} INFO - [2024-08-13T17:47:25.253+0000] {dagbag.py:545} INFO - Filling up the DagBag from /home/airflow/.local/lib/python3.12/site-packages/airflow/example_dags/example_sensors.py
[2024-08-13T17:47:25.261+0000] {processor.py:840} INFO - DAG(s) 'example_sensors' retrieved from /home/airflow/.local/lib/python3.12/site-packages/airflow/example_dags/example_sensors.py
[2024-08-13T17:47:25.285+0000] {logging_mixin.py:188} INFO - [2024-08-13T17:47:25.285+0000] {dag.py:3089} INFO - Sync 1 DAGs
[2024-08-13T17:47:25.296+0000] {logging_mixin.py:188} INFO - [2024-08-13T17:47:25.296+0000] {dag.py:3947} INFO - Setting next_dagrun for example_sensors to None, run_after=None
[2024-08-13T17:47:25.315+0000] {processor.py:183} INFO - Processing /home/airflow/.local/lib/python3.12/site-packages/airflow/example_dags/example_sensors.py took 0.069 seconds
[2024-08-13T17:47:55.653+0000] {processor.py:161} INFO - Started process (PID=2108) to work on /home/airflow/.local/lib/python3.12/site-packages/airflow/example_dags/example_sensors.py
[2024-08-13T17:47:55.654+0000] {processor.py:830} INFO - Processing file /home/airflow/.local/lib/python3.12/site-packages/airflow/example_dags/example_sensors.py for tasks to queue
[2024-08-13T17:47:55.655+0000] {logging_mixin.py:188} INFO - [2024-08-13T17:47:55.655+0000] {dagbag.py:545} INFO - Filling up the DagBag from /home/airflow/.local/lib/python3.12/site-packages/airflow/example_dags/example_sensors.py
[2024-08-13T17:47:55.664+0000] {processor.py:840} INFO - DAG(s) 'example_sensors' retrieved from /home/airflow/.local/lib/python3.12/site-packages/airflow/example_dags/example_sensors.py
[2024-08-13T17:47:55.689+0000] {logging_mixin.py:188} INFO - [2024-08-13T17:47:55.689+0000] {dag.py:3089} INFO - Sync 1 DAGs
[2024-08-13T17:47:55.701+0000] {logging_mixin.py:188} INFO - [2024-08-13T17:47:55.701+0000] {dag.py:3947} INFO - Setting next_dagrun for example_sensors to None, run_after=None
[2024-08-13T17:47:55.719+0000] {processor.py:183} INFO - Processing /home/airflow/.local/lib/python3.12/site-packages/airflow/example_dags/example_sensors.py took 0.072 seconds
[2024-08-13T17:48:26.133+0000] {processor.py:161} INFO - Started process (PID=2166) to work on /home/airflow/.local/lib/python3.12/site-packages/airflow/example_dags/example_sensors.py
[2024-08-13T17:48:26.134+0000] {processor.py:830} INFO - Processing file /home/airflow/.local/lib/python3.12/site-packages/airflow/example_dags/example_sensors.py for tasks to queue
[2024-08-13T17:48:26.135+0000] {logging_mixin.py:188} INFO - [2024-08-13T17:48:26.135+0000] {dagbag.py:545} INFO - Filling up the DagBag from /home/airflow/.local/lib/python3.12/site-packages/airflow/example_dags/example_sensors.py
[2024-08-13T17:48:26.143+0000] {processor.py:840} INFO - DAG(s) 'example_sensors' retrieved from /home/airflow/.local/lib/python3.12/site-packages/airflow/example_dags/example_sensors.py
[2024-08-13T17:48:26.167+0000] {logging_mixin.py:188} INFO - [2024-08-13T17:48:26.166+0000] {dag.py:3089} INFO - Sync 1 DAGs
[2024-08-13T17:48:26.178+0000] {logging_mixin.py:188} INFO - [2024-08-13T17:48:26.177+0000] {dag.py:3947} INFO - Setting next_dagrun for example_sensors to None, run_after=None
[2024-08-13T17:48:26.195+0000] {processor.py:183} INFO - Processing /home/airflow/.local/lib/python3.12/site-packages/airflow/example_dags/example_sensors.py took 0.067 seconds
[2024-08-13T17:48:56.815+0000] {processor.py:161} INFO - Started process (PID=2224) to work on /home/airflow/.local/lib/python3.12/site-packages/airflow/example_dags/example_sensors.py
[2024-08-13T17:48:56.816+0000] {processor.py:830} INFO - Processing file /home/airflow/.local/lib/python3.12/site-packages/airflow/example_dags/example_sensors.py for tasks to queue
[2024-08-13T17:48:56.818+0000] {logging_mixin.py:188} INFO - [2024-08-13T17:48:56.817+0000] {dagbag.py:545} INFO - Filling up the DagBag from /home/airflow/.local/lib/python3.12/site-packages/airflow/example_dags/example_sensors.py
[2024-08-13T17:48:56.825+0000] {processor.py:840} INFO - DAG(s) 'example_sensors' retrieved from /home/airflow/.local/lib/python3.12/site-packages/airflow/example_dags/example_sensors.py
[2024-08-13T17:48:56.848+0000] {logging_mixin.py:188} INFO - [2024-08-13T17:48:56.848+0000] {dag.py:3089} INFO - Sync 1 DAGs
[2024-08-13T17:48:56.859+0000] {logging_mixin.py:188} INFO - [2024-08-13T17:48:56.859+0000] {dag.py:3947} INFO - Setting next_dagrun for example_sensors to None, run_after=None
[2024-08-13T17:48:56.877+0000] {processor.py:183} INFO - Processing /home/airflow/.local/lib/python3.12/site-packages/airflow/example_dags/example_sensors.py took 0.068 seconds
[2024-08-13T17:49:27.227+0000] {processor.py:161} INFO - Started process (PID=2282) to work on /home/airflow/.local/lib/python3.12/site-packages/airflow/example_dags/example_sensors.py
[2024-08-13T17:49:27.227+0000] {processor.py:830} INFO - Processing file /home/airflow/.local/lib/python3.12/site-packages/airflow/example_dags/example_sensors.py for tasks to queue
[2024-08-13T17:49:27.229+0000] {logging_mixin.py:188} INFO - [2024-08-13T17:49:27.228+0000] {dagbag.py:545} INFO - Filling up the DagBag from /home/airflow/.local/lib/python3.12/site-packages/airflow/example_dags/example_sensors.py
[2024-08-13T17:49:27.236+0000] {processor.py:840} INFO - DAG(s) 'example_sensors' retrieved from /home/airflow/.local/lib/python3.12/site-packages/airflow/example_dags/example_sensors.py
[2024-08-13T17:49:27.260+0000] {logging_mixin.py:188} INFO - [2024-08-13T17:49:27.259+0000] {dag.py:3089} INFO - Sync 1 DAGs
[2024-08-13T17:49:27.271+0000] {logging_mixin.py:188} INFO - [2024-08-13T17:49:27.271+0000] {dag.py:3947} INFO - Setting next_dagrun for example_sensors to None, run_after=None
[2024-08-13T17:49:27.290+0000] {processor.py:183} INFO - Processing /home/airflow/.local/lib/python3.12/site-packages/airflow/example_dags/example_sensors.py took 0.068 seconds
[2024-08-13T17:49:57.665+0000] {processor.py:161} INFO - Started process (PID=2340) to work on /home/airflow/.local/lib/python3.12/site-packages/airflow/example_dags/example_sensors.py
[2024-08-13T17:49:57.666+0000] {processor.py:830} INFO - Processing file /home/airflow/.local/lib/python3.12/site-packages/airflow/example_dags/example_sensors.py for tasks to queue
[2024-08-13T17:49:57.667+0000] {logging_mixin.py:188} INFO - [2024-08-13T17:49:57.667+0000] {dagbag.py:545} INFO - Filling up the DagBag from /home/airflow/.local/lib/python3.12/site-packages/airflow/example_dags/example_sensors.py
[2024-08-13T17:49:57.674+0000] {processor.py:840} INFO - DAG(s) 'example_sensors' retrieved from /home/airflow/.local/lib/python3.12/site-packages/airflow/example_dags/example_sensors.py
[2024-08-13T17:49:57.698+0000] {logging_mixin.py:188} INFO - [2024-08-13T17:49:57.698+0000] {dag.py:3089} INFO - Sync 1 DAGs
[2024-08-13T17:49:57.709+0000] {logging_mixin.py:188} INFO - [2024-08-13T17:49:57.708+0000] {dag.py:3947} INFO - Setting next_dagrun for example_sensors to None, run_after=None
[2024-08-13T17:49:57.725+0000] {processor.py:183} INFO - Processing /home/airflow/.local/lib/python3.12/site-packages/airflow/example_dags/example_sensors.py took 0.065 seconds
[2024-08-13T17:50:28.066+0000] {processor.py:161} INFO - Started process (PID=2399) to work on /home/airflow/.local/lib/python3.12/site-packages/airflow/example_dags/example_sensors.py
[2024-08-13T17:50:28.066+0000] {processor.py:830} INFO - Processing file /home/airflow/.local/lib/python3.12/site-packages/airflow/example_dags/example_sensors.py for tasks to queue
[2024-08-13T17:50:28.068+0000] {logging_mixin.py:188} INFO - [2024-08-13T17:50:28.068+0000] {dagbag.py:545} INFO - Filling up the DagBag from /home/airflow/.local/lib/python3.12/site-packages/airflow/example_dags/example_sensors.py
[2024-08-13T17:50:28.075+0000] {processor.py:840} INFO - DAG(s) 'example_sensors' retrieved from /home/airflow/.local/lib/python3.12/site-packages/airflow/example_dags/example_sensors.py
[2024-08-13T17:50:28.099+0000] {logging_mixin.py:188} INFO - [2024-08-13T17:50:28.099+0000] {dag.py:3089} INFO - Sync 1 DAGs
[2024-08-13T17:50:28.111+0000] {logging_mixin.py:188} INFO - [2024-08-13T17:50:28.110+0000] {dag.py:3947} INFO - Setting next_dagrun for example_sensors to None, run_after=None
[2024-08-13T17:50:28.128+0000] {processor.py:183} INFO - Processing /home/airflow/.local/lib/python3.12/site-packages/airflow/example_dags/example_sensors.py took 0.067 seconds
