[2024-08-13T17:30:08.693+0000] {processor.py:161} INFO - Started process (PID=54) to work on /home/airflow/.local/lib/python3.12/site-packages/airflow/example_dags/example_subdag_operator.py
[2024-08-13T17:30:08.693+0000] {processor.py:830} INFO - Processing file /home/airflow/.local/lib/python3.12/site-packages/airflow/example_dags/example_subdag_operator.py for tasks to queue
[2024-08-13T17:30:08.695+0000] {logging_mixin.py:188} INFO - [2024-08-13T17:30:08.694+0000] {dagbag.py:545} INFO - Filling up the DagBag from /home/airflow/.local/lib/python3.12/site-packages/airflow/example_dags/example_subdag_operator.py
[2024-08-13T17:30:08.718+0000] {processor.py:840} INFO - DAG(s) 'example_subdag_operator.section-1', 'example_subdag_operator.section-2', 'example_subdag_operator' retrieved from /home/airflow/.local/lib/python3.12/site-packages/airflow/example_dags/example_subdag_operator.py
[2024-08-13T17:30:08.740+0000] {logging_mixin.py:188} INFO - [2024-08-13T17:30:08.740+0000] {dag.py:3089} INFO - Sync 3 DAGs
[2024-08-13T17:30:08.760+0000] {logging_mixin.py:188} INFO - [2024-08-13T17:30:08.760+0000] {dag.py:3947} INFO - Setting next_dagrun for example_subdag_operator to 2022-01-01 00:00:00+00:00, run_after=2022-01-01 00:00:00+00:00
[2024-08-13T17:30:08.763+0000] {logging_mixin.py:188} INFO - [2024-08-13T17:30:08.763+0000] {dag.py:3947} INFO - Setting next_dagrun for example_subdag_operator.section-1 to None, run_after=None
[2024-08-13T17:30:08.764+0000] {logging_mixin.py:188} INFO - [2024-08-13T17:30:08.764+0000] {dag.py:3947} INFO - Setting next_dagrun for example_subdag_operator.section-2 to None, run_after=None
[2024-08-13T17:30:08.771+0000] {logging_mixin.py:188} INFO - [2024-08-13T17:30:08.771+0000] {dag.py:3089} INFO - Sync 2 DAGs
[2024-08-13T17:30:08.776+0000] {logging_mixin.py:188} INFO - [2024-08-13T17:30:08.776+0000] {dag.py:3947} INFO - Setting next_dagrun for example_subdag_operator.section-1 to None, run_after=None
[2024-08-13T17:30:08.776+0000] {logging_mixin.py:188} INFO - [2024-08-13T17:30:08.776+0000] {dag.py:3947} INFO - Setting next_dagrun for example_subdag_operator.section-2 to None, run_after=None
[2024-08-13T17:30:08.787+0000] {processor.py:183} INFO - Processing /home/airflow/.local/lib/python3.12/site-packages/airflow/example_dags/example_subdag_operator.py took 0.099 seconds
[2024-08-13T17:30:38.967+0000] {processor.py:161} INFO - Started process (PID=111) to work on /home/airflow/.local/lib/python3.12/site-packages/airflow/example_dags/example_subdag_operator.py
[2024-08-13T17:30:38.967+0000] {processor.py:830} INFO - Processing file /home/airflow/.local/lib/python3.12/site-packages/airflow/example_dags/example_subdag_operator.py for tasks to queue
[2024-08-13T17:30:38.969+0000] {logging_mixin.py:188} INFO - [2024-08-13T17:30:38.968+0000] {dagbag.py:545} INFO - Filling up the DagBag from /home/airflow/.local/lib/python3.12/site-packages/airflow/example_dags/example_subdag_operator.py
[2024-08-13T17:30:38.988+0000] {processor.py:840} INFO - DAG(s) 'example_subdag_operator.section-1', 'example_subdag_operator.section-2', 'example_subdag_operator' retrieved from /home/airflow/.local/lib/python3.12/site-packages/airflow/example_dags/example_subdag_operator.py
[2024-08-13T17:30:39.002+0000] {logging_mixin.py:188} INFO - [2024-08-13T17:30:39.001+0000] {dag.py:3089} INFO - Sync 3 DAGs
[2024-08-13T17:30:39.021+0000] {logging_mixin.py:188} INFO - [2024-08-13T17:30:39.021+0000] {dag.py:3947} INFO - Setting next_dagrun for example_subdag_operator to 2022-01-01 00:00:00+00:00, run_after=2022-01-01 00:00:00+00:00
[2024-08-13T17:30:39.024+0000] {logging_mixin.py:188} INFO - [2024-08-13T17:30:39.024+0000] {dag.py:3947} INFO - Setting next_dagrun for example_subdag_operator.section-1 to None, run_after=None
[2024-08-13T17:30:39.026+0000] {logging_mixin.py:188} INFO - [2024-08-13T17:30:39.025+0000] {dag.py:3947} INFO - Setting next_dagrun for example_subdag_operator.section-2 to None, run_after=None
[2024-08-13T17:30:39.032+0000] {logging_mixin.py:188} INFO - [2024-08-13T17:30:39.032+0000] {dag.py:3089} INFO - Sync 2 DAGs
[2024-08-13T17:30:39.037+0000] {logging_mixin.py:188} INFO - [2024-08-13T17:30:39.036+0000] {dag.py:3947} INFO - Setting next_dagrun for example_subdag_operator.section-1 to None, run_after=None
[2024-08-13T17:30:39.037+0000] {logging_mixin.py:188} INFO - [2024-08-13T17:30:39.037+0000] {dag.py:3947} INFO - Setting next_dagrun for example_subdag_operator.section-2 to None, run_after=None
[2024-08-13T17:30:39.047+0000] {processor.py:183} INFO - Processing /home/airflow/.local/lib/python3.12/site-packages/airflow/example_dags/example_subdag_operator.py took 0.085 seconds
[2024-08-13T17:31:09.230+0000] {processor.py:161} INFO - Started process (PID=170) to work on /home/airflow/.local/lib/python3.12/site-packages/airflow/example_dags/example_subdag_operator.py
[2024-08-13T17:31:09.230+0000] {processor.py:830} INFO - Processing file /home/airflow/.local/lib/python3.12/site-packages/airflow/example_dags/example_subdag_operator.py for tasks to queue
[2024-08-13T17:31:09.232+0000] {logging_mixin.py:188} INFO - [2024-08-13T17:31:09.232+0000] {dagbag.py:545} INFO - Filling up the DagBag from /home/airflow/.local/lib/python3.12/site-packages/airflow/example_dags/example_subdag_operator.py
[2024-08-13T17:31:09.254+0000] {processor.py:840} INFO - DAG(s) 'example_subdag_operator.section-1', 'example_subdag_operator.section-2', 'example_subdag_operator' retrieved from /home/airflow/.local/lib/python3.12/site-packages/airflow/example_dags/example_subdag_operator.py
[2024-08-13T17:31:09.270+0000] {logging_mixin.py:188} INFO - [2024-08-13T17:31:09.270+0000] {dag.py:3089} INFO - Sync 3 DAGs
[2024-08-13T17:31:09.295+0000] {logging_mixin.py:188} INFO - [2024-08-13T17:31:09.295+0000] {dag.py:3947} INFO - Setting next_dagrun for example_subdag_operator to 2022-01-01 00:00:00+00:00, run_after=2022-01-01 00:00:00+00:00
[2024-08-13T17:31:09.299+0000] {logging_mixin.py:188} INFO - [2024-08-13T17:31:09.299+0000] {dag.py:3947} INFO - Setting next_dagrun for example_subdag_operator.section-1 to None, run_after=None
[2024-08-13T17:31:09.301+0000] {logging_mixin.py:188} INFO - [2024-08-13T17:31:09.301+0000] {dag.py:3947} INFO - Setting next_dagrun for example_subdag_operator.section-2 to None, run_after=None
[2024-08-13T17:31:09.309+0000] {logging_mixin.py:188} INFO - [2024-08-13T17:31:09.309+0000] {dag.py:3089} INFO - Sync 2 DAGs
[2024-08-13T17:31:09.314+0000] {logging_mixin.py:188} INFO - [2024-08-13T17:31:09.314+0000] {dag.py:3947} INFO - Setting next_dagrun for example_subdag_operator.section-1 to None, run_after=None
[2024-08-13T17:31:09.314+0000] {logging_mixin.py:188} INFO - [2024-08-13T17:31:09.314+0000] {dag.py:3947} INFO - Setting next_dagrun for example_subdag_operator.section-2 to None, run_after=None
[2024-08-13T17:31:09.327+0000] {processor.py:183} INFO - Processing /home/airflow/.local/lib/python3.12/site-packages/airflow/example_dags/example_subdag_operator.py took 0.103 seconds
[2024-08-13T17:31:39.436+0000] {processor.py:161} INFO - Started process (PID=228) to work on /home/airflow/.local/lib/python3.12/site-packages/airflow/example_dags/example_subdag_operator.py
[2024-08-13T17:31:39.436+0000] {processor.py:830} INFO - Processing file /home/airflow/.local/lib/python3.12/site-packages/airflow/example_dags/example_subdag_operator.py for tasks to queue
[2024-08-13T17:31:39.438+0000] {logging_mixin.py:188} INFO - [2024-08-13T17:31:39.438+0000] {dagbag.py:545} INFO - Filling up the DagBag from /home/airflow/.local/lib/python3.12/site-packages/airflow/example_dags/example_subdag_operator.py
[2024-08-13T17:31:39.458+0000] {processor.py:840} INFO - DAG(s) 'example_subdag_operator.section-1', 'example_subdag_operator.section-2', 'example_subdag_operator' retrieved from /home/airflow/.local/lib/python3.12/site-packages/airflow/example_dags/example_subdag_operator.py
[2024-08-13T17:31:39.472+0000] {logging_mixin.py:188} INFO - [2024-08-13T17:31:39.472+0000] {dag.py:3089} INFO - Sync 3 DAGs
[2024-08-13T17:31:39.491+0000] {logging_mixin.py:188} INFO - [2024-08-13T17:31:39.491+0000] {dag.py:3947} INFO - Setting next_dagrun for example_subdag_operator to 2022-01-01 00:00:00+00:00, run_after=2022-01-01 00:00:00+00:00
[2024-08-13T17:31:39.494+0000] {logging_mixin.py:188} INFO - [2024-08-13T17:31:39.494+0000] {dag.py:3947} INFO - Setting next_dagrun for example_subdag_operator.section-1 to None, run_after=None
[2024-08-13T17:31:39.495+0000] {logging_mixin.py:188} INFO - [2024-08-13T17:31:39.495+0000] {dag.py:3947} INFO - Setting next_dagrun for example_subdag_operator.section-2 to None, run_after=None
[2024-08-13T17:31:39.502+0000] {logging_mixin.py:188} INFO - [2024-08-13T17:31:39.502+0000] {dag.py:3089} INFO - Sync 2 DAGs
[2024-08-13T17:31:39.507+0000] {logging_mixin.py:188} INFO - [2024-08-13T17:31:39.507+0000] {dag.py:3947} INFO - Setting next_dagrun for example_subdag_operator.section-1 to None, run_after=None
[2024-08-13T17:31:39.507+0000] {logging_mixin.py:188} INFO - [2024-08-13T17:31:39.507+0000] {dag.py:3947} INFO - Setting next_dagrun for example_subdag_operator.section-2 to None, run_after=None
[2024-08-13T17:31:39.518+0000] {processor.py:183} INFO - Processing /home/airflow/.local/lib/python3.12/site-packages/airflow/example_dags/example_subdag_operator.py took 0.088 seconds
[2024-08-13T17:32:09.555+0000] {processor.py:161} INFO - Started process (PID=286) to work on /home/airflow/.local/lib/python3.12/site-packages/airflow/example_dags/example_subdag_operator.py
[2024-08-13T17:32:09.556+0000] {processor.py:830} INFO - Processing file /home/airflow/.local/lib/python3.12/site-packages/airflow/example_dags/example_subdag_operator.py for tasks to queue
[2024-08-13T17:32:09.557+0000] {logging_mixin.py:188} INFO - [2024-08-13T17:32:09.557+0000] {dagbag.py:545} INFO - Filling up the DagBag from /home/airflow/.local/lib/python3.12/site-packages/airflow/example_dags/example_subdag_operator.py
[2024-08-13T17:32:09.578+0000] {processor.py:840} INFO - DAG(s) 'example_subdag_operator.section-1', 'example_subdag_operator.section-2', 'example_subdag_operator' retrieved from /home/airflow/.local/lib/python3.12/site-packages/airflow/example_dags/example_subdag_operator.py
[2024-08-13T17:32:09.591+0000] {logging_mixin.py:188} INFO - [2024-08-13T17:32:09.591+0000] {dag.py:3089} INFO - Sync 3 DAGs
[2024-08-13T17:32:09.610+0000] {logging_mixin.py:188} INFO - [2024-08-13T17:32:09.609+0000] {dag.py:3947} INFO - Setting next_dagrun for example_subdag_operator to 2022-01-01 00:00:00+00:00, run_after=2022-01-01 00:00:00+00:00
[2024-08-13T17:32:09.613+0000] {logging_mixin.py:188} INFO - [2024-08-13T17:32:09.613+0000] {dag.py:3947} INFO - Setting next_dagrun for example_subdag_operator.section-1 to None, run_after=None
[2024-08-13T17:32:09.614+0000] {logging_mixin.py:188} INFO - [2024-08-13T17:32:09.614+0000] {dag.py:3947} INFO - Setting next_dagrun for example_subdag_operator.section-2 to None, run_after=None
[2024-08-13T17:32:09.620+0000] {logging_mixin.py:188} INFO - [2024-08-13T17:32:09.620+0000] {dag.py:3089} INFO - Sync 2 DAGs
[2024-08-13T17:32:09.625+0000] {logging_mixin.py:188} INFO - [2024-08-13T17:32:09.625+0000] {dag.py:3947} INFO - Setting next_dagrun for example_subdag_operator.section-1 to None, run_after=None
[2024-08-13T17:32:09.625+0000] {logging_mixin.py:188} INFO - [2024-08-13T17:32:09.625+0000] {dag.py:3947} INFO - Setting next_dagrun for example_subdag_operator.section-2 to None, run_after=None
[2024-08-13T17:32:09.637+0000] {processor.py:183} INFO - Processing /home/airflow/.local/lib/python3.12/site-packages/airflow/example_dags/example_subdag_operator.py took 0.086 seconds
[2024-08-13T17:32:40.039+0000] {processor.py:161} INFO - Started process (PID=344) to work on /home/airflow/.local/lib/python3.12/site-packages/airflow/example_dags/example_subdag_operator.py
[2024-08-13T17:32:40.040+0000] {processor.py:830} INFO - Processing file /home/airflow/.local/lib/python3.12/site-packages/airflow/example_dags/example_subdag_operator.py for tasks to queue
[2024-08-13T17:32:40.041+0000] {logging_mixin.py:188} INFO - [2024-08-13T17:32:40.041+0000] {dagbag.py:545} INFO - Filling up the DagBag from /home/airflow/.local/lib/python3.12/site-packages/airflow/example_dags/example_subdag_operator.py
[2024-08-13T17:32:40.062+0000] {processor.py:840} INFO - DAG(s) 'example_subdag_operator.section-1', 'example_subdag_operator.section-2', 'example_subdag_operator' retrieved from /home/airflow/.local/lib/python3.12/site-packages/airflow/example_dags/example_subdag_operator.py
[2024-08-13T17:32:40.075+0000] {logging_mixin.py:188} INFO - [2024-08-13T17:32:40.075+0000] {dag.py:3089} INFO - Sync 3 DAGs
[2024-08-13T17:32:40.094+0000] {logging_mixin.py:188} INFO - [2024-08-13T17:32:40.094+0000] {dag.py:3947} INFO - Setting next_dagrun for example_subdag_operator to 2022-01-01 00:00:00+00:00, run_after=2022-01-01 00:00:00+00:00
[2024-08-13T17:32:40.098+0000] {logging_mixin.py:188} INFO - [2024-08-13T17:32:40.097+0000] {dag.py:3947} INFO - Setting next_dagrun for example_subdag_operator.section-1 to None, run_after=None
[2024-08-13T17:32:40.099+0000] {logging_mixin.py:188} INFO - [2024-08-13T17:32:40.099+0000] {dag.py:3947} INFO - Setting next_dagrun for example_subdag_operator.section-2 to None, run_after=None
[2024-08-13T17:32:40.105+0000] {logging_mixin.py:188} INFO - [2024-08-13T17:32:40.105+0000] {dag.py:3089} INFO - Sync 2 DAGs
[2024-08-13T17:32:40.110+0000] {logging_mixin.py:188} INFO - [2024-08-13T17:32:40.110+0000] {dag.py:3947} INFO - Setting next_dagrun for example_subdag_operator.section-1 to None, run_after=None
[2024-08-13T17:32:40.110+0000] {logging_mixin.py:188} INFO - [2024-08-13T17:32:40.110+0000] {dag.py:3947} INFO - Setting next_dagrun for example_subdag_operator.section-2 to None, run_after=None
[2024-08-13T17:32:40.120+0000] {processor.py:183} INFO - Processing /home/airflow/.local/lib/python3.12/site-packages/airflow/example_dags/example_subdag_operator.py took 0.086 seconds
[2024-08-13T17:33:10.673+0000] {processor.py:161} INFO - Started process (PID=402) to work on /home/airflow/.local/lib/python3.12/site-packages/airflow/example_dags/example_subdag_operator.py
[2024-08-13T17:33:10.674+0000] {processor.py:830} INFO - Processing file /home/airflow/.local/lib/python3.12/site-packages/airflow/example_dags/example_subdag_operator.py for tasks to queue
[2024-08-13T17:33:10.675+0000] {logging_mixin.py:188} INFO - [2024-08-13T17:33:10.675+0000] {dagbag.py:545} INFO - Filling up the DagBag from /home/airflow/.local/lib/python3.12/site-packages/airflow/example_dags/example_subdag_operator.py
[2024-08-13T17:33:10.696+0000] {processor.py:840} INFO - DAG(s) 'example_subdag_operator.section-1', 'example_subdag_operator.section-2', 'example_subdag_operator' retrieved from /home/airflow/.local/lib/python3.12/site-packages/airflow/example_dags/example_subdag_operator.py
[2024-08-13T17:33:10.710+0000] {logging_mixin.py:188} INFO - [2024-08-13T17:33:10.709+0000] {dag.py:3089} INFO - Sync 3 DAGs
[2024-08-13T17:33:10.729+0000] {logging_mixin.py:188} INFO - [2024-08-13T17:33:10.728+0000] {dag.py:3947} INFO - Setting next_dagrun for example_subdag_operator to 2022-01-01 00:00:00+00:00, run_after=2022-01-01 00:00:00+00:00
[2024-08-13T17:33:10.732+0000] {logging_mixin.py:188} INFO - [2024-08-13T17:33:10.732+0000] {dag.py:3947} INFO - Setting next_dagrun for example_subdag_operator.section-1 to None, run_after=None
[2024-08-13T17:33:10.733+0000] {logging_mixin.py:188} INFO - [2024-08-13T17:33:10.733+0000] {dag.py:3947} INFO - Setting next_dagrun for example_subdag_operator.section-2 to None, run_after=None
[2024-08-13T17:33:10.739+0000] {logging_mixin.py:188} INFO - [2024-08-13T17:33:10.739+0000] {dag.py:3089} INFO - Sync 2 DAGs
[2024-08-13T17:33:10.744+0000] {logging_mixin.py:188} INFO - [2024-08-13T17:33:10.744+0000] {dag.py:3947} INFO - Setting next_dagrun for example_subdag_operator.section-1 to None, run_after=None
[2024-08-13T17:33:10.745+0000] {logging_mixin.py:188} INFO - [2024-08-13T17:33:10.745+0000] {dag.py:3947} INFO - Setting next_dagrun for example_subdag_operator.section-2 to None, run_after=None
[2024-08-13T17:33:10.757+0000] {processor.py:183} INFO - Processing /home/airflow/.local/lib/python3.12/site-packages/airflow/example_dags/example_subdag_operator.py took 0.088 seconds
[2024-08-13T17:33:41.311+0000] {processor.py:161} INFO - Started process (PID=460) to work on /home/airflow/.local/lib/python3.12/site-packages/airflow/example_dags/example_subdag_operator.py
[2024-08-13T17:33:41.312+0000] {processor.py:830} INFO - Processing file /home/airflow/.local/lib/python3.12/site-packages/airflow/example_dags/example_subdag_operator.py for tasks to queue
[2024-08-13T17:33:41.313+0000] {logging_mixin.py:188} INFO - [2024-08-13T17:33:41.313+0000] {dagbag.py:545} INFO - Filling up the DagBag from /home/airflow/.local/lib/python3.12/site-packages/airflow/example_dags/example_subdag_operator.py
[2024-08-13T17:33:41.333+0000] {processor.py:840} INFO - DAG(s) 'example_subdag_operator.section-1', 'example_subdag_operator.section-2', 'example_subdag_operator' retrieved from /home/airflow/.local/lib/python3.12/site-packages/airflow/example_dags/example_subdag_operator.py
[2024-08-13T17:33:41.347+0000] {logging_mixin.py:188} INFO - [2024-08-13T17:33:41.346+0000] {dag.py:3089} INFO - Sync 3 DAGs
[2024-08-13T17:33:41.365+0000] {logging_mixin.py:188} INFO - [2024-08-13T17:33:41.365+0000] {dag.py:3947} INFO - Setting next_dagrun for example_subdag_operator to 2022-01-01 00:00:00+00:00, run_after=2022-01-01 00:00:00+00:00
[2024-08-13T17:33:41.369+0000] {logging_mixin.py:188} INFO - [2024-08-13T17:33:41.369+0000] {dag.py:3947} INFO - Setting next_dagrun for example_subdag_operator.section-1 to None, run_after=None
[2024-08-13T17:33:41.370+0000] {logging_mixin.py:188} INFO - [2024-08-13T17:33:41.370+0000] {dag.py:3947} INFO - Setting next_dagrun for example_subdag_operator.section-2 to None, run_after=None
[2024-08-13T17:33:41.377+0000] {logging_mixin.py:188} INFO - [2024-08-13T17:33:41.376+0000] {dag.py:3089} INFO - Sync 2 DAGs
[2024-08-13T17:33:41.381+0000] {logging_mixin.py:188} INFO - [2024-08-13T17:33:41.381+0000] {dag.py:3947} INFO - Setting next_dagrun for example_subdag_operator.section-1 to None, run_after=None
[2024-08-13T17:33:41.381+0000] {logging_mixin.py:188} INFO - [2024-08-13T17:33:41.381+0000] {dag.py:3947} INFO - Setting next_dagrun for example_subdag_operator.section-2 to None, run_after=None
[2024-08-13T17:33:41.392+0000] {processor.py:183} INFO - Processing /home/airflow/.local/lib/python3.12/site-packages/airflow/example_dags/example_subdag_operator.py took 0.085 seconds
[2024-08-13T17:34:11.938+0000] {processor.py:161} INFO - Started process (PID=518) to work on /home/airflow/.local/lib/python3.12/site-packages/airflow/example_dags/example_subdag_operator.py
[2024-08-13T17:34:11.938+0000] {processor.py:830} INFO - Processing file /home/airflow/.local/lib/python3.12/site-packages/airflow/example_dags/example_subdag_operator.py for tasks to queue
[2024-08-13T17:34:11.940+0000] {logging_mixin.py:188} INFO - [2024-08-13T17:34:11.939+0000] {dagbag.py:545} INFO - Filling up the DagBag from /home/airflow/.local/lib/python3.12/site-packages/airflow/example_dags/example_subdag_operator.py
[2024-08-13T17:34:11.959+0000] {processor.py:840} INFO - DAG(s) 'example_subdag_operator.section-1', 'example_subdag_operator.section-2', 'example_subdag_operator' retrieved from /home/airflow/.local/lib/python3.12/site-packages/airflow/example_dags/example_subdag_operator.py
[2024-08-13T17:34:11.973+0000] {logging_mixin.py:188} INFO - [2024-08-13T17:34:11.973+0000] {dag.py:3089} INFO - Sync 3 DAGs
[2024-08-13T17:34:11.992+0000] {logging_mixin.py:188} INFO - [2024-08-13T17:34:11.991+0000] {dag.py:3947} INFO - Setting next_dagrun for example_subdag_operator to 2022-01-01 00:00:00+00:00, run_after=2022-01-01 00:00:00+00:00
[2024-08-13T17:34:11.995+0000] {logging_mixin.py:188} INFO - [2024-08-13T17:34:11.995+0000] {dag.py:3947} INFO - Setting next_dagrun for example_subdag_operator.section-1 to None, run_after=None
[2024-08-13T17:34:11.996+0000] {logging_mixin.py:188} INFO - [2024-08-13T17:34:11.996+0000] {dag.py:3947} INFO - Setting next_dagrun for example_subdag_operator.section-2 to None, run_after=None
[2024-08-13T17:34:12.003+0000] {logging_mixin.py:188} INFO - [2024-08-13T17:34:12.002+0000] {dag.py:3089} INFO - Sync 2 DAGs
[2024-08-13T17:34:12.007+0000] {logging_mixin.py:188} INFO - [2024-08-13T17:34:12.007+0000] {dag.py:3947} INFO - Setting next_dagrun for example_subdag_operator.section-1 to None, run_after=None
[2024-08-13T17:34:12.008+0000] {logging_mixin.py:188} INFO - [2024-08-13T17:34:12.008+0000] {dag.py:3947} INFO - Setting next_dagrun for example_subdag_operator.section-2 to None, run_after=None
[2024-08-13T17:34:12.018+0000] {processor.py:183} INFO - Processing /home/airflow/.local/lib/python3.12/site-packages/airflow/example_dags/example_subdag_operator.py took 0.085 seconds
[2024-08-13T17:34:42.333+0000] {processor.py:161} INFO - Started process (PID=576) to work on /home/airflow/.local/lib/python3.12/site-packages/airflow/example_dags/example_subdag_operator.py
[2024-08-13T17:34:42.334+0000] {processor.py:830} INFO - Processing file /home/airflow/.local/lib/python3.12/site-packages/airflow/example_dags/example_subdag_operator.py for tasks to queue
[2024-08-13T17:34:42.335+0000] {logging_mixin.py:188} INFO - [2024-08-13T17:34:42.335+0000] {dagbag.py:545} INFO - Filling up the DagBag from /home/airflow/.local/lib/python3.12/site-packages/airflow/example_dags/example_subdag_operator.py
[2024-08-13T17:34:42.356+0000] {processor.py:840} INFO - DAG(s) 'example_subdag_operator.section-1', 'example_subdag_operator.section-2', 'example_subdag_operator' retrieved from /home/airflow/.local/lib/python3.12/site-packages/airflow/example_dags/example_subdag_operator.py
[2024-08-13T17:34:42.369+0000] {logging_mixin.py:188} INFO - [2024-08-13T17:34:42.369+0000] {dag.py:3089} INFO - Sync 3 DAGs
[2024-08-13T17:34:42.388+0000] {logging_mixin.py:188} INFO - [2024-08-13T17:34:42.388+0000] {dag.py:3947} INFO - Setting next_dagrun for example_subdag_operator to 2022-01-01 00:00:00+00:00, run_after=2022-01-01 00:00:00+00:00
[2024-08-13T17:34:42.392+0000] {logging_mixin.py:188} INFO - [2024-08-13T17:34:42.391+0000] {dag.py:3947} INFO - Setting next_dagrun for example_subdag_operator.section-1 to None, run_after=None
[2024-08-13T17:34:42.393+0000] {logging_mixin.py:188} INFO - [2024-08-13T17:34:42.393+0000] {dag.py:3947} INFO - Setting next_dagrun for example_subdag_operator.section-2 to None, run_after=None
[2024-08-13T17:34:42.399+0000] {logging_mixin.py:188} INFO - [2024-08-13T17:34:42.399+0000] {dag.py:3089} INFO - Sync 2 DAGs
[2024-08-13T17:34:42.404+0000] {logging_mixin.py:188} INFO - [2024-08-13T17:34:42.404+0000] {dag.py:3947} INFO - Setting next_dagrun for example_subdag_operator.section-1 to None, run_after=None
[2024-08-13T17:34:42.404+0000] {logging_mixin.py:188} INFO - [2024-08-13T17:34:42.404+0000] {dag.py:3947} INFO - Setting next_dagrun for example_subdag_operator.section-2 to None, run_after=None
[2024-08-13T17:34:42.414+0000] {processor.py:183} INFO - Processing /home/airflow/.local/lib/python3.12/site-packages/airflow/example_dags/example_subdag_operator.py took 0.086 seconds
[2024-08-13T17:35:12.906+0000] {processor.py:161} INFO - Started process (PID=634) to work on /home/airflow/.local/lib/python3.12/site-packages/airflow/example_dags/example_subdag_operator.py
[2024-08-13T17:35:12.906+0000] {processor.py:830} INFO - Processing file /home/airflow/.local/lib/python3.12/site-packages/airflow/example_dags/example_subdag_operator.py for tasks to queue
[2024-08-13T17:35:12.908+0000] {logging_mixin.py:188} INFO - [2024-08-13T17:35:12.907+0000] {dagbag.py:545} INFO - Filling up the DagBag from /home/airflow/.local/lib/python3.12/site-packages/airflow/example_dags/example_subdag_operator.py
[2024-08-13T17:35:12.929+0000] {processor.py:840} INFO - DAG(s) 'example_subdag_operator.section-1', 'example_subdag_operator.section-2', 'example_subdag_operator' retrieved from /home/airflow/.local/lib/python3.12/site-packages/airflow/example_dags/example_subdag_operator.py
[2024-08-13T17:35:12.942+0000] {logging_mixin.py:188} INFO - [2024-08-13T17:35:12.942+0000] {dag.py:3089} INFO - Sync 3 DAGs
[2024-08-13T17:35:12.961+0000] {logging_mixin.py:188} INFO - [2024-08-13T17:35:12.961+0000] {dag.py:3947} INFO - Setting next_dagrun for example_subdag_operator to 2022-01-01 00:00:00+00:00, run_after=2022-01-01 00:00:00+00:00
[2024-08-13T17:35:12.964+0000] {logging_mixin.py:188} INFO - [2024-08-13T17:35:12.964+0000] {dag.py:3947} INFO - Setting next_dagrun for example_subdag_operator.section-1 to None, run_after=None
[2024-08-13T17:35:12.966+0000] {logging_mixin.py:188} INFO - [2024-08-13T17:35:12.966+0000] {dag.py:3947} INFO - Setting next_dagrun for example_subdag_operator.section-2 to None, run_after=None
[2024-08-13T17:35:12.972+0000] {logging_mixin.py:188} INFO - [2024-08-13T17:35:12.972+0000] {dag.py:3089} INFO - Sync 2 DAGs
[2024-08-13T17:35:12.977+0000] {logging_mixin.py:188} INFO - [2024-08-13T17:35:12.977+0000] {dag.py:3947} INFO - Setting next_dagrun for example_subdag_operator.section-1 to None, run_after=None
[2024-08-13T17:35:12.977+0000] {logging_mixin.py:188} INFO - [2024-08-13T17:35:12.977+0000] {dag.py:3947} INFO - Setting next_dagrun for example_subdag_operator.section-2 to None, run_after=None
[2024-08-13T17:35:12.988+0000] {processor.py:183} INFO - Processing /home/airflow/.local/lib/python3.12/site-packages/airflow/example_dags/example_subdag_operator.py took 0.087 seconds
[2024-08-13T17:35:43.258+0000] {processor.py:161} INFO - Started process (PID=692) to work on /home/airflow/.local/lib/python3.12/site-packages/airflow/example_dags/example_subdag_operator.py
[2024-08-13T17:35:43.259+0000] {processor.py:830} INFO - Processing file /home/airflow/.local/lib/python3.12/site-packages/airflow/example_dags/example_subdag_operator.py for tasks to queue
[2024-08-13T17:35:43.260+0000] {logging_mixin.py:188} INFO - [2024-08-13T17:35:43.260+0000] {dagbag.py:545} INFO - Filling up the DagBag from /home/airflow/.local/lib/python3.12/site-packages/airflow/example_dags/example_subdag_operator.py
[2024-08-13T17:35:43.281+0000] {processor.py:840} INFO - DAG(s) 'example_subdag_operator.section-1', 'example_subdag_operator.section-2', 'example_subdag_operator' retrieved from /home/airflow/.local/lib/python3.12/site-packages/airflow/example_dags/example_subdag_operator.py
[2024-08-13T17:35:43.295+0000] {logging_mixin.py:188} INFO - [2024-08-13T17:35:43.295+0000] {dag.py:3089} INFO - Sync 3 DAGs
[2024-08-13T17:35:43.314+0000] {logging_mixin.py:188} INFO - [2024-08-13T17:35:43.314+0000] {dag.py:3947} INFO - Setting next_dagrun for example_subdag_operator to 2022-01-01 00:00:00+00:00, run_after=2022-01-01 00:00:00+00:00
[2024-08-13T17:35:43.318+0000] {logging_mixin.py:188} INFO - [2024-08-13T17:35:43.318+0000] {dag.py:3947} INFO - Setting next_dagrun for example_subdag_operator.section-1 to None, run_after=None
[2024-08-13T17:35:43.319+0000] {logging_mixin.py:188} INFO - [2024-08-13T17:35:43.319+0000] {dag.py:3947} INFO - Setting next_dagrun for example_subdag_operator.section-2 to None, run_after=None
[2024-08-13T17:35:43.325+0000] {logging_mixin.py:188} INFO - [2024-08-13T17:35:43.325+0000] {dag.py:3089} INFO - Sync 2 DAGs
[2024-08-13T17:35:43.330+0000] {logging_mixin.py:188} INFO - [2024-08-13T17:35:43.330+0000] {dag.py:3947} INFO - Setting next_dagrun for example_subdag_operator.section-1 to None, run_after=None
[2024-08-13T17:35:43.330+0000] {logging_mixin.py:188} INFO - [2024-08-13T17:35:43.330+0000] {dag.py:3947} INFO - Setting next_dagrun for example_subdag_operator.section-2 to None, run_after=None
[2024-08-13T17:35:43.340+0000] {processor.py:183} INFO - Processing /home/airflow/.local/lib/python3.12/site-packages/airflow/example_dags/example_subdag_operator.py took 0.086 seconds
[2024-08-13T17:36:13.804+0000] {processor.py:161} INFO - Started process (PID=756) to work on /home/airflow/.local/lib/python3.12/site-packages/airflow/example_dags/example_subdag_operator.py
[2024-08-13T17:36:13.804+0000] {processor.py:830} INFO - Processing file /home/airflow/.local/lib/python3.12/site-packages/airflow/example_dags/example_subdag_operator.py for tasks to queue
[2024-08-13T17:36:13.806+0000] {logging_mixin.py:188} INFO - [2024-08-13T17:36:13.806+0000] {dagbag.py:545} INFO - Filling up the DagBag from /home/airflow/.local/lib/python3.12/site-packages/airflow/example_dags/example_subdag_operator.py
[2024-08-13T17:36:13.829+0000] {processor.py:840} INFO - DAG(s) 'example_subdag_operator.section-1', 'example_subdag_operator.section-2', 'example_subdag_operator' retrieved from /home/airflow/.local/lib/python3.12/site-packages/airflow/example_dags/example_subdag_operator.py
[2024-08-13T17:36:13.847+0000] {logging_mixin.py:188} INFO - [2024-08-13T17:36:13.847+0000] {dag.py:3089} INFO - Sync 3 DAGs
[2024-08-13T17:36:13.869+0000] {logging_mixin.py:188} INFO - [2024-08-13T17:36:13.869+0000] {dag.py:3947} INFO - Setting next_dagrun for example_subdag_operator to 2022-01-01 00:00:00+00:00, run_after=2022-01-01 00:00:00+00:00
[2024-08-13T17:36:13.873+0000] {logging_mixin.py:188} INFO - [2024-08-13T17:36:13.872+0000] {dag.py:3947} INFO - Setting next_dagrun for example_subdag_operator.section-1 to None, run_after=None
[2024-08-13T17:36:13.874+0000] {logging_mixin.py:188} INFO - [2024-08-13T17:36:13.874+0000] {dag.py:3947} INFO - Setting next_dagrun for example_subdag_operator.section-2 to None, run_after=None
[2024-08-13T17:36:13.880+0000] {logging_mixin.py:188} INFO - [2024-08-13T17:36:13.880+0000] {dag.py:3089} INFO - Sync 2 DAGs
[2024-08-13T17:36:13.885+0000] {logging_mixin.py:188} INFO - [2024-08-13T17:36:13.885+0000] {dag.py:3947} INFO - Setting next_dagrun for example_subdag_operator.section-1 to None, run_after=None
[2024-08-13T17:36:13.885+0000] {logging_mixin.py:188} INFO - [2024-08-13T17:36:13.885+0000] {dag.py:3947} INFO - Setting next_dagrun for example_subdag_operator.section-2 to None, run_after=None
[2024-08-13T17:36:13.896+0000] {processor.py:183} INFO - Processing /home/airflow/.local/lib/python3.12/site-packages/airflow/example_dags/example_subdag_operator.py took 0.098 seconds
[2024-08-13T17:36:44.369+0000] {processor.py:161} INFO - Started process (PID=814) to work on /home/airflow/.local/lib/python3.12/site-packages/airflow/example_dags/example_subdag_operator.py
[2024-08-13T17:36:44.369+0000] {processor.py:830} INFO - Processing file /home/airflow/.local/lib/python3.12/site-packages/airflow/example_dags/example_subdag_operator.py for tasks to queue
[2024-08-13T17:36:44.371+0000] {logging_mixin.py:188} INFO - [2024-08-13T17:36:44.371+0000] {dagbag.py:545} INFO - Filling up the DagBag from /home/airflow/.local/lib/python3.12/site-packages/airflow/example_dags/example_subdag_operator.py
[2024-08-13T17:36:44.391+0000] {processor.py:840} INFO - DAG(s) 'example_subdag_operator.section-1', 'example_subdag_operator.section-2', 'example_subdag_operator' retrieved from /home/airflow/.local/lib/python3.12/site-packages/airflow/example_dags/example_subdag_operator.py
[2024-08-13T17:36:44.405+0000] {logging_mixin.py:188} INFO - [2024-08-13T17:36:44.405+0000] {dag.py:3089} INFO - Sync 3 DAGs
[2024-08-13T17:36:44.425+0000] {logging_mixin.py:188} INFO - [2024-08-13T17:36:44.424+0000] {dag.py:3947} INFO - Setting next_dagrun for example_subdag_operator to 2022-01-01 00:00:00+00:00, run_after=2022-01-01 00:00:00+00:00
[2024-08-13T17:36:44.428+0000] {logging_mixin.py:188} INFO - [2024-08-13T17:36:44.428+0000] {dag.py:3947} INFO - Setting next_dagrun for example_subdag_operator.section-1 to None, run_after=None
[2024-08-13T17:36:44.429+0000] {logging_mixin.py:188} INFO - [2024-08-13T17:36:44.429+0000] {dag.py:3947} INFO - Setting next_dagrun for example_subdag_operator.section-2 to None, run_after=None
[2024-08-13T17:36:44.436+0000] {logging_mixin.py:188} INFO - [2024-08-13T17:36:44.435+0000] {dag.py:3089} INFO - Sync 2 DAGs
[2024-08-13T17:36:44.441+0000] {logging_mixin.py:188} INFO - [2024-08-13T17:36:44.440+0000] {dag.py:3947} INFO - Setting next_dagrun for example_subdag_operator.section-1 to None, run_after=None
[2024-08-13T17:36:44.441+0000] {logging_mixin.py:188} INFO - [2024-08-13T17:36:44.441+0000] {dag.py:3947} INFO - Setting next_dagrun for example_subdag_operator.section-2 to None, run_after=None
[2024-08-13T17:36:44.451+0000] {processor.py:183} INFO - Processing /home/airflow/.local/lib/python3.12/site-packages/airflow/example_dags/example_subdag_operator.py took 0.087 seconds
[2024-08-13T17:37:14.759+0000] {processor.py:161} INFO - Started process (PID=872) to work on /home/airflow/.local/lib/python3.12/site-packages/airflow/example_dags/example_subdag_operator.py
[2024-08-13T17:37:14.759+0000] {processor.py:830} INFO - Processing file /home/airflow/.local/lib/python3.12/site-packages/airflow/example_dags/example_subdag_operator.py for tasks to queue
[2024-08-13T17:37:14.761+0000] {logging_mixin.py:188} INFO - [2024-08-13T17:37:14.760+0000] {dagbag.py:545} INFO - Filling up the DagBag from /home/airflow/.local/lib/python3.12/site-packages/airflow/example_dags/example_subdag_operator.py
[2024-08-13T17:37:14.780+0000] {processor.py:840} INFO - DAG(s) 'example_subdag_operator.section-1', 'example_subdag_operator.section-2', 'example_subdag_operator' retrieved from /home/airflow/.local/lib/python3.12/site-packages/airflow/example_dags/example_subdag_operator.py
[2024-08-13T17:37:14.794+0000] {logging_mixin.py:188} INFO - [2024-08-13T17:37:14.794+0000] {dag.py:3089} INFO - Sync 3 DAGs
[2024-08-13T17:37:14.813+0000] {logging_mixin.py:188} INFO - [2024-08-13T17:37:14.813+0000] {dag.py:3947} INFO - Setting next_dagrun for example_subdag_operator to 2022-01-01 00:00:00+00:00, run_after=2022-01-01 00:00:00+00:00
[2024-08-13T17:37:14.817+0000] {logging_mixin.py:188} INFO - [2024-08-13T17:37:14.817+0000] {dag.py:3947} INFO - Setting next_dagrun for example_subdag_operator.section-1 to None, run_after=None
[2024-08-13T17:37:14.818+0000] {logging_mixin.py:188} INFO - [2024-08-13T17:37:14.818+0000] {dag.py:3947} INFO - Setting next_dagrun for example_subdag_operator.section-2 to None, run_after=None
[2024-08-13T17:37:14.825+0000] {logging_mixin.py:188} INFO - [2024-08-13T17:37:14.825+0000] {dag.py:3089} INFO - Sync 2 DAGs
[2024-08-13T17:37:14.830+0000] {logging_mixin.py:188} INFO - [2024-08-13T17:37:14.829+0000] {dag.py:3947} INFO - Setting next_dagrun for example_subdag_operator.section-1 to None, run_after=None
[2024-08-13T17:37:14.830+0000] {logging_mixin.py:188} INFO - [2024-08-13T17:37:14.830+0000] {dag.py:3947} INFO - Setting next_dagrun for example_subdag_operator.section-2 to None, run_after=None
[2024-08-13T17:37:14.839+0000] {processor.py:183} INFO - Processing /home/airflow/.local/lib/python3.12/site-packages/airflow/example_dags/example_subdag_operator.py took 0.085 seconds
[2024-08-13T17:37:45.415+0000] {processor.py:161} INFO - Started process (PID=930) to work on /home/airflow/.local/lib/python3.12/site-packages/airflow/example_dags/example_subdag_operator.py
[2024-08-13T17:37:45.416+0000] {processor.py:830} INFO - Processing file /home/airflow/.local/lib/python3.12/site-packages/airflow/example_dags/example_subdag_operator.py for tasks to queue
[2024-08-13T17:37:45.417+0000] {logging_mixin.py:188} INFO - [2024-08-13T17:37:45.417+0000] {dagbag.py:545} INFO - Filling up the DagBag from /home/airflow/.local/lib/python3.12/site-packages/airflow/example_dags/example_subdag_operator.py
[2024-08-13T17:37:45.437+0000] {processor.py:840} INFO - DAG(s) 'example_subdag_operator.section-1', 'example_subdag_operator.section-2', 'example_subdag_operator' retrieved from /home/airflow/.local/lib/python3.12/site-packages/airflow/example_dags/example_subdag_operator.py
[2024-08-13T17:37:45.452+0000] {logging_mixin.py:188} INFO - [2024-08-13T17:37:45.452+0000] {dag.py:3089} INFO - Sync 3 DAGs
[2024-08-13T17:37:45.472+0000] {logging_mixin.py:188} INFO - [2024-08-13T17:37:45.471+0000] {dag.py:3947} INFO - Setting next_dagrun for example_subdag_operator to 2022-01-01 00:00:00+00:00, run_after=2022-01-01 00:00:00+00:00
[2024-08-13T17:37:45.475+0000] {logging_mixin.py:188} INFO - [2024-08-13T17:37:45.475+0000] {dag.py:3947} INFO - Setting next_dagrun for example_subdag_operator.section-1 to None, run_after=None
[2024-08-13T17:37:45.476+0000] {logging_mixin.py:188} INFO - [2024-08-13T17:37:45.476+0000] {dag.py:3947} INFO - Setting next_dagrun for example_subdag_operator.section-2 to None, run_after=None
[2024-08-13T17:37:45.482+0000] {logging_mixin.py:188} INFO - [2024-08-13T17:37:45.482+0000] {dag.py:3089} INFO - Sync 2 DAGs
[2024-08-13T17:37:45.487+0000] {logging_mixin.py:188} INFO - [2024-08-13T17:37:45.487+0000] {dag.py:3947} INFO - Setting next_dagrun for example_subdag_operator.section-1 to None, run_after=None
[2024-08-13T17:37:45.488+0000] {logging_mixin.py:188} INFO - [2024-08-13T17:37:45.488+0000] {dag.py:3947} INFO - Setting next_dagrun for example_subdag_operator.section-2 to None, run_after=None
[2024-08-13T17:37:45.498+0000] {processor.py:183} INFO - Processing /home/airflow/.local/lib/python3.12/site-packages/airflow/example_dags/example_subdag_operator.py took 0.089 seconds
[2024-08-13T17:38:16.010+0000] {processor.py:161} INFO - Started process (PID=988) to work on /home/airflow/.local/lib/python3.12/site-packages/airflow/example_dags/example_subdag_operator.py
[2024-08-13T17:38:16.011+0000] {processor.py:830} INFO - Processing file /home/airflow/.local/lib/python3.12/site-packages/airflow/example_dags/example_subdag_operator.py for tasks to queue
[2024-08-13T17:38:16.012+0000] {logging_mixin.py:188} INFO - [2024-08-13T17:38:16.012+0000] {dagbag.py:545} INFO - Filling up the DagBag from /home/airflow/.local/lib/python3.12/site-packages/airflow/example_dags/example_subdag_operator.py
[2024-08-13T17:38:16.032+0000] {processor.py:840} INFO - DAG(s) 'example_subdag_operator.section-1', 'example_subdag_operator.section-2', 'example_subdag_operator' retrieved from /home/airflow/.local/lib/python3.12/site-packages/airflow/example_dags/example_subdag_operator.py
[2024-08-13T17:38:16.046+0000] {logging_mixin.py:188} INFO - [2024-08-13T17:38:16.045+0000] {dag.py:3089} INFO - Sync 3 DAGs
[2024-08-13T17:38:16.064+0000] {logging_mixin.py:188} INFO - [2024-08-13T17:38:16.064+0000] {dag.py:3947} INFO - Setting next_dagrun for example_subdag_operator to 2022-01-01 00:00:00+00:00, run_after=2022-01-01 00:00:00+00:00
[2024-08-13T17:38:16.069+0000] {logging_mixin.py:188} INFO - [2024-08-13T17:38:16.068+0000] {dag.py:3947} INFO - Setting next_dagrun for example_subdag_operator.section-1 to None, run_after=None
[2024-08-13T17:38:16.070+0000] {logging_mixin.py:188} INFO - [2024-08-13T17:38:16.070+0000] {dag.py:3947} INFO - Setting next_dagrun for example_subdag_operator.section-2 to None, run_after=None
[2024-08-13T17:38:16.076+0000] {logging_mixin.py:188} INFO - [2024-08-13T17:38:16.076+0000] {dag.py:3089} INFO - Sync 2 DAGs
[2024-08-13T17:38:16.081+0000] {logging_mixin.py:188} INFO - [2024-08-13T17:38:16.081+0000] {dag.py:3947} INFO - Setting next_dagrun for example_subdag_operator.section-1 to None, run_after=None
[2024-08-13T17:38:16.082+0000] {logging_mixin.py:188} INFO - [2024-08-13T17:38:16.082+0000] {dag.py:3947} INFO - Setting next_dagrun for example_subdag_operator.section-2 to None, run_after=None
[2024-08-13T17:38:16.092+0000] {processor.py:183} INFO - Processing /home/airflow/.local/lib/python3.12/site-packages/airflow/example_dags/example_subdag_operator.py took 0.087 seconds
[2024-08-13T17:38:46.207+0000] {processor.py:161} INFO - Started process (PID=1046) to work on /home/airflow/.local/lib/python3.12/site-packages/airflow/example_dags/example_subdag_operator.py
[2024-08-13T17:38:46.208+0000] {processor.py:830} INFO - Processing file /home/airflow/.local/lib/python3.12/site-packages/airflow/example_dags/example_subdag_operator.py for tasks to queue
[2024-08-13T17:38:46.210+0000] {logging_mixin.py:188} INFO - [2024-08-13T17:38:46.209+0000] {dagbag.py:545} INFO - Filling up the DagBag from /home/airflow/.local/lib/python3.12/site-packages/airflow/example_dags/example_subdag_operator.py
[2024-08-13T17:38:46.231+0000] {processor.py:840} INFO - DAG(s) 'example_subdag_operator.section-1', 'example_subdag_operator.section-2', 'example_subdag_operator' retrieved from /home/airflow/.local/lib/python3.12/site-packages/airflow/example_dags/example_subdag_operator.py
[2024-08-13T17:38:46.245+0000] {logging_mixin.py:188} INFO - [2024-08-13T17:38:46.245+0000] {dag.py:3089} INFO - Sync 3 DAGs
[2024-08-13T17:38:46.264+0000] {logging_mixin.py:188} INFO - [2024-08-13T17:38:46.264+0000] {dag.py:3947} INFO - Setting next_dagrun for example_subdag_operator to 2022-01-01 00:00:00+00:00, run_after=2022-01-01 00:00:00+00:00
[2024-08-13T17:38:46.268+0000] {logging_mixin.py:188} INFO - [2024-08-13T17:38:46.268+0000] {dag.py:3947} INFO - Setting next_dagrun for example_subdag_operator.section-1 to None, run_after=None
[2024-08-13T17:38:46.269+0000] {logging_mixin.py:188} INFO - [2024-08-13T17:38:46.269+0000] {dag.py:3947} INFO - Setting next_dagrun for example_subdag_operator.section-2 to None, run_after=None
[2024-08-13T17:38:46.277+0000] {logging_mixin.py:188} INFO - [2024-08-13T17:38:46.277+0000] {dag.py:3089} INFO - Sync 2 DAGs
[2024-08-13T17:38:46.282+0000] {logging_mixin.py:188} INFO - [2024-08-13T17:38:46.282+0000] {dag.py:3947} INFO - Setting next_dagrun for example_subdag_operator.section-1 to None, run_after=None
[2024-08-13T17:38:46.283+0000] {logging_mixin.py:188} INFO - [2024-08-13T17:38:46.283+0000] {dag.py:3947} INFO - Setting next_dagrun for example_subdag_operator.section-2 to None, run_after=None
[2024-08-13T17:38:46.292+0000] {processor.py:183} INFO - Processing /home/airflow/.local/lib/python3.12/site-packages/airflow/example_dags/example_subdag_operator.py took 0.090 seconds
[2024-08-13T17:39:16.578+0000] {processor.py:161} INFO - Started process (PID=1104) to work on /home/airflow/.local/lib/python3.12/site-packages/airflow/example_dags/example_subdag_operator.py
[2024-08-13T17:39:16.579+0000] {processor.py:830} INFO - Processing file /home/airflow/.local/lib/python3.12/site-packages/airflow/example_dags/example_subdag_operator.py for tasks to queue
[2024-08-13T17:39:16.580+0000] {logging_mixin.py:188} INFO - [2024-08-13T17:39:16.580+0000] {dagbag.py:545} INFO - Filling up the DagBag from /home/airflow/.local/lib/python3.12/site-packages/airflow/example_dags/example_subdag_operator.py
[2024-08-13T17:39:16.600+0000] {processor.py:840} INFO - DAG(s) 'example_subdag_operator.section-1', 'example_subdag_operator.section-2', 'example_subdag_operator' retrieved from /home/airflow/.local/lib/python3.12/site-packages/airflow/example_dags/example_subdag_operator.py
[2024-08-13T17:39:16.614+0000] {logging_mixin.py:188} INFO - [2024-08-13T17:39:16.614+0000] {dag.py:3089} INFO - Sync 3 DAGs
[2024-08-13T17:39:16.633+0000] {logging_mixin.py:188} INFO - [2024-08-13T17:39:16.632+0000] {dag.py:3947} INFO - Setting next_dagrun for example_subdag_operator to 2022-01-01 00:00:00+00:00, run_after=2022-01-01 00:00:00+00:00
[2024-08-13T17:39:16.636+0000] {logging_mixin.py:188} INFO - [2024-08-13T17:39:16.636+0000] {dag.py:3947} INFO - Setting next_dagrun for example_subdag_operator.section-1 to None, run_after=None
[2024-08-13T17:39:16.637+0000] {logging_mixin.py:188} INFO - [2024-08-13T17:39:16.637+0000] {dag.py:3947} INFO - Setting next_dagrun for example_subdag_operator.section-2 to None, run_after=None
[2024-08-13T17:39:16.644+0000] {logging_mixin.py:188} INFO - [2024-08-13T17:39:16.644+0000] {dag.py:3089} INFO - Sync 2 DAGs
[2024-08-13T17:39:16.649+0000] {logging_mixin.py:188} INFO - [2024-08-13T17:39:16.649+0000] {dag.py:3947} INFO - Setting next_dagrun for example_subdag_operator.section-1 to None, run_after=None
[2024-08-13T17:39:16.649+0000] {logging_mixin.py:188} INFO - [2024-08-13T17:39:16.649+0000] {dag.py:3947} INFO - Setting next_dagrun for example_subdag_operator.section-2 to None, run_after=None
[2024-08-13T17:39:16.660+0000] {processor.py:183} INFO - Processing /home/airflow/.local/lib/python3.12/site-packages/airflow/example_dags/example_subdag_operator.py took 0.087 seconds
[2024-08-13T17:39:47.052+0000] {processor.py:161} INFO - Started process (PID=1162) to work on /home/airflow/.local/lib/python3.12/site-packages/airflow/example_dags/example_subdag_operator.py
[2024-08-13T17:39:47.052+0000] {processor.py:830} INFO - Processing file /home/airflow/.local/lib/python3.12/site-packages/airflow/example_dags/example_subdag_operator.py for tasks to queue
[2024-08-13T17:39:47.054+0000] {logging_mixin.py:188} INFO - [2024-08-13T17:39:47.053+0000] {dagbag.py:545} INFO - Filling up the DagBag from /home/airflow/.local/lib/python3.12/site-packages/airflow/example_dags/example_subdag_operator.py
[2024-08-13T17:39:47.074+0000] {processor.py:840} INFO - DAG(s) 'example_subdag_operator.section-1', 'example_subdag_operator.section-2', 'example_subdag_operator' retrieved from /home/airflow/.local/lib/python3.12/site-packages/airflow/example_dags/example_subdag_operator.py
[2024-08-13T17:39:47.087+0000] {logging_mixin.py:188} INFO - [2024-08-13T17:39:47.087+0000] {dag.py:3089} INFO - Sync 3 DAGs
[2024-08-13T17:39:47.106+0000] {logging_mixin.py:188} INFO - [2024-08-13T17:39:47.106+0000] {dag.py:3947} INFO - Setting next_dagrun for example_subdag_operator to 2022-01-01 00:00:00+00:00, run_after=2022-01-01 00:00:00+00:00
[2024-08-13T17:39:47.110+0000] {logging_mixin.py:188} INFO - [2024-08-13T17:39:47.110+0000] {dag.py:3947} INFO - Setting next_dagrun for example_subdag_operator.section-1 to None, run_after=None
[2024-08-13T17:39:47.111+0000] {logging_mixin.py:188} INFO - [2024-08-13T17:39:47.111+0000] {dag.py:3947} INFO - Setting next_dagrun for example_subdag_operator.section-2 to None, run_after=None
[2024-08-13T17:39:47.117+0000] {logging_mixin.py:188} INFO - [2024-08-13T17:39:47.117+0000] {dag.py:3089} INFO - Sync 2 DAGs
[2024-08-13T17:39:47.122+0000] {logging_mixin.py:188} INFO - [2024-08-13T17:39:47.122+0000] {dag.py:3947} INFO - Setting next_dagrun for example_subdag_operator.section-1 to None, run_after=None
[2024-08-13T17:39:47.123+0000] {logging_mixin.py:188} INFO - [2024-08-13T17:39:47.123+0000] {dag.py:3947} INFO - Setting next_dagrun for example_subdag_operator.section-2 to None, run_after=None
[2024-08-13T17:39:47.133+0000] {processor.py:183} INFO - Processing /home/airflow/.local/lib/python3.12/site-packages/airflow/example_dags/example_subdag_operator.py took 0.086 seconds
[2024-08-13T17:40:17.591+0000] {processor.py:161} INFO - Started process (PID=1220) to work on /home/airflow/.local/lib/python3.12/site-packages/airflow/example_dags/example_subdag_operator.py
[2024-08-13T17:40:17.591+0000] {processor.py:830} INFO - Processing file /home/airflow/.local/lib/python3.12/site-packages/airflow/example_dags/example_subdag_operator.py for tasks to queue
[2024-08-13T17:40:17.593+0000] {logging_mixin.py:188} INFO - [2024-08-13T17:40:17.593+0000] {dagbag.py:545} INFO - Filling up the DagBag from /home/airflow/.local/lib/python3.12/site-packages/airflow/example_dags/example_subdag_operator.py
[2024-08-13T17:40:17.616+0000] {processor.py:840} INFO - DAG(s) 'example_subdag_operator.section-1', 'example_subdag_operator.section-2', 'example_subdag_operator' retrieved from /home/airflow/.local/lib/python3.12/site-packages/airflow/example_dags/example_subdag_operator.py
[2024-08-13T17:40:17.630+0000] {logging_mixin.py:188} INFO - [2024-08-13T17:40:17.630+0000] {dag.py:3089} INFO - Sync 3 DAGs
[2024-08-13T17:40:17.649+0000] {logging_mixin.py:188} INFO - [2024-08-13T17:40:17.648+0000] {dag.py:3947} INFO - Setting next_dagrun for example_subdag_operator to 2022-01-01 00:00:00+00:00, run_after=2022-01-01 00:00:00+00:00
[2024-08-13T17:40:17.652+0000] {logging_mixin.py:188} INFO - [2024-08-13T17:40:17.652+0000] {dag.py:3947} INFO - Setting next_dagrun for example_subdag_operator.section-1 to None, run_after=None
[2024-08-13T17:40:17.653+0000] {logging_mixin.py:188} INFO - [2024-08-13T17:40:17.653+0000] {dag.py:3947} INFO - Setting next_dagrun for example_subdag_operator.section-2 to None, run_after=None
[2024-08-13T17:40:17.660+0000] {logging_mixin.py:188} INFO - [2024-08-13T17:40:17.659+0000] {dag.py:3089} INFO - Sync 2 DAGs
[2024-08-13T17:40:17.665+0000] {logging_mixin.py:188} INFO - [2024-08-13T17:40:17.664+0000] {dag.py:3947} INFO - Setting next_dagrun for example_subdag_operator.section-1 to None, run_after=None
[2024-08-13T17:40:17.665+0000] {logging_mixin.py:188} INFO - [2024-08-13T17:40:17.665+0000] {dag.py:3947} INFO - Setting next_dagrun for example_subdag_operator.section-2 to None, run_after=None
[2024-08-13T17:40:17.675+0000] {processor.py:183} INFO - Processing /home/airflow/.local/lib/python3.12/site-packages/airflow/example_dags/example_subdag_operator.py took 0.089 seconds
[2024-08-13T17:40:48.099+0000] {processor.py:161} INFO - Started process (PID=1278) to work on /home/airflow/.local/lib/python3.12/site-packages/airflow/example_dags/example_subdag_operator.py
[2024-08-13T17:40:48.100+0000] {processor.py:830} INFO - Processing file /home/airflow/.local/lib/python3.12/site-packages/airflow/example_dags/example_subdag_operator.py for tasks to queue
[2024-08-13T17:40:48.101+0000] {logging_mixin.py:188} INFO - [2024-08-13T17:40:48.101+0000] {dagbag.py:545} INFO - Filling up the DagBag from /home/airflow/.local/lib/python3.12/site-packages/airflow/example_dags/example_subdag_operator.py
[2024-08-13T17:40:48.123+0000] {processor.py:840} INFO - DAG(s) 'example_subdag_operator.section-1', 'example_subdag_operator.section-2', 'example_subdag_operator' retrieved from /home/airflow/.local/lib/python3.12/site-packages/airflow/example_dags/example_subdag_operator.py
[2024-08-13T17:40:48.139+0000] {logging_mixin.py:188} INFO - [2024-08-13T17:40:48.139+0000] {dag.py:3089} INFO - Sync 3 DAGs
[2024-08-13T17:40:48.162+0000] {logging_mixin.py:188} INFO - [2024-08-13T17:40:48.161+0000] {dag.py:3947} INFO - Setting next_dagrun for example_subdag_operator to 2022-01-01 00:00:00+00:00, run_after=2022-01-01 00:00:00+00:00
[2024-08-13T17:40:48.166+0000] {logging_mixin.py:188} INFO - [2024-08-13T17:40:48.166+0000] {dag.py:3947} INFO - Setting next_dagrun for example_subdag_operator.section-1 to None, run_after=None
[2024-08-13T17:40:48.167+0000] {logging_mixin.py:188} INFO - [2024-08-13T17:40:48.167+0000] {dag.py:3947} INFO - Setting next_dagrun for example_subdag_operator.section-2 to None, run_after=None
[2024-08-13T17:40:48.175+0000] {logging_mixin.py:188} INFO - [2024-08-13T17:40:48.174+0000] {dag.py:3089} INFO - Sync 2 DAGs
[2024-08-13T17:40:48.180+0000] {logging_mixin.py:188} INFO - [2024-08-13T17:40:48.180+0000] {dag.py:3947} INFO - Setting next_dagrun for example_subdag_operator.section-1 to None, run_after=None
[2024-08-13T17:40:48.181+0000] {logging_mixin.py:188} INFO - [2024-08-13T17:40:48.180+0000] {dag.py:3947} INFO - Setting next_dagrun for example_subdag_operator.section-2 to None, run_after=None
[2024-08-13T17:40:48.192+0000] {processor.py:183} INFO - Processing /home/airflow/.local/lib/python3.12/site-packages/airflow/example_dags/example_subdag_operator.py took 0.099 seconds
[2024-08-13T17:41:18.241+0000] {processor.py:161} INFO - Started process (PID=1336) to work on /home/airflow/.local/lib/python3.12/site-packages/airflow/example_dags/example_subdag_operator.py
[2024-08-13T17:41:18.242+0000] {processor.py:830} INFO - Processing file /home/airflow/.local/lib/python3.12/site-packages/airflow/example_dags/example_subdag_operator.py for tasks to queue
[2024-08-13T17:41:18.243+0000] {logging_mixin.py:188} INFO - [2024-08-13T17:41:18.243+0000] {dagbag.py:545} INFO - Filling up the DagBag from /home/airflow/.local/lib/python3.12/site-packages/airflow/example_dags/example_subdag_operator.py
[2024-08-13T17:41:18.264+0000] {processor.py:840} INFO - DAG(s) 'example_subdag_operator.section-1', 'example_subdag_operator.section-2', 'example_subdag_operator' retrieved from /home/airflow/.local/lib/python3.12/site-packages/airflow/example_dags/example_subdag_operator.py
[2024-08-13T17:41:18.277+0000] {logging_mixin.py:188} INFO - [2024-08-13T17:41:18.277+0000] {dag.py:3089} INFO - Sync 3 DAGs
[2024-08-13T17:41:18.296+0000] {logging_mixin.py:188} INFO - [2024-08-13T17:41:18.296+0000] {dag.py:3947} INFO - Setting next_dagrun for example_subdag_operator to 2022-01-01 00:00:00+00:00, run_after=2022-01-01 00:00:00+00:00
[2024-08-13T17:41:18.300+0000] {logging_mixin.py:188} INFO - [2024-08-13T17:41:18.300+0000] {dag.py:3947} INFO - Setting next_dagrun for example_subdag_operator.section-1 to None, run_after=None
[2024-08-13T17:41:18.302+0000] {logging_mixin.py:188} INFO - [2024-08-13T17:41:18.302+0000] {dag.py:3947} INFO - Setting next_dagrun for example_subdag_operator.section-2 to None, run_after=None
[2024-08-13T17:41:18.308+0000] {logging_mixin.py:188} INFO - [2024-08-13T17:41:18.308+0000] {dag.py:3089} INFO - Sync 2 DAGs
[2024-08-13T17:41:18.313+0000] {logging_mixin.py:188} INFO - [2024-08-13T17:41:18.313+0000] {dag.py:3947} INFO - Setting next_dagrun for example_subdag_operator.section-1 to None, run_after=None
[2024-08-13T17:41:18.314+0000] {logging_mixin.py:188} INFO - [2024-08-13T17:41:18.314+0000] {dag.py:3947} INFO - Setting next_dagrun for example_subdag_operator.section-2 to None, run_after=None
[2024-08-13T17:41:18.324+0000] {processor.py:183} INFO - Processing /home/airflow/.local/lib/python3.12/site-packages/airflow/example_dags/example_subdag_operator.py took 0.089 seconds
[2024-08-13T17:41:48.438+0000] {processor.py:161} INFO - Started process (PID=1394) to work on /home/airflow/.local/lib/python3.12/site-packages/airflow/example_dags/example_subdag_operator.py
[2024-08-13T17:41:48.439+0000] {processor.py:830} INFO - Processing file /home/airflow/.local/lib/python3.12/site-packages/airflow/example_dags/example_subdag_operator.py for tasks to queue
[2024-08-13T17:41:48.440+0000] {logging_mixin.py:188} INFO - [2024-08-13T17:41:48.440+0000] {dagbag.py:545} INFO - Filling up the DagBag from /home/airflow/.local/lib/python3.12/site-packages/airflow/example_dags/example_subdag_operator.py
[2024-08-13T17:41:48.460+0000] {processor.py:840} INFO - DAG(s) 'example_subdag_operator.section-1', 'example_subdag_operator.section-2', 'example_subdag_operator' retrieved from /home/airflow/.local/lib/python3.12/site-packages/airflow/example_dags/example_subdag_operator.py
[2024-08-13T17:41:48.474+0000] {logging_mixin.py:188} INFO - [2024-08-13T17:41:48.474+0000] {dag.py:3089} INFO - Sync 3 DAGs
[2024-08-13T17:41:48.492+0000] {logging_mixin.py:188} INFO - [2024-08-13T17:41:48.492+0000] {dag.py:3947} INFO - Setting next_dagrun for example_subdag_operator to 2022-01-01 00:00:00+00:00, run_after=2022-01-01 00:00:00+00:00
[2024-08-13T17:41:48.496+0000] {logging_mixin.py:188} INFO - [2024-08-13T17:41:48.496+0000] {dag.py:3947} INFO - Setting next_dagrun for example_subdag_operator.section-1 to None, run_after=None
[2024-08-13T17:41:48.497+0000] {logging_mixin.py:188} INFO - [2024-08-13T17:41:48.497+0000] {dag.py:3947} INFO - Setting next_dagrun for example_subdag_operator.section-2 to None, run_after=None
[2024-08-13T17:41:48.503+0000] {logging_mixin.py:188} INFO - [2024-08-13T17:41:48.503+0000] {dag.py:3089} INFO - Sync 2 DAGs
[2024-08-13T17:41:48.508+0000] {logging_mixin.py:188} INFO - [2024-08-13T17:41:48.508+0000] {dag.py:3947} INFO - Setting next_dagrun for example_subdag_operator.section-1 to None, run_after=None
[2024-08-13T17:41:48.509+0000] {logging_mixin.py:188} INFO - [2024-08-13T17:41:48.508+0000] {dag.py:3947} INFO - Setting next_dagrun for example_subdag_operator.section-2 to None, run_after=None
[2024-08-13T17:41:48.519+0000] {processor.py:183} INFO - Processing /home/airflow/.local/lib/python3.12/site-packages/airflow/example_dags/example_subdag_operator.py took 0.086 seconds
[2024-08-13T17:42:18.616+0000] {processor.py:161} INFO - Started process (PID=1452) to work on /home/airflow/.local/lib/python3.12/site-packages/airflow/example_dags/example_subdag_operator.py
[2024-08-13T17:42:18.617+0000] {processor.py:830} INFO - Processing file /home/airflow/.local/lib/python3.12/site-packages/airflow/example_dags/example_subdag_operator.py for tasks to queue
[2024-08-13T17:42:18.619+0000] {logging_mixin.py:188} INFO - [2024-08-13T17:42:18.618+0000] {dagbag.py:545} INFO - Filling up the DagBag from /home/airflow/.local/lib/python3.12/site-packages/airflow/example_dags/example_subdag_operator.py
[2024-08-13T17:42:18.639+0000] {processor.py:840} INFO - DAG(s) 'example_subdag_operator.section-1', 'example_subdag_operator.section-2', 'example_subdag_operator' retrieved from /home/airflow/.local/lib/python3.12/site-packages/airflow/example_dags/example_subdag_operator.py
[2024-08-13T17:42:18.653+0000] {logging_mixin.py:188} INFO - [2024-08-13T17:42:18.653+0000] {dag.py:3089} INFO - Sync 3 DAGs
[2024-08-13T17:42:18.672+0000] {logging_mixin.py:188} INFO - [2024-08-13T17:42:18.672+0000] {dag.py:3947} INFO - Setting next_dagrun for example_subdag_operator to 2022-01-01 00:00:00+00:00, run_after=2022-01-01 00:00:00+00:00
[2024-08-13T17:42:18.676+0000] {logging_mixin.py:188} INFO - [2024-08-13T17:42:18.675+0000] {dag.py:3947} INFO - Setting next_dagrun for example_subdag_operator.section-1 to None, run_after=None
[2024-08-13T17:42:18.677+0000] {logging_mixin.py:188} INFO - [2024-08-13T17:42:18.677+0000] {dag.py:3947} INFO - Setting next_dagrun for example_subdag_operator.section-2 to None, run_after=None
[2024-08-13T17:42:18.684+0000] {logging_mixin.py:188} INFO - [2024-08-13T17:42:18.683+0000] {dag.py:3089} INFO - Sync 2 DAGs
[2024-08-13T17:42:18.689+0000] {logging_mixin.py:188} INFO - [2024-08-13T17:42:18.689+0000] {dag.py:3947} INFO - Setting next_dagrun for example_subdag_operator.section-1 to None, run_after=None
[2024-08-13T17:42:18.689+0000] {logging_mixin.py:188} INFO - [2024-08-13T17:42:18.689+0000] {dag.py:3947} INFO - Setting next_dagrun for example_subdag_operator.section-2 to None, run_after=None
[2024-08-13T17:42:18.700+0000] {processor.py:183} INFO - Processing /home/airflow/.local/lib/python3.12/site-packages/airflow/example_dags/example_subdag_operator.py took 0.088 seconds
[2024-08-13T17:42:48.828+0000] {processor.py:161} INFO - Started process (PID=1510) to work on /home/airflow/.local/lib/python3.12/site-packages/airflow/example_dags/example_subdag_operator.py
[2024-08-13T17:42:48.828+0000] {processor.py:830} INFO - Processing file /home/airflow/.local/lib/python3.12/site-packages/airflow/example_dags/example_subdag_operator.py for tasks to queue
[2024-08-13T17:42:48.830+0000] {logging_mixin.py:188} INFO - [2024-08-13T17:42:48.830+0000] {dagbag.py:545} INFO - Filling up the DagBag from /home/airflow/.local/lib/python3.12/site-packages/airflow/example_dags/example_subdag_operator.py
[2024-08-13T17:42:48.850+0000] {processor.py:840} INFO - DAG(s) 'example_subdag_operator.section-1', 'example_subdag_operator.section-2', 'example_subdag_operator' retrieved from /home/airflow/.local/lib/python3.12/site-packages/airflow/example_dags/example_subdag_operator.py
[2024-08-13T17:42:48.863+0000] {logging_mixin.py:188} INFO - [2024-08-13T17:42:48.863+0000] {dag.py:3089} INFO - Sync 3 DAGs
[2024-08-13T17:42:48.882+0000] {logging_mixin.py:188} INFO - [2024-08-13T17:42:48.882+0000] {dag.py:3947} INFO - Setting next_dagrun for example_subdag_operator to 2022-01-01 00:00:00+00:00, run_after=2022-01-01 00:00:00+00:00
[2024-08-13T17:42:48.886+0000] {logging_mixin.py:188} INFO - [2024-08-13T17:42:48.886+0000] {dag.py:3947} INFO - Setting next_dagrun for example_subdag_operator.section-1 to None, run_after=None
[2024-08-13T17:42:48.888+0000] {logging_mixin.py:188} INFO - [2024-08-13T17:42:48.887+0000] {dag.py:3947} INFO - Setting next_dagrun for example_subdag_operator.section-2 to None, run_after=None
[2024-08-13T17:42:48.894+0000] {logging_mixin.py:188} INFO - [2024-08-13T17:42:48.894+0000] {dag.py:3089} INFO - Sync 2 DAGs
[2024-08-13T17:42:48.900+0000] {logging_mixin.py:188} INFO - [2024-08-13T17:42:48.899+0000] {dag.py:3947} INFO - Setting next_dagrun for example_subdag_operator.section-1 to None, run_after=None
[2024-08-13T17:42:48.900+0000] {logging_mixin.py:188} INFO - [2024-08-13T17:42:48.900+0000] {dag.py:3947} INFO - Setting next_dagrun for example_subdag_operator.section-2 to None, run_after=None
[2024-08-13T17:42:48.912+0000] {processor.py:183} INFO - Processing /home/airflow/.local/lib/python3.12/site-packages/airflow/example_dags/example_subdag_operator.py took 0.089 seconds
[2024-08-13T17:43:19.000+0000] {processor.py:161} INFO - Started process (PID=1568) to work on /home/airflow/.local/lib/python3.12/site-packages/airflow/example_dags/example_subdag_operator.py
[2024-08-13T17:43:19.001+0000] {processor.py:830} INFO - Processing file /home/airflow/.local/lib/python3.12/site-packages/airflow/example_dags/example_subdag_operator.py for tasks to queue
[2024-08-13T17:43:19.002+0000] {logging_mixin.py:188} INFO - [2024-08-13T17:43:19.002+0000] {dagbag.py:545} INFO - Filling up the DagBag from /home/airflow/.local/lib/python3.12/site-packages/airflow/example_dags/example_subdag_operator.py
[2024-08-13T17:43:19.030+0000] {processor.py:840} INFO - DAG(s) 'example_subdag_operator.section-1', 'example_subdag_operator.section-2', 'example_subdag_operator' retrieved from /home/airflow/.local/lib/python3.12/site-packages/airflow/example_dags/example_subdag_operator.py
[2024-08-13T17:43:19.044+0000] {logging_mixin.py:188} INFO - [2024-08-13T17:43:19.044+0000] {dag.py:3089} INFO - Sync 3 DAGs
[2024-08-13T17:43:19.064+0000] {logging_mixin.py:188} INFO - [2024-08-13T17:43:19.064+0000] {dag.py:3947} INFO - Setting next_dagrun for example_subdag_operator to 2022-01-01 00:00:00+00:00, run_after=2022-01-01 00:00:00+00:00
[2024-08-13T17:43:19.068+0000] {logging_mixin.py:188} INFO - [2024-08-13T17:43:19.068+0000] {dag.py:3947} INFO - Setting next_dagrun for example_subdag_operator.section-1 to None, run_after=None
[2024-08-13T17:43:19.069+0000] {logging_mixin.py:188} INFO - [2024-08-13T17:43:19.069+0000] {dag.py:3947} INFO - Setting next_dagrun for example_subdag_operator.section-2 to None, run_after=None
[2024-08-13T17:43:19.076+0000] {logging_mixin.py:188} INFO - [2024-08-13T17:43:19.075+0000] {dag.py:3089} INFO - Sync 2 DAGs
[2024-08-13T17:43:19.081+0000] {logging_mixin.py:188} INFO - [2024-08-13T17:43:19.080+0000] {dag.py:3947} INFO - Setting next_dagrun for example_subdag_operator.section-1 to None, run_after=None
[2024-08-13T17:43:19.081+0000] {logging_mixin.py:188} INFO - [2024-08-13T17:43:19.081+0000] {dag.py:3947} INFO - Setting next_dagrun for example_subdag_operator.section-2 to None, run_after=None
[2024-08-13T17:43:19.090+0000] {processor.py:183} INFO - Processing /home/airflow/.local/lib/python3.12/site-packages/airflow/example_dags/example_subdag_operator.py took 0.096 seconds
[2024-08-13T17:43:49.627+0000] {processor.py:161} INFO - Started process (PID=1626) to work on /home/airflow/.local/lib/python3.12/site-packages/airflow/example_dags/example_subdag_operator.py
[2024-08-13T17:43:49.628+0000] {processor.py:830} INFO - Processing file /home/airflow/.local/lib/python3.12/site-packages/airflow/example_dags/example_subdag_operator.py for tasks to queue
[2024-08-13T17:43:49.629+0000] {logging_mixin.py:188} INFO - [2024-08-13T17:43:49.629+0000] {dagbag.py:545} INFO - Filling up the DagBag from /home/airflow/.local/lib/python3.12/site-packages/airflow/example_dags/example_subdag_operator.py
[2024-08-13T17:43:49.650+0000] {processor.py:840} INFO - DAG(s) 'example_subdag_operator.section-1', 'example_subdag_operator.section-2', 'example_subdag_operator' retrieved from /home/airflow/.local/lib/python3.12/site-packages/airflow/example_dags/example_subdag_operator.py
[2024-08-13T17:43:49.664+0000] {logging_mixin.py:188} INFO - [2024-08-13T17:43:49.664+0000] {dag.py:3089} INFO - Sync 3 DAGs
[2024-08-13T17:43:49.683+0000] {logging_mixin.py:188} INFO - [2024-08-13T17:43:49.683+0000] {dag.py:3947} INFO - Setting next_dagrun for example_subdag_operator to 2022-01-01 00:00:00+00:00, run_after=2022-01-01 00:00:00+00:00
[2024-08-13T17:43:49.689+0000] {logging_mixin.py:188} INFO - [2024-08-13T17:43:49.689+0000] {dag.py:3947} INFO - Setting next_dagrun for example_subdag_operator.section-1 to None, run_after=None
[2024-08-13T17:43:49.691+0000] {logging_mixin.py:188} INFO - [2024-08-13T17:43:49.691+0000] {dag.py:3947} INFO - Setting next_dagrun for example_subdag_operator.section-2 to None, run_after=None
[2024-08-13T17:43:49.699+0000] {logging_mixin.py:188} INFO - [2024-08-13T17:43:49.699+0000] {dag.py:3089} INFO - Sync 2 DAGs
[2024-08-13T17:43:49.704+0000] {logging_mixin.py:188} INFO - [2024-08-13T17:43:49.704+0000] {dag.py:3947} INFO - Setting next_dagrun for example_subdag_operator.section-1 to None, run_after=None
[2024-08-13T17:43:49.704+0000] {logging_mixin.py:188} INFO - [2024-08-13T17:43:49.704+0000] {dag.py:3947} INFO - Setting next_dagrun for example_subdag_operator.section-2 to None, run_after=None
[2024-08-13T17:43:49.713+0000] {processor.py:183} INFO - Processing /home/airflow/.local/lib/python3.12/site-packages/airflow/example_dags/example_subdag_operator.py took 0.090 seconds
[2024-08-13T17:44:20.331+0000] {processor.py:161} INFO - Started process (PID=1684) to work on /home/airflow/.local/lib/python3.12/site-packages/airflow/example_dags/example_subdag_operator.py
[2024-08-13T17:44:20.332+0000] {processor.py:830} INFO - Processing file /home/airflow/.local/lib/python3.12/site-packages/airflow/example_dags/example_subdag_operator.py for tasks to queue
[2024-08-13T17:44:20.333+0000] {logging_mixin.py:188} INFO - [2024-08-13T17:44:20.333+0000] {dagbag.py:545} INFO - Filling up the DagBag from /home/airflow/.local/lib/python3.12/site-packages/airflow/example_dags/example_subdag_operator.py
[2024-08-13T17:44:20.354+0000] {processor.py:840} INFO - DAG(s) 'example_subdag_operator.section-1', 'example_subdag_operator.section-2', 'example_subdag_operator' retrieved from /home/airflow/.local/lib/python3.12/site-packages/airflow/example_dags/example_subdag_operator.py
[2024-08-13T17:44:20.368+0000] {logging_mixin.py:188} INFO - [2024-08-13T17:44:20.368+0000] {dag.py:3089} INFO - Sync 3 DAGs
[2024-08-13T17:44:20.387+0000] {logging_mixin.py:188} INFO - [2024-08-13T17:44:20.386+0000] {dag.py:3947} INFO - Setting next_dagrun for example_subdag_operator to 2022-01-01 00:00:00+00:00, run_after=2022-01-01 00:00:00+00:00
[2024-08-13T17:44:20.390+0000] {logging_mixin.py:188} INFO - [2024-08-13T17:44:20.390+0000] {dag.py:3947} INFO - Setting next_dagrun for example_subdag_operator.section-1 to None, run_after=None
[2024-08-13T17:44:20.391+0000] {logging_mixin.py:188} INFO - [2024-08-13T17:44:20.391+0000] {dag.py:3947} INFO - Setting next_dagrun for example_subdag_operator.section-2 to None, run_after=None
[2024-08-13T17:44:20.398+0000] {logging_mixin.py:188} INFO - [2024-08-13T17:44:20.398+0000] {dag.py:3089} INFO - Sync 2 DAGs
[2024-08-13T17:44:20.403+0000] {logging_mixin.py:188} INFO - [2024-08-13T17:44:20.403+0000] {dag.py:3947} INFO - Setting next_dagrun for example_subdag_operator.section-1 to None, run_after=None
[2024-08-13T17:44:20.403+0000] {logging_mixin.py:188} INFO - [2024-08-13T17:44:20.403+0000] {dag.py:3947} INFO - Setting next_dagrun for example_subdag_operator.section-2 to None, run_after=None
[2024-08-13T17:44:20.412+0000] {processor.py:183} INFO - Processing /home/airflow/.local/lib/python3.12/site-packages/airflow/example_dags/example_subdag_operator.py took 0.086 seconds
[2024-08-13T17:44:50.986+0000] {processor.py:161} INFO - Started process (PID=1742) to work on /home/airflow/.local/lib/python3.12/site-packages/airflow/example_dags/example_subdag_operator.py
[2024-08-13T17:44:50.987+0000] {processor.py:830} INFO - Processing file /home/airflow/.local/lib/python3.12/site-packages/airflow/example_dags/example_subdag_operator.py for tasks to queue
[2024-08-13T17:44:50.988+0000] {logging_mixin.py:188} INFO - [2024-08-13T17:44:50.988+0000] {dagbag.py:545} INFO - Filling up the DagBag from /home/airflow/.local/lib/python3.12/site-packages/airflow/example_dags/example_subdag_operator.py
[2024-08-13T17:44:51.008+0000] {processor.py:840} INFO - DAG(s) 'example_subdag_operator.section-1', 'example_subdag_operator.section-2', 'example_subdag_operator' retrieved from /home/airflow/.local/lib/python3.12/site-packages/airflow/example_dags/example_subdag_operator.py
[2024-08-13T17:44:51.022+0000] {logging_mixin.py:188} INFO - [2024-08-13T17:44:51.022+0000] {dag.py:3089} INFO - Sync 3 DAGs
[2024-08-13T17:44:51.153+0000] {logging_mixin.py:188} INFO - [2024-08-13T17:44:51.152+0000] {dag.py:3947} INFO - Setting next_dagrun for example_subdag_operator to 2022-01-01 00:00:00+00:00, run_after=2022-01-01 00:00:00+00:00
[2024-08-13T17:44:51.156+0000] {logging_mixin.py:188} INFO - [2024-08-13T17:44:51.156+0000] {dag.py:3947} INFO - Setting next_dagrun for example_subdag_operator.section-1 to None, run_after=None
[2024-08-13T17:44:51.157+0000] {logging_mixin.py:188} INFO - [2024-08-13T17:44:51.157+0000] {dag.py:3947} INFO - Setting next_dagrun for example_subdag_operator.section-2 to None, run_after=None
[2024-08-13T17:44:51.163+0000] {logging_mixin.py:188} INFO - [2024-08-13T17:44:51.163+0000] {dag.py:3089} INFO - Sync 2 DAGs
[2024-08-13T17:44:51.168+0000] {logging_mixin.py:188} INFO - [2024-08-13T17:44:51.168+0000] {dag.py:3947} INFO - Setting next_dagrun for example_subdag_operator.section-1 to None, run_after=None
[2024-08-13T17:44:51.168+0000] {logging_mixin.py:188} INFO - [2024-08-13T17:44:51.168+0000] {dag.py:3947} INFO - Setting next_dagrun for example_subdag_operator.section-2 to None, run_after=None
[2024-08-13T17:44:51.178+0000] {processor.py:183} INFO - Processing /home/airflow/.local/lib/python3.12/site-packages/airflow/example_dags/example_subdag_operator.py took 0.197 seconds
[2024-08-13T17:45:21.456+0000] {processor.py:161} INFO - Started process (PID=1800) to work on /home/airflow/.local/lib/python3.12/site-packages/airflow/example_dags/example_subdag_operator.py
[2024-08-13T17:45:21.457+0000] {processor.py:830} INFO - Processing file /home/airflow/.local/lib/python3.12/site-packages/airflow/example_dags/example_subdag_operator.py for tasks to queue
[2024-08-13T17:45:21.458+0000] {logging_mixin.py:188} INFO - [2024-08-13T17:45:21.458+0000] {dagbag.py:545} INFO - Filling up the DagBag from /home/airflow/.local/lib/python3.12/site-packages/airflow/example_dags/example_subdag_operator.py
[2024-08-13T17:45:21.479+0000] {processor.py:840} INFO - DAG(s) 'example_subdag_operator.section-1', 'example_subdag_operator.section-2', 'example_subdag_operator' retrieved from /home/airflow/.local/lib/python3.12/site-packages/airflow/example_dags/example_subdag_operator.py
[2024-08-13T17:45:21.493+0000] {logging_mixin.py:188} INFO - [2024-08-13T17:45:21.493+0000] {dag.py:3089} INFO - Sync 3 DAGs
[2024-08-13T17:45:21.513+0000] {logging_mixin.py:188} INFO - [2024-08-13T17:45:21.512+0000] {dag.py:3947} INFO - Setting next_dagrun for example_subdag_operator to 2022-01-01 00:00:00+00:00, run_after=2022-01-01 00:00:00+00:00
[2024-08-13T17:45:21.516+0000] {logging_mixin.py:188} INFO - [2024-08-13T17:45:21.516+0000] {dag.py:3947} INFO - Setting next_dagrun for example_subdag_operator.section-1 to None, run_after=None
[2024-08-13T17:45:21.517+0000] {logging_mixin.py:188} INFO - [2024-08-13T17:45:21.517+0000] {dag.py:3947} INFO - Setting next_dagrun for example_subdag_operator.section-2 to None, run_after=None
[2024-08-13T17:45:21.524+0000] {logging_mixin.py:188} INFO - [2024-08-13T17:45:21.524+0000] {dag.py:3089} INFO - Sync 2 DAGs
[2024-08-13T17:45:21.529+0000] {logging_mixin.py:188} INFO - [2024-08-13T17:45:21.529+0000] {dag.py:3947} INFO - Setting next_dagrun for example_subdag_operator.section-1 to None, run_after=None
[2024-08-13T17:45:21.530+0000] {logging_mixin.py:188} INFO - [2024-08-13T17:45:21.530+0000] {dag.py:3947} INFO - Setting next_dagrun for example_subdag_operator.section-2 to None, run_after=None
[2024-08-13T17:45:21.540+0000] {processor.py:183} INFO - Processing /home/airflow/.local/lib/python3.12/site-packages/airflow/example_dags/example_subdag_operator.py took 0.089 seconds
[2024-08-13T17:45:51.845+0000] {processor.py:161} INFO - Started process (PID=1858) to work on /home/airflow/.local/lib/python3.12/site-packages/airflow/example_dags/example_subdag_operator.py
[2024-08-13T17:45:51.845+0000] {processor.py:830} INFO - Processing file /home/airflow/.local/lib/python3.12/site-packages/airflow/example_dags/example_subdag_operator.py for tasks to queue
[2024-08-13T17:45:51.847+0000] {logging_mixin.py:188} INFO - [2024-08-13T17:45:51.846+0000] {dagbag.py:545} INFO - Filling up the DagBag from /home/airflow/.local/lib/python3.12/site-packages/airflow/example_dags/example_subdag_operator.py
[2024-08-13T17:45:51.868+0000] {processor.py:840} INFO - DAG(s) 'example_subdag_operator.section-1', 'example_subdag_operator.section-2', 'example_subdag_operator' retrieved from /home/airflow/.local/lib/python3.12/site-packages/airflow/example_dags/example_subdag_operator.py
[2024-08-13T17:45:51.881+0000] {logging_mixin.py:188} INFO - [2024-08-13T17:45:51.881+0000] {dag.py:3089} INFO - Sync 3 DAGs
[2024-08-13T17:45:51.901+0000] {logging_mixin.py:188} INFO - [2024-08-13T17:45:51.901+0000] {dag.py:3947} INFO - Setting next_dagrun for example_subdag_operator to 2022-01-01 00:00:00+00:00, run_after=2022-01-01 00:00:00+00:00
[2024-08-13T17:45:51.905+0000] {logging_mixin.py:188} INFO - [2024-08-13T17:45:51.905+0000] {dag.py:3947} INFO - Setting next_dagrun for example_subdag_operator.section-1 to None, run_after=None
[2024-08-13T17:45:51.906+0000] {logging_mixin.py:188} INFO - [2024-08-13T17:45:51.906+0000] {dag.py:3947} INFO - Setting next_dagrun for example_subdag_operator.section-2 to None, run_after=None
[2024-08-13T17:45:51.913+0000] {logging_mixin.py:188} INFO - [2024-08-13T17:45:51.912+0000] {dag.py:3089} INFO - Sync 2 DAGs
[2024-08-13T17:45:51.918+0000] {logging_mixin.py:188} INFO - [2024-08-13T17:45:51.917+0000] {dag.py:3947} INFO - Setting next_dagrun for example_subdag_operator.section-1 to None, run_after=None
[2024-08-13T17:45:51.918+0000] {logging_mixin.py:188} INFO - [2024-08-13T17:45:51.918+0000] {dag.py:3947} INFO - Setting next_dagrun for example_subdag_operator.section-2 to None, run_after=None
[2024-08-13T17:45:51.928+0000] {processor.py:183} INFO - Processing /home/airflow/.local/lib/python3.12/site-packages/airflow/example_dags/example_subdag_operator.py took 0.089 seconds
[2024-08-13T17:46:22.222+0000] {processor.py:161} INFO - Started process (PID=1916) to work on /home/airflow/.local/lib/python3.12/site-packages/airflow/example_dags/example_subdag_operator.py
[2024-08-13T17:46:22.223+0000] {processor.py:830} INFO - Processing file /home/airflow/.local/lib/python3.12/site-packages/airflow/example_dags/example_subdag_operator.py for tasks to queue
[2024-08-13T17:46:22.224+0000] {logging_mixin.py:188} INFO - [2024-08-13T17:46:22.224+0000] {dagbag.py:545} INFO - Filling up the DagBag from /home/airflow/.local/lib/python3.12/site-packages/airflow/example_dags/example_subdag_operator.py
[2024-08-13T17:46:22.244+0000] {processor.py:840} INFO - DAG(s) 'example_subdag_operator.section-1', 'example_subdag_operator.section-2', 'example_subdag_operator' retrieved from /home/airflow/.local/lib/python3.12/site-packages/airflow/example_dags/example_subdag_operator.py
[2024-08-13T17:46:22.258+0000] {logging_mixin.py:188} INFO - [2024-08-13T17:46:22.258+0000] {dag.py:3089} INFO - Sync 3 DAGs
[2024-08-13T17:46:22.278+0000] {logging_mixin.py:188} INFO - [2024-08-13T17:46:22.278+0000] {dag.py:3947} INFO - Setting next_dagrun for example_subdag_operator to 2022-01-01 00:00:00+00:00, run_after=2022-01-01 00:00:00+00:00
[2024-08-13T17:46:22.281+0000] {logging_mixin.py:188} INFO - [2024-08-13T17:46:22.281+0000] {dag.py:3947} INFO - Setting next_dagrun for example_subdag_operator.section-1 to None, run_after=None
[2024-08-13T17:46:22.283+0000] {logging_mixin.py:188} INFO - [2024-08-13T17:46:22.283+0000] {dag.py:3947} INFO - Setting next_dagrun for example_subdag_operator.section-2 to None, run_after=None
[2024-08-13T17:46:22.289+0000] {logging_mixin.py:188} INFO - [2024-08-13T17:46:22.289+0000] {dag.py:3089} INFO - Sync 2 DAGs
[2024-08-13T17:46:22.295+0000] {logging_mixin.py:188} INFO - [2024-08-13T17:46:22.294+0000] {dag.py:3947} INFO - Setting next_dagrun for example_subdag_operator.section-1 to None, run_after=None
[2024-08-13T17:46:22.295+0000] {logging_mixin.py:188} INFO - [2024-08-13T17:46:22.295+0000] {dag.py:3947} INFO - Setting next_dagrun for example_subdag_operator.section-2 to None, run_after=None
[2024-08-13T17:46:22.306+0000] {processor.py:183} INFO - Processing /home/airflow/.local/lib/python3.12/site-packages/airflow/example_dags/example_subdag_operator.py took 0.089 seconds
[2024-08-13T17:46:52.746+0000] {processor.py:161} INFO - Started process (PID=1974) to work on /home/airflow/.local/lib/python3.12/site-packages/airflow/example_dags/example_subdag_operator.py
[2024-08-13T17:46:52.746+0000] {processor.py:830} INFO - Processing file /home/airflow/.local/lib/python3.12/site-packages/airflow/example_dags/example_subdag_operator.py for tasks to queue
[2024-08-13T17:46:52.748+0000] {logging_mixin.py:188} INFO - [2024-08-13T17:46:52.747+0000] {dagbag.py:545} INFO - Filling up the DagBag from /home/airflow/.local/lib/python3.12/site-packages/airflow/example_dags/example_subdag_operator.py
[2024-08-13T17:46:52.767+0000] {processor.py:840} INFO - DAG(s) 'example_subdag_operator.section-1', 'example_subdag_operator.section-2', 'example_subdag_operator' retrieved from /home/airflow/.local/lib/python3.12/site-packages/airflow/example_dags/example_subdag_operator.py
[2024-08-13T17:46:52.781+0000] {logging_mixin.py:188} INFO - [2024-08-13T17:46:52.781+0000] {dag.py:3089} INFO - Sync 3 DAGs
[2024-08-13T17:46:52.801+0000] {logging_mixin.py:188} INFO - [2024-08-13T17:46:52.800+0000] {dag.py:3947} INFO - Setting next_dagrun for example_subdag_operator to 2022-01-01 00:00:00+00:00, run_after=2022-01-01 00:00:00+00:00
[2024-08-13T17:46:52.804+0000] {logging_mixin.py:188} INFO - [2024-08-13T17:46:52.804+0000] {dag.py:3947} INFO - Setting next_dagrun for example_subdag_operator.section-1 to None, run_after=None
[2024-08-13T17:46:52.806+0000] {logging_mixin.py:188} INFO - [2024-08-13T17:46:52.805+0000] {dag.py:3947} INFO - Setting next_dagrun for example_subdag_operator.section-2 to None, run_after=None
[2024-08-13T17:46:52.812+0000] {logging_mixin.py:188} INFO - [2024-08-13T17:46:52.812+0000] {dag.py:3089} INFO - Sync 2 DAGs
[2024-08-13T17:46:52.817+0000] {logging_mixin.py:188} INFO - [2024-08-13T17:46:52.817+0000] {dag.py:3947} INFO - Setting next_dagrun for example_subdag_operator.section-1 to None, run_after=None
[2024-08-13T17:46:52.817+0000] {logging_mixin.py:188} INFO - [2024-08-13T17:46:52.817+0000] {dag.py:3947} INFO - Setting next_dagrun for example_subdag_operator.section-2 to None, run_after=None
[2024-08-13T17:46:52.828+0000] {processor.py:183} INFO - Processing /home/airflow/.local/lib/python3.12/site-packages/airflow/example_dags/example_subdag_operator.py took 0.087 seconds
[2024-08-13T17:47:23.268+0000] {processor.py:161} INFO - Started process (PID=2032) to work on /home/airflow/.local/lib/python3.12/site-packages/airflow/example_dags/example_subdag_operator.py
[2024-08-13T17:47:23.268+0000] {processor.py:830} INFO - Processing file /home/airflow/.local/lib/python3.12/site-packages/airflow/example_dags/example_subdag_operator.py for tasks to queue
[2024-08-13T17:47:23.270+0000] {logging_mixin.py:188} INFO - [2024-08-13T17:47:23.269+0000] {dagbag.py:545} INFO - Filling up the DagBag from /home/airflow/.local/lib/python3.12/site-packages/airflow/example_dags/example_subdag_operator.py
[2024-08-13T17:47:23.289+0000] {processor.py:840} INFO - DAG(s) 'example_subdag_operator.section-1', 'example_subdag_operator.section-2', 'example_subdag_operator' retrieved from /home/airflow/.local/lib/python3.12/site-packages/airflow/example_dags/example_subdag_operator.py
[2024-08-13T17:47:23.303+0000] {logging_mixin.py:188} INFO - [2024-08-13T17:47:23.303+0000] {dag.py:3089} INFO - Sync 3 DAGs
[2024-08-13T17:47:23.322+0000] {logging_mixin.py:188} INFO - [2024-08-13T17:47:23.322+0000] {dag.py:3947} INFO - Setting next_dagrun for example_subdag_operator to 2022-01-01 00:00:00+00:00, run_after=2022-01-01 00:00:00+00:00
[2024-08-13T17:47:23.326+0000] {logging_mixin.py:188} INFO - [2024-08-13T17:47:23.326+0000] {dag.py:3947} INFO - Setting next_dagrun for example_subdag_operator.section-1 to None, run_after=None
[2024-08-13T17:47:23.327+0000] {logging_mixin.py:188} INFO - [2024-08-13T17:47:23.327+0000] {dag.py:3947} INFO - Setting next_dagrun for example_subdag_operator.section-2 to None, run_after=None
[2024-08-13T17:47:23.333+0000] {logging_mixin.py:188} INFO - [2024-08-13T17:47:23.333+0000] {dag.py:3089} INFO - Sync 2 DAGs
[2024-08-13T17:47:23.338+0000] {logging_mixin.py:188} INFO - [2024-08-13T17:47:23.338+0000] {dag.py:3947} INFO - Setting next_dagrun for example_subdag_operator.section-1 to None, run_after=None
[2024-08-13T17:47:23.339+0000] {logging_mixin.py:188} INFO - [2024-08-13T17:47:23.338+0000] {dag.py:3947} INFO - Setting next_dagrun for example_subdag_operator.section-2 to None, run_after=None
[2024-08-13T17:47:23.347+0000] {processor.py:183} INFO - Processing /home/airflow/.local/lib/python3.12/site-packages/airflow/example_dags/example_subdag_operator.py took 0.085 seconds
[2024-08-13T17:47:53.791+0000] {processor.py:161} INFO - Started process (PID=2090) to work on /home/airflow/.local/lib/python3.12/site-packages/airflow/example_dags/example_subdag_operator.py
[2024-08-13T17:47:53.792+0000] {processor.py:830} INFO - Processing file /home/airflow/.local/lib/python3.12/site-packages/airflow/example_dags/example_subdag_operator.py for tasks to queue
[2024-08-13T17:47:53.793+0000] {logging_mixin.py:188} INFO - [2024-08-13T17:47:53.793+0000] {dagbag.py:545} INFO - Filling up the DagBag from /home/airflow/.local/lib/python3.12/site-packages/airflow/example_dags/example_subdag_operator.py
[2024-08-13T17:47:53.814+0000] {processor.py:840} INFO - DAG(s) 'example_subdag_operator.section-1', 'example_subdag_operator.section-2', 'example_subdag_operator' retrieved from /home/airflow/.local/lib/python3.12/site-packages/airflow/example_dags/example_subdag_operator.py
[2024-08-13T17:47:53.832+0000] {logging_mixin.py:188} INFO - [2024-08-13T17:47:53.832+0000] {dag.py:3089} INFO - Sync 3 DAGs
[2024-08-13T17:47:53.852+0000] {logging_mixin.py:188} INFO - [2024-08-13T17:47:53.851+0000] {dag.py:3947} INFO - Setting next_dagrun for example_subdag_operator to 2022-01-01 00:00:00+00:00, run_after=2022-01-01 00:00:00+00:00
[2024-08-13T17:47:53.855+0000] {logging_mixin.py:188} INFO - [2024-08-13T17:47:53.855+0000] {dag.py:3947} INFO - Setting next_dagrun for example_subdag_operator.section-1 to None, run_after=None
[2024-08-13T17:47:53.857+0000] {logging_mixin.py:188} INFO - [2024-08-13T17:47:53.856+0000] {dag.py:3947} INFO - Setting next_dagrun for example_subdag_operator.section-2 to None, run_after=None
[2024-08-13T17:47:53.863+0000] {logging_mixin.py:188} INFO - [2024-08-13T17:47:53.863+0000] {dag.py:3089} INFO - Sync 2 DAGs
[2024-08-13T17:47:53.868+0000] {logging_mixin.py:188} INFO - [2024-08-13T17:47:53.868+0000] {dag.py:3947} INFO - Setting next_dagrun for example_subdag_operator.section-1 to None, run_after=None
[2024-08-13T17:47:53.868+0000] {logging_mixin.py:188} INFO - [2024-08-13T17:47:53.868+0000] {dag.py:3947} INFO - Setting next_dagrun for example_subdag_operator.section-2 to None, run_after=None
[2024-08-13T17:47:53.877+0000] {processor.py:183} INFO - Processing /home/airflow/.local/lib/python3.12/site-packages/airflow/example_dags/example_subdag_operator.py took 0.092 seconds
[2024-08-13T17:48:24.219+0000] {processor.py:161} INFO - Started process (PID=2148) to work on /home/airflow/.local/lib/python3.12/site-packages/airflow/example_dags/example_subdag_operator.py
[2024-08-13T17:48:24.220+0000] {processor.py:830} INFO - Processing file /home/airflow/.local/lib/python3.12/site-packages/airflow/example_dags/example_subdag_operator.py for tasks to queue
[2024-08-13T17:48:24.221+0000] {logging_mixin.py:188} INFO - [2024-08-13T17:48:24.221+0000] {dagbag.py:545} INFO - Filling up the DagBag from /home/airflow/.local/lib/python3.12/site-packages/airflow/example_dags/example_subdag_operator.py
[2024-08-13T17:48:24.242+0000] {processor.py:840} INFO - DAG(s) 'example_subdag_operator.section-1', 'example_subdag_operator.section-2', 'example_subdag_operator' retrieved from /home/airflow/.local/lib/python3.12/site-packages/airflow/example_dags/example_subdag_operator.py
[2024-08-13T17:48:24.255+0000] {logging_mixin.py:188} INFO - [2024-08-13T17:48:24.255+0000] {dag.py:3089} INFO - Sync 3 DAGs
[2024-08-13T17:48:24.274+0000] {logging_mixin.py:188} INFO - [2024-08-13T17:48:24.274+0000] {dag.py:3947} INFO - Setting next_dagrun for example_subdag_operator to 2022-01-01 00:00:00+00:00, run_after=2022-01-01 00:00:00+00:00
[2024-08-13T17:48:24.278+0000] {logging_mixin.py:188} INFO - [2024-08-13T17:48:24.277+0000] {dag.py:3947} INFO - Setting next_dagrun for example_subdag_operator.section-1 to None, run_after=None
[2024-08-13T17:48:24.279+0000] {logging_mixin.py:188} INFO - [2024-08-13T17:48:24.279+0000] {dag.py:3947} INFO - Setting next_dagrun for example_subdag_operator.section-2 to None, run_after=None
[2024-08-13T17:48:24.285+0000] {logging_mixin.py:188} INFO - [2024-08-13T17:48:24.285+0000] {dag.py:3089} INFO - Sync 2 DAGs
[2024-08-13T17:48:24.290+0000] {logging_mixin.py:188} INFO - [2024-08-13T17:48:24.290+0000] {dag.py:3947} INFO - Setting next_dagrun for example_subdag_operator.section-1 to None, run_after=None
[2024-08-13T17:48:24.291+0000] {logging_mixin.py:188} INFO - [2024-08-13T17:48:24.291+0000] {dag.py:3947} INFO - Setting next_dagrun for example_subdag_operator.section-2 to None, run_after=None
[2024-08-13T17:48:24.302+0000] {processor.py:183} INFO - Processing /home/airflow/.local/lib/python3.12/site-packages/airflow/example_dags/example_subdag_operator.py took 0.087 seconds
[2024-08-13T17:48:54.763+0000] {processor.py:161} INFO - Started process (PID=2206) to work on /home/airflow/.local/lib/python3.12/site-packages/airflow/example_dags/example_subdag_operator.py
[2024-08-13T17:48:54.764+0000] {processor.py:830} INFO - Processing file /home/airflow/.local/lib/python3.12/site-packages/airflow/example_dags/example_subdag_operator.py for tasks to queue
[2024-08-13T17:48:54.765+0000] {logging_mixin.py:188} INFO - [2024-08-13T17:48:54.765+0000] {dagbag.py:545} INFO - Filling up the DagBag from /home/airflow/.local/lib/python3.12/site-packages/airflow/example_dags/example_subdag_operator.py
[2024-08-13T17:48:54.784+0000] {processor.py:840} INFO - DAG(s) 'example_subdag_operator.section-1', 'example_subdag_operator.section-2', 'example_subdag_operator' retrieved from /home/airflow/.local/lib/python3.12/site-packages/airflow/example_dags/example_subdag_operator.py
[2024-08-13T17:48:54.797+0000] {logging_mixin.py:188} INFO - [2024-08-13T17:48:54.797+0000] {dag.py:3089} INFO - Sync 3 DAGs
[2024-08-13T17:48:54.817+0000] {logging_mixin.py:188} INFO - [2024-08-13T17:48:54.817+0000] {dag.py:3947} INFO - Setting next_dagrun for example_subdag_operator to 2022-01-01 00:00:00+00:00, run_after=2022-01-01 00:00:00+00:00
[2024-08-13T17:48:54.820+0000] {logging_mixin.py:188} INFO - [2024-08-13T17:48:54.820+0000] {dag.py:3947} INFO - Setting next_dagrun for example_subdag_operator.section-1 to None, run_after=None
[2024-08-13T17:48:54.822+0000] {logging_mixin.py:188} INFO - [2024-08-13T17:48:54.821+0000] {dag.py:3947} INFO - Setting next_dagrun for example_subdag_operator.section-2 to None, run_after=None
[2024-08-13T17:48:54.828+0000] {logging_mixin.py:188} INFO - [2024-08-13T17:48:54.827+0000] {dag.py:3089} INFO - Sync 2 DAGs
[2024-08-13T17:48:54.832+0000] {logging_mixin.py:188} INFO - [2024-08-13T17:48:54.832+0000] {dag.py:3947} INFO - Setting next_dagrun for example_subdag_operator.section-1 to None, run_after=None
[2024-08-13T17:48:54.833+0000] {logging_mixin.py:188} INFO - [2024-08-13T17:48:54.833+0000] {dag.py:3947} INFO - Setting next_dagrun for example_subdag_operator.section-2 to None, run_after=None
[2024-08-13T17:48:54.842+0000] {processor.py:183} INFO - Processing /home/airflow/.local/lib/python3.12/site-packages/airflow/example_dags/example_subdag_operator.py took 0.083 seconds
[2024-08-13T17:49:25.315+0000] {processor.py:161} INFO - Started process (PID=2264) to work on /home/airflow/.local/lib/python3.12/site-packages/airflow/example_dags/example_subdag_operator.py
[2024-08-13T17:49:25.315+0000] {processor.py:830} INFO - Processing file /home/airflow/.local/lib/python3.12/site-packages/airflow/example_dags/example_subdag_operator.py for tasks to queue
[2024-08-13T17:49:25.317+0000] {logging_mixin.py:188} INFO - [2024-08-13T17:49:25.316+0000] {dagbag.py:545} INFO - Filling up the DagBag from /home/airflow/.local/lib/python3.12/site-packages/airflow/example_dags/example_subdag_operator.py
[2024-08-13T17:49:25.337+0000] {processor.py:840} INFO - DAG(s) 'example_subdag_operator.section-1', 'example_subdag_operator.section-2', 'example_subdag_operator' retrieved from /home/airflow/.local/lib/python3.12/site-packages/airflow/example_dags/example_subdag_operator.py
[2024-08-13T17:49:25.350+0000] {logging_mixin.py:188} INFO - [2024-08-13T17:49:25.350+0000] {dag.py:3089} INFO - Sync 3 DAGs
[2024-08-13T17:49:25.370+0000] {logging_mixin.py:188} INFO - [2024-08-13T17:49:25.370+0000] {dag.py:3947} INFO - Setting next_dagrun for example_subdag_operator to 2022-01-01 00:00:00+00:00, run_after=2022-01-01 00:00:00+00:00
[2024-08-13T17:49:25.373+0000] {logging_mixin.py:188} INFO - [2024-08-13T17:49:25.373+0000] {dag.py:3947} INFO - Setting next_dagrun for example_subdag_operator.section-1 to None, run_after=None
[2024-08-13T17:49:25.375+0000] {logging_mixin.py:188} INFO - [2024-08-13T17:49:25.374+0000] {dag.py:3947} INFO - Setting next_dagrun for example_subdag_operator.section-2 to None, run_after=None
[2024-08-13T17:49:25.381+0000] {logging_mixin.py:188} INFO - [2024-08-13T17:49:25.381+0000] {dag.py:3089} INFO - Sync 2 DAGs
[2024-08-13T17:49:25.386+0000] {logging_mixin.py:188} INFO - [2024-08-13T17:49:25.386+0000] {dag.py:3947} INFO - Setting next_dagrun for example_subdag_operator.section-1 to None, run_after=None
[2024-08-13T17:49:25.386+0000] {logging_mixin.py:188} INFO - [2024-08-13T17:49:25.386+0000] {dag.py:3947} INFO - Setting next_dagrun for example_subdag_operator.section-2 to None, run_after=None
[2024-08-13T17:49:25.396+0000] {processor.py:183} INFO - Processing /home/airflow/.local/lib/python3.12/site-packages/airflow/example_dags/example_subdag_operator.py took 0.087 seconds
[2024-08-13T17:49:55.805+0000] {processor.py:161} INFO - Started process (PID=2322) to work on /home/airflow/.local/lib/python3.12/site-packages/airflow/example_dags/example_subdag_operator.py
[2024-08-13T17:49:55.806+0000] {processor.py:830} INFO - Processing file /home/airflow/.local/lib/python3.12/site-packages/airflow/example_dags/example_subdag_operator.py for tasks to queue
[2024-08-13T17:49:55.807+0000] {logging_mixin.py:188} INFO - [2024-08-13T17:49:55.807+0000] {dagbag.py:545} INFO - Filling up the DagBag from /home/airflow/.local/lib/python3.12/site-packages/airflow/example_dags/example_subdag_operator.py
[2024-08-13T17:49:55.827+0000] {processor.py:840} INFO - DAG(s) 'example_subdag_operator.section-1', 'example_subdag_operator.section-2', 'example_subdag_operator' retrieved from /home/airflow/.local/lib/python3.12/site-packages/airflow/example_dags/example_subdag_operator.py
[2024-08-13T17:49:55.842+0000] {logging_mixin.py:188} INFO - [2024-08-13T17:49:55.841+0000] {dag.py:3089} INFO - Sync 3 DAGs
[2024-08-13T17:49:55.861+0000] {logging_mixin.py:188} INFO - [2024-08-13T17:49:55.861+0000] {dag.py:3947} INFO - Setting next_dagrun for example_subdag_operator to 2022-01-01 00:00:00+00:00, run_after=2022-01-01 00:00:00+00:00
[2024-08-13T17:49:55.866+0000] {logging_mixin.py:188} INFO - [2024-08-13T17:49:55.866+0000] {dag.py:3947} INFO - Setting next_dagrun for example_subdag_operator.section-1 to None, run_after=None
[2024-08-13T17:49:55.867+0000] {logging_mixin.py:188} INFO - [2024-08-13T17:49:55.867+0000] {dag.py:3947} INFO - Setting next_dagrun for example_subdag_operator.section-2 to None, run_after=None
[2024-08-13T17:49:55.874+0000] {logging_mixin.py:188} INFO - [2024-08-13T17:49:55.874+0000] {dag.py:3089} INFO - Sync 2 DAGs
[2024-08-13T17:49:55.880+0000] {logging_mixin.py:188} INFO - [2024-08-13T17:49:55.880+0000] {dag.py:3947} INFO - Setting next_dagrun for example_subdag_operator.section-1 to None, run_after=None
[2024-08-13T17:49:55.880+0000] {logging_mixin.py:188} INFO - [2024-08-13T17:49:55.880+0000] {dag.py:3947} INFO - Setting next_dagrun for example_subdag_operator.section-2 to None, run_after=None
[2024-08-13T17:49:55.892+0000] {processor.py:183} INFO - Processing /home/airflow/.local/lib/python3.12/site-packages/airflow/example_dags/example_subdag_operator.py took 0.092 seconds
[2024-08-13T17:50:26.209+0000] {processor.py:161} INFO - Started process (PID=2381) to work on /home/airflow/.local/lib/python3.12/site-packages/airflow/example_dags/example_subdag_operator.py
[2024-08-13T17:50:26.210+0000] {processor.py:830} INFO - Processing file /home/airflow/.local/lib/python3.12/site-packages/airflow/example_dags/example_subdag_operator.py for tasks to queue
[2024-08-13T17:50:26.211+0000] {logging_mixin.py:188} INFO - [2024-08-13T17:50:26.211+0000] {dagbag.py:545} INFO - Filling up the DagBag from /home/airflow/.local/lib/python3.12/site-packages/airflow/example_dags/example_subdag_operator.py
[2024-08-13T17:50:26.232+0000] {processor.py:840} INFO - DAG(s) 'example_subdag_operator.section-1', 'example_subdag_operator.section-2', 'example_subdag_operator' retrieved from /home/airflow/.local/lib/python3.12/site-packages/airflow/example_dags/example_subdag_operator.py
[2024-08-13T17:50:26.246+0000] {logging_mixin.py:188} INFO - [2024-08-13T17:50:26.246+0000] {dag.py:3089} INFO - Sync 3 DAGs
[2024-08-13T17:50:26.265+0000] {logging_mixin.py:188} INFO - [2024-08-13T17:50:26.264+0000] {dag.py:3947} INFO - Setting next_dagrun for example_subdag_operator to 2022-01-01 00:00:00+00:00, run_after=2022-01-01 00:00:00+00:00
[2024-08-13T17:50:26.268+0000] {logging_mixin.py:188} INFO - [2024-08-13T17:50:26.268+0000] {dag.py:3947} INFO - Setting next_dagrun for example_subdag_operator.section-1 to None, run_after=None
[2024-08-13T17:50:26.269+0000] {logging_mixin.py:188} INFO - [2024-08-13T17:50:26.269+0000] {dag.py:3947} INFO - Setting next_dagrun for example_subdag_operator.section-2 to None, run_after=None
[2024-08-13T17:50:26.276+0000] {logging_mixin.py:188} INFO - [2024-08-13T17:50:26.276+0000] {dag.py:3089} INFO - Sync 2 DAGs
[2024-08-13T17:50:26.281+0000] {logging_mixin.py:188} INFO - [2024-08-13T17:50:26.280+0000] {dag.py:3947} INFO - Setting next_dagrun for example_subdag_operator.section-1 to None, run_after=None
[2024-08-13T17:50:26.281+0000] {logging_mixin.py:188} INFO - [2024-08-13T17:50:26.281+0000] {dag.py:3947} INFO - Setting next_dagrun for example_subdag_operator.section-2 to None, run_after=None
[2024-08-13T17:50:26.293+0000] {processor.py:183} INFO - Processing /home/airflow/.local/lib/python3.12/site-packages/airflow/example_dags/example_subdag_operator.py took 0.088 seconds
