[2024-08-13T17:30:10.471+0000] {processor.py:161} INFO - Started process (PID=84) to work on /home/airflow/.local/lib/python3.12/site-packages/airflow/example_dags/example_setup_teardown_taskflow.py
[2024-08-13T17:30:10.472+0000] {processor.py:830} INFO - Processing file /home/airflow/.local/lib/python3.12/site-packages/airflow/example_dags/example_setup_teardown_taskflow.py for tasks to queue
[2024-08-13T17:30:10.474+0000] {logging_mixin.py:188} INFO - [2024-08-13T17:30:10.473+0000] {dagbag.py:545} INFO - Filling up the DagBag from /home/airflow/.local/lib/python3.12/site-packages/airflow/example_dags/example_setup_teardown_taskflow.py
[2024-08-13T17:30:10.481+0000] {processor.py:840} INFO - DAG(s) 'example_setup_teardown_taskflow' retrieved from /home/airflow/.local/lib/python3.12/site-packages/airflow/example_dags/example_setup_teardown_taskflow.py
[2024-08-13T17:30:10.501+0000] {logging_mixin.py:188} INFO - [2024-08-13T17:30:10.501+0000] {dag.py:3089} INFO - Sync 1 DAGs
[2024-08-13T17:30:10.521+0000] {logging_mixin.py:188} INFO - [2024-08-13T17:30:10.521+0000] {dag.py:3947} INFO - Setting next_dagrun for example_setup_teardown_taskflow to 2024-08-12 00:00:00+00:00, run_after=2024-08-13 00:00:00+00:00
[2024-08-13T17:30:10.538+0000] {processor.py:183} INFO - Processing /home/airflow/.local/lib/python3.12/site-packages/airflow/example_dags/example_setup_teardown_taskflow.py took 0.072 seconds
[2024-08-13T17:30:40.627+0000] {processor.py:161} INFO - Started process (PID=142) to work on /home/airflow/.local/lib/python3.12/site-packages/airflow/example_dags/example_setup_teardown_taskflow.py
[2024-08-13T17:30:40.628+0000] {processor.py:830} INFO - Processing file /home/airflow/.local/lib/python3.12/site-packages/airflow/example_dags/example_setup_teardown_taskflow.py for tasks to queue
[2024-08-13T17:30:40.629+0000] {logging_mixin.py:188} INFO - [2024-08-13T17:30:40.629+0000] {dagbag.py:545} INFO - Filling up the DagBag from /home/airflow/.local/lib/python3.12/site-packages/airflow/example_dags/example_setup_teardown_taskflow.py
[2024-08-13T17:30:40.637+0000] {processor.py:840} INFO - DAG(s) 'example_setup_teardown_taskflow' retrieved from /home/airflow/.local/lib/python3.12/site-packages/airflow/example_dags/example_setup_teardown_taskflow.py
[2024-08-13T17:30:40.656+0000] {logging_mixin.py:188} INFO - [2024-08-13T17:30:40.656+0000] {dag.py:3089} INFO - Sync 1 DAGs
[2024-08-13T17:30:40.675+0000] {logging_mixin.py:188} INFO - [2024-08-13T17:30:40.675+0000] {dag.py:3947} INFO - Setting next_dagrun for example_setup_teardown_taskflow to 2024-08-12 00:00:00+00:00, run_after=2024-08-13 00:00:00+00:00
[2024-08-13T17:30:40.692+0000] {processor.py:183} INFO - Processing /home/airflow/.local/lib/python3.12/site-packages/airflow/example_dags/example_setup_teardown_taskflow.py took 0.069 seconds
[2024-08-13T17:31:10.742+0000] {processor.py:161} INFO - Started process (PID=199) to work on /home/airflow/.local/lib/python3.12/site-packages/airflow/example_dags/example_setup_teardown_taskflow.py
[2024-08-13T17:31:10.743+0000] {processor.py:830} INFO - Processing file /home/airflow/.local/lib/python3.12/site-packages/airflow/example_dags/example_setup_teardown_taskflow.py for tasks to queue
[2024-08-13T17:31:10.744+0000] {logging_mixin.py:188} INFO - [2024-08-13T17:31:10.744+0000] {dagbag.py:545} INFO - Filling up the DagBag from /home/airflow/.local/lib/python3.12/site-packages/airflow/example_dags/example_setup_teardown_taskflow.py
[2024-08-13T17:31:10.754+0000] {processor.py:840} INFO - DAG(s) 'example_setup_teardown_taskflow' retrieved from /home/airflow/.local/lib/python3.12/site-packages/airflow/example_dags/example_setup_teardown_taskflow.py
[2024-08-13T17:31:10.777+0000] {logging_mixin.py:188} INFO - [2024-08-13T17:31:10.777+0000] {dag.py:3089} INFO - Sync 1 DAGs
[2024-08-13T17:31:10.807+0000] {logging_mixin.py:188} INFO - [2024-08-13T17:31:10.807+0000] {dag.py:3947} INFO - Setting next_dagrun for example_setup_teardown_taskflow to 2024-08-12 00:00:00+00:00, run_after=2024-08-13 00:00:00+00:00
[2024-08-13T17:31:10.831+0000] {processor.py:183} INFO - Processing /home/airflow/.local/lib/python3.12/site-packages/airflow/example_dags/example_setup_teardown_taskflow.py took 0.094 seconds
[2024-08-13T17:31:40.931+0000] {processor.py:161} INFO - Started process (PID=257) to work on /home/airflow/.local/lib/python3.12/site-packages/airflow/example_dags/example_setup_teardown_taskflow.py
[2024-08-13T17:31:40.932+0000] {processor.py:830} INFO - Processing file /home/airflow/.local/lib/python3.12/site-packages/airflow/example_dags/example_setup_teardown_taskflow.py for tasks to queue
[2024-08-13T17:31:40.933+0000] {logging_mixin.py:188} INFO - [2024-08-13T17:31:40.933+0000] {dagbag.py:545} INFO - Filling up the DagBag from /home/airflow/.local/lib/python3.12/site-packages/airflow/example_dags/example_setup_teardown_taskflow.py
[2024-08-13T17:31:40.941+0000] {processor.py:840} INFO - DAG(s) 'example_setup_teardown_taskflow' retrieved from /home/airflow/.local/lib/python3.12/site-packages/airflow/example_dags/example_setup_teardown_taskflow.py
[2024-08-13T17:31:40.959+0000] {logging_mixin.py:188} INFO - [2024-08-13T17:31:40.959+0000] {dag.py:3089} INFO - Sync 1 DAGs
[2024-08-13T17:31:40.979+0000] {logging_mixin.py:188} INFO - [2024-08-13T17:31:40.979+0000] {dag.py:3947} INFO - Setting next_dagrun for example_setup_teardown_taskflow to 2024-08-12 00:00:00+00:00, run_after=2024-08-13 00:00:00+00:00
[2024-08-13T17:31:40.994+0000] {processor.py:183} INFO - Processing /home/airflow/.local/lib/python3.12/site-packages/airflow/example_dags/example_setup_teardown_taskflow.py took 0.068 seconds
[2024-08-13T17:32:11.030+0000] {processor.py:161} INFO - Started process (PID=315) to work on /home/airflow/.local/lib/python3.12/site-packages/airflow/example_dags/example_setup_teardown_taskflow.py
[2024-08-13T17:32:11.031+0000] {processor.py:830} INFO - Processing file /home/airflow/.local/lib/python3.12/site-packages/airflow/example_dags/example_setup_teardown_taskflow.py for tasks to queue
[2024-08-13T17:32:11.032+0000] {logging_mixin.py:188} INFO - [2024-08-13T17:32:11.032+0000] {dagbag.py:545} INFO - Filling up the DagBag from /home/airflow/.local/lib/python3.12/site-packages/airflow/example_dags/example_setup_teardown_taskflow.py
[2024-08-13T17:32:11.039+0000] {processor.py:840} INFO - DAG(s) 'example_setup_teardown_taskflow' retrieved from /home/airflow/.local/lib/python3.12/site-packages/airflow/example_dags/example_setup_teardown_taskflow.py
[2024-08-13T17:32:11.059+0000] {logging_mixin.py:188} INFO - [2024-08-13T17:32:11.059+0000] {dag.py:3089} INFO - Sync 1 DAGs
[2024-08-13T17:32:11.079+0000] {logging_mixin.py:188} INFO - [2024-08-13T17:32:11.078+0000] {dag.py:3947} INFO - Setting next_dagrun for example_setup_teardown_taskflow to 2024-08-12 00:00:00+00:00, run_after=2024-08-13 00:00:00+00:00
[2024-08-13T17:32:11.095+0000] {processor.py:183} INFO - Processing /home/airflow/.local/lib/python3.12/site-packages/airflow/example_dags/example_setup_teardown_taskflow.py took 0.070 seconds
[2024-08-13T17:32:41.543+0000] {processor.py:161} INFO - Started process (PID=373) to work on /home/airflow/.local/lib/python3.12/site-packages/airflow/example_dags/example_setup_teardown_taskflow.py
[2024-08-13T17:32:41.543+0000] {processor.py:830} INFO - Processing file /home/airflow/.local/lib/python3.12/site-packages/airflow/example_dags/example_setup_teardown_taskflow.py for tasks to queue
[2024-08-13T17:32:41.545+0000] {logging_mixin.py:188} INFO - [2024-08-13T17:32:41.545+0000] {dagbag.py:545} INFO - Filling up the DagBag from /home/airflow/.local/lib/python3.12/site-packages/airflow/example_dags/example_setup_teardown_taskflow.py
[2024-08-13T17:32:41.552+0000] {processor.py:840} INFO - DAG(s) 'example_setup_teardown_taskflow' retrieved from /home/airflow/.local/lib/python3.12/site-packages/airflow/example_dags/example_setup_teardown_taskflow.py
[2024-08-13T17:32:41.572+0000] {logging_mixin.py:188} INFO - [2024-08-13T17:32:41.572+0000] {dag.py:3089} INFO - Sync 1 DAGs
[2024-08-13T17:32:41.591+0000] {logging_mixin.py:188} INFO - [2024-08-13T17:32:41.590+0000] {dag.py:3947} INFO - Setting next_dagrun for example_setup_teardown_taskflow to 2024-08-12 00:00:00+00:00, run_after=2024-08-13 00:00:00+00:00
[2024-08-13T17:32:41.608+0000] {processor.py:183} INFO - Processing /home/airflow/.local/lib/python3.12/site-packages/airflow/example_dags/example_setup_teardown_taskflow.py took 0.070 seconds
[2024-08-13T17:33:12.161+0000] {processor.py:161} INFO - Started process (PID=431) to work on /home/airflow/.local/lib/python3.12/site-packages/airflow/example_dags/example_setup_teardown_taskflow.py
[2024-08-13T17:33:12.162+0000] {processor.py:830} INFO - Processing file /home/airflow/.local/lib/python3.12/site-packages/airflow/example_dags/example_setup_teardown_taskflow.py for tasks to queue
[2024-08-13T17:33:12.163+0000] {logging_mixin.py:188} INFO - [2024-08-13T17:33:12.163+0000] {dagbag.py:545} INFO - Filling up the DagBag from /home/airflow/.local/lib/python3.12/site-packages/airflow/example_dags/example_setup_teardown_taskflow.py
[2024-08-13T17:33:12.171+0000] {processor.py:840} INFO - DAG(s) 'example_setup_teardown_taskflow' retrieved from /home/airflow/.local/lib/python3.12/site-packages/airflow/example_dags/example_setup_teardown_taskflow.py
[2024-08-13T17:33:12.190+0000] {logging_mixin.py:188} INFO - [2024-08-13T17:33:12.190+0000] {dag.py:3089} INFO - Sync 1 DAGs
[2024-08-13T17:33:12.209+0000] {logging_mixin.py:188} INFO - [2024-08-13T17:33:12.209+0000] {dag.py:3947} INFO - Setting next_dagrun for example_setup_teardown_taskflow to 2024-08-12 00:00:00+00:00, run_after=2024-08-13 00:00:00+00:00
[2024-08-13T17:33:12.225+0000] {processor.py:183} INFO - Processing /home/airflow/.local/lib/python3.12/site-packages/airflow/example_dags/example_setup_teardown_taskflow.py took 0.069 seconds
[2024-08-13T17:33:42.790+0000] {processor.py:161} INFO - Started process (PID=489) to work on /home/airflow/.local/lib/python3.12/site-packages/airflow/example_dags/example_setup_teardown_taskflow.py
[2024-08-13T17:33:42.791+0000] {processor.py:830} INFO - Processing file /home/airflow/.local/lib/python3.12/site-packages/airflow/example_dags/example_setup_teardown_taskflow.py for tasks to queue
[2024-08-13T17:33:42.792+0000] {logging_mixin.py:188} INFO - [2024-08-13T17:33:42.792+0000] {dagbag.py:545} INFO - Filling up the DagBag from /home/airflow/.local/lib/python3.12/site-packages/airflow/example_dags/example_setup_teardown_taskflow.py
[2024-08-13T17:33:42.799+0000] {processor.py:840} INFO - DAG(s) 'example_setup_teardown_taskflow' retrieved from /home/airflow/.local/lib/python3.12/site-packages/airflow/example_dags/example_setup_teardown_taskflow.py
[2024-08-13T17:33:42.819+0000] {logging_mixin.py:188} INFO - [2024-08-13T17:33:42.819+0000] {dag.py:3089} INFO - Sync 1 DAGs
[2024-08-13T17:33:42.838+0000] {logging_mixin.py:188} INFO - [2024-08-13T17:33:42.837+0000] {dag.py:3947} INFO - Setting next_dagrun for example_setup_teardown_taskflow to 2024-08-12 00:00:00+00:00, run_after=2024-08-13 00:00:00+00:00
[2024-08-13T17:33:42.853+0000] {processor.py:183} INFO - Processing /home/airflow/.local/lib/python3.12/site-packages/airflow/example_dags/example_setup_teardown_taskflow.py took 0.068 seconds
[2024-08-13T17:34:13.242+0000] {processor.py:161} INFO - Started process (PID=553) to work on /home/airflow/.local/lib/python3.12/site-packages/airflow/example_dags/example_setup_teardown_taskflow.py
[2024-08-13T17:34:13.242+0000] {processor.py:830} INFO - Processing file /home/airflow/.local/lib/python3.12/site-packages/airflow/example_dags/example_setup_teardown_taskflow.py for tasks to queue
[2024-08-13T17:34:13.244+0000] {logging_mixin.py:188} INFO - [2024-08-13T17:34:13.244+0000] {dagbag.py:545} INFO - Filling up the DagBag from /home/airflow/.local/lib/python3.12/site-packages/airflow/example_dags/example_setup_teardown_taskflow.py
[2024-08-13T17:34:13.252+0000] {processor.py:840} INFO - DAG(s) 'example_setup_teardown_taskflow' retrieved from /home/airflow/.local/lib/python3.12/site-packages/airflow/example_dags/example_setup_teardown_taskflow.py
[2024-08-13T17:34:13.272+0000] {logging_mixin.py:188} INFO - [2024-08-13T17:34:13.271+0000] {dag.py:3089} INFO - Sync 1 DAGs
[2024-08-13T17:34:13.291+0000] {logging_mixin.py:188} INFO - [2024-08-13T17:34:13.291+0000] {dag.py:3947} INFO - Setting next_dagrun for example_setup_teardown_taskflow to 2024-08-12 00:00:00+00:00, run_after=2024-08-13 00:00:00+00:00
[2024-08-13T17:34:13.312+0000] {processor.py:183} INFO - Processing /home/airflow/.local/lib/python3.12/site-packages/airflow/example_dags/example_setup_teardown_taskflow.py took 0.075 seconds
[2024-08-13T17:34:43.770+0000] {processor.py:161} INFO - Started process (PID=611) to work on /home/airflow/.local/lib/python3.12/site-packages/airflow/example_dags/example_setup_teardown_taskflow.py
[2024-08-13T17:34:43.771+0000] {processor.py:830} INFO - Processing file /home/airflow/.local/lib/python3.12/site-packages/airflow/example_dags/example_setup_teardown_taskflow.py for tasks to queue
[2024-08-13T17:34:43.772+0000] {logging_mixin.py:188} INFO - [2024-08-13T17:34:43.772+0000] {dagbag.py:545} INFO - Filling up the DagBag from /home/airflow/.local/lib/python3.12/site-packages/airflow/example_dags/example_setup_teardown_taskflow.py
[2024-08-13T17:34:43.779+0000] {processor.py:840} INFO - DAG(s) 'example_setup_teardown_taskflow' retrieved from /home/airflow/.local/lib/python3.12/site-packages/airflow/example_dags/example_setup_teardown_taskflow.py
[2024-08-13T17:34:43.799+0000] {logging_mixin.py:188} INFO - [2024-08-13T17:34:43.799+0000] {dag.py:3089} INFO - Sync 1 DAGs
[2024-08-13T17:34:43.818+0000] {logging_mixin.py:188} INFO - [2024-08-13T17:34:43.818+0000] {dag.py:3947} INFO - Setting next_dagrun for example_setup_teardown_taskflow to 2024-08-12 00:00:00+00:00, run_after=2024-08-13 00:00:00+00:00
[2024-08-13T17:34:43.834+0000] {processor.py:183} INFO - Processing /home/airflow/.local/lib/python3.12/site-packages/airflow/example_dags/example_setup_teardown_taskflow.py took 0.069 seconds
[2024-08-13T17:35:14.185+0000] {processor.py:161} INFO - Started process (PID=669) to work on /home/airflow/.local/lib/python3.12/site-packages/airflow/example_dags/example_setup_teardown_taskflow.py
[2024-08-13T17:35:14.186+0000] {processor.py:830} INFO - Processing file /home/airflow/.local/lib/python3.12/site-packages/airflow/example_dags/example_setup_teardown_taskflow.py for tasks to queue
[2024-08-13T17:35:14.187+0000] {logging_mixin.py:188} INFO - [2024-08-13T17:35:14.187+0000] {dagbag.py:545} INFO - Filling up the DagBag from /home/airflow/.local/lib/python3.12/site-packages/airflow/example_dags/example_setup_teardown_taskflow.py
[2024-08-13T17:35:14.195+0000] {processor.py:840} INFO - DAG(s) 'example_setup_teardown_taskflow' retrieved from /home/airflow/.local/lib/python3.12/site-packages/airflow/example_dags/example_setup_teardown_taskflow.py
[2024-08-13T17:35:14.214+0000] {logging_mixin.py:188} INFO - [2024-08-13T17:35:14.214+0000] {dag.py:3089} INFO - Sync 1 DAGs
[2024-08-13T17:35:14.233+0000] {logging_mixin.py:188} INFO - [2024-08-13T17:35:14.233+0000] {dag.py:3947} INFO - Setting next_dagrun for example_setup_teardown_taskflow to 2024-08-12 00:00:00+00:00, run_after=2024-08-13 00:00:00+00:00
[2024-08-13T17:35:14.249+0000] {processor.py:183} INFO - Processing /home/airflow/.local/lib/python3.12/site-packages/airflow/example_dags/example_setup_teardown_taskflow.py took 0.069 seconds
[2024-08-13T17:35:44.689+0000] {processor.py:161} INFO - Started process (PID=727) to work on /home/airflow/.local/lib/python3.12/site-packages/airflow/example_dags/example_setup_teardown_taskflow.py
[2024-08-13T17:35:44.689+0000] {processor.py:830} INFO - Processing file /home/airflow/.local/lib/python3.12/site-packages/airflow/example_dags/example_setup_teardown_taskflow.py for tasks to queue
[2024-08-13T17:35:44.691+0000] {logging_mixin.py:188} INFO - [2024-08-13T17:35:44.690+0000] {dagbag.py:545} INFO - Filling up the DagBag from /home/airflow/.local/lib/python3.12/site-packages/airflow/example_dags/example_setup_teardown_taskflow.py
[2024-08-13T17:35:44.699+0000] {processor.py:840} INFO - DAG(s) 'example_setup_teardown_taskflow' retrieved from /home/airflow/.local/lib/python3.12/site-packages/airflow/example_dags/example_setup_teardown_taskflow.py
[2024-08-13T17:35:44.718+0000] {logging_mixin.py:188} INFO - [2024-08-13T17:35:44.718+0000] {dag.py:3089} INFO - Sync 1 DAGs
[2024-08-13T17:35:44.737+0000] {logging_mixin.py:188} INFO - [2024-08-13T17:35:44.737+0000] {dag.py:3947} INFO - Setting next_dagrun for example_setup_teardown_taskflow to 2024-08-12 00:00:00+00:00, run_after=2024-08-13 00:00:00+00:00
[2024-08-13T17:35:44.753+0000] {processor.py:183} INFO - Processing /home/airflow/.local/lib/python3.12/site-packages/airflow/example_dags/example_setup_teardown_taskflow.py took 0.069 seconds
[2024-08-13T17:36:15.219+0000] {processor.py:161} INFO - Started process (PID=785) to work on /home/airflow/.local/lib/python3.12/site-packages/airflow/example_dags/example_setup_teardown_taskflow.py
[2024-08-13T17:36:15.219+0000] {processor.py:830} INFO - Processing file /home/airflow/.local/lib/python3.12/site-packages/airflow/example_dags/example_setup_teardown_taskflow.py for tasks to queue
[2024-08-13T17:36:15.221+0000] {logging_mixin.py:188} INFO - [2024-08-13T17:36:15.221+0000] {dagbag.py:545} INFO - Filling up the DagBag from /home/airflow/.local/lib/python3.12/site-packages/airflow/example_dags/example_setup_teardown_taskflow.py
[2024-08-13T17:36:15.228+0000] {processor.py:840} INFO - DAG(s) 'example_setup_teardown_taskflow' retrieved from /home/airflow/.local/lib/python3.12/site-packages/airflow/example_dags/example_setup_teardown_taskflow.py
[2024-08-13T17:36:15.248+0000] {logging_mixin.py:188} INFO - [2024-08-13T17:36:15.248+0000] {dag.py:3089} INFO - Sync 1 DAGs
[2024-08-13T17:36:15.268+0000] {logging_mixin.py:188} INFO - [2024-08-13T17:36:15.267+0000] {dag.py:3947} INFO - Setting next_dagrun for example_setup_teardown_taskflow to 2024-08-12 00:00:00+00:00, run_after=2024-08-13 00:00:00+00:00
[2024-08-13T17:36:15.285+0000] {processor.py:183} INFO - Processing /home/airflow/.local/lib/python3.12/site-packages/airflow/example_dags/example_setup_teardown_taskflow.py took 0.071 seconds
[2024-08-13T17:36:45.658+0000] {processor.py:161} INFO - Started process (PID=843) to work on /home/airflow/.local/lib/python3.12/site-packages/airflow/example_dags/example_setup_teardown_taskflow.py
[2024-08-13T17:36:45.659+0000] {processor.py:830} INFO - Processing file /home/airflow/.local/lib/python3.12/site-packages/airflow/example_dags/example_setup_teardown_taskflow.py for tasks to queue
[2024-08-13T17:36:45.660+0000] {logging_mixin.py:188} INFO - [2024-08-13T17:36:45.660+0000] {dagbag.py:545} INFO - Filling up the DagBag from /home/airflow/.local/lib/python3.12/site-packages/airflow/example_dags/example_setup_teardown_taskflow.py
[2024-08-13T17:36:45.668+0000] {processor.py:840} INFO - DAG(s) 'example_setup_teardown_taskflow' retrieved from /home/airflow/.local/lib/python3.12/site-packages/airflow/example_dags/example_setup_teardown_taskflow.py
[2024-08-13T17:36:45.687+0000] {logging_mixin.py:188} INFO - [2024-08-13T17:36:45.687+0000] {dag.py:3089} INFO - Sync 1 DAGs
[2024-08-13T17:36:45.707+0000] {logging_mixin.py:188} INFO - [2024-08-13T17:36:45.706+0000] {dag.py:3947} INFO - Setting next_dagrun for example_setup_teardown_taskflow to 2024-08-12 00:00:00+00:00, run_after=2024-08-13 00:00:00+00:00
[2024-08-13T17:36:45.723+0000] {processor.py:183} INFO - Processing /home/airflow/.local/lib/python3.12/site-packages/airflow/example_dags/example_setup_teardown_taskflow.py took 0.069 seconds
[2024-08-13T17:37:16.190+0000] {processor.py:161} INFO - Started process (PID=901) to work on /home/airflow/.local/lib/python3.12/site-packages/airflow/example_dags/example_setup_teardown_taskflow.py
[2024-08-13T17:37:16.191+0000] {processor.py:830} INFO - Processing file /home/airflow/.local/lib/python3.12/site-packages/airflow/example_dags/example_setup_teardown_taskflow.py for tasks to queue
[2024-08-13T17:37:16.192+0000] {logging_mixin.py:188} INFO - [2024-08-13T17:37:16.192+0000] {dagbag.py:545} INFO - Filling up the DagBag from /home/airflow/.local/lib/python3.12/site-packages/airflow/example_dags/example_setup_teardown_taskflow.py
[2024-08-13T17:37:16.200+0000] {processor.py:840} INFO - DAG(s) 'example_setup_teardown_taskflow' retrieved from /home/airflow/.local/lib/python3.12/site-packages/airflow/example_dags/example_setup_teardown_taskflow.py
[2024-08-13T17:37:16.219+0000] {logging_mixin.py:188} INFO - [2024-08-13T17:37:16.219+0000] {dag.py:3089} INFO - Sync 1 DAGs
[2024-08-13T17:37:16.238+0000] {logging_mixin.py:188} INFO - [2024-08-13T17:37:16.238+0000] {dag.py:3947} INFO - Setting next_dagrun for example_setup_teardown_taskflow to 2024-08-12 00:00:00+00:00, run_after=2024-08-13 00:00:00+00:00
[2024-08-13T17:37:16.254+0000] {processor.py:183} INFO - Processing /home/airflow/.local/lib/python3.12/site-packages/airflow/example_dags/example_setup_teardown_taskflow.py took 0.069 seconds
[2024-08-13T17:37:46.809+0000] {processor.py:161} INFO - Started process (PID=959) to work on /home/airflow/.local/lib/python3.12/site-packages/airflow/example_dags/example_setup_teardown_taskflow.py
[2024-08-13T17:37:46.810+0000] {processor.py:830} INFO - Processing file /home/airflow/.local/lib/python3.12/site-packages/airflow/example_dags/example_setup_teardown_taskflow.py for tasks to queue
[2024-08-13T17:37:46.811+0000] {logging_mixin.py:188} INFO - [2024-08-13T17:37:46.811+0000] {dagbag.py:545} INFO - Filling up the DagBag from /home/airflow/.local/lib/python3.12/site-packages/airflow/example_dags/example_setup_teardown_taskflow.py
[2024-08-13T17:37:46.819+0000] {processor.py:840} INFO - DAG(s) 'example_setup_teardown_taskflow' retrieved from /home/airflow/.local/lib/python3.12/site-packages/airflow/example_dags/example_setup_teardown_taskflow.py
[2024-08-13T17:37:46.838+0000] {logging_mixin.py:188} INFO - [2024-08-13T17:37:46.838+0000] {dag.py:3089} INFO - Sync 1 DAGs
[2024-08-13T17:37:46.858+0000] {logging_mixin.py:188} INFO - [2024-08-13T17:37:46.858+0000] {dag.py:3947} INFO - Setting next_dagrun for example_setup_teardown_taskflow to 2024-08-12 00:00:00+00:00, run_after=2024-08-13 00:00:00+00:00
[2024-08-13T17:37:46.877+0000] {processor.py:183} INFO - Processing /home/airflow/.local/lib/python3.12/site-packages/airflow/example_dags/example_setup_teardown_taskflow.py took 0.072 seconds
[2024-08-13T17:38:17.504+0000] {processor.py:161} INFO - Started process (PID=1017) to work on /home/airflow/.local/lib/python3.12/site-packages/airflow/example_dags/example_setup_teardown_taskflow.py
[2024-08-13T17:38:17.505+0000] {processor.py:830} INFO - Processing file /home/airflow/.local/lib/python3.12/site-packages/airflow/example_dags/example_setup_teardown_taskflow.py for tasks to queue
[2024-08-13T17:38:17.506+0000] {logging_mixin.py:188} INFO - [2024-08-13T17:38:17.506+0000] {dagbag.py:545} INFO - Filling up the DagBag from /home/airflow/.local/lib/python3.12/site-packages/airflow/example_dags/example_setup_teardown_taskflow.py
[2024-08-13T17:38:17.514+0000] {processor.py:840} INFO - DAG(s) 'example_setup_teardown_taskflow' retrieved from /home/airflow/.local/lib/python3.12/site-packages/airflow/example_dags/example_setup_teardown_taskflow.py
[2024-08-13T17:38:17.533+0000] {logging_mixin.py:188} INFO - [2024-08-13T17:38:17.533+0000] {dag.py:3089} INFO - Sync 1 DAGs
[2024-08-13T17:38:17.552+0000] {logging_mixin.py:188} INFO - [2024-08-13T17:38:17.552+0000] {dag.py:3947} INFO - Setting next_dagrun for example_setup_teardown_taskflow to 2024-08-12 00:00:00+00:00, run_after=2024-08-13 00:00:00+00:00
[2024-08-13T17:38:17.568+0000] {processor.py:183} INFO - Processing /home/airflow/.local/lib/python3.12/site-packages/airflow/example_dags/example_setup_teardown_taskflow.py took 0.068 seconds
[2024-08-13T17:38:47.746+0000] {processor.py:161} INFO - Started process (PID=1075) to work on /home/airflow/.local/lib/python3.12/site-packages/airflow/example_dags/example_setup_teardown_taskflow.py
[2024-08-13T17:38:47.746+0000] {processor.py:830} INFO - Processing file /home/airflow/.local/lib/python3.12/site-packages/airflow/example_dags/example_setup_teardown_taskflow.py for tasks to queue
[2024-08-13T17:38:47.748+0000] {logging_mixin.py:188} INFO - [2024-08-13T17:38:47.747+0000] {dagbag.py:545} INFO - Filling up the DagBag from /home/airflow/.local/lib/python3.12/site-packages/airflow/example_dags/example_setup_teardown_taskflow.py
[2024-08-13T17:38:47.755+0000] {processor.py:840} INFO - DAG(s) 'example_setup_teardown_taskflow' retrieved from /home/airflow/.local/lib/python3.12/site-packages/airflow/example_dags/example_setup_teardown_taskflow.py
[2024-08-13T17:38:47.775+0000] {logging_mixin.py:188} INFO - [2024-08-13T17:38:47.775+0000] {dag.py:3089} INFO - Sync 1 DAGs
[2024-08-13T17:38:47.794+0000] {logging_mixin.py:188} INFO - [2024-08-13T17:38:47.794+0000] {dag.py:3947} INFO - Setting next_dagrun for example_setup_teardown_taskflow to 2024-08-12 00:00:00+00:00, run_after=2024-08-13 00:00:00+00:00
[2024-08-13T17:38:47.812+0000] {processor.py:183} INFO - Processing /home/airflow/.local/lib/python3.12/site-packages/airflow/example_dags/example_setup_teardown_taskflow.py took 0.071 seconds
[2024-08-13T17:39:17.956+0000] {processor.py:161} INFO - Started process (PID=1133) to work on /home/airflow/.local/lib/python3.12/site-packages/airflow/example_dags/example_setup_teardown_taskflow.py
[2024-08-13T17:39:17.957+0000] {processor.py:830} INFO - Processing file /home/airflow/.local/lib/python3.12/site-packages/airflow/example_dags/example_setup_teardown_taskflow.py for tasks to queue
[2024-08-13T17:39:17.958+0000] {logging_mixin.py:188} INFO - [2024-08-13T17:39:17.958+0000] {dagbag.py:545} INFO - Filling up the DagBag from /home/airflow/.local/lib/python3.12/site-packages/airflow/example_dags/example_setup_teardown_taskflow.py
[2024-08-13T17:39:17.966+0000] {processor.py:840} INFO - DAG(s) 'example_setup_teardown_taskflow' retrieved from /home/airflow/.local/lib/python3.12/site-packages/airflow/example_dags/example_setup_teardown_taskflow.py
[2024-08-13T17:39:17.985+0000] {logging_mixin.py:188} INFO - [2024-08-13T17:39:17.985+0000] {dag.py:3089} INFO - Sync 1 DAGs
[2024-08-13T17:39:18.004+0000] {logging_mixin.py:188} INFO - [2024-08-13T17:39:18.004+0000] {dag.py:3947} INFO - Setting next_dagrun for example_setup_teardown_taskflow to 2024-08-12 00:00:00+00:00, run_after=2024-08-13 00:00:00+00:00
[2024-08-13T17:39:18.022+0000] {processor.py:183} INFO - Processing /home/airflow/.local/lib/python3.12/site-packages/airflow/example_dags/example_setup_teardown_taskflow.py took 0.070 seconds
[2024-08-13T17:39:48.407+0000] {processor.py:161} INFO - Started process (PID=1191) to work on /home/airflow/.local/lib/python3.12/site-packages/airflow/example_dags/example_setup_teardown_taskflow.py
[2024-08-13T17:39:48.407+0000] {processor.py:830} INFO - Processing file /home/airflow/.local/lib/python3.12/site-packages/airflow/example_dags/example_setup_teardown_taskflow.py for tasks to queue
[2024-08-13T17:39:48.409+0000] {logging_mixin.py:188} INFO - [2024-08-13T17:39:48.408+0000] {dagbag.py:545} INFO - Filling up the DagBag from /home/airflow/.local/lib/python3.12/site-packages/airflow/example_dags/example_setup_teardown_taskflow.py
[2024-08-13T17:39:48.416+0000] {processor.py:840} INFO - DAG(s) 'example_setup_teardown_taskflow' retrieved from /home/airflow/.local/lib/python3.12/site-packages/airflow/example_dags/example_setup_teardown_taskflow.py
[2024-08-13T17:39:48.436+0000] {logging_mixin.py:188} INFO - [2024-08-13T17:39:48.436+0000] {dag.py:3089} INFO - Sync 1 DAGs
[2024-08-13T17:39:48.456+0000] {logging_mixin.py:188} INFO - [2024-08-13T17:39:48.456+0000] {dag.py:3947} INFO - Setting next_dagrun for example_setup_teardown_taskflow to 2024-08-12 00:00:00+00:00, run_after=2024-08-13 00:00:00+00:00
[2024-08-13T17:39:48.475+0000] {processor.py:183} INFO - Processing /home/airflow/.local/lib/python3.12/site-packages/airflow/example_dags/example_setup_teardown_taskflow.py took 0.073 seconds
[2024-08-13T17:40:18.927+0000] {processor.py:161} INFO - Started process (PID=1249) to work on /home/airflow/.local/lib/python3.12/site-packages/airflow/example_dags/example_setup_teardown_taskflow.py
[2024-08-13T17:40:18.927+0000] {processor.py:830} INFO - Processing file /home/airflow/.local/lib/python3.12/site-packages/airflow/example_dags/example_setup_teardown_taskflow.py for tasks to queue
[2024-08-13T17:40:18.929+0000] {logging_mixin.py:188} INFO - [2024-08-13T17:40:18.928+0000] {dagbag.py:545} INFO - Filling up the DagBag from /home/airflow/.local/lib/python3.12/site-packages/airflow/example_dags/example_setup_teardown_taskflow.py
[2024-08-13T17:40:18.936+0000] {processor.py:840} INFO - DAG(s) 'example_setup_teardown_taskflow' retrieved from /home/airflow/.local/lib/python3.12/site-packages/airflow/example_dags/example_setup_teardown_taskflow.py
[2024-08-13T17:40:18.957+0000] {logging_mixin.py:188} INFO - [2024-08-13T17:40:18.956+0000] {dag.py:3089} INFO - Sync 1 DAGs
[2024-08-13T17:40:18.976+0000] {logging_mixin.py:188} INFO - [2024-08-13T17:40:18.976+0000] {dag.py:3947} INFO - Setting next_dagrun for example_setup_teardown_taskflow to 2024-08-12 00:00:00+00:00, run_after=2024-08-13 00:00:00+00:00
[2024-08-13T17:40:18.992+0000] {processor.py:183} INFO - Processing /home/airflow/.local/lib/python3.12/site-packages/airflow/example_dags/example_setup_teardown_taskflow.py took 0.070 seconds
[2024-08-13T17:40:49.682+0000] {processor.py:161} INFO - Started process (PID=1307) to work on /home/airflow/.local/lib/python3.12/site-packages/airflow/example_dags/example_setup_teardown_taskflow.py
[2024-08-13T17:40:49.682+0000] {processor.py:830} INFO - Processing file /home/airflow/.local/lib/python3.12/site-packages/airflow/example_dags/example_setup_teardown_taskflow.py for tasks to queue
[2024-08-13T17:40:49.684+0000] {logging_mixin.py:188} INFO - [2024-08-13T17:40:49.684+0000] {dagbag.py:545} INFO - Filling up the DagBag from /home/airflow/.local/lib/python3.12/site-packages/airflow/example_dags/example_setup_teardown_taskflow.py
[2024-08-13T17:40:49.691+0000] {processor.py:840} INFO - DAG(s) 'example_setup_teardown_taskflow' retrieved from /home/airflow/.local/lib/python3.12/site-packages/airflow/example_dags/example_setup_teardown_taskflow.py
[2024-08-13T17:40:49.711+0000] {logging_mixin.py:188} INFO - [2024-08-13T17:40:49.711+0000] {dag.py:3089} INFO - Sync 1 DAGs
[2024-08-13T17:40:49.730+0000] {logging_mixin.py:188} INFO - [2024-08-13T17:40:49.729+0000] {dag.py:3947} INFO - Setting next_dagrun for example_setup_teardown_taskflow to 2024-08-12 00:00:00+00:00, run_after=2024-08-13 00:00:00+00:00
[2024-08-13T17:40:49.746+0000] {processor.py:183} INFO - Processing /home/airflow/.local/lib/python3.12/site-packages/airflow/example_dags/example_setup_teardown_taskflow.py took 0.069 seconds
[2024-08-13T17:41:19.802+0000] {processor.py:161} INFO - Started process (PID=1365) to work on /home/airflow/.local/lib/python3.12/site-packages/airflow/example_dags/example_setup_teardown_taskflow.py
[2024-08-13T17:41:19.803+0000] {processor.py:830} INFO - Processing file /home/airflow/.local/lib/python3.12/site-packages/airflow/example_dags/example_setup_teardown_taskflow.py for tasks to queue
[2024-08-13T17:41:19.804+0000] {logging_mixin.py:188} INFO - [2024-08-13T17:41:19.804+0000] {dagbag.py:545} INFO - Filling up the DagBag from /home/airflow/.local/lib/python3.12/site-packages/airflow/example_dags/example_setup_teardown_taskflow.py
[2024-08-13T17:41:19.812+0000] {processor.py:840} INFO - DAG(s) 'example_setup_teardown_taskflow' retrieved from /home/airflow/.local/lib/python3.12/site-packages/airflow/example_dags/example_setup_teardown_taskflow.py
[2024-08-13T17:41:19.831+0000] {logging_mixin.py:188} INFO - [2024-08-13T17:41:19.831+0000] {dag.py:3089} INFO - Sync 1 DAGs
[2024-08-13T17:41:19.850+0000] {logging_mixin.py:188} INFO - [2024-08-13T17:41:19.849+0000] {dag.py:3947} INFO - Setting next_dagrun for example_setup_teardown_taskflow to 2024-08-12 00:00:00+00:00, run_after=2024-08-13 00:00:00+00:00
[2024-08-13T17:41:19.866+0000] {processor.py:183} INFO - Processing /home/airflow/.local/lib/python3.12/site-packages/airflow/example_dags/example_setup_teardown_taskflow.py took 0.068 seconds
[2024-08-13T17:41:50.463+0000] {processor.py:161} INFO - Started process (PID=1423) to work on /home/airflow/.local/lib/python3.12/site-packages/airflow/example_dags/example_setup_teardown_taskflow.py
[2024-08-13T17:41:50.464+0000] {processor.py:830} INFO - Processing file /home/airflow/.local/lib/python3.12/site-packages/airflow/example_dags/example_setup_teardown_taskflow.py for tasks to queue
[2024-08-13T17:41:50.465+0000] {logging_mixin.py:188} INFO - [2024-08-13T17:41:50.465+0000] {dagbag.py:545} INFO - Filling up the DagBag from /home/airflow/.local/lib/python3.12/site-packages/airflow/example_dags/example_setup_teardown_taskflow.py
[2024-08-13T17:41:50.473+0000] {processor.py:840} INFO - DAG(s) 'example_setup_teardown_taskflow' retrieved from /home/airflow/.local/lib/python3.12/site-packages/airflow/example_dags/example_setup_teardown_taskflow.py
[2024-08-13T17:41:50.492+0000] {logging_mixin.py:188} INFO - [2024-08-13T17:41:50.492+0000] {dag.py:3089} INFO - Sync 1 DAGs
[2024-08-13T17:41:50.512+0000] {logging_mixin.py:188} INFO - [2024-08-13T17:41:50.511+0000] {dag.py:3947} INFO - Setting next_dagrun for example_setup_teardown_taskflow to 2024-08-12 00:00:00+00:00, run_after=2024-08-13 00:00:00+00:00
[2024-08-13T17:41:50.528+0000] {processor.py:183} INFO - Processing /home/airflow/.local/lib/python3.12/site-packages/airflow/example_dags/example_setup_teardown_taskflow.py took 0.070 seconds
[2024-08-13T17:42:21.455+0000] {processor.py:161} INFO - Started process (PID=1481) to work on /home/airflow/.local/lib/python3.12/site-packages/airflow/example_dags/example_setup_teardown_taskflow.py
[2024-08-13T17:42:21.456+0000] {processor.py:830} INFO - Processing file /home/airflow/.local/lib/python3.12/site-packages/airflow/example_dags/example_setup_teardown_taskflow.py for tasks to queue
[2024-08-13T17:42:21.458+0000] {logging_mixin.py:188} INFO - [2024-08-13T17:42:21.457+0000] {dagbag.py:545} INFO - Filling up the DagBag from /home/airflow/.local/lib/python3.12/site-packages/airflow/example_dags/example_setup_teardown_taskflow.py
[2024-08-13T17:42:21.465+0000] {processor.py:840} INFO - DAG(s) 'example_setup_teardown_taskflow' retrieved from /home/airflow/.local/lib/python3.12/site-packages/airflow/example_dags/example_setup_teardown_taskflow.py
[2024-08-13T17:42:21.486+0000] {logging_mixin.py:188} INFO - [2024-08-13T17:42:21.486+0000] {dag.py:3089} INFO - Sync 1 DAGs
[2024-08-13T17:42:21.507+0000] {logging_mixin.py:188} INFO - [2024-08-13T17:42:21.507+0000] {dag.py:3947} INFO - Setting next_dagrun for example_setup_teardown_taskflow to 2024-08-12 00:00:00+00:00, run_after=2024-08-13 00:00:00+00:00
[2024-08-13T17:42:21.636+0000] {processor.py:183} INFO - Processing /home/airflow/.local/lib/python3.12/site-packages/airflow/example_dags/example_setup_teardown_taskflow.py took 0.186 seconds
[2024-08-13T17:42:52.175+0000] {processor.py:161} INFO - Started process (PID=1539) to work on /home/airflow/.local/lib/python3.12/site-packages/airflow/example_dags/example_setup_teardown_taskflow.py
[2024-08-13T17:42:52.176+0000] {processor.py:830} INFO - Processing file /home/airflow/.local/lib/python3.12/site-packages/airflow/example_dags/example_setup_teardown_taskflow.py for tasks to queue
[2024-08-13T17:42:52.177+0000] {logging_mixin.py:188} INFO - [2024-08-13T17:42:52.177+0000] {dagbag.py:545} INFO - Filling up the DagBag from /home/airflow/.local/lib/python3.12/site-packages/airflow/example_dags/example_setup_teardown_taskflow.py
[2024-08-13T17:42:52.185+0000] {processor.py:840} INFO - DAG(s) 'example_setup_teardown_taskflow' retrieved from /home/airflow/.local/lib/python3.12/site-packages/airflow/example_dags/example_setup_teardown_taskflow.py
[2024-08-13T17:42:52.205+0000] {logging_mixin.py:188} INFO - [2024-08-13T17:42:52.204+0000] {dag.py:3089} INFO - Sync 1 DAGs
[2024-08-13T17:42:52.224+0000] {logging_mixin.py:188} INFO - [2024-08-13T17:42:52.224+0000] {dag.py:3947} INFO - Setting next_dagrun for example_setup_teardown_taskflow to 2024-08-12 00:00:00+00:00, run_after=2024-08-13 00:00:00+00:00
[2024-08-13T17:42:52.242+0000] {processor.py:183} INFO - Processing /home/airflow/.local/lib/python3.12/site-packages/airflow/example_dags/example_setup_teardown_taskflow.py took 0.072 seconds
[2024-08-13T17:43:22.266+0000] {processor.py:161} INFO - Started process (PID=1597) to work on /home/airflow/.local/lib/python3.12/site-packages/airflow/example_dags/example_setup_teardown_taskflow.py
[2024-08-13T17:43:22.267+0000] {processor.py:830} INFO - Processing file /home/airflow/.local/lib/python3.12/site-packages/airflow/example_dags/example_setup_teardown_taskflow.py for tasks to queue
[2024-08-13T17:43:22.268+0000] {logging_mixin.py:188} INFO - [2024-08-13T17:43:22.268+0000] {dagbag.py:545} INFO - Filling up the DagBag from /home/airflow/.local/lib/python3.12/site-packages/airflow/example_dags/example_setup_teardown_taskflow.py
[2024-08-13T17:43:22.276+0000] {processor.py:840} INFO - DAG(s) 'example_setup_teardown_taskflow' retrieved from /home/airflow/.local/lib/python3.12/site-packages/airflow/example_dags/example_setup_teardown_taskflow.py
[2024-08-13T17:43:22.295+0000] {logging_mixin.py:188} INFO - [2024-08-13T17:43:22.295+0000] {dag.py:3089} INFO - Sync 1 DAGs
[2024-08-13T17:43:22.314+0000] {logging_mixin.py:188} INFO - [2024-08-13T17:43:22.314+0000] {dag.py:3947} INFO - Setting next_dagrun for example_setup_teardown_taskflow to 2024-08-12 00:00:00+00:00, run_after=2024-08-13 00:00:00+00:00
[2024-08-13T17:43:22.330+0000] {processor.py:183} INFO - Processing /home/airflow/.local/lib/python3.12/site-packages/airflow/example_dags/example_setup_teardown_taskflow.py took 0.069 seconds
[2024-08-13T17:43:52.962+0000] {processor.py:161} INFO - Started process (PID=1655) to work on /home/airflow/.local/lib/python3.12/site-packages/airflow/example_dags/example_setup_teardown_taskflow.py
[2024-08-13T17:43:52.963+0000] {processor.py:830} INFO - Processing file /home/airflow/.local/lib/python3.12/site-packages/airflow/example_dags/example_setup_teardown_taskflow.py for tasks to queue
[2024-08-13T17:43:52.964+0000] {logging_mixin.py:188} INFO - [2024-08-13T17:43:52.964+0000] {dagbag.py:545} INFO - Filling up the DagBag from /home/airflow/.local/lib/python3.12/site-packages/airflow/example_dags/example_setup_teardown_taskflow.py
[2024-08-13T17:43:52.972+0000] {processor.py:840} INFO - DAG(s) 'example_setup_teardown_taskflow' retrieved from /home/airflow/.local/lib/python3.12/site-packages/airflow/example_dags/example_setup_teardown_taskflow.py
[2024-08-13T17:43:52.991+0000] {logging_mixin.py:188} INFO - [2024-08-13T17:43:52.991+0000] {dag.py:3089} INFO - Sync 1 DAGs
[2024-08-13T17:43:53.010+0000] {logging_mixin.py:188} INFO - [2024-08-13T17:43:53.010+0000] {dag.py:3947} INFO - Setting next_dagrun for example_setup_teardown_taskflow to 2024-08-12 00:00:00+00:00, run_after=2024-08-13 00:00:00+00:00
[2024-08-13T17:43:53.027+0000] {processor.py:183} INFO - Processing /home/airflow/.local/lib/python3.12/site-packages/airflow/example_dags/example_setup_teardown_taskflow.py took 0.069 seconds
[2024-08-13T17:44:23.639+0000] {processor.py:161} INFO - Started process (PID=1713) to work on /home/airflow/.local/lib/python3.12/site-packages/airflow/example_dags/example_setup_teardown_taskflow.py
[2024-08-13T17:44:23.640+0000] {processor.py:830} INFO - Processing file /home/airflow/.local/lib/python3.12/site-packages/airflow/example_dags/example_setup_teardown_taskflow.py for tasks to queue
[2024-08-13T17:44:23.641+0000] {logging_mixin.py:188} INFO - [2024-08-13T17:44:23.641+0000] {dagbag.py:545} INFO - Filling up the DagBag from /home/airflow/.local/lib/python3.12/site-packages/airflow/example_dags/example_setup_teardown_taskflow.py
[2024-08-13T17:44:23.649+0000] {processor.py:840} INFO - DAG(s) 'example_setup_teardown_taskflow' retrieved from /home/airflow/.local/lib/python3.12/site-packages/airflow/example_dags/example_setup_teardown_taskflow.py
[2024-08-13T17:44:23.670+0000] {logging_mixin.py:188} INFO - [2024-08-13T17:44:23.670+0000] {dag.py:3089} INFO - Sync 1 DAGs
[2024-08-13T17:44:23.689+0000] {logging_mixin.py:188} INFO - [2024-08-13T17:44:23.689+0000] {dag.py:3947} INFO - Setting next_dagrun for example_setup_teardown_taskflow to 2024-08-12 00:00:00+00:00, run_after=2024-08-13 00:00:00+00:00
[2024-08-13T17:44:23.706+0000] {processor.py:183} INFO - Processing /home/airflow/.local/lib/python3.12/site-packages/airflow/example_dags/example_setup_teardown_taskflow.py took 0.072 seconds
[2024-08-13T17:44:55.112+0000] {processor.py:161} INFO - Started process (PID=1771) to work on /home/airflow/.local/lib/python3.12/site-packages/airflow/example_dags/example_setup_teardown_taskflow.py
[2024-08-13T17:44:55.112+0000] {processor.py:830} INFO - Processing file /home/airflow/.local/lib/python3.12/site-packages/airflow/example_dags/example_setup_teardown_taskflow.py for tasks to queue
[2024-08-13T17:44:55.114+0000] {logging_mixin.py:188} INFO - [2024-08-13T17:44:55.113+0000] {dagbag.py:545} INFO - Filling up the DagBag from /home/airflow/.local/lib/python3.12/site-packages/airflow/example_dags/example_setup_teardown_taskflow.py
[2024-08-13T17:44:55.235+0000] {processor.py:840} INFO - DAG(s) 'example_setup_teardown_taskflow' retrieved from /home/airflow/.local/lib/python3.12/site-packages/airflow/example_dags/example_setup_teardown_taskflow.py
[2024-08-13T17:44:55.253+0000] {logging_mixin.py:188} INFO - [2024-08-13T17:44:55.253+0000] {dag.py:3089} INFO - Sync 1 DAGs
[2024-08-13T17:44:55.271+0000] {logging_mixin.py:188} INFO - [2024-08-13T17:44:55.271+0000] {dag.py:3947} INFO - Setting next_dagrun for example_setup_teardown_taskflow to 2024-08-12 00:00:00+00:00, run_after=2024-08-13 00:00:00+00:00
[2024-08-13T17:44:55.291+0000] {processor.py:183} INFO - Processing /home/airflow/.local/lib/python3.12/site-packages/airflow/example_dags/example_setup_teardown_taskflow.py took 0.185 seconds
[2024-08-13T17:45:25.783+0000] {processor.py:161} INFO - Started process (PID=1829) to work on /home/airflow/.local/lib/python3.12/site-packages/airflow/example_dags/example_setup_teardown_taskflow.py
[2024-08-13T17:45:25.784+0000] {processor.py:830} INFO - Processing file /home/airflow/.local/lib/python3.12/site-packages/airflow/example_dags/example_setup_teardown_taskflow.py for tasks to queue
[2024-08-13T17:45:25.785+0000] {logging_mixin.py:188} INFO - [2024-08-13T17:45:25.785+0000] {dagbag.py:545} INFO - Filling up the DagBag from /home/airflow/.local/lib/python3.12/site-packages/airflow/example_dags/example_setup_teardown_taskflow.py
[2024-08-13T17:45:25.793+0000] {processor.py:840} INFO - DAG(s) 'example_setup_teardown_taskflow' retrieved from /home/airflow/.local/lib/python3.12/site-packages/airflow/example_dags/example_setup_teardown_taskflow.py
[2024-08-13T17:45:25.814+0000] {logging_mixin.py:188} INFO - [2024-08-13T17:45:25.813+0000] {dag.py:3089} INFO - Sync 1 DAGs
[2024-08-13T17:45:25.833+0000] {logging_mixin.py:188} INFO - [2024-08-13T17:45:25.833+0000] {dag.py:3947} INFO - Setting next_dagrun for example_setup_teardown_taskflow to 2024-08-12 00:00:00+00:00, run_after=2024-08-13 00:00:00+00:00
[2024-08-13T17:45:25.849+0000] {processor.py:183} INFO - Processing /home/airflow/.local/lib/python3.12/site-packages/airflow/example_dags/example_setup_teardown_taskflow.py took 0.071 seconds
[2024-08-13T17:45:56.187+0000] {processor.py:161} INFO - Started process (PID=1887) to work on /home/airflow/.local/lib/python3.12/site-packages/airflow/example_dags/example_setup_teardown_taskflow.py
[2024-08-13T17:45:56.187+0000] {processor.py:830} INFO - Processing file /home/airflow/.local/lib/python3.12/site-packages/airflow/example_dags/example_setup_teardown_taskflow.py for tasks to queue
[2024-08-13T17:45:56.189+0000] {logging_mixin.py:188} INFO - [2024-08-13T17:45:56.189+0000] {dagbag.py:545} INFO - Filling up the DagBag from /home/airflow/.local/lib/python3.12/site-packages/airflow/example_dags/example_setup_teardown_taskflow.py
[2024-08-13T17:45:56.197+0000] {processor.py:840} INFO - DAG(s) 'example_setup_teardown_taskflow' retrieved from /home/airflow/.local/lib/python3.12/site-packages/airflow/example_dags/example_setup_teardown_taskflow.py
[2024-08-13T17:45:56.216+0000] {logging_mixin.py:188} INFO - [2024-08-13T17:45:56.216+0000] {dag.py:3089} INFO - Sync 1 DAGs
[2024-08-13T17:45:56.237+0000] {logging_mixin.py:188} INFO - [2024-08-13T17:45:56.237+0000] {dag.py:3947} INFO - Setting next_dagrun for example_setup_teardown_taskflow to 2024-08-12 00:00:00+00:00, run_after=2024-08-13 00:00:00+00:00
[2024-08-13T17:45:56.255+0000] {processor.py:183} INFO - Processing /home/airflow/.local/lib/python3.12/site-packages/airflow/example_dags/example_setup_teardown_taskflow.py took 0.073 seconds
[2024-08-13T17:46:26.632+0000] {processor.py:161} INFO - Started process (PID=1945) to work on /home/airflow/.local/lib/python3.12/site-packages/airflow/example_dags/example_setup_teardown_taskflow.py
[2024-08-13T17:46:26.632+0000] {processor.py:830} INFO - Processing file /home/airflow/.local/lib/python3.12/site-packages/airflow/example_dags/example_setup_teardown_taskflow.py for tasks to queue
[2024-08-13T17:46:26.634+0000] {logging_mixin.py:188} INFO - [2024-08-13T17:46:26.633+0000] {dagbag.py:545} INFO - Filling up the DagBag from /home/airflow/.local/lib/python3.12/site-packages/airflow/example_dags/example_setup_teardown_taskflow.py
[2024-08-13T17:46:26.642+0000] {processor.py:840} INFO - DAG(s) 'example_setup_teardown_taskflow' retrieved from /home/airflow/.local/lib/python3.12/site-packages/airflow/example_dags/example_setup_teardown_taskflow.py
[2024-08-13T17:46:26.664+0000] {logging_mixin.py:188} INFO - [2024-08-13T17:46:26.663+0000] {dag.py:3089} INFO - Sync 1 DAGs
[2024-08-13T17:46:26.684+0000] {logging_mixin.py:188} INFO - [2024-08-13T17:46:26.684+0000] {dag.py:3947} INFO - Setting next_dagrun for example_setup_teardown_taskflow to 2024-08-12 00:00:00+00:00, run_after=2024-08-13 00:00:00+00:00
[2024-08-13T17:46:26.702+0000] {processor.py:183} INFO - Processing /home/airflow/.local/lib/python3.12/site-packages/airflow/example_dags/example_setup_teardown_taskflow.py took 0.075 seconds
[2024-08-13T17:46:57.189+0000] {processor.py:161} INFO - Started process (PID=2003) to work on /home/airflow/.local/lib/python3.12/site-packages/airflow/example_dags/example_setup_teardown_taskflow.py
[2024-08-13T17:46:57.190+0000] {processor.py:830} INFO - Processing file /home/airflow/.local/lib/python3.12/site-packages/airflow/example_dags/example_setup_teardown_taskflow.py for tasks to queue
[2024-08-13T17:46:57.191+0000] {logging_mixin.py:188} INFO - [2024-08-13T17:46:57.191+0000] {dagbag.py:545} INFO - Filling up the DagBag from /home/airflow/.local/lib/python3.12/site-packages/airflow/example_dags/example_setup_teardown_taskflow.py
[2024-08-13T17:46:57.199+0000] {processor.py:840} INFO - DAG(s) 'example_setup_teardown_taskflow' retrieved from /home/airflow/.local/lib/python3.12/site-packages/airflow/example_dags/example_setup_teardown_taskflow.py
[2024-08-13T17:46:57.220+0000] {logging_mixin.py:188} INFO - [2024-08-13T17:46:57.220+0000] {dag.py:3089} INFO - Sync 1 DAGs
[2024-08-13T17:46:57.245+0000] {logging_mixin.py:188} INFO - [2024-08-13T17:46:57.245+0000] {dag.py:3947} INFO - Setting next_dagrun for example_setup_teardown_taskflow to 2024-08-12 00:00:00+00:00, run_after=2024-08-13 00:00:00+00:00
[2024-08-13T17:46:57.265+0000] {processor.py:183} INFO - Processing /home/airflow/.local/lib/python3.12/site-packages/airflow/example_dags/example_setup_teardown_taskflow.py took 0.080 seconds
[2024-08-13T17:47:27.696+0000] {processor.py:161} INFO - Started process (PID=2061) to work on /home/airflow/.local/lib/python3.12/site-packages/airflow/example_dags/example_setup_teardown_taskflow.py
[2024-08-13T17:47:27.697+0000] {processor.py:830} INFO - Processing file /home/airflow/.local/lib/python3.12/site-packages/airflow/example_dags/example_setup_teardown_taskflow.py for tasks to queue
[2024-08-13T17:47:27.698+0000] {logging_mixin.py:188} INFO - [2024-08-13T17:47:27.698+0000] {dagbag.py:545} INFO - Filling up the DagBag from /home/airflow/.local/lib/python3.12/site-packages/airflow/example_dags/example_setup_teardown_taskflow.py
[2024-08-13T17:47:27.706+0000] {processor.py:840} INFO - DAG(s) 'example_setup_teardown_taskflow' retrieved from /home/airflow/.local/lib/python3.12/site-packages/airflow/example_dags/example_setup_teardown_taskflow.py
[2024-08-13T17:47:27.726+0000] {logging_mixin.py:188} INFO - [2024-08-13T17:47:27.725+0000] {dag.py:3089} INFO - Sync 1 DAGs
[2024-08-13T17:47:27.745+0000] {logging_mixin.py:188} INFO - [2024-08-13T17:47:27.745+0000] {dag.py:3947} INFO - Setting next_dagrun for example_setup_teardown_taskflow to 2024-08-12 00:00:00+00:00, run_after=2024-08-13 00:00:00+00:00
[2024-08-13T17:47:27.763+0000] {processor.py:183} INFO - Processing /home/airflow/.local/lib/python3.12/site-packages/airflow/example_dags/example_setup_teardown_taskflow.py took 0.071 seconds
[2024-08-13T17:47:58.162+0000] {processor.py:161} INFO - Started process (PID=2119) to work on /home/airflow/.local/lib/python3.12/site-packages/airflow/example_dags/example_setup_teardown_taskflow.py
[2024-08-13T17:47:58.163+0000] {processor.py:830} INFO - Processing file /home/airflow/.local/lib/python3.12/site-packages/airflow/example_dags/example_setup_teardown_taskflow.py for tasks to queue
[2024-08-13T17:47:58.164+0000] {logging_mixin.py:188} INFO - [2024-08-13T17:47:58.164+0000] {dagbag.py:545} INFO - Filling up the DagBag from /home/airflow/.local/lib/python3.12/site-packages/airflow/example_dags/example_setup_teardown_taskflow.py
[2024-08-13T17:47:58.172+0000] {processor.py:840} INFO - DAG(s) 'example_setup_teardown_taskflow' retrieved from /home/airflow/.local/lib/python3.12/site-packages/airflow/example_dags/example_setup_teardown_taskflow.py
[2024-08-13T17:47:58.192+0000] {logging_mixin.py:188} INFO - [2024-08-13T17:47:58.191+0000] {dag.py:3089} INFO - Sync 1 DAGs
[2024-08-13T17:47:58.212+0000] {logging_mixin.py:188} INFO - [2024-08-13T17:47:58.212+0000] {dag.py:3947} INFO - Setting next_dagrun for example_setup_teardown_taskflow to 2024-08-12 00:00:00+00:00, run_after=2024-08-13 00:00:00+00:00
[2024-08-13T17:47:58.229+0000] {processor.py:183} INFO - Processing /home/airflow/.local/lib/python3.12/site-packages/airflow/example_dags/example_setup_teardown_taskflow.py took 0.071 seconds
[2024-08-13T17:48:28.725+0000] {processor.py:161} INFO - Started process (PID=2177) to work on /home/airflow/.local/lib/python3.12/site-packages/airflow/example_dags/example_setup_teardown_taskflow.py
[2024-08-13T17:48:28.726+0000] {processor.py:830} INFO - Processing file /home/airflow/.local/lib/python3.12/site-packages/airflow/example_dags/example_setup_teardown_taskflow.py for tasks to queue
[2024-08-13T17:48:28.727+0000] {logging_mixin.py:188} INFO - [2024-08-13T17:48:28.727+0000] {dagbag.py:545} INFO - Filling up the DagBag from /home/airflow/.local/lib/python3.12/site-packages/airflow/example_dags/example_setup_teardown_taskflow.py
[2024-08-13T17:48:28.735+0000] {processor.py:840} INFO - DAG(s) 'example_setup_teardown_taskflow' retrieved from /home/airflow/.local/lib/python3.12/site-packages/airflow/example_dags/example_setup_teardown_taskflow.py
[2024-08-13T17:48:28.755+0000] {logging_mixin.py:188} INFO - [2024-08-13T17:48:28.755+0000] {dag.py:3089} INFO - Sync 1 DAGs
[2024-08-13T17:48:28.775+0000] {logging_mixin.py:188} INFO - [2024-08-13T17:48:28.775+0000] {dag.py:3947} INFO - Setting next_dagrun for example_setup_teardown_taskflow to 2024-08-12 00:00:00+00:00, run_after=2024-08-13 00:00:00+00:00
[2024-08-13T17:48:28.792+0000] {processor.py:183} INFO - Processing /home/airflow/.local/lib/python3.12/site-packages/airflow/example_dags/example_setup_teardown_taskflow.py took 0.072 seconds
[2024-08-13T17:48:59.241+0000] {processor.py:161} INFO - Started process (PID=2235) to work on /home/airflow/.local/lib/python3.12/site-packages/airflow/example_dags/example_setup_teardown_taskflow.py
[2024-08-13T17:48:59.242+0000] {processor.py:830} INFO - Processing file /home/airflow/.local/lib/python3.12/site-packages/airflow/example_dags/example_setup_teardown_taskflow.py for tasks to queue
[2024-08-13T17:48:59.243+0000] {logging_mixin.py:188} INFO - [2024-08-13T17:48:59.243+0000] {dagbag.py:545} INFO - Filling up the DagBag from /home/airflow/.local/lib/python3.12/site-packages/airflow/example_dags/example_setup_teardown_taskflow.py
[2024-08-13T17:48:59.251+0000] {processor.py:840} INFO - DAG(s) 'example_setup_teardown_taskflow' retrieved from /home/airflow/.local/lib/python3.12/site-packages/airflow/example_dags/example_setup_teardown_taskflow.py
[2024-08-13T17:48:59.271+0000] {logging_mixin.py:188} INFO - [2024-08-13T17:48:59.271+0000] {dag.py:3089} INFO - Sync 1 DAGs
[2024-08-13T17:48:59.290+0000] {logging_mixin.py:188} INFO - [2024-08-13T17:48:59.290+0000] {dag.py:3947} INFO - Setting next_dagrun for example_setup_teardown_taskflow to 2024-08-12 00:00:00+00:00, run_after=2024-08-13 00:00:00+00:00
[2024-08-13T17:48:59.313+0000] {processor.py:183} INFO - Processing /home/airflow/.local/lib/python3.12/site-packages/airflow/example_dags/example_setup_teardown_taskflow.py took 0.077 seconds
[2024-08-13T17:49:29.742+0000] {processor.py:161} INFO - Started process (PID=2293) to work on /home/airflow/.local/lib/python3.12/site-packages/airflow/example_dags/example_setup_teardown_taskflow.py
[2024-08-13T17:49:29.743+0000] {processor.py:830} INFO - Processing file /home/airflow/.local/lib/python3.12/site-packages/airflow/example_dags/example_setup_teardown_taskflow.py for tasks to queue
[2024-08-13T17:49:29.744+0000] {logging_mixin.py:188} INFO - [2024-08-13T17:49:29.744+0000] {dagbag.py:545} INFO - Filling up the DagBag from /home/airflow/.local/lib/python3.12/site-packages/airflow/example_dags/example_setup_teardown_taskflow.py
[2024-08-13T17:49:29.752+0000] {processor.py:840} INFO - DAG(s) 'example_setup_teardown_taskflow' retrieved from /home/airflow/.local/lib/python3.12/site-packages/airflow/example_dags/example_setup_teardown_taskflow.py
[2024-08-13T17:49:29.771+0000] {logging_mixin.py:188} INFO - [2024-08-13T17:49:29.771+0000] {dag.py:3089} INFO - Sync 1 DAGs
[2024-08-13T17:49:29.791+0000] {logging_mixin.py:188} INFO - [2024-08-13T17:49:29.791+0000] {dag.py:3947} INFO - Setting next_dagrun for example_setup_teardown_taskflow to 2024-08-12 00:00:00+00:00, run_after=2024-08-13 00:00:00+00:00
[2024-08-13T17:49:29.807+0000] {processor.py:183} INFO - Processing /home/airflow/.local/lib/python3.12/site-packages/airflow/example_dags/example_setup_teardown_taskflow.py took 0.069 seconds
[2024-08-13T17:50:00.128+0000] {processor.py:161} INFO - Started process (PID=2351) to work on /home/airflow/.local/lib/python3.12/site-packages/airflow/example_dags/example_setup_teardown_taskflow.py
[2024-08-13T17:50:00.129+0000] {processor.py:830} INFO - Processing file /home/airflow/.local/lib/python3.12/site-packages/airflow/example_dags/example_setup_teardown_taskflow.py for tasks to queue
[2024-08-13T17:50:00.130+0000] {logging_mixin.py:188} INFO - [2024-08-13T17:50:00.130+0000] {dagbag.py:545} INFO - Filling up the DagBag from /home/airflow/.local/lib/python3.12/site-packages/airflow/example_dags/example_setup_teardown_taskflow.py
[2024-08-13T17:50:00.138+0000] {processor.py:840} INFO - DAG(s) 'example_setup_teardown_taskflow' retrieved from /home/airflow/.local/lib/python3.12/site-packages/airflow/example_dags/example_setup_teardown_taskflow.py
[2024-08-13T17:50:00.158+0000] {logging_mixin.py:188} INFO - [2024-08-13T17:50:00.158+0000] {dag.py:3089} INFO - Sync 1 DAGs
[2024-08-13T17:50:00.177+0000] {logging_mixin.py:188} INFO - [2024-08-13T17:50:00.177+0000] {dag.py:3947} INFO - Setting next_dagrun for example_setup_teardown_taskflow to 2024-08-12 00:00:00+00:00, run_after=2024-08-13 00:00:00+00:00
[2024-08-13T17:50:00.193+0000] {processor.py:183} INFO - Processing /home/airflow/.local/lib/python3.12/site-packages/airflow/example_dags/example_setup_teardown_taskflow.py took 0.070 seconds
[2024-08-13T17:50:30.551+0000] {processor.py:161} INFO - Started process (PID=2410) to work on /home/airflow/.local/lib/python3.12/site-packages/airflow/example_dags/example_setup_teardown_taskflow.py
[2024-08-13T17:50:30.552+0000] {processor.py:830} INFO - Processing file /home/airflow/.local/lib/python3.12/site-packages/airflow/example_dags/example_setup_teardown_taskflow.py for tasks to queue
[2024-08-13T17:50:30.553+0000] {logging_mixin.py:188} INFO - [2024-08-13T17:50:30.553+0000] {dagbag.py:545} INFO - Filling up the DagBag from /home/airflow/.local/lib/python3.12/site-packages/airflow/example_dags/example_setup_teardown_taskflow.py
[2024-08-13T17:50:30.561+0000] {processor.py:840} INFO - DAG(s) 'example_setup_teardown_taskflow' retrieved from /home/airflow/.local/lib/python3.12/site-packages/airflow/example_dags/example_setup_teardown_taskflow.py
[2024-08-13T17:50:30.581+0000] {logging_mixin.py:188} INFO - [2024-08-13T17:50:30.581+0000] {dag.py:3089} INFO - Sync 1 DAGs
[2024-08-13T17:50:30.601+0000] {logging_mixin.py:188} INFO - [2024-08-13T17:50:30.601+0000] {dag.py:3947} INFO - Setting next_dagrun for example_setup_teardown_taskflow to 2024-08-12 00:00:00+00:00, run_after=2024-08-13 00:00:00+00:00
[2024-08-13T17:50:30.619+0000] {processor.py:183} INFO - Processing /home/airflow/.local/lib/python3.12/site-packages/airflow/example_dags/example_setup_teardown_taskflow.py took 0.073 seconds
