[2024-08-13T17:30:10.130+0000] {processor.py:161} INFO - Started process (PID=78) to work on /home/airflow/.local/lib/python3.12/site-packages/airflow/example_dags/example_branch_day_of_week_operator.py
[2024-08-13T17:30:10.131+0000] {processor.py:830} INFO - Processing file /home/airflow/.local/lib/python3.12/site-packages/airflow/example_dags/example_branch_day_of_week_operator.py for tasks to queue
[2024-08-13T17:30:10.132+0000] {logging_mixin.py:188} INFO - [2024-08-13T17:30:10.132+0000] {dagbag.py:545} INFO - Filling up the DagBag from /home/airflow/.local/lib/python3.12/site-packages/airflow/example_dags/example_branch_day_of_week_operator.py
[2024-08-13T17:30:10.139+0000] {processor.py:840} INFO - DAG(s) 'example_weekday_branch_operator' retrieved from /home/airflow/.local/lib/python3.12/site-packages/airflow/example_dags/example_branch_day_of_week_operator.py
[2024-08-13T17:30:10.159+0000] {logging_mixin.py:188} INFO - [2024-08-13T17:30:10.158+0000] {dag.py:3089} INFO - Sync 1 DAGs
[2024-08-13T17:30:10.178+0000] {logging_mixin.py:188} INFO - [2024-08-13T17:30:10.178+0000] {dag.py:3947} INFO - Setting next_dagrun for example_weekday_branch_operator to 2024-08-12 00:00:00+00:00, run_after=2024-08-13 00:00:00+00:00
[2024-08-13T17:30:10.197+0000] {processor.py:183} INFO - Processing /home/airflow/.local/lib/python3.12/site-packages/airflow/example_dags/example_branch_day_of_week_operator.py took 0.071 seconds
[2024-08-13T17:30:40.299+0000] {processor.py:161} INFO - Started process (PID=136) to work on /home/airflow/.local/lib/python3.12/site-packages/airflow/example_dags/example_branch_day_of_week_operator.py
[2024-08-13T17:30:40.299+0000] {processor.py:830} INFO - Processing file /home/airflow/.local/lib/python3.12/site-packages/airflow/example_dags/example_branch_day_of_week_operator.py for tasks to queue
[2024-08-13T17:30:40.301+0000] {logging_mixin.py:188} INFO - [2024-08-13T17:30:40.300+0000] {dagbag.py:545} INFO - Filling up the DagBag from /home/airflow/.local/lib/python3.12/site-packages/airflow/example_dags/example_branch_day_of_week_operator.py
[2024-08-13T17:30:40.307+0000] {processor.py:840} INFO - DAG(s) 'example_weekday_branch_operator' retrieved from /home/airflow/.local/lib/python3.12/site-packages/airflow/example_dags/example_branch_day_of_week_operator.py
[2024-08-13T17:30:40.326+0000] {logging_mixin.py:188} INFO - [2024-08-13T17:30:40.326+0000] {dag.py:3089} INFO - Sync 1 DAGs
[2024-08-13T17:30:40.345+0000] {logging_mixin.py:188} INFO - [2024-08-13T17:30:40.345+0000] {dag.py:3947} INFO - Setting next_dagrun for example_weekday_branch_operator to 2024-08-12 00:00:00+00:00, run_after=2024-08-13 00:00:00+00:00
[2024-08-13T17:30:40.362+0000] {processor.py:183} INFO - Processing /home/airflow/.local/lib/python3.12/site-packages/airflow/example_dags/example_branch_day_of_week_operator.py took 0.068 seconds
[2024-08-13T17:31:10.514+0000] {processor.py:161} INFO - Started process (PID=194) to work on /home/airflow/.local/lib/python3.12/site-packages/airflow/example_dags/example_branch_day_of_week_operator.py
[2024-08-13T17:31:10.514+0000] {processor.py:830} INFO - Processing file /home/airflow/.local/lib/python3.12/site-packages/airflow/example_dags/example_branch_day_of_week_operator.py for tasks to queue
[2024-08-13T17:31:10.516+0000] {logging_mixin.py:188} INFO - [2024-08-13T17:31:10.515+0000] {dagbag.py:545} INFO - Filling up the DagBag from /home/airflow/.local/lib/python3.12/site-packages/airflow/example_dags/example_branch_day_of_week_operator.py
[2024-08-13T17:31:10.523+0000] {processor.py:840} INFO - DAG(s) 'example_weekday_branch_operator' retrieved from /home/airflow/.local/lib/python3.12/site-packages/airflow/example_dags/example_branch_day_of_week_operator.py
[2024-08-13T17:31:10.547+0000] {logging_mixin.py:188} INFO - [2024-08-13T17:31:10.547+0000] {dag.py:3089} INFO - Sync 1 DAGs
[2024-08-13T17:31:10.574+0000] {logging_mixin.py:188} INFO - [2024-08-13T17:31:10.574+0000] {dag.py:3947} INFO - Setting next_dagrun for example_weekday_branch_operator to 2024-08-12 00:00:00+00:00, run_after=2024-08-13 00:00:00+00:00
[2024-08-13T17:31:10.594+0000] {processor.py:183} INFO - Processing /home/airflow/.local/lib/python3.12/site-packages/airflow/example_dags/example_branch_day_of_week_operator.py took 0.085 seconds
[2024-08-13T17:31:40.735+0000] {processor.py:161} INFO - Started process (PID=252) to work on /home/airflow/.local/lib/python3.12/site-packages/airflow/example_dags/example_branch_day_of_week_operator.py
[2024-08-13T17:31:40.736+0000] {processor.py:830} INFO - Processing file /home/airflow/.local/lib/python3.12/site-packages/airflow/example_dags/example_branch_day_of_week_operator.py for tasks to queue
[2024-08-13T17:31:40.737+0000] {logging_mixin.py:188} INFO - [2024-08-13T17:31:40.737+0000] {dagbag.py:545} INFO - Filling up the DagBag from /home/airflow/.local/lib/python3.12/site-packages/airflow/example_dags/example_branch_day_of_week_operator.py
[2024-08-13T17:31:40.744+0000] {processor.py:840} INFO - DAG(s) 'example_weekday_branch_operator' retrieved from /home/airflow/.local/lib/python3.12/site-packages/airflow/example_dags/example_branch_day_of_week_operator.py
[2024-08-13T17:31:40.764+0000] {logging_mixin.py:188} INFO - [2024-08-13T17:31:40.763+0000] {dag.py:3089} INFO - Sync 1 DAGs
[2024-08-13T17:31:40.785+0000] {logging_mixin.py:188} INFO - [2024-08-13T17:31:40.784+0000] {dag.py:3947} INFO - Setting next_dagrun for example_weekday_branch_operator to 2024-08-12 00:00:00+00:00, run_after=2024-08-13 00:00:00+00:00
[2024-08-13T17:31:40.800+0000] {processor.py:183} INFO - Processing /home/airflow/.local/lib/python3.12/site-packages/airflow/example_dags/example_branch_day_of_week_operator.py took 0.070 seconds
[2024-08-13T17:32:10.836+0000] {processor.py:161} INFO - Started process (PID=310) to work on /home/airflow/.local/lib/python3.12/site-packages/airflow/example_dags/example_branch_day_of_week_operator.py
[2024-08-13T17:32:10.837+0000] {processor.py:830} INFO - Processing file /home/airflow/.local/lib/python3.12/site-packages/airflow/example_dags/example_branch_day_of_week_operator.py for tasks to queue
[2024-08-13T17:32:10.838+0000] {logging_mixin.py:188} INFO - [2024-08-13T17:32:10.838+0000] {dagbag.py:545} INFO - Filling up the DagBag from /home/airflow/.local/lib/python3.12/site-packages/airflow/example_dags/example_branch_day_of_week_operator.py
[2024-08-13T17:32:10.844+0000] {processor.py:840} INFO - DAG(s) 'example_weekday_branch_operator' retrieved from /home/airflow/.local/lib/python3.12/site-packages/airflow/example_dags/example_branch_day_of_week_operator.py
[2024-08-13T17:32:10.863+0000] {logging_mixin.py:188} INFO - [2024-08-13T17:32:10.863+0000] {dag.py:3089} INFO - Sync 1 DAGs
[2024-08-13T17:32:10.884+0000] {logging_mixin.py:188} INFO - [2024-08-13T17:32:10.883+0000] {dag.py:3947} INFO - Setting next_dagrun for example_weekday_branch_operator to 2024-08-12 00:00:00+00:00, run_after=2024-08-13 00:00:00+00:00
[2024-08-13T17:32:10.901+0000] {processor.py:183} INFO - Processing /home/airflow/.local/lib/python3.12/site-packages/airflow/example_dags/example_branch_day_of_week_operator.py took 0.069 seconds
[2024-08-13T17:32:41.298+0000] {processor.py:161} INFO - Started process (PID=368) to work on /home/airflow/.local/lib/python3.12/site-packages/airflow/example_dags/example_branch_day_of_week_operator.py
[2024-08-13T17:32:41.299+0000] {processor.py:830} INFO - Processing file /home/airflow/.local/lib/python3.12/site-packages/airflow/example_dags/example_branch_day_of_week_operator.py for tasks to queue
[2024-08-13T17:32:41.300+0000] {logging_mixin.py:188} INFO - [2024-08-13T17:32:41.300+0000] {dagbag.py:545} INFO - Filling up the DagBag from /home/airflow/.local/lib/python3.12/site-packages/airflow/example_dags/example_branch_day_of_week_operator.py
[2024-08-13T17:32:41.307+0000] {processor.py:840} INFO - DAG(s) 'example_weekday_branch_operator' retrieved from /home/airflow/.local/lib/python3.12/site-packages/airflow/example_dags/example_branch_day_of_week_operator.py
[2024-08-13T17:32:41.326+0000] {logging_mixin.py:188} INFO - [2024-08-13T17:32:41.326+0000] {dag.py:3089} INFO - Sync 1 DAGs
[2024-08-13T17:32:41.346+0000] {logging_mixin.py:188} INFO - [2024-08-13T17:32:41.346+0000] {dag.py:3947} INFO - Setting next_dagrun for example_weekday_branch_operator to 2024-08-12 00:00:00+00:00, run_after=2024-08-13 00:00:00+00:00
[2024-08-13T17:32:41.364+0000] {processor.py:183} INFO - Processing /home/airflow/.local/lib/python3.12/site-packages/airflow/example_dags/example_branch_day_of_week_operator.py took 0.071 seconds
[2024-08-13T17:33:11.920+0000] {processor.py:161} INFO - Started process (PID=426) to work on /home/airflow/.local/lib/python3.12/site-packages/airflow/example_dags/example_branch_day_of_week_operator.py
[2024-08-13T17:33:11.921+0000] {processor.py:830} INFO - Processing file /home/airflow/.local/lib/python3.12/site-packages/airflow/example_dags/example_branch_day_of_week_operator.py for tasks to queue
[2024-08-13T17:33:11.922+0000] {logging_mixin.py:188} INFO - [2024-08-13T17:33:11.922+0000] {dagbag.py:545} INFO - Filling up the DagBag from /home/airflow/.local/lib/python3.12/site-packages/airflow/example_dags/example_branch_day_of_week_operator.py
[2024-08-13T17:33:11.928+0000] {processor.py:840} INFO - DAG(s) 'example_weekday_branch_operator' retrieved from /home/airflow/.local/lib/python3.12/site-packages/airflow/example_dags/example_branch_day_of_week_operator.py
[2024-08-13T17:33:11.947+0000] {logging_mixin.py:188} INFO - [2024-08-13T17:33:11.947+0000] {dag.py:3089} INFO - Sync 1 DAGs
[2024-08-13T17:33:11.967+0000] {logging_mixin.py:188} INFO - [2024-08-13T17:33:11.967+0000] {dag.py:3947} INFO - Setting next_dagrun for example_weekday_branch_operator to 2024-08-12 00:00:00+00:00, run_after=2024-08-13 00:00:00+00:00
[2024-08-13T17:33:11.985+0000] {processor.py:183} INFO - Processing /home/airflow/.local/lib/python3.12/site-packages/airflow/example_dags/example_branch_day_of_week_operator.py took 0.069 seconds
[2024-08-13T17:33:42.550+0000] {processor.py:161} INFO - Started process (PID=484) to work on /home/airflow/.local/lib/python3.12/site-packages/airflow/example_dags/example_branch_day_of_week_operator.py
[2024-08-13T17:33:42.551+0000] {processor.py:830} INFO - Processing file /home/airflow/.local/lib/python3.12/site-packages/airflow/example_dags/example_branch_day_of_week_operator.py for tasks to queue
[2024-08-13T17:33:42.552+0000] {logging_mixin.py:188} INFO - [2024-08-13T17:33:42.552+0000] {dagbag.py:545} INFO - Filling up the DagBag from /home/airflow/.local/lib/python3.12/site-packages/airflow/example_dags/example_branch_day_of_week_operator.py
[2024-08-13T17:33:42.558+0000] {processor.py:840} INFO - DAG(s) 'example_weekday_branch_operator' retrieved from /home/airflow/.local/lib/python3.12/site-packages/airflow/example_dags/example_branch_day_of_week_operator.py
[2024-08-13T17:33:42.578+0000] {logging_mixin.py:188} INFO - [2024-08-13T17:33:42.577+0000] {dag.py:3089} INFO - Sync 1 DAGs
[2024-08-13T17:33:42.597+0000] {logging_mixin.py:188} INFO - [2024-08-13T17:33:42.597+0000] {dag.py:3947} INFO - Setting next_dagrun for example_weekday_branch_operator to 2024-08-12 00:00:00+00:00, run_after=2024-08-13 00:00:00+00:00
[2024-08-13T17:33:42.615+0000] {processor.py:183} INFO - Processing /home/airflow/.local/lib/python3.12/site-packages/airflow/example_dags/example_branch_day_of_week_operator.py took 0.070 seconds
[2024-08-13T17:34:13.013+0000] {processor.py:161} INFO - Started process (PID=542) to work on /home/airflow/.local/lib/python3.12/site-packages/airflow/example_dags/example_branch_day_of_week_operator.py
[2024-08-13T17:34:13.014+0000] {processor.py:830} INFO - Processing file /home/airflow/.local/lib/python3.12/site-packages/airflow/example_dags/example_branch_day_of_week_operator.py for tasks to queue
[2024-08-13T17:34:13.015+0000] {logging_mixin.py:188} INFO - [2024-08-13T17:34:13.015+0000] {dagbag.py:545} INFO - Filling up the DagBag from /home/airflow/.local/lib/python3.12/site-packages/airflow/example_dags/example_branch_day_of_week_operator.py
[2024-08-13T17:34:13.021+0000] {processor.py:840} INFO - DAG(s) 'example_weekday_branch_operator' retrieved from /home/airflow/.local/lib/python3.12/site-packages/airflow/example_dags/example_branch_day_of_week_operator.py
[2024-08-13T17:34:13.040+0000] {logging_mixin.py:188} INFO - [2024-08-13T17:34:13.040+0000] {dag.py:3089} INFO - Sync 1 DAGs
[2024-08-13T17:34:13.063+0000] {logging_mixin.py:188} INFO - [2024-08-13T17:34:13.063+0000] {dag.py:3947} INFO - Setting next_dagrun for example_weekday_branch_operator to 2024-08-12 00:00:00+00:00, run_after=2024-08-13 00:00:00+00:00
[2024-08-13T17:34:13.081+0000] {processor.py:183} INFO - Processing /home/airflow/.local/lib/python3.12/site-packages/airflow/example_dags/example_branch_day_of_week_operator.py took 0.072 seconds
[2024-08-13T17:34:43.586+0000] {processor.py:161} INFO - Started process (PID=606) to work on /home/airflow/.local/lib/python3.12/site-packages/airflow/example_dags/example_branch_day_of_week_operator.py
[2024-08-13T17:34:43.586+0000] {processor.py:830} INFO - Processing file /home/airflow/.local/lib/python3.12/site-packages/airflow/example_dags/example_branch_day_of_week_operator.py for tasks to queue
[2024-08-13T17:34:43.588+0000] {logging_mixin.py:188} INFO - [2024-08-13T17:34:43.587+0000] {dagbag.py:545} INFO - Filling up the DagBag from /home/airflow/.local/lib/python3.12/site-packages/airflow/example_dags/example_branch_day_of_week_operator.py
[2024-08-13T17:34:43.594+0000] {processor.py:840} INFO - DAG(s) 'example_weekday_branch_operator' retrieved from /home/airflow/.local/lib/python3.12/site-packages/airflow/example_dags/example_branch_day_of_week_operator.py
[2024-08-13T17:34:43.611+0000] {logging_mixin.py:188} INFO - [2024-08-13T17:34:43.611+0000] {dag.py:3089} INFO - Sync 1 DAGs
[2024-08-13T17:34:43.631+0000] {logging_mixin.py:188} INFO - [2024-08-13T17:34:43.631+0000] {dag.py:3947} INFO - Setting next_dagrun for example_weekday_branch_operator to 2024-08-12 00:00:00+00:00, run_after=2024-08-13 00:00:00+00:00
[2024-08-13T17:34:43.648+0000] {processor.py:183} INFO - Processing /home/airflow/.local/lib/python3.12/site-packages/airflow/example_dags/example_branch_day_of_week_operator.py took 0.067 seconds
[2024-08-13T17:35:13.962+0000] {processor.py:161} INFO - Started process (PID=664) to work on /home/airflow/.local/lib/python3.12/site-packages/airflow/example_dags/example_branch_day_of_week_operator.py
[2024-08-13T17:35:13.963+0000] {processor.py:830} INFO - Processing file /home/airflow/.local/lib/python3.12/site-packages/airflow/example_dags/example_branch_day_of_week_operator.py for tasks to queue
[2024-08-13T17:35:13.964+0000] {logging_mixin.py:188} INFO - [2024-08-13T17:35:13.964+0000] {dagbag.py:545} INFO - Filling up the DagBag from /home/airflow/.local/lib/python3.12/site-packages/airflow/example_dags/example_branch_day_of_week_operator.py
[2024-08-13T17:35:13.970+0000] {processor.py:840} INFO - DAG(s) 'example_weekday_branch_operator' retrieved from /home/airflow/.local/lib/python3.12/site-packages/airflow/example_dags/example_branch_day_of_week_operator.py
[2024-08-13T17:35:13.989+0000] {logging_mixin.py:188} INFO - [2024-08-13T17:35:13.989+0000] {dag.py:3089} INFO - Sync 1 DAGs
[2024-08-13T17:35:14.009+0000] {logging_mixin.py:188} INFO - [2024-08-13T17:35:14.009+0000] {dag.py:3947} INFO - Setting next_dagrun for example_weekday_branch_operator to 2024-08-12 00:00:00+00:00, run_after=2024-08-13 00:00:00+00:00
[2024-08-13T17:35:14.026+0000] {processor.py:183} INFO - Processing /home/airflow/.local/lib/python3.12/site-packages/airflow/example_dags/example_branch_day_of_week_operator.py took 0.068 seconds
[2024-08-13T17:35:44.368+0000] {processor.py:161} INFO - Started process (PID=722) to work on /home/airflow/.local/lib/python3.12/site-packages/airflow/example_dags/example_branch_day_of_week_operator.py
[2024-08-13T17:35:44.369+0000] {processor.py:830} INFO - Processing file /home/airflow/.local/lib/python3.12/site-packages/airflow/example_dags/example_branch_day_of_week_operator.py for tasks to queue
[2024-08-13T17:35:44.370+0000] {logging_mixin.py:188} INFO - [2024-08-13T17:35:44.370+0000] {dagbag.py:545} INFO - Filling up the DagBag from /home/airflow/.local/lib/python3.12/site-packages/airflow/example_dags/example_branch_day_of_week_operator.py
[2024-08-13T17:35:44.377+0000] {processor.py:840} INFO - DAG(s) 'example_weekday_branch_operator' retrieved from /home/airflow/.local/lib/python3.12/site-packages/airflow/example_dags/example_branch_day_of_week_operator.py
[2024-08-13T17:35:44.395+0000] {logging_mixin.py:188} INFO - [2024-08-13T17:35:44.395+0000] {dag.py:3089} INFO - Sync 1 DAGs
[2024-08-13T17:35:44.415+0000] {logging_mixin.py:188} INFO - [2024-08-13T17:35:44.414+0000] {dag.py:3947} INFO - Setting next_dagrun for example_weekday_branch_operator to 2024-08-12 00:00:00+00:00, run_after=2024-08-13 00:00:00+00:00
[2024-08-13T17:35:44.431+0000] {processor.py:183} INFO - Processing /home/airflow/.local/lib/python3.12/site-packages/airflow/example_dags/example_branch_day_of_week_operator.py took 0.068 seconds
[2024-08-13T17:36:15.022+0000] {processor.py:161} INFO - Started process (PID=780) to work on /home/airflow/.local/lib/python3.12/site-packages/airflow/example_dags/example_branch_day_of_week_operator.py
[2024-08-13T17:36:15.023+0000] {processor.py:830} INFO - Processing file /home/airflow/.local/lib/python3.12/site-packages/airflow/example_dags/example_branch_day_of_week_operator.py for tasks to queue
[2024-08-13T17:36:15.024+0000] {logging_mixin.py:188} INFO - [2024-08-13T17:36:15.024+0000] {dagbag.py:545} INFO - Filling up the DagBag from /home/airflow/.local/lib/python3.12/site-packages/airflow/example_dags/example_branch_day_of_week_operator.py
[2024-08-13T17:36:15.031+0000] {processor.py:840} INFO - DAG(s) 'example_weekday_branch_operator' retrieved from /home/airflow/.local/lib/python3.12/site-packages/airflow/example_dags/example_branch_day_of_week_operator.py
[2024-08-13T17:36:15.050+0000] {logging_mixin.py:188} INFO - [2024-08-13T17:36:15.050+0000] {dag.py:3089} INFO - Sync 1 DAGs
[2024-08-13T17:36:15.070+0000] {logging_mixin.py:188} INFO - [2024-08-13T17:36:15.070+0000] {dag.py:3947} INFO - Setting next_dagrun for example_weekday_branch_operator to 2024-08-12 00:00:00+00:00, run_after=2024-08-13 00:00:00+00:00
[2024-08-13T17:36:15.087+0000] {processor.py:183} INFO - Processing /home/airflow/.local/lib/python3.12/site-packages/airflow/example_dags/example_branch_day_of_week_operator.py took 0.070 seconds
[2024-08-13T17:36:45.426+0000] {processor.py:161} INFO - Started process (PID=838) to work on /home/airflow/.local/lib/python3.12/site-packages/airflow/example_dags/example_branch_day_of_week_operator.py
[2024-08-13T17:36:45.427+0000] {processor.py:830} INFO - Processing file /home/airflow/.local/lib/python3.12/site-packages/airflow/example_dags/example_branch_day_of_week_operator.py for tasks to queue
[2024-08-13T17:36:45.428+0000] {logging_mixin.py:188} INFO - [2024-08-13T17:36:45.428+0000] {dagbag.py:545} INFO - Filling up the DagBag from /home/airflow/.local/lib/python3.12/site-packages/airflow/example_dags/example_branch_day_of_week_operator.py
[2024-08-13T17:36:45.434+0000] {processor.py:840} INFO - DAG(s) 'example_weekday_branch_operator' retrieved from /home/airflow/.local/lib/python3.12/site-packages/airflow/example_dags/example_branch_day_of_week_operator.py
[2024-08-13T17:36:45.454+0000] {logging_mixin.py:188} INFO - [2024-08-13T17:36:45.454+0000] {dag.py:3089} INFO - Sync 1 DAGs
[2024-08-13T17:36:45.474+0000] {logging_mixin.py:188} INFO - [2024-08-13T17:36:45.473+0000] {dag.py:3947} INFO - Setting next_dagrun for example_weekday_branch_operator to 2024-08-12 00:00:00+00:00, run_after=2024-08-13 00:00:00+00:00
[2024-08-13T17:36:45.491+0000] {processor.py:183} INFO - Processing /home/airflow/.local/lib/python3.12/site-packages/airflow/example_dags/example_branch_day_of_week_operator.py took 0.070 seconds
[2024-08-13T17:37:15.940+0000] {processor.py:161} INFO - Started process (PID=896) to work on /home/airflow/.local/lib/python3.12/site-packages/airflow/example_dags/example_branch_day_of_week_operator.py
[2024-08-13T17:37:15.941+0000] {processor.py:830} INFO - Processing file /home/airflow/.local/lib/python3.12/site-packages/airflow/example_dags/example_branch_day_of_week_operator.py for tasks to queue
[2024-08-13T17:37:15.942+0000] {logging_mixin.py:188} INFO - [2024-08-13T17:37:15.942+0000] {dagbag.py:545} INFO - Filling up the DagBag from /home/airflow/.local/lib/python3.12/site-packages/airflow/example_dags/example_branch_day_of_week_operator.py
[2024-08-13T17:37:15.949+0000] {processor.py:840} INFO - DAG(s) 'example_weekday_branch_operator' retrieved from /home/airflow/.local/lib/python3.12/site-packages/airflow/example_dags/example_branch_day_of_week_operator.py
[2024-08-13T17:37:15.967+0000] {logging_mixin.py:188} INFO - [2024-08-13T17:37:15.966+0000] {dag.py:3089} INFO - Sync 1 DAGs
[2024-08-13T17:37:15.986+0000] {logging_mixin.py:188} INFO - [2024-08-13T17:37:15.986+0000] {dag.py:3947} INFO - Setting next_dagrun for example_weekday_branch_operator to 2024-08-12 00:00:00+00:00, run_after=2024-08-13 00:00:00+00:00
[2024-08-13T17:37:16.003+0000] {processor.py:183} INFO - Processing /home/airflow/.local/lib/python3.12/site-packages/airflow/example_dags/example_branch_day_of_week_operator.py took 0.067 seconds
[2024-08-13T17:37:46.568+0000] {processor.py:161} INFO - Started process (PID=954) to work on /home/airflow/.local/lib/python3.12/site-packages/airflow/example_dags/example_branch_day_of_week_operator.py
[2024-08-13T17:37:46.569+0000] {processor.py:830} INFO - Processing file /home/airflow/.local/lib/python3.12/site-packages/airflow/example_dags/example_branch_day_of_week_operator.py for tasks to queue
[2024-08-13T17:37:46.570+0000] {logging_mixin.py:188} INFO - [2024-08-13T17:37:46.570+0000] {dagbag.py:545} INFO - Filling up the DagBag from /home/airflow/.local/lib/python3.12/site-packages/airflow/example_dags/example_branch_day_of_week_operator.py
[2024-08-13T17:37:46.576+0000] {processor.py:840} INFO - DAG(s) 'example_weekday_branch_operator' retrieved from /home/airflow/.local/lib/python3.12/site-packages/airflow/example_dags/example_branch_day_of_week_operator.py
[2024-08-13T17:37:46.594+0000] {logging_mixin.py:188} INFO - [2024-08-13T17:37:46.594+0000] {dag.py:3089} INFO - Sync 1 DAGs
[2024-08-13T17:37:46.614+0000] {logging_mixin.py:188} INFO - [2024-08-13T17:37:46.614+0000] {dag.py:3947} INFO - Setting next_dagrun for example_weekday_branch_operator to 2024-08-12 00:00:00+00:00, run_after=2024-08-13 00:00:00+00:00
[2024-08-13T17:37:46.630+0000] {processor.py:183} INFO - Processing /home/airflow/.local/lib/python3.12/site-packages/airflow/example_dags/example_branch_day_of_week_operator.py took 0.067 seconds
[2024-08-13T17:38:17.263+0000] {processor.py:161} INFO - Started process (PID=1012) to work on /home/airflow/.local/lib/python3.12/site-packages/airflow/example_dags/example_branch_day_of_week_operator.py
[2024-08-13T17:38:17.264+0000] {processor.py:830} INFO - Processing file /home/airflow/.local/lib/python3.12/site-packages/airflow/example_dags/example_branch_day_of_week_operator.py for tasks to queue
[2024-08-13T17:38:17.265+0000] {logging_mixin.py:188} INFO - [2024-08-13T17:38:17.265+0000] {dagbag.py:545} INFO - Filling up the DagBag from /home/airflow/.local/lib/python3.12/site-packages/airflow/example_dags/example_branch_day_of_week_operator.py
[2024-08-13T17:38:17.272+0000] {processor.py:840} INFO - DAG(s) 'example_weekday_branch_operator' retrieved from /home/airflow/.local/lib/python3.12/site-packages/airflow/example_dags/example_branch_day_of_week_operator.py
[2024-08-13T17:38:17.291+0000] {logging_mixin.py:188} INFO - [2024-08-13T17:38:17.291+0000] {dag.py:3089} INFO - Sync 1 DAGs
[2024-08-13T17:38:17.311+0000] {logging_mixin.py:188} INFO - [2024-08-13T17:38:17.311+0000] {dag.py:3947} INFO - Setting next_dagrun for example_weekday_branch_operator to 2024-08-12 00:00:00+00:00, run_after=2024-08-13 00:00:00+00:00
[2024-08-13T17:38:17.328+0000] {processor.py:183} INFO - Processing /home/airflow/.local/lib/python3.12/site-packages/airflow/example_dags/example_branch_day_of_week_operator.py took 0.070 seconds
[2024-08-13T17:38:47.497+0000] {processor.py:161} INFO - Started process (PID=1070) to work on /home/airflow/.local/lib/python3.12/site-packages/airflow/example_dags/example_branch_day_of_week_operator.py
[2024-08-13T17:38:47.497+0000] {processor.py:830} INFO - Processing file /home/airflow/.local/lib/python3.12/site-packages/airflow/example_dags/example_branch_day_of_week_operator.py for tasks to queue
[2024-08-13T17:38:47.499+0000] {logging_mixin.py:188} INFO - [2024-08-13T17:38:47.498+0000] {dagbag.py:545} INFO - Filling up the DagBag from /home/airflow/.local/lib/python3.12/site-packages/airflow/example_dags/example_branch_day_of_week_operator.py
[2024-08-13T17:38:47.505+0000] {processor.py:840} INFO - DAG(s) 'example_weekday_branch_operator' retrieved from /home/airflow/.local/lib/python3.12/site-packages/airflow/example_dags/example_branch_day_of_week_operator.py
[2024-08-13T17:38:47.523+0000] {logging_mixin.py:188} INFO - [2024-08-13T17:38:47.523+0000] {dag.py:3089} INFO - Sync 1 DAGs
[2024-08-13T17:38:47.544+0000] {logging_mixin.py:188} INFO - [2024-08-13T17:38:47.544+0000] {dag.py:3947} INFO - Setting next_dagrun for example_weekday_branch_operator to 2024-08-12 00:00:00+00:00, run_after=2024-08-13 00:00:00+00:00
[2024-08-13T17:38:47.562+0000] {processor.py:183} INFO - Processing /home/airflow/.local/lib/python3.12/site-packages/airflow/example_dags/example_branch_day_of_week_operator.py took 0.071 seconds
[2024-08-13T17:39:17.740+0000] {processor.py:161} INFO - Started process (PID=1128) to work on /home/airflow/.local/lib/python3.12/site-packages/airflow/example_dags/example_branch_day_of_week_operator.py
[2024-08-13T17:39:17.741+0000] {processor.py:830} INFO - Processing file /home/airflow/.local/lib/python3.12/site-packages/airflow/example_dags/example_branch_day_of_week_operator.py for tasks to queue
[2024-08-13T17:39:17.742+0000] {logging_mixin.py:188} INFO - [2024-08-13T17:39:17.742+0000] {dagbag.py:545} INFO - Filling up the DagBag from /home/airflow/.local/lib/python3.12/site-packages/airflow/example_dags/example_branch_day_of_week_operator.py
[2024-08-13T17:39:17.750+0000] {processor.py:840} INFO - DAG(s) 'example_weekday_branch_operator' retrieved from /home/airflow/.local/lib/python3.12/site-packages/airflow/example_dags/example_branch_day_of_week_operator.py
[2024-08-13T17:39:17.768+0000] {logging_mixin.py:188} INFO - [2024-08-13T17:39:17.768+0000] {dag.py:3089} INFO - Sync 1 DAGs
[2024-08-13T17:39:17.789+0000] {logging_mixin.py:188} INFO - [2024-08-13T17:39:17.789+0000] {dag.py:3947} INFO - Setting next_dagrun for example_weekday_branch_operator to 2024-08-12 00:00:00+00:00, run_after=2024-08-13 00:00:00+00:00
[2024-08-13T17:39:17.808+0000] {processor.py:183} INFO - Processing /home/airflow/.local/lib/python3.12/site-packages/airflow/example_dags/example_branch_day_of_week_operator.py took 0.072 seconds
[2024-08-13T17:39:48.185+0000] {processor.py:161} INFO - Started process (PID=1186) to work on /home/airflow/.local/lib/python3.12/site-packages/airflow/example_dags/example_branch_day_of_week_operator.py
[2024-08-13T17:39:48.186+0000] {processor.py:830} INFO - Processing file /home/airflow/.local/lib/python3.12/site-packages/airflow/example_dags/example_branch_day_of_week_operator.py for tasks to queue
[2024-08-13T17:39:48.187+0000] {logging_mixin.py:188} INFO - [2024-08-13T17:39:48.187+0000] {dagbag.py:545} INFO - Filling up the DagBag from /home/airflow/.local/lib/python3.12/site-packages/airflow/example_dags/example_branch_day_of_week_operator.py
[2024-08-13T17:39:48.194+0000] {processor.py:840} INFO - DAG(s) 'example_weekday_branch_operator' retrieved from /home/airflow/.local/lib/python3.12/site-packages/airflow/example_dags/example_branch_day_of_week_operator.py
[2024-08-13T17:39:48.212+0000] {logging_mixin.py:188} INFO - [2024-08-13T17:39:48.212+0000] {dag.py:3089} INFO - Sync 1 DAGs
[2024-08-13T17:39:48.232+0000] {logging_mixin.py:188} INFO - [2024-08-13T17:39:48.232+0000] {dag.py:3947} INFO - Setting next_dagrun for example_weekday_branch_operator to 2024-08-12 00:00:00+00:00, run_after=2024-08-13 00:00:00+00:00
[2024-08-13T17:39:48.249+0000] {processor.py:183} INFO - Processing /home/airflow/.local/lib/python3.12/site-packages/airflow/example_dags/example_branch_day_of_week_operator.py took 0.068 seconds
[2024-08-13T17:40:18.693+0000] {processor.py:161} INFO - Started process (PID=1244) to work on /home/airflow/.local/lib/python3.12/site-packages/airflow/example_dags/example_branch_day_of_week_operator.py
[2024-08-13T17:40:18.693+0000] {processor.py:830} INFO - Processing file /home/airflow/.local/lib/python3.12/site-packages/airflow/example_dags/example_branch_day_of_week_operator.py for tasks to queue
[2024-08-13T17:40:18.695+0000] {logging_mixin.py:188} INFO - [2024-08-13T17:40:18.694+0000] {dagbag.py:545} INFO - Filling up the DagBag from /home/airflow/.local/lib/python3.12/site-packages/airflow/example_dags/example_branch_day_of_week_operator.py
[2024-08-13T17:40:18.701+0000] {processor.py:840} INFO - DAG(s) 'example_weekday_branch_operator' retrieved from /home/airflow/.local/lib/python3.12/site-packages/airflow/example_dags/example_branch_day_of_week_operator.py
[2024-08-13T17:40:18.720+0000] {logging_mixin.py:188} INFO - [2024-08-13T17:40:18.720+0000] {dag.py:3089} INFO - Sync 1 DAGs
[2024-08-13T17:40:18.740+0000] {logging_mixin.py:188} INFO - [2024-08-13T17:40:18.740+0000] {dag.py:3947} INFO - Setting next_dagrun for example_weekday_branch_operator to 2024-08-12 00:00:00+00:00, run_after=2024-08-13 00:00:00+00:00
[2024-08-13T17:40:18.759+0000] {processor.py:183} INFO - Processing /home/airflow/.local/lib/python3.12/site-packages/airflow/example_dags/example_branch_day_of_week_operator.py took 0.071 seconds
[2024-08-13T17:40:49.361+0000] {processor.py:161} INFO - Started process (PID=1302) to work on /home/airflow/.local/lib/python3.12/site-packages/airflow/example_dags/example_branch_day_of_week_operator.py
[2024-08-13T17:40:49.361+0000] {processor.py:830} INFO - Processing file /home/airflow/.local/lib/python3.12/site-packages/airflow/example_dags/example_branch_day_of_week_operator.py for tasks to queue
[2024-08-13T17:40:49.363+0000] {logging_mixin.py:188} INFO - [2024-08-13T17:40:49.363+0000] {dagbag.py:545} INFO - Filling up the DagBag from /home/airflow/.local/lib/python3.12/site-packages/airflow/example_dags/example_branch_day_of_week_operator.py
[2024-08-13T17:40:49.369+0000] {processor.py:840} INFO - DAG(s) 'example_weekday_branch_operator' retrieved from /home/airflow/.local/lib/python3.12/site-packages/airflow/example_dags/example_branch_day_of_week_operator.py
[2024-08-13T17:40:49.388+0000] {logging_mixin.py:188} INFO - [2024-08-13T17:40:49.388+0000] {dag.py:3089} INFO - Sync 1 DAGs
[2024-08-13T17:40:49.407+0000] {logging_mixin.py:188} INFO - [2024-08-13T17:40:49.407+0000] {dag.py:3947} INFO - Setting next_dagrun for example_weekday_branch_operator to 2024-08-12 00:00:00+00:00, run_after=2024-08-13 00:00:00+00:00
[2024-08-13T17:40:49.425+0000] {processor.py:183} INFO - Processing /home/airflow/.local/lib/python3.12/site-packages/airflow/example_dags/example_branch_day_of_week_operator.py took 0.069 seconds
[2024-08-13T17:41:19.482+0000] {processor.py:161} INFO - Started process (PID=1360) to work on /home/airflow/.local/lib/python3.12/site-packages/airflow/example_dags/example_branch_day_of_week_operator.py
[2024-08-13T17:41:19.482+0000] {processor.py:830} INFO - Processing file /home/airflow/.local/lib/python3.12/site-packages/airflow/example_dags/example_branch_day_of_week_operator.py for tasks to queue
[2024-08-13T17:41:19.484+0000] {logging_mixin.py:188} INFO - [2024-08-13T17:41:19.483+0000] {dagbag.py:545} INFO - Filling up the DagBag from /home/airflow/.local/lib/python3.12/site-packages/airflow/example_dags/example_branch_day_of_week_operator.py
[2024-08-13T17:41:19.490+0000] {processor.py:840} INFO - DAG(s) 'example_weekday_branch_operator' retrieved from /home/airflow/.local/lib/python3.12/site-packages/airflow/example_dags/example_branch_day_of_week_operator.py
[2024-08-13T17:41:19.508+0000] {logging_mixin.py:188} INFO - [2024-08-13T17:41:19.508+0000] {dag.py:3089} INFO - Sync 1 DAGs
[2024-08-13T17:41:19.528+0000] {logging_mixin.py:188} INFO - [2024-08-13T17:41:19.528+0000] {dag.py:3947} INFO - Setting next_dagrun for example_weekday_branch_operator to 2024-08-12 00:00:00+00:00, run_after=2024-08-13 00:00:00+00:00
[2024-08-13T17:41:19.544+0000] {processor.py:183} INFO - Processing /home/airflow/.local/lib/python3.12/site-packages/airflow/example_dags/example_branch_day_of_week_operator.py took 0.067 seconds
[2024-08-13T17:41:50.208+0000] {processor.py:161} INFO - Started process (PID=1418) to work on /home/airflow/.local/lib/python3.12/site-packages/airflow/example_dags/example_branch_day_of_week_operator.py
[2024-08-13T17:41:50.209+0000] {processor.py:830} INFO - Processing file /home/airflow/.local/lib/python3.12/site-packages/airflow/example_dags/example_branch_day_of_week_operator.py for tasks to queue
[2024-08-13T17:41:50.210+0000] {logging_mixin.py:188} INFO - [2024-08-13T17:41:50.210+0000] {dagbag.py:545} INFO - Filling up the DagBag from /home/airflow/.local/lib/python3.12/site-packages/airflow/example_dags/example_branch_day_of_week_operator.py
[2024-08-13T17:41:50.216+0000] {processor.py:840} INFO - DAG(s) 'example_weekday_branch_operator' retrieved from /home/airflow/.local/lib/python3.12/site-packages/airflow/example_dags/example_branch_day_of_week_operator.py
[2024-08-13T17:41:50.235+0000] {logging_mixin.py:188} INFO - [2024-08-13T17:41:50.235+0000] {dag.py:3089} INFO - Sync 1 DAGs
[2024-08-13T17:41:50.255+0000] {logging_mixin.py:188} INFO - [2024-08-13T17:41:50.255+0000] {dag.py:3947} INFO - Setting next_dagrun for example_weekday_branch_operator to 2024-08-12 00:00:00+00:00, run_after=2024-08-13 00:00:00+00:00
[2024-08-13T17:41:50.271+0000] {processor.py:183} INFO - Processing /home/airflow/.local/lib/python3.12/site-packages/airflow/example_dags/example_branch_day_of_week_operator.py took 0.068 seconds
[2024-08-13T17:42:20.985+0000] {processor.py:161} INFO - Started process (PID=1476) to work on /home/airflow/.local/lib/python3.12/site-packages/airflow/example_dags/example_branch_day_of_week_operator.py
[2024-08-13T17:42:20.985+0000] {processor.py:830} INFO - Processing file /home/airflow/.local/lib/python3.12/site-packages/airflow/example_dags/example_branch_day_of_week_operator.py for tasks to queue
[2024-08-13T17:42:20.987+0000] {logging_mixin.py:188} INFO - [2024-08-13T17:42:20.987+0000] {dagbag.py:545} INFO - Filling up the DagBag from /home/airflow/.local/lib/python3.12/site-packages/airflow/example_dags/example_branch_day_of_week_operator.py
[2024-08-13T17:42:20.993+0000] {processor.py:840} INFO - DAG(s) 'example_weekday_branch_operator' retrieved from /home/airflow/.local/lib/python3.12/site-packages/airflow/example_dags/example_branch_day_of_week_operator.py
[2024-08-13T17:42:21.012+0000] {logging_mixin.py:188} INFO - [2024-08-13T17:42:21.011+0000] {dag.py:3089} INFO - Sync 1 DAGs
[2024-08-13T17:42:21.032+0000] {logging_mixin.py:188} INFO - [2024-08-13T17:42:21.032+0000] {dag.py:3947} INFO - Setting next_dagrun for example_weekday_branch_operator to 2024-08-12 00:00:00+00:00, run_after=2024-08-13 00:00:00+00:00
[2024-08-13T17:42:21.156+0000] {processor.py:183} INFO - Processing /home/airflow/.local/lib/python3.12/site-packages/airflow/example_dags/example_branch_day_of_week_operator.py took 0.176 seconds
[2024-08-13T17:42:51.985+0000] {processor.py:161} INFO - Started process (PID=1534) to work on /home/airflow/.local/lib/python3.12/site-packages/airflow/example_dags/example_branch_day_of_week_operator.py
[2024-08-13T17:42:51.986+0000] {processor.py:830} INFO - Processing file /home/airflow/.local/lib/python3.12/site-packages/airflow/example_dags/example_branch_day_of_week_operator.py for tasks to queue
[2024-08-13T17:42:51.987+0000] {logging_mixin.py:188} INFO - [2024-08-13T17:42:51.987+0000] {dagbag.py:545} INFO - Filling up the DagBag from /home/airflow/.local/lib/python3.12/site-packages/airflow/example_dags/example_branch_day_of_week_operator.py
[2024-08-13T17:42:51.994+0000] {processor.py:840} INFO - DAG(s) 'example_weekday_branch_operator' retrieved from /home/airflow/.local/lib/python3.12/site-packages/airflow/example_dags/example_branch_day_of_week_operator.py
[2024-08-13T17:42:52.013+0000] {logging_mixin.py:188} INFO - [2024-08-13T17:42:52.012+0000] {dag.py:3089} INFO - Sync 1 DAGs
[2024-08-13T17:42:52.032+0000] {logging_mixin.py:188} INFO - [2024-08-13T17:42:52.032+0000] {dag.py:3947} INFO - Setting next_dagrun for example_weekday_branch_operator to 2024-08-12 00:00:00+00:00, run_after=2024-08-13 00:00:00+00:00
[2024-08-13T17:42:52.050+0000] {processor.py:183} INFO - Processing /home/airflow/.local/lib/python3.12/site-packages/airflow/example_dags/example_branch_day_of_week_operator.py took 0.070 seconds
[2024-08-13T17:43:22.082+0000] {processor.py:161} INFO - Started process (PID=1592) to work on /home/airflow/.local/lib/python3.12/site-packages/airflow/example_dags/example_branch_day_of_week_operator.py
[2024-08-13T17:43:22.083+0000] {processor.py:830} INFO - Processing file /home/airflow/.local/lib/python3.12/site-packages/airflow/example_dags/example_branch_day_of_week_operator.py for tasks to queue
[2024-08-13T17:43:22.084+0000] {logging_mixin.py:188} INFO - [2024-08-13T17:43:22.084+0000] {dagbag.py:545} INFO - Filling up the DagBag from /home/airflow/.local/lib/python3.12/site-packages/airflow/example_dags/example_branch_day_of_week_operator.py
[2024-08-13T17:43:22.090+0000] {processor.py:840} INFO - DAG(s) 'example_weekday_branch_operator' retrieved from /home/airflow/.local/lib/python3.12/site-packages/airflow/example_dags/example_branch_day_of_week_operator.py
[2024-08-13T17:43:22.109+0000] {logging_mixin.py:188} INFO - [2024-08-13T17:43:22.108+0000] {dag.py:3089} INFO - Sync 1 DAGs
[2024-08-13T17:43:22.128+0000] {logging_mixin.py:188} INFO - [2024-08-13T17:43:22.128+0000] {dag.py:3947} INFO - Setting next_dagrun for example_weekday_branch_operator to 2024-08-12 00:00:00+00:00, run_after=2024-08-13 00:00:00+00:00
[2024-08-13T17:43:22.145+0000] {processor.py:183} INFO - Processing /home/airflow/.local/lib/python3.12/site-packages/airflow/example_dags/example_branch_day_of_week_operator.py took 0.068 seconds
[2024-08-13T17:43:52.725+0000] {processor.py:161} INFO - Started process (PID=1650) to work on /home/airflow/.local/lib/python3.12/site-packages/airflow/example_dags/example_branch_day_of_week_operator.py
[2024-08-13T17:43:52.725+0000] {processor.py:830} INFO - Processing file /home/airflow/.local/lib/python3.12/site-packages/airflow/example_dags/example_branch_day_of_week_operator.py for tasks to queue
[2024-08-13T17:43:52.727+0000] {logging_mixin.py:188} INFO - [2024-08-13T17:43:52.727+0000] {dagbag.py:545} INFO - Filling up the DagBag from /home/airflow/.local/lib/python3.12/site-packages/airflow/example_dags/example_branch_day_of_week_operator.py
[2024-08-13T17:43:52.733+0000] {processor.py:840} INFO - DAG(s) 'example_weekday_branch_operator' retrieved from /home/airflow/.local/lib/python3.12/site-packages/airflow/example_dags/example_branch_day_of_week_operator.py
[2024-08-13T17:43:52.752+0000] {logging_mixin.py:188} INFO - [2024-08-13T17:43:52.752+0000] {dag.py:3089} INFO - Sync 1 DAGs
[2024-08-13T17:43:52.772+0000] {logging_mixin.py:188} INFO - [2024-08-13T17:43:52.772+0000] {dag.py:3947} INFO - Setting next_dagrun for example_weekday_branch_operator to 2024-08-12 00:00:00+00:00, run_after=2024-08-13 00:00:00+00:00
[2024-08-13T17:43:52.789+0000] {processor.py:183} INFO - Processing /home/airflow/.local/lib/python3.12/site-packages/airflow/example_dags/example_branch_day_of_week_operator.py took 0.069 seconds
[2024-08-13T17:44:23.448+0000] {processor.py:161} INFO - Started process (PID=1708) to work on /home/airflow/.local/lib/python3.12/site-packages/airflow/example_dags/example_branch_day_of_week_operator.py
[2024-08-13T17:44:23.449+0000] {processor.py:830} INFO - Processing file /home/airflow/.local/lib/python3.12/site-packages/airflow/example_dags/example_branch_day_of_week_operator.py for tasks to queue
[2024-08-13T17:44:23.450+0000] {logging_mixin.py:188} INFO - [2024-08-13T17:44:23.450+0000] {dagbag.py:545} INFO - Filling up the DagBag from /home/airflow/.local/lib/python3.12/site-packages/airflow/example_dags/example_branch_day_of_week_operator.py
[2024-08-13T17:44:23.456+0000] {processor.py:840} INFO - DAG(s) 'example_weekday_branch_operator' retrieved from /home/airflow/.local/lib/python3.12/site-packages/airflow/example_dags/example_branch_day_of_week_operator.py
[2024-08-13T17:44:23.475+0000] {logging_mixin.py:188} INFO - [2024-08-13T17:44:23.474+0000] {dag.py:3089} INFO - Sync 1 DAGs
[2024-08-13T17:44:23.495+0000] {logging_mixin.py:188} INFO - [2024-08-13T17:44:23.495+0000] {dag.py:3947} INFO - Setting next_dagrun for example_weekday_branch_operator to 2024-08-12 00:00:00+00:00, run_after=2024-08-13 00:00:00+00:00
[2024-08-13T17:44:23.513+0000] {processor.py:183} INFO - Processing /home/airflow/.local/lib/python3.12/site-packages/airflow/example_dags/example_branch_day_of_week_operator.py took 0.070 seconds
[2024-08-13T17:44:54.705+0000] {processor.py:161} INFO - Started process (PID=1766) to work on /home/airflow/.local/lib/python3.12/site-packages/airflow/example_dags/example_branch_day_of_week_operator.py
[2024-08-13T17:44:54.705+0000] {processor.py:830} INFO - Processing file /home/airflow/.local/lib/python3.12/site-packages/airflow/example_dags/example_branch_day_of_week_operator.py for tasks to queue
[2024-08-13T17:44:54.707+0000] {logging_mixin.py:188} INFO - [2024-08-13T17:44:54.707+0000] {dagbag.py:545} INFO - Filling up the DagBag from /home/airflow/.local/lib/python3.12/site-packages/airflow/example_dags/example_branch_day_of_week_operator.py
[2024-08-13T17:44:54.713+0000] {processor.py:840} INFO - DAG(s) 'example_weekday_branch_operator' retrieved from /home/airflow/.local/lib/python3.12/site-packages/airflow/example_dags/example_branch_day_of_week_operator.py
[2024-08-13T17:44:54.845+0000] {logging_mixin.py:188} INFO - [2024-08-13T17:44:54.845+0000] {dag.py:3089} INFO - Sync 1 DAGs
[2024-08-13T17:44:54.867+0000] {logging_mixin.py:188} INFO - [2024-08-13T17:44:54.866+0000] {dag.py:3947} INFO - Setting next_dagrun for example_weekday_branch_operator to 2024-08-12 00:00:00+00:00, run_after=2024-08-13 00:00:00+00:00
[2024-08-13T17:44:54.882+0000] {processor.py:183} INFO - Processing /home/airflow/.local/lib/python3.12/site-packages/airflow/example_dags/example_branch_day_of_week_operator.py took 0.183 seconds
[2024-08-13T17:45:25.536+0000] {processor.py:161} INFO - Started process (PID=1824) to work on /home/airflow/.local/lib/python3.12/site-packages/airflow/example_dags/example_branch_day_of_week_operator.py
[2024-08-13T17:45:25.537+0000] {processor.py:830} INFO - Processing file /home/airflow/.local/lib/python3.12/site-packages/airflow/example_dags/example_branch_day_of_week_operator.py for tasks to queue
[2024-08-13T17:45:25.538+0000] {logging_mixin.py:188} INFO - [2024-08-13T17:45:25.538+0000] {dagbag.py:545} INFO - Filling up the DagBag from /home/airflow/.local/lib/python3.12/site-packages/airflow/example_dags/example_branch_day_of_week_operator.py
[2024-08-13T17:45:25.545+0000] {processor.py:840} INFO - DAG(s) 'example_weekday_branch_operator' retrieved from /home/airflow/.local/lib/python3.12/site-packages/airflow/example_dags/example_branch_day_of_week_operator.py
[2024-08-13T17:45:25.564+0000] {logging_mixin.py:188} INFO - [2024-08-13T17:45:25.564+0000] {dag.py:3089} INFO - Sync 1 DAGs
[2024-08-13T17:45:25.584+0000] {logging_mixin.py:188} INFO - [2024-08-13T17:45:25.584+0000] {dag.py:3947} INFO - Setting next_dagrun for example_weekday_branch_operator to 2024-08-12 00:00:00+00:00, run_after=2024-08-13 00:00:00+00:00
[2024-08-13T17:45:25.601+0000] {processor.py:183} INFO - Processing /home/airflow/.local/lib/python3.12/site-packages/airflow/example_dags/example_branch_day_of_week_operator.py took 0.070 seconds
[2024-08-13T17:45:55.990+0000] {processor.py:161} INFO - Started process (PID=1882) to work on /home/airflow/.local/lib/python3.12/site-packages/airflow/example_dags/example_branch_day_of_week_operator.py
[2024-08-13T17:45:55.990+0000] {processor.py:830} INFO - Processing file /home/airflow/.local/lib/python3.12/site-packages/airflow/example_dags/example_branch_day_of_week_operator.py for tasks to queue
[2024-08-13T17:45:55.992+0000] {logging_mixin.py:188} INFO - [2024-08-13T17:45:55.992+0000] {dagbag.py:545} INFO - Filling up the DagBag from /home/airflow/.local/lib/python3.12/site-packages/airflow/example_dags/example_branch_day_of_week_operator.py
[2024-08-13T17:45:55.999+0000] {processor.py:840} INFO - DAG(s) 'example_weekday_branch_operator' retrieved from /home/airflow/.local/lib/python3.12/site-packages/airflow/example_dags/example_branch_day_of_week_operator.py
[2024-08-13T17:45:56.017+0000] {logging_mixin.py:188} INFO - [2024-08-13T17:45:56.016+0000] {dag.py:3089} INFO - Sync 1 DAGs
[2024-08-13T17:45:56.037+0000] {logging_mixin.py:188} INFO - [2024-08-13T17:45:56.037+0000] {dag.py:3947} INFO - Setting next_dagrun for example_weekday_branch_operator to 2024-08-12 00:00:00+00:00, run_after=2024-08-13 00:00:00+00:00
[2024-08-13T17:45:56.054+0000] {processor.py:183} INFO - Processing /home/airflow/.local/lib/python3.12/site-packages/airflow/example_dags/example_branch_day_of_week_operator.py took 0.069 seconds
[2024-08-13T17:46:26.435+0000] {processor.py:161} INFO - Started process (PID=1940) to work on /home/airflow/.local/lib/python3.12/site-packages/airflow/example_dags/example_branch_day_of_week_operator.py
[2024-08-13T17:46:26.436+0000] {processor.py:830} INFO - Processing file /home/airflow/.local/lib/python3.12/site-packages/airflow/example_dags/example_branch_day_of_week_operator.py for tasks to queue
[2024-08-13T17:46:26.437+0000] {logging_mixin.py:188} INFO - [2024-08-13T17:46:26.437+0000] {dagbag.py:545} INFO - Filling up the DagBag from /home/airflow/.local/lib/python3.12/site-packages/airflow/example_dags/example_branch_day_of_week_operator.py
[2024-08-13T17:46:26.443+0000] {processor.py:840} INFO - DAG(s) 'example_weekday_branch_operator' retrieved from /home/airflow/.local/lib/python3.12/site-packages/airflow/example_dags/example_branch_day_of_week_operator.py
[2024-08-13T17:46:26.461+0000] {logging_mixin.py:188} INFO - [2024-08-13T17:46:26.461+0000] {dag.py:3089} INFO - Sync 1 DAGs
[2024-08-13T17:46:26.482+0000] {logging_mixin.py:188} INFO - [2024-08-13T17:46:26.482+0000] {dag.py:3947} INFO - Setting next_dagrun for example_weekday_branch_operator to 2024-08-12 00:00:00+00:00, run_after=2024-08-13 00:00:00+00:00
[2024-08-13T17:46:26.500+0000] {processor.py:183} INFO - Processing /home/airflow/.local/lib/python3.12/site-packages/airflow/example_dags/example_branch_day_of_week_operator.py took 0.070 seconds
[2024-08-13T17:46:56.976+0000] {processor.py:161} INFO - Started process (PID=1998) to work on /home/airflow/.local/lib/python3.12/site-packages/airflow/example_dags/example_branch_day_of_week_operator.py
[2024-08-13T17:46:56.977+0000] {processor.py:830} INFO - Processing file /home/airflow/.local/lib/python3.12/site-packages/airflow/example_dags/example_branch_day_of_week_operator.py for tasks to queue
[2024-08-13T17:46:56.978+0000] {logging_mixin.py:188} INFO - [2024-08-13T17:46:56.978+0000] {dagbag.py:545} INFO - Filling up the DagBag from /home/airflow/.local/lib/python3.12/site-packages/airflow/example_dags/example_branch_day_of_week_operator.py
[2024-08-13T17:46:56.985+0000] {processor.py:840} INFO - DAG(s) 'example_weekday_branch_operator' retrieved from /home/airflow/.local/lib/python3.12/site-packages/airflow/example_dags/example_branch_day_of_week_operator.py
[2024-08-13T17:46:57.003+0000] {logging_mixin.py:188} INFO - [2024-08-13T17:46:57.003+0000] {dag.py:3089} INFO - Sync 1 DAGs
[2024-08-13T17:46:57.025+0000] {logging_mixin.py:188} INFO - [2024-08-13T17:46:57.025+0000] {dag.py:3947} INFO - Setting next_dagrun for example_weekday_branch_operator to 2024-08-12 00:00:00+00:00, run_after=2024-08-13 00:00:00+00:00
[2024-08-13T17:46:57.043+0000] {processor.py:183} INFO - Processing /home/airflow/.local/lib/python3.12/site-packages/airflow/example_dags/example_branch_day_of_week_operator.py took 0.071 seconds
[2024-08-13T17:47:27.500+0000] {processor.py:161} INFO - Started process (PID=2056) to work on /home/airflow/.local/lib/python3.12/site-packages/airflow/example_dags/example_branch_day_of_week_operator.py
[2024-08-13T17:47:27.501+0000] {processor.py:830} INFO - Processing file /home/airflow/.local/lib/python3.12/site-packages/airflow/example_dags/example_branch_day_of_week_operator.py for tasks to queue
[2024-08-13T17:47:27.503+0000] {logging_mixin.py:188} INFO - [2024-08-13T17:47:27.502+0000] {dagbag.py:545} INFO - Filling up the DagBag from /home/airflow/.local/lib/python3.12/site-packages/airflow/example_dags/example_branch_day_of_week_operator.py
[2024-08-13T17:47:27.510+0000] {processor.py:840} INFO - DAG(s) 'example_weekday_branch_operator' retrieved from /home/airflow/.local/lib/python3.12/site-packages/airflow/example_dags/example_branch_day_of_week_operator.py
[2024-08-13T17:47:27.528+0000] {logging_mixin.py:188} INFO - [2024-08-13T17:47:27.527+0000] {dag.py:3089} INFO - Sync 1 DAGs
[2024-08-13T17:47:27.548+0000] {logging_mixin.py:188} INFO - [2024-08-13T17:47:27.548+0000] {dag.py:3947} INFO - Setting next_dagrun for example_weekday_branch_operator to 2024-08-12 00:00:00+00:00, run_after=2024-08-13 00:00:00+00:00
[2024-08-13T17:47:27.570+0000] {processor.py:183} INFO - Processing /home/airflow/.local/lib/python3.12/site-packages/airflow/example_dags/example_branch_day_of_week_operator.py took 0.075 seconds
[2024-08-13T17:47:57.971+0000] {processor.py:161} INFO - Started process (PID=2114) to work on /home/airflow/.local/lib/python3.12/site-packages/airflow/example_dags/example_branch_day_of_week_operator.py
[2024-08-13T17:47:57.971+0000] {processor.py:830} INFO - Processing file /home/airflow/.local/lib/python3.12/site-packages/airflow/example_dags/example_branch_day_of_week_operator.py for tasks to queue
[2024-08-13T17:47:57.973+0000] {logging_mixin.py:188} INFO - [2024-08-13T17:47:57.972+0000] {dagbag.py:545} INFO - Filling up the DagBag from /home/airflow/.local/lib/python3.12/site-packages/airflow/example_dags/example_branch_day_of_week_operator.py
[2024-08-13T17:47:57.979+0000] {processor.py:840} INFO - DAG(s) 'example_weekday_branch_operator' retrieved from /home/airflow/.local/lib/python3.12/site-packages/airflow/example_dags/example_branch_day_of_week_operator.py
[2024-08-13T17:47:57.998+0000] {logging_mixin.py:188} INFO - [2024-08-13T17:47:57.998+0000] {dag.py:3089} INFO - Sync 1 DAGs
[2024-08-13T17:47:58.019+0000] {logging_mixin.py:188} INFO - [2024-08-13T17:47:58.019+0000] {dag.py:3947} INFO - Setting next_dagrun for example_weekday_branch_operator to 2024-08-12 00:00:00+00:00, run_after=2024-08-13 00:00:00+00:00
[2024-08-13T17:47:58.037+0000] {processor.py:183} INFO - Processing /home/airflow/.local/lib/python3.12/site-packages/airflow/example_dags/example_branch_day_of_week_operator.py took 0.071 seconds
[2024-08-13T17:48:28.469+0000] {processor.py:161} INFO - Started process (PID=2172) to work on /home/airflow/.local/lib/python3.12/site-packages/airflow/example_dags/example_branch_day_of_week_operator.py
[2024-08-13T17:48:28.470+0000] {processor.py:830} INFO - Processing file /home/airflow/.local/lib/python3.12/site-packages/airflow/example_dags/example_branch_day_of_week_operator.py for tasks to queue
[2024-08-13T17:48:28.471+0000] {logging_mixin.py:188} INFO - [2024-08-13T17:48:28.471+0000] {dagbag.py:545} INFO - Filling up the DagBag from /home/airflow/.local/lib/python3.12/site-packages/airflow/example_dags/example_branch_day_of_week_operator.py
[2024-08-13T17:48:28.478+0000] {processor.py:840} INFO - DAG(s) 'example_weekday_branch_operator' retrieved from /home/airflow/.local/lib/python3.12/site-packages/airflow/example_dags/example_branch_day_of_week_operator.py
[2024-08-13T17:48:28.498+0000] {logging_mixin.py:188} INFO - [2024-08-13T17:48:28.498+0000] {dag.py:3089} INFO - Sync 1 DAGs
[2024-08-13T17:48:28.523+0000] {logging_mixin.py:188} INFO - [2024-08-13T17:48:28.522+0000] {dag.py:3947} INFO - Setting next_dagrun for example_weekday_branch_operator to 2024-08-12 00:00:00+00:00, run_after=2024-08-13 00:00:00+00:00
[2024-08-13T17:48:28.540+0000] {processor.py:183} INFO - Processing /home/airflow/.local/lib/python3.12/site-packages/airflow/example_dags/example_branch_day_of_week_operator.py took 0.077 seconds
[2024-08-13T17:48:59.055+0000] {processor.py:161} INFO - Started process (PID=2230) to work on /home/airflow/.local/lib/python3.12/site-packages/airflow/example_dags/example_branch_day_of_week_operator.py
[2024-08-13T17:48:59.055+0000] {processor.py:830} INFO - Processing file /home/airflow/.local/lib/python3.12/site-packages/airflow/example_dags/example_branch_day_of_week_operator.py for tasks to queue
[2024-08-13T17:48:59.057+0000] {logging_mixin.py:188} INFO - [2024-08-13T17:48:59.056+0000] {dagbag.py:545} INFO - Filling up the DagBag from /home/airflow/.local/lib/python3.12/site-packages/airflow/example_dags/example_branch_day_of_week_operator.py
[2024-08-13T17:48:59.063+0000] {processor.py:840} INFO - DAG(s) 'example_weekday_branch_operator' retrieved from /home/airflow/.local/lib/python3.12/site-packages/airflow/example_dags/example_branch_day_of_week_operator.py
[2024-08-13T17:48:59.082+0000] {logging_mixin.py:188} INFO - [2024-08-13T17:48:59.082+0000] {dag.py:3089} INFO - Sync 1 DAGs
[2024-08-13T17:48:59.102+0000] {logging_mixin.py:188} INFO - [2024-08-13T17:48:59.101+0000] {dag.py:3947} INFO - Setting next_dagrun for example_weekday_branch_operator to 2024-08-12 00:00:00+00:00, run_after=2024-08-13 00:00:00+00:00
[2024-08-13T17:48:59.120+0000] {processor.py:183} INFO - Processing /home/airflow/.local/lib/python3.12/site-packages/airflow/example_dags/example_branch_day_of_week_operator.py took 0.070 seconds
[2024-08-13T17:49:29.544+0000] {processor.py:161} INFO - Started process (PID=2288) to work on /home/airflow/.local/lib/python3.12/site-packages/airflow/example_dags/example_branch_day_of_week_operator.py
[2024-08-13T17:49:29.545+0000] {processor.py:830} INFO - Processing file /home/airflow/.local/lib/python3.12/site-packages/airflow/example_dags/example_branch_day_of_week_operator.py for tasks to queue
[2024-08-13T17:49:29.546+0000] {logging_mixin.py:188} INFO - [2024-08-13T17:49:29.546+0000] {dagbag.py:545} INFO - Filling up the DagBag from /home/airflow/.local/lib/python3.12/site-packages/airflow/example_dags/example_branch_day_of_week_operator.py
[2024-08-13T17:49:29.553+0000] {processor.py:840} INFO - DAG(s) 'example_weekday_branch_operator' retrieved from /home/airflow/.local/lib/python3.12/site-packages/airflow/example_dags/example_branch_day_of_week_operator.py
[2024-08-13T17:49:29.571+0000] {logging_mixin.py:188} INFO - [2024-08-13T17:49:29.571+0000] {dag.py:3089} INFO - Sync 1 DAGs
[2024-08-13T17:49:29.592+0000] {logging_mixin.py:188} INFO - [2024-08-13T17:49:29.592+0000] {dag.py:3947} INFO - Setting next_dagrun for example_weekday_branch_operator to 2024-08-12 00:00:00+00:00, run_after=2024-08-13 00:00:00+00:00
[2024-08-13T17:49:29.608+0000] {processor.py:183} INFO - Processing /home/airflow/.local/lib/python3.12/site-packages/airflow/example_dags/example_branch_day_of_week_operator.py took 0.070 seconds
[2024-08-13T17:49:59.933+0000] {processor.py:161} INFO - Started process (PID=2346) to work on /home/airflow/.local/lib/python3.12/site-packages/airflow/example_dags/example_branch_day_of_week_operator.py
[2024-08-13T17:49:59.933+0000] {processor.py:830} INFO - Processing file /home/airflow/.local/lib/python3.12/site-packages/airflow/example_dags/example_branch_day_of_week_operator.py for tasks to queue
[2024-08-13T17:49:59.935+0000] {logging_mixin.py:188} INFO - [2024-08-13T17:49:59.934+0000] {dagbag.py:545} INFO - Filling up the DagBag from /home/airflow/.local/lib/python3.12/site-packages/airflow/example_dags/example_branch_day_of_week_operator.py
[2024-08-13T17:49:59.941+0000] {processor.py:840} INFO - DAG(s) 'example_weekday_branch_operator' retrieved from /home/airflow/.local/lib/python3.12/site-packages/airflow/example_dags/example_branch_day_of_week_operator.py
[2024-08-13T17:49:59.960+0000] {logging_mixin.py:188} INFO - [2024-08-13T17:49:59.960+0000] {dag.py:3089} INFO - Sync 1 DAGs
[2024-08-13T17:49:59.982+0000] {logging_mixin.py:188} INFO - [2024-08-13T17:49:59.982+0000] {dag.py:3947} INFO - Setting next_dagrun for example_weekday_branch_operator to 2024-08-12 00:00:00+00:00, run_after=2024-08-13 00:00:00+00:00
[2024-08-13T17:50:00.000+0000] {processor.py:183} INFO - Processing /home/airflow/.local/lib/python3.12/site-packages/airflow/example_dags/example_branch_day_of_week_operator.py took 0.072 seconds
[2024-08-13T17:50:30.359+0000] {processor.py:161} INFO - Started process (PID=2405) to work on /home/airflow/.local/lib/python3.12/site-packages/airflow/example_dags/example_branch_day_of_week_operator.py
[2024-08-13T17:50:30.360+0000] {processor.py:830} INFO - Processing file /home/airflow/.local/lib/python3.12/site-packages/airflow/example_dags/example_branch_day_of_week_operator.py for tasks to queue
[2024-08-13T17:50:30.361+0000] {logging_mixin.py:188} INFO - [2024-08-13T17:50:30.361+0000] {dagbag.py:545} INFO - Filling up the DagBag from /home/airflow/.local/lib/python3.12/site-packages/airflow/example_dags/example_branch_day_of_week_operator.py
[2024-08-13T17:50:30.368+0000] {processor.py:840} INFO - DAG(s) 'example_weekday_branch_operator' retrieved from /home/airflow/.local/lib/python3.12/site-packages/airflow/example_dags/example_branch_day_of_week_operator.py
[2024-08-13T17:50:30.387+0000] {logging_mixin.py:188} INFO - [2024-08-13T17:50:30.387+0000] {dag.py:3089} INFO - Sync 1 DAGs
[2024-08-13T17:50:30.408+0000] {logging_mixin.py:188} INFO - [2024-08-13T17:50:30.407+0000] {dag.py:3947} INFO - Setting next_dagrun for example_weekday_branch_operator to 2024-08-12 00:00:00+00:00, run_after=2024-08-13 00:00:00+00:00
[2024-08-13T17:50:30.424+0000] {processor.py:183} INFO - Processing /home/airflow/.local/lib/python3.12/site-packages/airflow/example_dags/example_branch_day_of_week_operator.py took 0.070 seconds
[2024-08-13T17:51:00.799+0000] {processor.py:161} INFO - Started process (PID=2463) to work on /home/airflow/.local/lib/python3.12/site-packages/airflow/example_dags/example_branch_day_of_week_operator.py
[2024-08-13T17:51:00.800+0000] {processor.py:830} INFO - Processing file /home/airflow/.local/lib/python3.12/site-packages/airflow/example_dags/example_branch_day_of_week_operator.py for tasks to queue
[2024-08-13T17:51:00.801+0000] {logging_mixin.py:188} INFO - [2024-08-13T17:51:00.801+0000] {dagbag.py:545} INFO - Filling up the DagBag from /home/airflow/.local/lib/python3.12/site-packages/airflow/example_dags/example_branch_day_of_week_operator.py
[2024-08-13T17:51:00.808+0000] {processor.py:840} INFO - DAG(s) 'example_weekday_branch_operator' retrieved from /home/airflow/.local/lib/python3.12/site-packages/airflow/example_dags/example_branch_day_of_week_operator.py
[2024-08-13T17:51:00.827+0000] {logging_mixin.py:188} INFO - [2024-08-13T17:51:00.826+0000] {dag.py:3089} INFO - Sync 1 DAGs
[2024-08-13T17:51:00.847+0000] {logging_mixin.py:188} INFO - [2024-08-13T17:51:00.847+0000] {dag.py:3947} INFO - Setting next_dagrun for example_weekday_branch_operator to 2024-08-12 00:00:00+00:00, run_after=2024-08-13 00:00:00+00:00
[2024-08-13T17:51:00.864+0000] {processor.py:183} INFO - Processing /home/airflow/.local/lib/python3.12/site-packages/airflow/example_dags/example_branch_day_of_week_operator.py took 0.070 seconds
[2024-08-13T17:51:31.227+0000] {processor.py:161} INFO - Started process (PID=2521) to work on /home/airflow/.local/lib/python3.12/site-packages/airflow/example_dags/example_branch_day_of_week_operator.py
[2024-08-13T17:51:31.227+0000] {processor.py:830} INFO - Processing file /home/airflow/.local/lib/python3.12/site-packages/airflow/example_dags/example_branch_day_of_week_operator.py for tasks to queue
[2024-08-13T17:51:31.229+0000] {logging_mixin.py:188} INFO - [2024-08-13T17:51:31.228+0000] {dagbag.py:545} INFO - Filling up the DagBag from /home/airflow/.local/lib/python3.12/site-packages/airflow/example_dags/example_branch_day_of_week_operator.py
[2024-08-13T17:51:31.235+0000] {processor.py:840} INFO - DAG(s) 'example_weekday_branch_operator' retrieved from /home/airflow/.local/lib/python3.12/site-packages/airflow/example_dags/example_branch_day_of_week_operator.py
[2024-08-13T17:51:31.254+0000] {logging_mixin.py:188} INFO - [2024-08-13T17:51:31.253+0000] {dag.py:3089} INFO - Sync 1 DAGs
[2024-08-13T17:51:31.275+0000] {logging_mixin.py:188} INFO - [2024-08-13T17:51:31.275+0000] {dag.py:3947} INFO - Setting next_dagrun for example_weekday_branch_operator to 2024-08-12 00:00:00+00:00, run_after=2024-08-13 00:00:00+00:00
[2024-08-13T17:51:31.294+0000] {processor.py:183} INFO - Processing /home/airflow/.local/lib/python3.12/site-packages/airflow/example_dags/example_branch_day_of_week_operator.py took 0.073 seconds
[2024-08-13T17:52:01.597+0000] {processor.py:161} INFO - Started process (PID=2579) to work on /home/airflow/.local/lib/python3.12/site-packages/airflow/example_dags/example_branch_day_of_week_operator.py
[2024-08-13T17:52:01.598+0000] {processor.py:830} INFO - Processing file /home/airflow/.local/lib/python3.12/site-packages/airflow/example_dags/example_branch_day_of_week_operator.py for tasks to queue
[2024-08-13T17:52:01.599+0000] {logging_mixin.py:188} INFO - [2024-08-13T17:52:01.599+0000] {dagbag.py:545} INFO - Filling up the DagBag from /home/airflow/.local/lib/python3.12/site-packages/airflow/example_dags/example_branch_day_of_week_operator.py
[2024-08-13T17:52:01.606+0000] {processor.py:840} INFO - DAG(s) 'example_weekday_branch_operator' retrieved from /home/airflow/.local/lib/python3.12/site-packages/airflow/example_dags/example_branch_day_of_week_operator.py
[2024-08-13T17:52:01.625+0000] {logging_mixin.py:188} INFO - [2024-08-13T17:52:01.625+0000] {dag.py:3089} INFO - Sync 1 DAGs
[2024-08-13T17:52:01.645+0000] {logging_mixin.py:188} INFO - [2024-08-13T17:52:01.645+0000] {dag.py:3947} INFO - Setting next_dagrun for example_weekday_branch_operator to 2024-08-12 00:00:00+00:00, run_after=2024-08-13 00:00:00+00:00
[2024-08-13T17:52:01.664+0000] {processor.py:183} INFO - Processing /home/airflow/.local/lib/python3.12/site-packages/airflow/example_dags/example_branch_day_of_week_operator.py took 0.072 seconds
[2024-08-13T17:52:32.042+0000] {processor.py:161} INFO - Started process (PID=2637) to work on /home/airflow/.local/lib/python3.12/site-packages/airflow/example_dags/example_branch_day_of_week_operator.py
[2024-08-13T17:52:32.043+0000] {processor.py:830} INFO - Processing file /home/airflow/.local/lib/python3.12/site-packages/airflow/example_dags/example_branch_day_of_week_operator.py for tasks to queue
[2024-08-13T17:52:32.044+0000] {logging_mixin.py:188} INFO - [2024-08-13T17:52:32.044+0000] {dagbag.py:545} INFO - Filling up the DagBag from /home/airflow/.local/lib/python3.12/site-packages/airflow/example_dags/example_branch_day_of_week_operator.py
[2024-08-13T17:52:32.051+0000] {processor.py:840} INFO - DAG(s) 'example_weekday_branch_operator' retrieved from /home/airflow/.local/lib/python3.12/site-packages/airflow/example_dags/example_branch_day_of_week_operator.py
[2024-08-13T17:52:32.069+0000] {logging_mixin.py:188} INFO - [2024-08-13T17:52:32.069+0000] {dag.py:3089} INFO - Sync 1 DAGs
[2024-08-13T17:52:32.089+0000] {logging_mixin.py:188} INFO - [2024-08-13T17:52:32.089+0000] {dag.py:3947} INFO - Setting next_dagrun for example_weekday_branch_operator to 2024-08-12 00:00:00+00:00, run_after=2024-08-13 00:00:00+00:00
[2024-08-13T17:52:32.105+0000] {processor.py:183} INFO - Processing /home/airflow/.local/lib/python3.12/site-packages/airflow/example_dags/example_branch_day_of_week_operator.py took 0.067 seconds
[2024-08-13T17:53:02.432+0000] {processor.py:161} INFO - Started process (PID=2694) to work on /home/airflow/.local/lib/python3.12/site-packages/airflow/example_dags/example_branch_day_of_week_operator.py
[2024-08-13T17:53:02.433+0000] {processor.py:830} INFO - Processing file /home/airflow/.local/lib/python3.12/site-packages/airflow/example_dags/example_branch_day_of_week_operator.py for tasks to queue
[2024-08-13T17:53:02.434+0000] {logging_mixin.py:188} INFO - [2024-08-13T17:53:02.434+0000] {dagbag.py:545} INFO - Filling up the DagBag from /home/airflow/.local/lib/python3.12/site-packages/airflow/example_dags/example_branch_day_of_week_operator.py
[2024-08-13T17:53:02.441+0000] {processor.py:840} INFO - DAG(s) 'example_weekday_branch_operator' retrieved from /home/airflow/.local/lib/python3.12/site-packages/airflow/example_dags/example_branch_day_of_week_operator.py
[2024-08-13T17:53:02.459+0000] {logging_mixin.py:188} INFO - [2024-08-13T17:53:02.459+0000] {dag.py:3089} INFO - Sync 1 DAGs
[2024-08-13T17:53:02.479+0000] {logging_mixin.py:188} INFO - [2024-08-13T17:53:02.479+0000] {dag.py:3947} INFO - Setting next_dagrun for example_weekday_branch_operator to 2024-08-12 00:00:00+00:00, run_after=2024-08-13 00:00:00+00:00
[2024-08-13T17:53:02.497+0000] {processor.py:183} INFO - Processing /home/airflow/.local/lib/python3.12/site-packages/airflow/example_dags/example_branch_day_of_week_operator.py took 0.069 seconds
[2024-08-13T17:53:32.822+0000] {processor.py:161} INFO - Started process (PID=2752) to work on /home/airflow/.local/lib/python3.12/site-packages/airflow/example_dags/example_branch_day_of_week_operator.py
[2024-08-13T17:53:32.822+0000] {processor.py:830} INFO - Processing file /home/airflow/.local/lib/python3.12/site-packages/airflow/example_dags/example_branch_day_of_week_operator.py for tasks to queue
[2024-08-13T17:53:32.824+0000] {logging_mixin.py:188} INFO - [2024-08-13T17:53:32.823+0000] {dagbag.py:545} INFO - Filling up the DagBag from /home/airflow/.local/lib/python3.12/site-packages/airflow/example_dags/example_branch_day_of_week_operator.py
[2024-08-13T17:53:32.830+0000] {processor.py:840} INFO - DAG(s) 'example_weekday_branch_operator' retrieved from /home/airflow/.local/lib/python3.12/site-packages/airflow/example_dags/example_branch_day_of_week_operator.py
[2024-08-13T17:53:32.849+0000] {logging_mixin.py:188} INFO - [2024-08-13T17:53:32.848+0000] {dag.py:3089} INFO - Sync 1 DAGs
[2024-08-13T17:53:32.869+0000] {logging_mixin.py:188} INFO - [2024-08-13T17:53:32.868+0000] {dag.py:3947} INFO - Setting next_dagrun for example_weekday_branch_operator to 2024-08-12 00:00:00+00:00, run_after=2024-08-13 00:00:00+00:00
[2024-08-13T17:53:32.885+0000] {processor.py:183} INFO - Processing /home/airflow/.local/lib/python3.12/site-packages/airflow/example_dags/example_branch_day_of_week_operator.py took 0.068 seconds
