[2024-08-13T17:30:09.608+0000] {processor.py:161} INFO - Started process (PID=68) to work on /home/airflow/.local/lib/python3.12/site-packages/airflow/example_dags/example_task_group.py
[2024-08-13T17:30:09.609+0000] {processor.py:830} INFO - Processing file /home/airflow/.local/lib/python3.12/site-packages/airflow/example_dags/example_task_group.py for tasks to queue
[2024-08-13T17:30:09.611+0000] {logging_mixin.py:188} INFO - [2024-08-13T17:30:09.610+0000] {dagbag.py:545} INFO - Filling up the DagBag from /home/airflow/.local/lib/python3.12/site-packages/airflow/example_dags/example_task_group.py
[2024-08-13T17:30:09.616+0000] {processor.py:840} INFO - DAG(s) 'example_task_group' retrieved from /home/airflow/.local/lib/python3.12/site-packages/airflow/example_dags/example_task_group.py
[2024-08-13T17:30:09.638+0000] {logging_mixin.py:188} INFO - [2024-08-13T17:30:09.638+0000] {dag.py:3089} INFO - Sync 1 DAGs
[2024-08-13T17:30:09.657+0000] {logging_mixin.py:188} INFO - [2024-08-13T17:30:09.657+0000] {dag.py:3947} INFO - Setting next_dagrun for example_task_group to 2024-08-12 00:00:00+00:00, run_after=2024-08-13 00:00:00+00:00
[2024-08-13T17:30:09.675+0000] {processor.py:183} INFO - Processing /home/airflow/.local/lib/python3.12/site-packages/airflow/example_dags/example_task_group.py took 0.072 seconds
[2024-08-13T17:30:39.776+0000] {processor.py:161} INFO - Started process (PID=126) to work on /home/airflow/.local/lib/python3.12/site-packages/airflow/example_dags/example_task_group.py
[2024-08-13T17:30:39.777+0000] {processor.py:830} INFO - Processing file /home/airflow/.local/lib/python3.12/site-packages/airflow/example_dags/example_task_group.py for tasks to queue
[2024-08-13T17:30:39.778+0000] {logging_mixin.py:188} INFO - [2024-08-13T17:30:39.778+0000] {dagbag.py:545} INFO - Filling up the DagBag from /home/airflow/.local/lib/python3.12/site-packages/airflow/example_dags/example_task_group.py
[2024-08-13T17:30:39.784+0000] {processor.py:840} INFO - DAG(s) 'example_task_group' retrieved from /home/airflow/.local/lib/python3.12/site-packages/airflow/example_dags/example_task_group.py
[2024-08-13T17:30:39.803+0000] {logging_mixin.py:188} INFO - [2024-08-13T17:30:39.803+0000] {dag.py:3089} INFO - Sync 1 DAGs
[2024-08-13T17:30:39.822+0000] {logging_mixin.py:188} INFO - [2024-08-13T17:30:39.822+0000] {dag.py:3947} INFO - Setting next_dagrun for example_task_group to 2024-08-12 00:00:00+00:00, run_after=2024-08-13 00:00:00+00:00
[2024-08-13T17:30:39.838+0000] {processor.py:183} INFO - Processing /home/airflow/.local/lib/python3.12/site-packages/airflow/example_dags/example_task_group.py took 0.067 seconds
[2024-08-13T17:31:10.037+0000] {processor.py:161} INFO - Started process (PID=184) to work on /home/airflow/.local/lib/python3.12/site-packages/airflow/example_dags/example_task_group.py
[2024-08-13T17:31:10.038+0000] {processor.py:830} INFO - Processing file /home/airflow/.local/lib/python3.12/site-packages/airflow/example_dags/example_task_group.py for tasks to queue
[2024-08-13T17:31:10.041+0000] {logging_mixin.py:188} INFO - [2024-08-13T17:31:10.040+0000] {dagbag.py:545} INFO - Filling up the DagBag from /home/airflow/.local/lib/python3.12/site-packages/airflow/example_dags/example_task_group.py
[2024-08-13T17:31:10.051+0000] {processor.py:840} INFO - DAG(s) 'example_task_group' retrieved from /home/airflow/.local/lib/python3.12/site-packages/airflow/example_dags/example_task_group.py
[2024-08-13T17:31:10.073+0000] {logging_mixin.py:188} INFO - [2024-08-13T17:31:10.073+0000] {dag.py:3089} INFO - Sync 1 DAGs
[2024-08-13T17:31:10.097+0000] {logging_mixin.py:188} INFO - [2024-08-13T17:31:10.097+0000] {dag.py:3947} INFO - Setting next_dagrun for example_task_group to 2024-08-12 00:00:00+00:00, run_after=2024-08-13 00:00:00+00:00
[2024-08-13T17:31:10.122+0000] {processor.py:183} INFO - Processing /home/airflow/.local/lib/python3.12/site-packages/airflow/example_dags/example_task_group.py took 0.093 seconds
[2024-08-13T17:31:40.258+0000] {processor.py:161} INFO - Started process (PID=242) to work on /home/airflow/.local/lib/python3.12/site-packages/airflow/example_dags/example_task_group.py
[2024-08-13T17:31:40.259+0000] {processor.py:830} INFO - Processing file /home/airflow/.local/lib/python3.12/site-packages/airflow/example_dags/example_task_group.py for tasks to queue
[2024-08-13T17:31:40.260+0000] {logging_mixin.py:188} INFO - [2024-08-13T17:31:40.260+0000] {dagbag.py:545} INFO - Filling up the DagBag from /home/airflow/.local/lib/python3.12/site-packages/airflow/example_dags/example_task_group.py
[2024-08-13T17:31:40.266+0000] {processor.py:840} INFO - DAG(s) 'example_task_group' retrieved from /home/airflow/.local/lib/python3.12/site-packages/airflow/example_dags/example_task_group.py
[2024-08-13T17:31:40.287+0000] {logging_mixin.py:188} INFO - [2024-08-13T17:31:40.287+0000] {dag.py:3089} INFO - Sync 1 DAGs
[2024-08-13T17:31:40.308+0000] {logging_mixin.py:188} INFO - [2024-08-13T17:31:40.308+0000] {dag.py:3947} INFO - Setting next_dagrun for example_task_group to 2024-08-12 00:00:00+00:00, run_after=2024-08-13 00:00:00+00:00
[2024-08-13T17:31:40.324+0000] {processor.py:183} INFO - Processing /home/airflow/.local/lib/python3.12/site-packages/airflow/example_dags/example_task_group.py took 0.071 seconds
[2024-08-13T17:32:10.365+0000] {processor.py:161} INFO - Started process (PID=300) to work on /home/airflow/.local/lib/python3.12/site-packages/airflow/example_dags/example_task_group.py
[2024-08-13T17:32:10.366+0000] {processor.py:830} INFO - Processing file /home/airflow/.local/lib/python3.12/site-packages/airflow/example_dags/example_task_group.py for tasks to queue
[2024-08-13T17:32:10.367+0000] {logging_mixin.py:188} INFO - [2024-08-13T17:32:10.367+0000] {dagbag.py:545} INFO - Filling up the DagBag from /home/airflow/.local/lib/python3.12/site-packages/airflow/example_dags/example_task_group.py
[2024-08-13T17:32:10.373+0000] {processor.py:840} INFO - DAG(s) 'example_task_group' retrieved from /home/airflow/.local/lib/python3.12/site-packages/airflow/example_dags/example_task_group.py
[2024-08-13T17:32:10.392+0000] {logging_mixin.py:188} INFO - [2024-08-13T17:32:10.392+0000] {dag.py:3089} INFO - Sync 1 DAGs
[2024-08-13T17:32:10.411+0000] {logging_mixin.py:188} INFO - [2024-08-13T17:32:10.411+0000] {dag.py:3947} INFO - Setting next_dagrun for example_task_group to 2024-08-12 00:00:00+00:00, run_after=2024-08-13 00:00:00+00:00
[2024-08-13T17:32:10.428+0000] {processor.py:183} INFO - Processing /home/airflow/.local/lib/python3.12/site-packages/airflow/example_dags/example_task_group.py took 0.067 seconds
[2024-08-13T17:32:40.752+0000] {processor.py:161} INFO - Started process (PID=358) to work on /home/airflow/.local/lib/python3.12/site-packages/airflow/example_dags/example_task_group.py
[2024-08-13T17:32:40.753+0000] {processor.py:830} INFO - Processing file /home/airflow/.local/lib/python3.12/site-packages/airflow/example_dags/example_task_group.py for tasks to queue
[2024-08-13T17:32:40.754+0000] {logging_mixin.py:188} INFO - [2024-08-13T17:32:40.754+0000] {dagbag.py:545} INFO - Filling up the DagBag from /home/airflow/.local/lib/python3.12/site-packages/airflow/example_dags/example_task_group.py
[2024-08-13T17:32:40.760+0000] {processor.py:840} INFO - DAG(s) 'example_task_group' retrieved from /home/airflow/.local/lib/python3.12/site-packages/airflow/example_dags/example_task_group.py
[2024-08-13T17:32:40.780+0000] {logging_mixin.py:188} INFO - [2024-08-13T17:32:40.779+0000] {dag.py:3089} INFO - Sync 1 DAGs
[2024-08-13T17:32:40.799+0000] {logging_mixin.py:188} INFO - [2024-08-13T17:32:40.798+0000] {dag.py:3947} INFO - Setting next_dagrun for example_task_group to 2024-08-12 00:00:00+00:00, run_after=2024-08-13 00:00:00+00:00
[2024-08-13T17:32:40.817+0000] {processor.py:183} INFO - Processing /home/airflow/.local/lib/python3.12/site-packages/airflow/example_dags/example_task_group.py took 0.070 seconds
[2024-08-13T17:33:11.382+0000] {processor.py:161} INFO - Started process (PID=416) to work on /home/airflow/.local/lib/python3.12/site-packages/airflow/example_dags/example_task_group.py
[2024-08-13T17:33:11.382+0000] {processor.py:830} INFO - Processing file /home/airflow/.local/lib/python3.12/site-packages/airflow/example_dags/example_task_group.py for tasks to queue
[2024-08-13T17:33:11.384+0000] {logging_mixin.py:188} INFO - [2024-08-13T17:33:11.384+0000] {dagbag.py:545} INFO - Filling up the DagBag from /home/airflow/.local/lib/python3.12/site-packages/airflow/example_dags/example_task_group.py
[2024-08-13T17:33:11.390+0000] {processor.py:840} INFO - DAG(s) 'example_task_group' retrieved from /home/airflow/.local/lib/python3.12/site-packages/airflow/example_dags/example_task_group.py
[2024-08-13T17:33:11.409+0000] {logging_mixin.py:188} INFO - [2024-08-13T17:33:11.409+0000] {dag.py:3089} INFO - Sync 1 DAGs
[2024-08-13T17:33:11.428+0000] {logging_mixin.py:188} INFO - [2024-08-13T17:33:11.428+0000] {dag.py:3947} INFO - Setting next_dagrun for example_task_group to 2024-08-12 00:00:00+00:00, run_after=2024-08-13 00:00:00+00:00
[2024-08-13T17:33:11.444+0000] {processor.py:183} INFO - Processing /home/airflow/.local/lib/python3.12/site-packages/airflow/example_dags/example_task_group.py took 0.067 seconds
[2024-08-13T17:33:42.017+0000] {processor.py:161} INFO - Started process (PID=474) to work on /home/airflow/.local/lib/python3.12/site-packages/airflow/example_dags/example_task_group.py
[2024-08-13T17:33:42.018+0000] {processor.py:830} INFO - Processing file /home/airflow/.local/lib/python3.12/site-packages/airflow/example_dags/example_task_group.py for tasks to queue
[2024-08-13T17:33:42.019+0000] {logging_mixin.py:188} INFO - [2024-08-13T17:33:42.019+0000] {dagbag.py:545} INFO - Filling up the DagBag from /home/airflow/.local/lib/python3.12/site-packages/airflow/example_dags/example_task_group.py
[2024-08-13T17:33:42.025+0000] {processor.py:840} INFO - DAG(s) 'example_task_group' retrieved from /home/airflow/.local/lib/python3.12/site-packages/airflow/example_dags/example_task_group.py
[2024-08-13T17:33:42.044+0000] {logging_mixin.py:188} INFO - [2024-08-13T17:33:42.044+0000] {dag.py:3089} INFO - Sync 1 DAGs
[2024-08-13T17:33:42.063+0000] {logging_mixin.py:188} INFO - [2024-08-13T17:33:42.063+0000] {dag.py:3947} INFO - Setting next_dagrun for example_task_group to 2024-08-12 00:00:00+00:00, run_after=2024-08-13 00:00:00+00:00
[2024-08-13T17:33:42.080+0000] {processor.py:183} INFO - Processing /home/airflow/.local/lib/python3.12/site-packages/airflow/example_dags/example_task_group.py took 0.067 seconds
[2024-08-13T17:34:12.623+0000] {processor.py:161} INFO - Started process (PID=532) to work on /home/airflow/.local/lib/python3.12/site-packages/airflow/example_dags/example_task_group.py
[2024-08-13T17:34:12.624+0000] {processor.py:830} INFO - Processing file /home/airflow/.local/lib/python3.12/site-packages/airflow/example_dags/example_task_group.py for tasks to queue
[2024-08-13T17:34:12.625+0000] {logging_mixin.py:188} INFO - [2024-08-13T17:34:12.625+0000] {dagbag.py:545} INFO - Filling up the DagBag from /home/airflow/.local/lib/python3.12/site-packages/airflow/example_dags/example_task_group.py
[2024-08-13T17:34:12.631+0000] {processor.py:840} INFO - DAG(s) 'example_task_group' retrieved from /home/airflow/.local/lib/python3.12/site-packages/airflow/example_dags/example_task_group.py
[2024-08-13T17:34:12.651+0000] {logging_mixin.py:188} INFO - [2024-08-13T17:34:12.650+0000] {dag.py:3089} INFO - Sync 1 DAGs
[2024-08-13T17:34:12.670+0000] {logging_mixin.py:188} INFO - [2024-08-13T17:34:12.670+0000] {dag.py:3947} INFO - Setting next_dagrun for example_task_group to 2024-08-12 00:00:00+00:00, run_after=2024-08-13 00:00:00+00:00
[2024-08-13T17:34:12.686+0000] {processor.py:183} INFO - Processing /home/airflow/.local/lib/python3.12/site-packages/airflow/example_dags/example_task_group.py took 0.068 seconds
[2024-08-13T17:34:43.053+0000] {processor.py:161} INFO - Started process (PID=590) to work on /home/airflow/.local/lib/python3.12/site-packages/airflow/example_dags/example_task_group.py
[2024-08-13T17:34:43.054+0000] {processor.py:830} INFO - Processing file /home/airflow/.local/lib/python3.12/site-packages/airflow/example_dags/example_task_group.py for tasks to queue
[2024-08-13T17:34:43.056+0000] {logging_mixin.py:188} INFO - [2024-08-13T17:34:43.055+0000] {dagbag.py:545} INFO - Filling up the DagBag from /home/airflow/.local/lib/python3.12/site-packages/airflow/example_dags/example_task_group.py
[2024-08-13T17:34:43.061+0000] {processor.py:840} INFO - DAG(s) 'example_task_group' retrieved from /home/airflow/.local/lib/python3.12/site-packages/airflow/example_dags/example_task_group.py
[2024-08-13T17:34:43.081+0000] {logging_mixin.py:188} INFO - [2024-08-13T17:34:43.081+0000] {dag.py:3089} INFO - Sync 1 DAGs
[2024-08-13T17:34:43.099+0000] {logging_mixin.py:188} INFO - [2024-08-13T17:34:43.099+0000] {dag.py:3947} INFO - Setting next_dagrun for example_task_group to 2024-08-12 00:00:00+00:00, run_after=2024-08-13 00:00:00+00:00
[2024-08-13T17:34:43.116+0000] {processor.py:183} INFO - Processing /home/airflow/.local/lib/python3.12/site-packages/airflow/example_dags/example_task_group.py took 0.067 seconds
[2024-08-13T17:35:13.587+0000] {processor.py:161} INFO - Started process (PID=654) to work on /home/airflow/.local/lib/python3.12/site-packages/airflow/example_dags/example_task_group.py
[2024-08-13T17:35:13.588+0000] {processor.py:830} INFO - Processing file /home/airflow/.local/lib/python3.12/site-packages/airflow/example_dags/example_task_group.py for tasks to queue
[2024-08-13T17:35:13.589+0000] {logging_mixin.py:188} INFO - [2024-08-13T17:35:13.589+0000] {dagbag.py:545} INFO - Filling up the DagBag from /home/airflow/.local/lib/python3.12/site-packages/airflow/example_dags/example_task_group.py
[2024-08-13T17:35:13.595+0000] {processor.py:840} INFO - DAG(s) 'example_task_group' retrieved from /home/airflow/.local/lib/python3.12/site-packages/airflow/example_dags/example_task_group.py
[2024-08-13T17:35:13.614+0000] {logging_mixin.py:188} INFO - [2024-08-13T17:35:13.614+0000] {dag.py:3089} INFO - Sync 1 DAGs
[2024-08-13T17:35:13.633+0000] {logging_mixin.py:188} INFO - [2024-08-13T17:35:13.633+0000] {dag.py:3947} INFO - Setting next_dagrun for example_task_group to 2024-08-12 00:00:00+00:00, run_after=2024-08-13 00:00:00+00:00
[2024-08-13T17:35:13.649+0000] {processor.py:183} INFO - Processing /home/airflow/.local/lib/python3.12/site-packages/airflow/example_dags/example_task_group.py took 0.067 seconds
[2024-08-13T17:35:43.912+0000] {processor.py:161} INFO - Started process (PID=712) to work on /home/airflow/.local/lib/python3.12/site-packages/airflow/example_dags/example_task_group.py
[2024-08-13T17:35:43.913+0000] {processor.py:830} INFO - Processing file /home/airflow/.local/lib/python3.12/site-packages/airflow/example_dags/example_task_group.py for tasks to queue
[2024-08-13T17:35:43.914+0000] {logging_mixin.py:188} INFO - [2024-08-13T17:35:43.914+0000] {dagbag.py:545} INFO - Filling up the DagBag from /home/airflow/.local/lib/python3.12/site-packages/airflow/example_dags/example_task_group.py
[2024-08-13T17:35:43.920+0000] {processor.py:840} INFO - DAG(s) 'example_task_group' retrieved from /home/airflow/.local/lib/python3.12/site-packages/airflow/example_dags/example_task_group.py
[2024-08-13T17:35:43.939+0000] {logging_mixin.py:188} INFO - [2024-08-13T17:35:43.939+0000] {dag.py:3089} INFO - Sync 1 DAGs
[2024-08-13T17:35:43.958+0000] {logging_mixin.py:188} INFO - [2024-08-13T17:35:43.957+0000] {dag.py:3947} INFO - Setting next_dagrun for example_task_group to 2024-08-12 00:00:00+00:00, run_after=2024-08-13 00:00:00+00:00
[2024-08-13T17:35:43.973+0000] {processor.py:183} INFO - Processing /home/airflow/.local/lib/python3.12/site-packages/airflow/example_dags/example_task_group.py took 0.066 seconds
[2024-08-13T17:36:14.485+0000] {processor.py:161} INFO - Started process (PID=770) to work on /home/airflow/.local/lib/python3.12/site-packages/airflow/example_dags/example_task_group.py
[2024-08-13T17:36:14.486+0000] {processor.py:830} INFO - Processing file /home/airflow/.local/lib/python3.12/site-packages/airflow/example_dags/example_task_group.py for tasks to queue
[2024-08-13T17:36:14.487+0000] {logging_mixin.py:188} INFO - [2024-08-13T17:36:14.487+0000] {dagbag.py:545} INFO - Filling up the DagBag from /home/airflow/.local/lib/python3.12/site-packages/airflow/example_dags/example_task_group.py
[2024-08-13T17:36:14.493+0000] {processor.py:840} INFO - DAG(s) 'example_task_group' retrieved from /home/airflow/.local/lib/python3.12/site-packages/airflow/example_dags/example_task_group.py
[2024-08-13T17:36:14.513+0000] {logging_mixin.py:188} INFO - [2024-08-13T17:36:14.513+0000] {dag.py:3089} INFO - Sync 1 DAGs
[2024-08-13T17:36:14.532+0000] {logging_mixin.py:188} INFO - [2024-08-13T17:36:14.531+0000] {dag.py:3947} INFO - Setting next_dagrun for example_task_group to 2024-08-12 00:00:00+00:00, run_after=2024-08-13 00:00:00+00:00
[2024-08-13T17:36:14.548+0000] {processor.py:183} INFO - Processing /home/airflow/.local/lib/python3.12/site-packages/airflow/example_dags/example_task_group.py took 0.067 seconds
[2024-08-13T17:36:45.041+0000] {processor.py:161} INFO - Started process (PID=828) to work on /home/airflow/.local/lib/python3.12/site-packages/airflow/example_dags/example_task_group.py
[2024-08-13T17:36:45.042+0000] {processor.py:830} INFO - Processing file /home/airflow/.local/lib/python3.12/site-packages/airflow/example_dags/example_task_group.py for tasks to queue
[2024-08-13T17:36:45.043+0000] {logging_mixin.py:188} INFO - [2024-08-13T17:36:45.043+0000] {dagbag.py:545} INFO - Filling up the DagBag from /home/airflow/.local/lib/python3.12/site-packages/airflow/example_dags/example_task_group.py
[2024-08-13T17:36:45.049+0000] {processor.py:840} INFO - DAG(s) 'example_task_group' retrieved from /home/airflow/.local/lib/python3.12/site-packages/airflow/example_dags/example_task_group.py
[2024-08-13T17:36:45.069+0000] {logging_mixin.py:188} INFO - [2024-08-13T17:36:45.069+0000] {dag.py:3089} INFO - Sync 1 DAGs
[2024-08-13T17:36:45.088+0000] {logging_mixin.py:188} INFO - [2024-08-13T17:36:45.088+0000] {dag.py:3947} INFO - Setting next_dagrun for example_task_group to 2024-08-12 00:00:00+00:00, run_after=2024-08-13 00:00:00+00:00
[2024-08-13T17:36:45.104+0000] {processor.py:183} INFO - Processing /home/airflow/.local/lib/python3.12/site-packages/airflow/example_dags/example_task_group.py took 0.068 seconds
[2024-08-13T17:37:15.489+0000] {processor.py:161} INFO - Started process (PID=886) to work on /home/airflow/.local/lib/python3.12/site-packages/airflow/example_dags/example_task_group.py
[2024-08-13T17:37:15.489+0000] {processor.py:830} INFO - Processing file /home/airflow/.local/lib/python3.12/site-packages/airflow/example_dags/example_task_group.py for tasks to queue
[2024-08-13T17:37:15.491+0000] {logging_mixin.py:188} INFO - [2024-08-13T17:37:15.490+0000] {dagbag.py:545} INFO - Filling up the DagBag from /home/airflow/.local/lib/python3.12/site-packages/airflow/example_dags/example_task_group.py
[2024-08-13T17:37:15.497+0000] {processor.py:840} INFO - DAG(s) 'example_task_group' retrieved from /home/airflow/.local/lib/python3.12/site-packages/airflow/example_dags/example_task_group.py
[2024-08-13T17:37:15.516+0000] {logging_mixin.py:188} INFO - [2024-08-13T17:37:15.516+0000] {dag.py:3089} INFO - Sync 1 DAGs
[2024-08-13T17:37:15.536+0000] {logging_mixin.py:188} INFO - [2024-08-13T17:37:15.535+0000] {dag.py:3947} INFO - Setting next_dagrun for example_task_group to 2024-08-12 00:00:00+00:00, run_after=2024-08-13 00:00:00+00:00
[2024-08-13T17:37:15.552+0000] {processor.py:183} INFO - Processing /home/airflow/.local/lib/python3.12/site-packages/airflow/example_dags/example_task_group.py took 0.069 seconds
[2024-08-13T17:37:46.115+0000] {processor.py:161} INFO - Started process (PID=944) to work on /home/airflow/.local/lib/python3.12/site-packages/airflow/example_dags/example_task_group.py
[2024-08-13T17:37:46.115+0000] {processor.py:830} INFO - Processing file /home/airflow/.local/lib/python3.12/site-packages/airflow/example_dags/example_task_group.py for tasks to queue
[2024-08-13T17:37:46.117+0000] {logging_mixin.py:188} INFO - [2024-08-13T17:37:46.116+0000] {dagbag.py:545} INFO - Filling up the DagBag from /home/airflow/.local/lib/python3.12/site-packages/airflow/example_dags/example_task_group.py
[2024-08-13T17:37:46.122+0000] {processor.py:840} INFO - DAG(s) 'example_task_group' retrieved from /home/airflow/.local/lib/python3.12/site-packages/airflow/example_dags/example_task_group.py
[2024-08-13T17:37:46.142+0000] {logging_mixin.py:188} INFO - [2024-08-13T17:37:46.142+0000] {dag.py:3089} INFO - Sync 1 DAGs
[2024-08-13T17:37:46.161+0000] {logging_mixin.py:188} INFO - [2024-08-13T17:37:46.161+0000] {dag.py:3947} INFO - Setting next_dagrun for example_task_group to 2024-08-12 00:00:00+00:00, run_after=2024-08-13 00:00:00+00:00
[2024-08-13T17:37:46.178+0000] {processor.py:183} INFO - Processing /home/airflow/.local/lib/python3.12/site-packages/airflow/example_dags/example_task_group.py took 0.068 seconds
[2024-08-13T17:38:16.726+0000] {processor.py:161} INFO - Started process (PID=1002) to work on /home/airflow/.local/lib/python3.12/site-packages/airflow/example_dags/example_task_group.py
[2024-08-13T17:38:16.726+0000] {processor.py:830} INFO - Processing file /home/airflow/.local/lib/python3.12/site-packages/airflow/example_dags/example_task_group.py for tasks to queue
[2024-08-13T17:38:16.728+0000] {logging_mixin.py:188} INFO - [2024-08-13T17:38:16.727+0000] {dagbag.py:545} INFO - Filling up the DagBag from /home/airflow/.local/lib/python3.12/site-packages/airflow/example_dags/example_task_group.py
[2024-08-13T17:38:16.733+0000] {processor.py:840} INFO - DAG(s) 'example_task_group' retrieved from /home/airflow/.local/lib/python3.12/site-packages/airflow/example_dags/example_task_group.py
[2024-08-13T17:38:16.753+0000] {logging_mixin.py:188} INFO - [2024-08-13T17:38:16.753+0000] {dag.py:3089} INFO - Sync 1 DAGs
[2024-08-13T17:38:16.772+0000] {logging_mixin.py:188} INFO - [2024-08-13T17:38:16.771+0000] {dag.py:3947} INFO - Setting next_dagrun for example_task_group to 2024-08-12 00:00:00+00:00, run_after=2024-08-13 00:00:00+00:00
[2024-08-13T17:38:16.788+0000] {processor.py:183} INFO - Processing /home/airflow/.local/lib/python3.12/site-packages/airflow/example_dags/example_task_group.py took 0.067 seconds
[2024-08-13T17:38:46.946+0000] {processor.py:161} INFO - Started process (PID=1060) to work on /home/airflow/.local/lib/python3.12/site-packages/airflow/example_dags/example_task_group.py
[2024-08-13T17:38:46.946+0000] {processor.py:830} INFO - Processing file /home/airflow/.local/lib/python3.12/site-packages/airflow/example_dags/example_task_group.py for tasks to queue
[2024-08-13T17:38:46.948+0000] {logging_mixin.py:188} INFO - [2024-08-13T17:38:46.947+0000] {dagbag.py:545} INFO - Filling up the DagBag from /home/airflow/.local/lib/python3.12/site-packages/airflow/example_dags/example_task_group.py
[2024-08-13T17:38:46.955+0000] {processor.py:840} INFO - DAG(s) 'example_task_group' retrieved from /home/airflow/.local/lib/python3.12/site-packages/airflow/example_dags/example_task_group.py
[2024-08-13T17:38:46.974+0000] {logging_mixin.py:188} INFO - [2024-08-13T17:38:46.974+0000] {dag.py:3089} INFO - Sync 1 DAGs
[2024-08-13T17:38:46.995+0000] {logging_mixin.py:188} INFO - [2024-08-13T17:38:46.994+0000] {dag.py:3947} INFO - Setting next_dagrun for example_task_group to 2024-08-12 00:00:00+00:00, run_after=2024-08-13 00:00:00+00:00
[2024-08-13T17:38:47.012+0000] {processor.py:183} INFO - Processing /home/airflow/.local/lib/python3.12/site-packages/airflow/example_dags/example_task_group.py took 0.071 seconds
[2024-08-13T17:39:17.351+0000] {processor.py:161} INFO - Started process (PID=1118) to work on /home/airflow/.local/lib/python3.12/site-packages/airflow/example_dags/example_task_group.py
[2024-08-13T17:39:17.351+0000] {processor.py:830} INFO - Processing file /home/airflow/.local/lib/python3.12/site-packages/airflow/example_dags/example_task_group.py for tasks to queue
[2024-08-13T17:39:17.353+0000] {logging_mixin.py:188} INFO - [2024-08-13T17:39:17.353+0000] {dagbag.py:545} INFO - Filling up the DagBag from /home/airflow/.local/lib/python3.12/site-packages/airflow/example_dags/example_task_group.py
[2024-08-13T17:39:17.359+0000] {processor.py:840} INFO - DAG(s) 'example_task_group' retrieved from /home/airflow/.local/lib/python3.12/site-packages/airflow/example_dags/example_task_group.py
[2024-08-13T17:39:17.377+0000] {logging_mixin.py:188} INFO - [2024-08-13T17:39:17.377+0000] {dag.py:3089} INFO - Sync 1 DAGs
[2024-08-13T17:39:17.400+0000] {logging_mixin.py:188} INFO - [2024-08-13T17:39:17.399+0000] {dag.py:3947} INFO - Setting next_dagrun for example_task_group to 2024-08-12 00:00:00+00:00, run_after=2024-08-13 00:00:00+00:00
[2024-08-13T17:39:17.416+0000] {processor.py:183} INFO - Processing /home/airflow/.local/lib/python3.12/site-packages/airflow/example_dags/example_task_group.py took 0.070 seconds
[2024-08-13T17:39:47.809+0000] {processor.py:161} INFO - Started process (PID=1176) to work on /home/airflow/.local/lib/python3.12/site-packages/airflow/example_dags/example_task_group.py
[2024-08-13T17:39:47.809+0000] {processor.py:830} INFO - Processing file /home/airflow/.local/lib/python3.12/site-packages/airflow/example_dags/example_task_group.py for tasks to queue
[2024-08-13T17:39:47.811+0000] {logging_mixin.py:188} INFO - [2024-08-13T17:39:47.810+0000] {dagbag.py:545} INFO - Filling up the DagBag from /home/airflow/.local/lib/python3.12/site-packages/airflow/example_dags/example_task_group.py
[2024-08-13T17:39:47.817+0000] {processor.py:840} INFO - DAG(s) 'example_task_group' retrieved from /home/airflow/.local/lib/python3.12/site-packages/airflow/example_dags/example_task_group.py
[2024-08-13T17:39:47.835+0000] {logging_mixin.py:188} INFO - [2024-08-13T17:39:47.834+0000] {dag.py:3089} INFO - Sync 1 DAGs
[2024-08-13T17:39:47.854+0000] {logging_mixin.py:188} INFO - [2024-08-13T17:39:47.854+0000] {dag.py:3947} INFO - Setting next_dagrun for example_task_group to 2024-08-12 00:00:00+00:00, run_after=2024-08-13 00:00:00+00:00
[2024-08-13T17:39:47.870+0000] {processor.py:183} INFO - Processing /home/airflow/.local/lib/python3.12/site-packages/airflow/example_dags/example_task_group.py took 0.066 seconds
[2024-08-13T17:40:18.312+0000] {processor.py:161} INFO - Started process (PID=1234) to work on /home/airflow/.local/lib/python3.12/site-packages/airflow/example_dags/example_task_group.py
[2024-08-13T17:40:18.313+0000] {processor.py:830} INFO - Processing file /home/airflow/.local/lib/python3.12/site-packages/airflow/example_dags/example_task_group.py for tasks to queue
[2024-08-13T17:40:18.314+0000] {logging_mixin.py:188} INFO - [2024-08-13T17:40:18.314+0000] {dagbag.py:545} INFO - Filling up the DagBag from /home/airflow/.local/lib/python3.12/site-packages/airflow/example_dags/example_task_group.py
[2024-08-13T17:40:18.320+0000] {processor.py:840} INFO - DAG(s) 'example_task_group' retrieved from /home/airflow/.local/lib/python3.12/site-packages/airflow/example_dags/example_task_group.py
[2024-08-13T17:40:18.339+0000] {logging_mixin.py:188} INFO - [2024-08-13T17:40:18.339+0000] {dag.py:3089} INFO - Sync 1 DAGs
[2024-08-13T17:40:18.358+0000] {logging_mixin.py:188} INFO - [2024-08-13T17:40:18.358+0000] {dag.py:3947} INFO - Setting next_dagrun for example_task_group to 2024-08-12 00:00:00+00:00, run_after=2024-08-13 00:00:00+00:00
[2024-08-13T17:40:18.375+0000] {processor.py:183} INFO - Processing /home/airflow/.local/lib/python3.12/site-packages/airflow/example_dags/example_task_group.py took 0.067 seconds
[2024-08-13T17:40:48.897+0000] {processor.py:161} INFO - Started process (PID=1292) to work on /home/airflow/.local/lib/python3.12/site-packages/airflow/example_dags/example_task_group.py
[2024-08-13T17:40:48.898+0000] {processor.py:830} INFO - Processing file /home/airflow/.local/lib/python3.12/site-packages/airflow/example_dags/example_task_group.py for tasks to queue
[2024-08-13T17:40:48.899+0000] {logging_mixin.py:188} INFO - [2024-08-13T17:40:48.899+0000] {dagbag.py:545} INFO - Filling up the DagBag from /home/airflow/.local/lib/python3.12/site-packages/airflow/example_dags/example_task_group.py
[2024-08-13T17:40:48.905+0000] {processor.py:840} INFO - DAG(s) 'example_task_group' retrieved from /home/airflow/.local/lib/python3.12/site-packages/airflow/example_dags/example_task_group.py
[2024-08-13T17:40:48.924+0000] {logging_mixin.py:188} INFO - [2024-08-13T17:40:48.924+0000] {dag.py:3089} INFO - Sync 1 DAGs
[2024-08-13T17:40:48.943+0000] {logging_mixin.py:188} INFO - [2024-08-13T17:40:48.942+0000] {dag.py:3947} INFO - Setting next_dagrun for example_task_group to 2024-08-12 00:00:00+00:00, run_after=2024-08-13 00:00:00+00:00
[2024-08-13T17:40:48.959+0000] {processor.py:183} INFO - Processing /home/airflow/.local/lib/python3.12/site-packages/airflow/example_dags/example_task_group.py took 0.066 seconds
[2024-08-13T17:41:19.008+0000] {processor.py:161} INFO - Started process (PID=1350) to work on /home/airflow/.local/lib/python3.12/site-packages/airflow/example_dags/example_task_group.py
[2024-08-13T17:41:19.009+0000] {processor.py:830} INFO - Processing file /home/airflow/.local/lib/python3.12/site-packages/airflow/example_dags/example_task_group.py for tasks to queue
[2024-08-13T17:41:19.010+0000] {logging_mixin.py:188} INFO - [2024-08-13T17:41:19.010+0000] {dagbag.py:545} INFO - Filling up the DagBag from /home/airflow/.local/lib/python3.12/site-packages/airflow/example_dags/example_task_group.py
[2024-08-13T17:41:19.016+0000] {processor.py:840} INFO - DAG(s) 'example_task_group' retrieved from /home/airflow/.local/lib/python3.12/site-packages/airflow/example_dags/example_task_group.py
[2024-08-13T17:41:19.035+0000] {logging_mixin.py:188} INFO - [2024-08-13T17:41:19.035+0000] {dag.py:3089} INFO - Sync 1 DAGs
[2024-08-13T17:41:19.054+0000] {logging_mixin.py:188} INFO - [2024-08-13T17:41:19.054+0000] {dag.py:3947} INFO - Setting next_dagrun for example_task_group to 2024-08-12 00:00:00+00:00, run_after=2024-08-13 00:00:00+00:00
[2024-08-13T17:41:19.070+0000] {processor.py:183} INFO - Processing /home/airflow/.local/lib/python3.12/site-packages/airflow/example_dags/example_task_group.py took 0.067 seconds
[2024-08-13T17:41:49.584+0000] {processor.py:161} INFO - Started process (PID=1408) to work on /home/airflow/.local/lib/python3.12/site-packages/airflow/example_dags/example_task_group.py
[2024-08-13T17:41:49.585+0000] {processor.py:830} INFO - Processing file /home/airflow/.local/lib/python3.12/site-packages/airflow/example_dags/example_task_group.py for tasks to queue
[2024-08-13T17:41:49.586+0000] {logging_mixin.py:188} INFO - [2024-08-13T17:41:49.586+0000] {dagbag.py:545} INFO - Filling up the DagBag from /home/airflow/.local/lib/python3.12/site-packages/airflow/example_dags/example_task_group.py
[2024-08-13T17:41:49.592+0000] {processor.py:840} INFO - DAG(s) 'example_task_group' retrieved from /home/airflow/.local/lib/python3.12/site-packages/airflow/example_dags/example_task_group.py
[2024-08-13T17:41:49.616+0000] {logging_mixin.py:188} INFO - [2024-08-13T17:41:49.615+0000] {dag.py:3089} INFO - Sync 1 DAGs
[2024-08-13T17:41:49.636+0000] {logging_mixin.py:188} INFO - [2024-08-13T17:41:49.636+0000] {dag.py:3947} INFO - Setting next_dagrun for example_task_group to 2024-08-12 00:00:00+00:00, run_after=2024-08-13 00:00:00+00:00
[2024-08-13T17:41:49.760+0000] {processor.py:183} INFO - Processing /home/airflow/.local/lib/python3.12/site-packages/airflow/example_dags/example_task_group.py took 0.181 seconds
[2024-08-13T17:42:20.405+0000] {processor.py:161} INFO - Started process (PID=1466) to work on /home/airflow/.local/lib/python3.12/site-packages/airflow/example_dags/example_task_group.py
[2024-08-13T17:42:20.406+0000] {processor.py:830} INFO - Processing file /home/airflow/.local/lib/python3.12/site-packages/airflow/example_dags/example_task_group.py for tasks to queue
[2024-08-13T17:42:20.407+0000] {logging_mixin.py:188} INFO - [2024-08-13T17:42:20.407+0000] {dagbag.py:545} INFO - Filling up the DagBag from /home/airflow/.local/lib/python3.12/site-packages/airflow/example_dags/example_task_group.py
[2024-08-13T17:42:20.413+0000] {processor.py:840} INFO - DAG(s) 'example_task_group' retrieved from /home/airflow/.local/lib/python3.12/site-packages/airflow/example_dags/example_task_group.py
[2024-08-13T17:42:20.433+0000] {logging_mixin.py:188} INFO - [2024-08-13T17:42:20.432+0000] {dag.py:3089} INFO - Sync 1 DAGs
[2024-08-13T17:42:20.452+0000] {logging_mixin.py:188} INFO - [2024-08-13T17:42:20.452+0000] {dag.py:3947} INFO - Setting next_dagrun for example_task_group to 2024-08-12 00:00:00+00:00, run_after=2024-08-13 00:00:00+00:00
[2024-08-13T17:42:20.470+0000] {processor.py:183} INFO - Processing /home/airflow/.local/lib/python3.12/site-packages/airflow/example_dags/example_task_group.py took 0.070 seconds
[2024-08-13T17:42:50.528+0000] {processor.py:161} INFO - Started process (PID=1524) to work on /home/airflow/.local/lib/python3.12/site-packages/airflow/example_dags/example_task_group.py
[2024-08-13T17:42:50.529+0000] {processor.py:830} INFO - Processing file /home/airflow/.local/lib/python3.12/site-packages/airflow/example_dags/example_task_group.py for tasks to queue
[2024-08-13T17:42:50.530+0000] {logging_mixin.py:188} INFO - [2024-08-13T17:42:50.530+0000] {dagbag.py:545} INFO - Filling up the DagBag from /home/airflow/.local/lib/python3.12/site-packages/airflow/example_dags/example_task_group.py
[2024-08-13T17:42:50.536+0000] {processor.py:840} INFO - DAG(s) 'example_task_group' retrieved from /home/airflow/.local/lib/python3.12/site-packages/airflow/example_dags/example_task_group.py
[2024-08-13T17:42:50.555+0000] {logging_mixin.py:188} INFO - [2024-08-13T17:42:50.555+0000] {dag.py:3089} INFO - Sync 1 DAGs
[2024-08-13T17:42:50.574+0000] {logging_mixin.py:188} INFO - [2024-08-13T17:42:50.573+0000] {dag.py:3947} INFO - Setting next_dagrun for example_task_group to 2024-08-12 00:00:00+00:00, run_after=2024-08-13 00:00:00+00:00
[2024-08-13T17:42:50.590+0000] {processor.py:183} INFO - Processing /home/airflow/.local/lib/python3.12/site-packages/airflow/example_dags/example_task_group.py took 0.066 seconds
[2024-08-13T17:43:20.635+0000] {processor.py:161} INFO - Started process (PID=1582) to work on /home/airflow/.local/lib/python3.12/site-packages/airflow/example_dags/example_task_group.py
[2024-08-13T17:43:20.636+0000] {processor.py:830} INFO - Processing file /home/airflow/.local/lib/python3.12/site-packages/airflow/example_dags/example_task_group.py for tasks to queue
[2024-08-13T17:43:20.637+0000] {logging_mixin.py:188} INFO - [2024-08-13T17:43:20.637+0000] {dagbag.py:545} INFO - Filling up the DagBag from /home/airflow/.local/lib/python3.12/site-packages/airflow/example_dags/example_task_group.py
[2024-08-13T17:43:20.643+0000] {processor.py:840} INFO - DAG(s) 'example_task_group' retrieved from /home/airflow/.local/lib/python3.12/site-packages/airflow/example_dags/example_task_group.py
[2024-08-13T17:43:20.663+0000] {logging_mixin.py:188} INFO - [2024-08-13T17:43:20.663+0000] {dag.py:3089} INFO - Sync 1 DAGs
[2024-08-13T17:43:20.683+0000] {logging_mixin.py:188} INFO - [2024-08-13T17:43:20.683+0000] {dag.py:3947} INFO - Setting next_dagrun for example_task_group to 2024-08-12 00:00:00+00:00, run_after=2024-08-13 00:00:00+00:00
[2024-08-13T17:43:20.699+0000] {processor.py:183} INFO - Processing /home/airflow/.local/lib/python3.12/site-packages/airflow/example_dags/example_task_group.py took 0.069 seconds
[2024-08-13T17:43:51.279+0000] {processor.py:161} INFO - Started process (PID=1640) to work on /home/airflow/.local/lib/python3.12/site-packages/airflow/example_dags/example_task_group.py
[2024-08-13T17:43:51.279+0000] {processor.py:830} INFO - Processing file /home/airflow/.local/lib/python3.12/site-packages/airflow/example_dags/example_task_group.py for tasks to queue
[2024-08-13T17:43:51.281+0000] {logging_mixin.py:188} INFO - [2024-08-13T17:43:51.281+0000] {dagbag.py:545} INFO - Filling up the DagBag from /home/airflow/.local/lib/python3.12/site-packages/airflow/example_dags/example_task_group.py
[2024-08-13T17:43:51.287+0000] {processor.py:840} INFO - DAG(s) 'example_task_group' retrieved from /home/airflow/.local/lib/python3.12/site-packages/airflow/example_dags/example_task_group.py
[2024-08-13T17:43:51.307+0000] {logging_mixin.py:188} INFO - [2024-08-13T17:43:51.306+0000] {dag.py:3089} INFO - Sync 1 DAGs
[2024-08-13T17:43:51.326+0000] {logging_mixin.py:188} INFO - [2024-08-13T17:43:51.326+0000] {dag.py:3947} INFO - Setting next_dagrun for example_task_group to 2024-08-12 00:00:00+00:00, run_after=2024-08-13 00:00:00+00:00
[2024-08-13T17:43:51.344+0000] {processor.py:183} INFO - Processing /home/airflow/.local/lib/python3.12/site-packages/airflow/example_dags/example_task_group.py took 0.070 seconds
[2024-08-13T17:44:21.993+0000] {processor.py:161} INFO - Started process (PID=1698) to work on /home/airflow/.local/lib/python3.12/site-packages/airflow/example_dags/example_task_group.py
[2024-08-13T17:44:21.993+0000] {processor.py:830} INFO - Processing file /home/airflow/.local/lib/python3.12/site-packages/airflow/example_dags/example_task_group.py for tasks to queue
[2024-08-13T17:44:21.995+0000] {logging_mixin.py:188} INFO - [2024-08-13T17:44:21.995+0000] {dagbag.py:545} INFO - Filling up the DagBag from /home/airflow/.local/lib/python3.12/site-packages/airflow/example_dags/example_task_group.py
[2024-08-13T17:44:22.001+0000] {processor.py:840} INFO - DAG(s) 'example_task_group' retrieved from /home/airflow/.local/lib/python3.12/site-packages/airflow/example_dags/example_task_group.py
[2024-08-13T17:44:22.019+0000] {logging_mixin.py:188} INFO - [2024-08-13T17:44:22.019+0000] {dag.py:3089} INFO - Sync 1 DAGs
[2024-08-13T17:44:22.039+0000] {logging_mixin.py:188} INFO - [2024-08-13T17:44:22.039+0000] {dag.py:3947} INFO - Setting next_dagrun for example_task_group to 2024-08-12 00:00:00+00:00, run_after=2024-08-13 00:00:00+00:00
[2024-08-13T17:44:22.055+0000] {processor.py:183} INFO - Processing /home/airflow/.local/lib/python3.12/site-packages/airflow/example_dags/example_task_group.py took 0.067 seconds
[2024-08-13T17:44:52.591+0000] {processor.py:161} INFO - Started process (PID=1756) to work on /home/airflow/.local/lib/python3.12/site-packages/airflow/example_dags/example_task_group.py
[2024-08-13T17:44:52.592+0000] {processor.py:830} INFO - Processing file /home/airflow/.local/lib/python3.12/site-packages/airflow/example_dags/example_task_group.py for tasks to queue
[2024-08-13T17:44:52.593+0000] {logging_mixin.py:188} INFO - [2024-08-13T17:44:52.593+0000] {dagbag.py:545} INFO - Filling up the DagBag from /home/airflow/.local/lib/python3.12/site-packages/airflow/example_dags/example_task_group.py
[2024-08-13T17:44:52.599+0000] {processor.py:840} INFO - DAG(s) 'example_task_group' retrieved from /home/airflow/.local/lib/python3.12/site-packages/airflow/example_dags/example_task_group.py
[2024-08-13T17:44:52.730+0000] {logging_mixin.py:188} INFO - [2024-08-13T17:44:52.730+0000] {dag.py:3089} INFO - Sync 1 DAGs
[2024-08-13T17:44:52.748+0000] {logging_mixin.py:188} INFO - [2024-08-13T17:44:52.748+0000] {dag.py:3947} INFO - Setting next_dagrun for example_task_group to 2024-08-12 00:00:00+00:00, run_after=2024-08-13 00:00:00+00:00
[2024-08-13T17:44:52.764+0000] {processor.py:183} INFO - Processing /home/airflow/.local/lib/python3.12/site-packages/airflow/example_dags/example_task_group.py took 0.178 seconds
[2024-08-13T17:45:23.080+0000] {processor.py:161} INFO - Started process (PID=1814) to work on /home/airflow/.local/lib/python3.12/site-packages/airflow/example_dags/example_task_group.py
[2024-08-13T17:45:23.081+0000] {processor.py:830} INFO - Processing file /home/airflow/.local/lib/python3.12/site-packages/airflow/example_dags/example_task_group.py for tasks to queue
[2024-08-13T17:45:23.082+0000] {logging_mixin.py:188} INFO - [2024-08-13T17:45:23.082+0000] {dagbag.py:545} INFO - Filling up the DagBag from /home/airflow/.local/lib/python3.12/site-packages/airflow/example_dags/example_task_group.py
[2024-08-13T17:45:23.088+0000] {processor.py:840} INFO - DAG(s) 'example_task_group' retrieved from /home/airflow/.local/lib/python3.12/site-packages/airflow/example_dags/example_task_group.py
[2024-08-13T17:45:23.108+0000] {logging_mixin.py:188} INFO - [2024-08-13T17:45:23.108+0000] {dag.py:3089} INFO - Sync 1 DAGs
[2024-08-13T17:45:23.127+0000] {logging_mixin.py:188} INFO - [2024-08-13T17:45:23.127+0000] {dag.py:3947} INFO - Setting next_dagrun for example_task_group to 2024-08-12 00:00:00+00:00, run_after=2024-08-13 00:00:00+00:00
[2024-08-13T17:45:23.144+0000] {processor.py:183} INFO - Processing /home/airflow/.local/lib/python3.12/site-packages/airflow/example_dags/example_task_group.py took 0.069 seconds
[2024-08-13T17:45:53.546+0000] {processor.py:161} INFO - Started process (PID=1872) to work on /home/airflow/.local/lib/python3.12/site-packages/airflow/example_dags/example_task_group.py
[2024-08-13T17:45:53.547+0000] {processor.py:830} INFO - Processing file /home/airflow/.local/lib/python3.12/site-packages/airflow/example_dags/example_task_group.py for tasks to queue
[2024-08-13T17:45:53.548+0000] {logging_mixin.py:188} INFO - [2024-08-13T17:45:53.548+0000] {dagbag.py:545} INFO - Filling up the DagBag from /home/airflow/.local/lib/python3.12/site-packages/airflow/example_dags/example_task_group.py
[2024-08-13T17:45:53.554+0000] {processor.py:840} INFO - DAG(s) 'example_task_group' retrieved from /home/airflow/.local/lib/python3.12/site-packages/airflow/example_dags/example_task_group.py
[2024-08-13T17:45:53.574+0000] {logging_mixin.py:188} INFO - [2024-08-13T17:45:53.573+0000] {dag.py:3089} INFO - Sync 1 DAGs
[2024-08-13T17:45:53.593+0000] {logging_mixin.py:188} INFO - [2024-08-13T17:45:53.593+0000] {dag.py:3947} INFO - Setting next_dagrun for example_task_group to 2024-08-12 00:00:00+00:00, run_after=2024-08-13 00:00:00+00:00
[2024-08-13T17:45:53.610+0000] {processor.py:183} INFO - Processing /home/airflow/.local/lib/python3.12/site-packages/airflow/example_dags/example_task_group.py took 0.068 seconds
[2024-08-13T17:46:23.950+0000] {processor.py:161} INFO - Started process (PID=1930) to work on /home/airflow/.local/lib/python3.12/site-packages/airflow/example_dags/example_task_group.py
[2024-08-13T17:46:23.951+0000] {processor.py:830} INFO - Processing file /home/airflow/.local/lib/python3.12/site-packages/airflow/example_dags/example_task_group.py for tasks to queue
[2024-08-13T17:46:23.952+0000] {logging_mixin.py:188} INFO - [2024-08-13T17:46:23.952+0000] {dagbag.py:545} INFO - Filling up the DagBag from /home/airflow/.local/lib/python3.12/site-packages/airflow/example_dags/example_task_group.py
[2024-08-13T17:46:23.958+0000] {processor.py:840} INFO - DAG(s) 'example_task_group' retrieved from /home/airflow/.local/lib/python3.12/site-packages/airflow/example_dags/example_task_group.py
[2024-08-13T17:46:23.978+0000] {logging_mixin.py:188} INFO - [2024-08-13T17:46:23.977+0000] {dag.py:3089} INFO - Sync 1 DAGs
[2024-08-13T17:46:23.997+0000] {logging_mixin.py:188} INFO - [2024-08-13T17:46:23.997+0000] {dag.py:3947} INFO - Setting next_dagrun for example_task_group to 2024-08-12 00:00:00+00:00, run_after=2024-08-13 00:00:00+00:00
[2024-08-13T17:46:24.014+0000] {processor.py:183} INFO - Processing /home/airflow/.local/lib/python3.12/site-packages/airflow/example_dags/example_task_group.py took 0.069 seconds
[2024-08-13T17:46:54.472+0000] {processor.py:161} INFO - Started process (PID=1988) to work on /home/airflow/.local/lib/python3.12/site-packages/airflow/example_dags/example_task_group.py
[2024-08-13T17:46:54.473+0000] {processor.py:830} INFO - Processing file /home/airflow/.local/lib/python3.12/site-packages/airflow/example_dags/example_task_group.py for tasks to queue
[2024-08-13T17:46:54.474+0000] {logging_mixin.py:188} INFO - [2024-08-13T17:46:54.474+0000] {dagbag.py:545} INFO - Filling up the DagBag from /home/airflow/.local/lib/python3.12/site-packages/airflow/example_dags/example_task_group.py
[2024-08-13T17:46:54.480+0000] {processor.py:840} INFO - DAG(s) 'example_task_group' retrieved from /home/airflow/.local/lib/python3.12/site-packages/airflow/example_dags/example_task_group.py
[2024-08-13T17:46:54.499+0000] {logging_mixin.py:188} INFO - [2024-08-13T17:46:54.499+0000] {dag.py:3089} INFO - Sync 1 DAGs
[2024-08-13T17:46:54.519+0000] {logging_mixin.py:188} INFO - [2024-08-13T17:46:54.518+0000] {dag.py:3947} INFO - Setting next_dagrun for example_task_group to 2024-08-12 00:00:00+00:00, run_after=2024-08-13 00:00:00+00:00
[2024-08-13T17:46:54.538+0000] {processor.py:183} INFO - Processing /home/airflow/.local/lib/python3.12/site-packages/airflow/example_dags/example_task_group.py took 0.071 seconds
[2024-08-13T17:47:25.012+0000] {processor.py:161} INFO - Started process (PID=2046) to work on /home/airflow/.local/lib/python3.12/site-packages/airflow/example_dags/example_task_group.py
[2024-08-13T17:47:25.013+0000] {processor.py:830} INFO - Processing file /home/airflow/.local/lib/python3.12/site-packages/airflow/example_dags/example_task_group.py for tasks to queue
[2024-08-13T17:47:25.014+0000] {logging_mixin.py:188} INFO - [2024-08-13T17:47:25.014+0000] {dagbag.py:545} INFO - Filling up the DagBag from /home/airflow/.local/lib/python3.12/site-packages/airflow/example_dags/example_task_group.py
[2024-08-13T17:47:25.020+0000] {processor.py:840} INFO - DAG(s) 'example_task_group' retrieved from /home/airflow/.local/lib/python3.12/site-packages/airflow/example_dags/example_task_group.py
[2024-08-13T17:47:25.040+0000] {logging_mixin.py:188} INFO - [2024-08-13T17:47:25.039+0000] {dag.py:3089} INFO - Sync 1 DAGs
[2024-08-13T17:47:25.059+0000] {logging_mixin.py:188} INFO - [2024-08-13T17:47:25.059+0000] {dag.py:3947} INFO - Setting next_dagrun for example_task_group to 2024-08-12 00:00:00+00:00, run_after=2024-08-13 00:00:00+00:00
[2024-08-13T17:47:25.078+0000] {processor.py:183} INFO - Processing /home/airflow/.local/lib/python3.12/site-packages/airflow/example_dags/example_task_group.py took 0.070 seconds
[2024-08-13T17:47:55.478+0000] {processor.py:161} INFO - Started process (PID=2104) to work on /home/airflow/.local/lib/python3.12/site-packages/airflow/example_dags/example_task_group.py
[2024-08-13T17:47:55.478+0000] {processor.py:830} INFO - Processing file /home/airflow/.local/lib/python3.12/site-packages/airflow/example_dags/example_task_group.py for tasks to queue
[2024-08-13T17:47:55.480+0000] {logging_mixin.py:188} INFO - [2024-08-13T17:47:55.480+0000] {dagbag.py:545} INFO - Filling up the DagBag from /home/airflow/.local/lib/python3.12/site-packages/airflow/example_dags/example_task_group.py
[2024-08-13T17:47:55.486+0000] {processor.py:840} INFO - DAG(s) 'example_task_group' retrieved from /home/airflow/.local/lib/python3.12/site-packages/airflow/example_dags/example_task_group.py
[2024-08-13T17:47:55.511+0000] {logging_mixin.py:188} INFO - [2024-08-13T17:47:55.511+0000] {dag.py:3089} INFO - Sync 1 DAGs
[2024-08-13T17:47:55.533+0000] {logging_mixin.py:188} INFO - [2024-08-13T17:47:55.533+0000] {dag.py:3947} INFO - Setting next_dagrun for example_task_group to 2024-08-12 00:00:00+00:00, run_after=2024-08-13 00:00:00+00:00
[2024-08-13T17:47:55.550+0000] {processor.py:183} INFO - Processing /home/airflow/.local/lib/python3.12/site-packages/airflow/example_dags/example_task_group.py took 0.077 seconds
[2024-08-13T17:48:25.972+0000] {processor.py:161} INFO - Started process (PID=2162) to work on /home/airflow/.local/lib/python3.12/site-packages/airflow/example_dags/example_task_group.py
[2024-08-13T17:48:25.972+0000] {processor.py:830} INFO - Processing file /home/airflow/.local/lib/python3.12/site-packages/airflow/example_dags/example_task_group.py for tasks to queue
[2024-08-13T17:48:25.974+0000] {logging_mixin.py:188} INFO - [2024-08-13T17:48:25.973+0000] {dagbag.py:545} INFO - Filling up the DagBag from /home/airflow/.local/lib/python3.12/site-packages/airflow/example_dags/example_task_group.py
[2024-08-13T17:48:25.980+0000] {processor.py:840} INFO - DAG(s) 'example_task_group' retrieved from /home/airflow/.local/lib/python3.12/site-packages/airflow/example_dags/example_task_group.py
[2024-08-13T17:48:25.999+0000] {logging_mixin.py:188} INFO - [2024-08-13T17:48:25.999+0000] {dag.py:3089} INFO - Sync 1 DAGs
[2024-08-13T17:48:26.019+0000] {logging_mixin.py:188} INFO - [2024-08-13T17:48:26.018+0000] {dag.py:3947} INFO - Setting next_dagrun for example_task_group to 2024-08-12 00:00:00+00:00, run_after=2024-08-13 00:00:00+00:00
[2024-08-13T17:48:26.039+0000] {processor.py:183} INFO - Processing /home/airflow/.local/lib/python3.12/site-packages/airflow/example_dags/example_task_group.py took 0.072 seconds
[2024-08-13T17:48:56.566+0000] {processor.py:161} INFO - Started process (PID=2220) to work on /home/airflow/.local/lib/python3.12/site-packages/airflow/example_dags/example_task_group.py
[2024-08-13T17:48:56.567+0000] {processor.py:830} INFO - Processing file /home/airflow/.local/lib/python3.12/site-packages/airflow/example_dags/example_task_group.py for tasks to queue
[2024-08-13T17:48:56.569+0000] {logging_mixin.py:188} INFO - [2024-08-13T17:48:56.568+0000] {dagbag.py:545} INFO - Filling up the DagBag from /home/airflow/.local/lib/python3.12/site-packages/airflow/example_dags/example_task_group.py
[2024-08-13T17:48:56.575+0000] {processor.py:840} INFO - DAG(s) 'example_task_group' retrieved from /home/airflow/.local/lib/python3.12/site-packages/airflow/example_dags/example_task_group.py
[2024-08-13T17:48:56.594+0000] {logging_mixin.py:188} INFO - [2024-08-13T17:48:56.594+0000] {dag.py:3089} INFO - Sync 1 DAGs
[2024-08-13T17:48:56.613+0000] {logging_mixin.py:188} INFO - [2024-08-13T17:48:56.613+0000] {dag.py:3947} INFO - Setting next_dagrun for example_task_group to 2024-08-12 00:00:00+00:00, run_after=2024-08-13 00:00:00+00:00
[2024-08-13T17:48:56.631+0000] {processor.py:183} INFO - Processing /home/airflow/.local/lib/python3.12/site-packages/airflow/example_dags/example_task_group.py took 0.069 seconds
[2024-08-13T17:49:27.057+0000] {processor.py:161} INFO - Started process (PID=2278) to work on /home/airflow/.local/lib/python3.12/site-packages/airflow/example_dags/example_task_group.py
[2024-08-13T17:49:27.058+0000] {processor.py:830} INFO - Processing file /home/airflow/.local/lib/python3.12/site-packages/airflow/example_dags/example_task_group.py for tasks to queue
[2024-08-13T17:49:27.059+0000] {logging_mixin.py:188} INFO - [2024-08-13T17:49:27.059+0000] {dagbag.py:545} INFO - Filling up the DagBag from /home/airflow/.local/lib/python3.12/site-packages/airflow/example_dags/example_task_group.py
[2024-08-13T17:49:27.065+0000] {processor.py:840} INFO - DAG(s) 'example_task_group' retrieved from /home/airflow/.local/lib/python3.12/site-packages/airflow/example_dags/example_task_group.py
[2024-08-13T17:49:27.085+0000] {logging_mixin.py:188} INFO - [2024-08-13T17:49:27.085+0000] {dag.py:3089} INFO - Sync 1 DAGs
[2024-08-13T17:49:27.106+0000] {logging_mixin.py:188} INFO - [2024-08-13T17:49:27.106+0000] {dag.py:3947} INFO - Setting next_dagrun for example_task_group to 2024-08-12 00:00:00+00:00, run_after=2024-08-13 00:00:00+00:00
[2024-08-13T17:49:27.124+0000] {processor.py:183} INFO - Processing /home/airflow/.local/lib/python3.12/site-packages/airflow/example_dags/example_task_group.py took 0.072 seconds
[2024-08-13T17:49:57.507+0000] {processor.py:161} INFO - Started process (PID=2336) to work on /home/airflow/.local/lib/python3.12/site-packages/airflow/example_dags/example_task_group.py
[2024-08-13T17:49:57.508+0000] {processor.py:830} INFO - Processing file /home/airflow/.local/lib/python3.12/site-packages/airflow/example_dags/example_task_group.py for tasks to queue
[2024-08-13T17:49:57.509+0000] {logging_mixin.py:188} INFO - [2024-08-13T17:49:57.509+0000] {dagbag.py:545} INFO - Filling up the DagBag from /home/airflow/.local/lib/python3.12/site-packages/airflow/example_dags/example_task_group.py
[2024-08-13T17:49:57.515+0000] {processor.py:840} INFO - DAG(s) 'example_task_group' retrieved from /home/airflow/.local/lib/python3.12/site-packages/airflow/example_dags/example_task_group.py
[2024-08-13T17:49:57.534+0000] {logging_mixin.py:188} INFO - [2024-08-13T17:49:57.534+0000] {dag.py:3089} INFO - Sync 1 DAGs
[2024-08-13T17:49:57.554+0000] {logging_mixin.py:188} INFO - [2024-08-13T17:49:57.554+0000] {dag.py:3947} INFO - Setting next_dagrun for example_task_group to 2024-08-12 00:00:00+00:00, run_after=2024-08-13 00:00:00+00:00
[2024-08-13T17:49:57.571+0000] {processor.py:183} INFO - Processing /home/airflow/.local/lib/python3.12/site-packages/airflow/example_dags/example_task_group.py took 0.068 seconds
[2024-08-13T17:50:27.907+0000] {processor.py:161} INFO - Started process (PID=2395) to work on /home/airflow/.local/lib/python3.12/site-packages/airflow/example_dags/example_task_group.py
[2024-08-13T17:50:27.908+0000] {processor.py:830} INFO - Processing file /home/airflow/.local/lib/python3.12/site-packages/airflow/example_dags/example_task_group.py for tasks to queue
[2024-08-13T17:50:27.909+0000] {logging_mixin.py:188} INFO - [2024-08-13T17:50:27.909+0000] {dagbag.py:545} INFO - Filling up the DagBag from /home/airflow/.local/lib/python3.12/site-packages/airflow/example_dags/example_task_group.py
[2024-08-13T17:50:27.915+0000] {processor.py:840} INFO - DAG(s) 'example_task_group' retrieved from /home/airflow/.local/lib/python3.12/site-packages/airflow/example_dags/example_task_group.py
[2024-08-13T17:50:27.934+0000] {logging_mixin.py:188} INFO - [2024-08-13T17:50:27.934+0000] {dag.py:3089} INFO - Sync 1 DAGs
[2024-08-13T17:50:27.954+0000] {logging_mixin.py:188} INFO - [2024-08-13T17:50:27.954+0000] {dag.py:3947} INFO - Setting next_dagrun for example_task_group to 2024-08-12 00:00:00+00:00, run_after=2024-08-13 00:00:00+00:00
[2024-08-13T17:50:27.972+0000] {processor.py:183} INFO - Processing /home/airflow/.local/lib/python3.12/site-packages/airflow/example_dags/example_task_group.py took 0.070 seconds
[2024-08-13T17:50:58.303+0000] {processor.py:161} INFO - Started process (PID=2453) to work on /home/airflow/.local/lib/python3.12/site-packages/airflow/example_dags/example_task_group.py
[2024-08-13T17:50:58.304+0000] {processor.py:830} INFO - Processing file /home/airflow/.local/lib/python3.12/site-packages/airflow/example_dags/example_task_group.py for tasks to queue
[2024-08-13T17:50:58.306+0000] {logging_mixin.py:188} INFO - [2024-08-13T17:50:58.305+0000] {dagbag.py:545} INFO - Filling up the DagBag from /home/airflow/.local/lib/python3.12/site-packages/airflow/example_dags/example_task_group.py
[2024-08-13T17:50:58.312+0000] {processor.py:840} INFO - DAG(s) 'example_task_group' retrieved from /home/airflow/.local/lib/python3.12/site-packages/airflow/example_dags/example_task_group.py
[2024-08-13T17:50:58.331+0000] {logging_mixin.py:188} INFO - [2024-08-13T17:50:58.331+0000] {dag.py:3089} INFO - Sync 1 DAGs
[2024-08-13T17:50:58.350+0000] {logging_mixin.py:188} INFO - [2024-08-13T17:50:58.350+0000] {dag.py:3947} INFO - Setting next_dagrun for example_task_group to 2024-08-12 00:00:00+00:00, run_after=2024-08-13 00:00:00+00:00
[2024-08-13T17:50:58.366+0000] {processor.py:183} INFO - Processing /home/airflow/.local/lib/python3.12/site-packages/airflow/example_dags/example_task_group.py took 0.067 seconds
[2024-08-13T17:51:28.814+0000] {processor.py:161} INFO - Started process (PID=2511) to work on /home/airflow/.local/lib/python3.12/site-packages/airflow/example_dags/example_task_group.py
[2024-08-13T17:51:28.815+0000] {processor.py:830} INFO - Processing file /home/airflow/.local/lib/python3.12/site-packages/airflow/example_dags/example_task_group.py for tasks to queue
[2024-08-13T17:51:28.816+0000] {logging_mixin.py:188} INFO - [2024-08-13T17:51:28.816+0000] {dagbag.py:545} INFO - Filling up the DagBag from /home/airflow/.local/lib/python3.12/site-packages/airflow/example_dags/example_task_group.py
[2024-08-13T17:51:28.822+0000] {processor.py:840} INFO - DAG(s) 'example_task_group' retrieved from /home/airflow/.local/lib/python3.12/site-packages/airflow/example_dags/example_task_group.py
[2024-08-13T17:51:28.841+0000] {logging_mixin.py:188} INFO - [2024-08-13T17:51:28.841+0000] {dag.py:3089} INFO - Sync 1 DAGs
[2024-08-13T17:51:28.860+0000] {logging_mixin.py:188} INFO - [2024-08-13T17:51:28.860+0000] {dag.py:3947} INFO - Setting next_dagrun for example_task_group to 2024-08-12 00:00:00+00:00, run_after=2024-08-13 00:00:00+00:00
[2024-08-13T17:51:28.877+0000] {processor.py:183} INFO - Processing /home/airflow/.local/lib/python3.12/site-packages/airflow/example_dags/example_task_group.py took 0.068 seconds
[2024-08-13T17:51:59.169+0000] {processor.py:161} INFO - Started process (PID=2569) to work on /home/airflow/.local/lib/python3.12/site-packages/airflow/example_dags/example_task_group.py
[2024-08-13T17:51:59.170+0000] {processor.py:830} INFO - Processing file /home/airflow/.local/lib/python3.12/site-packages/airflow/example_dags/example_task_group.py for tasks to queue
[2024-08-13T17:51:59.172+0000] {logging_mixin.py:188} INFO - [2024-08-13T17:51:59.171+0000] {dagbag.py:545} INFO - Filling up the DagBag from /home/airflow/.local/lib/python3.12/site-packages/airflow/example_dags/example_task_group.py
[2024-08-13T17:51:59.178+0000] {processor.py:840} INFO - DAG(s) 'example_task_group' retrieved from /home/airflow/.local/lib/python3.12/site-packages/airflow/example_dags/example_task_group.py
[2024-08-13T17:51:59.197+0000] {logging_mixin.py:188} INFO - [2024-08-13T17:51:59.197+0000] {dag.py:3089} INFO - Sync 1 DAGs
[2024-08-13T17:51:59.217+0000] {logging_mixin.py:188} INFO - [2024-08-13T17:51:59.216+0000] {dag.py:3947} INFO - Setting next_dagrun for example_task_group to 2024-08-12 00:00:00+00:00, run_after=2024-08-13 00:00:00+00:00
[2024-08-13T17:51:59.234+0000] {processor.py:183} INFO - Processing /home/airflow/.local/lib/python3.12/site-packages/airflow/example_dags/example_task_group.py took 0.070 seconds
[2024-08-13T17:52:29.543+0000] {processor.py:161} INFO - Started process (PID=2627) to work on /home/airflow/.local/lib/python3.12/site-packages/airflow/example_dags/example_task_group.py
[2024-08-13T17:52:29.544+0000] {processor.py:830} INFO - Processing file /home/airflow/.local/lib/python3.12/site-packages/airflow/example_dags/example_task_group.py for tasks to queue
[2024-08-13T17:52:29.546+0000] {logging_mixin.py:188} INFO - [2024-08-13T17:52:29.545+0000] {dagbag.py:545} INFO - Filling up the DagBag from /home/airflow/.local/lib/python3.12/site-packages/airflow/example_dags/example_task_group.py
[2024-08-13T17:52:29.552+0000] {processor.py:840} INFO - DAG(s) 'example_task_group' retrieved from /home/airflow/.local/lib/python3.12/site-packages/airflow/example_dags/example_task_group.py
[2024-08-13T17:52:29.571+0000] {logging_mixin.py:188} INFO - [2024-08-13T17:52:29.571+0000] {dag.py:3089} INFO - Sync 1 DAGs
[2024-08-13T17:52:29.591+0000] {logging_mixin.py:188} INFO - [2024-08-13T17:52:29.591+0000] {dag.py:3947} INFO - Setting next_dagrun for example_task_group to 2024-08-12 00:00:00+00:00, run_after=2024-08-13 00:00:00+00:00
[2024-08-13T17:52:29.607+0000] {processor.py:183} INFO - Processing /home/airflow/.local/lib/python3.12/site-packages/airflow/example_dags/example_task_group.py took 0.069 seconds
[2024-08-13T17:52:59.962+0000] {processor.py:161} INFO - Started process (PID=2684) to work on /home/airflow/.local/lib/python3.12/site-packages/airflow/example_dags/example_task_group.py
[2024-08-13T17:52:59.963+0000] {processor.py:830} INFO - Processing file /home/airflow/.local/lib/python3.12/site-packages/airflow/example_dags/example_task_group.py for tasks to queue
[2024-08-13T17:52:59.964+0000] {logging_mixin.py:188} INFO - [2024-08-13T17:52:59.964+0000] {dagbag.py:545} INFO - Filling up the DagBag from /home/airflow/.local/lib/python3.12/site-packages/airflow/example_dags/example_task_group.py
[2024-08-13T17:52:59.970+0000] {processor.py:840} INFO - DAG(s) 'example_task_group' retrieved from /home/airflow/.local/lib/python3.12/site-packages/airflow/example_dags/example_task_group.py
[2024-08-13T17:52:59.990+0000] {logging_mixin.py:188} INFO - [2024-08-13T17:52:59.990+0000] {dag.py:3089} INFO - Sync 1 DAGs
[2024-08-13T17:53:00.009+0000] {logging_mixin.py:188} INFO - [2024-08-13T17:53:00.008+0000] {dag.py:3947} INFO - Setting next_dagrun for example_task_group to 2024-08-12 00:00:00+00:00, run_after=2024-08-13 00:00:00+00:00
[2024-08-13T17:53:00.025+0000] {processor.py:183} INFO - Processing /home/airflow/.local/lib/python3.12/site-packages/airflow/example_dags/example_task_group.py took 0.068 seconds
[2024-08-13T17:53:30.370+0000] {processor.py:161} INFO - Started process (PID=2742) to work on /home/airflow/.local/lib/python3.12/site-packages/airflow/example_dags/example_task_group.py
[2024-08-13T17:53:30.370+0000] {processor.py:830} INFO - Processing file /home/airflow/.local/lib/python3.12/site-packages/airflow/example_dags/example_task_group.py for tasks to queue
[2024-08-13T17:53:30.372+0000] {logging_mixin.py:188} INFO - [2024-08-13T17:53:30.371+0000] {dagbag.py:545} INFO - Filling up the DagBag from /home/airflow/.local/lib/python3.12/site-packages/airflow/example_dags/example_task_group.py
[2024-08-13T17:53:30.378+0000] {processor.py:840} INFO - DAG(s) 'example_task_group' retrieved from /home/airflow/.local/lib/python3.12/site-packages/airflow/example_dags/example_task_group.py
[2024-08-13T17:53:30.397+0000] {logging_mixin.py:188} INFO - [2024-08-13T17:53:30.396+0000] {dag.py:3089} INFO - Sync 1 DAGs
[2024-08-13T17:53:30.417+0000] {logging_mixin.py:188} INFO - [2024-08-13T17:53:30.417+0000] {dag.py:3947} INFO - Setting next_dagrun for example_task_group to 2024-08-12 00:00:00+00:00, run_after=2024-08-13 00:00:00+00:00
[2024-08-13T17:53:30.435+0000] {processor.py:183} INFO - Processing /home/airflow/.local/lib/python3.12/site-packages/airflow/example_dags/example_task_group.py took 0.070 seconds
[2024-08-13T17:54:00.756+0000] {processor.py:161} INFO - Started process (PID=2800) to work on /home/airflow/.local/lib/python3.12/site-packages/airflow/example_dags/example_task_group.py
[2024-08-13T17:54:00.757+0000] {processor.py:830} INFO - Processing file /home/airflow/.local/lib/python3.12/site-packages/airflow/example_dags/example_task_group.py for tasks to queue
[2024-08-13T17:54:00.758+0000] {logging_mixin.py:188} INFO - [2024-08-13T17:54:00.758+0000] {dagbag.py:545} INFO - Filling up the DagBag from /home/airflow/.local/lib/python3.12/site-packages/airflow/example_dags/example_task_group.py
[2024-08-13T17:54:00.764+0000] {processor.py:840} INFO - DAG(s) 'example_task_group' retrieved from /home/airflow/.local/lib/python3.12/site-packages/airflow/example_dags/example_task_group.py
[2024-08-13T17:54:00.783+0000] {logging_mixin.py:188} INFO - [2024-08-13T17:54:00.783+0000] {dag.py:3089} INFO - Sync 1 DAGs
[2024-08-13T17:54:00.803+0000] {logging_mixin.py:188} INFO - [2024-08-13T17:54:00.802+0000] {dag.py:3947} INFO - Setting next_dagrun for example_task_group to 2024-08-12 00:00:00+00:00, run_after=2024-08-13 00:00:00+00:00
[2024-08-13T17:54:00.820+0000] {processor.py:183} INFO - Processing /home/airflow/.local/lib/python3.12/site-packages/airflow/example_dags/example_task_group.py took 0.069 seconds
