[2024-08-13T17:30:09.857+0000] {processor.py:161} INFO - Started process (PID=72) to work on /home/airflow/.local/lib/python3.12/site-packages/airflow/example_dags/example_python_operator.py
[2024-08-13T17:30:09.858+0000] {processor.py:830} INFO - Processing file /home/airflow/.local/lib/python3.12/site-packages/airflow/example_dags/example_python_operator.py for tasks to queue
[2024-08-13T17:30:09.859+0000] {logging_mixin.py:188} INFO - [2024-08-13T17:30:09.859+0000] {dagbag.py:545} INFO - Filling up the DagBag from /home/airflow/.local/lib/python3.12/site-packages/airflow/example_dags/example_python_operator.py
[2024-08-13T17:30:09.868+0000] {processor.py:840} INFO - DAG(s) 'example_python_operator' retrieved from /home/airflow/.local/lib/python3.12/site-packages/airflow/example_dags/example_python_operator.py
[2024-08-13T17:30:09.968+0000] {logging_mixin.py:188} INFO - [2024-08-13T17:30:09.968+0000] {dag.py:3089} INFO - Sync 1 DAGs
[2024-08-13T17:30:09.978+0000] {logging_mixin.py:188} INFO - [2024-08-13T17:30:09.978+0000] {dag.py:3947} INFO - Setting next_dagrun for example_python_operator to None, run_after=None
[2024-08-13T17:30:10.000+0000] {processor.py:183} INFO - Processing /home/airflow/.local/lib/python3.12/site-packages/airflow/example_dags/example_python_operator.py took 0.147 seconds
[2024-08-13T17:30:40.079+0000] {processor.py:161} INFO - Started process (PID=131) to work on /home/airflow/.local/lib/python3.12/site-packages/airflow/example_dags/example_python_operator.py
[2024-08-13T17:30:40.080+0000] {processor.py:830} INFO - Processing file /home/airflow/.local/lib/python3.12/site-packages/airflow/example_dags/example_python_operator.py for tasks to queue
[2024-08-13T17:30:40.081+0000] {logging_mixin.py:188} INFO - [2024-08-13T17:30:40.081+0000] {dagbag.py:545} INFO - Filling up the DagBag from /home/airflow/.local/lib/python3.12/site-packages/airflow/example_dags/example_python_operator.py
[2024-08-13T17:30:40.090+0000] {processor.py:840} INFO - DAG(s) 'example_python_operator' retrieved from /home/airflow/.local/lib/python3.12/site-packages/airflow/example_dags/example_python_operator.py
[2024-08-13T17:30:40.110+0000] {logging_mixin.py:188} INFO - [2024-08-13T17:30:40.110+0000] {dag.py:3089} INFO - Sync 1 DAGs
[2024-08-13T17:30:40.120+0000] {logging_mixin.py:188} INFO - [2024-08-13T17:30:40.120+0000] {dag.py:3947} INFO - Setting next_dagrun for example_python_operator to None, run_after=None
[2024-08-13T17:30:40.138+0000] {processor.py:183} INFO - Processing /home/airflow/.local/lib/python3.12/site-packages/airflow/example_dags/example_python_operator.py took 0.063 seconds
[2024-08-13T17:31:10.244+0000] {processor.py:161} INFO - Started process (PID=188) to work on /home/airflow/.local/lib/python3.12/site-packages/airflow/example_dags/example_python_operator.py
[2024-08-13T17:31:10.245+0000] {processor.py:830} INFO - Processing file /home/airflow/.local/lib/python3.12/site-packages/airflow/example_dags/example_python_operator.py for tasks to queue
[2024-08-13T17:31:10.246+0000] {logging_mixin.py:188} INFO - [2024-08-13T17:31:10.246+0000] {dagbag.py:545} INFO - Filling up the DagBag from /home/airflow/.local/lib/python3.12/site-packages/airflow/example_dags/example_python_operator.py
[2024-08-13T17:31:10.256+0000] {processor.py:840} INFO - DAG(s) 'example_python_operator' retrieved from /home/airflow/.local/lib/python3.12/site-packages/airflow/example_dags/example_python_operator.py
[2024-08-13T17:31:10.280+0000] {logging_mixin.py:188} INFO - [2024-08-13T17:31:10.280+0000] {dag.py:3089} INFO - Sync 1 DAGs
[2024-08-13T17:31:10.292+0000] {logging_mixin.py:188} INFO - [2024-08-13T17:31:10.291+0000] {dag.py:3947} INFO - Setting next_dagrun for example_python_operator to None, run_after=None
[2024-08-13T17:31:10.308+0000] {processor.py:183} INFO - Processing /home/airflow/.local/lib/python3.12/site-packages/airflow/example_dags/example_python_operator.py took 0.070 seconds
[2024-08-13T17:31:40.508+0000] {processor.py:161} INFO - Started process (PID=246) to work on /home/airflow/.local/lib/python3.12/site-packages/airflow/example_dags/example_python_operator.py
[2024-08-13T17:31:40.509+0000] {processor.py:830} INFO - Processing file /home/airflow/.local/lib/python3.12/site-packages/airflow/example_dags/example_python_operator.py for tasks to queue
[2024-08-13T17:31:40.510+0000] {logging_mixin.py:188} INFO - [2024-08-13T17:31:40.510+0000] {dagbag.py:545} INFO - Filling up the DagBag from /home/airflow/.local/lib/python3.12/site-packages/airflow/example_dags/example_python_operator.py
[2024-08-13T17:31:40.519+0000] {processor.py:840} INFO - DAG(s) 'example_python_operator' retrieved from /home/airflow/.local/lib/python3.12/site-packages/airflow/example_dags/example_python_operator.py
[2024-08-13T17:31:40.539+0000] {logging_mixin.py:188} INFO - [2024-08-13T17:31:40.539+0000] {dag.py:3089} INFO - Sync 1 DAGs
[2024-08-13T17:31:40.550+0000] {logging_mixin.py:188} INFO - [2024-08-13T17:31:40.550+0000] {dag.py:3947} INFO - Setting next_dagrun for example_python_operator to None, run_after=None
[2024-08-13T17:31:40.568+0000] {processor.py:183} INFO - Processing /home/airflow/.local/lib/python3.12/site-packages/airflow/example_dags/example_python_operator.py took 0.065 seconds
[2024-08-13T17:32:10.603+0000] {processor.py:161} INFO - Started process (PID=304) to work on /home/airflow/.local/lib/python3.12/site-packages/airflow/example_dags/example_python_operator.py
[2024-08-13T17:32:10.603+0000] {processor.py:830} INFO - Processing file /home/airflow/.local/lib/python3.12/site-packages/airflow/example_dags/example_python_operator.py for tasks to queue
[2024-08-13T17:32:10.605+0000] {logging_mixin.py:188} INFO - [2024-08-13T17:32:10.604+0000] {dagbag.py:545} INFO - Filling up the DagBag from /home/airflow/.local/lib/python3.12/site-packages/airflow/example_dags/example_python_operator.py
[2024-08-13T17:32:10.613+0000] {processor.py:840} INFO - DAG(s) 'example_python_operator' retrieved from /home/airflow/.local/lib/python3.12/site-packages/airflow/example_dags/example_python_operator.py
[2024-08-13T17:32:10.633+0000] {logging_mixin.py:188} INFO - [2024-08-13T17:32:10.633+0000] {dag.py:3089} INFO - Sync 1 DAGs
[2024-08-13T17:32:10.645+0000] {logging_mixin.py:188} INFO - [2024-08-13T17:32:10.645+0000] {dag.py:3947} INFO - Setting next_dagrun for example_python_operator to None, run_after=None
[2024-08-13T17:32:10.663+0000] {processor.py:183} INFO - Processing /home/airflow/.local/lib/python3.12/site-packages/airflow/example_dags/example_python_operator.py took 0.065 seconds
[2024-08-13T17:32:40.989+0000] {processor.py:161} INFO - Started process (PID=362) to work on /home/airflow/.local/lib/python3.12/site-packages/airflow/example_dags/example_python_operator.py
[2024-08-13T17:32:40.990+0000] {processor.py:830} INFO - Processing file /home/airflow/.local/lib/python3.12/site-packages/airflow/example_dags/example_python_operator.py for tasks to queue
[2024-08-13T17:32:40.991+0000] {logging_mixin.py:188} INFO - [2024-08-13T17:32:40.991+0000] {dagbag.py:545} INFO - Filling up the DagBag from /home/airflow/.local/lib/python3.12/site-packages/airflow/example_dags/example_python_operator.py
[2024-08-13T17:32:41.000+0000] {processor.py:840} INFO - DAG(s) 'example_python_operator' retrieved from /home/airflow/.local/lib/python3.12/site-packages/airflow/example_dags/example_python_operator.py
[2024-08-13T17:32:41.020+0000] {logging_mixin.py:188} INFO - [2024-08-13T17:32:41.020+0000] {dag.py:3089} INFO - Sync 1 DAGs
[2024-08-13T17:32:41.031+0000] {logging_mixin.py:188} INFO - [2024-08-13T17:32:41.031+0000] {dag.py:3947} INFO - Setting next_dagrun for example_python_operator to None, run_after=None
[2024-08-13T17:32:41.048+0000] {processor.py:183} INFO - Processing /home/airflow/.local/lib/python3.12/site-packages/airflow/example_dags/example_python_operator.py took 0.063 seconds
[2024-08-13T17:33:11.611+0000] {processor.py:161} INFO - Started process (PID=420) to work on /home/airflow/.local/lib/python3.12/site-packages/airflow/example_dags/example_python_operator.py
[2024-08-13T17:33:11.611+0000] {processor.py:830} INFO - Processing file /home/airflow/.local/lib/python3.12/site-packages/airflow/example_dags/example_python_operator.py for tasks to queue
[2024-08-13T17:33:11.613+0000] {logging_mixin.py:188} INFO - [2024-08-13T17:33:11.613+0000] {dagbag.py:545} INFO - Filling up the DagBag from /home/airflow/.local/lib/python3.12/site-packages/airflow/example_dags/example_python_operator.py
[2024-08-13T17:33:11.621+0000] {processor.py:840} INFO - DAG(s) 'example_python_operator' retrieved from /home/airflow/.local/lib/python3.12/site-packages/airflow/example_dags/example_python_operator.py
[2024-08-13T17:33:11.642+0000] {logging_mixin.py:188} INFO - [2024-08-13T17:33:11.642+0000] {dag.py:3089} INFO - Sync 1 DAGs
[2024-08-13T17:33:11.653+0000] {logging_mixin.py:188} INFO - [2024-08-13T17:33:11.653+0000] {dag.py:3947} INFO - Setting next_dagrun for example_python_operator to None, run_after=None
[2024-08-13T17:33:11.670+0000] {processor.py:183} INFO - Processing /home/airflow/.local/lib/python3.12/site-packages/airflow/example_dags/example_python_operator.py took 0.064 seconds
[2024-08-13T17:33:42.244+0000] {processor.py:161} INFO - Started process (PID=478) to work on /home/airflow/.local/lib/python3.12/site-packages/airflow/example_dags/example_python_operator.py
[2024-08-13T17:33:42.245+0000] {processor.py:830} INFO - Processing file /home/airflow/.local/lib/python3.12/site-packages/airflow/example_dags/example_python_operator.py for tasks to queue
[2024-08-13T17:33:42.246+0000] {logging_mixin.py:188} INFO - [2024-08-13T17:33:42.246+0000] {dagbag.py:545} INFO - Filling up the DagBag from /home/airflow/.local/lib/python3.12/site-packages/airflow/example_dags/example_python_operator.py
[2024-08-13T17:33:42.255+0000] {processor.py:840} INFO - DAG(s) 'example_python_operator' retrieved from /home/airflow/.local/lib/python3.12/site-packages/airflow/example_dags/example_python_operator.py
[2024-08-13T17:33:42.275+0000] {logging_mixin.py:188} INFO - [2024-08-13T17:33:42.275+0000] {dag.py:3089} INFO - Sync 1 DAGs
[2024-08-13T17:33:42.286+0000] {logging_mixin.py:188} INFO - [2024-08-13T17:33:42.286+0000] {dag.py:3947} INFO - Setting next_dagrun for example_python_operator to None, run_after=None
[2024-08-13T17:33:42.302+0000] {processor.py:183} INFO - Processing /home/airflow/.local/lib/python3.12/site-packages/airflow/example_dags/example_python_operator.py took 0.062 seconds
[2024-08-13T17:34:12.779+0000] {processor.py:161} INFO - Started process (PID=536) to work on /home/airflow/.local/lib/python3.12/site-packages/airflow/example_dags/example_python_operator.py
[2024-08-13T17:34:12.780+0000] {processor.py:830} INFO - Processing file /home/airflow/.local/lib/python3.12/site-packages/airflow/example_dags/example_python_operator.py for tasks to queue
[2024-08-13T17:34:12.781+0000] {logging_mixin.py:188} INFO - [2024-08-13T17:34:12.781+0000] {dagbag.py:545} INFO - Filling up the DagBag from /home/airflow/.local/lib/python3.12/site-packages/airflow/example_dags/example_python_operator.py
[2024-08-13T17:34:12.790+0000] {processor.py:840} INFO - DAG(s) 'example_python_operator' retrieved from /home/airflow/.local/lib/python3.12/site-packages/airflow/example_dags/example_python_operator.py
[2024-08-13T17:34:12.811+0000] {logging_mixin.py:188} INFO - [2024-08-13T17:34:12.811+0000] {dag.py:3089} INFO - Sync 1 DAGs
[2024-08-13T17:34:12.823+0000] {logging_mixin.py:188} INFO - [2024-08-13T17:34:12.822+0000] {dag.py:3947} INFO - Setting next_dagrun for example_python_operator to None, run_after=None
[2024-08-13T17:34:12.838+0000] {processor.py:183} INFO - Processing /home/airflow/.local/lib/python3.12/site-packages/airflow/example_dags/example_python_operator.py took 0.064 seconds
[2024-08-13T17:34:43.283+0000] {processor.py:161} INFO - Started process (PID=600) to work on /home/airflow/.local/lib/python3.12/site-packages/airflow/example_dags/example_python_operator.py
[2024-08-13T17:34:43.284+0000] {processor.py:830} INFO - Processing file /home/airflow/.local/lib/python3.12/site-packages/airflow/example_dags/example_python_operator.py for tasks to queue
[2024-08-13T17:34:43.285+0000] {logging_mixin.py:188} INFO - [2024-08-13T17:34:43.285+0000] {dagbag.py:545} INFO - Filling up the DagBag from /home/airflow/.local/lib/python3.12/site-packages/airflow/example_dags/example_python_operator.py
[2024-08-13T17:34:43.294+0000] {processor.py:840} INFO - DAG(s) 'example_python_operator' retrieved from /home/airflow/.local/lib/python3.12/site-packages/airflow/example_dags/example_python_operator.py
[2024-08-13T17:34:43.321+0000] {logging_mixin.py:188} INFO - [2024-08-13T17:34:43.321+0000] {dag.py:3089} INFO - Sync 1 DAGs
[2024-08-13T17:34:43.332+0000] {logging_mixin.py:188} INFO - [2024-08-13T17:34:43.332+0000] {dag.py:3947} INFO - Setting next_dagrun for example_python_operator to None, run_after=None
[2024-08-13T17:34:43.348+0000] {processor.py:183} INFO - Processing /home/airflow/.local/lib/python3.12/site-packages/airflow/example_dags/example_python_operator.py took 0.070 seconds
[2024-08-13T17:35:13.739+0000] {processor.py:161} INFO - Started process (PID=658) to work on /home/airflow/.local/lib/python3.12/site-packages/airflow/example_dags/example_python_operator.py
[2024-08-13T17:35:13.739+0000] {processor.py:830} INFO - Processing file /home/airflow/.local/lib/python3.12/site-packages/airflow/example_dags/example_python_operator.py for tasks to queue
[2024-08-13T17:35:13.741+0000] {logging_mixin.py:188} INFO - [2024-08-13T17:35:13.740+0000] {dagbag.py:545} INFO - Filling up the DagBag from /home/airflow/.local/lib/python3.12/site-packages/airflow/example_dags/example_python_operator.py
[2024-08-13T17:35:13.749+0000] {processor.py:840} INFO - DAG(s) 'example_python_operator' retrieved from /home/airflow/.local/lib/python3.12/site-packages/airflow/example_dags/example_python_operator.py
[2024-08-13T17:35:13.769+0000] {logging_mixin.py:188} INFO - [2024-08-13T17:35:13.768+0000] {dag.py:3089} INFO - Sync 1 DAGs
[2024-08-13T17:35:13.779+0000] {logging_mixin.py:188} INFO - [2024-08-13T17:35:13.779+0000] {dag.py:3947} INFO - Setting next_dagrun for example_python_operator to None, run_after=None
[2024-08-13T17:35:13.796+0000] {processor.py:183} INFO - Processing /home/airflow/.local/lib/python3.12/site-packages/airflow/example_dags/example_python_operator.py took 0.062 seconds
[2024-08-13T17:35:44.075+0000] {processor.py:161} INFO - Started process (PID=716) to work on /home/airflow/.local/lib/python3.12/site-packages/airflow/example_dags/example_python_operator.py
[2024-08-13T17:35:44.076+0000] {processor.py:830} INFO - Processing file /home/airflow/.local/lib/python3.12/site-packages/airflow/example_dags/example_python_operator.py for tasks to queue
[2024-08-13T17:35:44.077+0000] {logging_mixin.py:188} INFO - [2024-08-13T17:35:44.077+0000] {dagbag.py:545} INFO - Filling up the DagBag from /home/airflow/.local/lib/python3.12/site-packages/airflow/example_dags/example_python_operator.py
[2024-08-13T17:35:44.086+0000] {processor.py:840} INFO - DAG(s) 'example_python_operator' retrieved from /home/airflow/.local/lib/python3.12/site-packages/airflow/example_dags/example_python_operator.py
[2024-08-13T17:35:44.106+0000] {logging_mixin.py:188} INFO - [2024-08-13T17:35:44.106+0000] {dag.py:3089} INFO - Sync 1 DAGs
[2024-08-13T17:35:44.117+0000] {logging_mixin.py:188} INFO - [2024-08-13T17:35:44.117+0000] {dag.py:3947} INFO - Setting next_dagrun for example_python_operator to None, run_after=None
[2024-08-13T17:35:44.134+0000] {processor.py:183} INFO - Processing /home/airflow/.local/lib/python3.12/site-packages/airflow/example_dags/example_python_operator.py took 0.063 seconds
[2024-08-13T17:36:14.720+0000] {processor.py:161} INFO - Started process (PID=774) to work on /home/airflow/.local/lib/python3.12/site-packages/airflow/example_dags/example_python_operator.py
[2024-08-13T17:36:14.720+0000] {processor.py:830} INFO - Processing file /home/airflow/.local/lib/python3.12/site-packages/airflow/example_dags/example_python_operator.py for tasks to queue
[2024-08-13T17:36:14.722+0000] {logging_mixin.py:188} INFO - [2024-08-13T17:36:14.722+0000] {dagbag.py:545} INFO - Filling up the DagBag from /home/airflow/.local/lib/python3.12/site-packages/airflow/example_dags/example_python_operator.py
[2024-08-13T17:36:14.730+0000] {processor.py:840} INFO - DAG(s) 'example_python_operator' retrieved from /home/airflow/.local/lib/python3.12/site-packages/airflow/example_dags/example_python_operator.py
[2024-08-13T17:36:14.751+0000] {logging_mixin.py:188} INFO - [2024-08-13T17:36:14.751+0000] {dag.py:3089} INFO - Sync 1 DAGs
[2024-08-13T17:36:14.762+0000] {logging_mixin.py:188} INFO - [2024-08-13T17:36:14.762+0000] {dag.py:3947} INFO - Setting next_dagrun for example_python_operator to None, run_after=None
[2024-08-13T17:36:14.781+0000] {processor.py:183} INFO - Processing /home/airflow/.local/lib/python3.12/site-packages/airflow/example_dags/example_python_operator.py took 0.066 seconds
[2024-08-13T17:36:45.196+0000] {processor.py:161} INFO - Started process (PID=832) to work on /home/airflow/.local/lib/python3.12/site-packages/airflow/example_dags/example_python_operator.py
[2024-08-13T17:36:45.196+0000] {processor.py:830} INFO - Processing file /home/airflow/.local/lib/python3.12/site-packages/airflow/example_dags/example_python_operator.py for tasks to queue
[2024-08-13T17:36:45.198+0000] {logging_mixin.py:188} INFO - [2024-08-13T17:36:45.198+0000] {dagbag.py:545} INFO - Filling up the DagBag from /home/airflow/.local/lib/python3.12/site-packages/airflow/example_dags/example_python_operator.py
[2024-08-13T17:36:45.206+0000] {processor.py:840} INFO - DAG(s) 'example_python_operator' retrieved from /home/airflow/.local/lib/python3.12/site-packages/airflow/example_dags/example_python_operator.py
[2024-08-13T17:36:45.227+0000] {logging_mixin.py:188} INFO - [2024-08-13T17:36:45.227+0000] {dag.py:3089} INFO - Sync 1 DAGs
[2024-08-13T17:36:45.238+0000] {logging_mixin.py:188} INFO - [2024-08-13T17:36:45.238+0000] {dag.py:3947} INFO - Setting next_dagrun for example_python_operator to None, run_after=None
[2024-08-13T17:36:45.255+0000] {processor.py:183} INFO - Processing /home/airflow/.local/lib/python3.12/site-packages/airflow/example_dags/example_python_operator.py took 0.064 seconds
[2024-08-13T17:37:15.646+0000] {processor.py:161} INFO - Started process (PID=890) to work on /home/airflow/.local/lib/python3.12/site-packages/airflow/example_dags/example_python_operator.py
[2024-08-13T17:37:15.647+0000] {processor.py:830} INFO - Processing file /home/airflow/.local/lib/python3.12/site-packages/airflow/example_dags/example_python_operator.py for tasks to queue
[2024-08-13T17:37:15.648+0000] {logging_mixin.py:188} INFO - [2024-08-13T17:37:15.648+0000] {dagbag.py:545} INFO - Filling up the DagBag from /home/airflow/.local/lib/python3.12/site-packages/airflow/example_dags/example_python_operator.py
[2024-08-13T17:37:15.656+0000] {processor.py:840} INFO - DAG(s) 'example_python_operator' retrieved from /home/airflow/.local/lib/python3.12/site-packages/airflow/example_dags/example_python_operator.py
[2024-08-13T17:37:15.676+0000] {logging_mixin.py:188} INFO - [2024-08-13T17:37:15.676+0000] {dag.py:3089} INFO - Sync 1 DAGs
[2024-08-13T17:37:15.687+0000] {logging_mixin.py:188} INFO - [2024-08-13T17:37:15.687+0000] {dag.py:3947} INFO - Setting next_dagrun for example_python_operator to None, run_after=None
[2024-08-13T17:37:15.704+0000] {processor.py:183} INFO - Processing /home/airflow/.local/lib/python3.12/site-packages/airflow/example_dags/example_python_operator.py took 0.062 seconds
[2024-08-13T17:37:46.339+0000] {processor.py:161} INFO - Started process (PID=948) to work on /home/airflow/.local/lib/python3.12/site-packages/airflow/example_dags/example_python_operator.py
[2024-08-13T17:37:46.339+0000] {processor.py:830} INFO - Processing file /home/airflow/.local/lib/python3.12/site-packages/airflow/example_dags/example_python_operator.py for tasks to queue
[2024-08-13T17:37:46.341+0000] {logging_mixin.py:188} INFO - [2024-08-13T17:37:46.341+0000] {dagbag.py:545} INFO - Filling up the DagBag from /home/airflow/.local/lib/python3.12/site-packages/airflow/example_dags/example_python_operator.py
[2024-08-13T17:37:46.349+0000] {processor.py:840} INFO - DAG(s) 'example_python_operator' retrieved from /home/airflow/.local/lib/python3.12/site-packages/airflow/example_dags/example_python_operator.py
[2024-08-13T17:37:46.370+0000] {logging_mixin.py:188} INFO - [2024-08-13T17:37:46.370+0000] {dag.py:3089} INFO - Sync 1 DAGs
[2024-08-13T17:37:46.381+0000] {logging_mixin.py:188} INFO - [2024-08-13T17:37:46.381+0000] {dag.py:3947} INFO - Setting next_dagrun for example_python_operator to None, run_after=None
[2024-08-13T17:37:46.398+0000] {processor.py:183} INFO - Processing /home/airflow/.local/lib/python3.12/site-packages/airflow/example_dags/example_python_operator.py took 0.064 seconds
[2024-08-13T17:38:16.954+0000] {processor.py:161} INFO - Started process (PID=1006) to work on /home/airflow/.local/lib/python3.12/site-packages/airflow/example_dags/example_python_operator.py
[2024-08-13T17:38:16.955+0000] {processor.py:830} INFO - Processing file /home/airflow/.local/lib/python3.12/site-packages/airflow/example_dags/example_python_operator.py for tasks to queue
[2024-08-13T17:38:16.956+0000] {logging_mixin.py:188} INFO - [2024-08-13T17:38:16.956+0000] {dagbag.py:545} INFO - Filling up the DagBag from /home/airflow/.local/lib/python3.12/site-packages/airflow/example_dags/example_python_operator.py
[2024-08-13T17:38:16.965+0000] {processor.py:840} INFO - DAG(s) 'example_python_operator' retrieved from /home/airflow/.local/lib/python3.12/site-packages/airflow/example_dags/example_python_operator.py
[2024-08-13T17:38:16.986+0000] {logging_mixin.py:188} INFO - [2024-08-13T17:38:16.985+0000] {dag.py:3089} INFO - Sync 1 DAGs
[2024-08-13T17:38:16.996+0000] {logging_mixin.py:188} INFO - [2024-08-13T17:38:16.996+0000] {dag.py:3947} INFO - Setting next_dagrun for example_python_operator to None, run_after=None
[2024-08-13T17:38:17.013+0000] {processor.py:183} INFO - Processing /home/airflow/.local/lib/python3.12/site-packages/airflow/example_dags/example_python_operator.py took 0.064 seconds
[2024-08-13T17:38:47.181+0000] {processor.py:161} INFO - Started process (PID=1064) to work on /home/airflow/.local/lib/python3.12/site-packages/airflow/example_dags/example_python_operator.py
[2024-08-13T17:38:47.182+0000] {processor.py:830} INFO - Processing file /home/airflow/.local/lib/python3.12/site-packages/airflow/example_dags/example_python_operator.py for tasks to queue
[2024-08-13T17:38:47.183+0000] {logging_mixin.py:188} INFO - [2024-08-13T17:38:47.183+0000] {dagbag.py:545} INFO - Filling up the DagBag from /home/airflow/.local/lib/python3.12/site-packages/airflow/example_dags/example_python_operator.py
[2024-08-13T17:38:47.192+0000] {processor.py:840} INFO - DAG(s) 'example_python_operator' retrieved from /home/airflow/.local/lib/python3.12/site-packages/airflow/example_dags/example_python_operator.py
[2024-08-13T17:38:47.213+0000] {logging_mixin.py:188} INFO - [2024-08-13T17:38:47.212+0000] {dag.py:3089} INFO - Sync 1 DAGs
[2024-08-13T17:38:47.224+0000] {logging_mixin.py:188} INFO - [2024-08-13T17:38:47.224+0000] {dag.py:3947} INFO - Setting next_dagrun for example_python_operator to None, run_after=None
[2024-08-13T17:38:47.243+0000] {processor.py:183} INFO - Processing /home/airflow/.local/lib/python3.12/site-packages/airflow/example_dags/example_python_operator.py took 0.067 seconds
[2024-08-13T17:39:17.510+0000] {processor.py:161} INFO - Started process (PID=1122) to work on /home/airflow/.local/lib/python3.12/site-packages/airflow/example_dags/example_python_operator.py
[2024-08-13T17:39:17.511+0000] {processor.py:830} INFO - Processing file /home/airflow/.local/lib/python3.12/site-packages/airflow/example_dags/example_python_operator.py for tasks to queue
[2024-08-13T17:39:17.512+0000] {logging_mixin.py:188} INFO - [2024-08-13T17:39:17.512+0000] {dagbag.py:545} INFO - Filling up the DagBag from /home/airflow/.local/lib/python3.12/site-packages/airflow/example_dags/example_python_operator.py
[2024-08-13T17:39:17.520+0000] {processor.py:840} INFO - DAG(s) 'example_python_operator' retrieved from /home/airflow/.local/lib/python3.12/site-packages/airflow/example_dags/example_python_operator.py
[2024-08-13T17:39:17.542+0000] {logging_mixin.py:188} INFO - [2024-08-13T17:39:17.542+0000] {dag.py:3089} INFO - Sync 1 DAGs
[2024-08-13T17:39:17.553+0000] {logging_mixin.py:188} INFO - [2024-08-13T17:39:17.553+0000] {dag.py:3947} INFO - Setting next_dagrun for example_python_operator to None, run_after=None
[2024-08-13T17:39:17.570+0000] {processor.py:183} INFO - Processing /home/airflow/.local/lib/python3.12/site-packages/airflow/example_dags/example_python_operator.py took 0.065 seconds
[2024-08-13T17:39:47.960+0000] {processor.py:161} INFO - Started process (PID=1180) to work on /home/airflow/.local/lib/python3.12/site-packages/airflow/example_dags/example_python_operator.py
[2024-08-13T17:39:47.961+0000] {processor.py:830} INFO - Processing file /home/airflow/.local/lib/python3.12/site-packages/airflow/example_dags/example_python_operator.py for tasks to queue
[2024-08-13T17:39:47.962+0000] {logging_mixin.py:188} INFO - [2024-08-13T17:39:47.962+0000] {dagbag.py:545} INFO - Filling up the DagBag from /home/airflow/.local/lib/python3.12/site-packages/airflow/example_dags/example_python_operator.py
[2024-08-13T17:39:47.971+0000] {processor.py:840} INFO - DAG(s) 'example_python_operator' retrieved from /home/airflow/.local/lib/python3.12/site-packages/airflow/example_dags/example_python_operator.py
[2024-08-13T17:39:47.991+0000] {logging_mixin.py:188} INFO - [2024-08-13T17:39:47.990+0000] {dag.py:3089} INFO - Sync 1 DAGs
[2024-08-13T17:39:48.001+0000] {logging_mixin.py:188} INFO - [2024-08-13T17:39:48.001+0000] {dag.py:3947} INFO - Setting next_dagrun for example_python_operator to None, run_after=None
[2024-08-13T17:39:48.018+0000] {processor.py:183} INFO - Processing /home/airflow/.local/lib/python3.12/site-packages/airflow/example_dags/example_python_operator.py took 0.063 seconds
[2024-08-13T17:40:18.465+0000] {processor.py:161} INFO - Started process (PID=1238) to work on /home/airflow/.local/lib/python3.12/site-packages/airflow/example_dags/example_python_operator.py
[2024-08-13T17:40:18.466+0000] {processor.py:830} INFO - Processing file /home/airflow/.local/lib/python3.12/site-packages/airflow/example_dags/example_python_operator.py for tasks to queue
[2024-08-13T17:40:18.468+0000] {logging_mixin.py:188} INFO - [2024-08-13T17:40:18.467+0000] {dagbag.py:545} INFO - Filling up the DagBag from /home/airflow/.local/lib/python3.12/site-packages/airflow/example_dags/example_python_operator.py
[2024-08-13T17:40:18.476+0000] {processor.py:840} INFO - DAG(s) 'example_python_operator' retrieved from /home/airflow/.local/lib/python3.12/site-packages/airflow/example_dags/example_python_operator.py
[2024-08-13T17:40:18.497+0000] {logging_mixin.py:188} INFO - [2024-08-13T17:40:18.497+0000] {dag.py:3089} INFO - Sync 1 DAGs
[2024-08-13T17:40:18.508+0000] {logging_mixin.py:188} INFO - [2024-08-13T17:40:18.507+0000] {dag.py:3947} INFO - Setting next_dagrun for example_python_operator to None, run_after=None
[2024-08-13T17:40:18.524+0000] {processor.py:183} INFO - Processing /home/airflow/.local/lib/python3.12/site-packages/airflow/example_dags/example_python_operator.py took 0.063 seconds
[2024-08-13T17:40:49.063+0000] {processor.py:161} INFO - Started process (PID=1296) to work on /home/airflow/.local/lib/python3.12/site-packages/airflow/example_dags/example_python_operator.py
[2024-08-13T17:40:49.064+0000] {processor.py:830} INFO - Processing file /home/airflow/.local/lib/python3.12/site-packages/airflow/example_dags/example_python_operator.py for tasks to queue
[2024-08-13T17:40:49.065+0000] {logging_mixin.py:188} INFO - [2024-08-13T17:40:49.065+0000] {dagbag.py:545} INFO - Filling up the DagBag from /home/airflow/.local/lib/python3.12/site-packages/airflow/example_dags/example_python_operator.py
[2024-08-13T17:40:49.073+0000] {processor.py:840} INFO - DAG(s) 'example_python_operator' retrieved from /home/airflow/.local/lib/python3.12/site-packages/airflow/example_dags/example_python_operator.py
[2024-08-13T17:40:49.094+0000] {logging_mixin.py:188} INFO - [2024-08-13T17:40:49.094+0000] {dag.py:3089} INFO - Sync 1 DAGs
[2024-08-13T17:40:49.104+0000] {logging_mixin.py:188} INFO - [2024-08-13T17:40:49.104+0000] {dag.py:3947} INFO - Setting next_dagrun for example_python_operator to None, run_after=None
[2024-08-13T17:40:49.120+0000] {processor.py:183} INFO - Processing /home/airflow/.local/lib/python3.12/site-packages/airflow/example_dags/example_python_operator.py took 0.062 seconds
[2024-08-13T17:41:19.179+0000] {processor.py:161} INFO - Started process (PID=1354) to work on /home/airflow/.local/lib/python3.12/site-packages/airflow/example_dags/example_python_operator.py
[2024-08-13T17:41:19.179+0000] {processor.py:830} INFO - Processing file /home/airflow/.local/lib/python3.12/site-packages/airflow/example_dags/example_python_operator.py for tasks to queue
[2024-08-13T17:41:19.181+0000] {logging_mixin.py:188} INFO - [2024-08-13T17:41:19.180+0000] {dagbag.py:545} INFO - Filling up the DagBag from /home/airflow/.local/lib/python3.12/site-packages/airflow/example_dags/example_python_operator.py
[2024-08-13T17:41:19.189+0000] {processor.py:840} INFO - DAG(s) 'example_python_operator' retrieved from /home/airflow/.local/lib/python3.12/site-packages/airflow/example_dags/example_python_operator.py
[2024-08-13T17:41:19.209+0000] {logging_mixin.py:188} INFO - [2024-08-13T17:41:19.209+0000] {dag.py:3089} INFO - Sync 1 DAGs
[2024-08-13T17:41:19.220+0000] {logging_mixin.py:188} INFO - [2024-08-13T17:41:19.220+0000] {dag.py:3947} INFO - Setting next_dagrun for example_python_operator to None, run_after=None
[2024-08-13T17:41:19.237+0000] {processor.py:183} INFO - Processing /home/airflow/.local/lib/python3.12/site-packages/airflow/example_dags/example_python_operator.py took 0.064 seconds
[2024-08-13T17:41:49.901+0000] {processor.py:161} INFO - Started process (PID=1412) to work on /home/airflow/.local/lib/python3.12/site-packages/airflow/example_dags/example_python_operator.py
[2024-08-13T17:41:49.902+0000] {processor.py:830} INFO - Processing file /home/airflow/.local/lib/python3.12/site-packages/airflow/example_dags/example_python_operator.py for tasks to queue
[2024-08-13T17:41:49.903+0000] {logging_mixin.py:188} INFO - [2024-08-13T17:41:49.903+0000] {dagbag.py:545} INFO - Filling up the DagBag from /home/airflow/.local/lib/python3.12/site-packages/airflow/example_dags/example_python_operator.py
[2024-08-13T17:41:49.912+0000] {processor.py:840} INFO - DAG(s) 'example_python_operator' retrieved from /home/airflow/.local/lib/python3.12/site-packages/airflow/example_dags/example_python_operator.py
[2024-08-13T17:41:49.932+0000] {logging_mixin.py:188} INFO - [2024-08-13T17:41:49.932+0000] {dag.py:3089} INFO - Sync 1 DAGs
[2024-08-13T17:41:49.944+0000] {logging_mixin.py:188} INFO - [2024-08-13T17:41:49.944+0000] {dag.py:3947} INFO - Setting next_dagrun for example_python_operator to None, run_after=None
[2024-08-13T17:41:49.961+0000] {processor.py:183} INFO - Processing /home/airflow/.local/lib/python3.12/site-packages/airflow/example_dags/example_python_operator.py took 0.065 seconds
[2024-08-13T17:42:20.563+0000] {processor.py:161} INFO - Started process (PID=1469) to work on /home/airflow/.local/lib/python3.12/site-packages/airflow/example_dags/example_python_operator.py
[2024-08-13T17:42:20.564+0000] {processor.py:830} INFO - Processing file /home/airflow/.local/lib/python3.12/site-packages/airflow/example_dags/example_python_operator.py for tasks to queue
[2024-08-13T17:42:20.565+0000] {logging_mixin.py:188} INFO - [2024-08-13T17:42:20.565+0000] {dagbag.py:545} INFO - Filling up the DagBag from /home/airflow/.local/lib/python3.12/site-packages/airflow/example_dags/example_python_operator.py
[2024-08-13T17:42:20.574+0000] {processor.py:840} INFO - DAG(s) 'example_python_operator' retrieved from /home/airflow/.local/lib/python3.12/site-packages/airflow/example_dags/example_python_operator.py
[2024-08-13T17:42:20.596+0000] {logging_mixin.py:188} INFO - [2024-08-13T17:42:20.595+0000] {dag.py:3089} INFO - Sync 1 DAGs
[2024-08-13T17:42:20.607+0000] {logging_mixin.py:188} INFO - [2024-08-13T17:42:20.606+0000] {dag.py:3947} INFO - Setting next_dagrun for example_python_operator to None, run_after=None
[2024-08-13T17:42:20.624+0000] {processor.py:183} INFO - Processing /home/airflow/.local/lib/python3.12/site-packages/airflow/example_dags/example_python_operator.py took 0.066 seconds
[2024-08-13T17:42:50.666+0000] {processor.py:161} INFO - Started process (PID=1527) to work on /home/airflow/.local/lib/python3.12/site-packages/airflow/example_dags/example_python_operator.py
[2024-08-13T17:42:50.667+0000] {processor.py:830} INFO - Processing file /home/airflow/.local/lib/python3.12/site-packages/airflow/example_dags/example_python_operator.py for tasks to queue
[2024-08-13T17:42:50.668+0000] {logging_mixin.py:188} INFO - [2024-08-13T17:42:50.668+0000] {dagbag.py:545} INFO - Filling up the DagBag from /home/airflow/.local/lib/python3.12/site-packages/airflow/example_dags/example_python_operator.py
[2024-08-13T17:42:50.677+0000] {processor.py:840} INFO - DAG(s) 'example_python_operator' retrieved from /home/airflow/.local/lib/python3.12/site-packages/airflow/example_dags/example_python_operator.py
[2024-08-13T17:42:50.699+0000] {logging_mixin.py:188} INFO - [2024-08-13T17:42:50.698+0000] {dag.py:3089} INFO - Sync 1 DAGs
[2024-08-13T17:42:50.710+0000] {logging_mixin.py:188} INFO - [2024-08-13T17:42:50.709+0000] {dag.py:3947} INFO - Setting next_dagrun for example_python_operator to None, run_after=None
[2024-08-13T17:42:50.727+0000] {processor.py:183} INFO - Processing /home/airflow/.local/lib/python3.12/site-packages/airflow/example_dags/example_python_operator.py took 0.066 seconds
[2024-08-13T17:43:20.772+0000] {processor.py:161} INFO - Started process (PID=1585) to work on /home/airflow/.local/lib/python3.12/site-packages/airflow/example_dags/example_python_operator.py
[2024-08-13T17:43:20.773+0000] {processor.py:830} INFO - Processing file /home/airflow/.local/lib/python3.12/site-packages/airflow/example_dags/example_python_operator.py for tasks to queue
[2024-08-13T17:43:20.774+0000] {logging_mixin.py:188} INFO - [2024-08-13T17:43:20.774+0000] {dagbag.py:545} INFO - Filling up the DagBag from /home/airflow/.local/lib/python3.12/site-packages/airflow/example_dags/example_python_operator.py
[2024-08-13T17:43:20.783+0000] {processor.py:840} INFO - DAG(s) 'example_python_operator' retrieved from /home/airflow/.local/lib/python3.12/site-packages/airflow/example_dags/example_python_operator.py
[2024-08-13T17:43:20.802+0000] {logging_mixin.py:188} INFO - [2024-08-13T17:43:20.802+0000] {dag.py:3089} INFO - Sync 1 DAGs
[2024-08-13T17:43:20.813+0000] {logging_mixin.py:188} INFO - [2024-08-13T17:43:20.813+0000] {dag.py:3947} INFO - Setting next_dagrun for example_python_operator to None, run_after=None
[2024-08-13T17:43:20.829+0000] {processor.py:183} INFO - Processing /home/airflow/.local/lib/python3.12/site-packages/airflow/example_dags/example_python_operator.py took 0.062 seconds
[2024-08-13T17:43:51.406+0000] {processor.py:161} INFO - Started process (PID=1643) to work on /home/airflow/.local/lib/python3.12/site-packages/airflow/example_dags/example_python_operator.py
[2024-08-13T17:43:51.407+0000] {processor.py:830} INFO - Processing file /home/airflow/.local/lib/python3.12/site-packages/airflow/example_dags/example_python_operator.py for tasks to queue
[2024-08-13T17:43:51.408+0000] {logging_mixin.py:188} INFO - [2024-08-13T17:43:51.408+0000] {dagbag.py:545} INFO - Filling up the DagBag from /home/airflow/.local/lib/python3.12/site-packages/airflow/example_dags/example_python_operator.py
[2024-08-13T17:43:51.416+0000] {processor.py:840} INFO - DAG(s) 'example_python_operator' retrieved from /home/airflow/.local/lib/python3.12/site-packages/airflow/example_dags/example_python_operator.py
[2024-08-13T17:43:51.436+0000] {logging_mixin.py:188} INFO - [2024-08-13T17:43:51.436+0000] {dag.py:3089} INFO - Sync 1 DAGs
[2024-08-13T17:43:51.447+0000] {logging_mixin.py:188} INFO - [2024-08-13T17:43:51.447+0000] {dag.py:3947} INFO - Setting next_dagrun for example_python_operator to None, run_after=None
[2024-08-13T17:43:51.463+0000] {processor.py:183} INFO - Processing /home/airflow/.local/lib/python3.12/site-packages/airflow/example_dags/example_python_operator.py took 0.062 seconds
[2024-08-13T17:44:22.134+0000] {processor.py:161} INFO - Started process (PID=1701) to work on /home/airflow/.local/lib/python3.12/site-packages/airflow/example_dags/example_python_operator.py
[2024-08-13T17:44:22.135+0000] {processor.py:830} INFO - Processing file /home/airflow/.local/lib/python3.12/site-packages/airflow/example_dags/example_python_operator.py for tasks to queue
[2024-08-13T17:44:22.136+0000] {logging_mixin.py:188} INFO - [2024-08-13T17:44:22.136+0000] {dagbag.py:545} INFO - Filling up the DagBag from /home/airflow/.local/lib/python3.12/site-packages/airflow/example_dags/example_python_operator.py
[2024-08-13T17:44:22.145+0000] {processor.py:840} INFO - DAG(s) 'example_python_operator' retrieved from /home/airflow/.local/lib/python3.12/site-packages/airflow/example_dags/example_python_operator.py
[2024-08-13T17:44:22.165+0000] {logging_mixin.py:188} INFO - [2024-08-13T17:44:22.165+0000] {dag.py:3089} INFO - Sync 1 DAGs
[2024-08-13T17:44:22.176+0000] {logging_mixin.py:188} INFO - [2024-08-13T17:44:22.176+0000] {dag.py:3947} INFO - Setting next_dagrun for example_python_operator to None, run_after=None
[2024-08-13T17:44:22.194+0000] {processor.py:183} INFO - Processing /home/airflow/.local/lib/python3.12/site-packages/airflow/example_dags/example_python_operator.py took 0.065 seconds
[2024-08-13T17:44:52.955+0000] {processor.py:161} INFO - Started process (PID=1759) to work on /home/airflow/.local/lib/python3.12/site-packages/airflow/example_dags/example_python_operator.py
[2024-08-13T17:44:52.956+0000] {processor.py:830} INFO - Processing file /home/airflow/.local/lib/python3.12/site-packages/airflow/example_dags/example_python_operator.py for tasks to queue
[2024-08-13T17:44:52.957+0000] {logging_mixin.py:188} INFO - [2024-08-13T17:44:52.957+0000] {dagbag.py:545} INFO - Filling up the DagBag from /home/airflow/.local/lib/python3.12/site-packages/airflow/example_dags/example_python_operator.py
[2024-08-13T17:44:53.076+0000] {processor.py:840} INFO - DAG(s) 'example_python_operator' retrieved from /home/airflow/.local/lib/python3.12/site-packages/airflow/example_dags/example_python_operator.py
[2024-08-13T17:44:53.093+0000] {logging_mixin.py:188} INFO - [2024-08-13T17:44:53.093+0000] {dag.py:3089} INFO - Sync 1 DAGs
[2024-08-13T17:44:53.103+0000] {logging_mixin.py:188} INFO - [2024-08-13T17:44:53.103+0000] {dag.py:3947} INFO - Setting next_dagrun for example_python_operator to None, run_after=None
[2024-08-13T17:44:53.122+0000] {processor.py:183} INFO - Processing /home/airflow/.local/lib/python3.12/site-packages/airflow/example_dags/example_python_operator.py took 0.172 seconds
[2024-08-13T17:45:23.199+0000] {processor.py:161} INFO - Started process (PID=1817) to work on /home/airflow/.local/lib/python3.12/site-packages/airflow/example_dags/example_python_operator.py
[2024-08-13T17:45:23.200+0000] {processor.py:830} INFO - Processing file /home/airflow/.local/lib/python3.12/site-packages/airflow/example_dags/example_python_operator.py for tasks to queue
[2024-08-13T17:45:23.202+0000] {logging_mixin.py:188} INFO - [2024-08-13T17:45:23.201+0000] {dagbag.py:545} INFO - Filling up the DagBag from /home/airflow/.local/lib/python3.12/site-packages/airflow/example_dags/example_python_operator.py
[2024-08-13T17:45:23.212+0000] {processor.py:840} INFO - DAG(s) 'example_python_operator' retrieved from /home/airflow/.local/lib/python3.12/site-packages/airflow/example_dags/example_python_operator.py
[2024-08-13T17:45:23.233+0000] {logging_mixin.py:188} INFO - [2024-08-13T17:45:23.233+0000] {dag.py:3089} INFO - Sync 1 DAGs
[2024-08-13T17:45:23.245+0000] {logging_mixin.py:188} INFO - [2024-08-13T17:45:23.244+0000] {dag.py:3947} INFO - Setting next_dagrun for example_python_operator to None, run_after=None
[2024-08-13T17:45:23.263+0000] {processor.py:183} INFO - Processing /home/airflow/.local/lib/python3.12/site-packages/airflow/example_dags/example_python_operator.py took 0.068 seconds
[2024-08-13T17:45:53.662+0000] {processor.py:161} INFO - Started process (PID=1875) to work on /home/airflow/.local/lib/python3.12/site-packages/airflow/example_dags/example_python_operator.py
[2024-08-13T17:45:53.663+0000] {processor.py:830} INFO - Processing file /home/airflow/.local/lib/python3.12/site-packages/airflow/example_dags/example_python_operator.py for tasks to queue
[2024-08-13T17:45:53.664+0000] {logging_mixin.py:188} INFO - [2024-08-13T17:45:53.664+0000] {dagbag.py:545} INFO - Filling up the DagBag from /home/airflow/.local/lib/python3.12/site-packages/airflow/example_dags/example_python_operator.py
[2024-08-13T17:45:53.672+0000] {processor.py:840} INFO - DAG(s) 'example_python_operator' retrieved from /home/airflow/.local/lib/python3.12/site-packages/airflow/example_dags/example_python_operator.py
[2024-08-13T17:45:53.693+0000] {logging_mixin.py:188} INFO - [2024-08-13T17:45:53.692+0000] {dag.py:3089} INFO - Sync 1 DAGs
[2024-08-13T17:45:53.704+0000] {logging_mixin.py:188} INFO - [2024-08-13T17:45:53.704+0000] {dag.py:3947} INFO - Setting next_dagrun for example_python_operator to None, run_after=None
[2024-08-13T17:45:53.722+0000] {processor.py:183} INFO - Processing /home/airflow/.local/lib/python3.12/site-packages/airflow/example_dags/example_python_operator.py took 0.065 seconds
[2024-08-13T17:46:24.106+0000] {processor.py:161} INFO - Started process (PID=1933) to work on /home/airflow/.local/lib/python3.12/site-packages/airflow/example_dags/example_python_operator.py
[2024-08-13T17:46:24.107+0000] {processor.py:830} INFO - Processing file /home/airflow/.local/lib/python3.12/site-packages/airflow/example_dags/example_python_operator.py for tasks to queue
[2024-08-13T17:46:24.108+0000] {logging_mixin.py:188} INFO - [2024-08-13T17:46:24.108+0000] {dagbag.py:545} INFO - Filling up the DagBag from /home/airflow/.local/lib/python3.12/site-packages/airflow/example_dags/example_python_operator.py
[2024-08-13T17:46:24.117+0000] {processor.py:840} INFO - DAG(s) 'example_python_operator' retrieved from /home/airflow/.local/lib/python3.12/site-packages/airflow/example_dags/example_python_operator.py
[2024-08-13T17:46:24.137+0000] {logging_mixin.py:188} INFO - [2024-08-13T17:46:24.137+0000] {dag.py:3089} INFO - Sync 1 DAGs
[2024-08-13T17:46:24.149+0000] {logging_mixin.py:188} INFO - [2024-08-13T17:46:24.149+0000] {dag.py:3947} INFO - Setting next_dagrun for example_python_operator to None, run_after=None
[2024-08-13T17:46:24.166+0000] {processor.py:183} INFO - Processing /home/airflow/.local/lib/python3.12/site-packages/airflow/example_dags/example_python_operator.py took 0.065 seconds
[2024-08-13T17:46:54.625+0000] {processor.py:161} INFO - Started process (PID=1991) to work on /home/airflow/.local/lib/python3.12/site-packages/airflow/example_dags/example_python_operator.py
[2024-08-13T17:46:54.626+0000] {processor.py:830} INFO - Processing file /home/airflow/.local/lib/python3.12/site-packages/airflow/example_dags/example_python_operator.py for tasks to queue
[2024-08-13T17:46:54.627+0000] {logging_mixin.py:188} INFO - [2024-08-13T17:46:54.627+0000] {dagbag.py:545} INFO - Filling up the DagBag from /home/airflow/.local/lib/python3.12/site-packages/airflow/example_dags/example_python_operator.py
[2024-08-13T17:46:54.635+0000] {processor.py:840} INFO - DAG(s) 'example_python_operator' retrieved from /home/airflow/.local/lib/python3.12/site-packages/airflow/example_dags/example_python_operator.py
[2024-08-13T17:46:54.656+0000] {logging_mixin.py:188} INFO - [2024-08-13T17:46:54.656+0000] {dag.py:3089} INFO - Sync 1 DAGs
[2024-08-13T17:46:54.668+0000] {logging_mixin.py:188} INFO - [2024-08-13T17:46:54.667+0000] {dag.py:3947} INFO - Setting next_dagrun for example_python_operator to None, run_after=None
[2024-08-13T17:46:54.686+0000] {processor.py:183} INFO - Processing /home/airflow/.local/lib/python3.12/site-packages/airflow/example_dags/example_python_operator.py took 0.066 seconds
[2024-08-13T17:47:25.171+0000] {processor.py:161} INFO - Started process (PID=2049) to work on /home/airflow/.local/lib/python3.12/site-packages/airflow/example_dags/example_python_operator.py
[2024-08-13T17:47:25.172+0000] {processor.py:830} INFO - Processing file /home/airflow/.local/lib/python3.12/site-packages/airflow/example_dags/example_python_operator.py for tasks to queue
[2024-08-13T17:47:25.173+0000] {logging_mixin.py:188} INFO - [2024-08-13T17:47:25.173+0000] {dagbag.py:545} INFO - Filling up the DagBag from /home/airflow/.local/lib/python3.12/site-packages/airflow/example_dags/example_python_operator.py
[2024-08-13T17:47:25.181+0000] {processor.py:840} INFO - DAG(s) 'example_python_operator' retrieved from /home/airflow/.local/lib/python3.12/site-packages/airflow/example_dags/example_python_operator.py
[2024-08-13T17:47:25.203+0000] {logging_mixin.py:188} INFO - [2024-08-13T17:47:25.203+0000] {dag.py:3089} INFO - Sync 1 DAGs
[2024-08-13T17:47:25.214+0000] {logging_mixin.py:188} INFO - [2024-08-13T17:47:25.214+0000] {dag.py:3947} INFO - Setting next_dagrun for example_python_operator to None, run_after=None
[2024-08-13T17:47:25.232+0000] {processor.py:183} INFO - Processing /home/airflow/.local/lib/python3.12/site-packages/airflow/example_dags/example_python_operator.py took 0.066 seconds
[2024-08-13T17:47:55.635+0000] {processor.py:161} INFO - Started process (PID=2107) to work on /home/airflow/.local/lib/python3.12/site-packages/airflow/example_dags/example_python_operator.py
[2024-08-13T17:47:55.636+0000] {processor.py:830} INFO - Processing file /home/airflow/.local/lib/python3.12/site-packages/airflow/example_dags/example_python_operator.py for tasks to queue
[2024-08-13T17:47:55.637+0000] {logging_mixin.py:188} INFO - [2024-08-13T17:47:55.637+0000] {dagbag.py:545} INFO - Filling up the DagBag from /home/airflow/.local/lib/python3.12/site-packages/airflow/example_dags/example_python_operator.py
[2024-08-13T17:47:55.646+0000] {processor.py:840} INFO - DAG(s) 'example_python_operator' retrieved from /home/airflow/.local/lib/python3.12/site-packages/airflow/example_dags/example_python_operator.py
[2024-08-13T17:47:55.669+0000] {logging_mixin.py:188} INFO - [2024-08-13T17:47:55.668+0000] {dag.py:3089} INFO - Sync 1 DAGs
[2024-08-13T17:47:55.683+0000] {logging_mixin.py:188} INFO - [2024-08-13T17:47:55.683+0000] {dag.py:3947} INFO - Setting next_dagrun for example_python_operator to None, run_after=None
[2024-08-13T17:47:55.702+0000] {processor.py:183} INFO - Processing /home/airflow/.local/lib/python3.12/site-packages/airflow/example_dags/example_python_operator.py took 0.072 seconds
[2024-08-13T17:48:26.124+0000] {processor.py:161} INFO - Started process (PID=2165) to work on /home/airflow/.local/lib/python3.12/site-packages/airflow/example_dags/example_python_operator.py
[2024-08-13T17:48:26.125+0000] {processor.py:830} INFO - Processing file /home/airflow/.local/lib/python3.12/site-packages/airflow/example_dags/example_python_operator.py for tasks to queue
[2024-08-13T17:48:26.126+0000] {logging_mixin.py:188} INFO - [2024-08-13T17:48:26.126+0000] {dagbag.py:545} INFO - Filling up the DagBag from /home/airflow/.local/lib/python3.12/site-packages/airflow/example_dags/example_python_operator.py
[2024-08-13T17:48:26.134+0000] {processor.py:840} INFO - DAG(s) 'example_python_operator' retrieved from /home/airflow/.local/lib/python3.12/site-packages/airflow/example_dags/example_python_operator.py
[2024-08-13T17:48:26.155+0000] {logging_mixin.py:188} INFO - [2024-08-13T17:48:26.155+0000] {dag.py:3089} INFO - Sync 1 DAGs
[2024-08-13T17:48:26.166+0000] {logging_mixin.py:188} INFO - [2024-08-13T17:48:26.166+0000] {dag.py:3947} INFO - Setting next_dagrun for example_python_operator to None, run_after=None
[2024-08-13T17:48:26.184+0000] {processor.py:183} INFO - Processing /home/airflow/.local/lib/python3.12/site-packages/airflow/example_dags/example_python_operator.py took 0.065 seconds
[2024-08-13T17:48:56.731+0000] {processor.py:161} INFO - Started process (PID=2223) to work on /home/airflow/.local/lib/python3.12/site-packages/airflow/example_dags/example_python_operator.py
[2024-08-13T17:48:56.731+0000] {processor.py:830} INFO - Processing file /home/airflow/.local/lib/python3.12/site-packages/airflow/example_dags/example_python_operator.py for tasks to queue
[2024-08-13T17:48:56.733+0000] {logging_mixin.py:188} INFO - [2024-08-13T17:48:56.733+0000] {dagbag.py:545} INFO - Filling up the DagBag from /home/airflow/.local/lib/python3.12/site-packages/airflow/example_dags/example_python_operator.py
[2024-08-13T17:48:56.741+0000] {processor.py:840} INFO - DAG(s) 'example_python_operator' retrieved from /home/airflow/.local/lib/python3.12/site-packages/airflow/example_dags/example_python_operator.py
[2024-08-13T17:48:56.762+0000] {logging_mixin.py:188} INFO - [2024-08-13T17:48:56.762+0000] {dag.py:3089} INFO - Sync 1 DAGs
[2024-08-13T17:48:56.773+0000] {logging_mixin.py:188} INFO - [2024-08-13T17:48:56.773+0000] {dag.py:3947} INFO - Setting next_dagrun for example_python_operator to None, run_after=None
[2024-08-13T17:48:56.791+0000] {processor.py:183} INFO - Processing /home/airflow/.local/lib/python3.12/site-packages/airflow/example_dags/example_python_operator.py took 0.065 seconds
[2024-08-13T17:49:27.206+0000] {processor.py:161} INFO - Started process (PID=2281) to work on /home/airflow/.local/lib/python3.12/site-packages/airflow/example_dags/example_python_operator.py
[2024-08-13T17:49:27.207+0000] {processor.py:830} INFO - Processing file /home/airflow/.local/lib/python3.12/site-packages/airflow/example_dags/example_python_operator.py for tasks to queue
[2024-08-13T17:49:27.208+0000] {logging_mixin.py:188} INFO - [2024-08-13T17:49:27.208+0000] {dagbag.py:545} INFO - Filling up the DagBag from /home/airflow/.local/lib/python3.12/site-packages/airflow/example_dags/example_python_operator.py
[2024-08-13T17:49:27.217+0000] {processor.py:840} INFO - DAG(s) 'example_python_operator' retrieved from /home/airflow/.local/lib/python3.12/site-packages/airflow/example_dags/example_python_operator.py
[2024-08-13T17:49:27.238+0000] {logging_mixin.py:188} INFO - [2024-08-13T17:49:27.238+0000] {dag.py:3089} INFO - Sync 1 DAGs
[2024-08-13T17:49:27.249+0000] {logging_mixin.py:188} INFO - [2024-08-13T17:49:27.249+0000] {dag.py:3947} INFO - Setting next_dagrun for example_python_operator to None, run_after=None
[2024-08-13T17:49:27.266+0000] {processor.py:183} INFO - Processing /home/airflow/.local/lib/python3.12/site-packages/airflow/example_dags/example_python_operator.py took 0.064 seconds
[2024-08-13T17:49:57.615+0000] {processor.py:161} INFO - Started process (PID=2339) to work on /home/airflow/.local/lib/python3.12/site-packages/airflow/example_dags/example_python_operator.py
[2024-08-13T17:49:57.615+0000] {processor.py:830} INFO - Processing file /home/airflow/.local/lib/python3.12/site-packages/airflow/example_dags/example_python_operator.py for tasks to queue
[2024-08-13T17:49:57.616+0000] {logging_mixin.py:188} INFO - [2024-08-13T17:49:57.616+0000] {dagbag.py:545} INFO - Filling up the DagBag from /home/airflow/.local/lib/python3.12/site-packages/airflow/example_dags/example_python_operator.py
[2024-08-13T17:49:57.626+0000] {processor.py:840} INFO - DAG(s) 'example_python_operator' retrieved from /home/airflow/.local/lib/python3.12/site-packages/airflow/example_dags/example_python_operator.py
[2024-08-13T17:49:57.646+0000] {logging_mixin.py:188} INFO - [2024-08-13T17:49:57.646+0000] {dag.py:3089} INFO - Sync 1 DAGs
[2024-08-13T17:49:57.657+0000] {logging_mixin.py:188} INFO - [2024-08-13T17:49:57.657+0000] {dag.py:3947} INFO - Setting next_dagrun for example_python_operator to None, run_after=None
[2024-08-13T17:49:57.674+0000] {processor.py:183} INFO - Processing /home/airflow/.local/lib/python3.12/site-packages/airflow/example_dags/example_python_operator.py took 0.064 seconds
[2024-08-13T17:50:28.039+0000] {processor.py:161} INFO - Started process (PID=2398) to work on /home/airflow/.local/lib/python3.12/site-packages/airflow/example_dags/example_python_operator.py
[2024-08-13T17:50:28.040+0000] {processor.py:830} INFO - Processing file /home/airflow/.local/lib/python3.12/site-packages/airflow/example_dags/example_python_operator.py for tasks to queue
[2024-08-13T17:50:28.041+0000] {logging_mixin.py:188} INFO - [2024-08-13T17:50:28.041+0000] {dagbag.py:545} INFO - Filling up the DagBag from /home/airflow/.local/lib/python3.12/site-packages/airflow/example_dags/example_python_operator.py
[2024-08-13T17:50:28.050+0000] {processor.py:840} INFO - DAG(s) 'example_python_operator' retrieved from /home/airflow/.local/lib/python3.12/site-packages/airflow/example_dags/example_python_operator.py
[2024-08-13T17:50:28.073+0000] {logging_mixin.py:188} INFO - [2024-08-13T17:50:28.072+0000] {dag.py:3089} INFO - Sync 1 DAGs
[2024-08-13T17:50:28.084+0000] {logging_mixin.py:188} INFO - [2024-08-13T17:50:28.084+0000] {dag.py:3947} INFO - Setting next_dagrun for example_python_operator to None, run_after=None
[2024-08-13T17:50:28.102+0000] {processor.py:183} INFO - Processing /home/airflow/.local/lib/python3.12/site-packages/airflow/example_dags/example_python_operator.py took 0.068 seconds
[2024-08-13T17:50:58.458+0000] {processor.py:161} INFO - Started process (PID=2456) to work on /home/airflow/.local/lib/python3.12/site-packages/airflow/example_dags/example_python_operator.py
[2024-08-13T17:50:58.458+0000] {processor.py:830} INFO - Processing file /home/airflow/.local/lib/python3.12/site-packages/airflow/example_dags/example_python_operator.py for tasks to queue
[2024-08-13T17:50:58.460+0000] {logging_mixin.py:188} INFO - [2024-08-13T17:50:58.460+0000] {dagbag.py:545} INFO - Filling up the DagBag from /home/airflow/.local/lib/python3.12/site-packages/airflow/example_dags/example_python_operator.py
[2024-08-13T17:50:58.468+0000] {processor.py:840} INFO - DAG(s) 'example_python_operator' retrieved from /home/airflow/.local/lib/python3.12/site-packages/airflow/example_dags/example_python_operator.py
[2024-08-13T17:50:58.490+0000] {logging_mixin.py:188} INFO - [2024-08-13T17:50:58.489+0000] {dag.py:3089} INFO - Sync 1 DAGs
[2024-08-13T17:50:58.502+0000] {logging_mixin.py:188} INFO - [2024-08-13T17:50:58.501+0000] {dag.py:3947} INFO - Setting next_dagrun for example_python_operator to None, run_after=None
[2024-08-13T17:50:58.518+0000] {processor.py:183} INFO - Processing /home/airflow/.local/lib/python3.12/site-packages/airflow/example_dags/example_python_operator.py took 0.065 seconds
[2024-08-13T17:51:28.968+0000] {processor.py:161} INFO - Started process (PID=2514) to work on /home/airflow/.local/lib/python3.12/site-packages/airflow/example_dags/example_python_operator.py
[2024-08-13T17:51:28.968+0000] {processor.py:830} INFO - Processing file /home/airflow/.local/lib/python3.12/site-packages/airflow/example_dags/example_python_operator.py for tasks to queue
[2024-08-13T17:51:28.970+0000] {logging_mixin.py:188} INFO - [2024-08-13T17:51:28.969+0000] {dagbag.py:545} INFO - Filling up the DagBag from /home/airflow/.local/lib/python3.12/site-packages/airflow/example_dags/example_python_operator.py
[2024-08-13T17:51:28.978+0000] {processor.py:840} INFO - DAG(s) 'example_python_operator' retrieved from /home/airflow/.local/lib/python3.12/site-packages/airflow/example_dags/example_python_operator.py
[2024-08-13T17:51:29.001+0000] {logging_mixin.py:188} INFO - [2024-08-13T17:51:29.000+0000] {dag.py:3089} INFO - Sync 1 DAGs
[2024-08-13T17:51:29.013+0000] {logging_mixin.py:188} INFO - [2024-08-13T17:51:29.013+0000] {dag.py:3947} INFO - Setting next_dagrun for example_python_operator to None, run_after=None
[2024-08-13T17:51:29.031+0000] {processor.py:183} INFO - Processing /home/airflow/.local/lib/python3.12/site-packages/airflow/example_dags/example_python_operator.py took 0.068 seconds
[2024-08-13T17:51:59.280+0000] {processor.py:161} INFO - Started process (PID=2572) to work on /home/airflow/.local/lib/python3.12/site-packages/airflow/example_dags/example_python_operator.py
[2024-08-13T17:51:59.281+0000] {processor.py:830} INFO - Processing file /home/airflow/.local/lib/python3.12/site-packages/airflow/example_dags/example_python_operator.py for tasks to queue
[2024-08-13T17:51:59.282+0000] {logging_mixin.py:188} INFO - [2024-08-13T17:51:59.282+0000] {dagbag.py:545} INFO - Filling up the DagBag from /home/airflow/.local/lib/python3.12/site-packages/airflow/example_dags/example_python_operator.py
[2024-08-13T17:51:59.291+0000] {processor.py:840} INFO - DAG(s) 'example_python_operator' retrieved from /home/airflow/.local/lib/python3.12/site-packages/airflow/example_dags/example_python_operator.py
[2024-08-13T17:51:59.311+0000] {logging_mixin.py:188} INFO - [2024-08-13T17:51:59.311+0000] {dag.py:3089} INFO - Sync 1 DAGs
[2024-08-13T17:51:59.322+0000] {logging_mixin.py:188} INFO - [2024-08-13T17:51:59.322+0000] {dag.py:3947} INFO - Setting next_dagrun for example_python_operator to None, run_after=None
[2024-08-13T17:51:59.341+0000] {processor.py:183} INFO - Processing /home/airflow/.local/lib/python3.12/site-packages/airflow/example_dags/example_python_operator.py took 0.066 seconds
[2024-08-13T17:52:29.699+0000] {processor.py:161} INFO - Started process (PID=2630) to work on /home/airflow/.local/lib/python3.12/site-packages/airflow/example_dags/example_python_operator.py
[2024-08-13T17:52:29.700+0000] {processor.py:830} INFO - Processing file /home/airflow/.local/lib/python3.12/site-packages/airflow/example_dags/example_python_operator.py for tasks to queue
[2024-08-13T17:52:29.701+0000] {logging_mixin.py:188} INFO - [2024-08-13T17:52:29.701+0000] {dagbag.py:545} INFO - Filling up the DagBag from /home/airflow/.local/lib/python3.12/site-packages/airflow/example_dags/example_python_operator.py
[2024-08-13T17:52:29.709+0000] {processor.py:840} INFO - DAG(s) 'example_python_operator' retrieved from /home/airflow/.local/lib/python3.12/site-packages/airflow/example_dags/example_python_operator.py
[2024-08-13T17:52:29.730+0000] {logging_mixin.py:188} INFO - [2024-08-13T17:52:29.729+0000] {dag.py:3089} INFO - Sync 1 DAGs
[2024-08-13T17:52:29.740+0000] {logging_mixin.py:188} INFO - [2024-08-13T17:52:29.740+0000] {dag.py:3947} INFO - Setting next_dagrun for example_python_operator to None, run_after=None
[2024-08-13T17:52:29.758+0000] {processor.py:183} INFO - Processing /home/airflow/.local/lib/python3.12/site-packages/airflow/example_dags/example_python_operator.py took 0.064 seconds
[2024-08-13T17:53:00.118+0000] {processor.py:161} INFO - Started process (PID=2687) to work on /home/airflow/.local/lib/python3.12/site-packages/airflow/example_dags/example_python_operator.py
[2024-08-13T17:53:00.119+0000] {processor.py:830} INFO - Processing file /home/airflow/.local/lib/python3.12/site-packages/airflow/example_dags/example_python_operator.py for tasks to queue
[2024-08-13T17:53:00.120+0000] {logging_mixin.py:188} INFO - [2024-08-13T17:53:00.120+0000] {dagbag.py:545} INFO - Filling up the DagBag from /home/airflow/.local/lib/python3.12/site-packages/airflow/example_dags/example_python_operator.py
[2024-08-13T17:53:00.129+0000] {processor.py:840} INFO - DAG(s) 'example_python_operator' retrieved from /home/airflow/.local/lib/python3.12/site-packages/airflow/example_dags/example_python_operator.py
[2024-08-13T17:53:00.149+0000] {logging_mixin.py:188} INFO - [2024-08-13T17:53:00.149+0000] {dag.py:3089} INFO - Sync 1 DAGs
[2024-08-13T17:53:00.160+0000] {logging_mixin.py:188} INFO - [2024-08-13T17:53:00.160+0000] {dag.py:3947} INFO - Setting next_dagrun for example_python_operator to None, run_after=None
[2024-08-13T17:53:00.176+0000] {processor.py:183} INFO - Processing /home/airflow/.local/lib/python3.12/site-packages/airflow/example_dags/example_python_operator.py took 0.063 seconds
[2024-08-13T17:53:30.485+0000] {processor.py:161} INFO - Started process (PID=2745) to work on /home/airflow/.local/lib/python3.12/site-packages/airflow/example_dags/example_python_operator.py
[2024-08-13T17:53:30.486+0000] {processor.py:830} INFO - Processing file /home/airflow/.local/lib/python3.12/site-packages/airflow/example_dags/example_python_operator.py for tasks to queue
[2024-08-13T17:53:30.487+0000] {logging_mixin.py:188} INFO - [2024-08-13T17:53:30.487+0000] {dagbag.py:545} INFO - Filling up the DagBag from /home/airflow/.local/lib/python3.12/site-packages/airflow/example_dags/example_python_operator.py
[2024-08-13T17:53:30.496+0000] {processor.py:840} INFO - DAG(s) 'example_python_operator' retrieved from /home/airflow/.local/lib/python3.12/site-packages/airflow/example_dags/example_python_operator.py
[2024-08-13T17:53:30.516+0000] {logging_mixin.py:188} INFO - [2024-08-13T17:53:30.516+0000] {dag.py:3089} INFO - Sync 1 DAGs
[2024-08-13T17:53:30.527+0000] {logging_mixin.py:188} INFO - [2024-08-13T17:53:30.527+0000] {dag.py:3947} INFO - Setting next_dagrun for example_python_operator to None, run_after=None
[2024-08-13T17:53:30.544+0000] {processor.py:183} INFO - Processing /home/airflow/.local/lib/python3.12/site-packages/airflow/example_dags/example_python_operator.py took 0.064 seconds
