[2024-08-13T17:30:10.187+0000] {processor.py:161} INFO - Started process (PID=79) to work on /home/airflow/.local/lib/python3.12/site-packages/airflow/example_dags/example_nested_branch_dag.py
[2024-08-13T17:30:10.187+0000] {processor.py:830} INFO - Processing file /home/airflow/.local/lib/python3.12/site-packages/airflow/example_dags/example_nested_branch_dag.py for tasks to queue
[2024-08-13T17:30:10.188+0000] {logging_mixin.py:188} INFO - [2024-08-13T17:30:10.188+0000] {dagbag.py:545} INFO - Filling up the DagBag from /home/airflow/.local/lib/python3.12/site-packages/airflow/example_dags/example_nested_branch_dag.py
[2024-08-13T17:30:10.196+0000] {processor.py:840} INFO - DAG(s) 'example_nested_branch_dag' retrieved from /home/airflow/.local/lib/python3.12/site-packages/airflow/example_dags/example_nested_branch_dag.py
[2024-08-13T17:30:10.218+0000] {logging_mixin.py:188} INFO - [2024-08-13T17:30:10.218+0000] {dag.py:3089} INFO - Sync 1 DAGs
[2024-08-13T17:30:10.239+0000] {logging_mixin.py:188} INFO - [2024-08-13T17:30:10.239+0000] {dag.py:3947} INFO - Setting next_dagrun for example_nested_branch_dag to 2024-08-12 00:00:00+00:00, run_after=2024-08-13 00:00:00+00:00
[2024-08-13T17:30:10.256+0000] {processor.py:183} INFO - Processing /home/airflow/.local/lib/python3.12/site-packages/airflow/example_dags/example_nested_branch_dag.py took 0.074 seconds
[2024-08-13T17:30:40.374+0000] {processor.py:161} INFO - Started process (PID=137) to work on /home/airflow/.local/lib/python3.12/site-packages/airflow/example_dags/example_nested_branch_dag.py
[2024-08-13T17:30:40.375+0000] {processor.py:830} INFO - Processing file /home/airflow/.local/lib/python3.12/site-packages/airflow/example_dags/example_nested_branch_dag.py for tasks to queue
[2024-08-13T17:30:40.376+0000] {logging_mixin.py:188} INFO - [2024-08-13T17:30:40.376+0000] {dagbag.py:545} INFO - Filling up the DagBag from /home/airflow/.local/lib/python3.12/site-packages/airflow/example_dags/example_nested_branch_dag.py
[2024-08-13T17:30:40.385+0000] {processor.py:840} INFO - DAG(s) 'example_nested_branch_dag' retrieved from /home/airflow/.local/lib/python3.12/site-packages/airflow/example_dags/example_nested_branch_dag.py
[2024-08-13T17:30:40.404+0000] {logging_mixin.py:188} INFO - [2024-08-13T17:30:40.404+0000] {dag.py:3089} INFO - Sync 1 DAGs
[2024-08-13T17:30:40.424+0000] {logging_mixin.py:188} INFO - [2024-08-13T17:30:40.424+0000] {dag.py:3947} INFO - Setting next_dagrun for example_nested_branch_dag to 2024-08-12 00:00:00+00:00, run_after=2024-08-13 00:00:00+00:00
[2024-08-13T17:30:40.442+0000] {processor.py:183} INFO - Processing /home/airflow/.local/lib/python3.12/site-packages/airflow/example_dags/example_nested_branch_dag.py took 0.072 seconds
[2024-08-13T17:31:10.544+0000] {processor.py:161} INFO - Started process (PID=195) to work on /home/airflow/.local/lib/python3.12/site-packages/airflow/example_dags/example_nested_branch_dag.py
[2024-08-13T17:31:10.545+0000] {processor.py:830} INFO - Processing file /home/airflow/.local/lib/python3.12/site-packages/airflow/example_dags/example_nested_branch_dag.py for tasks to queue
[2024-08-13T17:31:10.547+0000] {logging_mixin.py:188} INFO - [2024-08-13T17:31:10.546+0000] {dagbag.py:545} INFO - Filling up the DagBag from /home/airflow/.local/lib/python3.12/site-packages/airflow/example_dags/example_nested_branch_dag.py
[2024-08-13T17:31:10.556+0000] {processor.py:840} INFO - DAG(s) 'example_nested_branch_dag' retrieved from /home/airflow/.local/lib/python3.12/site-packages/airflow/example_dags/example_nested_branch_dag.py
[2024-08-13T17:31:10.577+0000] {logging_mixin.py:188} INFO - [2024-08-13T17:31:10.577+0000] {dag.py:3089} INFO - Sync 1 DAGs
[2024-08-13T17:31:10.603+0000] {logging_mixin.py:188} INFO - [2024-08-13T17:31:10.603+0000] {dag.py:3947} INFO - Setting next_dagrun for example_nested_branch_dag to 2024-08-12 00:00:00+00:00, run_after=2024-08-13 00:00:00+00:00
[2024-08-13T17:31:10.623+0000] {processor.py:183} INFO - Processing /home/airflow/.local/lib/python3.12/site-packages/airflow/example_dags/example_nested_branch_dag.py took 0.084 seconds
[2024-08-13T17:31:40.755+0000] {processor.py:161} INFO - Started process (PID=253) to work on /home/airflow/.local/lib/python3.12/site-packages/airflow/example_dags/example_nested_branch_dag.py
[2024-08-13T17:31:40.756+0000] {processor.py:830} INFO - Processing file /home/airflow/.local/lib/python3.12/site-packages/airflow/example_dags/example_nested_branch_dag.py for tasks to queue
[2024-08-13T17:31:40.757+0000] {logging_mixin.py:188} INFO - [2024-08-13T17:31:40.757+0000] {dagbag.py:545} INFO - Filling up the DagBag from /home/airflow/.local/lib/python3.12/site-packages/airflow/example_dags/example_nested_branch_dag.py
[2024-08-13T17:31:40.767+0000] {processor.py:840} INFO - DAG(s) 'example_nested_branch_dag' retrieved from /home/airflow/.local/lib/python3.12/site-packages/airflow/example_dags/example_nested_branch_dag.py
[2024-08-13T17:31:40.786+0000] {logging_mixin.py:188} INFO - [2024-08-13T17:31:40.785+0000] {dag.py:3089} INFO - Sync 1 DAGs
[2024-08-13T17:31:40.807+0000] {logging_mixin.py:188} INFO - [2024-08-13T17:31:40.807+0000] {dag.py:3947} INFO - Setting next_dagrun for example_nested_branch_dag to 2024-08-12 00:00:00+00:00, run_after=2024-08-13 00:00:00+00:00
[2024-08-13T17:31:40.825+0000] {processor.py:183} INFO - Processing /home/airflow/.local/lib/python3.12/site-packages/airflow/example_dags/example_nested_branch_dag.py took 0.074 seconds
[2024-08-13T17:32:10.857+0000] {processor.py:161} INFO - Started process (PID=311) to work on /home/airflow/.local/lib/python3.12/site-packages/airflow/example_dags/example_nested_branch_dag.py
[2024-08-13T17:32:10.858+0000] {processor.py:830} INFO - Processing file /home/airflow/.local/lib/python3.12/site-packages/airflow/example_dags/example_nested_branch_dag.py for tasks to queue
[2024-08-13T17:32:10.859+0000] {logging_mixin.py:188} INFO - [2024-08-13T17:32:10.859+0000] {dagbag.py:545} INFO - Filling up the DagBag from /home/airflow/.local/lib/python3.12/site-packages/airflow/example_dags/example_nested_branch_dag.py
[2024-08-13T17:32:10.867+0000] {processor.py:840} INFO - DAG(s) 'example_nested_branch_dag' retrieved from /home/airflow/.local/lib/python3.12/site-packages/airflow/example_dags/example_nested_branch_dag.py
[2024-08-13T17:32:10.887+0000] {logging_mixin.py:188} INFO - [2024-08-13T17:32:10.886+0000] {dag.py:3089} INFO - Sync 1 DAGs
[2024-08-13T17:32:10.907+0000] {logging_mixin.py:188} INFO - [2024-08-13T17:32:10.906+0000] {dag.py:3947} INFO - Setting next_dagrun for example_nested_branch_dag to 2024-08-12 00:00:00+00:00, run_after=2024-08-13 00:00:00+00:00
[2024-08-13T17:32:10.924+0000] {processor.py:183} INFO - Processing /home/airflow/.local/lib/python3.12/site-packages/airflow/example_dags/example_nested_branch_dag.py took 0.072 seconds
[2024-08-13T17:32:41.302+0000] {processor.py:161} INFO - Started process (PID=369) to work on /home/airflow/.local/lib/python3.12/site-packages/airflow/example_dags/example_nested_branch_dag.py
[2024-08-13T17:32:41.303+0000] {processor.py:830} INFO - Processing file /home/airflow/.local/lib/python3.12/site-packages/airflow/example_dags/example_nested_branch_dag.py for tasks to queue
[2024-08-13T17:32:41.304+0000] {logging_mixin.py:188} INFO - [2024-08-13T17:32:41.304+0000] {dagbag.py:545} INFO - Filling up the DagBag from /home/airflow/.local/lib/python3.12/site-packages/airflow/example_dags/example_nested_branch_dag.py
[2024-08-13T17:32:41.313+0000] {processor.py:840} INFO - DAG(s) 'example_nested_branch_dag' retrieved from /home/airflow/.local/lib/python3.12/site-packages/airflow/example_dags/example_nested_branch_dag.py
[2024-08-13T17:32:41.331+0000] {logging_mixin.py:188} INFO - [2024-08-13T17:32:41.331+0000] {dag.py:3089} INFO - Sync 1 DAGs
[2024-08-13T17:32:41.351+0000] {logging_mixin.py:188} INFO - [2024-08-13T17:32:41.350+0000] {dag.py:3947} INFO - Setting next_dagrun for example_nested_branch_dag to 2024-08-12 00:00:00+00:00, run_after=2024-08-13 00:00:00+00:00
[2024-08-13T17:32:41.368+0000] {processor.py:183} INFO - Processing /home/airflow/.local/lib/python3.12/site-packages/airflow/example_dags/example_nested_branch_dag.py took 0.070 seconds
[2024-08-13T17:33:11.924+0000] {processor.py:161} INFO - Started process (PID=427) to work on /home/airflow/.local/lib/python3.12/site-packages/airflow/example_dags/example_nested_branch_dag.py
[2024-08-13T17:33:11.925+0000] {processor.py:830} INFO - Processing file /home/airflow/.local/lib/python3.12/site-packages/airflow/example_dags/example_nested_branch_dag.py for tasks to queue
[2024-08-13T17:33:11.926+0000] {logging_mixin.py:188} INFO - [2024-08-13T17:33:11.926+0000] {dagbag.py:545} INFO - Filling up the DagBag from /home/airflow/.local/lib/python3.12/site-packages/airflow/example_dags/example_nested_branch_dag.py
[2024-08-13T17:33:11.934+0000] {processor.py:840} INFO - DAG(s) 'example_nested_branch_dag' retrieved from /home/airflow/.local/lib/python3.12/site-packages/airflow/example_dags/example_nested_branch_dag.py
[2024-08-13T17:33:11.954+0000] {logging_mixin.py:188} INFO - [2024-08-13T17:33:11.953+0000] {dag.py:3089} INFO - Sync 1 DAGs
[2024-08-13T17:33:11.973+0000] {logging_mixin.py:188} INFO - [2024-08-13T17:33:11.973+0000] {dag.py:3947} INFO - Setting next_dagrun for example_nested_branch_dag to 2024-08-12 00:00:00+00:00, run_after=2024-08-13 00:00:00+00:00
[2024-08-13T17:33:11.989+0000] {processor.py:183} INFO - Processing /home/airflow/.local/lib/python3.12/site-packages/airflow/example_dags/example_nested_branch_dag.py took 0.070 seconds
[2024-08-13T17:33:42.554+0000] {processor.py:161} INFO - Started process (PID=485) to work on /home/airflow/.local/lib/python3.12/site-packages/airflow/example_dags/example_nested_branch_dag.py
[2024-08-13T17:33:42.555+0000] {processor.py:830} INFO - Processing file /home/airflow/.local/lib/python3.12/site-packages/airflow/example_dags/example_nested_branch_dag.py for tasks to queue
[2024-08-13T17:33:42.556+0000] {logging_mixin.py:188} INFO - [2024-08-13T17:33:42.556+0000] {dagbag.py:545} INFO - Filling up the DagBag from /home/airflow/.local/lib/python3.12/site-packages/airflow/example_dags/example_nested_branch_dag.py
[2024-08-13T17:33:42.564+0000] {processor.py:840} INFO - DAG(s) 'example_nested_branch_dag' retrieved from /home/airflow/.local/lib/python3.12/site-packages/airflow/example_dags/example_nested_branch_dag.py
[2024-08-13T17:33:42.583+0000] {logging_mixin.py:188} INFO - [2024-08-13T17:33:42.583+0000] {dag.py:3089} INFO - Sync 1 DAGs
[2024-08-13T17:33:42.602+0000] {logging_mixin.py:188} INFO - [2024-08-13T17:33:42.602+0000] {dag.py:3947} INFO - Setting next_dagrun for example_nested_branch_dag to 2024-08-12 00:00:00+00:00, run_after=2024-08-13 00:00:00+00:00
[2024-08-13T17:33:42.620+0000] {processor.py:183} INFO - Processing /home/airflow/.local/lib/python3.12/site-packages/airflow/example_dags/example_nested_branch_dag.py took 0.071 seconds
[2024-08-13T17:34:13.059+0000] {processor.py:161} INFO - Started process (PID=543) to work on /home/airflow/.local/lib/python3.12/site-packages/airflow/example_dags/example_nested_branch_dag.py
[2024-08-13T17:34:13.059+0000] {processor.py:830} INFO - Processing file /home/airflow/.local/lib/python3.12/site-packages/airflow/example_dags/example_nested_branch_dag.py for tasks to queue
[2024-08-13T17:34:13.061+0000] {logging_mixin.py:188} INFO - [2024-08-13T17:34:13.061+0000] {dagbag.py:545} INFO - Filling up the DagBag from /home/airflow/.local/lib/python3.12/site-packages/airflow/example_dags/example_nested_branch_dag.py
[2024-08-13T17:34:13.070+0000] {processor.py:840} INFO - DAG(s) 'example_nested_branch_dag' retrieved from /home/airflow/.local/lib/python3.12/site-packages/airflow/example_dags/example_nested_branch_dag.py
[2024-08-13T17:34:13.090+0000] {logging_mixin.py:188} INFO - [2024-08-13T17:34:13.090+0000] {dag.py:3089} INFO - Sync 1 DAGs
[2024-08-13T17:34:13.112+0000] {logging_mixin.py:188} INFO - [2024-08-13T17:34:13.112+0000] {dag.py:3947} INFO - Setting next_dagrun for example_nested_branch_dag to 2024-08-12 00:00:00+00:00, run_after=2024-08-13 00:00:00+00:00
[2024-08-13T17:34:13.132+0000] {processor.py:183} INFO - Processing /home/airflow/.local/lib/python3.12/site-packages/airflow/example_dags/example_nested_branch_dag.py took 0.078 seconds
[2024-08-13T17:34:43.601+0000] {processor.py:161} INFO - Started process (PID=607) to work on /home/airflow/.local/lib/python3.12/site-packages/airflow/example_dags/example_nested_branch_dag.py
[2024-08-13T17:34:43.601+0000] {processor.py:830} INFO - Processing file /home/airflow/.local/lib/python3.12/site-packages/airflow/example_dags/example_nested_branch_dag.py for tasks to queue
[2024-08-13T17:34:43.603+0000] {logging_mixin.py:188} INFO - [2024-08-13T17:34:43.602+0000] {dagbag.py:545} INFO - Filling up the DagBag from /home/airflow/.local/lib/python3.12/site-packages/airflow/example_dags/example_nested_branch_dag.py
[2024-08-13T17:34:43.611+0000] {processor.py:840} INFO - DAG(s) 'example_nested_branch_dag' retrieved from /home/airflow/.local/lib/python3.12/site-packages/airflow/example_dags/example_nested_branch_dag.py
[2024-08-13T17:34:43.631+0000] {logging_mixin.py:188} INFO - [2024-08-13T17:34:43.630+0000] {dag.py:3089} INFO - Sync 1 DAGs
[2024-08-13T17:34:43.650+0000] {logging_mixin.py:188} INFO - [2024-08-13T17:34:43.650+0000] {dag.py:3947} INFO - Setting next_dagrun for example_nested_branch_dag to 2024-08-12 00:00:00+00:00, run_after=2024-08-13 00:00:00+00:00
[2024-08-13T17:34:43.667+0000] {processor.py:183} INFO - Processing /home/airflow/.local/lib/python3.12/site-packages/airflow/example_dags/example_nested_branch_dag.py took 0.071 seconds
[2024-08-13T17:35:14.014+0000] {processor.py:161} INFO - Started process (PID=665) to work on /home/airflow/.local/lib/python3.12/site-packages/airflow/example_dags/example_nested_branch_dag.py
[2024-08-13T17:35:14.015+0000] {processor.py:830} INFO - Processing file /home/airflow/.local/lib/python3.12/site-packages/airflow/example_dags/example_nested_branch_dag.py for tasks to queue
[2024-08-13T17:35:14.017+0000] {logging_mixin.py:188} INFO - [2024-08-13T17:35:14.016+0000] {dagbag.py:545} INFO - Filling up the DagBag from /home/airflow/.local/lib/python3.12/site-packages/airflow/example_dags/example_nested_branch_dag.py
[2024-08-13T17:35:14.025+0000] {processor.py:840} INFO - DAG(s) 'example_nested_branch_dag' retrieved from /home/airflow/.local/lib/python3.12/site-packages/airflow/example_dags/example_nested_branch_dag.py
[2024-08-13T17:35:14.044+0000] {logging_mixin.py:188} INFO - [2024-08-13T17:35:14.044+0000] {dag.py:3089} INFO - Sync 1 DAGs
[2024-08-13T17:35:14.064+0000] {logging_mixin.py:188} INFO - [2024-08-13T17:35:14.064+0000] {dag.py:3947} INFO - Setting next_dagrun for example_nested_branch_dag to 2024-08-12 00:00:00+00:00, run_after=2024-08-13 00:00:00+00:00
[2024-08-13T17:35:14.082+0000] {processor.py:183} INFO - Processing /home/airflow/.local/lib/python3.12/site-packages/airflow/example_dags/example_nested_branch_dag.py took 0.072 seconds
[2024-08-13T17:35:44.444+0000] {processor.py:161} INFO - Started process (PID=723) to work on /home/airflow/.local/lib/python3.12/site-packages/airflow/example_dags/example_nested_branch_dag.py
[2024-08-13T17:35:44.444+0000] {processor.py:830} INFO - Processing file /home/airflow/.local/lib/python3.12/site-packages/airflow/example_dags/example_nested_branch_dag.py for tasks to queue
[2024-08-13T17:35:44.446+0000] {logging_mixin.py:188} INFO - [2024-08-13T17:35:44.445+0000] {dagbag.py:545} INFO - Filling up the DagBag from /home/airflow/.local/lib/python3.12/site-packages/airflow/example_dags/example_nested_branch_dag.py
[2024-08-13T17:35:44.454+0000] {processor.py:840} INFO - DAG(s) 'example_nested_branch_dag' retrieved from /home/airflow/.local/lib/python3.12/site-packages/airflow/example_dags/example_nested_branch_dag.py
[2024-08-13T17:35:44.474+0000] {logging_mixin.py:188} INFO - [2024-08-13T17:35:44.474+0000] {dag.py:3089} INFO - Sync 1 DAGs
[2024-08-13T17:35:44.494+0000] {logging_mixin.py:188} INFO - [2024-08-13T17:35:44.494+0000] {dag.py:3947} INFO - Setting next_dagrun for example_nested_branch_dag to 2024-08-12 00:00:00+00:00, run_after=2024-08-13 00:00:00+00:00
[2024-08-13T17:35:44.511+0000] {processor.py:183} INFO - Processing /home/airflow/.local/lib/python3.12/site-packages/airflow/example_dags/example_nested_branch_dag.py took 0.072 seconds
[2024-08-13T17:36:15.042+0000] {processor.py:161} INFO - Started process (PID=781) to work on /home/airflow/.local/lib/python3.12/site-packages/airflow/example_dags/example_nested_branch_dag.py
[2024-08-13T17:36:15.042+0000] {processor.py:830} INFO - Processing file /home/airflow/.local/lib/python3.12/site-packages/airflow/example_dags/example_nested_branch_dag.py for tasks to queue
[2024-08-13T17:36:15.044+0000] {logging_mixin.py:188} INFO - [2024-08-13T17:36:15.044+0000] {dagbag.py:545} INFO - Filling up the DagBag from /home/airflow/.local/lib/python3.12/site-packages/airflow/example_dags/example_nested_branch_dag.py
[2024-08-13T17:36:15.052+0000] {processor.py:840} INFO - DAG(s) 'example_nested_branch_dag' retrieved from /home/airflow/.local/lib/python3.12/site-packages/airflow/example_dags/example_nested_branch_dag.py
[2024-08-13T17:36:15.072+0000] {logging_mixin.py:188} INFO - [2024-08-13T17:36:15.072+0000] {dag.py:3089} INFO - Sync 1 DAGs
[2024-08-13T17:36:15.092+0000] {logging_mixin.py:188} INFO - [2024-08-13T17:36:15.092+0000] {dag.py:3947} INFO - Setting next_dagrun for example_nested_branch_dag to 2024-08-12 00:00:00+00:00, run_after=2024-08-13 00:00:00+00:00
[2024-08-13T17:36:15.109+0000] {processor.py:183} INFO - Processing /home/airflow/.local/lib/python3.12/site-packages/airflow/example_dags/example_nested_branch_dag.py took 0.072 seconds
[2024-08-13T17:36:45.485+0000] {processor.py:161} INFO - Started process (PID=839) to work on /home/airflow/.local/lib/python3.12/site-packages/airflow/example_dags/example_nested_branch_dag.py
[2024-08-13T17:36:45.485+0000] {processor.py:830} INFO - Processing file /home/airflow/.local/lib/python3.12/site-packages/airflow/example_dags/example_nested_branch_dag.py for tasks to queue
[2024-08-13T17:36:45.487+0000] {logging_mixin.py:188} INFO - [2024-08-13T17:36:45.487+0000] {dagbag.py:545} INFO - Filling up the DagBag from /home/airflow/.local/lib/python3.12/site-packages/airflow/example_dags/example_nested_branch_dag.py
[2024-08-13T17:36:45.495+0000] {processor.py:840} INFO - DAG(s) 'example_nested_branch_dag' retrieved from /home/airflow/.local/lib/python3.12/site-packages/airflow/example_dags/example_nested_branch_dag.py
[2024-08-13T17:36:45.514+0000] {logging_mixin.py:188} INFO - [2024-08-13T17:36:45.514+0000] {dag.py:3089} INFO - Sync 1 DAGs
[2024-08-13T17:36:45.538+0000] {logging_mixin.py:188} INFO - [2024-08-13T17:36:45.538+0000] {dag.py:3947} INFO - Setting next_dagrun for example_nested_branch_dag to 2024-08-12 00:00:00+00:00, run_after=2024-08-13 00:00:00+00:00
[2024-08-13T17:36:45.556+0000] {processor.py:183} INFO - Processing /home/airflow/.local/lib/python3.12/site-packages/airflow/example_dags/example_nested_branch_dag.py took 0.076 seconds
[2024-08-13T17:37:16.016+0000] {processor.py:161} INFO - Started process (PID=897) to work on /home/airflow/.local/lib/python3.12/site-packages/airflow/example_dags/example_nested_branch_dag.py
[2024-08-13T17:37:16.017+0000] {processor.py:830} INFO - Processing file /home/airflow/.local/lib/python3.12/site-packages/airflow/example_dags/example_nested_branch_dag.py for tasks to queue
[2024-08-13T17:37:16.018+0000] {logging_mixin.py:188} INFO - [2024-08-13T17:37:16.018+0000] {dagbag.py:545} INFO - Filling up the DagBag from /home/airflow/.local/lib/python3.12/site-packages/airflow/example_dags/example_nested_branch_dag.py
[2024-08-13T17:37:16.026+0000] {processor.py:840} INFO - DAG(s) 'example_nested_branch_dag' retrieved from /home/airflow/.local/lib/python3.12/site-packages/airflow/example_dags/example_nested_branch_dag.py
[2024-08-13T17:37:16.046+0000] {logging_mixin.py:188} INFO - [2024-08-13T17:37:16.046+0000] {dag.py:3089} INFO - Sync 1 DAGs
[2024-08-13T17:37:16.066+0000] {logging_mixin.py:188} INFO - [2024-08-13T17:37:16.065+0000] {dag.py:3947} INFO - Setting next_dagrun for example_nested_branch_dag to 2024-08-12 00:00:00+00:00, run_after=2024-08-13 00:00:00+00:00
[2024-08-13T17:37:16.084+0000] {processor.py:183} INFO - Processing /home/airflow/.local/lib/python3.12/site-packages/airflow/example_dags/example_nested_branch_dag.py took 0.072 seconds
[2024-08-13T17:37:46.638+0000] {processor.py:161} INFO - Started process (PID=955) to work on /home/airflow/.local/lib/python3.12/site-packages/airflow/example_dags/example_nested_branch_dag.py
[2024-08-13T17:37:46.638+0000] {processor.py:830} INFO - Processing file /home/airflow/.local/lib/python3.12/site-packages/airflow/example_dags/example_nested_branch_dag.py for tasks to queue
[2024-08-13T17:37:46.640+0000] {logging_mixin.py:188} INFO - [2024-08-13T17:37:46.639+0000] {dagbag.py:545} INFO - Filling up the DagBag from /home/airflow/.local/lib/python3.12/site-packages/airflow/example_dags/example_nested_branch_dag.py
[2024-08-13T17:37:46.648+0000] {processor.py:840} INFO - DAG(s) 'example_nested_branch_dag' retrieved from /home/airflow/.local/lib/python3.12/site-packages/airflow/example_dags/example_nested_branch_dag.py
[2024-08-13T17:37:46.666+0000] {logging_mixin.py:188} INFO - [2024-08-13T17:37:46.666+0000] {dag.py:3089} INFO - Sync 1 DAGs
[2024-08-13T17:37:46.686+0000] {logging_mixin.py:188} INFO - [2024-08-13T17:37:46.685+0000] {dag.py:3947} INFO - Setting next_dagrun for example_nested_branch_dag to 2024-08-12 00:00:00+00:00, run_after=2024-08-13 00:00:00+00:00
[2024-08-13T17:37:46.703+0000] {processor.py:183} INFO - Processing /home/airflow/.local/lib/python3.12/site-packages/airflow/example_dags/example_nested_branch_dag.py took 0.071 seconds
[2024-08-13T17:38:17.267+0000] {processor.py:161} INFO - Started process (PID=1013) to work on /home/airflow/.local/lib/python3.12/site-packages/airflow/example_dags/example_nested_branch_dag.py
[2024-08-13T17:38:17.268+0000] {processor.py:830} INFO - Processing file /home/airflow/.local/lib/python3.12/site-packages/airflow/example_dags/example_nested_branch_dag.py for tasks to queue
[2024-08-13T17:38:17.269+0000] {logging_mixin.py:188} INFO - [2024-08-13T17:38:17.269+0000] {dagbag.py:545} INFO - Filling up the DagBag from /home/airflow/.local/lib/python3.12/site-packages/airflow/example_dags/example_nested_branch_dag.py
[2024-08-13T17:38:17.278+0000] {processor.py:840} INFO - DAG(s) 'example_nested_branch_dag' retrieved from /home/airflow/.local/lib/python3.12/site-packages/airflow/example_dags/example_nested_branch_dag.py
[2024-08-13T17:38:17.297+0000] {logging_mixin.py:188} INFO - [2024-08-13T17:38:17.297+0000] {dag.py:3089} INFO - Sync 1 DAGs
[2024-08-13T17:38:17.317+0000] {logging_mixin.py:188} INFO - [2024-08-13T17:38:17.317+0000] {dag.py:3947} INFO - Setting next_dagrun for example_nested_branch_dag to 2024-08-12 00:00:00+00:00, run_after=2024-08-13 00:00:00+00:00
[2024-08-13T17:38:17.333+0000] {processor.py:183} INFO - Processing /home/airflow/.local/lib/python3.12/site-packages/airflow/example_dags/example_nested_branch_dag.py took 0.070 seconds
[2024-08-13T17:38:47.581+0000] {processor.py:161} INFO - Started process (PID=1071) to work on /home/airflow/.local/lib/python3.12/site-packages/airflow/example_dags/example_nested_branch_dag.py
[2024-08-13T17:38:47.582+0000] {processor.py:830} INFO - Processing file /home/airflow/.local/lib/python3.12/site-packages/airflow/example_dags/example_nested_branch_dag.py for tasks to queue
[2024-08-13T17:38:47.583+0000] {logging_mixin.py:188} INFO - [2024-08-13T17:38:47.583+0000] {dagbag.py:545} INFO - Filling up the DagBag from /home/airflow/.local/lib/python3.12/site-packages/airflow/example_dags/example_nested_branch_dag.py
[2024-08-13T17:38:47.591+0000] {processor.py:840} INFO - DAG(s) 'example_nested_branch_dag' retrieved from /home/airflow/.local/lib/python3.12/site-packages/airflow/example_dags/example_nested_branch_dag.py
[2024-08-13T17:38:47.610+0000] {logging_mixin.py:188} INFO - [2024-08-13T17:38:47.610+0000] {dag.py:3089} INFO - Sync 1 DAGs
[2024-08-13T17:38:47.632+0000] {logging_mixin.py:188} INFO - [2024-08-13T17:38:47.632+0000] {dag.py:3947} INFO - Setting next_dagrun for example_nested_branch_dag to 2024-08-12 00:00:00+00:00, run_after=2024-08-13 00:00:00+00:00
[2024-08-13T17:38:47.650+0000] {processor.py:183} INFO - Processing /home/airflow/.local/lib/python3.12/site-packages/airflow/example_dags/example_nested_branch_dag.py took 0.073 seconds
[2024-08-13T17:39:17.780+0000] {processor.py:161} INFO - Started process (PID=1129) to work on /home/airflow/.local/lib/python3.12/site-packages/airflow/example_dags/example_nested_branch_dag.py
[2024-08-13T17:39:17.780+0000] {processor.py:830} INFO - Processing file /home/airflow/.local/lib/python3.12/site-packages/airflow/example_dags/example_nested_branch_dag.py for tasks to queue
[2024-08-13T17:39:17.782+0000] {logging_mixin.py:188} INFO - [2024-08-13T17:39:17.781+0000] {dagbag.py:545} INFO - Filling up the DagBag from /home/airflow/.local/lib/python3.12/site-packages/airflow/example_dags/example_nested_branch_dag.py
[2024-08-13T17:39:17.790+0000] {processor.py:840} INFO - DAG(s) 'example_nested_branch_dag' retrieved from /home/airflow/.local/lib/python3.12/site-packages/airflow/example_dags/example_nested_branch_dag.py
[2024-08-13T17:39:17.809+0000] {logging_mixin.py:188} INFO - [2024-08-13T17:39:17.809+0000] {dag.py:3089} INFO - Sync 1 DAGs
[2024-08-13T17:39:17.830+0000] {logging_mixin.py:188} INFO - [2024-08-13T17:39:17.830+0000] {dag.py:3947} INFO - Setting next_dagrun for example_nested_branch_dag to 2024-08-12 00:00:00+00:00, run_after=2024-08-13 00:00:00+00:00
[2024-08-13T17:39:17.852+0000] {processor.py:183} INFO - Processing /home/airflow/.local/lib/python3.12/site-packages/airflow/example_dags/example_nested_branch_dag.py took 0.077 seconds
[2024-08-13T17:39:48.232+0000] {processor.py:161} INFO - Started process (PID=1187) to work on /home/airflow/.local/lib/python3.12/site-packages/airflow/example_dags/example_nested_branch_dag.py
[2024-08-13T17:39:48.233+0000] {processor.py:830} INFO - Processing file /home/airflow/.local/lib/python3.12/site-packages/airflow/example_dags/example_nested_branch_dag.py for tasks to queue
[2024-08-13T17:39:48.234+0000] {logging_mixin.py:188} INFO - [2024-08-13T17:39:48.234+0000] {dagbag.py:545} INFO - Filling up the DagBag from /home/airflow/.local/lib/python3.12/site-packages/airflow/example_dags/example_nested_branch_dag.py
[2024-08-13T17:39:48.243+0000] {processor.py:840} INFO - DAG(s) 'example_nested_branch_dag' retrieved from /home/airflow/.local/lib/python3.12/site-packages/airflow/example_dags/example_nested_branch_dag.py
[2024-08-13T17:39:48.263+0000] {logging_mixin.py:188} INFO - [2024-08-13T17:39:48.263+0000] {dag.py:3089} INFO - Sync 1 DAGs
[2024-08-13T17:39:48.283+0000] {logging_mixin.py:188} INFO - [2024-08-13T17:39:48.283+0000] {dag.py:3947} INFO - Setting next_dagrun for example_nested_branch_dag to 2024-08-12 00:00:00+00:00, run_after=2024-08-13 00:00:00+00:00
[2024-08-13T17:39:48.300+0000] {processor.py:183} INFO - Processing /home/airflow/.local/lib/python3.12/site-packages/airflow/example_dags/example_nested_branch_dag.py took 0.072 seconds
[2024-08-13T17:40:18.754+0000] {processor.py:161} INFO - Started process (PID=1245) to work on /home/airflow/.local/lib/python3.12/site-packages/airflow/example_dags/example_nested_branch_dag.py
[2024-08-13T17:40:18.755+0000] {processor.py:830} INFO - Processing file /home/airflow/.local/lib/python3.12/site-packages/airflow/example_dags/example_nested_branch_dag.py for tasks to queue
[2024-08-13T17:40:18.756+0000] {logging_mixin.py:188} INFO - [2024-08-13T17:40:18.756+0000] {dagbag.py:545} INFO - Filling up the DagBag from /home/airflow/.local/lib/python3.12/site-packages/airflow/example_dags/example_nested_branch_dag.py
[2024-08-13T17:40:18.765+0000] {processor.py:840} INFO - DAG(s) 'example_nested_branch_dag' retrieved from /home/airflow/.local/lib/python3.12/site-packages/airflow/example_dags/example_nested_branch_dag.py
[2024-08-13T17:40:18.783+0000] {logging_mixin.py:188} INFO - [2024-08-13T17:40:18.783+0000] {dag.py:3089} INFO - Sync 1 DAGs
[2024-08-13T17:40:18.803+0000] {logging_mixin.py:188} INFO - [2024-08-13T17:40:18.803+0000] {dag.py:3947} INFO - Setting next_dagrun for example_nested_branch_dag to 2024-08-12 00:00:00+00:00, run_after=2024-08-13 00:00:00+00:00
[2024-08-13T17:40:18.821+0000] {processor.py:183} INFO - Processing /home/airflow/.local/lib/python3.12/site-packages/airflow/example_dags/example_nested_branch_dag.py took 0.072 seconds
[2024-08-13T17:40:49.438+0000] {processor.py:161} INFO - Started process (PID=1303) to work on /home/airflow/.local/lib/python3.12/site-packages/airflow/example_dags/example_nested_branch_dag.py
[2024-08-13T17:40:49.438+0000] {processor.py:830} INFO - Processing file /home/airflow/.local/lib/python3.12/site-packages/airflow/example_dags/example_nested_branch_dag.py for tasks to queue
[2024-08-13T17:40:49.440+0000] {logging_mixin.py:188} INFO - [2024-08-13T17:40:49.439+0000] {dagbag.py:545} INFO - Filling up the DagBag from /home/airflow/.local/lib/python3.12/site-packages/airflow/example_dags/example_nested_branch_dag.py
[2024-08-13T17:40:49.448+0000] {processor.py:840} INFO - DAG(s) 'example_nested_branch_dag' retrieved from /home/airflow/.local/lib/python3.12/site-packages/airflow/example_dags/example_nested_branch_dag.py
[2024-08-13T17:40:49.467+0000] {logging_mixin.py:188} INFO - [2024-08-13T17:40:49.467+0000] {dag.py:3089} INFO - Sync 1 DAGs
[2024-08-13T17:40:49.487+0000] {logging_mixin.py:188} INFO - [2024-08-13T17:40:49.486+0000] {dag.py:3947} INFO - Setting next_dagrun for example_nested_branch_dag to 2024-08-12 00:00:00+00:00, run_after=2024-08-13 00:00:00+00:00
[2024-08-13T17:40:49.504+0000] {processor.py:183} INFO - Processing /home/airflow/.local/lib/python3.12/site-packages/airflow/example_dags/example_nested_branch_dag.py took 0.071 seconds
[2024-08-13T17:41:19.559+0000] {processor.py:161} INFO - Started process (PID=1361) to work on /home/airflow/.local/lib/python3.12/site-packages/airflow/example_dags/example_nested_branch_dag.py
[2024-08-13T17:41:19.559+0000] {processor.py:830} INFO - Processing file /home/airflow/.local/lib/python3.12/site-packages/airflow/example_dags/example_nested_branch_dag.py for tasks to queue
[2024-08-13T17:41:19.561+0000] {logging_mixin.py:188} INFO - [2024-08-13T17:41:19.560+0000] {dagbag.py:545} INFO - Filling up the DagBag from /home/airflow/.local/lib/python3.12/site-packages/airflow/example_dags/example_nested_branch_dag.py
[2024-08-13T17:41:19.569+0000] {processor.py:840} INFO - DAG(s) 'example_nested_branch_dag' retrieved from /home/airflow/.local/lib/python3.12/site-packages/airflow/example_dags/example_nested_branch_dag.py
[2024-08-13T17:41:19.588+0000] {logging_mixin.py:188} INFO - [2024-08-13T17:41:19.588+0000] {dag.py:3089} INFO - Sync 1 DAGs
[2024-08-13T17:41:19.608+0000] {logging_mixin.py:188} INFO - [2024-08-13T17:41:19.608+0000] {dag.py:3947} INFO - Setting next_dagrun for example_nested_branch_dag to 2024-08-12 00:00:00+00:00, run_after=2024-08-13 00:00:00+00:00
[2024-08-13T17:41:19.625+0000] {processor.py:183} INFO - Processing /home/airflow/.local/lib/python3.12/site-packages/airflow/example_dags/example_nested_branch_dag.py took 0.071 seconds
[2024-08-13T17:41:50.286+0000] {processor.py:161} INFO - Started process (PID=1419) to work on /home/airflow/.local/lib/python3.12/site-packages/airflow/example_dags/example_nested_branch_dag.py
[2024-08-13T17:41:50.287+0000] {processor.py:830} INFO - Processing file /home/airflow/.local/lib/python3.12/site-packages/airflow/example_dags/example_nested_branch_dag.py for tasks to queue
[2024-08-13T17:41:50.288+0000] {logging_mixin.py:188} INFO - [2024-08-13T17:41:50.288+0000] {dagbag.py:545} INFO - Filling up the DagBag from /home/airflow/.local/lib/python3.12/site-packages/airflow/example_dags/example_nested_branch_dag.py
[2024-08-13T17:41:50.296+0000] {processor.py:840} INFO - DAG(s) 'example_nested_branch_dag' retrieved from /home/airflow/.local/lib/python3.12/site-packages/airflow/example_dags/example_nested_branch_dag.py
[2024-08-13T17:41:50.316+0000] {logging_mixin.py:188} INFO - [2024-08-13T17:41:50.316+0000] {dag.py:3089} INFO - Sync 1 DAGs
[2024-08-13T17:41:50.336+0000] {logging_mixin.py:188} INFO - [2024-08-13T17:41:50.336+0000] {dag.py:3947} INFO - Setting next_dagrun for example_nested_branch_dag to 2024-08-12 00:00:00+00:00, run_after=2024-08-13 00:00:00+00:00
[2024-08-13T17:41:50.353+0000] {processor.py:183} INFO - Processing /home/airflow/.local/lib/python3.12/site-packages/airflow/example_dags/example_nested_branch_dag.py took 0.072 seconds
[2024-08-13T17:42:21.123+0000] {processor.py:161} INFO - Started process (PID=1477) to work on /home/airflow/.local/lib/python3.12/site-packages/airflow/example_dags/example_nested_branch_dag.py
[2024-08-13T17:42:21.124+0000] {processor.py:830} INFO - Processing file /home/airflow/.local/lib/python3.12/site-packages/airflow/example_dags/example_nested_branch_dag.py for tasks to queue
[2024-08-13T17:42:21.125+0000] {logging_mixin.py:188} INFO - [2024-08-13T17:42:21.125+0000] {dagbag.py:545} INFO - Filling up the DagBag from /home/airflow/.local/lib/python3.12/site-packages/airflow/example_dags/example_nested_branch_dag.py
[2024-08-13T17:42:21.134+0000] {processor.py:840} INFO - DAG(s) 'example_nested_branch_dag' retrieved from /home/airflow/.local/lib/python3.12/site-packages/airflow/example_dags/example_nested_branch_dag.py
[2024-08-13T17:42:21.155+0000] {logging_mixin.py:188} INFO - [2024-08-13T17:42:21.154+0000] {dag.py:3089} INFO - Sync 1 DAGs
[2024-08-13T17:42:21.175+0000] {logging_mixin.py:188} INFO - [2024-08-13T17:42:21.175+0000] {dag.py:3947} INFO - Setting next_dagrun for example_nested_branch_dag to 2024-08-12 00:00:00+00:00, run_after=2024-08-13 00:00:00+00:00
[2024-08-13T17:42:21.307+0000] {processor.py:183} INFO - Processing /home/airflow/.local/lib/python3.12/site-packages/airflow/example_dags/example_nested_branch_dag.py took 0.190 seconds
[2024-08-13T17:42:52.002+0000] {processor.py:161} INFO - Started process (PID=1535) to work on /home/airflow/.local/lib/python3.12/site-packages/airflow/example_dags/example_nested_branch_dag.py
[2024-08-13T17:42:52.003+0000] {processor.py:830} INFO - Processing file /home/airflow/.local/lib/python3.12/site-packages/airflow/example_dags/example_nested_branch_dag.py for tasks to queue
[2024-08-13T17:42:52.004+0000] {logging_mixin.py:188} INFO - [2024-08-13T17:42:52.004+0000] {dagbag.py:545} INFO - Filling up the DagBag from /home/airflow/.local/lib/python3.12/site-packages/airflow/example_dags/example_nested_branch_dag.py
[2024-08-13T17:42:52.012+0000] {processor.py:840} INFO - DAG(s) 'example_nested_branch_dag' retrieved from /home/airflow/.local/lib/python3.12/site-packages/airflow/example_dags/example_nested_branch_dag.py
[2024-08-13T17:42:52.032+0000] {logging_mixin.py:188} INFO - [2024-08-13T17:42:52.032+0000] {dag.py:3089} INFO - Sync 1 DAGs
[2024-08-13T17:42:52.051+0000] {logging_mixin.py:188} INFO - [2024-08-13T17:42:52.051+0000] {dag.py:3947} INFO - Setting next_dagrun for example_nested_branch_dag to 2024-08-12 00:00:00+00:00, run_after=2024-08-13 00:00:00+00:00
[2024-08-13T17:42:52.070+0000] {processor.py:183} INFO - Processing /home/airflow/.local/lib/python3.12/site-packages/airflow/example_dags/example_nested_branch_dag.py took 0.073 seconds
[2024-08-13T17:43:22.096+0000] {processor.py:161} INFO - Started process (PID=1593) to work on /home/airflow/.local/lib/python3.12/site-packages/airflow/example_dags/example_nested_branch_dag.py
[2024-08-13T17:43:22.097+0000] {processor.py:830} INFO - Processing file /home/airflow/.local/lib/python3.12/site-packages/airflow/example_dags/example_nested_branch_dag.py for tasks to queue
[2024-08-13T17:43:22.098+0000] {logging_mixin.py:188} INFO - [2024-08-13T17:43:22.098+0000] {dagbag.py:545} INFO - Filling up the DagBag from /home/airflow/.local/lib/python3.12/site-packages/airflow/example_dags/example_nested_branch_dag.py
[2024-08-13T17:43:22.107+0000] {processor.py:840} INFO - DAG(s) 'example_nested_branch_dag' retrieved from /home/airflow/.local/lib/python3.12/site-packages/airflow/example_dags/example_nested_branch_dag.py
[2024-08-13T17:43:22.126+0000] {logging_mixin.py:188} INFO - [2024-08-13T17:43:22.125+0000] {dag.py:3089} INFO - Sync 1 DAGs
[2024-08-13T17:43:22.145+0000] {logging_mixin.py:188} INFO - [2024-08-13T17:43:22.145+0000] {dag.py:3947} INFO - Setting next_dagrun for example_nested_branch_dag to 2024-08-12 00:00:00+00:00, run_after=2024-08-13 00:00:00+00:00
[2024-08-13T17:43:22.162+0000] {processor.py:183} INFO - Processing /home/airflow/.local/lib/python3.12/site-packages/airflow/example_dags/example_nested_branch_dag.py took 0.070 seconds
[2024-08-13T17:43:52.729+0000] {processor.py:161} INFO - Started process (PID=1651) to work on /home/airflow/.local/lib/python3.12/site-packages/airflow/example_dags/example_nested_branch_dag.py
[2024-08-13T17:43:52.729+0000] {processor.py:830} INFO - Processing file /home/airflow/.local/lib/python3.12/site-packages/airflow/example_dags/example_nested_branch_dag.py for tasks to queue
[2024-08-13T17:43:52.731+0000] {logging_mixin.py:188} INFO - [2024-08-13T17:43:52.730+0000] {dagbag.py:545} INFO - Filling up the DagBag from /home/airflow/.local/lib/python3.12/site-packages/airflow/example_dags/example_nested_branch_dag.py
[2024-08-13T17:43:52.739+0000] {processor.py:840} INFO - DAG(s) 'example_nested_branch_dag' retrieved from /home/airflow/.local/lib/python3.12/site-packages/airflow/example_dags/example_nested_branch_dag.py
[2024-08-13T17:43:52.758+0000] {logging_mixin.py:188} INFO - [2024-08-13T17:43:52.758+0000] {dag.py:3089} INFO - Sync 1 DAGs
[2024-08-13T17:43:52.777+0000] {logging_mixin.py:188} INFO - [2024-08-13T17:43:52.777+0000] {dag.py:3947} INFO - Setting next_dagrun for example_nested_branch_dag to 2024-08-12 00:00:00+00:00, run_after=2024-08-13 00:00:00+00:00
[2024-08-13T17:43:52.794+0000] {processor.py:183} INFO - Processing /home/airflow/.local/lib/python3.12/site-packages/airflow/example_dags/example_nested_branch_dag.py took 0.070 seconds
[2024-08-13T17:44:23.461+0000] {processor.py:161} INFO - Started process (PID=1709) to work on /home/airflow/.local/lib/python3.12/site-packages/airflow/example_dags/example_nested_branch_dag.py
[2024-08-13T17:44:23.462+0000] {processor.py:830} INFO - Processing file /home/airflow/.local/lib/python3.12/site-packages/airflow/example_dags/example_nested_branch_dag.py for tasks to queue
[2024-08-13T17:44:23.463+0000] {logging_mixin.py:188} INFO - [2024-08-13T17:44:23.463+0000] {dagbag.py:545} INFO - Filling up the DagBag from /home/airflow/.local/lib/python3.12/site-packages/airflow/example_dags/example_nested_branch_dag.py
[2024-08-13T17:44:23.472+0000] {processor.py:840} INFO - DAG(s) 'example_nested_branch_dag' retrieved from /home/airflow/.local/lib/python3.12/site-packages/airflow/example_dags/example_nested_branch_dag.py
[2024-08-13T17:44:23.491+0000] {logging_mixin.py:188} INFO - [2024-08-13T17:44:23.491+0000] {dag.py:3089} INFO - Sync 1 DAGs
[2024-08-13T17:44:23.511+0000] {logging_mixin.py:188} INFO - [2024-08-13T17:44:23.511+0000] {dag.py:3947} INFO - Setting next_dagrun for example_nested_branch_dag to 2024-08-12 00:00:00+00:00, run_after=2024-08-13 00:00:00+00:00
[2024-08-13T17:44:23.527+0000] {processor.py:183} INFO - Processing /home/airflow/.local/lib/python3.12/site-packages/airflow/example_dags/example_nested_branch_dag.py took 0.071 seconds
[2024-08-13T17:44:54.718+0000] {processor.py:161} INFO - Started process (PID=1767) to work on /home/airflow/.local/lib/python3.12/site-packages/airflow/example_dags/example_nested_branch_dag.py
[2024-08-13T17:44:54.719+0000] {processor.py:830} INFO - Processing file /home/airflow/.local/lib/python3.12/site-packages/airflow/example_dags/example_nested_branch_dag.py for tasks to queue
[2024-08-13T17:44:54.720+0000] {logging_mixin.py:188} INFO - [2024-08-13T17:44:54.720+0000] {dagbag.py:545} INFO - Filling up the DagBag from /home/airflow/.local/lib/python3.12/site-packages/airflow/example_dags/example_nested_branch_dag.py
[2024-08-13T17:44:54.839+0000] {processor.py:840} INFO - DAG(s) 'example_nested_branch_dag' retrieved from /home/airflow/.local/lib/python3.12/site-packages/airflow/example_dags/example_nested_branch_dag.py
[2024-08-13T17:44:54.857+0000] {logging_mixin.py:188} INFO - [2024-08-13T17:44:54.856+0000] {dag.py:3089} INFO - Sync 1 DAGs
[2024-08-13T17:44:54.875+0000] {logging_mixin.py:188} INFO - [2024-08-13T17:44:54.875+0000] {dag.py:3947} INFO - Setting next_dagrun for example_nested_branch_dag to 2024-08-12 00:00:00+00:00, run_after=2024-08-13 00:00:00+00:00
[2024-08-13T17:44:54.892+0000] {processor.py:183} INFO - Processing /home/airflow/.local/lib/python3.12/site-packages/airflow/example_dags/example_nested_branch_dag.py took 0.179 seconds
[2024-08-13T17:45:25.540+0000] {processor.py:161} INFO - Started process (PID=1825) to work on /home/airflow/.local/lib/python3.12/site-packages/airflow/example_dags/example_nested_branch_dag.py
[2024-08-13T17:45:25.541+0000] {processor.py:830} INFO - Processing file /home/airflow/.local/lib/python3.12/site-packages/airflow/example_dags/example_nested_branch_dag.py for tasks to queue
[2024-08-13T17:45:25.542+0000] {logging_mixin.py:188} INFO - [2024-08-13T17:45:25.542+0000] {dagbag.py:545} INFO - Filling up the DagBag from /home/airflow/.local/lib/python3.12/site-packages/airflow/example_dags/example_nested_branch_dag.py
[2024-08-13T17:45:25.551+0000] {processor.py:840} INFO - DAG(s) 'example_nested_branch_dag' retrieved from /home/airflow/.local/lib/python3.12/site-packages/airflow/example_dags/example_nested_branch_dag.py
[2024-08-13T17:45:25.570+0000] {logging_mixin.py:188} INFO - [2024-08-13T17:45:25.570+0000] {dag.py:3089} INFO - Sync 1 DAGs
[2024-08-13T17:45:25.590+0000] {logging_mixin.py:188} INFO - [2024-08-13T17:45:25.590+0000] {dag.py:3947} INFO - Setting next_dagrun for example_nested_branch_dag to 2024-08-12 00:00:00+00:00, run_after=2024-08-13 00:00:00+00:00
[2024-08-13T17:45:25.607+0000] {processor.py:183} INFO - Processing /home/airflow/.local/lib/python3.12/site-packages/airflow/example_dags/example_nested_branch_dag.py took 0.071 seconds
[2024-08-13T17:45:56.004+0000] {processor.py:161} INFO - Started process (PID=1883) to work on /home/airflow/.local/lib/python3.12/site-packages/airflow/example_dags/example_nested_branch_dag.py
[2024-08-13T17:45:56.004+0000] {processor.py:830} INFO - Processing file /home/airflow/.local/lib/python3.12/site-packages/airflow/example_dags/example_nested_branch_dag.py for tasks to queue
[2024-08-13T17:45:56.006+0000] {logging_mixin.py:188} INFO - [2024-08-13T17:45:56.005+0000] {dagbag.py:545} INFO - Filling up the DagBag from /home/airflow/.local/lib/python3.12/site-packages/airflow/example_dags/example_nested_branch_dag.py
[2024-08-13T17:45:56.014+0000] {processor.py:840} INFO - DAG(s) 'example_nested_branch_dag' retrieved from /home/airflow/.local/lib/python3.12/site-packages/airflow/example_dags/example_nested_branch_dag.py
[2024-08-13T17:45:56.034+0000] {logging_mixin.py:188} INFO - [2024-08-13T17:45:56.034+0000] {dag.py:3089} INFO - Sync 1 DAGs
[2024-08-13T17:45:56.054+0000] {logging_mixin.py:188} INFO - [2024-08-13T17:45:56.054+0000] {dag.py:3947} INFO - Setting next_dagrun for example_nested_branch_dag to 2024-08-12 00:00:00+00:00, run_after=2024-08-13 00:00:00+00:00
[2024-08-13T17:45:56.072+0000] {processor.py:183} INFO - Processing /home/airflow/.local/lib/python3.12/site-packages/airflow/example_dags/example_nested_branch_dag.py took 0.073 seconds
[2024-08-13T17:46:26.447+0000] {processor.py:161} INFO - Started process (PID=1941) to work on /home/airflow/.local/lib/python3.12/site-packages/airflow/example_dags/example_nested_branch_dag.py
[2024-08-13T17:46:26.448+0000] {processor.py:830} INFO - Processing file /home/airflow/.local/lib/python3.12/site-packages/airflow/example_dags/example_nested_branch_dag.py for tasks to queue
[2024-08-13T17:46:26.449+0000] {logging_mixin.py:188} INFO - [2024-08-13T17:46:26.449+0000] {dagbag.py:545} INFO - Filling up the DagBag from /home/airflow/.local/lib/python3.12/site-packages/airflow/example_dags/example_nested_branch_dag.py
[2024-08-13T17:46:26.458+0000] {processor.py:840} INFO - DAG(s) 'example_nested_branch_dag' retrieved from /home/airflow/.local/lib/python3.12/site-packages/airflow/example_dags/example_nested_branch_dag.py
[2024-08-13T17:46:26.477+0000] {logging_mixin.py:188} INFO - [2024-08-13T17:46:26.477+0000] {dag.py:3089} INFO - Sync 1 DAGs
[2024-08-13T17:46:26.500+0000] {logging_mixin.py:188} INFO - [2024-08-13T17:46:26.499+0000] {dag.py:3947} INFO - Setting next_dagrun for example_nested_branch_dag to 2024-08-12 00:00:00+00:00, run_after=2024-08-13 00:00:00+00:00
[2024-08-13T17:46:26.520+0000] {processor.py:183} INFO - Processing /home/airflow/.local/lib/python3.12/site-packages/airflow/example_dags/example_nested_branch_dag.py took 0.078 seconds
[2024-08-13T17:46:57.003+0000] {processor.py:161} INFO - Started process (PID=1999) to work on /home/airflow/.local/lib/python3.12/site-packages/airflow/example_dags/example_nested_branch_dag.py
[2024-08-13T17:46:57.003+0000] {processor.py:830} INFO - Processing file /home/airflow/.local/lib/python3.12/site-packages/airflow/example_dags/example_nested_branch_dag.py for tasks to queue
[2024-08-13T17:46:57.005+0000] {logging_mixin.py:188} INFO - [2024-08-13T17:46:57.005+0000] {dagbag.py:545} INFO - Filling up the DagBag from /home/airflow/.local/lib/python3.12/site-packages/airflow/example_dags/example_nested_branch_dag.py
[2024-08-13T17:46:57.013+0000] {processor.py:840} INFO - DAG(s) 'example_nested_branch_dag' retrieved from /home/airflow/.local/lib/python3.12/site-packages/airflow/example_dags/example_nested_branch_dag.py
[2024-08-13T17:46:57.037+0000] {logging_mixin.py:188} INFO - [2024-08-13T17:46:57.037+0000] {dag.py:3089} INFO - Sync 1 DAGs
[2024-08-13T17:46:57.060+0000] {logging_mixin.py:188} INFO - [2024-08-13T17:46:57.060+0000] {dag.py:3947} INFO - Setting next_dagrun for example_nested_branch_dag to 2024-08-12 00:00:00+00:00, run_after=2024-08-13 00:00:00+00:00
[2024-08-13T17:46:57.078+0000] {processor.py:183} INFO - Processing /home/airflow/.local/lib/python3.12/site-packages/airflow/example_dags/example_nested_branch_dag.py took 0.080 seconds
[2024-08-13T17:47:27.523+0000] {processor.py:161} INFO - Started process (PID=2057) to work on /home/airflow/.local/lib/python3.12/site-packages/airflow/example_dags/example_nested_branch_dag.py
[2024-08-13T17:47:27.524+0000] {processor.py:830} INFO - Processing file /home/airflow/.local/lib/python3.12/site-packages/airflow/example_dags/example_nested_branch_dag.py for tasks to queue
[2024-08-13T17:47:27.525+0000] {logging_mixin.py:188} INFO - [2024-08-13T17:47:27.525+0000] {dagbag.py:545} INFO - Filling up the DagBag from /home/airflow/.local/lib/python3.12/site-packages/airflow/example_dags/example_nested_branch_dag.py
[2024-08-13T17:47:27.534+0000] {processor.py:840} INFO - DAG(s) 'example_nested_branch_dag' retrieved from /home/airflow/.local/lib/python3.12/site-packages/airflow/example_dags/example_nested_branch_dag.py
[2024-08-13T17:47:27.553+0000] {logging_mixin.py:188} INFO - [2024-08-13T17:47:27.553+0000] {dag.py:3089} INFO - Sync 1 DAGs
[2024-08-13T17:47:27.573+0000] {logging_mixin.py:188} INFO - [2024-08-13T17:47:27.573+0000] {dag.py:3947} INFO - Setting next_dagrun for example_nested_branch_dag to 2024-08-12 00:00:00+00:00, run_after=2024-08-13 00:00:00+00:00
[2024-08-13T17:47:27.591+0000] {processor.py:183} INFO - Processing /home/airflow/.local/lib/python3.12/site-packages/airflow/example_dags/example_nested_branch_dag.py took 0.072 seconds
[2024-08-13T17:47:57.987+0000] {processor.py:161} INFO - Started process (PID=2115) to work on /home/airflow/.local/lib/python3.12/site-packages/airflow/example_dags/example_nested_branch_dag.py
[2024-08-13T17:47:57.988+0000] {processor.py:830} INFO - Processing file /home/airflow/.local/lib/python3.12/site-packages/airflow/example_dags/example_nested_branch_dag.py for tasks to queue
[2024-08-13T17:47:57.989+0000] {logging_mixin.py:188} INFO - [2024-08-13T17:47:57.989+0000] {dagbag.py:545} INFO - Filling up the DagBag from /home/airflow/.local/lib/python3.12/site-packages/airflow/example_dags/example_nested_branch_dag.py
[2024-08-13T17:47:57.998+0000] {processor.py:840} INFO - DAG(s) 'example_nested_branch_dag' retrieved from /home/airflow/.local/lib/python3.12/site-packages/airflow/example_dags/example_nested_branch_dag.py
[2024-08-13T17:47:58.017+0000] {logging_mixin.py:188} INFO - [2024-08-13T17:47:58.017+0000] {dag.py:3089} INFO - Sync 1 DAGs
[2024-08-13T17:47:58.037+0000] {logging_mixin.py:188} INFO - [2024-08-13T17:47:58.037+0000] {dag.py:3947} INFO - Setting next_dagrun for example_nested_branch_dag to 2024-08-12 00:00:00+00:00, run_after=2024-08-13 00:00:00+00:00
[2024-08-13T17:47:58.055+0000] {processor.py:183} INFO - Processing /home/airflow/.local/lib/python3.12/site-packages/airflow/example_dags/example_nested_branch_dag.py took 0.073 seconds
[2024-08-13T17:48:28.473+0000] {processor.py:161} INFO - Started process (PID=2173) to work on /home/airflow/.local/lib/python3.12/site-packages/airflow/example_dags/example_nested_branch_dag.py
[2024-08-13T17:48:28.474+0000] {processor.py:830} INFO - Processing file /home/airflow/.local/lib/python3.12/site-packages/airflow/example_dags/example_nested_branch_dag.py for tasks to queue
[2024-08-13T17:48:28.475+0000] {logging_mixin.py:188} INFO - [2024-08-13T17:48:28.475+0000] {dagbag.py:545} INFO - Filling up the DagBag from /home/airflow/.local/lib/python3.12/site-packages/airflow/example_dags/example_nested_branch_dag.py
[2024-08-13T17:48:28.484+0000] {processor.py:840} INFO - DAG(s) 'example_nested_branch_dag' retrieved from /home/airflow/.local/lib/python3.12/site-packages/airflow/example_dags/example_nested_branch_dag.py
[2024-08-13T17:48:28.503+0000] {logging_mixin.py:188} INFO - [2024-08-13T17:48:28.503+0000] {dag.py:3089} INFO - Sync 1 DAGs
[2024-08-13T17:48:28.524+0000] {logging_mixin.py:188} INFO - [2024-08-13T17:48:28.524+0000] {dag.py:3947} INFO - Setting next_dagrun for example_nested_branch_dag to 2024-08-12 00:00:00+00:00, run_after=2024-08-13 00:00:00+00:00
[2024-08-13T17:48:28.541+0000] {processor.py:183} INFO - Processing /home/airflow/.local/lib/python3.12/site-packages/airflow/example_dags/example_nested_branch_dag.py took 0.073 seconds
[2024-08-13T17:48:59.067+0000] {processor.py:161} INFO - Started process (PID=2231) to work on /home/airflow/.local/lib/python3.12/site-packages/airflow/example_dags/example_nested_branch_dag.py
[2024-08-13T17:48:59.067+0000] {processor.py:830} INFO - Processing file /home/airflow/.local/lib/python3.12/site-packages/airflow/example_dags/example_nested_branch_dag.py for tasks to queue
[2024-08-13T17:48:59.069+0000] {logging_mixin.py:188} INFO - [2024-08-13T17:48:59.068+0000] {dagbag.py:545} INFO - Filling up the DagBag from /home/airflow/.local/lib/python3.12/site-packages/airflow/example_dags/example_nested_branch_dag.py
[2024-08-13T17:48:59.077+0000] {processor.py:840} INFO - DAG(s) 'example_nested_branch_dag' retrieved from /home/airflow/.local/lib/python3.12/site-packages/airflow/example_dags/example_nested_branch_dag.py
[2024-08-13T17:48:59.096+0000] {logging_mixin.py:188} INFO - [2024-08-13T17:48:59.096+0000] {dag.py:3089} INFO - Sync 1 DAGs
[2024-08-13T17:48:59.117+0000] {logging_mixin.py:188} INFO - [2024-08-13T17:48:59.116+0000] {dag.py:3947} INFO - Setting next_dagrun for example_nested_branch_dag to 2024-08-12 00:00:00+00:00, run_after=2024-08-13 00:00:00+00:00
[2024-08-13T17:48:59.134+0000] {processor.py:183} INFO - Processing /home/airflow/.local/lib/python3.12/site-packages/airflow/example_dags/example_nested_branch_dag.py took 0.072 seconds
[2024-08-13T17:49:29.561+0000] {processor.py:161} INFO - Started process (PID=2289) to work on /home/airflow/.local/lib/python3.12/site-packages/airflow/example_dags/example_nested_branch_dag.py
[2024-08-13T17:49:29.561+0000] {processor.py:830} INFO - Processing file /home/airflow/.local/lib/python3.12/site-packages/airflow/example_dags/example_nested_branch_dag.py for tasks to queue
[2024-08-13T17:49:29.563+0000] {logging_mixin.py:188} INFO - [2024-08-13T17:49:29.563+0000] {dagbag.py:545} INFO - Filling up the DagBag from /home/airflow/.local/lib/python3.12/site-packages/airflow/example_dags/example_nested_branch_dag.py
[2024-08-13T17:49:29.573+0000] {processor.py:840} INFO - DAG(s) 'example_nested_branch_dag' retrieved from /home/airflow/.local/lib/python3.12/site-packages/airflow/example_dags/example_nested_branch_dag.py
[2024-08-13T17:49:29.594+0000] {logging_mixin.py:188} INFO - [2024-08-13T17:49:29.594+0000] {dag.py:3089} INFO - Sync 1 DAGs
[2024-08-13T17:49:29.615+0000] {logging_mixin.py:188} INFO - [2024-08-13T17:49:29.615+0000] {dag.py:3947} INFO - Setting next_dagrun for example_nested_branch_dag to 2024-08-12 00:00:00+00:00, run_after=2024-08-13 00:00:00+00:00
[2024-08-13T17:49:29.631+0000] {processor.py:183} INFO - Processing /home/airflow/.local/lib/python3.12/site-packages/airflow/example_dags/example_nested_branch_dag.py took 0.076 seconds
[2024-08-13T17:49:59.947+0000] {processor.py:161} INFO - Started process (PID=2347) to work on /home/airflow/.local/lib/python3.12/site-packages/airflow/example_dags/example_nested_branch_dag.py
[2024-08-13T17:49:59.947+0000] {processor.py:830} INFO - Processing file /home/airflow/.local/lib/python3.12/site-packages/airflow/example_dags/example_nested_branch_dag.py for tasks to queue
[2024-08-13T17:49:59.949+0000] {logging_mixin.py:188} INFO - [2024-08-13T17:49:59.948+0000] {dagbag.py:545} INFO - Filling up the DagBag from /home/airflow/.local/lib/python3.12/site-packages/airflow/example_dags/example_nested_branch_dag.py
[2024-08-13T17:49:59.957+0000] {processor.py:840} INFO - DAG(s) 'example_nested_branch_dag' retrieved from /home/airflow/.local/lib/python3.12/site-packages/airflow/example_dags/example_nested_branch_dag.py
[2024-08-13T17:49:59.980+0000] {logging_mixin.py:188} INFO - [2024-08-13T17:49:59.980+0000] {dag.py:3089} INFO - Sync 1 DAGs
[2024-08-13T17:50:00.003+0000] {logging_mixin.py:188} INFO - [2024-08-13T17:50:00.003+0000] {dag.py:3947} INFO - Setting next_dagrun for example_nested_branch_dag to 2024-08-12 00:00:00+00:00, run_after=2024-08-13 00:00:00+00:00
[2024-08-13T17:50:00.021+0000] {processor.py:183} INFO - Processing /home/airflow/.local/lib/python3.12/site-packages/airflow/example_dags/example_nested_branch_dag.py took 0.080 seconds
[2024-08-13T17:50:30.374+0000] {processor.py:161} INFO - Started process (PID=2406) to work on /home/airflow/.local/lib/python3.12/site-packages/airflow/example_dags/example_nested_branch_dag.py
[2024-08-13T17:50:30.375+0000] {processor.py:830} INFO - Processing file /home/airflow/.local/lib/python3.12/site-packages/airflow/example_dags/example_nested_branch_dag.py for tasks to queue
[2024-08-13T17:50:30.376+0000] {logging_mixin.py:188} INFO - [2024-08-13T17:50:30.376+0000] {dagbag.py:545} INFO - Filling up the DagBag from /home/airflow/.local/lib/python3.12/site-packages/airflow/example_dags/example_nested_branch_dag.py
[2024-08-13T17:50:30.385+0000] {processor.py:840} INFO - DAG(s) 'example_nested_branch_dag' retrieved from /home/airflow/.local/lib/python3.12/site-packages/airflow/example_dags/example_nested_branch_dag.py
[2024-08-13T17:50:30.404+0000] {logging_mixin.py:188} INFO - [2024-08-13T17:50:30.404+0000] {dag.py:3089} INFO - Sync 1 DAGs
[2024-08-13T17:50:30.425+0000] {logging_mixin.py:188} INFO - [2024-08-13T17:50:30.424+0000] {dag.py:3947} INFO - Setting next_dagrun for example_nested_branch_dag to 2024-08-12 00:00:00+00:00, run_after=2024-08-13 00:00:00+00:00
[2024-08-13T17:50:30.442+0000] {processor.py:183} INFO - Processing /home/airflow/.local/lib/python3.12/site-packages/airflow/example_dags/example_nested_branch_dag.py took 0.073 seconds
[2024-08-13T17:51:00.803+0000] {processor.py:161} INFO - Started process (PID=2464) to work on /home/airflow/.local/lib/python3.12/site-packages/airflow/example_dags/example_nested_branch_dag.py
[2024-08-13T17:51:00.804+0000] {processor.py:830} INFO - Processing file /home/airflow/.local/lib/python3.12/site-packages/airflow/example_dags/example_nested_branch_dag.py for tasks to queue
[2024-08-13T17:51:00.805+0000] {logging_mixin.py:188} INFO - [2024-08-13T17:51:00.805+0000] {dagbag.py:545} INFO - Filling up the DagBag from /home/airflow/.local/lib/python3.12/site-packages/airflow/example_dags/example_nested_branch_dag.py
[2024-08-13T17:51:00.815+0000] {processor.py:840} INFO - DAG(s) 'example_nested_branch_dag' retrieved from /home/airflow/.local/lib/python3.12/site-packages/airflow/example_dags/example_nested_branch_dag.py
[2024-08-13T17:51:00.835+0000] {logging_mixin.py:188} INFO - [2024-08-13T17:51:00.835+0000] {dag.py:3089} INFO - Sync 1 DAGs
[2024-08-13T17:51:00.855+0000] {logging_mixin.py:188} INFO - [2024-08-13T17:51:00.855+0000] {dag.py:3947} INFO - Setting next_dagrun for example_nested_branch_dag to 2024-08-12 00:00:00+00:00, run_after=2024-08-13 00:00:00+00:00
[2024-08-13T17:51:00.873+0000] {processor.py:183} INFO - Processing /home/airflow/.local/lib/python3.12/site-packages/airflow/example_dags/example_nested_branch_dag.py took 0.074 seconds
[2024-08-13T17:51:31.238+0000] {processor.py:161} INFO - Started process (PID=2522) to work on /home/airflow/.local/lib/python3.12/site-packages/airflow/example_dags/example_nested_branch_dag.py
[2024-08-13T17:51:31.239+0000] {processor.py:830} INFO - Processing file /home/airflow/.local/lib/python3.12/site-packages/airflow/example_dags/example_nested_branch_dag.py for tasks to queue
[2024-08-13T17:51:31.240+0000] {logging_mixin.py:188} INFO - [2024-08-13T17:51:31.240+0000] {dagbag.py:545} INFO - Filling up the DagBag from /home/airflow/.local/lib/python3.12/site-packages/airflow/example_dags/example_nested_branch_dag.py
[2024-08-13T17:51:31.249+0000] {processor.py:840} INFO - DAG(s) 'example_nested_branch_dag' retrieved from /home/airflow/.local/lib/python3.12/site-packages/airflow/example_dags/example_nested_branch_dag.py
[2024-08-13T17:51:31.269+0000] {logging_mixin.py:188} INFO - [2024-08-13T17:51:31.269+0000] {dag.py:3089} INFO - Sync 1 DAGs
[2024-08-13T17:51:31.290+0000] {logging_mixin.py:188} INFO - [2024-08-13T17:51:31.290+0000] {dag.py:3947} INFO - Setting next_dagrun for example_nested_branch_dag to 2024-08-12 00:00:00+00:00, run_after=2024-08-13 00:00:00+00:00
[2024-08-13T17:51:31.308+0000] {processor.py:183} INFO - Processing /home/airflow/.local/lib/python3.12/site-packages/airflow/example_dags/example_nested_branch_dag.py took 0.074 seconds
[2024-08-13T17:52:01.611+0000] {processor.py:161} INFO - Started process (PID=2580) to work on /home/airflow/.local/lib/python3.12/site-packages/airflow/example_dags/example_nested_branch_dag.py
[2024-08-13T17:52:01.612+0000] {processor.py:830} INFO - Processing file /home/airflow/.local/lib/python3.12/site-packages/airflow/example_dags/example_nested_branch_dag.py for tasks to queue
[2024-08-13T17:52:01.613+0000] {logging_mixin.py:188} INFO - [2024-08-13T17:52:01.613+0000] {dagbag.py:545} INFO - Filling up the DagBag from /home/airflow/.local/lib/python3.12/site-packages/airflow/example_dags/example_nested_branch_dag.py
[2024-08-13T17:52:01.622+0000] {processor.py:840} INFO - DAG(s) 'example_nested_branch_dag' retrieved from /home/airflow/.local/lib/python3.12/site-packages/airflow/example_dags/example_nested_branch_dag.py
[2024-08-13T17:52:01.641+0000] {logging_mixin.py:188} INFO - [2024-08-13T17:52:01.641+0000] {dag.py:3089} INFO - Sync 1 DAGs
[2024-08-13T17:52:01.661+0000] {logging_mixin.py:188} INFO - [2024-08-13T17:52:01.661+0000] {dag.py:3947} INFO - Setting next_dagrun for example_nested_branch_dag to 2024-08-12 00:00:00+00:00, run_after=2024-08-13 00:00:00+00:00
[2024-08-13T17:52:01.679+0000] {processor.py:183} INFO - Processing /home/airflow/.local/lib/python3.12/site-packages/airflow/example_dags/example_nested_branch_dag.py took 0.073 seconds
[2024-08-13T17:52:32.052+0000] {processor.py:161} INFO - Started process (PID=2638) to work on /home/airflow/.local/lib/python3.12/site-packages/airflow/example_dags/example_nested_branch_dag.py
[2024-08-13T17:52:32.053+0000] {processor.py:830} INFO - Processing file /home/airflow/.local/lib/python3.12/site-packages/airflow/example_dags/example_nested_branch_dag.py for tasks to queue
[2024-08-13T17:52:32.054+0000] {logging_mixin.py:188} INFO - [2024-08-13T17:52:32.054+0000] {dagbag.py:545} INFO - Filling up the DagBag from /home/airflow/.local/lib/python3.12/site-packages/airflow/example_dags/example_nested_branch_dag.py
[2024-08-13T17:52:32.063+0000] {processor.py:840} INFO - DAG(s) 'example_nested_branch_dag' retrieved from /home/airflow/.local/lib/python3.12/site-packages/airflow/example_dags/example_nested_branch_dag.py
[2024-08-13T17:52:32.082+0000] {logging_mixin.py:188} INFO - [2024-08-13T17:52:32.082+0000] {dag.py:3089} INFO - Sync 1 DAGs
[2024-08-13T17:52:32.102+0000] {logging_mixin.py:188} INFO - [2024-08-13T17:52:32.102+0000] {dag.py:3947} INFO - Setting next_dagrun for example_nested_branch_dag to 2024-08-12 00:00:00+00:00, run_after=2024-08-13 00:00:00+00:00
[2024-08-13T17:52:32.120+0000] {processor.py:183} INFO - Processing /home/airflow/.local/lib/python3.12/site-packages/airflow/example_dags/example_nested_branch_dag.py took 0.073 seconds
