[2024-08-13T17:30:10.096+0000] {processor.py:161} INFO - Started process (PID=77) to work on /home/airflow/.local/lib/python3.12/site-packages/airflow/example_dags/example_setup_teardown.py
[2024-08-13T17:30:10.096+0000] {processor.py:830} INFO - Processing file /home/airflow/.local/lib/python3.12/site-packages/airflow/example_dags/example_setup_teardown.py for tasks to queue
[2024-08-13T17:30:10.098+0000] {logging_mixin.py:188} INFO - [2024-08-13T17:30:10.097+0000] {dagbag.py:545} INFO - Filling up the DagBag from /home/airflow/.local/lib/python3.12/site-packages/airflow/example_dags/example_setup_teardown.py
[2024-08-13T17:30:10.103+0000] {processor.py:840} INFO - DAG(s) 'example_setup_teardown' retrieved from /home/airflow/.local/lib/python3.12/site-packages/airflow/example_dags/example_setup_teardown.py
[2024-08-13T17:30:10.128+0000] {logging_mixin.py:188} INFO - [2024-08-13T17:30:10.128+0000] {dag.py:3089} INFO - Sync 1 DAGs
[2024-08-13T17:30:10.148+0000] {logging_mixin.py:188} INFO - [2024-08-13T17:30:10.148+0000] {dag.py:3947} INFO - Setting next_dagrun for example_setup_teardown to 2024-08-12 00:00:00+00:00, run_after=2024-08-13 00:00:00+00:00
[2024-08-13T17:30:10.166+0000] {processor.py:183} INFO - Processing /home/airflow/.local/lib/python3.12/site-packages/airflow/example_dags/example_setup_teardown.py took 0.075 seconds
[2024-08-13T17:30:40.295+0000] {processor.py:161} INFO - Started process (PID=135) to work on /home/airflow/.local/lib/python3.12/site-packages/airflow/example_dags/example_setup_teardown.py
[2024-08-13T17:30:40.295+0000] {processor.py:830} INFO - Processing file /home/airflow/.local/lib/python3.12/site-packages/airflow/example_dags/example_setup_teardown.py for tasks to queue
[2024-08-13T17:30:40.297+0000] {logging_mixin.py:188} INFO - [2024-08-13T17:30:40.296+0000] {dagbag.py:545} INFO - Filling up the DagBag from /home/airflow/.local/lib/python3.12/site-packages/airflow/example_dags/example_setup_teardown.py
[2024-08-13T17:30:40.302+0000] {processor.py:840} INFO - DAG(s) 'example_setup_teardown' retrieved from /home/airflow/.local/lib/python3.12/site-packages/airflow/example_dags/example_setup_teardown.py
[2024-08-13T17:30:40.321+0000] {logging_mixin.py:188} INFO - [2024-08-13T17:30:40.321+0000] {dag.py:3089} INFO - Sync 1 DAGs
[2024-08-13T17:30:40.340+0000] {logging_mixin.py:188} INFO - [2024-08-13T17:30:40.340+0000] {dag.py:3947} INFO - Setting next_dagrun for example_setup_teardown to 2024-08-12 00:00:00+00:00, run_after=2024-08-13 00:00:00+00:00
[2024-08-13T17:30:40.356+0000] {processor.py:183} INFO - Processing /home/airflow/.local/lib/python3.12/site-packages/airflow/example_dags/example_setup_teardown.py took 0.066 seconds
[2024-08-13T17:31:10.451+0000] {processor.py:161} INFO - Started process (PID=193) to work on /home/airflow/.local/lib/python3.12/site-packages/airflow/example_dags/example_setup_teardown.py
[2024-08-13T17:31:10.452+0000] {processor.py:830} INFO - Processing file /home/airflow/.local/lib/python3.12/site-packages/airflow/example_dags/example_setup_teardown.py for tasks to queue
[2024-08-13T17:31:10.454+0000] {logging_mixin.py:188} INFO - [2024-08-13T17:31:10.453+0000] {dagbag.py:545} INFO - Filling up the DagBag from /home/airflow/.local/lib/python3.12/site-packages/airflow/example_dags/example_setup_teardown.py
[2024-08-13T17:31:10.459+0000] {processor.py:840} INFO - DAG(s) 'example_setup_teardown' retrieved from /home/airflow/.local/lib/python3.12/site-packages/airflow/example_dags/example_setup_teardown.py
[2024-08-13T17:31:10.482+0000] {logging_mixin.py:188} INFO - [2024-08-13T17:31:10.482+0000] {dag.py:3089} INFO - Sync 1 DAGs
[2024-08-13T17:31:10.504+0000] {logging_mixin.py:188} INFO - [2024-08-13T17:31:10.504+0000] {dag.py:3947} INFO - Setting next_dagrun for example_setup_teardown to 2024-08-12 00:00:00+00:00, run_after=2024-08-13 00:00:00+00:00
[2024-08-13T17:31:10.522+0000] {processor.py:183} INFO - Processing /home/airflow/.local/lib/python3.12/site-packages/airflow/example_dags/example_setup_teardown.py took 0.077 seconds
[2024-08-13T17:31:40.676+0000] {processor.py:161} INFO - Started process (PID=251) to work on /home/airflow/.local/lib/python3.12/site-packages/airflow/example_dags/example_setup_teardown.py
[2024-08-13T17:31:40.676+0000] {processor.py:830} INFO - Processing file /home/airflow/.local/lib/python3.12/site-packages/airflow/example_dags/example_setup_teardown.py for tasks to queue
[2024-08-13T17:31:40.678+0000] {logging_mixin.py:188} INFO - [2024-08-13T17:31:40.677+0000] {dagbag.py:545} INFO - Filling up the DagBag from /home/airflow/.local/lib/python3.12/site-packages/airflow/example_dags/example_setup_teardown.py
[2024-08-13T17:31:40.683+0000] {processor.py:840} INFO - DAG(s) 'example_setup_teardown' retrieved from /home/airflow/.local/lib/python3.12/site-packages/airflow/example_dags/example_setup_teardown.py
[2024-08-13T17:31:40.700+0000] {logging_mixin.py:188} INFO - [2024-08-13T17:31:40.700+0000] {dag.py:3089} INFO - Sync 1 DAGs
[2024-08-13T17:31:40.719+0000] {logging_mixin.py:188} INFO - [2024-08-13T17:31:40.718+0000] {dag.py:3947} INFO - Setting next_dagrun for example_setup_teardown to 2024-08-12 00:00:00+00:00, run_after=2024-08-13 00:00:00+00:00
[2024-08-13T17:31:40.736+0000] {processor.py:183} INFO - Processing /home/airflow/.local/lib/python3.12/site-packages/airflow/example_dags/example_setup_teardown.py took 0.065 seconds
[2024-08-13T17:32:10.776+0000] {processor.py:161} INFO - Started process (PID=309) to work on /home/airflow/.local/lib/python3.12/site-packages/airflow/example_dags/example_setup_teardown.py
[2024-08-13T17:32:10.776+0000] {processor.py:830} INFO - Processing file /home/airflow/.local/lib/python3.12/site-packages/airflow/example_dags/example_setup_teardown.py for tasks to queue
[2024-08-13T17:32:10.778+0000] {logging_mixin.py:188} INFO - [2024-08-13T17:32:10.778+0000] {dagbag.py:545} INFO - Filling up the DagBag from /home/airflow/.local/lib/python3.12/site-packages/airflow/example_dags/example_setup_teardown.py
[2024-08-13T17:32:10.783+0000] {processor.py:840} INFO - DAG(s) 'example_setup_teardown' retrieved from /home/airflow/.local/lib/python3.12/site-packages/airflow/example_dags/example_setup_teardown.py
[2024-08-13T17:32:10.802+0000] {logging_mixin.py:188} INFO - [2024-08-13T17:32:10.802+0000] {dag.py:3089} INFO - Sync 1 DAGs
[2024-08-13T17:32:10.821+0000] {logging_mixin.py:188} INFO - [2024-08-13T17:32:10.821+0000] {dag.py:3947} INFO - Setting next_dagrun for example_setup_teardown to 2024-08-12 00:00:00+00:00, run_after=2024-08-13 00:00:00+00:00
[2024-08-13T17:32:10.837+0000] {processor.py:183} INFO - Processing /home/airflow/.local/lib/python3.12/site-packages/airflow/example_dags/example_setup_teardown.py took 0.066 seconds
[2024-08-13T17:32:41.218+0000] {processor.py:161} INFO - Started process (PID=367) to work on /home/airflow/.local/lib/python3.12/site-packages/airflow/example_dags/example_setup_teardown.py
[2024-08-13T17:32:41.219+0000] {processor.py:830} INFO - Processing file /home/airflow/.local/lib/python3.12/site-packages/airflow/example_dags/example_setup_teardown.py for tasks to queue
[2024-08-13T17:32:41.220+0000] {logging_mixin.py:188} INFO - [2024-08-13T17:32:41.220+0000] {dagbag.py:545} INFO - Filling up the DagBag from /home/airflow/.local/lib/python3.12/site-packages/airflow/example_dags/example_setup_teardown.py
[2024-08-13T17:32:41.226+0000] {processor.py:840} INFO - DAG(s) 'example_setup_teardown' retrieved from /home/airflow/.local/lib/python3.12/site-packages/airflow/example_dags/example_setup_teardown.py
[2024-08-13T17:32:41.244+0000] {logging_mixin.py:188} INFO - [2024-08-13T17:32:41.244+0000] {dag.py:3089} INFO - Sync 1 DAGs
[2024-08-13T17:32:41.262+0000] {logging_mixin.py:188} INFO - [2024-08-13T17:32:41.262+0000] {dag.py:3947} INFO - Setting next_dagrun for example_setup_teardown to 2024-08-12 00:00:00+00:00, run_after=2024-08-13 00:00:00+00:00
[2024-08-13T17:32:41.280+0000] {processor.py:183} INFO - Processing /home/airflow/.local/lib/python3.12/site-packages/airflow/example_dags/example_setup_teardown.py took 0.066 seconds
[2024-08-13T17:33:11.841+0000] {processor.py:161} INFO - Started process (PID=425) to work on /home/airflow/.local/lib/python3.12/site-packages/airflow/example_dags/example_setup_teardown.py
[2024-08-13T17:33:11.841+0000] {processor.py:830} INFO - Processing file /home/airflow/.local/lib/python3.12/site-packages/airflow/example_dags/example_setup_teardown.py for tasks to queue
[2024-08-13T17:33:11.843+0000] {logging_mixin.py:188} INFO - [2024-08-13T17:33:11.842+0000] {dagbag.py:545} INFO - Filling up the DagBag from /home/airflow/.local/lib/python3.12/site-packages/airflow/example_dags/example_setup_teardown.py
[2024-08-13T17:33:11.848+0000] {processor.py:840} INFO - DAG(s) 'example_setup_teardown' retrieved from /home/airflow/.local/lib/python3.12/site-packages/airflow/example_dags/example_setup_teardown.py
[2024-08-13T17:33:11.866+0000] {logging_mixin.py:188} INFO - [2024-08-13T17:33:11.866+0000] {dag.py:3089} INFO - Sync 1 DAGs
[2024-08-13T17:33:11.885+0000] {logging_mixin.py:188} INFO - [2024-08-13T17:33:11.884+0000] {dag.py:3947} INFO - Setting next_dagrun for example_setup_teardown to 2024-08-12 00:00:00+00:00, run_after=2024-08-13 00:00:00+00:00
[2024-08-13T17:33:11.902+0000] {processor.py:183} INFO - Processing /home/airflow/.local/lib/python3.12/site-packages/airflow/example_dags/example_setup_teardown.py took 0.066 seconds
[2024-08-13T17:33:42.470+0000] {processor.py:161} INFO - Started process (PID=483) to work on /home/airflow/.local/lib/python3.12/site-packages/airflow/example_dags/example_setup_teardown.py
[2024-08-13T17:33:42.471+0000] {processor.py:830} INFO - Processing file /home/airflow/.local/lib/python3.12/site-packages/airflow/example_dags/example_setup_teardown.py for tasks to queue
[2024-08-13T17:33:42.472+0000] {logging_mixin.py:188} INFO - [2024-08-13T17:33:42.472+0000] {dagbag.py:545} INFO - Filling up the DagBag from /home/airflow/.local/lib/python3.12/site-packages/airflow/example_dags/example_setup_teardown.py
[2024-08-13T17:33:42.478+0000] {processor.py:840} INFO - DAG(s) 'example_setup_teardown' retrieved from /home/airflow/.local/lib/python3.12/site-packages/airflow/example_dags/example_setup_teardown.py
[2024-08-13T17:33:42.496+0000] {logging_mixin.py:188} INFO - [2024-08-13T17:33:42.496+0000] {dag.py:3089} INFO - Sync 1 DAGs
[2024-08-13T17:33:42.515+0000] {logging_mixin.py:188} INFO - [2024-08-13T17:33:42.515+0000] {dag.py:3947} INFO - Setting next_dagrun for example_setup_teardown to 2024-08-12 00:00:00+00:00, run_after=2024-08-13 00:00:00+00:00
[2024-08-13T17:33:42.532+0000] {processor.py:183} INFO - Processing /home/airflow/.local/lib/python3.12/site-packages/airflow/example_dags/example_setup_teardown.py took 0.067 seconds
[2024-08-13T17:34:12.978+0000] {processor.py:161} INFO - Started process (PID=541) to work on /home/airflow/.local/lib/python3.12/site-packages/airflow/example_dags/example_setup_teardown.py
[2024-08-13T17:34:12.979+0000] {processor.py:830} INFO - Processing file /home/airflow/.local/lib/python3.12/site-packages/airflow/example_dags/example_setup_teardown.py for tasks to queue
[2024-08-13T17:34:12.980+0000] {logging_mixin.py:188} INFO - [2024-08-13T17:34:12.980+0000] {dagbag.py:545} INFO - Filling up the DagBag from /home/airflow/.local/lib/python3.12/site-packages/airflow/example_dags/example_setup_teardown.py
[2024-08-13T17:34:12.986+0000] {processor.py:840} INFO - DAG(s) 'example_setup_teardown' retrieved from /home/airflow/.local/lib/python3.12/site-packages/airflow/example_dags/example_setup_teardown.py
[2024-08-13T17:34:13.004+0000] {logging_mixin.py:188} INFO - [2024-08-13T17:34:13.004+0000] {dag.py:3089} INFO - Sync 1 DAGs
[2024-08-13T17:34:13.024+0000] {logging_mixin.py:188} INFO - [2024-08-13T17:34:13.023+0000] {dag.py:3947} INFO - Setting next_dagrun for example_setup_teardown to 2024-08-12 00:00:00+00:00, run_after=2024-08-13 00:00:00+00:00
[2024-08-13T17:34:13.040+0000] {processor.py:183} INFO - Processing /home/airflow/.local/lib/python3.12/site-packages/airflow/example_dags/example_setup_teardown.py took 0.067 seconds
[2024-08-13T17:34:43.519+0000] {processor.py:161} INFO - Started process (PID=605) to work on /home/airflow/.local/lib/python3.12/site-packages/airflow/example_dags/example_setup_teardown.py
[2024-08-13T17:34:43.520+0000] {processor.py:830} INFO - Processing file /home/airflow/.local/lib/python3.12/site-packages/airflow/example_dags/example_setup_teardown.py for tasks to queue
[2024-08-13T17:34:43.521+0000] {logging_mixin.py:188} INFO - [2024-08-13T17:34:43.521+0000] {dagbag.py:545} INFO - Filling up the DagBag from /home/airflow/.local/lib/python3.12/site-packages/airflow/example_dags/example_setup_teardown.py
[2024-08-13T17:34:43.526+0000] {processor.py:840} INFO - DAG(s) 'example_setup_teardown' retrieved from /home/airflow/.local/lib/python3.12/site-packages/airflow/example_dags/example_setup_teardown.py
[2024-08-13T17:34:43.544+0000] {logging_mixin.py:188} INFO - [2024-08-13T17:34:43.544+0000] {dag.py:3089} INFO - Sync 1 DAGs
[2024-08-13T17:34:43.563+0000] {logging_mixin.py:188} INFO - [2024-08-13T17:34:43.563+0000] {dag.py:3947} INFO - Setting next_dagrun for example_setup_teardown to 2024-08-12 00:00:00+00:00, run_after=2024-08-13 00:00:00+00:00
[2024-08-13T17:34:43.582+0000] {processor.py:183} INFO - Processing /home/airflow/.local/lib/python3.12/site-packages/airflow/example_dags/example_setup_teardown.py took 0.067 seconds
[2024-08-13T17:35:13.935+0000] {processor.py:161} INFO - Started process (PID=663) to work on /home/airflow/.local/lib/python3.12/site-packages/airflow/example_dags/example_setup_teardown.py
[2024-08-13T17:35:13.935+0000] {processor.py:830} INFO - Processing file /home/airflow/.local/lib/python3.12/site-packages/airflow/example_dags/example_setup_teardown.py for tasks to queue
[2024-08-13T17:35:13.937+0000] {logging_mixin.py:188} INFO - [2024-08-13T17:35:13.936+0000] {dagbag.py:545} INFO - Filling up the DagBag from /home/airflow/.local/lib/python3.12/site-packages/airflow/example_dags/example_setup_teardown.py
[2024-08-13T17:35:13.942+0000] {processor.py:840} INFO - DAG(s) 'example_setup_teardown' retrieved from /home/airflow/.local/lib/python3.12/site-packages/airflow/example_dags/example_setup_teardown.py
[2024-08-13T17:35:13.961+0000] {logging_mixin.py:188} INFO - [2024-08-13T17:35:13.960+0000] {dag.py:3089} INFO - Sync 1 DAGs
[2024-08-13T17:35:13.979+0000] {logging_mixin.py:188} INFO - [2024-08-13T17:35:13.979+0000] {dag.py:3947} INFO - Setting next_dagrun for example_setup_teardown to 2024-08-12 00:00:00+00:00, run_after=2024-08-13 00:00:00+00:00
[2024-08-13T17:35:13.995+0000] {processor.py:183} INFO - Processing /home/airflow/.local/lib/python3.12/site-packages/airflow/example_dags/example_setup_teardown.py took 0.065 seconds
[2024-08-13T17:35:44.365+0000] {processor.py:161} INFO - Started process (PID=721) to work on /home/airflow/.local/lib/python3.12/site-packages/airflow/example_dags/example_setup_teardown.py
[2024-08-13T17:35:44.365+0000] {processor.py:830} INFO - Processing file /home/airflow/.local/lib/python3.12/site-packages/airflow/example_dags/example_setup_teardown.py for tasks to queue
[2024-08-13T17:35:44.367+0000] {logging_mixin.py:188} INFO - [2024-08-13T17:35:44.366+0000] {dagbag.py:545} INFO - Filling up the DagBag from /home/airflow/.local/lib/python3.12/site-packages/airflow/example_dags/example_setup_teardown.py
[2024-08-13T17:35:44.372+0000] {processor.py:840} INFO - DAG(s) 'example_setup_teardown' retrieved from /home/airflow/.local/lib/python3.12/site-packages/airflow/example_dags/example_setup_teardown.py
[2024-08-13T17:35:44.390+0000] {logging_mixin.py:188} INFO - [2024-08-13T17:35:44.390+0000] {dag.py:3089} INFO - Sync 1 DAGs
[2024-08-13T17:35:44.409+0000] {logging_mixin.py:188} INFO - [2024-08-13T17:35:44.409+0000] {dag.py:3947} INFO - Setting next_dagrun for example_setup_teardown to 2024-08-12 00:00:00+00:00, run_after=2024-08-13 00:00:00+00:00
[2024-08-13T17:35:44.425+0000] {processor.py:183} INFO - Processing /home/airflow/.local/lib/python3.12/site-packages/airflow/example_dags/example_setup_teardown.py took 0.065 seconds
[2024-08-13T17:36:14.960+0000] {processor.py:161} INFO - Started process (PID=779) to work on /home/airflow/.local/lib/python3.12/site-packages/airflow/example_dags/example_setup_teardown.py
[2024-08-13T17:36:14.961+0000] {processor.py:830} INFO - Processing file /home/airflow/.local/lib/python3.12/site-packages/airflow/example_dags/example_setup_teardown.py for tasks to queue
[2024-08-13T17:36:14.962+0000] {logging_mixin.py:188} INFO - [2024-08-13T17:36:14.962+0000] {dagbag.py:545} INFO - Filling up the DagBag from /home/airflow/.local/lib/python3.12/site-packages/airflow/example_dags/example_setup_teardown.py
[2024-08-13T17:36:14.967+0000] {processor.py:840} INFO - DAG(s) 'example_setup_teardown' retrieved from /home/airflow/.local/lib/python3.12/site-packages/airflow/example_dags/example_setup_teardown.py
[2024-08-13T17:36:14.987+0000] {logging_mixin.py:188} INFO - [2024-08-13T17:36:14.987+0000] {dag.py:3089} INFO - Sync 1 DAGs
[2024-08-13T17:36:15.006+0000] {logging_mixin.py:188} INFO - [2024-08-13T17:36:15.006+0000] {dag.py:3947} INFO - Setting next_dagrun for example_setup_teardown to 2024-08-12 00:00:00+00:00, run_after=2024-08-13 00:00:00+00:00
[2024-08-13T17:36:15.023+0000] {processor.py:183} INFO - Processing /home/airflow/.local/lib/python3.12/site-packages/airflow/example_dags/example_setup_teardown.py took 0.067 seconds
[2024-08-13T17:36:45.404+0000] {processor.py:161} INFO - Started process (PID=837) to work on /home/airflow/.local/lib/python3.12/site-packages/airflow/example_dags/example_setup_teardown.py
[2024-08-13T17:36:45.404+0000] {processor.py:830} INFO - Processing file /home/airflow/.local/lib/python3.12/site-packages/airflow/example_dags/example_setup_teardown.py for tasks to queue
[2024-08-13T17:36:45.406+0000] {logging_mixin.py:188} INFO - [2024-08-13T17:36:45.406+0000] {dagbag.py:545} INFO - Filling up the DagBag from /home/airflow/.local/lib/python3.12/site-packages/airflow/example_dags/example_setup_teardown.py
[2024-08-13T17:36:45.411+0000] {processor.py:840} INFO - DAG(s) 'example_setup_teardown' retrieved from /home/airflow/.local/lib/python3.12/site-packages/airflow/example_dags/example_setup_teardown.py
[2024-08-13T17:36:45.431+0000] {logging_mixin.py:188} INFO - [2024-08-13T17:36:45.430+0000] {dag.py:3089} INFO - Sync 1 DAGs
[2024-08-13T17:36:45.449+0000] {logging_mixin.py:188} INFO - [2024-08-13T17:36:45.449+0000] {dag.py:3947} INFO - Setting next_dagrun for example_setup_teardown to 2024-08-12 00:00:00+00:00, run_after=2024-08-13 00:00:00+00:00
[2024-08-13T17:36:45.466+0000] {processor.py:183} INFO - Processing /home/airflow/.local/lib/python3.12/site-packages/airflow/example_dags/example_setup_teardown.py took 0.067 seconds
[2024-08-13T17:37:15.937+0000] {processor.py:161} INFO - Started process (PID=895) to work on /home/airflow/.local/lib/python3.12/site-packages/airflow/example_dags/example_setup_teardown.py
[2024-08-13T17:37:15.937+0000] {processor.py:830} INFO - Processing file /home/airflow/.local/lib/python3.12/site-packages/airflow/example_dags/example_setup_teardown.py for tasks to queue
[2024-08-13T17:37:15.939+0000] {logging_mixin.py:188} INFO - [2024-08-13T17:37:15.938+0000] {dagbag.py:545} INFO - Filling up the DagBag from /home/airflow/.local/lib/python3.12/site-packages/airflow/example_dags/example_setup_teardown.py
[2024-08-13T17:37:15.944+0000] {processor.py:840} INFO - DAG(s) 'example_setup_teardown' retrieved from /home/airflow/.local/lib/python3.12/site-packages/airflow/example_dags/example_setup_teardown.py
[2024-08-13T17:37:15.962+0000] {logging_mixin.py:188} INFO - [2024-08-13T17:37:15.962+0000] {dag.py:3089} INFO - Sync 1 DAGs
[2024-08-13T17:37:15.981+0000] {logging_mixin.py:188} INFO - [2024-08-13T17:37:15.981+0000] {dag.py:3947} INFO - Setting next_dagrun for example_setup_teardown to 2024-08-12 00:00:00+00:00, run_after=2024-08-13 00:00:00+00:00
[2024-08-13T17:37:15.998+0000] {processor.py:183} INFO - Processing /home/airflow/.local/lib/python3.12/site-packages/airflow/example_dags/example_setup_teardown.py took 0.066 seconds
[2024-08-13T17:37:46.559+0000] {processor.py:161} INFO - Started process (PID=953) to work on /home/airflow/.local/lib/python3.12/site-packages/airflow/example_dags/example_setup_teardown.py
[2024-08-13T17:37:46.559+0000] {processor.py:830} INFO - Processing file /home/airflow/.local/lib/python3.12/site-packages/airflow/example_dags/example_setup_teardown.py for tasks to queue
[2024-08-13T17:37:46.561+0000] {logging_mixin.py:188} INFO - [2024-08-13T17:37:46.561+0000] {dagbag.py:545} INFO - Filling up the DagBag from /home/airflow/.local/lib/python3.12/site-packages/airflow/example_dags/example_setup_teardown.py
[2024-08-13T17:37:46.566+0000] {processor.py:840} INFO - DAG(s) 'example_setup_teardown' retrieved from /home/airflow/.local/lib/python3.12/site-packages/airflow/example_dags/example_setup_teardown.py
[2024-08-13T17:37:46.584+0000] {logging_mixin.py:188} INFO - [2024-08-13T17:37:46.584+0000] {dag.py:3089} INFO - Sync 1 DAGs
[2024-08-13T17:37:46.603+0000] {logging_mixin.py:188} INFO - [2024-08-13T17:37:46.602+0000] {dag.py:3947} INFO - Setting next_dagrun for example_setup_teardown to 2024-08-12 00:00:00+00:00, run_after=2024-08-13 00:00:00+00:00
[2024-08-13T17:37:46.619+0000] {processor.py:183} INFO - Processing /home/airflow/.local/lib/python3.12/site-packages/airflow/example_dags/example_setup_teardown.py took 0.065 seconds
[2024-08-13T17:38:17.182+0000] {processor.py:161} INFO - Started process (PID=1011) to work on /home/airflow/.local/lib/python3.12/site-packages/airflow/example_dags/example_setup_teardown.py
[2024-08-13T17:38:17.183+0000] {processor.py:830} INFO - Processing file /home/airflow/.local/lib/python3.12/site-packages/airflow/example_dags/example_setup_teardown.py for tasks to queue
[2024-08-13T17:38:17.184+0000] {logging_mixin.py:188} INFO - [2024-08-13T17:38:17.184+0000] {dagbag.py:545} INFO - Filling up the DagBag from /home/airflow/.local/lib/python3.12/site-packages/airflow/example_dags/example_setup_teardown.py
[2024-08-13T17:38:17.190+0000] {processor.py:840} INFO - DAG(s) 'example_setup_teardown' retrieved from /home/airflow/.local/lib/python3.12/site-packages/airflow/example_dags/example_setup_teardown.py
[2024-08-13T17:38:17.209+0000] {logging_mixin.py:188} INFO - [2024-08-13T17:38:17.209+0000] {dag.py:3089} INFO - Sync 1 DAGs
[2024-08-13T17:38:17.228+0000] {logging_mixin.py:188} INFO - [2024-08-13T17:38:17.227+0000] {dag.py:3947} INFO - Setting next_dagrun for example_setup_teardown to 2024-08-12 00:00:00+00:00, run_after=2024-08-13 00:00:00+00:00
[2024-08-13T17:38:17.244+0000] {processor.py:183} INFO - Processing /home/airflow/.local/lib/python3.12/site-packages/airflow/example_dags/example_setup_teardown.py took 0.066 seconds
[2024-08-13T17:38:47.417+0000] {processor.py:161} INFO - Started process (PID=1069) to work on /home/airflow/.local/lib/python3.12/site-packages/airflow/example_dags/example_setup_teardown.py
[2024-08-13T17:38:47.418+0000] {processor.py:830} INFO - Processing file /home/airflow/.local/lib/python3.12/site-packages/airflow/example_dags/example_setup_teardown.py for tasks to queue
[2024-08-13T17:38:47.419+0000] {logging_mixin.py:188} INFO - [2024-08-13T17:38:47.419+0000] {dagbag.py:545} INFO - Filling up the DagBag from /home/airflow/.local/lib/python3.12/site-packages/airflow/example_dags/example_setup_teardown.py
[2024-08-13T17:38:47.424+0000] {processor.py:840} INFO - DAG(s) 'example_setup_teardown' retrieved from /home/airflow/.local/lib/python3.12/site-packages/airflow/example_dags/example_setup_teardown.py
[2024-08-13T17:38:47.443+0000] {logging_mixin.py:188} INFO - [2024-08-13T17:38:47.443+0000] {dag.py:3089} INFO - Sync 1 DAGs
[2024-08-13T17:38:47.463+0000] {logging_mixin.py:188} INFO - [2024-08-13T17:38:47.462+0000] {dag.py:3947} INFO - Setting next_dagrun for example_setup_teardown to 2024-08-12 00:00:00+00:00, run_after=2024-08-13 00:00:00+00:00
[2024-08-13T17:38:47.479+0000] {processor.py:183} INFO - Processing /home/airflow/.local/lib/python3.12/site-packages/airflow/example_dags/example_setup_teardown.py took 0.067 seconds
[2024-08-13T17:39:17.698+0000] {processor.py:161} INFO - Started process (PID=1127) to work on /home/airflow/.local/lib/python3.12/site-packages/airflow/example_dags/example_setup_teardown.py
[2024-08-13T17:39:17.698+0000] {processor.py:830} INFO - Processing file /home/airflow/.local/lib/python3.12/site-packages/airflow/example_dags/example_setup_teardown.py for tasks to queue
[2024-08-13T17:39:17.700+0000] {logging_mixin.py:188} INFO - [2024-08-13T17:39:17.699+0000] {dagbag.py:545} INFO - Filling up the DagBag from /home/airflow/.local/lib/python3.12/site-packages/airflow/example_dags/example_setup_teardown.py
[2024-08-13T17:39:17.705+0000] {processor.py:840} INFO - DAG(s) 'example_setup_teardown' retrieved from /home/airflow/.local/lib/python3.12/site-packages/airflow/example_dags/example_setup_teardown.py
[2024-08-13T17:39:17.723+0000] {logging_mixin.py:188} INFO - [2024-08-13T17:39:17.723+0000] {dag.py:3089} INFO - Sync 1 DAGs
[2024-08-13T17:39:17.742+0000] {logging_mixin.py:188} INFO - [2024-08-13T17:39:17.742+0000] {dag.py:3947} INFO - Setting next_dagrun for example_setup_teardown to 2024-08-12 00:00:00+00:00, run_after=2024-08-13 00:00:00+00:00
[2024-08-13T17:39:17.760+0000] {processor.py:183} INFO - Processing /home/airflow/.local/lib/python3.12/site-packages/airflow/example_dags/example_setup_teardown.py took 0.067 seconds
[2024-08-13T17:39:48.150+0000] {processor.py:161} INFO - Started process (PID=1185) to work on /home/airflow/.local/lib/python3.12/site-packages/airflow/example_dags/example_setup_teardown.py
[2024-08-13T17:39:48.150+0000] {processor.py:830} INFO - Processing file /home/airflow/.local/lib/python3.12/site-packages/airflow/example_dags/example_setup_teardown.py for tasks to queue
[2024-08-13T17:39:48.152+0000] {logging_mixin.py:188} INFO - [2024-08-13T17:39:48.151+0000] {dagbag.py:545} INFO - Filling up the DagBag from /home/airflow/.local/lib/python3.12/site-packages/airflow/example_dags/example_setup_teardown.py
[2024-08-13T17:39:48.157+0000] {processor.py:840} INFO - DAG(s) 'example_setup_teardown' retrieved from /home/airflow/.local/lib/python3.12/site-packages/airflow/example_dags/example_setup_teardown.py
[2024-08-13T17:39:48.176+0000] {logging_mixin.py:188} INFO - [2024-08-13T17:39:48.176+0000] {dag.py:3089} INFO - Sync 1 DAGs
[2024-08-13T17:39:48.196+0000] {logging_mixin.py:188} INFO - [2024-08-13T17:39:48.196+0000] {dag.py:3947} INFO - Setting next_dagrun for example_setup_teardown to 2024-08-12 00:00:00+00:00, run_after=2024-08-13 00:00:00+00:00
[2024-08-13T17:39:48.214+0000] {processor.py:183} INFO - Processing /home/airflow/.local/lib/python3.12/site-packages/airflow/example_dags/example_setup_teardown.py took 0.069 seconds
[2024-08-13T17:40:18.674+0000] {processor.py:161} INFO - Started process (PID=1243) to work on /home/airflow/.local/lib/python3.12/site-packages/airflow/example_dags/example_setup_teardown.py
[2024-08-13T17:40:18.674+0000] {processor.py:830} INFO - Processing file /home/airflow/.local/lib/python3.12/site-packages/airflow/example_dags/example_setup_teardown.py for tasks to queue
[2024-08-13T17:40:18.676+0000] {logging_mixin.py:188} INFO - [2024-08-13T17:40:18.675+0000] {dagbag.py:545} INFO - Filling up the DagBag from /home/airflow/.local/lib/python3.12/site-packages/airflow/example_dags/example_setup_teardown.py
[2024-08-13T17:40:18.681+0000] {processor.py:840} INFO - DAG(s) 'example_setup_teardown' retrieved from /home/airflow/.local/lib/python3.12/site-packages/airflow/example_dags/example_setup_teardown.py
[2024-08-13T17:40:18.699+0000] {logging_mixin.py:188} INFO - [2024-08-13T17:40:18.699+0000] {dag.py:3089} INFO - Sync 1 DAGs
[2024-08-13T17:40:18.718+0000] {logging_mixin.py:188} INFO - [2024-08-13T17:40:18.718+0000] {dag.py:3947} INFO - Setting next_dagrun for example_setup_teardown to 2024-08-12 00:00:00+00:00, run_after=2024-08-13 00:00:00+00:00
[2024-08-13T17:40:18.735+0000] {processor.py:183} INFO - Processing /home/airflow/.local/lib/python3.12/site-packages/airflow/example_dags/example_setup_teardown.py took 0.066 seconds
[2024-08-13T17:40:49.357+0000] {processor.py:161} INFO - Started process (PID=1301) to work on /home/airflow/.local/lib/python3.12/site-packages/airflow/example_dags/example_setup_teardown.py
[2024-08-13T17:40:49.358+0000] {processor.py:830} INFO - Processing file /home/airflow/.local/lib/python3.12/site-packages/airflow/example_dags/example_setup_teardown.py for tasks to queue
[2024-08-13T17:40:49.359+0000] {logging_mixin.py:188} INFO - [2024-08-13T17:40:49.359+0000] {dagbag.py:545} INFO - Filling up the DagBag from /home/airflow/.local/lib/python3.12/site-packages/airflow/example_dags/example_setup_teardown.py
[2024-08-13T17:40:49.365+0000] {processor.py:840} INFO - DAG(s) 'example_setup_teardown' retrieved from /home/airflow/.local/lib/python3.12/site-packages/airflow/example_dags/example_setup_teardown.py
[2024-08-13T17:40:49.383+0000] {logging_mixin.py:188} INFO - [2024-08-13T17:40:49.383+0000] {dag.py:3089} INFO - Sync 1 DAGs
[2024-08-13T17:40:49.402+0000] {logging_mixin.py:188} INFO - [2024-08-13T17:40:49.402+0000] {dag.py:3947} INFO - Setting next_dagrun for example_setup_teardown to 2024-08-12 00:00:00+00:00, run_after=2024-08-13 00:00:00+00:00
[2024-08-13T17:40:49.419+0000] {processor.py:183} INFO - Processing /home/airflow/.local/lib/python3.12/site-packages/airflow/example_dags/example_setup_teardown.py took 0.067 seconds
[2024-08-13T17:41:19.478+0000] {processor.py:161} INFO - Started process (PID=1359) to work on /home/airflow/.local/lib/python3.12/site-packages/airflow/example_dags/example_setup_teardown.py
[2024-08-13T17:41:19.479+0000] {processor.py:830} INFO - Processing file /home/airflow/.local/lib/python3.12/site-packages/airflow/example_dags/example_setup_teardown.py for tasks to queue
[2024-08-13T17:41:19.480+0000] {logging_mixin.py:188} INFO - [2024-08-13T17:41:19.480+0000] {dagbag.py:545} INFO - Filling up the DagBag from /home/airflow/.local/lib/python3.12/site-packages/airflow/example_dags/example_setup_teardown.py
[2024-08-13T17:41:19.485+0000] {processor.py:840} INFO - DAG(s) 'example_setup_teardown' retrieved from /home/airflow/.local/lib/python3.12/site-packages/airflow/example_dags/example_setup_teardown.py
[2024-08-13T17:41:19.505+0000] {logging_mixin.py:188} INFO - [2024-08-13T17:41:19.504+0000] {dag.py:3089} INFO - Sync 1 DAGs
[2024-08-13T17:41:19.524+0000] {logging_mixin.py:188} INFO - [2024-08-13T17:41:19.523+0000] {dag.py:3947} INFO - Setting next_dagrun for example_setup_teardown to 2024-08-12 00:00:00+00:00, run_after=2024-08-13 00:00:00+00:00
[2024-08-13T17:41:19.540+0000] {processor.py:183} INFO - Processing /home/airflow/.local/lib/python3.12/site-packages/airflow/example_dags/example_setup_teardown.py took 0.067 seconds
[2024-08-13T17:41:50.204+0000] {processor.py:161} INFO - Started process (PID=1417) to work on /home/airflow/.local/lib/python3.12/site-packages/airflow/example_dags/example_setup_teardown.py
[2024-08-13T17:41:50.204+0000] {processor.py:830} INFO - Processing file /home/airflow/.local/lib/python3.12/site-packages/airflow/example_dags/example_setup_teardown.py for tasks to queue
[2024-08-13T17:41:50.206+0000] {logging_mixin.py:188} INFO - [2024-08-13T17:41:50.205+0000] {dagbag.py:545} INFO - Filling up the DagBag from /home/airflow/.local/lib/python3.12/site-packages/airflow/example_dags/example_setup_teardown.py
[2024-08-13T17:41:50.211+0000] {processor.py:840} INFO - DAG(s) 'example_setup_teardown' retrieved from /home/airflow/.local/lib/python3.12/site-packages/airflow/example_dags/example_setup_teardown.py
[2024-08-13T17:41:50.230+0000] {logging_mixin.py:188} INFO - [2024-08-13T17:41:50.230+0000] {dag.py:3089} INFO - Sync 1 DAGs
[2024-08-13T17:41:50.250+0000] {logging_mixin.py:188} INFO - [2024-08-13T17:41:50.249+0000] {dag.py:3947} INFO - Setting next_dagrun for example_setup_teardown to 2024-08-12 00:00:00+00:00, run_after=2024-08-13 00:00:00+00:00
[2024-08-13T17:41:50.267+0000] {processor.py:183} INFO - Processing /home/airflow/.local/lib/python3.12/site-packages/airflow/example_dags/example_setup_teardown.py took 0.068 seconds
[2024-08-13T17:42:20.926+0000] {processor.py:161} INFO - Started process (PID=1475) to work on /home/airflow/.local/lib/python3.12/site-packages/airflow/example_dags/example_setup_teardown.py
[2024-08-13T17:42:20.926+0000] {processor.py:830} INFO - Processing file /home/airflow/.local/lib/python3.12/site-packages/airflow/example_dags/example_setup_teardown.py for tasks to queue
[2024-08-13T17:42:20.928+0000] {logging_mixin.py:188} INFO - [2024-08-13T17:42:20.928+0000] {dagbag.py:545} INFO - Filling up the DagBag from /home/airflow/.local/lib/python3.12/site-packages/airflow/example_dags/example_setup_teardown.py
[2024-08-13T17:42:20.933+0000] {processor.py:840} INFO - DAG(s) 'example_setup_teardown' retrieved from /home/airflow/.local/lib/python3.12/site-packages/airflow/example_dags/example_setup_teardown.py
[2024-08-13T17:42:20.953+0000] {logging_mixin.py:188} INFO - [2024-08-13T17:42:20.953+0000] {dag.py:3089} INFO - Sync 1 DAGs
[2024-08-13T17:42:20.972+0000] {logging_mixin.py:188} INFO - [2024-08-13T17:42:20.972+0000] {dag.py:3947} INFO - Setting next_dagrun for example_setup_teardown to 2024-08-12 00:00:00+00:00, run_after=2024-08-13 00:00:00+00:00
[2024-08-13T17:42:21.101+0000] {processor.py:183} INFO - Processing /home/airflow/.local/lib/python3.12/site-packages/airflow/example_dags/example_setup_teardown.py took 0.180 seconds
[2024-08-13T17:42:51.919+0000] {processor.py:161} INFO - Started process (PID=1533) to work on /home/airflow/.local/lib/python3.12/site-packages/airflow/example_dags/example_setup_teardown.py
[2024-08-13T17:42:51.919+0000] {processor.py:830} INFO - Processing file /home/airflow/.local/lib/python3.12/site-packages/airflow/example_dags/example_setup_teardown.py for tasks to queue
[2024-08-13T17:42:51.921+0000] {logging_mixin.py:188} INFO - [2024-08-13T17:42:51.920+0000] {dagbag.py:545} INFO - Filling up the DagBag from /home/airflow/.local/lib/python3.12/site-packages/airflow/example_dags/example_setup_teardown.py
[2024-08-13T17:42:51.926+0000] {processor.py:840} INFO - DAG(s) 'example_setup_teardown' retrieved from /home/airflow/.local/lib/python3.12/site-packages/airflow/example_dags/example_setup_teardown.py
[2024-08-13T17:42:51.945+0000] {logging_mixin.py:188} INFO - [2024-08-13T17:42:51.945+0000] {dag.py:3089} INFO - Sync 1 DAGs
[2024-08-13T17:42:51.964+0000] {logging_mixin.py:188} INFO - [2024-08-13T17:42:51.963+0000] {dag.py:3947} INFO - Setting next_dagrun for example_setup_teardown to 2024-08-12 00:00:00+00:00, run_after=2024-08-13 00:00:00+00:00
[2024-08-13T17:42:51.983+0000] {processor.py:183} INFO - Processing /home/airflow/.local/lib/python3.12/site-packages/airflow/example_dags/example_setup_teardown.py took 0.069 seconds
[2024-08-13T17:43:22.015+0000] {processor.py:161} INFO - Started process (PID=1591) to work on /home/airflow/.local/lib/python3.12/site-packages/airflow/example_dags/example_setup_teardown.py
[2024-08-13T17:43:22.016+0000] {processor.py:830} INFO - Processing file /home/airflow/.local/lib/python3.12/site-packages/airflow/example_dags/example_setup_teardown.py for tasks to queue
[2024-08-13T17:43:22.017+0000] {logging_mixin.py:188} INFO - [2024-08-13T17:43:22.017+0000] {dagbag.py:545} INFO - Filling up the DagBag from /home/airflow/.local/lib/python3.12/site-packages/airflow/example_dags/example_setup_teardown.py
[2024-08-13T17:43:22.023+0000] {processor.py:840} INFO - DAG(s) 'example_setup_teardown' retrieved from /home/airflow/.local/lib/python3.12/site-packages/airflow/example_dags/example_setup_teardown.py
[2024-08-13T17:43:22.041+0000] {logging_mixin.py:188} INFO - [2024-08-13T17:43:22.041+0000] {dag.py:3089} INFO - Sync 1 DAGs
[2024-08-13T17:43:22.060+0000] {logging_mixin.py:188} INFO - [2024-08-13T17:43:22.059+0000] {dag.py:3947} INFO - Setting next_dagrun for example_setup_teardown to 2024-08-12 00:00:00+00:00, run_after=2024-08-13 00:00:00+00:00
[2024-08-13T17:43:22.077+0000] {processor.py:183} INFO - Processing /home/airflow/.local/lib/python3.12/site-packages/airflow/example_dags/example_setup_teardown.py took 0.066 seconds
[2024-08-13T17:43:52.644+0000] {processor.py:161} INFO - Started process (PID=1649) to work on /home/airflow/.local/lib/python3.12/site-packages/airflow/example_dags/example_setup_teardown.py
[2024-08-13T17:43:52.645+0000] {processor.py:830} INFO - Processing file /home/airflow/.local/lib/python3.12/site-packages/airflow/example_dags/example_setup_teardown.py for tasks to queue
[2024-08-13T17:43:52.646+0000] {logging_mixin.py:188} INFO - [2024-08-13T17:43:52.646+0000] {dagbag.py:545} INFO - Filling up the DagBag from /home/airflow/.local/lib/python3.12/site-packages/airflow/example_dags/example_setup_teardown.py
[2024-08-13T17:43:52.652+0000] {processor.py:840} INFO - DAG(s) 'example_setup_teardown' retrieved from /home/airflow/.local/lib/python3.12/site-packages/airflow/example_dags/example_setup_teardown.py
[2024-08-13T17:43:52.671+0000] {logging_mixin.py:188} INFO - [2024-08-13T17:43:52.671+0000] {dag.py:3089} INFO - Sync 1 DAGs
[2024-08-13T17:43:52.690+0000] {logging_mixin.py:188} INFO - [2024-08-13T17:43:52.689+0000] {dag.py:3947} INFO - Setting next_dagrun for example_setup_teardown to 2024-08-12 00:00:00+00:00, run_after=2024-08-13 00:00:00+00:00
[2024-08-13T17:43:52.707+0000] {processor.py:183} INFO - Processing /home/airflow/.local/lib/python3.12/site-packages/airflow/example_dags/example_setup_teardown.py took 0.067 seconds
[2024-08-13T17:44:23.378+0000] {processor.py:161} INFO - Started process (PID=1707) to work on /home/airflow/.local/lib/python3.12/site-packages/airflow/example_dags/example_setup_teardown.py
[2024-08-13T17:44:23.379+0000] {processor.py:830} INFO - Processing file /home/airflow/.local/lib/python3.12/site-packages/airflow/example_dags/example_setup_teardown.py for tasks to queue
[2024-08-13T17:44:23.381+0000] {logging_mixin.py:188} INFO - [2024-08-13T17:44:23.380+0000] {dagbag.py:545} INFO - Filling up the DagBag from /home/airflow/.local/lib/python3.12/site-packages/airflow/example_dags/example_setup_teardown.py
[2024-08-13T17:44:23.386+0000] {processor.py:840} INFO - DAG(s) 'example_setup_teardown' retrieved from /home/airflow/.local/lib/python3.12/site-packages/airflow/example_dags/example_setup_teardown.py
[2024-08-13T17:44:23.404+0000] {logging_mixin.py:188} INFO - [2024-08-13T17:44:23.404+0000] {dag.py:3089} INFO - Sync 1 DAGs
[2024-08-13T17:44:23.424+0000] {logging_mixin.py:188} INFO - [2024-08-13T17:44:23.423+0000] {dag.py:3947} INFO - Setting next_dagrun for example_setup_teardown to 2024-08-12 00:00:00+00:00, run_after=2024-08-13 00:00:00+00:00
[2024-08-13T17:44:23.441+0000] {processor.py:183} INFO - Processing /home/airflow/.local/lib/python3.12/site-packages/airflow/example_dags/example_setup_teardown.py took 0.067 seconds
[2024-08-13T17:44:54.525+0000] {processor.py:161} INFO - Started process (PID=1765) to work on /home/airflow/.local/lib/python3.12/site-packages/airflow/example_dags/example_setup_teardown.py
[2024-08-13T17:44:54.526+0000] {processor.py:830} INFO - Processing file /home/airflow/.local/lib/python3.12/site-packages/airflow/example_dags/example_setup_teardown.py for tasks to queue
[2024-08-13T17:44:54.527+0000] {logging_mixin.py:188} INFO - [2024-08-13T17:44:54.527+0000] {dagbag.py:545} INFO - Filling up the DagBag from /home/airflow/.local/lib/python3.12/site-packages/airflow/example_dags/example_setup_teardown.py
[2024-08-13T17:44:54.644+0000] {processor.py:840} INFO - DAG(s) 'example_setup_teardown' retrieved from /home/airflow/.local/lib/python3.12/site-packages/airflow/example_dags/example_setup_teardown.py
[2024-08-13T17:44:54.661+0000] {logging_mixin.py:188} INFO - [2024-08-13T17:44:54.661+0000] {dag.py:3089} INFO - Sync 1 DAGs
[2024-08-13T17:44:54.680+0000] {logging_mixin.py:188} INFO - [2024-08-13T17:44:54.680+0000] {dag.py:3947} INFO - Setting next_dagrun for example_setup_teardown to 2024-08-12 00:00:00+00:00, run_after=2024-08-13 00:00:00+00:00
[2024-08-13T17:44:54.696+0000] {processor.py:183} INFO - Processing /home/airflow/.local/lib/python3.12/site-packages/airflow/example_dags/example_setup_teardown.py took 0.176 seconds
[2024-08-13T17:45:25.457+0000] {processor.py:161} INFO - Started process (PID=1823) to work on /home/airflow/.local/lib/python3.12/site-packages/airflow/example_dags/example_setup_teardown.py
[2024-08-13T17:45:25.458+0000] {processor.py:830} INFO - Processing file /home/airflow/.local/lib/python3.12/site-packages/airflow/example_dags/example_setup_teardown.py for tasks to queue
[2024-08-13T17:45:25.459+0000] {logging_mixin.py:188} INFO - [2024-08-13T17:45:25.459+0000] {dagbag.py:545} INFO - Filling up the DagBag from /home/airflow/.local/lib/python3.12/site-packages/airflow/example_dags/example_setup_teardown.py
[2024-08-13T17:45:25.465+0000] {processor.py:840} INFO - DAG(s) 'example_setup_teardown' retrieved from /home/airflow/.local/lib/python3.12/site-packages/airflow/example_dags/example_setup_teardown.py
[2024-08-13T17:45:25.483+0000] {logging_mixin.py:188} INFO - [2024-08-13T17:45:25.482+0000] {dag.py:3089} INFO - Sync 1 DAGs
[2024-08-13T17:45:25.501+0000] {logging_mixin.py:188} INFO - [2024-08-13T17:45:25.501+0000] {dag.py:3947} INFO - Setting next_dagrun for example_setup_teardown to 2024-08-12 00:00:00+00:00, run_after=2024-08-13 00:00:00+00:00
[2024-08-13T17:45:25.518+0000] {processor.py:183} INFO - Processing /home/airflow/.local/lib/python3.12/site-packages/airflow/example_dags/example_setup_teardown.py took 0.065 seconds
[2024-08-13T17:45:55.923+0000] {processor.py:161} INFO - Started process (PID=1881) to work on /home/airflow/.local/lib/python3.12/site-packages/airflow/example_dags/example_setup_teardown.py
[2024-08-13T17:45:55.923+0000] {processor.py:830} INFO - Processing file /home/airflow/.local/lib/python3.12/site-packages/airflow/example_dags/example_setup_teardown.py for tasks to queue
[2024-08-13T17:45:55.925+0000] {logging_mixin.py:188} INFO - [2024-08-13T17:45:55.925+0000] {dagbag.py:545} INFO - Filling up the DagBag from /home/airflow/.local/lib/python3.12/site-packages/airflow/example_dags/example_setup_teardown.py
[2024-08-13T17:45:55.931+0000] {processor.py:840} INFO - DAG(s) 'example_setup_teardown' retrieved from /home/airflow/.local/lib/python3.12/site-packages/airflow/example_dags/example_setup_teardown.py
[2024-08-13T17:45:55.948+0000] {logging_mixin.py:188} INFO - [2024-08-13T17:45:55.948+0000] {dag.py:3089} INFO - Sync 1 DAGs
[2024-08-13T17:45:55.967+0000] {logging_mixin.py:188} INFO - [2024-08-13T17:45:55.967+0000] {dag.py:3947} INFO - Setting next_dagrun for example_setup_teardown to 2024-08-12 00:00:00+00:00, run_after=2024-08-13 00:00:00+00:00
[2024-08-13T17:45:55.984+0000] {processor.py:183} INFO - Processing /home/airflow/.local/lib/python3.12/site-packages/airflow/example_dags/example_setup_teardown.py took 0.066 seconds
[2024-08-13T17:46:26.366+0000] {processor.py:161} INFO - Started process (PID=1939) to work on /home/airflow/.local/lib/python3.12/site-packages/airflow/example_dags/example_setup_teardown.py
[2024-08-13T17:46:26.367+0000] {processor.py:830} INFO - Processing file /home/airflow/.local/lib/python3.12/site-packages/airflow/example_dags/example_setup_teardown.py for tasks to queue
[2024-08-13T17:46:26.368+0000] {logging_mixin.py:188} INFO - [2024-08-13T17:46:26.368+0000] {dagbag.py:545} INFO - Filling up the DagBag from /home/airflow/.local/lib/python3.12/site-packages/airflow/example_dags/example_setup_teardown.py
[2024-08-13T17:46:26.373+0000] {processor.py:840} INFO - DAG(s) 'example_setup_teardown' retrieved from /home/airflow/.local/lib/python3.12/site-packages/airflow/example_dags/example_setup_teardown.py
[2024-08-13T17:46:26.392+0000] {logging_mixin.py:188} INFO - [2024-08-13T17:46:26.391+0000] {dag.py:3089} INFO - Sync 1 DAGs
[2024-08-13T17:46:26.411+0000] {logging_mixin.py:188} INFO - [2024-08-13T17:46:26.411+0000] {dag.py:3947} INFO - Setting next_dagrun for example_setup_teardown to 2024-08-12 00:00:00+00:00, run_after=2024-08-13 00:00:00+00:00
[2024-08-13T17:46:26.428+0000] {processor.py:183} INFO - Processing /home/airflow/.local/lib/python3.12/site-packages/airflow/example_dags/example_setup_teardown.py took 0.068 seconds
[2024-08-13T17:46:56.905+0000] {processor.py:161} INFO - Started process (PID=1997) to work on /home/airflow/.local/lib/python3.12/site-packages/airflow/example_dags/example_setup_teardown.py
[2024-08-13T17:46:56.905+0000] {processor.py:830} INFO - Processing file /home/airflow/.local/lib/python3.12/site-packages/airflow/example_dags/example_setup_teardown.py for tasks to queue
[2024-08-13T17:46:56.907+0000] {logging_mixin.py:188} INFO - [2024-08-13T17:46:56.907+0000] {dagbag.py:545} INFO - Filling up the DagBag from /home/airflow/.local/lib/python3.12/site-packages/airflow/example_dags/example_setup_teardown.py
[2024-08-13T17:46:56.913+0000] {processor.py:840} INFO - DAG(s) 'example_setup_teardown' retrieved from /home/airflow/.local/lib/python3.12/site-packages/airflow/example_dags/example_setup_teardown.py
[2024-08-13T17:46:56.932+0000] {logging_mixin.py:188} INFO - [2024-08-13T17:46:56.932+0000] {dag.py:3089} INFO - Sync 1 DAGs
[2024-08-13T17:46:56.961+0000] {logging_mixin.py:188} INFO - [2024-08-13T17:46:56.960+0000] {dag.py:3947} INFO - Setting next_dagrun for example_setup_teardown to 2024-08-12 00:00:00+00:00, run_after=2024-08-13 00:00:00+00:00
[2024-08-13T17:46:56.982+0000] {processor.py:183} INFO - Processing /home/airflow/.local/lib/python3.12/site-packages/airflow/example_dags/example_setup_teardown.py took 0.082 seconds
[2024-08-13T17:47:27.434+0000] {processor.py:161} INFO - Started process (PID=2055) to work on /home/airflow/.local/lib/python3.12/site-packages/airflow/example_dags/example_setup_teardown.py
[2024-08-13T17:47:27.434+0000] {processor.py:830} INFO - Processing file /home/airflow/.local/lib/python3.12/site-packages/airflow/example_dags/example_setup_teardown.py for tasks to queue
[2024-08-13T17:47:27.436+0000] {logging_mixin.py:188} INFO - [2024-08-13T17:47:27.436+0000] {dagbag.py:545} INFO - Filling up the DagBag from /home/airflow/.local/lib/python3.12/site-packages/airflow/example_dags/example_setup_teardown.py
[2024-08-13T17:47:27.441+0000] {processor.py:840} INFO - DAG(s) 'example_setup_teardown' retrieved from /home/airflow/.local/lib/python3.12/site-packages/airflow/example_dags/example_setup_teardown.py
[2024-08-13T17:47:27.466+0000] {logging_mixin.py:188} INFO - [2024-08-13T17:47:27.466+0000] {dag.py:3089} INFO - Sync 1 DAGs
[2024-08-13T17:47:27.486+0000] {logging_mixin.py:188} INFO - [2024-08-13T17:47:27.486+0000] {dag.py:3947} INFO - Setting next_dagrun for example_setup_teardown to 2024-08-12 00:00:00+00:00, run_after=2024-08-13 00:00:00+00:00
[2024-08-13T17:47:27.504+0000] {processor.py:183} INFO - Processing /home/airflow/.local/lib/python3.12/site-packages/airflow/example_dags/example_setup_teardown.py took 0.076 seconds
[2024-08-13T17:47:57.903+0000] {processor.py:161} INFO - Started process (PID=2113) to work on /home/airflow/.local/lib/python3.12/site-packages/airflow/example_dags/example_setup_teardown.py
[2024-08-13T17:47:57.903+0000] {processor.py:830} INFO - Processing file /home/airflow/.local/lib/python3.12/site-packages/airflow/example_dags/example_setup_teardown.py for tasks to queue
[2024-08-13T17:47:57.905+0000] {logging_mixin.py:188} INFO - [2024-08-13T17:47:57.905+0000] {dagbag.py:545} INFO - Filling up the DagBag from /home/airflow/.local/lib/python3.12/site-packages/airflow/example_dags/example_setup_teardown.py
[2024-08-13T17:47:57.913+0000] {processor.py:840} INFO - DAG(s) 'example_setup_teardown' retrieved from /home/airflow/.local/lib/python3.12/site-packages/airflow/example_dags/example_setup_teardown.py
[2024-08-13T17:47:57.932+0000] {logging_mixin.py:188} INFO - [2024-08-13T17:47:57.932+0000] {dag.py:3089} INFO - Sync 1 DAGs
[2024-08-13T17:47:57.951+0000] {logging_mixin.py:188} INFO - [2024-08-13T17:47:57.951+0000] {dag.py:3947} INFO - Setting next_dagrun for example_setup_teardown to 2024-08-12 00:00:00+00:00, run_after=2024-08-13 00:00:00+00:00
[2024-08-13T17:47:57.968+0000] {processor.py:183} INFO - Processing /home/airflow/.local/lib/python3.12/site-packages/airflow/example_dags/example_setup_teardown.py took 0.071 seconds
[2024-08-13T17:48:28.382+0000] {processor.py:161} INFO - Started process (PID=2171) to work on /home/airflow/.local/lib/python3.12/site-packages/airflow/example_dags/example_setup_teardown.py
[2024-08-13T17:48:28.383+0000] {processor.py:830} INFO - Processing file /home/airflow/.local/lib/python3.12/site-packages/airflow/example_dags/example_setup_teardown.py for tasks to queue
[2024-08-13T17:48:28.384+0000] {logging_mixin.py:188} INFO - [2024-08-13T17:48:28.384+0000] {dagbag.py:545} INFO - Filling up the DagBag from /home/airflow/.local/lib/python3.12/site-packages/airflow/example_dags/example_setup_teardown.py
[2024-08-13T17:48:28.390+0000] {processor.py:840} INFO - DAG(s) 'example_setup_teardown' retrieved from /home/airflow/.local/lib/python3.12/site-packages/airflow/example_dags/example_setup_teardown.py
[2024-08-13T17:48:28.409+0000] {logging_mixin.py:188} INFO - [2024-08-13T17:48:28.409+0000] {dag.py:3089} INFO - Sync 1 DAGs
[2024-08-13T17:48:28.429+0000] {logging_mixin.py:188} INFO - [2024-08-13T17:48:28.428+0000] {dag.py:3947} INFO - Setting next_dagrun for example_setup_teardown to 2024-08-12 00:00:00+00:00, run_after=2024-08-13 00:00:00+00:00
[2024-08-13T17:48:28.447+0000] {processor.py:183} INFO - Processing /home/airflow/.local/lib/python3.12/site-packages/airflow/example_dags/example_setup_teardown.py took 0.069 seconds
[2024-08-13T17:48:58.987+0000] {processor.py:161} INFO - Started process (PID=2229) to work on /home/airflow/.local/lib/python3.12/site-packages/airflow/example_dags/example_setup_teardown.py
[2024-08-13T17:48:58.987+0000] {processor.py:830} INFO - Processing file /home/airflow/.local/lib/python3.12/site-packages/airflow/example_dags/example_setup_teardown.py for tasks to queue
[2024-08-13T17:48:58.989+0000] {logging_mixin.py:188} INFO - [2024-08-13T17:48:58.989+0000] {dagbag.py:545} INFO - Filling up the DagBag from /home/airflow/.local/lib/python3.12/site-packages/airflow/example_dags/example_setup_teardown.py
[2024-08-13T17:48:58.994+0000] {processor.py:840} INFO - DAG(s) 'example_setup_teardown' retrieved from /home/airflow/.local/lib/python3.12/site-packages/airflow/example_dags/example_setup_teardown.py
[2024-08-13T17:48:59.012+0000] {logging_mixin.py:188} INFO - [2024-08-13T17:48:59.012+0000] {dag.py:3089} INFO - Sync 1 DAGs
[2024-08-13T17:48:59.031+0000] {logging_mixin.py:188} INFO - [2024-08-13T17:48:59.031+0000] {dag.py:3947} INFO - Setting next_dagrun for example_setup_teardown to 2024-08-12 00:00:00+00:00, run_after=2024-08-13 00:00:00+00:00
[2024-08-13T17:48:59.048+0000] {processor.py:183} INFO - Processing /home/airflow/.local/lib/python3.12/site-packages/airflow/example_dags/example_setup_teardown.py took 0.066 seconds
[2024-08-13T17:49:29.475+0000] {processor.py:161} INFO - Started process (PID=2287) to work on /home/airflow/.local/lib/python3.12/site-packages/airflow/example_dags/example_setup_teardown.py
[2024-08-13T17:49:29.476+0000] {processor.py:830} INFO - Processing file /home/airflow/.local/lib/python3.12/site-packages/airflow/example_dags/example_setup_teardown.py for tasks to queue
[2024-08-13T17:49:29.478+0000] {logging_mixin.py:188} INFO - [2024-08-13T17:49:29.477+0000] {dagbag.py:545} INFO - Filling up the DagBag from /home/airflow/.local/lib/python3.12/site-packages/airflow/example_dags/example_setup_teardown.py
[2024-08-13T17:49:29.484+0000] {processor.py:840} INFO - DAG(s) 'example_setup_teardown' retrieved from /home/airflow/.local/lib/python3.12/site-packages/airflow/example_dags/example_setup_teardown.py
[2024-08-13T17:49:29.502+0000] {logging_mixin.py:188} INFO - [2024-08-13T17:49:29.502+0000] {dag.py:3089} INFO - Sync 1 DAGs
[2024-08-13T17:49:29.523+0000] {logging_mixin.py:188} INFO - [2024-08-13T17:49:29.523+0000] {dag.py:3947} INFO - Setting next_dagrun for example_setup_teardown to 2024-08-12 00:00:00+00:00, run_after=2024-08-13 00:00:00+00:00
[2024-08-13T17:49:29.539+0000] {processor.py:183} INFO - Processing /home/airflow/.local/lib/python3.12/site-packages/airflow/example_dags/example_setup_teardown.py took 0.070 seconds
[2024-08-13T17:49:59.866+0000] {processor.py:161} INFO - Started process (PID=2345) to work on /home/airflow/.local/lib/python3.12/site-packages/airflow/example_dags/example_setup_teardown.py
[2024-08-13T17:49:59.867+0000] {processor.py:830} INFO - Processing file /home/airflow/.local/lib/python3.12/site-packages/airflow/example_dags/example_setup_teardown.py for tasks to queue
[2024-08-13T17:49:59.868+0000] {logging_mixin.py:188} INFO - [2024-08-13T17:49:59.868+0000] {dagbag.py:545} INFO - Filling up the DagBag from /home/airflow/.local/lib/python3.12/site-packages/airflow/example_dags/example_setup_teardown.py
[2024-08-13T17:49:59.874+0000] {processor.py:840} INFO - DAG(s) 'example_setup_teardown' retrieved from /home/airflow/.local/lib/python3.12/site-packages/airflow/example_dags/example_setup_teardown.py
[2024-08-13T17:49:59.892+0000] {logging_mixin.py:188} INFO - [2024-08-13T17:49:59.892+0000] {dag.py:3089} INFO - Sync 1 DAGs
[2024-08-13T17:49:59.911+0000] {logging_mixin.py:188} INFO - [2024-08-13T17:49:59.911+0000] {dag.py:3947} INFO - Setting next_dagrun for example_setup_teardown to 2024-08-12 00:00:00+00:00, run_after=2024-08-13 00:00:00+00:00
[2024-08-13T17:49:59.927+0000] {processor.py:183} INFO - Processing /home/airflow/.local/lib/python3.12/site-packages/airflow/example_dags/example_setup_teardown.py took 0.066 seconds
[2024-08-13T17:50:30.290+0000] {processor.py:161} INFO - Started process (PID=2404) to work on /home/airflow/.local/lib/python3.12/site-packages/airflow/example_dags/example_setup_teardown.py
[2024-08-13T17:50:30.290+0000] {processor.py:830} INFO - Processing file /home/airflow/.local/lib/python3.12/site-packages/airflow/example_dags/example_setup_teardown.py for tasks to queue
[2024-08-13T17:50:30.292+0000] {logging_mixin.py:188} INFO - [2024-08-13T17:50:30.292+0000] {dagbag.py:545} INFO - Filling up the DagBag from /home/airflow/.local/lib/python3.12/site-packages/airflow/example_dags/example_setup_teardown.py
[2024-08-13T17:50:30.297+0000] {processor.py:840} INFO - DAG(s) 'example_setup_teardown' retrieved from /home/airflow/.local/lib/python3.12/site-packages/airflow/example_dags/example_setup_teardown.py
[2024-08-13T17:50:30.315+0000] {logging_mixin.py:188} INFO - [2024-08-13T17:50:30.314+0000] {dag.py:3089} INFO - Sync 1 DAGs
[2024-08-13T17:50:30.334+0000] {logging_mixin.py:188} INFO - [2024-08-13T17:50:30.334+0000] {dag.py:3947} INFO - Setting next_dagrun for example_setup_teardown to 2024-08-12 00:00:00+00:00, run_after=2024-08-13 00:00:00+00:00
[2024-08-13T17:50:30.352+0000] {processor.py:183} INFO - Processing /home/airflow/.local/lib/python3.12/site-packages/airflow/example_dags/example_setup_teardown.py took 0.067 seconds
[2024-08-13T17:51:00.716+0000] {processor.py:161} INFO - Started process (PID=2462) to work on /home/airflow/.local/lib/python3.12/site-packages/airflow/example_dags/example_setup_teardown.py
[2024-08-13T17:51:00.717+0000] {processor.py:830} INFO - Processing file /home/airflow/.local/lib/python3.12/site-packages/airflow/example_dags/example_setup_teardown.py for tasks to queue
[2024-08-13T17:51:00.718+0000] {logging_mixin.py:188} INFO - [2024-08-13T17:51:00.718+0000] {dagbag.py:545} INFO - Filling up the DagBag from /home/airflow/.local/lib/python3.12/site-packages/airflow/example_dags/example_setup_teardown.py
[2024-08-13T17:51:00.724+0000] {processor.py:840} INFO - DAG(s) 'example_setup_teardown' retrieved from /home/airflow/.local/lib/python3.12/site-packages/airflow/example_dags/example_setup_teardown.py
[2024-08-13T17:51:00.743+0000] {logging_mixin.py:188} INFO - [2024-08-13T17:51:00.743+0000] {dag.py:3089} INFO - Sync 1 DAGs
[2024-08-13T17:51:00.764+0000] {logging_mixin.py:188} INFO - [2024-08-13T17:51:00.763+0000] {dag.py:3947} INFO - Setting next_dagrun for example_setup_teardown to 2024-08-12 00:00:00+00:00, run_after=2024-08-13 00:00:00+00:00
[2024-08-13T17:51:00.781+0000] {processor.py:183} INFO - Processing /home/airflow/.local/lib/python3.12/site-packages/airflow/example_dags/example_setup_teardown.py took 0.069 seconds
[2024-08-13T17:51:31.157+0000] {processor.py:161} INFO - Started process (PID=2520) to work on /home/airflow/.local/lib/python3.12/site-packages/airflow/example_dags/example_setup_teardown.py
[2024-08-13T17:51:31.158+0000] {processor.py:830} INFO - Processing file /home/airflow/.local/lib/python3.12/site-packages/airflow/example_dags/example_setup_teardown.py for tasks to queue
[2024-08-13T17:51:31.159+0000] {logging_mixin.py:188} INFO - [2024-08-13T17:51:31.159+0000] {dagbag.py:545} INFO - Filling up the DagBag from /home/airflow/.local/lib/python3.12/site-packages/airflow/example_dags/example_setup_teardown.py
[2024-08-13T17:51:31.165+0000] {processor.py:840} INFO - DAG(s) 'example_setup_teardown' retrieved from /home/airflow/.local/lib/python3.12/site-packages/airflow/example_dags/example_setup_teardown.py
[2024-08-13T17:51:31.183+0000] {logging_mixin.py:188} INFO - [2024-08-13T17:51:31.183+0000] {dag.py:3089} INFO - Sync 1 DAGs
[2024-08-13T17:51:31.203+0000] {logging_mixin.py:188} INFO - [2024-08-13T17:51:31.202+0000] {dag.py:3947} INFO - Setting next_dagrun for example_setup_teardown to 2024-08-12 00:00:00+00:00, run_after=2024-08-13 00:00:00+00:00
[2024-08-13T17:51:31.219+0000] {processor.py:183} INFO - Processing /home/airflow/.local/lib/python3.12/site-packages/airflow/example_dags/example_setup_teardown.py took 0.067 seconds
[2024-08-13T17:52:01.529+0000] {processor.py:161} INFO - Started process (PID=2578) to work on /home/airflow/.local/lib/python3.12/site-packages/airflow/example_dags/example_setup_teardown.py
[2024-08-13T17:52:01.530+0000] {processor.py:830} INFO - Processing file /home/airflow/.local/lib/python3.12/site-packages/airflow/example_dags/example_setup_teardown.py for tasks to queue
[2024-08-13T17:52:01.531+0000] {logging_mixin.py:188} INFO - [2024-08-13T17:52:01.531+0000] {dagbag.py:545} INFO - Filling up the DagBag from /home/airflow/.local/lib/python3.12/site-packages/airflow/example_dags/example_setup_teardown.py
[2024-08-13T17:52:01.537+0000] {processor.py:840} INFO - DAG(s) 'example_setup_teardown' retrieved from /home/airflow/.local/lib/python3.12/site-packages/airflow/example_dags/example_setup_teardown.py
[2024-08-13T17:52:01.555+0000] {logging_mixin.py:188} INFO - [2024-08-13T17:52:01.554+0000] {dag.py:3089} INFO - Sync 1 DAGs
[2024-08-13T17:52:01.574+0000] {logging_mixin.py:188} INFO - [2024-08-13T17:52:01.574+0000] {dag.py:3947} INFO - Setting next_dagrun for example_setup_teardown to 2024-08-12 00:00:00+00:00, run_after=2024-08-13 00:00:00+00:00
[2024-08-13T17:52:01.592+0000] {processor.py:183} INFO - Processing /home/airflow/.local/lib/python3.12/site-packages/airflow/example_dags/example_setup_teardown.py took 0.068 seconds
[2024-08-13T17:52:31.969+0000] {processor.py:161} INFO - Started process (PID=2636) to work on /home/airflow/.local/lib/python3.12/site-packages/airflow/example_dags/example_setup_teardown.py
[2024-08-13T17:52:31.969+0000] {processor.py:830} INFO - Processing file /home/airflow/.local/lib/python3.12/site-packages/airflow/example_dags/example_setup_teardown.py for tasks to queue
[2024-08-13T17:52:31.971+0000] {logging_mixin.py:188} INFO - [2024-08-13T17:52:31.970+0000] {dagbag.py:545} INFO - Filling up the DagBag from /home/airflow/.local/lib/python3.12/site-packages/airflow/example_dags/example_setup_teardown.py
[2024-08-13T17:52:31.976+0000] {processor.py:840} INFO - DAG(s) 'example_setup_teardown' retrieved from /home/airflow/.local/lib/python3.12/site-packages/airflow/example_dags/example_setup_teardown.py
[2024-08-13T17:52:31.994+0000] {logging_mixin.py:188} INFO - [2024-08-13T17:52:31.994+0000] {dag.py:3089} INFO - Sync 1 DAGs
[2024-08-13T17:52:32.014+0000] {logging_mixin.py:188} INFO - [2024-08-13T17:52:32.014+0000] {dag.py:3947} INFO - Setting next_dagrun for example_setup_teardown to 2024-08-12 00:00:00+00:00, run_after=2024-08-13 00:00:00+00:00
[2024-08-13T17:52:32.032+0000] {processor.py:183} INFO - Processing /home/airflow/.local/lib/python3.12/site-packages/airflow/example_dags/example_setup_teardown.py took 0.069 seconds
