[2024-08-13T17:30:09.963+0000] {processor.py:161} INFO - Started process (PID=74) to work on /home/airflow/.local/lib/python3.12/site-packages/airflow/example_dags/example_latest_only_with_trigger.py
[2024-08-13T17:30:09.964+0000] {processor.py:830} INFO - Processing file /home/airflow/.local/lib/python3.12/site-packages/airflow/example_dags/example_latest_only_with_trigger.py for tasks to queue
[2024-08-13T17:30:09.965+0000] {logging_mixin.py:188} INFO - [2024-08-13T17:30:09.965+0000] {dagbag.py:545} INFO - Filling up the DagBag from /home/airflow/.local/lib/python3.12/site-packages/airflow/example_dags/example_latest_only_with_trigger.py
[2024-08-13T17:30:09.970+0000] {processor.py:840} INFO - DAG(s) 'latest_only_with_trigger' retrieved from /home/airflow/.local/lib/python3.12/site-packages/airflow/example_dags/example_latest_only_with_trigger.py
[2024-08-13T17:30:09.991+0000] {logging_mixin.py:188} INFO - [2024-08-13T17:30:09.990+0000] {dag.py:3089} INFO - Sync 1 DAGs
[2024-08-13T17:30:10.012+0000] {logging_mixin.py:188} INFO - [2024-08-13T17:30:10.012+0000] {dag.py:3947} INFO - Setting next_dagrun for latest_only_with_trigger to 2024-08-13 12:00:00+00:00, run_after=2024-08-13 16:00:00+00:00
[2024-08-13T17:30:10.030+0000] {processor.py:183} INFO - Processing /home/airflow/.local/lib/python3.12/site-packages/airflow/example_dags/example_latest_only_with_trigger.py took 0.072 seconds
[2024-08-13T17:30:40.083+0000] {processor.py:161} INFO - Started process (PID=132) to work on /home/airflow/.local/lib/python3.12/site-packages/airflow/example_dags/example_latest_only_with_trigger.py
[2024-08-13T17:30:40.084+0000] {processor.py:830} INFO - Processing file /home/airflow/.local/lib/python3.12/site-packages/airflow/example_dags/example_latest_only_with_trigger.py for tasks to queue
[2024-08-13T17:30:40.085+0000] {logging_mixin.py:188} INFO - [2024-08-13T17:30:40.085+0000] {dagbag.py:545} INFO - Filling up the DagBag from /home/airflow/.local/lib/python3.12/site-packages/airflow/example_dags/example_latest_only_with_trigger.py
[2024-08-13T17:30:40.089+0000] {processor.py:840} INFO - DAG(s) 'latest_only_with_trigger' retrieved from /home/airflow/.local/lib/python3.12/site-packages/airflow/example_dags/example_latest_only_with_trigger.py
[2024-08-13T17:30:40.108+0000] {logging_mixin.py:188} INFO - [2024-08-13T17:30:40.108+0000] {dag.py:3089} INFO - Sync 1 DAGs
[2024-08-13T17:30:40.127+0000] {logging_mixin.py:188} INFO - [2024-08-13T17:30:40.127+0000] {dag.py:3947} INFO - Setting next_dagrun for latest_only_with_trigger to 2024-08-13 12:00:00+00:00, run_after=2024-08-13 16:00:00+00:00
[2024-08-13T17:30:40.144+0000] {processor.py:183} INFO - Processing /home/airflow/.local/lib/python3.12/site-packages/airflow/example_dags/example_latest_only_with_trigger.py took 0.066 seconds
[2024-08-13T17:31:10.331+0000] {processor.py:161} INFO - Started process (PID=190) to work on /home/airflow/.local/lib/python3.12/site-packages/airflow/example_dags/example_latest_only_with_trigger.py
[2024-08-13T17:31:10.332+0000] {processor.py:830} INFO - Processing file /home/airflow/.local/lib/python3.12/site-packages/airflow/example_dags/example_latest_only_with_trigger.py for tasks to queue
[2024-08-13T17:31:10.333+0000] {logging_mixin.py:188} INFO - [2024-08-13T17:31:10.333+0000] {dagbag.py:545} INFO - Filling up the DagBag from /home/airflow/.local/lib/python3.12/site-packages/airflow/example_dags/example_latest_only_with_trigger.py
[2024-08-13T17:31:10.338+0000] {processor.py:840} INFO - DAG(s) 'latest_only_with_trigger' retrieved from /home/airflow/.local/lib/python3.12/site-packages/airflow/example_dags/example_latest_only_with_trigger.py
[2024-08-13T17:31:10.357+0000] {logging_mixin.py:188} INFO - [2024-08-13T17:31:10.357+0000] {dag.py:3089} INFO - Sync 1 DAGs
[2024-08-13T17:31:10.379+0000] {logging_mixin.py:188} INFO - [2024-08-13T17:31:10.378+0000] {dag.py:3947} INFO - Setting next_dagrun for latest_only_with_trigger to 2024-08-13 12:00:00+00:00, run_after=2024-08-13 16:00:00+00:00
[2024-08-13T17:31:10.401+0000] {processor.py:183} INFO - Processing /home/airflow/.local/lib/python3.12/site-packages/airflow/example_dags/example_latest_only_with_trigger.py took 0.075 seconds
[2024-08-13T17:31:40.588+0000] {processor.py:161} INFO - Started process (PID=248) to work on /home/airflow/.local/lib/python3.12/site-packages/airflow/example_dags/example_latest_only_with_trigger.py
[2024-08-13T17:31:40.589+0000] {processor.py:830} INFO - Processing file /home/airflow/.local/lib/python3.12/site-packages/airflow/example_dags/example_latest_only_with_trigger.py for tasks to queue
[2024-08-13T17:31:40.590+0000] {logging_mixin.py:188} INFO - [2024-08-13T17:31:40.590+0000] {dagbag.py:545} INFO - Filling up the DagBag from /home/airflow/.local/lib/python3.12/site-packages/airflow/example_dags/example_latest_only_with_trigger.py
[2024-08-13T17:31:40.595+0000] {processor.py:840} INFO - DAG(s) 'latest_only_with_trigger' retrieved from /home/airflow/.local/lib/python3.12/site-packages/airflow/example_dags/example_latest_only_with_trigger.py
[2024-08-13T17:31:40.614+0000] {logging_mixin.py:188} INFO - [2024-08-13T17:31:40.614+0000] {dag.py:3089} INFO - Sync 1 DAGs
[2024-08-13T17:31:40.633+0000] {logging_mixin.py:188} INFO - [2024-08-13T17:31:40.633+0000] {dag.py:3947} INFO - Setting next_dagrun for latest_only_with_trigger to 2024-08-13 12:00:00+00:00, run_after=2024-08-13 16:00:00+00:00
[2024-08-13T17:31:40.648+0000] {processor.py:183} INFO - Processing /home/airflow/.local/lib/python3.12/site-packages/airflow/example_dags/example_latest_only_with_trigger.py took 0.065 seconds
[2024-08-13T17:32:10.683+0000] {processor.py:161} INFO - Started process (PID=306) to work on /home/airflow/.local/lib/python3.12/site-packages/airflow/example_dags/example_latest_only_with_trigger.py
[2024-08-13T17:32:10.684+0000] {processor.py:830} INFO - Processing file /home/airflow/.local/lib/python3.12/site-packages/airflow/example_dags/example_latest_only_with_trigger.py for tasks to queue
[2024-08-13T17:32:10.685+0000] {logging_mixin.py:188} INFO - [2024-08-13T17:32:10.685+0000] {dagbag.py:545} INFO - Filling up the DagBag from /home/airflow/.local/lib/python3.12/site-packages/airflow/example_dags/example_latest_only_with_trigger.py
[2024-08-13T17:32:10.689+0000] {processor.py:840} INFO - DAG(s) 'latest_only_with_trigger' retrieved from /home/airflow/.local/lib/python3.12/site-packages/airflow/example_dags/example_latest_only_with_trigger.py
[2024-08-13T17:32:10.711+0000] {logging_mixin.py:188} INFO - [2024-08-13T17:32:10.710+0000] {dag.py:3089} INFO - Sync 1 DAGs
[2024-08-13T17:32:10.730+0000] {logging_mixin.py:188} INFO - [2024-08-13T17:32:10.730+0000] {dag.py:3947} INFO - Setting next_dagrun for latest_only_with_trigger to 2024-08-13 12:00:00+00:00, run_after=2024-08-13 16:00:00+00:00
[2024-08-13T17:32:10.747+0000] {processor.py:183} INFO - Processing /home/airflow/.local/lib/python3.12/site-packages/airflow/example_dags/example_latest_only_with_trigger.py took 0.069 seconds
[2024-08-13T17:32:41.068+0000] {processor.py:161} INFO - Started process (PID=364) to work on /home/airflow/.local/lib/python3.12/site-packages/airflow/example_dags/example_latest_only_with_trigger.py
[2024-08-13T17:32:41.069+0000] {processor.py:830} INFO - Processing file /home/airflow/.local/lib/python3.12/site-packages/airflow/example_dags/example_latest_only_with_trigger.py for tasks to queue
[2024-08-13T17:32:41.070+0000] {logging_mixin.py:188} INFO - [2024-08-13T17:32:41.070+0000] {dagbag.py:545} INFO - Filling up the DagBag from /home/airflow/.local/lib/python3.12/site-packages/airflow/example_dags/example_latest_only_with_trigger.py
[2024-08-13T17:32:41.074+0000] {processor.py:840} INFO - DAG(s) 'latest_only_with_trigger' retrieved from /home/airflow/.local/lib/python3.12/site-packages/airflow/example_dags/example_latest_only_with_trigger.py
[2024-08-13T17:32:41.093+0000] {logging_mixin.py:188} INFO - [2024-08-13T17:32:41.093+0000] {dag.py:3089} INFO - Sync 1 DAGs
[2024-08-13T17:32:41.112+0000] {logging_mixin.py:188} INFO - [2024-08-13T17:32:41.111+0000] {dag.py:3947} INFO - Setting next_dagrun for latest_only_with_trigger to 2024-08-13 12:00:00+00:00, run_after=2024-08-13 16:00:00+00:00
[2024-08-13T17:32:41.128+0000] {processor.py:183} INFO - Processing /home/airflow/.local/lib/python3.12/site-packages/airflow/example_dags/example_latest_only_with_trigger.py took 0.065 seconds
[2024-08-13T17:33:11.689+0000] {processor.py:161} INFO - Started process (PID=422) to work on /home/airflow/.local/lib/python3.12/site-packages/airflow/example_dags/example_latest_only_with_trigger.py
[2024-08-13T17:33:11.690+0000] {processor.py:830} INFO - Processing file /home/airflow/.local/lib/python3.12/site-packages/airflow/example_dags/example_latest_only_with_trigger.py for tasks to queue
[2024-08-13T17:33:11.691+0000] {logging_mixin.py:188} INFO - [2024-08-13T17:33:11.691+0000] {dagbag.py:545} INFO - Filling up the DagBag from /home/airflow/.local/lib/python3.12/site-packages/airflow/example_dags/example_latest_only_with_trigger.py
[2024-08-13T17:33:11.695+0000] {processor.py:840} INFO - DAG(s) 'latest_only_with_trigger' retrieved from /home/airflow/.local/lib/python3.12/site-packages/airflow/example_dags/example_latest_only_with_trigger.py
[2024-08-13T17:33:11.714+0000] {logging_mixin.py:188} INFO - [2024-08-13T17:33:11.714+0000] {dag.py:3089} INFO - Sync 1 DAGs
[2024-08-13T17:33:11.732+0000] {logging_mixin.py:188} INFO - [2024-08-13T17:33:11.732+0000] {dag.py:3947} INFO - Setting next_dagrun for latest_only_with_trigger to 2024-08-13 12:00:00+00:00, run_after=2024-08-13 16:00:00+00:00
[2024-08-13T17:33:11.749+0000] {processor.py:183} INFO - Processing /home/airflow/.local/lib/python3.12/site-packages/airflow/example_dags/example_latest_only_with_trigger.py took 0.064 seconds
[2024-08-13T17:33:42.320+0000] {processor.py:161} INFO - Started process (PID=480) to work on /home/airflow/.local/lib/python3.12/site-packages/airflow/example_dags/example_latest_only_with_trigger.py
[2024-08-13T17:33:42.320+0000] {processor.py:830} INFO - Processing file /home/airflow/.local/lib/python3.12/site-packages/airflow/example_dags/example_latest_only_with_trigger.py for tasks to queue
[2024-08-13T17:33:42.322+0000] {logging_mixin.py:188} INFO - [2024-08-13T17:33:42.321+0000] {dagbag.py:545} INFO - Filling up the DagBag from /home/airflow/.local/lib/python3.12/site-packages/airflow/example_dags/example_latest_only_with_trigger.py
[2024-08-13T17:33:42.326+0000] {processor.py:840} INFO - DAG(s) 'latest_only_with_trigger' retrieved from /home/airflow/.local/lib/python3.12/site-packages/airflow/example_dags/example_latest_only_with_trigger.py
[2024-08-13T17:33:42.344+0000] {logging_mixin.py:188} INFO - [2024-08-13T17:33:42.344+0000] {dag.py:3089} INFO - Sync 1 DAGs
[2024-08-13T17:33:42.363+0000] {logging_mixin.py:188} INFO - [2024-08-13T17:33:42.362+0000] {dag.py:3947} INFO - Setting next_dagrun for latest_only_with_trigger to 2024-08-13 12:00:00+00:00, run_after=2024-08-13 16:00:00+00:00
[2024-08-13T17:33:42.379+0000] {processor.py:183} INFO - Processing /home/airflow/.local/lib/python3.12/site-packages/airflow/example_dags/example_latest_only_with_trigger.py took 0.064 seconds
[2024-08-13T17:34:12.857+0000] {processor.py:161} INFO - Started process (PID=538) to work on /home/airflow/.local/lib/python3.12/site-packages/airflow/example_dags/example_latest_only_with_trigger.py
[2024-08-13T17:34:12.858+0000] {processor.py:830} INFO - Processing file /home/airflow/.local/lib/python3.12/site-packages/airflow/example_dags/example_latest_only_with_trigger.py for tasks to queue
[2024-08-13T17:34:12.859+0000] {logging_mixin.py:188} INFO - [2024-08-13T17:34:12.859+0000] {dagbag.py:545} INFO - Filling up the DagBag from /home/airflow/.local/lib/python3.12/site-packages/airflow/example_dags/example_latest_only_with_trigger.py
[2024-08-13T17:34:12.863+0000] {processor.py:840} INFO - DAG(s) 'latest_only_with_trigger' retrieved from /home/airflow/.local/lib/python3.12/site-packages/airflow/example_dags/example_latest_only_with_trigger.py
[2024-08-13T17:34:12.882+0000] {logging_mixin.py:188} INFO - [2024-08-13T17:34:12.882+0000] {dag.py:3089} INFO - Sync 1 DAGs
[2024-08-13T17:34:12.902+0000] {logging_mixin.py:188} INFO - [2024-08-13T17:34:12.901+0000] {dag.py:3947} INFO - Setting next_dagrun for latest_only_with_trigger to 2024-08-13 12:00:00+00:00, run_after=2024-08-13 16:00:00+00:00
[2024-08-13T17:34:12.919+0000] {processor.py:183} INFO - Processing /home/airflow/.local/lib/python3.12/site-packages/airflow/example_dags/example_latest_only_with_trigger.py took 0.067 seconds
[2024-08-13T17:34:43.371+0000] {processor.py:161} INFO - Started process (PID=602) to work on /home/airflow/.local/lib/python3.12/site-packages/airflow/example_dags/example_latest_only_with_trigger.py
[2024-08-13T17:34:43.371+0000] {processor.py:830} INFO - Processing file /home/airflow/.local/lib/python3.12/site-packages/airflow/example_dags/example_latest_only_with_trigger.py for tasks to queue
[2024-08-13T17:34:43.373+0000] {logging_mixin.py:188} INFO - [2024-08-13T17:34:43.373+0000] {dagbag.py:545} INFO - Filling up the DagBag from /home/airflow/.local/lib/python3.12/site-packages/airflow/example_dags/example_latest_only_with_trigger.py
[2024-08-13T17:34:43.377+0000] {processor.py:840} INFO - DAG(s) 'latest_only_with_trigger' retrieved from /home/airflow/.local/lib/python3.12/site-packages/airflow/example_dags/example_latest_only_with_trigger.py
[2024-08-13T17:34:43.395+0000] {logging_mixin.py:188} INFO - [2024-08-13T17:34:43.395+0000] {dag.py:3089} INFO - Sync 1 DAGs
[2024-08-13T17:34:43.414+0000] {logging_mixin.py:188} INFO - [2024-08-13T17:34:43.414+0000] {dag.py:3947} INFO - Setting next_dagrun for latest_only_with_trigger to 2024-08-13 12:00:00+00:00, run_after=2024-08-13 16:00:00+00:00
[2024-08-13T17:34:43.430+0000] {processor.py:183} INFO - Processing /home/airflow/.local/lib/python3.12/site-packages/airflow/example_dags/example_latest_only_with_trigger.py took 0.064 seconds
[2024-08-13T17:35:13.814+0000] {processor.py:161} INFO - Started process (PID=660) to work on /home/airflow/.local/lib/python3.12/site-packages/airflow/example_dags/example_latest_only_with_trigger.py
[2024-08-13T17:35:13.815+0000] {processor.py:830} INFO - Processing file /home/airflow/.local/lib/python3.12/site-packages/airflow/example_dags/example_latest_only_with_trigger.py for tasks to queue
[2024-08-13T17:35:13.816+0000] {logging_mixin.py:188} INFO - [2024-08-13T17:35:13.816+0000] {dagbag.py:545} INFO - Filling up the DagBag from /home/airflow/.local/lib/python3.12/site-packages/airflow/example_dags/example_latest_only_with_trigger.py
[2024-08-13T17:35:13.820+0000] {processor.py:840} INFO - DAG(s) 'latest_only_with_trigger' retrieved from /home/airflow/.local/lib/python3.12/site-packages/airflow/example_dags/example_latest_only_with_trigger.py
[2024-08-13T17:35:13.838+0000] {logging_mixin.py:188} INFO - [2024-08-13T17:35:13.838+0000] {dag.py:3089} INFO - Sync 1 DAGs
[2024-08-13T17:35:13.857+0000] {logging_mixin.py:188} INFO - [2024-08-13T17:35:13.857+0000] {dag.py:3947} INFO - Setting next_dagrun for latest_only_with_trigger to 2024-08-13 12:00:00+00:00, run_after=2024-08-13 16:00:00+00:00
[2024-08-13T17:35:13.873+0000] {processor.py:183} INFO - Processing /home/airflow/.local/lib/python3.12/site-packages/airflow/example_dags/example_latest_only_with_trigger.py took 0.064 seconds
[2024-08-13T17:35:44.224+0000] {processor.py:161} INFO - Started process (PID=718) to work on /home/airflow/.local/lib/python3.12/site-packages/airflow/example_dags/example_latest_only_with_trigger.py
[2024-08-13T17:35:44.225+0000] {processor.py:830} INFO - Processing file /home/airflow/.local/lib/python3.12/site-packages/airflow/example_dags/example_latest_only_with_trigger.py for tasks to queue
[2024-08-13T17:35:44.226+0000] {logging_mixin.py:188} INFO - [2024-08-13T17:35:44.226+0000] {dagbag.py:545} INFO - Filling up the DagBag from /home/airflow/.local/lib/python3.12/site-packages/airflow/example_dags/example_latest_only_with_trigger.py
[2024-08-13T17:35:44.230+0000] {processor.py:840} INFO - DAG(s) 'latest_only_with_trigger' retrieved from /home/airflow/.local/lib/python3.12/site-packages/airflow/example_dags/example_latest_only_with_trigger.py
[2024-08-13T17:35:44.249+0000] {logging_mixin.py:188} INFO - [2024-08-13T17:35:44.249+0000] {dag.py:3089} INFO - Sync 1 DAGs
[2024-08-13T17:35:44.268+0000] {logging_mixin.py:188} INFO - [2024-08-13T17:35:44.268+0000] {dag.py:3947} INFO - Setting next_dagrun for latest_only_with_trigger to 2024-08-13 12:00:00+00:00, run_after=2024-08-13 16:00:00+00:00
[2024-08-13T17:35:44.284+0000] {processor.py:183} INFO - Processing /home/airflow/.local/lib/python3.12/site-packages/airflow/example_dags/example_latest_only_with_trigger.py took 0.065 seconds
[2024-08-13T17:36:14.876+0000] {processor.py:161} INFO - Started process (PID=776) to work on /home/airflow/.local/lib/python3.12/site-packages/airflow/example_dags/example_latest_only_with_trigger.py
[2024-08-13T17:36:14.877+0000] {processor.py:830} INFO - Processing file /home/airflow/.local/lib/python3.12/site-packages/airflow/example_dags/example_latest_only_with_trigger.py for tasks to queue
[2024-08-13T17:36:14.878+0000] {logging_mixin.py:188} INFO - [2024-08-13T17:36:14.878+0000] {dagbag.py:545} INFO - Filling up the DagBag from /home/airflow/.local/lib/python3.12/site-packages/airflow/example_dags/example_latest_only_with_trigger.py
[2024-08-13T17:36:14.882+0000] {processor.py:840} INFO - DAG(s) 'latest_only_with_trigger' retrieved from /home/airflow/.local/lib/python3.12/site-packages/airflow/example_dags/example_latest_only_with_trigger.py
[2024-08-13T17:36:14.902+0000] {logging_mixin.py:188} INFO - [2024-08-13T17:36:14.901+0000] {dag.py:3089} INFO - Sync 1 DAGs
[2024-08-13T17:36:14.922+0000] {logging_mixin.py:188} INFO - [2024-08-13T17:36:14.922+0000] {dag.py:3947} INFO - Setting next_dagrun for latest_only_with_trigger to 2024-08-13 12:00:00+00:00, run_after=2024-08-13 16:00:00+00:00
[2024-08-13T17:36:14.941+0000] {processor.py:183} INFO - Processing /home/airflow/.local/lib/python3.12/site-packages/airflow/example_dags/example_latest_only_with_trigger.py took 0.069 seconds
[2024-08-13T17:36:45.274+0000] {processor.py:161} INFO - Started process (PID=834) to work on /home/airflow/.local/lib/python3.12/site-packages/airflow/example_dags/example_latest_only_with_trigger.py
[2024-08-13T17:36:45.275+0000] {processor.py:830} INFO - Processing file /home/airflow/.local/lib/python3.12/site-packages/airflow/example_dags/example_latest_only_with_trigger.py for tasks to queue
[2024-08-13T17:36:45.276+0000] {logging_mixin.py:188} INFO - [2024-08-13T17:36:45.276+0000] {dagbag.py:545} INFO - Filling up the DagBag from /home/airflow/.local/lib/python3.12/site-packages/airflow/example_dags/example_latest_only_with_trigger.py
[2024-08-13T17:36:45.280+0000] {processor.py:840} INFO - DAG(s) 'latest_only_with_trigger' retrieved from /home/airflow/.local/lib/python3.12/site-packages/airflow/example_dags/example_latest_only_with_trigger.py
[2024-08-13T17:36:45.301+0000] {logging_mixin.py:188} INFO - [2024-08-13T17:36:45.301+0000] {dag.py:3089} INFO - Sync 1 DAGs
[2024-08-13T17:36:45.320+0000] {logging_mixin.py:188} INFO - [2024-08-13T17:36:45.320+0000] {dag.py:3947} INFO - Setting next_dagrun for latest_only_with_trigger to 2024-08-13 12:00:00+00:00, run_after=2024-08-13 16:00:00+00:00
[2024-08-13T17:36:45.336+0000] {processor.py:183} INFO - Processing /home/airflow/.local/lib/python3.12/site-packages/airflow/example_dags/example_latest_only_with_trigger.py took 0.067 seconds
[2024-08-13T17:37:15.794+0000] {processor.py:161} INFO - Started process (PID=892) to work on /home/airflow/.local/lib/python3.12/site-packages/airflow/example_dags/example_latest_only_with_trigger.py
[2024-08-13T17:37:15.795+0000] {processor.py:830} INFO - Processing file /home/airflow/.local/lib/python3.12/site-packages/airflow/example_dags/example_latest_only_with_trigger.py for tasks to queue
[2024-08-13T17:37:15.796+0000] {logging_mixin.py:188} INFO - [2024-08-13T17:37:15.796+0000] {dagbag.py:545} INFO - Filling up the DagBag from /home/airflow/.local/lib/python3.12/site-packages/airflow/example_dags/example_latest_only_with_trigger.py
[2024-08-13T17:37:15.800+0000] {processor.py:840} INFO - DAG(s) 'latest_only_with_trigger' retrieved from /home/airflow/.local/lib/python3.12/site-packages/airflow/example_dags/example_latest_only_with_trigger.py
[2024-08-13T17:37:15.820+0000] {logging_mixin.py:188} INFO - [2024-08-13T17:37:15.819+0000] {dag.py:3089} INFO - Sync 1 DAGs
[2024-08-13T17:37:15.839+0000] {logging_mixin.py:188} INFO - [2024-08-13T17:37:15.838+0000] {dag.py:3947} INFO - Setting next_dagrun for latest_only_with_trigger to 2024-08-13 12:00:00+00:00, run_after=2024-08-13 16:00:00+00:00
[2024-08-13T17:37:15.855+0000] {processor.py:183} INFO - Processing /home/airflow/.local/lib/python3.12/site-packages/airflow/example_dags/example_latest_only_with_trigger.py took 0.066 seconds
[2024-08-13T17:37:46.486+0000] {processor.py:161} INFO - Started process (PID=951) to work on /home/airflow/.local/lib/python3.12/site-packages/airflow/example_dags/example_latest_only_with_trigger.py
[2024-08-13T17:37:46.487+0000] {processor.py:830} INFO - Processing file /home/airflow/.local/lib/python3.12/site-packages/airflow/example_dags/example_latest_only_with_trigger.py for tasks to queue
[2024-08-13T17:37:46.489+0000] {logging_mixin.py:188} INFO - [2024-08-13T17:37:46.488+0000] {dagbag.py:545} INFO - Filling up the DagBag from /home/airflow/.local/lib/python3.12/site-packages/airflow/example_dags/example_latest_only_with_trigger.py
[2024-08-13T17:37:46.493+0000] {processor.py:840} INFO - DAG(s) 'latest_only_with_trigger' retrieved from /home/airflow/.local/lib/python3.12/site-packages/airflow/example_dags/example_latest_only_with_trigger.py
[2024-08-13T17:37:46.513+0000] {logging_mixin.py:188} INFO - [2024-08-13T17:37:46.512+0000] {dag.py:3089} INFO - Sync 1 DAGs
[2024-08-13T17:37:46.532+0000] {logging_mixin.py:188} INFO - [2024-08-13T17:37:46.532+0000] {dag.py:3947} INFO - Setting next_dagrun for latest_only_with_trigger to 2024-08-13 12:00:00+00:00, run_after=2024-08-13 16:00:00+00:00
[2024-08-13T17:37:46.549+0000] {processor.py:183} INFO - Processing /home/airflow/.local/lib/python3.12/site-packages/airflow/example_dags/example_latest_only_with_trigger.py took 0.068 seconds
[2024-08-13T17:38:17.032+0000] {processor.py:161} INFO - Started process (PID=1008) to work on /home/airflow/.local/lib/python3.12/site-packages/airflow/example_dags/example_latest_only_with_trigger.py
[2024-08-13T17:38:17.032+0000] {processor.py:830} INFO - Processing file /home/airflow/.local/lib/python3.12/site-packages/airflow/example_dags/example_latest_only_with_trigger.py for tasks to queue
[2024-08-13T17:38:17.034+0000] {logging_mixin.py:188} INFO - [2024-08-13T17:38:17.033+0000] {dagbag.py:545} INFO - Filling up the DagBag from /home/airflow/.local/lib/python3.12/site-packages/airflow/example_dags/example_latest_only_with_trigger.py
[2024-08-13T17:38:17.038+0000] {processor.py:840} INFO - DAG(s) 'latest_only_with_trigger' retrieved from /home/airflow/.local/lib/python3.12/site-packages/airflow/example_dags/example_latest_only_with_trigger.py
[2024-08-13T17:38:17.057+0000] {logging_mixin.py:188} INFO - [2024-08-13T17:38:17.057+0000] {dag.py:3089} INFO - Sync 1 DAGs
[2024-08-13T17:38:17.076+0000] {logging_mixin.py:188} INFO - [2024-08-13T17:38:17.076+0000] {dag.py:3947} INFO - Setting next_dagrun for latest_only_with_trigger to 2024-08-13 12:00:00+00:00, run_after=2024-08-13 16:00:00+00:00
[2024-08-13T17:38:17.092+0000] {processor.py:183} INFO - Processing /home/airflow/.local/lib/python3.12/site-packages/airflow/example_dags/example_latest_only_with_trigger.py took 0.066 seconds
[2024-08-13T17:38:47.263+0000] {processor.py:161} INFO - Started process (PID=1066) to work on /home/airflow/.local/lib/python3.12/site-packages/airflow/example_dags/example_latest_only_with_trigger.py
[2024-08-13T17:38:47.263+0000] {processor.py:830} INFO - Processing file /home/airflow/.local/lib/python3.12/site-packages/airflow/example_dags/example_latest_only_with_trigger.py for tasks to queue
[2024-08-13T17:38:47.265+0000] {logging_mixin.py:188} INFO - [2024-08-13T17:38:47.264+0000] {dagbag.py:545} INFO - Filling up the DagBag from /home/airflow/.local/lib/python3.12/site-packages/airflow/example_dags/example_latest_only_with_trigger.py
[2024-08-13T17:38:47.269+0000] {processor.py:840} INFO - DAG(s) 'latest_only_with_trigger' retrieved from /home/airflow/.local/lib/python3.12/site-packages/airflow/example_dags/example_latest_only_with_trigger.py
[2024-08-13T17:38:47.290+0000] {logging_mixin.py:188} INFO - [2024-08-13T17:38:47.290+0000] {dag.py:3089} INFO - Sync 1 DAGs
[2024-08-13T17:38:47.310+0000] {logging_mixin.py:188} INFO - [2024-08-13T17:38:47.310+0000] {dag.py:3947} INFO - Setting next_dagrun for latest_only_with_trigger to 2024-08-13 12:00:00+00:00, run_after=2024-08-13 16:00:00+00:00
[2024-08-13T17:38:47.327+0000] {processor.py:183} INFO - Processing /home/airflow/.local/lib/python3.12/site-packages/airflow/example_dags/example_latest_only_with_trigger.py took 0.070 seconds
[2024-08-13T17:39:17.589+0000] {processor.py:161} INFO - Started process (PID=1124) to work on /home/airflow/.local/lib/python3.12/site-packages/airflow/example_dags/example_latest_only_with_trigger.py
[2024-08-13T17:39:17.590+0000] {processor.py:830} INFO - Processing file /home/airflow/.local/lib/python3.12/site-packages/airflow/example_dags/example_latest_only_with_trigger.py for tasks to queue
[2024-08-13T17:39:17.591+0000] {logging_mixin.py:188} INFO - [2024-08-13T17:39:17.591+0000] {dagbag.py:545} INFO - Filling up the DagBag from /home/airflow/.local/lib/python3.12/site-packages/airflow/example_dags/example_latest_only_with_trigger.py
[2024-08-13T17:39:17.595+0000] {processor.py:840} INFO - DAG(s) 'latest_only_with_trigger' retrieved from /home/airflow/.local/lib/python3.12/site-packages/airflow/example_dags/example_latest_only_with_trigger.py
[2024-08-13T17:39:17.614+0000] {logging_mixin.py:188} INFO - [2024-08-13T17:39:17.613+0000] {dag.py:3089} INFO - Sync 1 DAGs
[2024-08-13T17:39:17.633+0000] {logging_mixin.py:188} INFO - [2024-08-13T17:39:17.632+0000] {dag.py:3947} INFO - Setting next_dagrun for latest_only_with_trigger to 2024-08-13 12:00:00+00:00, run_after=2024-08-13 16:00:00+00:00
[2024-08-13T17:39:17.650+0000] {processor.py:183} INFO - Processing /home/airflow/.local/lib/python3.12/site-packages/airflow/example_dags/example_latest_only_with_trigger.py took 0.066 seconds
[2024-08-13T17:39:48.036+0000] {processor.py:161} INFO - Started process (PID=1182) to work on /home/airflow/.local/lib/python3.12/site-packages/airflow/example_dags/example_latest_only_with_trigger.py
[2024-08-13T17:39:48.037+0000] {processor.py:830} INFO - Processing file /home/airflow/.local/lib/python3.12/site-packages/airflow/example_dags/example_latest_only_with_trigger.py for tasks to queue
[2024-08-13T17:39:48.038+0000] {logging_mixin.py:188} INFO - [2024-08-13T17:39:48.038+0000] {dagbag.py:545} INFO - Filling up the DagBag from /home/airflow/.local/lib/python3.12/site-packages/airflow/example_dags/example_latest_only_with_trigger.py
[2024-08-13T17:39:48.043+0000] {processor.py:840} INFO - DAG(s) 'latest_only_with_trigger' retrieved from /home/airflow/.local/lib/python3.12/site-packages/airflow/example_dags/example_latest_only_with_trigger.py
[2024-08-13T17:39:48.061+0000] {logging_mixin.py:188} INFO - [2024-08-13T17:39:48.061+0000] {dag.py:3089} INFO - Sync 1 DAGs
[2024-08-13T17:39:48.080+0000] {logging_mixin.py:188} INFO - [2024-08-13T17:39:48.080+0000] {dag.py:3947} INFO - Setting next_dagrun for latest_only_with_trigger to 2024-08-13 12:00:00+00:00, run_after=2024-08-13 16:00:00+00:00
[2024-08-13T17:39:48.096+0000] {processor.py:183} INFO - Processing /home/airflow/.local/lib/python3.12/site-packages/airflow/example_dags/example_latest_only_with_trigger.py took 0.064 seconds
[2024-08-13T17:40:18.543+0000] {processor.py:161} INFO - Started process (PID=1240) to work on /home/airflow/.local/lib/python3.12/site-packages/airflow/example_dags/example_latest_only_with_trigger.py
[2024-08-13T17:40:18.543+0000] {processor.py:830} INFO - Processing file /home/airflow/.local/lib/python3.12/site-packages/airflow/example_dags/example_latest_only_with_trigger.py for tasks to queue
[2024-08-13T17:40:18.545+0000] {logging_mixin.py:188} INFO - [2024-08-13T17:40:18.544+0000] {dagbag.py:545} INFO - Filling up the DagBag from /home/airflow/.local/lib/python3.12/site-packages/airflow/example_dags/example_latest_only_with_trigger.py
[2024-08-13T17:40:18.549+0000] {processor.py:840} INFO - DAG(s) 'latest_only_with_trigger' retrieved from /home/airflow/.local/lib/python3.12/site-packages/airflow/example_dags/example_latest_only_with_trigger.py
[2024-08-13T17:40:18.568+0000] {logging_mixin.py:188} INFO - [2024-08-13T17:40:18.568+0000] {dag.py:3089} INFO - Sync 1 DAGs
[2024-08-13T17:40:18.587+0000] {logging_mixin.py:188} INFO - [2024-08-13T17:40:18.587+0000] {dag.py:3947} INFO - Setting next_dagrun for latest_only_with_trigger to 2024-08-13 12:00:00+00:00, run_after=2024-08-13 16:00:00+00:00
[2024-08-13T17:40:18.604+0000] {processor.py:183} INFO - Processing /home/airflow/.local/lib/python3.12/site-packages/airflow/example_dags/example_latest_only_with_trigger.py took 0.066 seconds
[2024-08-13T17:40:49.212+0000] {processor.py:161} INFO - Started process (PID=1298) to work on /home/airflow/.local/lib/python3.12/site-packages/airflow/example_dags/example_latest_only_with_trigger.py
[2024-08-13T17:40:49.212+0000] {processor.py:830} INFO - Processing file /home/airflow/.local/lib/python3.12/site-packages/airflow/example_dags/example_latest_only_with_trigger.py for tasks to queue
[2024-08-13T17:40:49.214+0000] {logging_mixin.py:188} INFO - [2024-08-13T17:40:49.213+0000] {dagbag.py:545} INFO - Filling up the DagBag from /home/airflow/.local/lib/python3.12/site-packages/airflow/example_dags/example_latest_only_with_trigger.py
[2024-08-13T17:40:49.218+0000] {processor.py:840} INFO - DAG(s) 'latest_only_with_trigger' retrieved from /home/airflow/.local/lib/python3.12/site-packages/airflow/example_dags/example_latest_only_with_trigger.py
[2024-08-13T17:40:49.237+0000] {logging_mixin.py:188} INFO - [2024-08-13T17:40:49.237+0000] {dag.py:3089} INFO - Sync 1 DAGs
[2024-08-13T17:40:49.256+0000] {logging_mixin.py:188} INFO - [2024-08-13T17:40:49.256+0000] {dag.py:3947} INFO - Setting next_dagrun for latest_only_with_trigger to 2024-08-13 12:00:00+00:00, run_after=2024-08-13 16:00:00+00:00
[2024-08-13T17:40:49.272+0000] {processor.py:183} INFO - Processing /home/airflow/.local/lib/python3.12/site-packages/airflow/example_dags/example_latest_only_with_trigger.py took 0.065 seconds
[2024-08-13T17:41:19.334+0000] {processor.py:161} INFO - Started process (PID=1356) to work on /home/airflow/.local/lib/python3.12/site-packages/airflow/example_dags/example_latest_only_with_trigger.py
[2024-08-13T17:41:19.334+0000] {processor.py:830} INFO - Processing file /home/airflow/.local/lib/python3.12/site-packages/airflow/example_dags/example_latest_only_with_trigger.py for tasks to queue
[2024-08-13T17:41:19.336+0000] {logging_mixin.py:188} INFO - [2024-08-13T17:41:19.335+0000] {dagbag.py:545} INFO - Filling up the DagBag from /home/airflow/.local/lib/python3.12/site-packages/airflow/example_dags/example_latest_only_with_trigger.py
[2024-08-13T17:41:19.340+0000] {processor.py:840} INFO - DAG(s) 'latest_only_with_trigger' retrieved from /home/airflow/.local/lib/python3.12/site-packages/airflow/example_dags/example_latest_only_with_trigger.py
[2024-08-13T17:41:19.359+0000] {logging_mixin.py:188} INFO - [2024-08-13T17:41:19.359+0000] {dag.py:3089} INFO - Sync 1 DAGs
[2024-08-13T17:41:19.378+0000] {logging_mixin.py:188} INFO - [2024-08-13T17:41:19.378+0000] {dag.py:3947} INFO - Setting next_dagrun for latest_only_with_trigger to 2024-08-13 12:00:00+00:00, run_after=2024-08-13 16:00:00+00:00
[2024-08-13T17:41:19.395+0000] {processor.py:183} INFO - Processing /home/airflow/.local/lib/python3.12/site-packages/airflow/example_dags/example_latest_only_with_trigger.py took 0.066 seconds
[2024-08-13T17:41:50.047+0000] {processor.py:161} INFO - Started process (PID=1414) to work on /home/airflow/.local/lib/python3.12/site-packages/airflow/example_dags/example_latest_only_with_trigger.py
[2024-08-13T17:41:50.048+0000] {processor.py:830} INFO - Processing file /home/airflow/.local/lib/python3.12/site-packages/airflow/example_dags/example_latest_only_with_trigger.py for tasks to queue
[2024-08-13T17:41:50.050+0000] {logging_mixin.py:188} INFO - [2024-08-13T17:41:50.049+0000] {dagbag.py:545} INFO - Filling up the DagBag from /home/airflow/.local/lib/python3.12/site-packages/airflow/example_dags/example_latest_only_with_trigger.py
[2024-08-13T17:41:50.054+0000] {processor.py:840} INFO - DAG(s) 'latest_only_with_trigger' retrieved from /home/airflow/.local/lib/python3.12/site-packages/airflow/example_dags/example_latest_only_with_trigger.py
[2024-08-13T17:41:50.074+0000] {logging_mixin.py:188} INFO - [2024-08-13T17:41:50.074+0000] {dag.py:3089} INFO - Sync 1 DAGs
[2024-08-13T17:41:50.094+0000] {logging_mixin.py:188} INFO - [2024-08-13T17:41:50.094+0000] {dag.py:3947} INFO - Setting next_dagrun for latest_only_with_trigger to 2024-08-13 12:00:00+00:00, run_after=2024-08-13 16:00:00+00:00
[2024-08-13T17:41:50.110+0000] {processor.py:183} INFO - Processing /home/airflow/.local/lib/python3.12/site-packages/airflow/example_dags/example_latest_only_with_trigger.py took 0.068 seconds
[2024-08-13T17:42:20.729+0000] {processor.py:161} INFO - Started process (PID=1472) to work on /home/airflow/.local/lib/python3.12/site-packages/airflow/example_dags/example_latest_only_with_trigger.py
[2024-08-13T17:42:20.729+0000] {processor.py:830} INFO - Processing file /home/airflow/.local/lib/python3.12/site-packages/airflow/example_dags/example_latest_only_with_trigger.py for tasks to queue
[2024-08-13T17:42:20.731+0000] {logging_mixin.py:188} INFO - [2024-08-13T17:42:20.731+0000] {dagbag.py:545} INFO - Filling up the DagBag from /home/airflow/.local/lib/python3.12/site-packages/airflow/example_dags/example_latest_only_with_trigger.py
[2024-08-13T17:42:20.735+0000] {processor.py:840} INFO - DAG(s) 'latest_only_with_trigger' retrieved from /home/airflow/.local/lib/python3.12/site-packages/airflow/example_dags/example_latest_only_with_trigger.py
[2024-08-13T17:42:20.756+0000] {logging_mixin.py:188} INFO - [2024-08-13T17:42:20.755+0000] {dag.py:3089} INFO - Sync 1 DAGs
[2024-08-13T17:42:20.775+0000] {logging_mixin.py:188} INFO - [2024-08-13T17:42:20.775+0000] {dag.py:3947} INFO - Setting next_dagrun for latest_only_with_trigger to 2024-08-13 12:00:00+00:00, run_after=2024-08-13 16:00:00+00:00
[2024-08-13T17:42:20.904+0000] {processor.py:183} INFO - Processing /home/airflow/.local/lib/python3.12/site-packages/airflow/example_dags/example_latest_only_with_trigger.py took 0.180 seconds
[2024-08-13T17:42:51.763+0000] {processor.py:161} INFO - Started process (PID=1530) to work on /home/airflow/.local/lib/python3.12/site-packages/airflow/example_dags/example_latest_only_with_trigger.py
[2024-08-13T17:42:51.764+0000] {processor.py:830} INFO - Processing file /home/airflow/.local/lib/python3.12/site-packages/airflow/example_dags/example_latest_only_with_trigger.py for tasks to queue
[2024-08-13T17:42:51.765+0000] {logging_mixin.py:188} INFO - [2024-08-13T17:42:51.765+0000] {dagbag.py:545} INFO - Filling up the DagBag from /home/airflow/.local/lib/python3.12/site-packages/airflow/example_dags/example_latest_only_with_trigger.py
[2024-08-13T17:42:51.769+0000] {processor.py:840} INFO - DAG(s) 'latest_only_with_trigger' retrieved from /home/airflow/.local/lib/python3.12/site-packages/airflow/example_dags/example_latest_only_with_trigger.py
[2024-08-13T17:42:51.787+0000] {logging_mixin.py:188} INFO - [2024-08-13T17:42:51.787+0000] {dag.py:3089} INFO - Sync 1 DAGs
[2024-08-13T17:42:51.806+0000] {logging_mixin.py:188} INFO - [2024-08-13T17:42:51.806+0000] {dag.py:3947} INFO - Setting next_dagrun for latest_only_with_trigger to 2024-08-13 12:00:00+00:00, run_after=2024-08-13 16:00:00+00:00
[2024-08-13T17:42:51.825+0000] {processor.py:183} INFO - Processing /home/airflow/.local/lib/python3.12/site-packages/airflow/example_dags/example_latest_only_with_trigger.py took 0.067 seconds
[2024-08-13T17:43:21.862+0000] {processor.py:161} INFO - Started process (PID=1588) to work on /home/airflow/.local/lib/python3.12/site-packages/airflow/example_dags/example_latest_only_with_trigger.py
[2024-08-13T17:43:21.863+0000] {processor.py:830} INFO - Processing file /home/airflow/.local/lib/python3.12/site-packages/airflow/example_dags/example_latest_only_with_trigger.py for tasks to queue
[2024-08-13T17:43:21.864+0000] {logging_mixin.py:188} INFO - [2024-08-13T17:43:21.864+0000] {dagbag.py:545} INFO - Filling up the DagBag from /home/airflow/.local/lib/python3.12/site-packages/airflow/example_dags/example_latest_only_with_trigger.py
[2024-08-13T17:43:21.869+0000] {processor.py:840} INFO - DAG(s) 'latest_only_with_trigger' retrieved from /home/airflow/.local/lib/python3.12/site-packages/airflow/example_dags/example_latest_only_with_trigger.py
[2024-08-13T17:43:21.887+0000] {logging_mixin.py:188} INFO - [2024-08-13T17:43:21.887+0000] {dag.py:3089} INFO - Sync 1 DAGs
[2024-08-13T17:43:21.906+0000] {logging_mixin.py:188} INFO - [2024-08-13T17:43:21.906+0000] {dag.py:3947} INFO - Setting next_dagrun for latest_only_with_trigger to 2024-08-13 12:00:00+00:00, run_after=2024-08-13 16:00:00+00:00
[2024-08-13T17:43:21.923+0000] {processor.py:183} INFO - Processing /home/airflow/.local/lib/python3.12/site-packages/airflow/example_dags/example_latest_only_with_trigger.py took 0.067 seconds
[2024-08-13T17:43:52.495+0000] {processor.py:161} INFO - Started process (PID=1646) to work on /home/airflow/.local/lib/python3.12/site-packages/airflow/example_dags/example_latest_only_with_trigger.py
[2024-08-13T17:43:52.495+0000] {processor.py:830} INFO - Processing file /home/airflow/.local/lib/python3.12/site-packages/airflow/example_dags/example_latest_only_with_trigger.py for tasks to queue
[2024-08-13T17:43:52.497+0000] {logging_mixin.py:188} INFO - [2024-08-13T17:43:52.496+0000] {dagbag.py:545} INFO - Filling up the DagBag from /home/airflow/.local/lib/python3.12/site-packages/airflow/example_dags/example_latest_only_with_trigger.py
[2024-08-13T17:43:52.501+0000] {processor.py:840} INFO - DAG(s) 'latest_only_with_trigger' retrieved from /home/airflow/.local/lib/python3.12/site-packages/airflow/example_dags/example_latest_only_with_trigger.py
[2024-08-13T17:43:52.519+0000] {logging_mixin.py:188} INFO - [2024-08-13T17:43:52.518+0000] {dag.py:3089} INFO - Sync 1 DAGs
[2024-08-13T17:43:52.537+0000] {logging_mixin.py:188} INFO - [2024-08-13T17:43:52.537+0000] {dag.py:3947} INFO - Setting next_dagrun for latest_only_with_trigger to 2024-08-13 12:00:00+00:00, run_after=2024-08-13 16:00:00+00:00
[2024-08-13T17:43:52.554+0000] {processor.py:183} INFO - Processing /home/airflow/.local/lib/python3.12/site-packages/airflow/example_dags/example_latest_only_with_trigger.py took 0.064 seconds
[2024-08-13T17:44:23.223+0000] {processor.py:161} INFO - Started process (PID=1704) to work on /home/airflow/.local/lib/python3.12/site-packages/airflow/example_dags/example_latest_only_with_trigger.py
[2024-08-13T17:44:23.223+0000] {processor.py:830} INFO - Processing file /home/airflow/.local/lib/python3.12/site-packages/airflow/example_dags/example_latest_only_with_trigger.py for tasks to queue
[2024-08-13T17:44:23.225+0000] {logging_mixin.py:188} INFO - [2024-08-13T17:44:23.225+0000] {dagbag.py:545} INFO - Filling up the DagBag from /home/airflow/.local/lib/python3.12/site-packages/airflow/example_dags/example_latest_only_with_trigger.py
[2024-08-13T17:44:23.229+0000] {processor.py:840} INFO - DAG(s) 'latest_only_with_trigger' retrieved from /home/airflow/.local/lib/python3.12/site-packages/airflow/example_dags/example_latest_only_with_trigger.py
[2024-08-13T17:44:23.247+0000] {logging_mixin.py:188} INFO - [2024-08-13T17:44:23.247+0000] {dag.py:3089} INFO - Sync 1 DAGs
[2024-08-13T17:44:23.267+0000] {logging_mixin.py:188} INFO - [2024-08-13T17:44:23.267+0000] {dag.py:3947} INFO - Setting next_dagrun for latest_only_with_trigger to 2024-08-13 12:00:00+00:00, run_after=2024-08-13 16:00:00+00:00
[2024-08-13T17:44:23.283+0000] {processor.py:183} INFO - Processing /home/airflow/.local/lib/python3.12/site-packages/airflow/example_dags/example_latest_only_with_trigger.py took 0.065 seconds
[2024-08-13T17:44:54.157+0000] {processor.py:161} INFO - Started process (PID=1762) to work on /home/airflow/.local/lib/python3.12/site-packages/airflow/example_dags/example_latest_only_with_trigger.py
[2024-08-13T17:44:54.158+0000] {processor.py:830} INFO - Processing file /home/airflow/.local/lib/python3.12/site-packages/airflow/example_dags/example_latest_only_with_trigger.py for tasks to queue
[2024-08-13T17:44:54.159+0000] {logging_mixin.py:188} INFO - [2024-08-13T17:44:54.159+0000] {dagbag.py:545} INFO - Filling up the DagBag from /home/airflow/.local/lib/python3.12/site-packages/airflow/example_dags/example_latest_only_with_trigger.py
[2024-08-13T17:44:54.272+0000] {processor.py:840} INFO - DAG(s) 'latest_only_with_trigger' retrieved from /home/airflow/.local/lib/python3.12/site-packages/airflow/example_dags/example_latest_only_with_trigger.py
[2024-08-13T17:44:54.289+0000] {logging_mixin.py:188} INFO - [2024-08-13T17:44:54.288+0000] {dag.py:3089} INFO - Sync 1 DAGs
[2024-08-13T17:44:54.306+0000] {logging_mixin.py:188} INFO - [2024-08-13T17:44:54.306+0000] {dag.py:3947} INFO - Setting next_dagrun for latest_only_with_trigger to 2024-08-13 12:00:00+00:00, run_after=2024-08-13 16:00:00+00:00
[2024-08-13T17:44:54.323+0000] {processor.py:183} INFO - Processing /home/airflow/.local/lib/python3.12/site-packages/airflow/example_dags/example_latest_only_with_trigger.py took 0.170 seconds
[2024-08-13T17:45:25.304+0000] {processor.py:161} INFO - Started process (PID=1820) to work on /home/airflow/.local/lib/python3.12/site-packages/airflow/example_dags/example_latest_only_with_trigger.py
[2024-08-13T17:45:25.305+0000] {processor.py:830} INFO - Processing file /home/airflow/.local/lib/python3.12/site-packages/airflow/example_dags/example_latest_only_with_trigger.py for tasks to queue
[2024-08-13T17:45:25.306+0000] {logging_mixin.py:188} INFO - [2024-08-13T17:45:25.306+0000] {dagbag.py:545} INFO - Filling up the DagBag from /home/airflow/.local/lib/python3.12/site-packages/airflow/example_dags/example_latest_only_with_trigger.py
[2024-08-13T17:45:25.311+0000] {processor.py:840} INFO - DAG(s) 'latest_only_with_trigger' retrieved from /home/airflow/.local/lib/python3.12/site-packages/airflow/example_dags/example_latest_only_with_trigger.py
[2024-08-13T17:45:25.329+0000] {logging_mixin.py:188} INFO - [2024-08-13T17:45:25.329+0000] {dag.py:3089} INFO - Sync 1 DAGs
[2024-08-13T17:45:25.348+0000] {logging_mixin.py:188} INFO - [2024-08-13T17:45:25.348+0000] {dag.py:3947} INFO - Setting next_dagrun for latest_only_with_trigger to 2024-08-13 12:00:00+00:00, run_after=2024-08-13 16:00:00+00:00
[2024-08-13T17:45:25.366+0000] {processor.py:183} INFO - Processing /home/airflow/.local/lib/python3.12/site-packages/airflow/example_dags/example_latest_only_with_trigger.py took 0.068 seconds
[2024-08-13T17:45:55.766+0000] {processor.py:161} INFO - Started process (PID=1878) to work on /home/airflow/.local/lib/python3.12/site-packages/airflow/example_dags/example_latest_only_with_trigger.py
[2024-08-13T17:45:55.767+0000] {processor.py:830} INFO - Processing file /home/airflow/.local/lib/python3.12/site-packages/airflow/example_dags/example_latest_only_with_trigger.py for tasks to queue
[2024-08-13T17:45:55.768+0000] {logging_mixin.py:188} INFO - [2024-08-13T17:45:55.768+0000] {dagbag.py:545} INFO - Filling up the DagBag from /home/airflow/.local/lib/python3.12/site-packages/airflow/example_dags/example_latest_only_with_trigger.py
[2024-08-13T17:45:55.772+0000] {processor.py:840} INFO - DAG(s) 'latest_only_with_trigger' retrieved from /home/airflow/.local/lib/python3.12/site-packages/airflow/example_dags/example_latest_only_with_trigger.py
[2024-08-13T17:45:55.790+0000] {logging_mixin.py:188} INFO - [2024-08-13T17:45:55.790+0000] {dag.py:3089} INFO - Sync 1 DAGs
[2024-08-13T17:45:55.810+0000] {logging_mixin.py:188} INFO - [2024-08-13T17:45:55.809+0000] {dag.py:3947} INFO - Setting next_dagrun for latest_only_with_trigger to 2024-08-13 12:00:00+00:00, run_after=2024-08-13 16:00:00+00:00
[2024-08-13T17:45:55.827+0000] {processor.py:183} INFO - Processing /home/airflow/.local/lib/python3.12/site-packages/airflow/example_dags/example_latest_only_with_trigger.py took 0.067 seconds
[2024-08-13T17:46:26.206+0000] {processor.py:161} INFO - Started process (PID=1936) to work on /home/airflow/.local/lib/python3.12/site-packages/airflow/example_dags/example_latest_only_with_trigger.py
[2024-08-13T17:46:26.207+0000] {processor.py:830} INFO - Processing file /home/airflow/.local/lib/python3.12/site-packages/airflow/example_dags/example_latest_only_with_trigger.py for tasks to queue
[2024-08-13T17:46:26.208+0000] {logging_mixin.py:188} INFO - [2024-08-13T17:46:26.208+0000] {dagbag.py:545} INFO - Filling up the DagBag from /home/airflow/.local/lib/python3.12/site-packages/airflow/example_dags/example_latest_only_with_trigger.py
[2024-08-13T17:46:26.213+0000] {processor.py:840} INFO - DAG(s) 'latest_only_with_trigger' retrieved from /home/airflow/.local/lib/python3.12/site-packages/airflow/example_dags/example_latest_only_with_trigger.py
[2024-08-13T17:46:26.231+0000] {logging_mixin.py:188} INFO - [2024-08-13T17:46:26.231+0000] {dag.py:3089} INFO - Sync 1 DAGs
[2024-08-13T17:46:26.250+0000] {logging_mixin.py:188} INFO - [2024-08-13T17:46:26.250+0000] {dag.py:3947} INFO - Setting next_dagrun for latest_only_with_trigger to 2024-08-13 12:00:00+00:00, run_after=2024-08-13 16:00:00+00:00
[2024-08-13T17:46:26.267+0000] {processor.py:183} INFO - Processing /home/airflow/.local/lib/python3.12/site-packages/airflow/example_dags/example_latest_only_with_trigger.py took 0.067 seconds
[2024-08-13T17:46:56.726+0000] {processor.py:161} INFO - Started process (PID=1994) to work on /home/airflow/.local/lib/python3.12/site-packages/airflow/example_dags/example_latest_only_with_trigger.py
[2024-08-13T17:46:56.727+0000] {processor.py:830} INFO - Processing file /home/airflow/.local/lib/python3.12/site-packages/airflow/example_dags/example_latest_only_with_trigger.py for tasks to queue
[2024-08-13T17:46:56.729+0000] {logging_mixin.py:188} INFO - [2024-08-13T17:46:56.728+0000] {dagbag.py:545} INFO - Filling up the DagBag from /home/airflow/.local/lib/python3.12/site-packages/airflow/example_dags/example_latest_only_with_trigger.py
[2024-08-13T17:46:56.733+0000] {processor.py:840} INFO - DAG(s) 'latest_only_with_trigger' retrieved from /home/airflow/.local/lib/python3.12/site-packages/airflow/example_dags/example_latest_only_with_trigger.py
[2024-08-13T17:46:56.751+0000] {logging_mixin.py:188} INFO - [2024-08-13T17:46:56.751+0000] {dag.py:3089} INFO - Sync 1 DAGs
[2024-08-13T17:46:56.772+0000] {logging_mixin.py:188} INFO - [2024-08-13T17:46:56.772+0000] {dag.py:3947} INFO - Setting next_dagrun for latest_only_with_trigger to 2024-08-13 12:00:00+00:00, run_after=2024-08-13 16:00:00+00:00
[2024-08-13T17:46:56.792+0000] {processor.py:183} INFO - Processing /home/airflow/.local/lib/python3.12/site-packages/airflow/example_dags/example_latest_only_with_trigger.py took 0.073 seconds
[2024-08-13T17:47:27.275+0000] {processor.py:161} INFO - Started process (PID=2052) to work on /home/airflow/.local/lib/python3.12/site-packages/airflow/example_dags/example_latest_only_with_trigger.py
[2024-08-13T17:47:27.276+0000] {processor.py:830} INFO - Processing file /home/airflow/.local/lib/python3.12/site-packages/airflow/example_dags/example_latest_only_with_trigger.py for tasks to queue
[2024-08-13T17:47:27.277+0000] {logging_mixin.py:188} INFO - [2024-08-13T17:47:27.277+0000] {dagbag.py:545} INFO - Filling up the DagBag from /home/airflow/.local/lib/python3.12/site-packages/airflow/example_dags/example_latest_only_with_trigger.py
[2024-08-13T17:47:27.282+0000] {processor.py:840} INFO - DAG(s) 'latest_only_with_trigger' retrieved from /home/airflow/.local/lib/python3.12/site-packages/airflow/example_dags/example_latest_only_with_trigger.py
[2024-08-13T17:47:27.301+0000] {logging_mixin.py:188} INFO - [2024-08-13T17:47:27.300+0000] {dag.py:3089} INFO - Sync 1 DAGs
[2024-08-13T17:47:27.320+0000] {logging_mixin.py:188} INFO - [2024-08-13T17:47:27.320+0000] {dag.py:3947} INFO - Setting next_dagrun for latest_only_with_trigger to 2024-08-13 12:00:00+00:00, run_after=2024-08-13 16:00:00+00:00
[2024-08-13T17:47:27.338+0000] {processor.py:183} INFO - Processing /home/airflow/.local/lib/python3.12/site-packages/airflow/example_dags/example_latest_only_with_trigger.py took 0.068 seconds
[2024-08-13T17:47:57.743+0000] {processor.py:161} INFO - Started process (PID=2110) to work on /home/airflow/.local/lib/python3.12/site-packages/airflow/example_dags/example_latest_only_with_trigger.py
[2024-08-13T17:47:57.743+0000] {processor.py:830} INFO - Processing file /home/airflow/.local/lib/python3.12/site-packages/airflow/example_dags/example_latest_only_with_trigger.py for tasks to queue
[2024-08-13T17:47:57.745+0000] {logging_mixin.py:188} INFO - [2024-08-13T17:47:57.744+0000] {dagbag.py:545} INFO - Filling up the DagBag from /home/airflow/.local/lib/python3.12/site-packages/airflow/example_dags/example_latest_only_with_trigger.py
[2024-08-13T17:47:57.750+0000] {processor.py:840} INFO - DAG(s) 'latest_only_with_trigger' retrieved from /home/airflow/.local/lib/python3.12/site-packages/airflow/example_dags/example_latest_only_with_trigger.py
[2024-08-13T17:47:57.768+0000] {logging_mixin.py:188} INFO - [2024-08-13T17:47:57.767+0000] {dag.py:3089} INFO - Sync 1 DAGs
[2024-08-13T17:47:57.788+0000] {logging_mixin.py:188} INFO - [2024-08-13T17:47:57.788+0000] {dag.py:3947} INFO - Setting next_dagrun for latest_only_with_trigger to 2024-08-13 12:00:00+00:00, run_after=2024-08-13 16:00:00+00:00
[2024-08-13T17:47:57.805+0000] {processor.py:183} INFO - Processing /home/airflow/.local/lib/python3.12/site-packages/airflow/example_dags/example_latest_only_with_trigger.py took 0.069 seconds
[2024-08-13T17:48:28.224+0000] {processor.py:161} INFO - Started process (PID=2168) to work on /home/airflow/.local/lib/python3.12/site-packages/airflow/example_dags/example_latest_only_with_trigger.py
[2024-08-13T17:48:28.225+0000] {processor.py:830} INFO - Processing file /home/airflow/.local/lib/python3.12/site-packages/airflow/example_dags/example_latest_only_with_trigger.py for tasks to queue
[2024-08-13T17:48:28.227+0000] {logging_mixin.py:188} INFO - [2024-08-13T17:48:28.226+0000] {dagbag.py:545} INFO - Filling up the DagBag from /home/airflow/.local/lib/python3.12/site-packages/airflow/example_dags/example_latest_only_with_trigger.py
[2024-08-13T17:48:28.231+0000] {processor.py:840} INFO - DAG(s) 'latest_only_with_trigger' retrieved from /home/airflow/.local/lib/python3.12/site-packages/airflow/example_dags/example_latest_only_with_trigger.py
[2024-08-13T17:48:28.249+0000] {logging_mixin.py:188} INFO - [2024-08-13T17:48:28.249+0000] {dag.py:3089} INFO - Sync 1 DAGs
[2024-08-13T17:48:28.270+0000] {logging_mixin.py:188} INFO - [2024-08-13T17:48:28.270+0000] {dag.py:3947} INFO - Setting next_dagrun for latest_only_with_trigger to 2024-08-13 12:00:00+00:00, run_after=2024-08-13 16:00:00+00:00
[2024-08-13T17:48:28.288+0000] {processor.py:183} INFO - Processing /home/airflow/.local/lib/python3.12/site-packages/airflow/example_dags/example_latest_only_with_trigger.py took 0.068 seconds
[2024-08-13T17:48:58.834+0000] {processor.py:161} INFO - Started process (PID=2226) to work on /home/airflow/.local/lib/python3.12/site-packages/airflow/example_dags/example_latest_only_with_trigger.py
[2024-08-13T17:48:58.834+0000] {processor.py:830} INFO - Processing file /home/airflow/.local/lib/python3.12/site-packages/airflow/example_dags/example_latest_only_with_trigger.py for tasks to queue
[2024-08-13T17:48:58.836+0000] {logging_mixin.py:188} INFO - [2024-08-13T17:48:58.835+0000] {dagbag.py:545} INFO - Filling up the DagBag from /home/airflow/.local/lib/python3.12/site-packages/airflow/example_dags/example_latest_only_with_trigger.py
[2024-08-13T17:48:58.840+0000] {processor.py:840} INFO - DAG(s) 'latest_only_with_trigger' retrieved from /home/airflow/.local/lib/python3.12/site-packages/airflow/example_dags/example_latest_only_with_trigger.py
[2024-08-13T17:48:58.858+0000] {logging_mixin.py:188} INFO - [2024-08-13T17:48:58.858+0000] {dag.py:3089} INFO - Sync 1 DAGs
[2024-08-13T17:48:58.877+0000] {logging_mixin.py:188} INFO - [2024-08-13T17:48:58.877+0000] {dag.py:3947} INFO - Setting next_dagrun for latest_only_with_trigger to 2024-08-13 12:00:00+00:00, run_after=2024-08-13 16:00:00+00:00
[2024-08-13T17:48:58.894+0000] {processor.py:183} INFO - Processing /home/airflow/.local/lib/python3.12/site-packages/airflow/example_dags/example_latest_only_with_trigger.py took 0.065 seconds
[2024-08-13T17:49:29.305+0000] {processor.py:161} INFO - Started process (PID=2284) to work on /home/airflow/.local/lib/python3.12/site-packages/airflow/example_dags/example_latest_only_with_trigger.py
[2024-08-13T17:49:29.306+0000] {processor.py:830} INFO - Processing file /home/airflow/.local/lib/python3.12/site-packages/airflow/example_dags/example_latest_only_with_trigger.py for tasks to queue
[2024-08-13T17:49:29.307+0000] {logging_mixin.py:188} INFO - [2024-08-13T17:49:29.307+0000] {dagbag.py:545} INFO - Filling up the DagBag from /home/airflow/.local/lib/python3.12/site-packages/airflow/example_dags/example_latest_only_with_trigger.py
[2024-08-13T17:49:29.311+0000] {processor.py:840} INFO - DAG(s) 'latest_only_with_trigger' retrieved from /home/airflow/.local/lib/python3.12/site-packages/airflow/example_dags/example_latest_only_with_trigger.py
[2024-08-13T17:49:29.329+0000] {logging_mixin.py:188} INFO - [2024-08-13T17:49:29.329+0000] {dag.py:3089} INFO - Sync 1 DAGs
[2024-08-13T17:49:29.348+0000] {logging_mixin.py:188} INFO - [2024-08-13T17:49:29.348+0000] {dag.py:3947} INFO - Setting next_dagrun for latest_only_with_trigger to 2024-08-13 12:00:00+00:00, run_after=2024-08-13 16:00:00+00:00
[2024-08-13T17:49:29.365+0000] {processor.py:183} INFO - Processing /home/airflow/.local/lib/python3.12/site-packages/airflow/example_dags/example_latest_only_with_trigger.py took 0.065 seconds
[2024-08-13T17:49:59.712+0000] {processor.py:161} INFO - Started process (PID=2342) to work on /home/airflow/.local/lib/python3.12/site-packages/airflow/example_dags/example_latest_only_with_trigger.py
[2024-08-13T17:49:59.713+0000] {processor.py:830} INFO - Processing file /home/airflow/.local/lib/python3.12/site-packages/airflow/example_dags/example_latest_only_with_trigger.py for tasks to queue
[2024-08-13T17:49:59.714+0000] {logging_mixin.py:188} INFO - [2024-08-13T17:49:59.714+0000] {dagbag.py:545} INFO - Filling up the DagBag from /home/airflow/.local/lib/python3.12/site-packages/airflow/example_dags/example_latest_only_with_trigger.py
[2024-08-13T17:49:59.719+0000] {processor.py:840} INFO - DAG(s) 'latest_only_with_trigger' retrieved from /home/airflow/.local/lib/python3.12/site-packages/airflow/example_dags/example_latest_only_with_trigger.py
[2024-08-13T17:49:59.738+0000] {logging_mixin.py:188} INFO - [2024-08-13T17:49:59.738+0000] {dag.py:3089} INFO - Sync 1 DAGs
[2024-08-13T17:49:59.757+0000] {logging_mixin.py:188} INFO - [2024-08-13T17:49:59.756+0000] {dag.py:3947} INFO - Setting next_dagrun for latest_only_with_trigger to 2024-08-13 12:00:00+00:00, run_after=2024-08-13 16:00:00+00:00
[2024-08-13T17:49:59.773+0000] {processor.py:183} INFO - Processing /home/airflow/.local/lib/python3.12/site-packages/airflow/example_dags/example_latest_only_with_trigger.py took 0.066 seconds
[2024-08-13T17:50:30.134+0000] {processor.py:161} INFO - Started process (PID=2401) to work on /home/airflow/.local/lib/python3.12/site-packages/airflow/example_dags/example_latest_only_with_trigger.py
[2024-08-13T17:50:30.134+0000] {processor.py:830} INFO - Processing file /home/airflow/.local/lib/python3.12/site-packages/airflow/example_dags/example_latest_only_with_trigger.py for tasks to queue
[2024-08-13T17:50:30.136+0000] {logging_mixin.py:188} INFO - [2024-08-13T17:50:30.135+0000] {dagbag.py:545} INFO - Filling up the DagBag from /home/airflow/.local/lib/python3.12/site-packages/airflow/example_dags/example_latest_only_with_trigger.py
[2024-08-13T17:50:30.140+0000] {processor.py:840} INFO - DAG(s) 'latest_only_with_trigger' retrieved from /home/airflow/.local/lib/python3.12/site-packages/airflow/example_dags/example_latest_only_with_trigger.py
[2024-08-13T17:50:30.158+0000] {logging_mixin.py:188} INFO - [2024-08-13T17:50:30.158+0000] {dag.py:3089} INFO - Sync 1 DAGs
[2024-08-13T17:50:30.177+0000] {logging_mixin.py:188} INFO - [2024-08-13T17:50:30.177+0000] {dag.py:3947} INFO - Setting next_dagrun for latest_only_with_trigger to 2024-08-13 12:00:00+00:00, run_after=2024-08-13 16:00:00+00:00
[2024-08-13T17:50:30.193+0000] {processor.py:183} INFO - Processing /home/airflow/.local/lib/python3.12/site-packages/airflow/example_dags/example_latest_only_with_trigger.py took 0.064 seconds
[2024-08-13T17:51:00.561+0000] {processor.py:161} INFO - Started process (PID=2459) to work on /home/airflow/.local/lib/python3.12/site-packages/airflow/example_dags/example_latest_only_with_trigger.py
[2024-08-13T17:51:00.562+0000] {processor.py:830} INFO - Processing file /home/airflow/.local/lib/python3.12/site-packages/airflow/example_dags/example_latest_only_with_trigger.py for tasks to queue
[2024-08-13T17:51:00.563+0000] {logging_mixin.py:188} INFO - [2024-08-13T17:51:00.563+0000] {dagbag.py:545} INFO - Filling up the DagBag from /home/airflow/.local/lib/python3.12/site-packages/airflow/example_dags/example_latest_only_with_trigger.py
[2024-08-13T17:51:00.567+0000] {processor.py:840} INFO - DAG(s) 'latest_only_with_trigger' retrieved from /home/airflow/.local/lib/python3.12/site-packages/airflow/example_dags/example_latest_only_with_trigger.py
[2024-08-13T17:51:00.586+0000] {logging_mixin.py:188} INFO - [2024-08-13T17:51:00.585+0000] {dag.py:3089} INFO - Sync 1 DAGs
[2024-08-13T17:51:00.605+0000] {logging_mixin.py:188} INFO - [2024-08-13T17:51:00.605+0000] {dag.py:3947} INFO - Setting next_dagrun for latest_only_with_trigger to 2024-08-13 12:00:00+00:00, run_after=2024-08-13 16:00:00+00:00
[2024-08-13T17:51:00.622+0000] {processor.py:183} INFO - Processing /home/airflow/.local/lib/python3.12/site-packages/airflow/example_dags/example_latest_only_with_trigger.py took 0.067 seconds
[2024-08-13T17:51:30.995+0000] {processor.py:161} INFO - Started process (PID=2517) to work on /home/airflow/.local/lib/python3.12/site-packages/airflow/example_dags/example_latest_only_with_trigger.py
[2024-08-13T17:51:30.996+0000] {processor.py:830} INFO - Processing file /home/airflow/.local/lib/python3.12/site-packages/airflow/example_dags/example_latest_only_with_trigger.py for tasks to queue
[2024-08-13T17:51:30.998+0000] {logging_mixin.py:188} INFO - [2024-08-13T17:51:30.998+0000] {dagbag.py:545} INFO - Filling up the DagBag from /home/airflow/.local/lib/python3.12/site-packages/airflow/example_dags/example_latest_only_with_trigger.py
[2024-08-13T17:51:31.003+0000] {processor.py:840} INFO - DAG(s) 'latest_only_with_trigger' retrieved from /home/airflow/.local/lib/python3.12/site-packages/airflow/example_dags/example_latest_only_with_trigger.py
[2024-08-13T17:51:31.022+0000] {logging_mixin.py:188} INFO - [2024-08-13T17:51:31.022+0000] {dag.py:3089} INFO - Sync 1 DAGs
[2024-08-13T17:51:31.043+0000] {logging_mixin.py:188} INFO - [2024-08-13T17:51:31.043+0000] {dag.py:3947} INFO - Setting next_dagrun for latest_only_with_trigger to 2024-08-13 12:00:00+00:00, run_after=2024-08-13 16:00:00+00:00
[2024-08-13T17:51:31.060+0000] {processor.py:183} INFO - Processing /home/airflow/.local/lib/python3.12/site-packages/airflow/example_dags/example_latest_only_with_trigger.py took 0.070 seconds
[2024-08-13T17:52:01.376+0000] {processor.py:161} INFO - Started process (PID=2575) to work on /home/airflow/.local/lib/python3.12/site-packages/airflow/example_dags/example_latest_only_with_trigger.py
[2024-08-13T17:52:01.377+0000] {processor.py:830} INFO - Processing file /home/airflow/.local/lib/python3.12/site-packages/airflow/example_dags/example_latest_only_with_trigger.py for tasks to queue
[2024-08-13T17:52:01.378+0000] {logging_mixin.py:188} INFO - [2024-08-13T17:52:01.378+0000] {dagbag.py:545} INFO - Filling up the DagBag from /home/airflow/.local/lib/python3.12/site-packages/airflow/example_dags/example_latest_only_with_trigger.py
[2024-08-13T17:52:01.383+0000] {processor.py:840} INFO - DAG(s) 'latest_only_with_trigger' retrieved from /home/airflow/.local/lib/python3.12/site-packages/airflow/example_dags/example_latest_only_with_trigger.py
[2024-08-13T17:52:01.401+0000] {logging_mixin.py:188} INFO - [2024-08-13T17:52:01.401+0000] {dag.py:3089} INFO - Sync 1 DAGs
[2024-08-13T17:52:01.420+0000] {logging_mixin.py:188} INFO - [2024-08-13T17:52:01.420+0000] {dag.py:3947} INFO - Setting next_dagrun for latest_only_with_trigger to 2024-08-13 12:00:00+00:00, run_after=2024-08-13 16:00:00+00:00
[2024-08-13T17:52:01.436+0000] {processor.py:183} INFO - Processing /home/airflow/.local/lib/python3.12/site-packages/airflow/example_dags/example_latest_only_with_trigger.py took 0.065 seconds
[2024-08-13T17:52:31.802+0000] {processor.py:161} INFO - Started process (PID=2633) to work on /home/airflow/.local/lib/python3.12/site-packages/airflow/example_dags/example_latest_only_with_trigger.py
[2024-08-13T17:52:31.802+0000] {processor.py:830} INFO - Processing file /home/airflow/.local/lib/python3.12/site-packages/airflow/example_dags/example_latest_only_with_trigger.py for tasks to queue
[2024-08-13T17:52:31.804+0000] {logging_mixin.py:188} INFO - [2024-08-13T17:52:31.803+0000] {dagbag.py:545} INFO - Filling up the DagBag from /home/airflow/.local/lib/python3.12/site-packages/airflow/example_dags/example_latest_only_with_trigger.py
[2024-08-13T17:52:31.808+0000] {processor.py:840} INFO - DAG(s) 'latest_only_with_trigger' retrieved from /home/airflow/.local/lib/python3.12/site-packages/airflow/example_dags/example_latest_only_with_trigger.py
[2024-08-13T17:52:31.826+0000] {logging_mixin.py:188} INFO - [2024-08-13T17:52:31.826+0000] {dag.py:3089} INFO - Sync 1 DAGs
[2024-08-13T17:52:31.845+0000] {logging_mixin.py:188} INFO - [2024-08-13T17:52:31.844+0000] {dag.py:3947} INFO - Setting next_dagrun for latest_only_with_trigger to 2024-08-13 12:00:00+00:00, run_after=2024-08-13 16:00:00+00:00
[2024-08-13T17:52:31.862+0000] {processor.py:183} INFO - Processing /home/airflow/.local/lib/python3.12/site-packages/airflow/example_dags/example_latest_only_with_trigger.py took 0.065 seconds
[2024-08-13T17:53:02.213+0000] {processor.py:161} INFO - Started process (PID=2690) to work on /home/airflow/.local/lib/python3.12/site-packages/airflow/example_dags/example_latest_only_with_trigger.py
[2024-08-13T17:53:02.214+0000] {processor.py:830} INFO - Processing file /home/airflow/.local/lib/python3.12/site-packages/airflow/example_dags/example_latest_only_with_trigger.py for tasks to queue
[2024-08-13T17:53:02.215+0000] {logging_mixin.py:188} INFO - [2024-08-13T17:53:02.215+0000] {dagbag.py:545} INFO - Filling up the DagBag from /home/airflow/.local/lib/python3.12/site-packages/airflow/example_dags/example_latest_only_with_trigger.py
[2024-08-13T17:53:02.220+0000] {processor.py:840} INFO - DAG(s) 'latest_only_with_trigger' retrieved from /home/airflow/.local/lib/python3.12/site-packages/airflow/example_dags/example_latest_only_with_trigger.py
[2024-08-13T17:53:02.238+0000] {logging_mixin.py:188} INFO - [2024-08-13T17:53:02.237+0000] {dag.py:3089} INFO - Sync 1 DAGs
[2024-08-13T17:53:02.257+0000] {logging_mixin.py:188} INFO - [2024-08-13T17:53:02.257+0000] {dag.py:3947} INFO - Setting next_dagrun for latest_only_with_trigger to 2024-08-13 12:00:00+00:00, run_after=2024-08-13 16:00:00+00:00
[2024-08-13T17:53:02.274+0000] {processor.py:183} INFO - Processing /home/airflow/.local/lib/python3.12/site-packages/airflow/example_dags/example_latest_only_with_trigger.py took 0.065 seconds
[2024-08-13T17:53:32.586+0000] {processor.py:161} INFO - Started process (PID=2748) to work on /home/airflow/.local/lib/python3.12/site-packages/airflow/example_dags/example_latest_only_with_trigger.py
[2024-08-13T17:53:32.586+0000] {processor.py:830} INFO - Processing file /home/airflow/.local/lib/python3.12/site-packages/airflow/example_dags/example_latest_only_with_trigger.py for tasks to queue
[2024-08-13T17:53:32.588+0000] {logging_mixin.py:188} INFO - [2024-08-13T17:53:32.588+0000] {dagbag.py:545} INFO - Filling up the DagBag from /home/airflow/.local/lib/python3.12/site-packages/airflow/example_dags/example_latest_only_with_trigger.py
[2024-08-13T17:53:32.593+0000] {processor.py:840} INFO - DAG(s) 'latest_only_with_trigger' retrieved from /home/airflow/.local/lib/python3.12/site-packages/airflow/example_dags/example_latest_only_with_trigger.py
[2024-08-13T17:53:32.611+0000] {logging_mixin.py:188} INFO - [2024-08-13T17:53:32.610+0000] {dag.py:3089} INFO - Sync 1 DAGs
[2024-08-13T17:53:32.630+0000] {logging_mixin.py:188} INFO - [2024-08-13T17:53:32.630+0000] {dag.py:3947} INFO - Setting next_dagrun for latest_only_with_trigger to 2024-08-13 12:00:00+00:00, run_after=2024-08-13 16:00:00+00:00
[2024-08-13T17:53:32.647+0000] {processor.py:183} INFO - Processing /home/airflow/.local/lib/python3.12/site-packages/airflow/example_dags/example_latest_only_with_trigger.py took 0.067 seconds
