[2024-08-13T17:30:09.328+0000] {processor.py:161} INFO - Started process (PID=63) to work on /home/airflow/.local/lib/python3.12/site-packages/airflow/example_dags/example_sla_dag.py
[2024-08-13T17:30:09.329+0000] {processor.py:830} INFO - Processing file /home/airflow/.local/lib/python3.12/site-packages/airflow/example_dags/example_sla_dag.py for tasks to queue
[2024-08-13T17:30:09.330+0000] {logging_mixin.py:188} INFO - [2024-08-13T17:30:09.330+0000] {dagbag.py:545} INFO - Filling up the DagBag from /home/airflow/.local/lib/python3.12/site-packages/airflow/example_dags/example_sla_dag.py
[2024-08-13T17:30:09.337+0000] {processor.py:840} INFO - DAG(s) 'example_sla_dag' retrieved from /home/airflow/.local/lib/python3.12/site-packages/airflow/example_dags/example_sla_dag.py
[2024-08-13T17:30:09.364+0000] {logging_mixin.py:188} INFO - [2024-08-13T17:30:09.364+0000] {dag.py:3089} INFO - Sync 1 DAGs
[2024-08-13T17:30:09.392+0000] {logging_mixin.py:188} INFO - [2024-08-13T17:30:09.392+0000] {dag.py:3947} INFO - Setting next_dagrun for example_sla_dag to 2024-08-13 17:28:00+00:00, run_after=2024-08-13 17:30:00+00:00
[2024-08-13T17:30:09.414+0000] {processor.py:183} INFO - Processing /home/airflow/.local/lib/python3.12/site-packages/airflow/example_dags/example_sla_dag.py took 0.091 seconds
[2024-08-13T17:30:39.600+0000] {processor.py:161} INFO - Started process (PID=121) to work on /home/airflow/.local/lib/python3.12/site-packages/airflow/example_dags/example_sla_dag.py
[2024-08-13T17:30:39.601+0000] {processor.py:830} INFO - Processing file /home/airflow/.local/lib/python3.12/site-packages/airflow/example_dags/example_sla_dag.py for tasks to queue
[2024-08-13T17:30:39.602+0000] {logging_mixin.py:188} INFO - [2024-08-13T17:30:39.602+0000] {dagbag.py:545} INFO - Filling up the DagBag from /home/airflow/.local/lib/python3.12/site-packages/airflow/example_dags/example_sla_dag.py
[2024-08-13T17:30:39.609+0000] {processor.py:840} INFO - DAG(s) 'example_sla_dag' retrieved from /home/airflow/.local/lib/python3.12/site-packages/airflow/example_dags/example_sla_dag.py
[2024-08-13T17:30:39.627+0000] {logging_mixin.py:188} INFO - [2024-08-13T17:30:39.626+0000] {dag.py:3089} INFO - Sync 1 DAGs
[2024-08-13T17:30:39.648+0000] {logging_mixin.py:188} INFO - [2024-08-13T17:30:39.648+0000] {dag.py:3947} INFO - Setting next_dagrun for example_sla_dag to 2024-08-13 17:28:00+00:00, run_after=2024-08-13 17:30:00+00:00
[2024-08-13T17:30:39.664+0000] {processor.py:183} INFO - Processing /home/airflow/.local/lib/python3.12/site-packages/airflow/example_dags/example_sla_dag.py took 0.069 seconds
[2024-08-13T17:31:09.778+0000] {processor.py:161} INFO - Started process (PID=179) to work on /home/airflow/.local/lib/python3.12/site-packages/airflow/example_dags/example_sla_dag.py
[2024-08-13T17:31:09.779+0000] {processor.py:830} INFO - Processing file /home/airflow/.local/lib/python3.12/site-packages/airflow/example_dags/example_sla_dag.py for tasks to queue
[2024-08-13T17:31:09.780+0000] {logging_mixin.py:188} INFO - [2024-08-13T17:31:09.780+0000] {dagbag.py:545} INFO - Filling up the DagBag from /home/airflow/.local/lib/python3.12/site-packages/airflow/example_dags/example_sla_dag.py
[2024-08-13T17:31:09.788+0000] {processor.py:840} INFO - DAG(s) 'example_sla_dag' retrieved from /home/airflow/.local/lib/python3.12/site-packages/airflow/example_dags/example_sla_dag.py
[2024-08-13T17:31:09.807+0000] {logging_mixin.py:188} INFO - [2024-08-13T17:31:09.807+0000] {dag.py:3089} INFO - Sync 1 DAGs
[2024-08-13T17:31:09.833+0000] {logging_mixin.py:188} INFO - [2024-08-13T17:31:09.833+0000] {dag.py:3947} INFO - Setting next_dagrun for example_sla_dag to 2024-08-13 17:28:00+00:00, run_after=2024-08-13 17:30:00+00:00
[2024-08-13T17:31:09.854+0000] {processor.py:183} INFO - Processing /home/airflow/.local/lib/python3.12/site-packages/airflow/example_dags/example_sla_dag.py took 0.082 seconds
[2024-08-13T17:31:39.935+0000] {processor.py:161} INFO - Started process (PID=237) to work on /home/airflow/.local/lib/python3.12/site-packages/airflow/example_dags/example_sla_dag.py
[2024-08-13T17:31:39.936+0000] {processor.py:830} INFO - Processing file /home/airflow/.local/lib/python3.12/site-packages/airflow/example_dags/example_sla_dag.py for tasks to queue
[2024-08-13T17:31:39.937+0000] {logging_mixin.py:188} INFO - [2024-08-13T17:31:39.937+0000] {dagbag.py:545} INFO - Filling up the DagBag from /home/airflow/.local/lib/python3.12/site-packages/airflow/example_dags/example_sla_dag.py
[2024-08-13T17:31:39.944+0000] {processor.py:840} INFO - DAG(s) 'example_sla_dag' retrieved from /home/airflow/.local/lib/python3.12/site-packages/airflow/example_dags/example_sla_dag.py
[2024-08-13T17:31:39.963+0000] {logging_mixin.py:188} INFO - [2024-08-13T17:31:39.963+0000] {dag.py:3089} INFO - Sync 1 DAGs
[2024-08-13T17:31:39.987+0000] {logging_mixin.py:188} INFO - [2024-08-13T17:31:39.987+0000] {dag.py:3947} INFO - Setting next_dagrun for example_sla_dag to 2024-08-13 17:28:00+00:00, run_after=2024-08-13 17:30:00+00:00
[2024-08-13T17:31:40.003+0000] {processor.py:183} INFO - Processing /home/airflow/.local/lib/python3.12/site-packages/airflow/example_dags/example_sla_dag.py took 0.073 seconds
[2024-08-13T17:32:10.052+0000] {processor.py:161} INFO - Started process (PID=295) to work on /home/airflow/.local/lib/python3.12/site-packages/airflow/example_dags/example_sla_dag.py
[2024-08-13T17:32:10.053+0000] {processor.py:830} INFO - Processing file /home/airflow/.local/lib/python3.12/site-packages/airflow/example_dags/example_sla_dag.py for tasks to queue
[2024-08-13T17:32:10.054+0000] {logging_mixin.py:188} INFO - [2024-08-13T17:32:10.054+0000] {dagbag.py:545} INFO - Filling up the DagBag from /home/airflow/.local/lib/python3.12/site-packages/airflow/example_dags/example_sla_dag.py
[2024-08-13T17:32:10.061+0000] {processor.py:840} INFO - DAG(s) 'example_sla_dag' retrieved from /home/airflow/.local/lib/python3.12/site-packages/airflow/example_dags/example_sla_dag.py
[2024-08-13T17:32:10.078+0000] {logging_mixin.py:188} INFO - [2024-08-13T17:32:10.078+0000] {dag.py:3089} INFO - Sync 1 DAGs
[2024-08-13T17:32:10.099+0000] {logging_mixin.py:188} INFO - [2024-08-13T17:32:10.099+0000] {dag.py:3947} INFO - Setting next_dagrun for example_sla_dag to 2024-08-13 17:30:00+00:00, run_after=2024-08-13 17:32:00+00:00
[2024-08-13T17:32:10.116+0000] {processor.py:183} INFO - Processing /home/airflow/.local/lib/python3.12/site-packages/airflow/example_dags/example_sla_dag.py took 0.068 seconds
[2024-08-13T17:32:40.580+0000] {processor.py:161} INFO - Started process (PID=353) to work on /home/airflow/.local/lib/python3.12/site-packages/airflow/example_dags/example_sla_dag.py
[2024-08-13T17:32:40.580+0000] {processor.py:830} INFO - Processing file /home/airflow/.local/lib/python3.12/site-packages/airflow/example_dags/example_sla_dag.py for tasks to queue
[2024-08-13T17:32:40.582+0000] {logging_mixin.py:188} INFO - [2024-08-13T17:32:40.581+0000] {dagbag.py:545} INFO - Filling up the DagBag from /home/airflow/.local/lib/python3.12/site-packages/airflow/example_dags/example_sla_dag.py
[2024-08-13T17:32:40.588+0000] {processor.py:840} INFO - DAG(s) 'example_sla_dag' retrieved from /home/airflow/.local/lib/python3.12/site-packages/airflow/example_dags/example_sla_dag.py
[2024-08-13T17:32:40.606+0000] {logging_mixin.py:188} INFO - [2024-08-13T17:32:40.605+0000] {dag.py:3089} INFO - Sync 1 DAGs
[2024-08-13T17:32:40.627+0000] {logging_mixin.py:188} INFO - [2024-08-13T17:32:40.626+0000] {dag.py:3947} INFO - Setting next_dagrun for example_sla_dag to 2024-08-13 17:30:00+00:00, run_after=2024-08-13 17:32:00+00:00
[2024-08-13T17:32:40.644+0000] {processor.py:183} INFO - Processing /home/airflow/.local/lib/python3.12/site-packages/airflow/example_dags/example_sla_dag.py took 0.069 seconds
[2024-08-13T17:33:11.209+0000] {processor.py:161} INFO - Started process (PID=411) to work on /home/airflow/.local/lib/python3.12/site-packages/airflow/example_dags/example_sla_dag.py
[2024-08-13T17:33:11.209+0000] {processor.py:830} INFO - Processing file /home/airflow/.local/lib/python3.12/site-packages/airflow/example_dags/example_sla_dag.py for tasks to queue
[2024-08-13T17:33:11.211+0000] {logging_mixin.py:188} INFO - [2024-08-13T17:33:11.211+0000] {dagbag.py:545} INFO - Filling up the DagBag from /home/airflow/.local/lib/python3.12/site-packages/airflow/example_dags/example_sla_dag.py
[2024-08-13T17:33:11.218+0000] {processor.py:840} INFO - DAG(s) 'example_sla_dag' retrieved from /home/airflow/.local/lib/python3.12/site-packages/airflow/example_dags/example_sla_dag.py
[2024-08-13T17:33:11.235+0000] {logging_mixin.py:188} INFO - [2024-08-13T17:33:11.234+0000] {dag.py:3089} INFO - Sync 1 DAGs
[2024-08-13T17:33:11.256+0000] {logging_mixin.py:188} INFO - [2024-08-13T17:33:11.255+0000] {dag.py:3947} INFO - Setting next_dagrun for example_sla_dag to 2024-08-13 17:30:00+00:00, run_after=2024-08-13 17:32:00+00:00
[2024-08-13T17:33:11.272+0000] {processor.py:183} INFO - Processing /home/airflow/.local/lib/python3.12/site-packages/airflow/example_dags/example_sla_dag.py took 0.068 seconds
[2024-08-13T17:33:41.845+0000] {processor.py:161} INFO - Started process (PID=469) to work on /home/airflow/.local/lib/python3.12/site-packages/airflow/example_dags/example_sla_dag.py
[2024-08-13T17:33:41.846+0000] {processor.py:830} INFO - Processing file /home/airflow/.local/lib/python3.12/site-packages/airflow/example_dags/example_sla_dag.py for tasks to queue
[2024-08-13T17:33:41.847+0000] {logging_mixin.py:188} INFO - [2024-08-13T17:33:41.847+0000] {dagbag.py:545} INFO - Filling up the DagBag from /home/airflow/.local/lib/python3.12/site-packages/airflow/example_dags/example_sla_dag.py
[2024-08-13T17:33:41.854+0000] {processor.py:840} INFO - DAG(s) 'example_sla_dag' retrieved from /home/airflow/.local/lib/python3.12/site-packages/airflow/example_dags/example_sla_dag.py
[2024-08-13T17:33:41.871+0000] {logging_mixin.py:188} INFO - [2024-08-13T17:33:41.871+0000] {dag.py:3089} INFO - Sync 1 DAGs
[2024-08-13T17:33:41.892+0000] {logging_mixin.py:188} INFO - [2024-08-13T17:33:41.892+0000] {dag.py:3947} INFO - Setting next_dagrun for example_sla_dag to 2024-08-13 17:30:00+00:00, run_after=2024-08-13 17:32:00+00:00
[2024-08-13T17:33:41.908+0000] {processor.py:183} INFO - Processing /home/airflow/.local/lib/python3.12/site-packages/airflow/example_dags/example_sla_dag.py took 0.068 seconds
[2024-08-13T17:34:12.400+0000] {processor.py:161} INFO - Started process (PID=527) to work on /home/airflow/.local/lib/python3.12/site-packages/airflow/example_dags/example_sla_dag.py
[2024-08-13T17:34:12.401+0000] {processor.py:830} INFO - Processing file /home/airflow/.local/lib/python3.12/site-packages/airflow/example_dags/example_sla_dag.py for tasks to queue
[2024-08-13T17:34:12.402+0000] {logging_mixin.py:188} INFO - [2024-08-13T17:34:12.402+0000] {dagbag.py:545} INFO - Filling up the DagBag from /home/airflow/.local/lib/python3.12/site-packages/airflow/example_dags/example_sla_dag.py
[2024-08-13T17:34:12.409+0000] {processor.py:840} INFO - DAG(s) 'example_sla_dag' retrieved from /home/airflow/.local/lib/python3.12/site-packages/airflow/example_dags/example_sla_dag.py
[2024-08-13T17:34:12.428+0000] {logging_mixin.py:188} INFO - [2024-08-13T17:34:12.428+0000] {dag.py:3089} INFO - Sync 1 DAGs
[2024-08-13T17:34:12.449+0000] {logging_mixin.py:188} INFO - [2024-08-13T17:34:12.449+0000] {dag.py:3947} INFO - Setting next_dagrun for example_sla_dag to 2024-08-13 17:32:00+00:00, run_after=2024-08-13 17:34:00+00:00
[2024-08-13T17:34:12.468+0000] {processor.py:183} INFO - Processing /home/airflow/.local/lib/python3.12/site-packages/airflow/example_dags/example_sla_dag.py took 0.072 seconds
[2024-08-13T17:34:42.880+0000] {processor.py:161} INFO - Started process (PID=585) to work on /home/airflow/.local/lib/python3.12/site-packages/airflow/example_dags/example_sla_dag.py
[2024-08-13T17:34:42.881+0000] {processor.py:830} INFO - Processing file /home/airflow/.local/lib/python3.12/site-packages/airflow/example_dags/example_sla_dag.py for tasks to queue
[2024-08-13T17:34:42.882+0000] {logging_mixin.py:188} INFO - [2024-08-13T17:34:42.882+0000] {dagbag.py:545} INFO - Filling up the DagBag from /home/airflow/.local/lib/python3.12/site-packages/airflow/example_dags/example_sla_dag.py
[2024-08-13T17:34:42.889+0000] {processor.py:840} INFO - DAG(s) 'example_sla_dag' retrieved from /home/airflow/.local/lib/python3.12/site-packages/airflow/example_dags/example_sla_dag.py
[2024-08-13T17:34:42.906+0000] {logging_mixin.py:188} INFO - [2024-08-13T17:34:42.906+0000] {dag.py:3089} INFO - Sync 1 DAGs
[2024-08-13T17:34:42.927+0000] {logging_mixin.py:188} INFO - [2024-08-13T17:34:42.927+0000] {dag.py:3947} INFO - Setting next_dagrun for example_sla_dag to 2024-08-13 17:32:00+00:00, run_after=2024-08-13 17:34:00+00:00
[2024-08-13T17:34:42.943+0000] {processor.py:183} INFO - Processing /home/airflow/.local/lib/python3.12/site-packages/airflow/example_dags/example_sla_dag.py took 0.068 seconds
[2024-08-13T17:35:13.372+0000] {processor.py:161} INFO - Started process (PID=649) to work on /home/airflow/.local/lib/python3.12/site-packages/airflow/example_dags/example_sla_dag.py
[2024-08-13T17:35:13.372+0000] {processor.py:830} INFO - Processing file /home/airflow/.local/lib/python3.12/site-packages/airflow/example_dags/example_sla_dag.py for tasks to queue
[2024-08-13T17:35:13.374+0000] {logging_mixin.py:188} INFO - [2024-08-13T17:35:13.373+0000] {dagbag.py:545} INFO - Filling up the DagBag from /home/airflow/.local/lib/python3.12/site-packages/airflow/example_dags/example_sla_dag.py
[2024-08-13T17:35:13.380+0000] {processor.py:840} INFO - DAG(s) 'example_sla_dag' retrieved from /home/airflow/.local/lib/python3.12/site-packages/airflow/example_dags/example_sla_dag.py
[2024-08-13T17:35:13.398+0000] {logging_mixin.py:188} INFO - [2024-08-13T17:35:13.398+0000] {dag.py:3089} INFO - Sync 1 DAGs
[2024-08-13T17:35:13.419+0000] {logging_mixin.py:188} INFO - [2024-08-13T17:35:13.419+0000] {dag.py:3947} INFO - Setting next_dagrun for example_sla_dag to 2024-08-13 17:32:00+00:00, run_after=2024-08-13 17:34:00+00:00
[2024-08-13T17:35:13.435+0000] {processor.py:183} INFO - Processing /home/airflow/.local/lib/python3.12/site-packages/airflow/example_dags/example_sla_dag.py took 0.068 seconds
[2024-08-13T17:35:43.676+0000] {processor.py:161} INFO - Started process (PID=707) to work on /home/airflow/.local/lib/python3.12/site-packages/airflow/example_dags/example_sla_dag.py
[2024-08-13T17:35:43.677+0000] {processor.py:830} INFO - Processing file /home/airflow/.local/lib/python3.12/site-packages/airflow/example_dags/example_sla_dag.py for tasks to queue
[2024-08-13T17:35:43.678+0000] {logging_mixin.py:188} INFO - [2024-08-13T17:35:43.678+0000] {dagbag.py:545} INFO - Filling up the DagBag from /home/airflow/.local/lib/python3.12/site-packages/airflow/example_dags/example_sla_dag.py
[2024-08-13T17:35:43.685+0000] {processor.py:840} INFO - DAG(s) 'example_sla_dag' retrieved from /home/airflow/.local/lib/python3.12/site-packages/airflow/example_dags/example_sla_dag.py
[2024-08-13T17:35:43.703+0000] {logging_mixin.py:188} INFO - [2024-08-13T17:35:43.703+0000] {dag.py:3089} INFO - Sync 1 DAGs
[2024-08-13T17:35:43.724+0000] {logging_mixin.py:188} INFO - [2024-08-13T17:35:43.723+0000] {dag.py:3947} INFO - Setting next_dagrun for example_sla_dag to 2024-08-13 17:32:00+00:00, run_after=2024-08-13 17:34:00+00:00
[2024-08-13T17:35:43.740+0000] {processor.py:183} INFO - Processing /home/airflow/.local/lib/python3.12/site-packages/airflow/example_dags/example_sla_dag.py took 0.068 seconds
[2024-08-13T17:36:14.241+0000] {processor.py:161} INFO - Started process (PID=765) to work on /home/airflow/.local/lib/python3.12/site-packages/airflow/example_dags/example_sla_dag.py
[2024-08-13T17:36:14.242+0000] {processor.py:830} INFO - Processing file /home/airflow/.local/lib/python3.12/site-packages/airflow/example_dags/example_sla_dag.py for tasks to queue
[2024-08-13T17:36:14.243+0000] {logging_mixin.py:188} INFO - [2024-08-13T17:36:14.243+0000] {dagbag.py:545} INFO - Filling up the DagBag from /home/airflow/.local/lib/python3.12/site-packages/airflow/example_dags/example_sla_dag.py
[2024-08-13T17:36:14.250+0000] {processor.py:840} INFO - DAG(s) 'example_sla_dag' retrieved from /home/airflow/.local/lib/python3.12/site-packages/airflow/example_dags/example_sla_dag.py
[2024-08-13T17:36:14.267+0000] {logging_mixin.py:188} INFO - [2024-08-13T17:36:14.267+0000] {dag.py:3089} INFO - Sync 1 DAGs
[2024-08-13T17:36:14.289+0000] {logging_mixin.py:188} INFO - [2024-08-13T17:36:14.289+0000] {dag.py:3947} INFO - Setting next_dagrun for example_sla_dag to 2024-08-13 17:34:00+00:00, run_after=2024-08-13 17:36:00+00:00
[2024-08-13T17:36:14.306+0000] {processor.py:183} INFO - Processing /home/airflow/.local/lib/python3.12/site-packages/airflow/example_dags/example_sla_dag.py took 0.069 seconds
[2024-08-13T17:36:44.847+0000] {processor.py:161} INFO - Started process (PID=823) to work on /home/airflow/.local/lib/python3.12/site-packages/airflow/example_dags/example_sla_dag.py
[2024-08-13T17:36:44.848+0000] {processor.py:830} INFO - Processing file /home/airflow/.local/lib/python3.12/site-packages/airflow/example_dags/example_sla_dag.py for tasks to queue
[2024-08-13T17:36:44.849+0000] {logging_mixin.py:188} INFO - [2024-08-13T17:36:44.849+0000] {dagbag.py:545} INFO - Filling up the DagBag from /home/airflow/.local/lib/python3.12/site-packages/airflow/example_dags/example_sla_dag.py
[2024-08-13T17:36:44.856+0000] {processor.py:840} INFO - DAG(s) 'example_sla_dag' retrieved from /home/airflow/.local/lib/python3.12/site-packages/airflow/example_dags/example_sla_dag.py
[2024-08-13T17:36:44.873+0000] {logging_mixin.py:188} INFO - [2024-08-13T17:36:44.873+0000] {dag.py:3089} INFO - Sync 1 DAGs
[2024-08-13T17:36:44.894+0000] {logging_mixin.py:188} INFO - [2024-08-13T17:36:44.894+0000] {dag.py:3947} INFO - Setting next_dagrun for example_sla_dag to 2024-08-13 17:34:00+00:00, run_after=2024-08-13 17:36:00+00:00
[2024-08-13T17:36:44.910+0000] {processor.py:183} INFO - Processing /home/airflow/.local/lib/python3.12/site-packages/airflow/example_dags/example_sla_dag.py took 0.068 seconds
[2024-08-13T17:37:15.305+0000] {processor.py:161} INFO - Started process (PID=881) to work on /home/airflow/.local/lib/python3.12/site-packages/airflow/example_dags/example_sla_dag.py
[2024-08-13T17:37:15.306+0000] {processor.py:830} INFO - Processing file /home/airflow/.local/lib/python3.12/site-packages/airflow/example_dags/example_sla_dag.py for tasks to queue
[2024-08-13T17:37:15.307+0000] {logging_mixin.py:188} INFO - [2024-08-13T17:37:15.307+0000] {dagbag.py:545} INFO - Filling up the DagBag from /home/airflow/.local/lib/python3.12/site-packages/airflow/example_dags/example_sla_dag.py
[2024-08-13T17:37:15.314+0000] {processor.py:840} INFO - DAG(s) 'example_sla_dag' retrieved from /home/airflow/.local/lib/python3.12/site-packages/airflow/example_dags/example_sla_dag.py
[2024-08-13T17:37:15.331+0000] {logging_mixin.py:188} INFO - [2024-08-13T17:37:15.331+0000] {dag.py:3089} INFO - Sync 1 DAGs
[2024-08-13T17:37:15.353+0000] {logging_mixin.py:188} INFO - [2024-08-13T17:37:15.353+0000] {dag.py:3947} INFO - Setting next_dagrun for example_sla_dag to 2024-08-13 17:34:00+00:00, run_after=2024-08-13 17:36:00+00:00
[2024-08-13T17:37:15.369+0000] {processor.py:183} INFO - Processing /home/airflow/.local/lib/python3.12/site-packages/airflow/example_dags/example_sla_dag.py took 0.068 seconds
[2024-08-13T17:37:45.941+0000] {processor.py:161} INFO - Started process (PID=939) to work on /home/airflow/.local/lib/python3.12/site-packages/airflow/example_dags/example_sla_dag.py
[2024-08-13T17:37:45.942+0000] {processor.py:830} INFO - Processing file /home/airflow/.local/lib/python3.12/site-packages/airflow/example_dags/example_sla_dag.py for tasks to queue
[2024-08-13T17:37:45.943+0000] {logging_mixin.py:188} INFO - [2024-08-13T17:37:45.943+0000] {dagbag.py:545} INFO - Filling up the DagBag from /home/airflow/.local/lib/python3.12/site-packages/airflow/example_dags/example_sla_dag.py
[2024-08-13T17:37:45.950+0000] {processor.py:840} INFO - DAG(s) 'example_sla_dag' retrieved from /home/airflow/.local/lib/python3.12/site-packages/airflow/example_dags/example_sla_dag.py
[2024-08-13T17:37:45.967+0000] {logging_mixin.py:188} INFO - [2024-08-13T17:37:45.967+0000] {dag.py:3089} INFO - Sync 1 DAGs
[2024-08-13T17:37:45.988+0000] {logging_mixin.py:188} INFO - [2024-08-13T17:37:45.988+0000] {dag.py:3947} INFO - Setting next_dagrun for example_sla_dag to 2024-08-13 17:34:00+00:00, run_after=2024-08-13 17:36:00+00:00
[2024-08-13T17:37:46.004+0000] {processor.py:183} INFO - Processing /home/airflow/.local/lib/python3.12/site-packages/airflow/example_dags/example_sla_dag.py took 0.067 seconds
[2024-08-13T17:38:16.552+0000] {processor.py:161} INFO - Started process (PID=997) to work on /home/airflow/.local/lib/python3.12/site-packages/airflow/example_dags/example_sla_dag.py
[2024-08-13T17:38:16.553+0000] {processor.py:830} INFO - Processing file /home/airflow/.local/lib/python3.12/site-packages/airflow/example_dags/example_sla_dag.py for tasks to queue
[2024-08-13T17:38:16.554+0000] {logging_mixin.py:188} INFO - [2024-08-13T17:38:16.554+0000] {dagbag.py:545} INFO - Filling up the DagBag from /home/airflow/.local/lib/python3.12/site-packages/airflow/example_dags/example_sla_dag.py
[2024-08-13T17:38:16.561+0000] {processor.py:840} INFO - DAG(s) 'example_sla_dag' retrieved from /home/airflow/.local/lib/python3.12/site-packages/airflow/example_dags/example_sla_dag.py
[2024-08-13T17:38:16.578+0000] {logging_mixin.py:188} INFO - [2024-08-13T17:38:16.578+0000] {dag.py:3089} INFO - Sync 1 DAGs
[2024-08-13T17:38:16.599+0000] {logging_mixin.py:188} INFO - [2024-08-13T17:38:16.599+0000] {dag.py:3947} INFO - Setting next_dagrun for example_sla_dag to 2024-08-13 17:36:00+00:00, run_after=2024-08-13 17:38:00+00:00
[2024-08-13T17:38:16.615+0000] {processor.py:183} INFO - Processing /home/airflow/.local/lib/python3.12/site-packages/airflow/example_dags/example_sla_dag.py took 0.068 seconds
[2024-08-13T17:38:46.763+0000] {processor.py:161} INFO - Started process (PID=1055) to work on /home/airflow/.local/lib/python3.12/site-packages/airflow/example_dags/example_sla_dag.py
[2024-08-13T17:38:46.764+0000] {processor.py:830} INFO - Processing file /home/airflow/.local/lib/python3.12/site-packages/airflow/example_dags/example_sla_dag.py for tasks to queue
[2024-08-13T17:38:46.765+0000] {logging_mixin.py:188} INFO - [2024-08-13T17:38:46.765+0000] {dagbag.py:545} INFO - Filling up the DagBag from /home/airflow/.local/lib/python3.12/site-packages/airflow/example_dags/example_sla_dag.py
[2024-08-13T17:38:46.772+0000] {processor.py:840} INFO - DAG(s) 'example_sla_dag' retrieved from /home/airflow/.local/lib/python3.12/site-packages/airflow/example_dags/example_sla_dag.py
[2024-08-13T17:38:46.789+0000] {logging_mixin.py:188} INFO - [2024-08-13T17:38:46.789+0000] {dag.py:3089} INFO - Sync 1 DAGs
[2024-08-13T17:38:46.811+0000] {logging_mixin.py:188} INFO - [2024-08-13T17:38:46.811+0000] {dag.py:3947} INFO - Setting next_dagrun for example_sla_dag to 2024-08-13 17:36:00+00:00, run_after=2024-08-13 17:38:00+00:00
[2024-08-13T17:38:46.827+0000] {processor.py:183} INFO - Processing /home/airflow/.local/lib/python3.12/site-packages/airflow/example_dags/example_sla_dag.py took 0.070 seconds
[2024-08-13T17:39:17.138+0000] {processor.py:161} INFO - Started process (PID=1113) to work on /home/airflow/.local/lib/python3.12/site-packages/airflow/example_dags/example_sla_dag.py
[2024-08-13T17:39:17.139+0000] {processor.py:830} INFO - Processing file /home/airflow/.local/lib/python3.12/site-packages/airflow/example_dags/example_sla_dag.py for tasks to queue
[2024-08-13T17:39:17.140+0000] {logging_mixin.py:188} INFO - [2024-08-13T17:39:17.140+0000] {dagbag.py:545} INFO - Filling up the DagBag from /home/airflow/.local/lib/python3.12/site-packages/airflow/example_dags/example_sla_dag.py
[2024-08-13T17:39:17.147+0000] {processor.py:840} INFO - DAG(s) 'example_sla_dag' retrieved from /home/airflow/.local/lib/python3.12/site-packages/airflow/example_dags/example_sla_dag.py
[2024-08-13T17:39:17.164+0000] {logging_mixin.py:188} INFO - [2024-08-13T17:39:17.163+0000] {dag.py:3089} INFO - Sync 1 DAGs
[2024-08-13T17:39:17.184+0000] {logging_mixin.py:188} INFO - [2024-08-13T17:39:17.184+0000] {dag.py:3947} INFO - Setting next_dagrun for example_sla_dag to 2024-08-13 17:36:00+00:00, run_after=2024-08-13 17:38:00+00:00
[2024-08-13T17:39:17.201+0000] {processor.py:183} INFO - Processing /home/airflow/.local/lib/python3.12/site-packages/airflow/example_dags/example_sla_dag.py took 0.067 seconds
[2024-08-13T17:39:47.596+0000] {processor.py:161} INFO - Started process (PID=1171) to work on /home/airflow/.local/lib/python3.12/site-packages/airflow/example_dags/example_sla_dag.py
[2024-08-13T17:39:47.597+0000] {processor.py:830} INFO - Processing file /home/airflow/.local/lib/python3.12/site-packages/airflow/example_dags/example_sla_dag.py for tasks to queue
[2024-08-13T17:39:47.598+0000] {logging_mixin.py:188} INFO - [2024-08-13T17:39:47.598+0000] {dagbag.py:545} INFO - Filling up the DagBag from /home/airflow/.local/lib/python3.12/site-packages/airflow/example_dags/example_sla_dag.py
[2024-08-13T17:39:47.605+0000] {processor.py:840} INFO - DAG(s) 'example_sla_dag' retrieved from /home/airflow/.local/lib/python3.12/site-packages/airflow/example_dags/example_sla_dag.py
[2024-08-13T17:39:47.622+0000] {logging_mixin.py:188} INFO - [2024-08-13T17:39:47.622+0000] {dag.py:3089} INFO - Sync 1 DAGs
[2024-08-13T17:39:47.643+0000] {logging_mixin.py:188} INFO - [2024-08-13T17:39:47.643+0000] {dag.py:3947} INFO - Setting next_dagrun for example_sla_dag to 2024-08-13 17:36:00+00:00, run_after=2024-08-13 17:38:00+00:00
[2024-08-13T17:39:47.659+0000] {processor.py:183} INFO - Processing /home/airflow/.local/lib/python3.12/site-packages/airflow/example_dags/example_sla_dag.py took 0.068 seconds
[2024-08-13T17:40:18.114+0000] {processor.py:161} INFO - Started process (PID=1229) to work on /home/airflow/.local/lib/python3.12/site-packages/airflow/example_dags/example_sla_dag.py
[2024-08-13T17:40:18.114+0000] {processor.py:830} INFO - Processing file /home/airflow/.local/lib/python3.12/site-packages/airflow/example_dags/example_sla_dag.py for tasks to queue
[2024-08-13T17:40:18.116+0000] {logging_mixin.py:188} INFO - [2024-08-13T17:40:18.115+0000] {dagbag.py:545} INFO - Filling up the DagBag from /home/airflow/.local/lib/python3.12/site-packages/airflow/example_dags/example_sla_dag.py
[2024-08-13T17:40:18.123+0000] {processor.py:840} INFO - DAG(s) 'example_sla_dag' retrieved from /home/airflow/.local/lib/python3.12/site-packages/airflow/example_dags/example_sla_dag.py
[2024-08-13T17:40:18.140+0000] {logging_mixin.py:188} INFO - [2024-08-13T17:40:18.140+0000] {dag.py:3089} INFO - Sync 1 DAGs
[2024-08-13T17:40:18.161+0000] {logging_mixin.py:188} INFO - [2024-08-13T17:40:18.161+0000] {dag.py:3947} INFO - Setting next_dagrun for example_sla_dag to 2024-08-13 17:38:00+00:00, run_after=2024-08-13 17:40:00+00:00
[2024-08-13T17:40:18.178+0000] {processor.py:183} INFO - Processing /home/airflow/.local/lib/python3.12/site-packages/airflow/example_dags/example_sla_dag.py took 0.069 seconds
[2024-08-13T17:40:48.651+0000] {processor.py:161} INFO - Started process (PID=1287) to work on /home/airflow/.local/lib/python3.12/site-packages/airflow/example_dags/example_sla_dag.py
[2024-08-13T17:40:48.652+0000] {processor.py:830} INFO - Processing file /home/airflow/.local/lib/python3.12/site-packages/airflow/example_dags/example_sla_dag.py for tasks to queue
[2024-08-13T17:40:48.653+0000] {logging_mixin.py:188} INFO - [2024-08-13T17:40:48.653+0000] {dagbag.py:545} INFO - Filling up the DagBag from /home/airflow/.local/lib/python3.12/site-packages/airflow/example_dags/example_sla_dag.py
[2024-08-13T17:40:48.660+0000] {processor.py:840} INFO - DAG(s) 'example_sla_dag' retrieved from /home/airflow/.local/lib/python3.12/site-packages/airflow/example_dags/example_sla_dag.py
[2024-08-13T17:40:48.677+0000] {logging_mixin.py:188} INFO - [2024-08-13T17:40:48.677+0000] {dag.py:3089} INFO - Sync 1 DAGs
[2024-08-13T17:40:48.703+0000] {logging_mixin.py:188} INFO - [2024-08-13T17:40:48.703+0000] {dag.py:3947} INFO - Setting next_dagrun for example_sla_dag to 2024-08-13 17:38:00+00:00, run_after=2024-08-13 17:40:00+00:00
[2024-08-13T17:40:48.720+0000] {processor.py:183} INFO - Processing /home/airflow/.local/lib/python3.12/site-packages/airflow/example_dags/example_sla_dag.py took 0.073 seconds
[2024-08-13T17:41:18.765+0000] {processor.py:161} INFO - Started process (PID=1345) to work on /home/airflow/.local/lib/python3.12/site-packages/airflow/example_dags/example_sla_dag.py
[2024-08-13T17:41:18.766+0000] {processor.py:830} INFO - Processing file /home/airflow/.local/lib/python3.12/site-packages/airflow/example_dags/example_sla_dag.py for tasks to queue
[2024-08-13T17:41:18.767+0000] {logging_mixin.py:188} INFO - [2024-08-13T17:41:18.767+0000] {dagbag.py:545} INFO - Filling up the DagBag from /home/airflow/.local/lib/python3.12/site-packages/airflow/example_dags/example_sla_dag.py
[2024-08-13T17:41:18.774+0000] {processor.py:840} INFO - DAG(s) 'example_sla_dag' retrieved from /home/airflow/.local/lib/python3.12/site-packages/airflow/example_dags/example_sla_dag.py
[2024-08-13T17:41:18.791+0000] {logging_mixin.py:188} INFO - [2024-08-13T17:41:18.791+0000] {dag.py:3089} INFO - Sync 1 DAGs
[2024-08-13T17:41:18.813+0000] {logging_mixin.py:188} INFO - [2024-08-13T17:41:18.813+0000] {dag.py:3947} INFO - Setting next_dagrun for example_sla_dag to 2024-08-13 17:38:00+00:00, run_after=2024-08-13 17:40:00+00:00
[2024-08-13T17:41:18.830+0000] {processor.py:183} INFO - Processing /home/airflow/.local/lib/python3.12/site-packages/airflow/example_dags/example_sla_dag.py took 0.069 seconds
[2024-08-13T17:41:49.196+0000] {processor.py:161} INFO - Started process (PID=1403) to work on /home/airflow/.local/lib/python3.12/site-packages/airflow/example_dags/example_sla_dag.py
[2024-08-13T17:41:49.197+0000] {processor.py:830} INFO - Processing file /home/airflow/.local/lib/python3.12/site-packages/airflow/example_dags/example_sla_dag.py for tasks to queue
[2024-08-13T17:41:49.198+0000] {logging_mixin.py:188} INFO - [2024-08-13T17:41:49.198+0000] {dagbag.py:545} INFO - Filling up the DagBag from /home/airflow/.local/lib/python3.12/site-packages/airflow/example_dags/example_sla_dag.py
[2024-08-13T17:41:49.205+0000] {processor.py:840} INFO - DAG(s) 'example_sla_dag' retrieved from /home/airflow/.local/lib/python3.12/site-packages/airflow/example_dags/example_sla_dag.py
[2024-08-13T17:41:49.222+0000] {logging_mixin.py:188} INFO - [2024-08-13T17:41:49.222+0000] {dag.py:3089} INFO - Sync 1 DAGs
[2024-08-13T17:41:49.243+0000] {logging_mixin.py:188} INFO - [2024-08-13T17:41:49.243+0000] {dag.py:3947} INFO - Setting next_dagrun for example_sla_dag to 2024-08-13 17:38:00+00:00, run_after=2024-08-13 17:40:00+00:00
[2024-08-13T17:41:49.367+0000] {processor.py:183} INFO - Processing /home/airflow/.local/lib/python3.12/site-packages/airflow/example_dags/example_sla_dag.py took 0.175 seconds
[2024-08-13T17:42:20.230+0000] {processor.py:161} INFO - Started process (PID=1461) to work on /home/airflow/.local/lib/python3.12/site-packages/airflow/example_dags/example_sla_dag.py
[2024-08-13T17:42:20.231+0000] {processor.py:830} INFO - Processing file /home/airflow/.local/lib/python3.12/site-packages/airflow/example_dags/example_sla_dag.py for tasks to queue
[2024-08-13T17:42:20.232+0000] {logging_mixin.py:188} INFO - [2024-08-13T17:42:20.232+0000] {dagbag.py:545} INFO - Filling up the DagBag from /home/airflow/.local/lib/python3.12/site-packages/airflow/example_dags/example_sla_dag.py
[2024-08-13T17:42:20.239+0000] {processor.py:840} INFO - DAG(s) 'example_sla_dag' retrieved from /home/airflow/.local/lib/python3.12/site-packages/airflow/example_dags/example_sla_dag.py
[2024-08-13T17:42:20.257+0000] {logging_mixin.py:188} INFO - [2024-08-13T17:42:20.257+0000] {dag.py:3089} INFO - Sync 1 DAGs
[2024-08-13T17:42:20.279+0000] {logging_mixin.py:188} INFO - [2024-08-13T17:42:20.279+0000] {dag.py:3947} INFO - Setting next_dagrun for example_sla_dag to 2024-08-13 17:40:00+00:00, run_after=2024-08-13 17:42:00+00:00
[2024-08-13T17:42:20.296+0000] {processor.py:183} INFO - Processing /home/airflow/.local/lib/python3.12/site-packages/airflow/example_dags/example_sla_dag.py took 0.071 seconds
[2024-08-13T17:42:50.337+0000] {processor.py:161} INFO - Started process (PID=1519) to work on /home/airflow/.local/lib/python3.12/site-packages/airflow/example_dags/example_sla_dag.py
[2024-08-13T17:42:50.338+0000] {processor.py:830} INFO - Processing file /home/airflow/.local/lib/python3.12/site-packages/airflow/example_dags/example_sla_dag.py for tasks to queue
[2024-08-13T17:42:50.339+0000] {logging_mixin.py:188} INFO - [2024-08-13T17:42:50.339+0000] {dagbag.py:545} INFO - Filling up the DagBag from /home/airflow/.local/lib/python3.12/site-packages/airflow/example_dags/example_sla_dag.py
[2024-08-13T17:42:50.346+0000] {processor.py:840} INFO - DAG(s) 'example_sla_dag' retrieved from /home/airflow/.local/lib/python3.12/site-packages/airflow/example_dags/example_sla_dag.py
[2024-08-13T17:42:50.364+0000] {logging_mixin.py:188} INFO - [2024-08-13T17:42:50.363+0000] {dag.py:3089} INFO - Sync 1 DAGs
[2024-08-13T17:42:50.387+0000] {logging_mixin.py:188} INFO - [2024-08-13T17:42:50.386+0000] {dag.py:3947} INFO - Setting next_dagrun for example_sla_dag to 2024-08-13 17:40:00+00:00, run_after=2024-08-13 17:42:00+00:00
[2024-08-13T17:42:50.404+0000] {processor.py:183} INFO - Processing /home/airflow/.local/lib/python3.12/site-packages/airflow/example_dags/example_sla_dag.py took 0.072 seconds
[2024-08-13T17:43:20.443+0000] {processor.py:161} INFO - Started process (PID=1577) to work on /home/airflow/.local/lib/python3.12/site-packages/airflow/example_dags/example_sla_dag.py
[2024-08-13T17:43:20.443+0000] {processor.py:830} INFO - Processing file /home/airflow/.local/lib/python3.12/site-packages/airflow/example_dags/example_sla_dag.py for tasks to queue
[2024-08-13T17:43:20.445+0000] {logging_mixin.py:188} INFO - [2024-08-13T17:43:20.445+0000] {dagbag.py:545} INFO - Filling up the DagBag from /home/airflow/.local/lib/python3.12/site-packages/airflow/example_dags/example_sla_dag.py
[2024-08-13T17:43:20.452+0000] {processor.py:840} INFO - DAG(s) 'example_sla_dag' retrieved from /home/airflow/.local/lib/python3.12/site-packages/airflow/example_dags/example_sla_dag.py
[2024-08-13T17:43:20.470+0000] {logging_mixin.py:188} INFO - [2024-08-13T17:43:20.469+0000] {dag.py:3089} INFO - Sync 1 DAGs
[2024-08-13T17:43:20.491+0000] {logging_mixin.py:188} INFO - [2024-08-13T17:43:20.491+0000] {dag.py:3947} INFO - Setting next_dagrun for example_sla_dag to 2024-08-13 17:40:00+00:00, run_after=2024-08-13 17:42:00+00:00
[2024-08-13T17:43:20.507+0000] {processor.py:183} INFO - Processing /home/airflow/.local/lib/python3.12/site-packages/airflow/example_dags/example_sla_dag.py took 0.069 seconds
[2024-08-13T17:43:51.075+0000] {processor.py:161} INFO - Started process (PID=1635) to work on /home/airflow/.local/lib/python3.12/site-packages/airflow/example_dags/example_sla_dag.py
[2024-08-13T17:43:51.076+0000] {processor.py:830} INFO - Processing file /home/airflow/.local/lib/python3.12/site-packages/airflow/example_dags/example_sla_dag.py for tasks to queue
[2024-08-13T17:43:51.077+0000] {logging_mixin.py:188} INFO - [2024-08-13T17:43:51.077+0000] {dagbag.py:545} INFO - Filling up the DagBag from /home/airflow/.local/lib/python3.12/site-packages/airflow/example_dags/example_sla_dag.py
[2024-08-13T17:43:51.084+0000] {processor.py:840} INFO - DAG(s) 'example_sla_dag' retrieved from /home/airflow/.local/lib/python3.12/site-packages/airflow/example_dags/example_sla_dag.py
[2024-08-13T17:43:51.102+0000] {logging_mixin.py:188} INFO - [2024-08-13T17:43:51.102+0000] {dag.py:3089} INFO - Sync 1 DAGs
[2024-08-13T17:43:51.124+0000] {logging_mixin.py:188} INFO - [2024-08-13T17:43:51.124+0000] {dag.py:3947} INFO - Setting next_dagrun for example_sla_dag to 2024-08-13 17:40:00+00:00, run_after=2024-08-13 17:42:00+00:00
[2024-08-13T17:43:51.140+0000] {processor.py:183} INFO - Processing /home/airflow/.local/lib/python3.12/site-packages/airflow/example_dags/example_sla_dag.py took 0.070 seconds
[2024-08-13T17:44:21.799+0000] {processor.py:161} INFO - Started process (PID=1693) to work on /home/airflow/.local/lib/python3.12/site-packages/airflow/example_dags/example_sla_dag.py
[2024-08-13T17:44:21.800+0000] {processor.py:830} INFO - Processing file /home/airflow/.local/lib/python3.12/site-packages/airflow/example_dags/example_sla_dag.py for tasks to queue
[2024-08-13T17:44:21.802+0000] {logging_mixin.py:188} INFO - [2024-08-13T17:44:21.801+0000] {dagbag.py:545} INFO - Filling up the DagBag from /home/airflow/.local/lib/python3.12/site-packages/airflow/example_dags/example_sla_dag.py
[2024-08-13T17:44:21.809+0000] {processor.py:840} INFO - DAG(s) 'example_sla_dag' retrieved from /home/airflow/.local/lib/python3.12/site-packages/airflow/example_dags/example_sla_dag.py
[2024-08-13T17:44:21.827+0000] {logging_mixin.py:188} INFO - [2024-08-13T17:44:21.826+0000] {dag.py:3089} INFO - Sync 1 DAGs
[2024-08-13T17:44:21.848+0000] {logging_mixin.py:188} INFO - [2024-08-13T17:44:21.848+0000] {dag.py:3947} INFO - Setting next_dagrun for example_sla_dag to 2024-08-13 17:42:00+00:00, run_after=2024-08-13 17:44:00+00:00
[2024-08-13T17:44:21.865+0000] {processor.py:183} INFO - Processing /home/airflow/.local/lib/python3.12/site-packages/airflow/example_dags/example_sla_dag.py took 0.071 seconds
[2024-08-13T17:44:52.186+0000] {processor.py:161} INFO - Started process (PID=1751) to work on /home/airflow/.local/lib/python3.12/site-packages/airflow/example_dags/example_sla_dag.py
[2024-08-13T17:44:52.186+0000] {processor.py:830} INFO - Processing file /home/airflow/.local/lib/python3.12/site-packages/airflow/example_dags/example_sla_dag.py for tasks to queue
[2024-08-13T17:44:52.188+0000] {logging_mixin.py:188} INFO - [2024-08-13T17:44:52.187+0000] {dagbag.py:545} INFO - Filling up the DagBag from /home/airflow/.local/lib/python3.12/site-packages/airflow/example_dags/example_sla_dag.py
[2024-08-13T17:44:52.195+0000] {processor.py:840} INFO - DAG(s) 'example_sla_dag' retrieved from /home/airflow/.local/lib/python3.12/site-packages/airflow/example_dags/example_sla_dag.py
[2024-08-13T17:44:52.321+0000] {logging_mixin.py:188} INFO - [2024-08-13T17:44:52.320+0000] {dag.py:3089} INFO - Sync 1 DAGs
[2024-08-13T17:44:52.340+0000] {logging_mixin.py:188} INFO - [2024-08-13T17:44:52.340+0000] {dag.py:3947} INFO - Setting next_dagrun for example_sla_dag to 2024-08-13 17:42:00+00:00, run_after=2024-08-13 17:44:00+00:00
[2024-08-13T17:44:52.357+0000] {processor.py:183} INFO - Processing /home/airflow/.local/lib/python3.12/site-packages/airflow/example_dags/example_sla_dag.py took 0.176 seconds
[2024-08-13T17:45:22.868+0000] {processor.py:161} INFO - Started process (PID=1809) to work on /home/airflow/.local/lib/python3.12/site-packages/airflow/example_dags/example_sla_dag.py
[2024-08-13T17:45:22.869+0000] {processor.py:830} INFO - Processing file /home/airflow/.local/lib/python3.12/site-packages/airflow/example_dags/example_sla_dag.py for tasks to queue
[2024-08-13T17:45:22.871+0000] {logging_mixin.py:188} INFO - [2024-08-13T17:45:22.870+0000] {dagbag.py:545} INFO - Filling up the DagBag from /home/airflow/.local/lib/python3.12/site-packages/airflow/example_dags/example_sla_dag.py
[2024-08-13T17:45:22.878+0000] {processor.py:840} INFO - DAG(s) 'example_sla_dag' retrieved from /home/airflow/.local/lib/python3.12/site-packages/airflow/example_dags/example_sla_dag.py
[2024-08-13T17:45:22.896+0000] {logging_mixin.py:188} INFO - [2024-08-13T17:45:22.896+0000] {dag.py:3089} INFO - Sync 1 DAGs
[2024-08-13T17:45:22.917+0000] {logging_mixin.py:188} INFO - [2024-08-13T17:45:22.917+0000] {dag.py:3947} INFO - Setting next_dagrun for example_sla_dag to 2024-08-13 17:42:00+00:00, run_after=2024-08-13 17:44:00+00:00
[2024-08-13T17:45:22.934+0000] {processor.py:183} INFO - Processing /home/airflow/.local/lib/python3.12/site-packages/airflow/example_dags/example_sla_dag.py took 0.070 seconds
[2024-08-13T17:45:53.333+0000] {processor.py:161} INFO - Started process (PID=1867) to work on /home/airflow/.local/lib/python3.12/site-packages/airflow/example_dags/example_sla_dag.py
[2024-08-13T17:45:53.334+0000] {processor.py:830} INFO - Processing file /home/airflow/.local/lib/python3.12/site-packages/airflow/example_dags/example_sla_dag.py for tasks to queue
[2024-08-13T17:45:53.335+0000] {logging_mixin.py:188} INFO - [2024-08-13T17:45:53.335+0000] {dagbag.py:545} INFO - Filling up the DagBag from /home/airflow/.local/lib/python3.12/site-packages/airflow/example_dags/example_sla_dag.py
[2024-08-13T17:45:53.342+0000] {processor.py:840} INFO - DAG(s) 'example_sla_dag' retrieved from /home/airflow/.local/lib/python3.12/site-packages/airflow/example_dags/example_sla_dag.py
[2024-08-13T17:45:53.359+0000] {logging_mixin.py:188} INFO - [2024-08-13T17:45:53.359+0000] {dag.py:3089} INFO - Sync 1 DAGs
[2024-08-13T17:45:53.381+0000] {logging_mixin.py:188} INFO - [2024-08-13T17:45:53.381+0000] {dag.py:3947} INFO - Setting next_dagrun for example_sla_dag to 2024-08-13 17:42:00+00:00, run_after=2024-08-13 17:44:00+00:00
[2024-08-13T17:45:53.398+0000] {processor.py:183} INFO - Processing /home/airflow/.local/lib/python3.12/site-packages/airflow/example_dags/example_sla_dag.py took 0.069 seconds
[2024-08-13T17:46:23.771+0000] {processor.py:161} INFO - Started process (PID=1925) to work on /home/airflow/.local/lib/python3.12/site-packages/airflow/example_dags/example_sla_dag.py
[2024-08-13T17:46:23.772+0000] {processor.py:830} INFO - Processing file /home/airflow/.local/lib/python3.12/site-packages/airflow/example_dags/example_sla_dag.py for tasks to queue
[2024-08-13T17:46:23.773+0000] {logging_mixin.py:188} INFO - [2024-08-13T17:46:23.773+0000] {dagbag.py:545} INFO - Filling up the DagBag from /home/airflow/.local/lib/python3.12/site-packages/airflow/example_dags/example_sla_dag.py
[2024-08-13T17:46:23.780+0000] {processor.py:840} INFO - DAG(s) 'example_sla_dag' retrieved from /home/airflow/.local/lib/python3.12/site-packages/airflow/example_dags/example_sla_dag.py
[2024-08-13T17:46:23.797+0000] {logging_mixin.py:188} INFO - [2024-08-13T17:46:23.797+0000] {dag.py:3089} INFO - Sync 1 DAGs
[2024-08-13T17:46:23.819+0000] {logging_mixin.py:188} INFO - [2024-08-13T17:46:23.819+0000] {dag.py:3947} INFO - Setting next_dagrun for example_sla_dag to 2024-08-13 17:44:00+00:00, run_after=2024-08-13 17:46:00+00:00
[2024-08-13T17:46:23.837+0000] {processor.py:183} INFO - Processing /home/airflow/.local/lib/python3.12/site-packages/airflow/example_dags/example_sla_dag.py took 0.071 seconds
[2024-08-13T17:46:54.294+0000] {processor.py:161} INFO - Started process (PID=1983) to work on /home/airflow/.local/lib/python3.12/site-packages/airflow/example_dags/example_sla_dag.py
[2024-08-13T17:46:54.295+0000] {processor.py:830} INFO - Processing file /home/airflow/.local/lib/python3.12/site-packages/airflow/example_dags/example_sla_dag.py for tasks to queue
[2024-08-13T17:46:54.296+0000] {logging_mixin.py:188} INFO - [2024-08-13T17:46:54.296+0000] {dagbag.py:545} INFO - Filling up the DagBag from /home/airflow/.local/lib/python3.12/site-packages/airflow/example_dags/example_sla_dag.py
[2024-08-13T17:46:54.303+0000] {processor.py:840} INFO - DAG(s) 'example_sla_dag' retrieved from /home/airflow/.local/lib/python3.12/site-packages/airflow/example_dags/example_sla_dag.py
[2024-08-13T17:46:54.321+0000] {logging_mixin.py:188} INFO - [2024-08-13T17:46:54.321+0000] {dag.py:3089} INFO - Sync 1 DAGs
[2024-08-13T17:46:54.342+0000] {logging_mixin.py:188} INFO - [2024-08-13T17:46:54.342+0000] {dag.py:3947} INFO - Setting next_dagrun for example_sla_dag to 2024-08-13 17:44:00+00:00, run_after=2024-08-13 17:46:00+00:00
[2024-08-13T17:46:54.359+0000] {processor.py:183} INFO - Processing /home/airflow/.local/lib/python3.12/site-packages/airflow/example_dags/example_sla_dag.py took 0.069 seconds
[2024-08-13T17:47:24.763+0000] {processor.py:161} INFO - Started process (PID=2041) to work on /home/airflow/.local/lib/python3.12/site-packages/airflow/example_dags/example_sla_dag.py
[2024-08-13T17:47:24.764+0000] {processor.py:830} INFO - Processing file /home/airflow/.local/lib/python3.12/site-packages/airflow/example_dags/example_sla_dag.py for tasks to queue
[2024-08-13T17:47:24.765+0000] {logging_mixin.py:188} INFO - [2024-08-13T17:47:24.765+0000] {dagbag.py:545} INFO - Filling up the DagBag from /home/airflow/.local/lib/python3.12/site-packages/airflow/example_dags/example_sla_dag.py
[2024-08-13T17:47:24.772+0000] {processor.py:840} INFO - DAG(s) 'example_sla_dag' retrieved from /home/airflow/.local/lib/python3.12/site-packages/airflow/example_dags/example_sla_dag.py
[2024-08-13T17:47:24.791+0000] {logging_mixin.py:188} INFO - [2024-08-13T17:47:24.791+0000] {dag.py:3089} INFO - Sync 1 DAGs
[2024-08-13T17:47:24.813+0000] {logging_mixin.py:188} INFO - [2024-08-13T17:47:24.813+0000] {dag.py:3947} INFO - Setting next_dagrun for example_sla_dag to 2024-08-13 17:44:00+00:00, run_after=2024-08-13 17:46:00+00:00
[2024-08-13T17:47:24.831+0000] {processor.py:183} INFO - Processing /home/airflow/.local/lib/python3.12/site-packages/airflow/example_dags/example_sla_dag.py took 0.072 seconds
[2024-08-13T17:47:55.270+0000] {processor.py:161} INFO - Started process (PID=2099) to work on /home/airflow/.local/lib/python3.12/site-packages/airflow/example_dags/example_sla_dag.py
[2024-08-13T17:47:55.270+0000] {processor.py:830} INFO - Processing file /home/airflow/.local/lib/python3.12/site-packages/airflow/example_dags/example_sla_dag.py for tasks to queue
[2024-08-13T17:47:55.272+0000] {logging_mixin.py:188} INFO - [2024-08-13T17:47:55.271+0000] {dagbag.py:545} INFO - Filling up the DagBag from /home/airflow/.local/lib/python3.12/site-packages/airflow/example_dags/example_sla_dag.py
[2024-08-13T17:47:55.280+0000] {processor.py:840} INFO - DAG(s) 'example_sla_dag' retrieved from /home/airflow/.local/lib/python3.12/site-packages/airflow/example_dags/example_sla_dag.py
[2024-08-13T17:47:55.299+0000] {logging_mixin.py:188} INFO - [2024-08-13T17:47:55.299+0000] {dag.py:3089} INFO - Sync 1 DAGs
[2024-08-13T17:47:55.323+0000] {logging_mixin.py:188} INFO - [2024-08-13T17:47:55.323+0000] {dag.py:3947} INFO - Setting next_dagrun for example_sla_dag to 2024-08-13 17:44:00+00:00, run_after=2024-08-13 17:46:00+00:00
[2024-08-13T17:47:55.341+0000] {processor.py:183} INFO - Processing /home/airflow/.local/lib/python3.12/site-packages/airflow/example_dags/example_sla_dag.py took 0.077 seconds
[2024-08-13T17:48:25.792+0000] {processor.py:161} INFO - Started process (PID=2157) to work on /home/airflow/.local/lib/python3.12/site-packages/airflow/example_dags/example_sla_dag.py
[2024-08-13T17:48:25.792+0000] {processor.py:830} INFO - Processing file /home/airflow/.local/lib/python3.12/site-packages/airflow/example_dags/example_sla_dag.py for tasks to queue
[2024-08-13T17:48:25.794+0000] {logging_mixin.py:188} INFO - [2024-08-13T17:48:25.793+0000] {dagbag.py:545} INFO - Filling up the DagBag from /home/airflow/.local/lib/python3.12/site-packages/airflow/example_dags/example_sla_dag.py
[2024-08-13T17:48:25.800+0000] {processor.py:840} INFO - DAG(s) 'example_sla_dag' retrieved from /home/airflow/.local/lib/python3.12/site-packages/airflow/example_dags/example_sla_dag.py
[2024-08-13T17:48:25.818+0000] {logging_mixin.py:188} INFO - [2024-08-13T17:48:25.818+0000] {dag.py:3089} INFO - Sync 1 DAGs
[2024-08-13T17:48:25.839+0000] {logging_mixin.py:188} INFO - [2024-08-13T17:48:25.839+0000] {dag.py:3947} INFO - Setting next_dagrun for example_sla_dag to 2024-08-13 17:46:00+00:00, run_after=2024-08-13 17:48:00+00:00
[2024-08-13T17:48:25.856+0000] {processor.py:183} INFO - Processing /home/airflow/.local/lib/python3.12/site-packages/airflow/example_dags/example_sla_dag.py took 0.069 seconds
[2024-08-13T17:48:56.317+0000] {processor.py:161} INFO - Started process (PID=2215) to work on /home/airflow/.local/lib/python3.12/site-packages/airflow/example_dags/example_sla_dag.py
[2024-08-13T17:48:56.317+0000] {processor.py:830} INFO - Processing file /home/airflow/.local/lib/python3.12/site-packages/airflow/example_dags/example_sla_dag.py for tasks to queue
[2024-08-13T17:48:56.319+0000] {logging_mixin.py:188} INFO - [2024-08-13T17:48:56.318+0000] {dagbag.py:545} INFO - Filling up the DagBag from /home/airflow/.local/lib/python3.12/site-packages/airflow/example_dags/example_sla_dag.py
[2024-08-13T17:48:56.326+0000] {processor.py:840} INFO - DAG(s) 'example_sla_dag' retrieved from /home/airflow/.local/lib/python3.12/site-packages/airflow/example_dags/example_sla_dag.py
[2024-08-13T17:48:56.347+0000] {logging_mixin.py:188} INFO - [2024-08-13T17:48:56.347+0000] {dag.py:3089} INFO - Sync 1 DAGs
[2024-08-13T17:48:56.369+0000] {logging_mixin.py:188} INFO - [2024-08-13T17:48:56.369+0000] {dag.py:3947} INFO - Setting next_dagrun for example_sla_dag to 2024-08-13 17:46:00+00:00, run_after=2024-08-13 17:48:00+00:00
[2024-08-13T17:48:56.386+0000] {processor.py:183} INFO - Processing /home/airflow/.local/lib/python3.12/site-packages/airflow/example_dags/example_sla_dag.py took 0.074 seconds
[2024-08-13T17:49:26.869+0000] {processor.py:161} INFO - Started process (PID=2273) to work on /home/airflow/.local/lib/python3.12/site-packages/airflow/example_dags/example_sla_dag.py
[2024-08-13T17:49:26.870+0000] {processor.py:830} INFO - Processing file /home/airflow/.local/lib/python3.12/site-packages/airflow/example_dags/example_sla_dag.py for tasks to queue
[2024-08-13T17:49:26.871+0000] {logging_mixin.py:188} INFO - [2024-08-13T17:49:26.871+0000] {dagbag.py:545} INFO - Filling up the DagBag from /home/airflow/.local/lib/python3.12/site-packages/airflow/example_dags/example_sla_dag.py
[2024-08-13T17:49:26.878+0000] {processor.py:840} INFO - DAG(s) 'example_sla_dag' retrieved from /home/airflow/.local/lib/python3.12/site-packages/airflow/example_dags/example_sla_dag.py
[2024-08-13T17:49:26.895+0000] {logging_mixin.py:188} INFO - [2024-08-13T17:49:26.895+0000] {dag.py:3089} INFO - Sync 1 DAGs
[2024-08-13T17:49:26.917+0000] {logging_mixin.py:188} INFO - [2024-08-13T17:49:26.916+0000] {dag.py:3947} INFO - Setting next_dagrun for example_sla_dag to 2024-08-13 17:46:00+00:00, run_after=2024-08-13 17:48:00+00:00
[2024-08-13T17:49:26.934+0000] {processor.py:183} INFO - Processing /home/airflow/.local/lib/python3.12/site-packages/airflow/example_dags/example_sla_dag.py took 0.070 seconds
[2024-08-13T17:49:57.286+0000] {processor.py:161} INFO - Started process (PID=2331) to work on /home/airflow/.local/lib/python3.12/site-packages/airflow/example_dags/example_sla_dag.py
[2024-08-13T17:49:57.287+0000] {processor.py:830} INFO - Processing file /home/airflow/.local/lib/python3.12/site-packages/airflow/example_dags/example_sla_dag.py for tasks to queue
[2024-08-13T17:49:57.288+0000] {logging_mixin.py:188} INFO - [2024-08-13T17:49:57.288+0000] {dagbag.py:545} INFO - Filling up the DagBag from /home/airflow/.local/lib/python3.12/site-packages/airflow/example_dags/example_sla_dag.py
[2024-08-13T17:49:57.295+0000] {processor.py:840} INFO - DAG(s) 'example_sla_dag' retrieved from /home/airflow/.local/lib/python3.12/site-packages/airflow/example_dags/example_sla_dag.py
[2024-08-13T17:49:57.313+0000] {logging_mixin.py:188} INFO - [2024-08-13T17:49:57.312+0000] {dag.py:3089} INFO - Sync 1 DAGs
[2024-08-13T17:49:57.334+0000] {logging_mixin.py:188} INFO - [2024-08-13T17:49:57.334+0000] {dag.py:3947} INFO - Setting next_dagrun for example_sla_dag to 2024-08-13 17:46:00+00:00, run_after=2024-08-13 17:48:00+00:00
[2024-08-13T17:49:57.351+0000] {processor.py:183} INFO - Processing /home/airflow/.local/lib/python3.12/site-packages/airflow/example_dags/example_sla_dag.py took 0.069 seconds
[2024-08-13T17:50:27.694+0000] {processor.py:161} INFO - Started process (PID=2390) to work on /home/airflow/.local/lib/python3.12/site-packages/airflow/example_dags/example_sla_dag.py
[2024-08-13T17:50:27.695+0000] {processor.py:830} INFO - Processing file /home/airflow/.local/lib/python3.12/site-packages/airflow/example_dags/example_sla_dag.py for tasks to queue
[2024-08-13T17:50:27.696+0000] {logging_mixin.py:188} INFO - [2024-08-13T17:50:27.696+0000] {dagbag.py:545} INFO - Filling up the DagBag from /home/airflow/.local/lib/python3.12/site-packages/airflow/example_dags/example_sla_dag.py
[2024-08-13T17:50:27.703+0000] {processor.py:840} INFO - DAG(s) 'example_sla_dag' retrieved from /home/airflow/.local/lib/python3.12/site-packages/airflow/example_dags/example_sla_dag.py
[2024-08-13T17:50:27.720+0000] {logging_mixin.py:188} INFO - [2024-08-13T17:50:27.720+0000] {dag.py:3089} INFO - Sync 1 DAGs
[2024-08-13T17:50:27.743+0000] {logging_mixin.py:188} INFO - [2024-08-13T17:50:27.743+0000] {dag.py:3947} INFO - Setting next_dagrun for example_sla_dag to 2024-08-13 17:48:00+00:00, run_after=2024-08-13 17:50:00+00:00
[2024-08-13T17:50:27.759+0000] {processor.py:183} INFO - Processing /home/airflow/.local/lib/python3.12/site-packages/airflow/example_dags/example_sla_dag.py took 0.070 seconds
[2024-08-13T17:50:58.131+0000] {processor.py:161} INFO - Started process (PID=2448) to work on /home/airflow/.local/lib/python3.12/site-packages/airflow/example_dags/example_sla_dag.py
[2024-08-13T17:50:58.132+0000] {processor.py:830} INFO - Processing file /home/airflow/.local/lib/python3.12/site-packages/airflow/example_dags/example_sla_dag.py for tasks to queue
[2024-08-13T17:50:58.133+0000] {logging_mixin.py:188} INFO - [2024-08-13T17:50:58.133+0000] {dagbag.py:545} INFO - Filling up the DagBag from /home/airflow/.local/lib/python3.12/site-packages/airflow/example_dags/example_sla_dag.py
[2024-08-13T17:50:58.140+0000] {processor.py:840} INFO - DAG(s) 'example_sla_dag' retrieved from /home/airflow/.local/lib/python3.12/site-packages/airflow/example_dags/example_sla_dag.py
[2024-08-13T17:50:58.157+0000] {logging_mixin.py:188} INFO - [2024-08-13T17:50:58.157+0000] {dag.py:3089} INFO - Sync 1 DAGs
[2024-08-13T17:50:58.179+0000] {logging_mixin.py:188} INFO - [2024-08-13T17:50:58.179+0000] {dag.py:3947} INFO - Setting next_dagrun for example_sla_dag to 2024-08-13 17:48:00+00:00, run_after=2024-08-13 17:50:00+00:00
[2024-08-13T17:50:58.195+0000] {processor.py:183} INFO - Processing /home/airflow/.local/lib/python3.12/site-packages/airflow/example_dags/example_sla_dag.py took 0.070 seconds
[2024-08-13T17:51:28.570+0000] {processor.py:161} INFO - Started process (PID=2506) to work on /home/airflow/.local/lib/python3.12/site-packages/airflow/example_dags/example_sla_dag.py
[2024-08-13T17:51:28.571+0000] {processor.py:830} INFO - Processing file /home/airflow/.local/lib/python3.12/site-packages/airflow/example_dags/example_sla_dag.py for tasks to queue
[2024-08-13T17:51:28.572+0000] {logging_mixin.py:188} INFO - [2024-08-13T17:51:28.572+0000] {dagbag.py:545} INFO - Filling up the DagBag from /home/airflow/.local/lib/python3.12/site-packages/airflow/example_dags/example_sla_dag.py
[2024-08-13T17:51:28.579+0000] {processor.py:840} INFO - DAG(s) 'example_sla_dag' retrieved from /home/airflow/.local/lib/python3.12/site-packages/airflow/example_dags/example_sla_dag.py
[2024-08-13T17:51:28.597+0000] {logging_mixin.py:188} INFO - [2024-08-13T17:51:28.596+0000] {dag.py:3089} INFO - Sync 1 DAGs
[2024-08-13T17:51:28.618+0000] {logging_mixin.py:188} INFO - [2024-08-13T17:51:28.618+0000] {dag.py:3947} INFO - Setting next_dagrun for example_sla_dag to 2024-08-13 17:48:00+00:00, run_after=2024-08-13 17:50:00+00:00
[2024-08-13T17:51:28.636+0000] {processor.py:183} INFO - Processing /home/airflow/.local/lib/python3.12/site-packages/airflow/example_dags/example_sla_dag.py took 0.071 seconds
[2024-08-13T17:51:58.937+0000] {processor.py:161} INFO - Started process (PID=2564) to work on /home/airflow/.local/lib/python3.12/site-packages/airflow/example_dags/example_sla_dag.py
[2024-08-13T17:51:58.938+0000] {processor.py:830} INFO - Processing file /home/airflow/.local/lib/python3.12/site-packages/airflow/example_dags/example_sla_dag.py for tasks to queue
[2024-08-13T17:51:58.939+0000] {logging_mixin.py:188} INFO - [2024-08-13T17:51:58.939+0000] {dagbag.py:545} INFO - Filling up the DagBag from /home/airflow/.local/lib/python3.12/site-packages/airflow/example_dags/example_sla_dag.py
[2024-08-13T17:51:58.946+0000] {processor.py:840} INFO - DAG(s) 'example_sla_dag' retrieved from /home/airflow/.local/lib/python3.12/site-packages/airflow/example_dags/example_sla_dag.py
[2024-08-13T17:51:58.964+0000] {logging_mixin.py:188} INFO - [2024-08-13T17:51:58.964+0000] {dag.py:3089} INFO - Sync 1 DAGs
[2024-08-13T17:51:58.985+0000] {logging_mixin.py:188} INFO - [2024-08-13T17:51:58.985+0000] {dag.py:3947} INFO - Setting next_dagrun for example_sla_dag to 2024-08-13 17:48:00+00:00, run_after=2024-08-13 17:50:00+00:00
[2024-08-13T17:51:59.003+0000] {processor.py:183} INFO - Processing /home/airflow/.local/lib/python3.12/site-packages/airflow/example_dags/example_sla_dag.py took 0.070 seconds
[2024-08-13T17:52:29.366+0000] {processor.py:161} INFO - Started process (PID=2622) to work on /home/airflow/.local/lib/python3.12/site-packages/airflow/example_dags/example_sla_dag.py
[2024-08-13T17:52:29.367+0000] {processor.py:830} INFO - Processing file /home/airflow/.local/lib/python3.12/site-packages/airflow/example_dags/example_sla_dag.py for tasks to queue
[2024-08-13T17:52:29.368+0000] {logging_mixin.py:188} INFO - [2024-08-13T17:52:29.368+0000] {dagbag.py:545} INFO - Filling up the DagBag from /home/airflow/.local/lib/python3.12/site-packages/airflow/example_dags/example_sla_dag.py
[2024-08-13T17:52:29.375+0000] {processor.py:840} INFO - DAG(s) 'example_sla_dag' retrieved from /home/airflow/.local/lib/python3.12/site-packages/airflow/example_dags/example_sla_dag.py
[2024-08-13T17:52:29.393+0000] {logging_mixin.py:188} INFO - [2024-08-13T17:52:29.392+0000] {dag.py:3089} INFO - Sync 1 DAGs
[2024-08-13T17:52:29.416+0000] {logging_mixin.py:188} INFO - [2024-08-13T17:52:29.415+0000] {dag.py:3947} INFO - Setting next_dagrun for example_sla_dag to 2024-08-13 17:50:00+00:00, run_after=2024-08-13 17:52:00+00:00
[2024-08-13T17:52:29.432+0000] {processor.py:183} INFO - Processing /home/airflow/.local/lib/python3.12/site-packages/airflow/example_dags/example_sla_dag.py took 0.071 seconds
