[2024-08-13T17:30:10.669+0000] {processor.py:161} INFO - Started process (PID=88) to work on /home/airflow/.local/lib/python3.12/site-packages/airflow/example_dags/example_complex.py
[2024-08-13T17:30:10.669+0000] {processor.py:830} INFO - Processing file /home/airflow/.local/lib/python3.12/site-packages/airflow/example_dags/example_complex.py for tasks to queue
[2024-08-13T17:30:10.670+0000] {logging_mixin.py:188} INFO - [2024-08-13T17:30:10.670+0000] {dagbag.py:545} INFO - Filling up the DagBag from /home/airflow/.local/lib/python3.12/site-packages/airflow/example_dags/example_complex.py
[2024-08-13T17:30:10.679+0000] {processor.py:840} INFO - DAG(s) 'example_complex' retrieved from /home/airflow/.local/lib/python3.12/site-packages/airflow/example_dags/example_complex.py
[2024-08-13T17:30:10.708+0000] {logging_mixin.py:188} INFO - [2024-08-13T17:30:10.708+0000] {dag.py:3089} INFO - Sync 1 DAGs
[2024-08-13T17:30:10.719+0000] {logging_mixin.py:188} INFO - [2024-08-13T17:30:10.719+0000] {dag.py:3947} INFO - Setting next_dagrun for example_complex to None, run_after=None
[2024-08-13T17:30:10.736+0000] {processor.py:183} INFO - Processing /home/airflow/.local/lib/python3.12/site-packages/airflow/example_dags/example_complex.py took 0.072 seconds
[2024-08-13T17:30:40.929+0000] {processor.py:161} INFO - Started process (PID=146) to work on /home/airflow/.local/lib/python3.12/site-packages/airflow/example_dags/example_complex.py
[2024-08-13T17:30:40.929+0000] {processor.py:830} INFO - Processing file /home/airflow/.local/lib/python3.12/site-packages/airflow/example_dags/example_complex.py for tasks to queue
[2024-08-13T17:30:40.931+0000] {logging_mixin.py:188} INFO - [2024-08-13T17:30:40.930+0000] {dagbag.py:545} INFO - Filling up the DagBag from /home/airflow/.local/lib/python3.12/site-packages/airflow/example_dags/example_complex.py
[2024-08-13T17:30:40.939+0000] {processor.py:840} INFO - DAG(s) 'example_complex' retrieved from /home/airflow/.local/lib/python3.12/site-packages/airflow/example_dags/example_complex.py
[2024-08-13T17:30:40.967+0000] {logging_mixin.py:188} INFO - [2024-08-13T17:30:40.966+0000] {dag.py:3089} INFO - Sync 1 DAGs
[2024-08-13T17:30:40.977+0000] {logging_mixin.py:188} INFO - [2024-08-13T17:30:40.977+0000] {dag.py:3947} INFO - Setting next_dagrun for example_complex to None, run_after=None
[2024-08-13T17:30:40.995+0000] {processor.py:183} INFO - Processing /home/airflow/.local/lib/python3.12/site-packages/airflow/example_dags/example_complex.py took 0.071 seconds
[2024-08-13T17:31:11.106+0000] {processor.py:161} INFO - Started process (PID=204) to work on /home/airflow/.local/lib/python3.12/site-packages/airflow/example_dags/example_complex.py
[2024-08-13T17:31:11.106+0000] {processor.py:830} INFO - Processing file /home/airflow/.local/lib/python3.12/site-packages/airflow/example_dags/example_complex.py for tasks to queue
[2024-08-13T17:31:11.108+0000] {logging_mixin.py:188} INFO - [2024-08-13T17:31:11.107+0000] {dagbag.py:545} INFO - Filling up the DagBag from /home/airflow/.local/lib/python3.12/site-packages/airflow/example_dags/example_complex.py
[2024-08-13T17:31:11.119+0000] {processor.py:840} INFO - DAG(s) 'example_complex' retrieved from /home/airflow/.local/lib/python3.12/site-packages/airflow/example_dags/example_complex.py
[2024-08-13T17:31:11.147+0000] {logging_mixin.py:188} INFO - [2024-08-13T17:31:11.147+0000] {dag.py:3089} INFO - Sync 1 DAGs
[2024-08-13T17:31:11.160+0000] {logging_mixin.py:188} INFO - [2024-08-13T17:31:11.159+0000] {dag.py:3947} INFO - Setting next_dagrun for example_complex to None, run_after=None
[2024-08-13T17:31:11.178+0000] {processor.py:183} INFO - Processing /home/airflow/.local/lib/python3.12/site-packages/airflow/example_dags/example_complex.py took 0.077 seconds
[2024-08-13T17:31:42.256+0000] {processor.py:161} INFO - Started process (PID=262) to work on /home/airflow/.local/lib/python3.12/site-packages/airflow/example_dags/example_complex.py
[2024-08-13T17:31:42.257+0000] {processor.py:830} INFO - Processing file /home/airflow/.local/lib/python3.12/site-packages/airflow/example_dags/example_complex.py for tasks to queue
[2024-08-13T17:31:42.258+0000] {logging_mixin.py:188} INFO - [2024-08-13T17:31:42.258+0000] {dagbag.py:545} INFO - Filling up the DagBag from /home/airflow/.local/lib/python3.12/site-packages/airflow/example_dags/example_complex.py
[2024-08-13T17:31:42.266+0000] {processor.py:840} INFO - DAG(s) 'example_complex' retrieved from /home/airflow/.local/lib/python3.12/site-packages/airflow/example_dags/example_complex.py
[2024-08-13T17:31:42.295+0000] {logging_mixin.py:188} INFO - [2024-08-13T17:31:42.295+0000] {dag.py:3089} INFO - Sync 1 DAGs
[2024-08-13T17:31:42.306+0000] {logging_mixin.py:188} INFO - [2024-08-13T17:31:42.306+0000] {dag.py:3947} INFO - Setting next_dagrun for example_complex to None, run_after=None
[2024-08-13T17:31:42.323+0000] {processor.py:183} INFO - Processing /home/airflow/.local/lib/python3.12/site-packages/airflow/example_dags/example_complex.py took 0.072 seconds
[2024-08-13T17:32:13.294+0000] {processor.py:161} INFO - Started process (PID=326) to work on /home/airflow/.local/lib/python3.12/site-packages/airflow/example_dags/example_complex.py
[2024-08-13T17:32:13.295+0000] {processor.py:830} INFO - Processing file /home/airflow/.local/lib/python3.12/site-packages/airflow/example_dags/example_complex.py for tasks to queue
[2024-08-13T17:32:13.296+0000] {logging_mixin.py:188} INFO - [2024-08-13T17:32:13.296+0000] {dagbag.py:545} INFO - Filling up the DagBag from /home/airflow/.local/lib/python3.12/site-packages/airflow/example_dags/example_complex.py
[2024-08-13T17:32:13.305+0000] {processor.py:840} INFO - DAG(s) 'example_complex' retrieved from /home/airflow/.local/lib/python3.12/site-packages/airflow/example_dags/example_complex.py
[2024-08-13T17:32:13.334+0000] {logging_mixin.py:188} INFO - [2024-08-13T17:32:13.334+0000] {dag.py:3089} INFO - Sync 1 DAGs
[2024-08-13T17:32:13.345+0000] {logging_mixin.py:188} INFO - [2024-08-13T17:32:13.345+0000] {dag.py:3947} INFO - Setting next_dagrun for example_complex to None, run_after=None
[2024-08-13T17:32:13.362+0000] {processor.py:183} INFO - Processing /home/airflow/.local/lib/python3.12/site-packages/airflow/example_dags/example_complex.py took 0.072 seconds
[2024-08-13T17:32:43.887+0000] {processor.py:161} INFO - Started process (PID=384) to work on /home/airflow/.local/lib/python3.12/site-packages/airflow/example_dags/example_complex.py
[2024-08-13T17:32:43.888+0000] {processor.py:830} INFO - Processing file /home/airflow/.local/lib/python3.12/site-packages/airflow/example_dags/example_complex.py for tasks to queue
[2024-08-13T17:32:43.889+0000] {logging_mixin.py:188} INFO - [2024-08-13T17:32:43.889+0000] {dagbag.py:545} INFO - Filling up the DagBag from /home/airflow/.local/lib/python3.12/site-packages/airflow/example_dags/example_complex.py
[2024-08-13T17:32:43.898+0000] {processor.py:840} INFO - DAG(s) 'example_complex' retrieved from /home/airflow/.local/lib/python3.12/site-packages/airflow/example_dags/example_complex.py
[2024-08-13T17:32:43.926+0000] {logging_mixin.py:188} INFO - [2024-08-13T17:32:43.926+0000] {dag.py:3089} INFO - Sync 1 DAGs
[2024-08-13T17:32:43.937+0000] {logging_mixin.py:188} INFO - [2024-08-13T17:32:43.937+0000] {dag.py:3947} INFO - Setting next_dagrun for example_complex to None, run_after=None
[2024-08-13T17:32:43.953+0000] {processor.py:183} INFO - Processing /home/airflow/.local/lib/python3.12/site-packages/airflow/example_dags/example_complex.py took 0.071 seconds
[2024-08-13T17:33:14.493+0000] {processor.py:161} INFO - Started process (PID=442) to work on /home/airflow/.local/lib/python3.12/site-packages/airflow/example_dags/example_complex.py
[2024-08-13T17:33:14.494+0000] {processor.py:830} INFO - Processing file /home/airflow/.local/lib/python3.12/site-packages/airflow/example_dags/example_complex.py for tasks to queue
[2024-08-13T17:33:14.495+0000] {logging_mixin.py:188} INFO - [2024-08-13T17:33:14.495+0000] {dagbag.py:545} INFO - Filling up the DagBag from /home/airflow/.local/lib/python3.12/site-packages/airflow/example_dags/example_complex.py
[2024-08-13T17:33:14.503+0000] {processor.py:840} INFO - DAG(s) 'example_complex' retrieved from /home/airflow/.local/lib/python3.12/site-packages/airflow/example_dags/example_complex.py
[2024-08-13T17:33:14.532+0000] {logging_mixin.py:188} INFO - [2024-08-13T17:33:14.532+0000] {dag.py:3089} INFO - Sync 1 DAGs
[2024-08-13T17:33:14.543+0000] {logging_mixin.py:188} INFO - [2024-08-13T17:33:14.543+0000] {dag.py:3947} INFO - Setting next_dagrun for example_complex to None, run_after=None
[2024-08-13T17:33:14.560+0000] {processor.py:183} INFO - Processing /home/airflow/.local/lib/python3.12/site-packages/airflow/example_dags/example_complex.py took 0.072 seconds
[2024-08-13T17:33:45.123+0000] {processor.py:161} INFO - Started process (PID=500) to work on /home/airflow/.local/lib/python3.12/site-packages/airflow/example_dags/example_complex.py
[2024-08-13T17:33:45.124+0000] {processor.py:830} INFO - Processing file /home/airflow/.local/lib/python3.12/site-packages/airflow/example_dags/example_complex.py for tasks to queue
[2024-08-13T17:33:45.125+0000] {logging_mixin.py:188} INFO - [2024-08-13T17:33:45.125+0000] {dagbag.py:545} INFO - Filling up the DagBag from /home/airflow/.local/lib/python3.12/site-packages/airflow/example_dags/example_complex.py
[2024-08-13T17:33:45.134+0000] {processor.py:840} INFO - DAG(s) 'example_complex' retrieved from /home/airflow/.local/lib/python3.12/site-packages/airflow/example_dags/example_complex.py
[2024-08-13T17:33:45.165+0000] {logging_mixin.py:188} INFO - [2024-08-13T17:33:45.164+0000] {dag.py:3089} INFO - Sync 1 DAGs
[2024-08-13T17:33:45.176+0000] {logging_mixin.py:188} INFO - [2024-08-13T17:33:45.175+0000] {dag.py:3947} INFO - Setting next_dagrun for example_complex to None, run_after=None
[2024-08-13T17:33:45.191+0000] {processor.py:183} INFO - Processing /home/airflow/.local/lib/python3.12/site-packages/airflow/example_dags/example_complex.py took 0.073 seconds
[2024-08-13T17:34:15.581+0000] {processor.py:161} INFO - Started process (PID=558) to work on /home/airflow/.local/lib/python3.12/site-packages/airflow/example_dags/example_complex.py
[2024-08-13T17:34:15.582+0000] {processor.py:830} INFO - Processing file /home/airflow/.local/lib/python3.12/site-packages/airflow/example_dags/example_complex.py for tasks to queue
[2024-08-13T17:34:15.583+0000] {logging_mixin.py:188} INFO - [2024-08-13T17:34:15.583+0000] {dagbag.py:545} INFO - Filling up the DagBag from /home/airflow/.local/lib/python3.12/site-packages/airflow/example_dags/example_complex.py
[2024-08-13T17:34:15.592+0000] {processor.py:840} INFO - DAG(s) 'example_complex' retrieved from /home/airflow/.local/lib/python3.12/site-packages/airflow/example_dags/example_complex.py
[2024-08-13T17:34:15.620+0000] {logging_mixin.py:188} INFO - [2024-08-13T17:34:15.620+0000] {dag.py:3089} INFO - Sync 1 DAGs
[2024-08-13T17:34:15.631+0000] {logging_mixin.py:188} INFO - [2024-08-13T17:34:15.631+0000] {dag.py:3947} INFO - Setting next_dagrun for example_complex to None, run_after=None
[2024-08-13T17:34:15.648+0000] {processor.py:183} INFO - Processing /home/airflow/.local/lib/python3.12/site-packages/airflow/example_dags/example_complex.py took 0.071 seconds
[2024-08-13T17:34:46.094+0000] {processor.py:161} INFO - Started process (PID=616) to work on /home/airflow/.local/lib/python3.12/site-packages/airflow/example_dags/example_complex.py
[2024-08-13T17:34:46.095+0000] {processor.py:830} INFO - Processing file /home/airflow/.local/lib/python3.12/site-packages/airflow/example_dags/example_complex.py for tasks to queue
[2024-08-13T17:34:46.096+0000] {logging_mixin.py:188} INFO - [2024-08-13T17:34:46.096+0000] {dagbag.py:545} INFO - Filling up the DagBag from /home/airflow/.local/lib/python3.12/site-packages/airflow/example_dags/example_complex.py
[2024-08-13T17:34:46.104+0000] {processor.py:840} INFO - DAG(s) 'example_complex' retrieved from /home/airflow/.local/lib/python3.12/site-packages/airflow/example_dags/example_complex.py
[2024-08-13T17:34:46.133+0000] {logging_mixin.py:188} INFO - [2024-08-13T17:34:46.133+0000] {dag.py:3089} INFO - Sync 1 DAGs
[2024-08-13T17:34:46.143+0000] {logging_mixin.py:188} INFO - [2024-08-13T17:34:46.143+0000] {dag.py:3947} INFO - Setting next_dagrun for example_complex to None, run_after=None
[2024-08-13T17:34:46.160+0000] {processor.py:183} INFO - Processing /home/airflow/.local/lib/python3.12/site-packages/airflow/example_dags/example_complex.py took 0.070 seconds
[2024-08-13T17:35:16.455+0000] {processor.py:161} INFO - Started process (PID=674) to work on /home/airflow/.local/lib/python3.12/site-packages/airflow/example_dags/example_complex.py
[2024-08-13T17:35:16.455+0000] {processor.py:830} INFO - Processing file /home/airflow/.local/lib/python3.12/site-packages/airflow/example_dags/example_complex.py for tasks to queue
[2024-08-13T17:35:16.457+0000] {logging_mixin.py:188} INFO - [2024-08-13T17:35:16.457+0000] {dagbag.py:545} INFO - Filling up the DagBag from /home/airflow/.local/lib/python3.12/site-packages/airflow/example_dags/example_complex.py
[2024-08-13T17:35:16.466+0000] {processor.py:840} INFO - DAG(s) 'example_complex' retrieved from /home/airflow/.local/lib/python3.12/site-packages/airflow/example_dags/example_complex.py
[2024-08-13T17:35:16.495+0000] {logging_mixin.py:188} INFO - [2024-08-13T17:35:16.495+0000] {dag.py:3089} INFO - Sync 1 DAGs
[2024-08-13T17:35:16.506+0000] {logging_mixin.py:188} INFO - [2024-08-13T17:35:16.506+0000] {dag.py:3947} INFO - Setting next_dagrun for example_complex to None, run_after=None
[2024-08-13T17:35:16.523+0000] {processor.py:183} INFO - Processing /home/airflow/.local/lib/python3.12/site-packages/airflow/example_dags/example_complex.py took 0.074 seconds
[2024-08-13T17:35:47.029+0000] {processor.py:161} INFO - Started process (PID=732) to work on /home/airflow/.local/lib/python3.12/site-packages/airflow/example_dags/example_complex.py
[2024-08-13T17:35:47.029+0000] {processor.py:830} INFO - Processing file /home/airflow/.local/lib/python3.12/site-packages/airflow/example_dags/example_complex.py for tasks to queue
[2024-08-13T17:35:47.031+0000] {logging_mixin.py:188} INFO - [2024-08-13T17:35:47.031+0000] {dagbag.py:545} INFO - Filling up the DagBag from /home/airflow/.local/lib/python3.12/site-packages/airflow/example_dags/example_complex.py
[2024-08-13T17:35:47.039+0000] {processor.py:840} INFO - DAG(s) 'example_complex' retrieved from /home/airflow/.local/lib/python3.12/site-packages/airflow/example_dags/example_complex.py
[2024-08-13T17:35:47.069+0000] {logging_mixin.py:188} INFO - [2024-08-13T17:35:47.069+0000] {dag.py:3089} INFO - Sync 1 DAGs
[2024-08-13T17:35:47.081+0000] {logging_mixin.py:188} INFO - [2024-08-13T17:35:47.080+0000] {dag.py:3947} INFO - Setting next_dagrun for example_complex to None, run_after=None
[2024-08-13T17:35:47.097+0000] {processor.py:183} INFO - Processing /home/airflow/.local/lib/python3.12/site-packages/airflow/example_dags/example_complex.py took 0.074 seconds
[2024-08-13T17:36:17.561+0000] {processor.py:161} INFO - Started process (PID=790) to work on /home/airflow/.local/lib/python3.12/site-packages/airflow/example_dags/example_complex.py
[2024-08-13T17:36:17.562+0000] {processor.py:830} INFO - Processing file /home/airflow/.local/lib/python3.12/site-packages/airflow/example_dags/example_complex.py for tasks to queue
[2024-08-13T17:36:17.563+0000] {logging_mixin.py:188} INFO - [2024-08-13T17:36:17.563+0000] {dagbag.py:545} INFO - Filling up the DagBag from /home/airflow/.local/lib/python3.12/site-packages/airflow/example_dags/example_complex.py
[2024-08-13T17:36:17.572+0000] {processor.py:840} INFO - DAG(s) 'example_complex' retrieved from /home/airflow/.local/lib/python3.12/site-packages/airflow/example_dags/example_complex.py
[2024-08-13T17:36:17.602+0000] {logging_mixin.py:188} INFO - [2024-08-13T17:36:17.602+0000] {dag.py:3089} INFO - Sync 1 DAGs
[2024-08-13T17:36:17.613+0000] {logging_mixin.py:188} INFO - [2024-08-13T17:36:17.613+0000] {dag.py:3947} INFO - Setting next_dagrun for example_complex to None, run_after=None
[2024-08-13T17:36:17.629+0000] {processor.py:183} INFO - Processing /home/airflow/.local/lib/python3.12/site-packages/airflow/example_dags/example_complex.py took 0.072 seconds
[2024-08-13T17:36:47.984+0000] {processor.py:161} INFO - Started process (PID=848) to work on /home/airflow/.local/lib/python3.12/site-packages/airflow/example_dags/example_complex.py
[2024-08-13T17:36:47.985+0000] {processor.py:830} INFO - Processing file /home/airflow/.local/lib/python3.12/site-packages/airflow/example_dags/example_complex.py for tasks to queue
[2024-08-13T17:36:47.987+0000] {logging_mixin.py:188} INFO - [2024-08-13T17:36:47.986+0000] {dagbag.py:545} INFO - Filling up the DagBag from /home/airflow/.local/lib/python3.12/site-packages/airflow/example_dags/example_complex.py
[2024-08-13T17:36:47.995+0000] {processor.py:840} INFO - DAG(s) 'example_complex' retrieved from /home/airflow/.local/lib/python3.12/site-packages/airflow/example_dags/example_complex.py
[2024-08-13T17:36:48.025+0000] {logging_mixin.py:188} INFO - [2024-08-13T17:36:48.025+0000] {dag.py:3089} INFO - Sync 1 DAGs
[2024-08-13T17:36:48.036+0000] {logging_mixin.py:188} INFO - [2024-08-13T17:36:48.036+0000] {dag.py:3947} INFO - Setting next_dagrun for example_complex to None, run_after=None
[2024-08-13T17:36:48.054+0000] {processor.py:183} INFO - Processing /home/airflow/.local/lib/python3.12/site-packages/airflow/example_dags/example_complex.py took 0.074 seconds
[2024-08-13T17:37:18.535+0000] {processor.py:161} INFO - Started process (PID=906) to work on /home/airflow/.local/lib/python3.12/site-packages/airflow/example_dags/example_complex.py
[2024-08-13T17:37:18.536+0000] {processor.py:830} INFO - Processing file /home/airflow/.local/lib/python3.12/site-packages/airflow/example_dags/example_complex.py for tasks to queue
[2024-08-13T17:37:18.537+0000] {logging_mixin.py:188} INFO - [2024-08-13T17:37:18.537+0000] {dagbag.py:545} INFO - Filling up the DagBag from /home/airflow/.local/lib/python3.12/site-packages/airflow/example_dags/example_complex.py
[2024-08-13T17:37:18.546+0000] {processor.py:840} INFO - DAG(s) 'example_complex' retrieved from /home/airflow/.local/lib/python3.12/site-packages/airflow/example_dags/example_complex.py
[2024-08-13T17:37:18.575+0000] {logging_mixin.py:188} INFO - [2024-08-13T17:37:18.575+0000] {dag.py:3089} INFO - Sync 1 DAGs
[2024-08-13T17:37:18.586+0000] {logging_mixin.py:188} INFO - [2024-08-13T17:37:18.585+0000] {dag.py:3947} INFO - Setting next_dagrun for example_complex to None, run_after=None
[2024-08-13T17:37:18.603+0000] {processor.py:183} INFO - Processing /home/airflow/.local/lib/python3.12/site-packages/airflow/example_dags/example_complex.py took 0.072 seconds
[2024-08-13T17:37:49.151+0000] {processor.py:161} INFO - Started process (PID=964) to work on /home/airflow/.local/lib/python3.12/site-packages/airflow/example_dags/example_complex.py
[2024-08-13T17:37:49.152+0000] {processor.py:830} INFO - Processing file /home/airflow/.local/lib/python3.12/site-packages/airflow/example_dags/example_complex.py for tasks to queue
[2024-08-13T17:37:49.154+0000] {logging_mixin.py:188} INFO - [2024-08-13T17:37:49.153+0000] {dagbag.py:545} INFO - Filling up the DagBag from /home/airflow/.local/lib/python3.12/site-packages/airflow/example_dags/example_complex.py
[2024-08-13T17:37:49.162+0000] {processor.py:840} INFO - DAG(s) 'example_complex' retrieved from /home/airflow/.local/lib/python3.12/site-packages/airflow/example_dags/example_complex.py
[2024-08-13T17:37:49.191+0000] {logging_mixin.py:188} INFO - [2024-08-13T17:37:49.190+0000] {dag.py:3089} INFO - Sync 1 DAGs
[2024-08-13T17:37:49.202+0000] {logging_mixin.py:188} INFO - [2024-08-13T17:37:49.201+0000] {dag.py:3947} INFO - Setting next_dagrun for example_complex to None, run_after=None
[2024-08-13T17:37:49.219+0000] {processor.py:183} INFO - Processing /home/airflow/.local/lib/python3.12/site-packages/airflow/example_dags/example_complex.py took 0.072 seconds
[2024-08-13T17:38:19.849+0000] {processor.py:161} INFO - Started process (PID=1022) to work on /home/airflow/.local/lib/python3.12/site-packages/airflow/example_dags/example_complex.py
[2024-08-13T17:38:19.850+0000] {processor.py:830} INFO - Processing file /home/airflow/.local/lib/python3.12/site-packages/airflow/example_dags/example_complex.py for tasks to queue
[2024-08-13T17:38:19.851+0000] {logging_mixin.py:188} INFO - [2024-08-13T17:38:19.851+0000] {dagbag.py:545} INFO - Filling up the DagBag from /home/airflow/.local/lib/python3.12/site-packages/airflow/example_dags/example_complex.py
[2024-08-13T17:38:19.860+0000] {processor.py:840} INFO - DAG(s) 'example_complex' retrieved from /home/airflow/.local/lib/python3.12/site-packages/airflow/example_dags/example_complex.py
[2024-08-13T17:38:19.888+0000] {logging_mixin.py:188} INFO - [2024-08-13T17:38:19.888+0000] {dag.py:3089} INFO - Sync 1 DAGs
[2024-08-13T17:38:19.899+0000] {logging_mixin.py:188} INFO - [2024-08-13T17:38:19.899+0000] {dag.py:3947} INFO - Setting next_dagrun for example_complex to None, run_after=None
[2024-08-13T17:38:19.916+0000] {processor.py:183} INFO - Processing /home/airflow/.local/lib/python3.12/site-packages/airflow/example_dags/example_complex.py took 0.071 seconds
[2024-08-13T17:38:50.357+0000] {processor.py:161} INFO - Started process (PID=1080) to work on /home/airflow/.local/lib/python3.12/site-packages/airflow/example_dags/example_complex.py
[2024-08-13T17:38:50.358+0000] {processor.py:830} INFO - Processing file /home/airflow/.local/lib/python3.12/site-packages/airflow/example_dags/example_complex.py for tasks to queue
[2024-08-13T17:38:50.359+0000] {logging_mixin.py:188} INFO - [2024-08-13T17:38:50.359+0000] {dagbag.py:545} INFO - Filling up the DagBag from /home/airflow/.local/lib/python3.12/site-packages/airflow/example_dags/example_complex.py
[2024-08-13T17:38:50.368+0000] {processor.py:840} INFO - DAG(s) 'example_complex' retrieved from /home/airflow/.local/lib/python3.12/site-packages/airflow/example_dags/example_complex.py
[2024-08-13T17:38:50.397+0000] {logging_mixin.py:188} INFO - [2024-08-13T17:38:50.397+0000] {dag.py:3089} INFO - Sync 1 DAGs
[2024-08-13T17:38:50.408+0000] {logging_mixin.py:188} INFO - [2024-08-13T17:38:50.408+0000] {dag.py:3947} INFO - Setting next_dagrun for example_complex to None, run_after=None
[2024-08-13T17:38:50.424+0000] {processor.py:183} INFO - Processing /home/airflow/.local/lib/python3.12/site-packages/airflow/example_dags/example_complex.py took 0.073 seconds
[2024-08-13T17:39:21.157+0000] {processor.py:161} INFO - Started process (PID=1138) to work on /home/airflow/.local/lib/python3.12/site-packages/airflow/example_dags/example_complex.py
[2024-08-13T17:39:21.158+0000] {processor.py:830} INFO - Processing file /home/airflow/.local/lib/python3.12/site-packages/airflow/example_dags/example_complex.py for tasks to queue
[2024-08-13T17:39:21.159+0000] {logging_mixin.py:188} INFO - [2024-08-13T17:39:21.159+0000] {dagbag.py:545} INFO - Filling up the DagBag from /home/airflow/.local/lib/python3.12/site-packages/airflow/example_dags/example_complex.py
[2024-08-13T17:39:21.168+0000] {processor.py:840} INFO - DAG(s) 'example_complex' retrieved from /home/airflow/.local/lib/python3.12/site-packages/airflow/example_dags/example_complex.py
[2024-08-13T17:39:21.196+0000] {logging_mixin.py:188} INFO - [2024-08-13T17:39:21.196+0000] {dag.py:3089} INFO - Sync 1 DAGs
[2024-08-13T17:39:21.208+0000] {logging_mixin.py:188} INFO - [2024-08-13T17:39:21.208+0000] {dag.py:3947} INFO - Setting next_dagrun for example_complex to None, run_after=None
[2024-08-13T17:39:21.224+0000] {processor.py:183} INFO - Processing /home/airflow/.local/lib/python3.12/site-packages/airflow/example_dags/example_complex.py took 0.073 seconds
[2024-08-13T17:39:51.610+0000] {processor.py:161} INFO - Started process (PID=1196) to work on /home/airflow/.local/lib/python3.12/site-packages/airflow/example_dags/example_complex.py
[2024-08-13T17:39:51.611+0000] {processor.py:830} INFO - Processing file /home/airflow/.local/lib/python3.12/site-packages/airflow/example_dags/example_complex.py for tasks to queue
[2024-08-13T17:39:51.612+0000] {logging_mixin.py:188} INFO - [2024-08-13T17:39:51.612+0000] {dagbag.py:545} INFO - Filling up the DagBag from /home/airflow/.local/lib/python3.12/site-packages/airflow/example_dags/example_complex.py
[2024-08-13T17:39:51.620+0000] {processor.py:840} INFO - DAG(s) 'example_complex' retrieved from /home/airflow/.local/lib/python3.12/site-packages/airflow/example_dags/example_complex.py
[2024-08-13T17:39:51.650+0000] {logging_mixin.py:188} INFO - [2024-08-13T17:39:51.650+0000] {dag.py:3089} INFO - Sync 1 DAGs
[2024-08-13T17:39:51.661+0000] {logging_mixin.py:188} INFO - [2024-08-13T17:39:51.661+0000] {dag.py:3947} INFO - Setting next_dagrun for example_complex to None, run_after=None
[2024-08-13T17:39:51.679+0000] {processor.py:183} INFO - Processing /home/airflow/.local/lib/python3.12/site-packages/airflow/example_dags/example_complex.py took 0.074 seconds
[2024-08-13T17:40:22.126+0000] {processor.py:161} INFO - Started process (PID=1254) to work on /home/airflow/.local/lib/python3.12/site-packages/airflow/example_dags/example_complex.py
[2024-08-13T17:40:22.127+0000] {processor.py:830} INFO - Processing file /home/airflow/.local/lib/python3.12/site-packages/airflow/example_dags/example_complex.py for tasks to queue
[2024-08-13T17:40:22.128+0000] {logging_mixin.py:188} INFO - [2024-08-13T17:40:22.128+0000] {dagbag.py:545} INFO - Filling up the DagBag from /home/airflow/.local/lib/python3.12/site-packages/airflow/example_dags/example_complex.py
[2024-08-13T17:40:22.137+0000] {processor.py:840} INFO - DAG(s) 'example_complex' retrieved from /home/airflow/.local/lib/python3.12/site-packages/airflow/example_dags/example_complex.py
[2024-08-13T17:40:22.166+0000] {logging_mixin.py:188} INFO - [2024-08-13T17:40:22.166+0000] {dag.py:3089} INFO - Sync 1 DAGs
[2024-08-13T17:40:22.177+0000] {logging_mixin.py:188} INFO - [2024-08-13T17:40:22.177+0000] {dag.py:3947} INFO - Setting next_dagrun for example_complex to None, run_after=None
[2024-08-13T17:40:22.195+0000] {processor.py:183} INFO - Processing /home/airflow/.local/lib/python3.12/site-packages/airflow/example_dags/example_complex.py took 0.074 seconds
[2024-08-13T17:40:52.889+0000] {processor.py:161} INFO - Started process (PID=1312) to work on /home/airflow/.local/lib/python3.12/site-packages/airflow/example_dags/example_complex.py
[2024-08-13T17:40:52.890+0000] {processor.py:830} INFO - Processing file /home/airflow/.local/lib/python3.12/site-packages/airflow/example_dags/example_complex.py for tasks to queue
[2024-08-13T17:40:52.891+0000] {logging_mixin.py:188} INFO - [2024-08-13T17:40:52.891+0000] {dagbag.py:545} INFO - Filling up the DagBag from /home/airflow/.local/lib/python3.12/site-packages/airflow/example_dags/example_complex.py
[2024-08-13T17:40:52.899+0000] {processor.py:840} INFO - DAG(s) 'example_complex' retrieved from /home/airflow/.local/lib/python3.12/site-packages/airflow/example_dags/example_complex.py
[2024-08-13T17:40:52.929+0000] {logging_mixin.py:188} INFO - [2024-08-13T17:40:52.928+0000] {dag.py:3089} INFO - Sync 1 DAGs
[2024-08-13T17:40:52.940+0000] {logging_mixin.py:188} INFO - [2024-08-13T17:40:52.939+0000] {dag.py:3947} INFO - Setting next_dagrun for example_complex to None, run_after=None
[2024-08-13T17:40:52.958+0000] {processor.py:183} INFO - Processing /home/airflow/.local/lib/python3.12/site-packages/airflow/example_dags/example_complex.py took 0.073 seconds
[2024-08-13T17:41:23.005+0000] {processor.py:161} INFO - Started process (PID=1369) to work on /home/airflow/.local/lib/python3.12/site-packages/airflow/example_dags/example_complex.py
[2024-08-13T17:41:23.006+0000] {processor.py:830} INFO - Processing file /home/airflow/.local/lib/python3.12/site-packages/airflow/example_dags/example_complex.py for tasks to queue
[2024-08-13T17:41:23.007+0000] {logging_mixin.py:188} INFO - [2024-08-13T17:41:23.007+0000] {dagbag.py:545} INFO - Filling up the DagBag from /home/airflow/.local/lib/python3.12/site-packages/airflow/example_dags/example_complex.py
[2024-08-13T17:41:23.017+0000] {processor.py:840} INFO - DAG(s) 'example_complex' retrieved from /home/airflow/.local/lib/python3.12/site-packages/airflow/example_dags/example_complex.py
[2024-08-13T17:41:23.046+0000] {logging_mixin.py:188} INFO - [2024-08-13T17:41:23.046+0000] {dag.py:3089} INFO - Sync 1 DAGs
[2024-08-13T17:41:23.057+0000] {logging_mixin.py:188} INFO - [2024-08-13T17:41:23.057+0000] {dag.py:3947} INFO - Setting next_dagrun for example_complex to None, run_after=None
[2024-08-13T17:41:23.074+0000] {processor.py:183} INFO - Processing /home/airflow/.local/lib/python3.12/site-packages/airflow/example_dags/example_complex.py took 0.075 seconds
[2024-08-13T17:41:53.669+0000] {processor.py:161} INFO - Started process (PID=1428) to work on /home/airflow/.local/lib/python3.12/site-packages/airflow/example_dags/example_complex.py
[2024-08-13T17:41:53.670+0000] {processor.py:830} INFO - Processing file /home/airflow/.local/lib/python3.12/site-packages/airflow/example_dags/example_complex.py for tasks to queue
[2024-08-13T17:41:53.671+0000] {logging_mixin.py:188} INFO - [2024-08-13T17:41:53.671+0000] {dagbag.py:545} INFO - Filling up the DagBag from /home/airflow/.local/lib/python3.12/site-packages/airflow/example_dags/example_complex.py
[2024-08-13T17:41:53.680+0000] {processor.py:840} INFO - DAG(s) 'example_complex' retrieved from /home/airflow/.local/lib/python3.12/site-packages/airflow/example_dags/example_complex.py
[2024-08-13T17:41:53.710+0000] {logging_mixin.py:188} INFO - [2024-08-13T17:41:53.710+0000] {dag.py:3089} INFO - Sync 1 DAGs
[2024-08-13T17:41:53.723+0000] {logging_mixin.py:188} INFO - [2024-08-13T17:41:53.723+0000] {dag.py:3947} INFO - Setting next_dagrun for example_complex to None, run_after=None
[2024-08-13T17:41:53.742+0000] {processor.py:183} INFO - Processing /home/airflow/.local/lib/python3.12/site-packages/airflow/example_dags/example_complex.py took 0.078 seconds
[2024-08-13T17:42:23.890+0000] {processor.py:161} INFO - Started process (PID=1485) to work on /home/airflow/.local/lib/python3.12/site-packages/airflow/example_dags/example_complex.py
[2024-08-13T17:42:23.890+0000] {processor.py:830} INFO - Processing file /home/airflow/.local/lib/python3.12/site-packages/airflow/example_dags/example_complex.py for tasks to queue
[2024-08-13T17:42:23.892+0000] {logging_mixin.py:188} INFO - [2024-08-13T17:42:23.892+0000] {dagbag.py:545} INFO - Filling up the DagBag from /home/airflow/.local/lib/python3.12/site-packages/airflow/example_dags/example_complex.py
[2024-08-13T17:42:23.900+0000] {processor.py:840} INFO - DAG(s) 'example_complex' retrieved from /home/airflow/.local/lib/python3.12/site-packages/airflow/example_dags/example_complex.py
[2024-08-13T17:42:23.929+0000] {logging_mixin.py:188} INFO - [2024-08-13T17:42:23.929+0000] {dag.py:3089} INFO - Sync 1 DAGs
[2024-08-13T17:42:23.940+0000] {logging_mixin.py:188} INFO - [2024-08-13T17:42:23.940+0000] {dag.py:3947} INFO - Setting next_dagrun for example_complex to None, run_after=None
[2024-08-13T17:42:23.957+0000] {processor.py:183} INFO - Processing /home/airflow/.local/lib/python3.12/site-packages/airflow/example_dags/example_complex.py took 0.073 seconds
[2024-08-13T17:42:54.490+0000] {processor.py:161} INFO - Started process (PID=1544) to work on /home/airflow/.local/lib/python3.12/site-packages/airflow/example_dags/example_complex.py
[2024-08-13T17:42:54.490+0000] {processor.py:830} INFO - Processing file /home/airflow/.local/lib/python3.12/site-packages/airflow/example_dags/example_complex.py for tasks to queue
[2024-08-13T17:42:54.492+0000] {logging_mixin.py:188} INFO - [2024-08-13T17:42:54.491+0000] {dagbag.py:545} INFO - Filling up the DagBag from /home/airflow/.local/lib/python3.12/site-packages/airflow/example_dags/example_complex.py
[2024-08-13T17:42:54.501+0000] {processor.py:840} INFO - DAG(s) 'example_complex' retrieved from /home/airflow/.local/lib/python3.12/site-packages/airflow/example_dags/example_complex.py
[2024-08-13T17:42:54.529+0000] {logging_mixin.py:188} INFO - [2024-08-13T17:42:54.529+0000] {dag.py:3089} INFO - Sync 1 DAGs
[2024-08-13T17:42:54.541+0000] {logging_mixin.py:188} INFO - [2024-08-13T17:42:54.541+0000] {dag.py:3947} INFO - Setting next_dagrun for example_complex to None, run_after=None
[2024-08-13T17:42:54.670+0000] {processor.py:183} INFO - Processing /home/airflow/.local/lib/python3.12/site-packages/airflow/example_dags/example_complex.py took 0.186 seconds
[2024-08-13T17:43:25.471+0000] {processor.py:161} INFO - Started process (PID=1602) to work on /home/airflow/.local/lib/python3.12/site-packages/airflow/example_dags/example_complex.py
[2024-08-13T17:43:25.471+0000] {processor.py:830} INFO - Processing file /home/airflow/.local/lib/python3.12/site-packages/airflow/example_dags/example_complex.py for tasks to queue
[2024-08-13T17:43:25.473+0000] {logging_mixin.py:188} INFO - [2024-08-13T17:43:25.472+0000] {dagbag.py:545} INFO - Filling up the DagBag from /home/airflow/.local/lib/python3.12/site-packages/airflow/example_dags/example_complex.py
[2024-08-13T17:43:25.481+0000] {processor.py:840} INFO - DAG(s) 'example_complex' retrieved from /home/airflow/.local/lib/python3.12/site-packages/airflow/example_dags/example_complex.py
[2024-08-13T17:43:25.510+0000] {logging_mixin.py:188} INFO - [2024-08-13T17:43:25.510+0000] {dag.py:3089} INFO - Sync 1 DAGs
[2024-08-13T17:43:25.521+0000] {logging_mixin.py:188} INFO - [2024-08-13T17:43:25.521+0000] {dag.py:3947} INFO - Setting next_dagrun for example_complex to None, run_after=None
[2024-08-13T17:43:25.540+0000] {processor.py:183} INFO - Processing /home/airflow/.local/lib/python3.12/site-packages/airflow/example_dags/example_complex.py took 0.074 seconds
[2024-08-13T17:43:56.167+0000] {processor.py:161} INFO - Started process (PID=1660) to work on /home/airflow/.local/lib/python3.12/site-packages/airflow/example_dags/example_complex.py
[2024-08-13T17:43:56.167+0000] {processor.py:830} INFO - Processing file /home/airflow/.local/lib/python3.12/site-packages/airflow/example_dags/example_complex.py for tasks to queue
[2024-08-13T17:43:56.169+0000] {logging_mixin.py:188} INFO - [2024-08-13T17:43:56.169+0000] {dagbag.py:545} INFO - Filling up the DagBag from /home/airflow/.local/lib/python3.12/site-packages/airflow/example_dags/example_complex.py
[2024-08-13T17:43:56.177+0000] {processor.py:840} INFO - DAG(s) 'example_complex' retrieved from /home/airflow/.local/lib/python3.12/site-packages/airflow/example_dags/example_complex.py
[2024-08-13T17:43:56.212+0000] {logging_mixin.py:188} INFO - [2024-08-13T17:43:56.212+0000] {dag.py:3089} INFO - Sync 1 DAGs
[2024-08-13T17:43:56.223+0000] {logging_mixin.py:188} INFO - [2024-08-13T17:43:56.223+0000] {dag.py:3947} INFO - Setting next_dagrun for example_complex to None, run_after=None
[2024-08-13T17:43:56.241+0000] {processor.py:183} INFO - Processing /home/airflow/.local/lib/python3.12/site-packages/airflow/example_dags/example_complex.py took 0.079 seconds
[2024-08-13T17:44:26.846+0000] {processor.py:161} INFO - Started process (PID=1718) to work on /home/airflow/.local/lib/python3.12/site-packages/airflow/example_dags/example_complex.py
[2024-08-13T17:44:26.847+0000] {processor.py:830} INFO - Processing file /home/airflow/.local/lib/python3.12/site-packages/airflow/example_dags/example_complex.py for tasks to queue
[2024-08-13T17:44:26.848+0000] {logging_mixin.py:188} INFO - [2024-08-13T17:44:26.848+0000] {dagbag.py:545} INFO - Filling up the DagBag from /home/airflow/.local/lib/python3.12/site-packages/airflow/example_dags/example_complex.py
[2024-08-13T17:44:26.857+0000] {processor.py:840} INFO - DAG(s) 'example_complex' retrieved from /home/airflow/.local/lib/python3.12/site-packages/airflow/example_dags/example_complex.py
[2024-08-13T17:44:26.886+0000] {logging_mixin.py:188} INFO - [2024-08-13T17:44:26.886+0000] {dag.py:3089} INFO - Sync 1 DAGs
[2024-08-13T17:44:26.898+0000] {logging_mixin.py:188} INFO - [2024-08-13T17:44:26.898+0000] {dag.py:3947} INFO - Setting next_dagrun for example_complex to None, run_after=None
[2024-08-13T17:44:26.919+0000] {processor.py:183} INFO - Processing /home/airflow/.local/lib/python3.12/site-packages/airflow/example_dags/example_complex.py took 0.078 seconds
[2024-08-13T17:44:57.540+0000] {processor.py:161} INFO - Started process (PID=1776) to work on /home/airflow/.local/lib/python3.12/site-packages/airflow/example_dags/example_complex.py
[2024-08-13T17:44:57.540+0000] {processor.py:830} INFO - Processing file /home/airflow/.local/lib/python3.12/site-packages/airflow/example_dags/example_complex.py for tasks to queue
[2024-08-13T17:44:57.542+0000] {logging_mixin.py:188} INFO - [2024-08-13T17:44:57.542+0000] {dagbag.py:545} INFO - Filling up the DagBag from /home/airflow/.local/lib/python3.12/site-packages/airflow/example_dags/example_complex.py
[2024-08-13T17:44:57.550+0000] {processor.py:840} INFO - DAG(s) 'example_complex' retrieved from /home/airflow/.local/lib/python3.12/site-packages/airflow/example_dags/example_complex.py
[2024-08-13T17:44:57.582+0000] {logging_mixin.py:188} INFO - [2024-08-13T17:44:57.582+0000] {dag.py:3089} INFO - Sync 1 DAGs
[2024-08-13T17:44:57.593+0000] {logging_mixin.py:188} INFO - [2024-08-13T17:44:57.593+0000] {dag.py:3947} INFO - Setting next_dagrun for example_complex to None, run_after=None
[2024-08-13T17:44:57.610+0000] {processor.py:183} INFO - Processing /home/airflow/.local/lib/python3.12/site-packages/airflow/example_dags/example_complex.py took 0.076 seconds
[2024-08-13T17:45:27.984+0000] {processor.py:161} INFO - Started process (PID=1834) to work on /home/airflow/.local/lib/python3.12/site-packages/airflow/example_dags/example_complex.py
[2024-08-13T17:45:27.985+0000] {processor.py:830} INFO - Processing file /home/airflow/.local/lib/python3.12/site-packages/airflow/example_dags/example_complex.py for tasks to queue
[2024-08-13T17:45:27.986+0000] {logging_mixin.py:188} INFO - [2024-08-13T17:45:27.986+0000] {dagbag.py:545} INFO - Filling up the DagBag from /home/airflow/.local/lib/python3.12/site-packages/airflow/example_dags/example_complex.py
[2024-08-13T17:45:27.995+0000] {processor.py:840} INFO - DAG(s) 'example_complex' retrieved from /home/airflow/.local/lib/python3.12/site-packages/airflow/example_dags/example_complex.py
[2024-08-13T17:45:28.025+0000] {logging_mixin.py:188} INFO - [2024-08-13T17:45:28.025+0000] {dag.py:3089} INFO - Sync 1 DAGs
[2024-08-13T17:45:28.036+0000] {logging_mixin.py:188} INFO - [2024-08-13T17:45:28.036+0000] {dag.py:3947} INFO - Setting next_dagrun for example_complex to None, run_after=None
[2024-08-13T17:45:28.053+0000] {processor.py:183} INFO - Processing /home/airflow/.local/lib/python3.12/site-packages/airflow/example_dags/example_complex.py took 0.074 seconds
[2024-08-13T17:45:58.402+0000] {processor.py:161} INFO - Started process (PID=1892) to work on /home/airflow/.local/lib/python3.12/site-packages/airflow/example_dags/example_complex.py
[2024-08-13T17:45:58.403+0000] {processor.py:830} INFO - Processing file /home/airflow/.local/lib/python3.12/site-packages/airflow/example_dags/example_complex.py for tasks to queue
[2024-08-13T17:45:58.404+0000] {logging_mixin.py:188} INFO - [2024-08-13T17:45:58.404+0000] {dagbag.py:545} INFO - Filling up the DagBag from /home/airflow/.local/lib/python3.12/site-packages/airflow/example_dags/example_complex.py
[2024-08-13T17:45:58.412+0000] {processor.py:840} INFO - DAG(s) 'example_complex' retrieved from /home/airflow/.local/lib/python3.12/site-packages/airflow/example_dags/example_complex.py
[2024-08-13T17:45:58.442+0000] {logging_mixin.py:188} INFO - [2024-08-13T17:45:58.442+0000] {dag.py:3089} INFO - Sync 1 DAGs
[2024-08-13T17:45:58.453+0000] {logging_mixin.py:188} INFO - [2024-08-13T17:45:58.452+0000] {dag.py:3947} INFO - Setting next_dagrun for example_complex to None, run_after=None
[2024-08-13T17:45:58.470+0000] {processor.py:183} INFO - Processing /home/airflow/.local/lib/python3.12/site-packages/airflow/example_dags/example_complex.py took 0.073 seconds
[2024-08-13T17:46:28.843+0000] {processor.py:161} INFO - Started process (PID=1950) to work on /home/airflow/.local/lib/python3.12/site-packages/airflow/example_dags/example_complex.py
[2024-08-13T17:46:28.844+0000] {processor.py:830} INFO - Processing file /home/airflow/.local/lib/python3.12/site-packages/airflow/example_dags/example_complex.py for tasks to queue
[2024-08-13T17:46:28.846+0000] {logging_mixin.py:188} INFO - [2024-08-13T17:46:28.846+0000] {dagbag.py:545} INFO - Filling up the DagBag from /home/airflow/.local/lib/python3.12/site-packages/airflow/example_dags/example_complex.py
[2024-08-13T17:46:28.855+0000] {processor.py:840} INFO - DAG(s) 'example_complex' retrieved from /home/airflow/.local/lib/python3.12/site-packages/airflow/example_dags/example_complex.py
[2024-08-13T17:46:28.884+0000] {logging_mixin.py:188} INFO - [2024-08-13T17:46:28.884+0000] {dag.py:3089} INFO - Sync 1 DAGs
[2024-08-13T17:46:28.895+0000] {logging_mixin.py:188} INFO - [2024-08-13T17:46:28.895+0000] {dag.py:3947} INFO - Setting next_dagrun for example_complex to None, run_after=None
[2024-08-13T17:46:28.914+0000] {processor.py:183} INFO - Processing /home/airflow/.local/lib/python3.12/site-packages/airflow/example_dags/example_complex.py took 0.077 seconds
[2024-08-13T17:46:59.412+0000] {processor.py:161} INFO - Started process (PID=2008) to work on /home/airflow/.local/lib/python3.12/site-packages/airflow/example_dags/example_complex.py
[2024-08-13T17:46:59.413+0000] {processor.py:830} INFO - Processing file /home/airflow/.local/lib/python3.12/site-packages/airflow/example_dags/example_complex.py for tasks to queue
[2024-08-13T17:46:59.414+0000] {logging_mixin.py:188} INFO - [2024-08-13T17:46:59.414+0000] {dagbag.py:545} INFO - Filling up the DagBag from /home/airflow/.local/lib/python3.12/site-packages/airflow/example_dags/example_complex.py
[2024-08-13T17:46:59.423+0000] {processor.py:840} INFO - DAG(s) 'example_complex' retrieved from /home/airflow/.local/lib/python3.12/site-packages/airflow/example_dags/example_complex.py
[2024-08-13T17:46:59.455+0000] {logging_mixin.py:188} INFO - [2024-08-13T17:46:59.455+0000] {dag.py:3089} INFO - Sync 1 DAGs
[2024-08-13T17:46:59.471+0000] {logging_mixin.py:188} INFO - [2024-08-13T17:46:59.470+0000] {dag.py:3947} INFO - Setting next_dagrun for example_complex to None, run_after=None
[2024-08-13T17:46:59.490+0000] {processor.py:183} INFO - Processing /home/airflow/.local/lib/python3.12/site-packages/airflow/example_dags/example_complex.py took 0.083 seconds
[2024-08-13T17:47:29.905+0000] {processor.py:161} INFO - Started process (PID=2066) to work on /home/airflow/.local/lib/python3.12/site-packages/airflow/example_dags/example_complex.py
[2024-08-13T17:47:29.906+0000] {processor.py:830} INFO - Processing file /home/airflow/.local/lib/python3.12/site-packages/airflow/example_dags/example_complex.py for tasks to queue
[2024-08-13T17:47:29.907+0000] {logging_mixin.py:188} INFO - [2024-08-13T17:47:29.907+0000] {dagbag.py:545} INFO - Filling up the DagBag from /home/airflow/.local/lib/python3.12/site-packages/airflow/example_dags/example_complex.py
[2024-08-13T17:47:29.916+0000] {processor.py:840} INFO - DAG(s) 'example_complex' retrieved from /home/airflow/.local/lib/python3.12/site-packages/airflow/example_dags/example_complex.py
[2024-08-13T17:47:29.945+0000] {logging_mixin.py:188} INFO - [2024-08-13T17:47:29.945+0000] {dag.py:3089} INFO - Sync 1 DAGs
[2024-08-13T17:47:29.957+0000] {logging_mixin.py:188} INFO - [2024-08-13T17:47:29.957+0000] {dag.py:3947} INFO - Setting next_dagrun for example_complex to None, run_after=None
[2024-08-13T17:47:29.973+0000] {processor.py:183} INFO - Processing /home/airflow/.local/lib/python3.12/site-packages/airflow/example_dags/example_complex.py took 0.072 seconds
[2024-08-13T17:48:00.363+0000] {processor.py:161} INFO - Started process (PID=2124) to work on /home/airflow/.local/lib/python3.12/site-packages/airflow/example_dags/example_complex.py
[2024-08-13T17:48:00.364+0000] {processor.py:830} INFO - Processing file /home/airflow/.local/lib/python3.12/site-packages/airflow/example_dags/example_complex.py for tasks to queue
[2024-08-13T17:48:00.365+0000] {logging_mixin.py:188} INFO - [2024-08-13T17:48:00.365+0000] {dagbag.py:545} INFO - Filling up the DagBag from /home/airflow/.local/lib/python3.12/site-packages/airflow/example_dags/example_complex.py
[2024-08-13T17:48:00.374+0000] {processor.py:840} INFO - DAG(s) 'example_complex' retrieved from /home/airflow/.local/lib/python3.12/site-packages/airflow/example_dags/example_complex.py
[2024-08-13T17:48:00.405+0000] {logging_mixin.py:188} INFO - [2024-08-13T17:48:00.404+0000] {dag.py:3089} INFO - Sync 1 DAGs
[2024-08-13T17:48:00.416+0000] {logging_mixin.py:188} INFO - [2024-08-13T17:48:00.416+0000] {dag.py:3947} INFO - Setting next_dagrun for example_complex to None, run_after=None
[2024-08-13T17:48:00.434+0000] {processor.py:183} INFO - Processing /home/airflow/.local/lib/python3.12/site-packages/airflow/example_dags/example_complex.py took 0.075 seconds
[2024-08-13T17:48:30.932+0000] {processor.py:161} INFO - Started process (PID=2182) to work on /home/airflow/.local/lib/python3.12/site-packages/airflow/example_dags/example_complex.py
[2024-08-13T17:48:30.933+0000] {processor.py:830} INFO - Processing file /home/airflow/.local/lib/python3.12/site-packages/airflow/example_dags/example_complex.py for tasks to queue
[2024-08-13T17:48:30.934+0000] {logging_mixin.py:188} INFO - [2024-08-13T17:48:30.934+0000] {dagbag.py:545} INFO - Filling up the DagBag from /home/airflow/.local/lib/python3.12/site-packages/airflow/example_dags/example_complex.py
[2024-08-13T17:48:30.943+0000] {processor.py:840} INFO - DAG(s) 'example_complex' retrieved from /home/airflow/.local/lib/python3.12/site-packages/airflow/example_dags/example_complex.py
[2024-08-13T17:48:30.973+0000] {logging_mixin.py:188} INFO - [2024-08-13T17:48:30.972+0000] {dag.py:3089} INFO - Sync 1 DAGs
[2024-08-13T17:48:30.984+0000] {logging_mixin.py:188} INFO - [2024-08-13T17:48:30.984+0000] {dag.py:3947} INFO - Setting next_dagrun for example_complex to None, run_after=None
[2024-08-13T17:48:31.002+0000] {processor.py:183} INFO - Processing /home/airflow/.local/lib/python3.12/site-packages/airflow/example_dags/example_complex.py took 0.075 seconds
[2024-08-13T17:49:01.451+0000] {processor.py:161} INFO - Started process (PID=2240) to work on /home/airflow/.local/lib/python3.12/site-packages/airflow/example_dags/example_complex.py
[2024-08-13T17:49:01.451+0000] {processor.py:830} INFO - Processing file /home/airflow/.local/lib/python3.12/site-packages/airflow/example_dags/example_complex.py for tasks to queue
[2024-08-13T17:49:01.453+0000] {logging_mixin.py:188} INFO - [2024-08-13T17:49:01.453+0000] {dagbag.py:545} INFO - Filling up the DagBag from /home/airflow/.local/lib/python3.12/site-packages/airflow/example_dags/example_complex.py
[2024-08-13T17:49:01.464+0000] {processor.py:840} INFO - DAG(s) 'example_complex' retrieved from /home/airflow/.local/lib/python3.12/site-packages/airflow/example_dags/example_complex.py
[2024-08-13T17:49:01.510+0000] {logging_mixin.py:188} INFO - [2024-08-13T17:49:01.510+0000] {dag.py:3089} INFO - Sync 1 DAGs
[2024-08-13T17:49:01.524+0000] {logging_mixin.py:188} INFO - [2024-08-13T17:49:01.523+0000] {dag.py:3947} INFO - Setting next_dagrun for example_complex to None, run_after=None
[2024-08-13T17:49:01.548+0000] {processor.py:183} INFO - Processing /home/airflow/.local/lib/python3.12/site-packages/airflow/example_dags/example_complex.py took 0.103 seconds
[2024-08-13T17:49:31.943+0000] {processor.py:161} INFO - Started process (PID=2298) to work on /home/airflow/.local/lib/python3.12/site-packages/airflow/example_dags/example_complex.py
[2024-08-13T17:49:31.944+0000] {processor.py:830} INFO - Processing file /home/airflow/.local/lib/python3.12/site-packages/airflow/example_dags/example_complex.py for tasks to queue
[2024-08-13T17:49:31.945+0000] {logging_mixin.py:188} INFO - [2024-08-13T17:49:31.945+0000] {dagbag.py:545} INFO - Filling up the DagBag from /home/airflow/.local/lib/python3.12/site-packages/airflow/example_dags/example_complex.py
[2024-08-13T17:49:31.954+0000] {processor.py:840} INFO - DAG(s) 'example_complex' retrieved from /home/airflow/.local/lib/python3.12/site-packages/airflow/example_dags/example_complex.py
[2024-08-13T17:49:31.985+0000] {logging_mixin.py:188} INFO - [2024-08-13T17:49:31.985+0000] {dag.py:3089} INFO - Sync 1 DAGs
[2024-08-13T17:49:31.997+0000] {logging_mixin.py:188} INFO - [2024-08-13T17:49:31.996+0000] {dag.py:3947} INFO - Setting next_dagrun for example_complex to None, run_after=None
[2024-08-13T17:49:32.014+0000] {processor.py:183} INFO - Processing /home/airflow/.local/lib/python3.12/site-packages/airflow/example_dags/example_complex.py took 0.076 seconds
[2024-08-13T17:50:02.337+0000] {processor.py:161} INFO - Started process (PID=2356) to work on /home/airflow/.local/lib/python3.12/site-packages/airflow/example_dags/example_complex.py
[2024-08-13T17:50:02.337+0000] {processor.py:830} INFO - Processing file /home/airflow/.local/lib/python3.12/site-packages/airflow/example_dags/example_complex.py for tasks to queue
[2024-08-13T17:50:02.339+0000] {logging_mixin.py:188} INFO - [2024-08-13T17:50:02.338+0000] {dagbag.py:545} INFO - Filling up the DagBag from /home/airflow/.local/lib/python3.12/site-packages/airflow/example_dags/example_complex.py
[2024-08-13T17:50:02.347+0000] {processor.py:840} INFO - DAG(s) 'example_complex' retrieved from /home/airflow/.local/lib/python3.12/site-packages/airflow/example_dags/example_complex.py
[2024-08-13T17:50:02.376+0000] {logging_mixin.py:188} INFO - [2024-08-13T17:50:02.376+0000] {dag.py:3089} INFO - Sync 1 DAGs
[2024-08-13T17:50:02.387+0000] {logging_mixin.py:188} INFO - [2024-08-13T17:50:02.387+0000] {dag.py:3947} INFO - Setting next_dagrun for example_complex to None, run_after=None
[2024-08-13T17:50:02.405+0000] {processor.py:183} INFO - Processing /home/airflow/.local/lib/python3.12/site-packages/airflow/example_dags/example_complex.py took 0.073 seconds
[2024-08-13T17:50:32.753+0000] {processor.py:161} INFO - Started process (PID=2415) to work on /home/airflow/.local/lib/python3.12/site-packages/airflow/example_dags/example_complex.py
[2024-08-13T17:50:32.753+0000] {processor.py:830} INFO - Processing file /home/airflow/.local/lib/python3.12/site-packages/airflow/example_dags/example_complex.py for tasks to queue
[2024-08-13T17:50:32.755+0000] {logging_mixin.py:188} INFO - [2024-08-13T17:50:32.754+0000] {dagbag.py:545} INFO - Filling up the DagBag from /home/airflow/.local/lib/python3.12/site-packages/airflow/example_dags/example_complex.py
[2024-08-13T17:50:32.763+0000] {processor.py:840} INFO - DAG(s) 'example_complex' retrieved from /home/airflow/.local/lib/python3.12/site-packages/airflow/example_dags/example_complex.py
[2024-08-13T17:50:32.794+0000] {logging_mixin.py:188} INFO - [2024-08-13T17:50:32.793+0000] {dag.py:3089} INFO - Sync 1 DAGs
[2024-08-13T17:50:32.805+0000] {logging_mixin.py:188} INFO - [2024-08-13T17:50:32.805+0000] {dag.py:3947} INFO - Setting next_dagrun for example_complex to None, run_after=None
[2024-08-13T17:50:32.825+0000] {processor.py:183} INFO - Processing /home/airflow/.local/lib/python3.12/site-packages/airflow/example_dags/example_complex.py took 0.077 seconds
[2024-08-13T17:51:03.184+0000] {processor.py:161} INFO - Started process (PID=2473) to work on /home/airflow/.local/lib/python3.12/site-packages/airflow/example_dags/example_complex.py
[2024-08-13T17:51:03.185+0000] {processor.py:830} INFO - Processing file /home/airflow/.local/lib/python3.12/site-packages/airflow/example_dags/example_complex.py for tasks to queue
[2024-08-13T17:51:03.186+0000] {logging_mixin.py:188} INFO - [2024-08-13T17:51:03.186+0000] {dagbag.py:545} INFO - Filling up the DagBag from /home/airflow/.local/lib/python3.12/site-packages/airflow/example_dags/example_complex.py
[2024-08-13T17:51:03.195+0000] {processor.py:840} INFO - DAG(s) 'example_complex' retrieved from /home/airflow/.local/lib/python3.12/site-packages/airflow/example_dags/example_complex.py
[2024-08-13T17:51:03.224+0000] {logging_mixin.py:188} INFO - [2024-08-13T17:51:03.224+0000] {dag.py:3089} INFO - Sync 1 DAGs
[2024-08-13T17:51:03.235+0000] {logging_mixin.py:188} INFO - [2024-08-13T17:51:03.235+0000] {dag.py:3947} INFO - Setting next_dagrun for example_complex to None, run_after=None
[2024-08-13T17:51:03.253+0000] {processor.py:183} INFO - Processing /home/airflow/.local/lib/python3.12/site-packages/airflow/example_dags/example_complex.py took 0.074 seconds
[2024-08-13T17:51:33.634+0000] {processor.py:161} INFO - Started process (PID=2531) to work on /home/airflow/.local/lib/python3.12/site-packages/airflow/example_dags/example_complex.py
[2024-08-13T17:51:33.637+0000] {processor.py:830} INFO - Processing file /home/airflow/.local/lib/python3.12/site-packages/airflow/example_dags/example_complex.py for tasks to queue
[2024-08-13T17:51:33.638+0000] {logging_mixin.py:188} INFO - [2024-08-13T17:51:33.638+0000] {dagbag.py:545} INFO - Filling up the DagBag from /home/airflow/.local/lib/python3.12/site-packages/airflow/example_dags/example_complex.py
[2024-08-13T17:51:33.647+0000] {processor.py:840} INFO - DAG(s) 'example_complex' retrieved from /home/airflow/.local/lib/python3.12/site-packages/airflow/example_dags/example_complex.py
[2024-08-13T17:51:33.676+0000] {logging_mixin.py:188} INFO - [2024-08-13T17:51:33.676+0000] {dag.py:3089} INFO - Sync 1 DAGs
[2024-08-13T17:51:33.688+0000] {logging_mixin.py:188} INFO - [2024-08-13T17:51:33.688+0000] {dag.py:3947} INFO - Setting next_dagrun for example_complex to None, run_after=None
[2024-08-13T17:51:33.706+0000] {processor.py:183} INFO - Processing /home/airflow/.local/lib/python3.12/site-packages/airflow/example_dags/example_complex.py took 0.077 seconds
[2024-08-13T17:52:03.991+0000] {processor.py:161} INFO - Started process (PID=2589) to work on /home/airflow/.local/lib/python3.12/site-packages/airflow/example_dags/example_complex.py
[2024-08-13T17:52:03.992+0000] {processor.py:830} INFO - Processing file /home/airflow/.local/lib/python3.12/site-packages/airflow/example_dags/example_complex.py for tasks to queue
[2024-08-13T17:52:03.994+0000] {logging_mixin.py:188} INFO - [2024-08-13T17:52:03.994+0000] {dagbag.py:545} INFO - Filling up the DagBag from /home/airflow/.local/lib/python3.12/site-packages/airflow/example_dags/example_complex.py
[2024-08-13T17:52:04.003+0000] {processor.py:840} INFO - DAG(s) 'example_complex' retrieved from /home/airflow/.local/lib/python3.12/site-packages/airflow/example_dags/example_complex.py
[2024-08-13T17:52:04.032+0000] {logging_mixin.py:188} INFO - [2024-08-13T17:52:04.032+0000] {dag.py:3089} INFO - Sync 1 DAGs
[2024-08-13T17:52:04.043+0000] {logging_mixin.py:188} INFO - [2024-08-13T17:52:04.043+0000] {dag.py:3947} INFO - Setting next_dagrun for example_complex to None, run_after=None
[2024-08-13T17:52:04.061+0000] {processor.py:183} INFO - Processing /home/airflow/.local/lib/python3.12/site-packages/airflow/example_dags/example_complex.py took 0.078 seconds
[2024-08-13T17:52:34.428+0000] {processor.py:161} INFO - Started process (PID=2647) to work on /home/airflow/.local/lib/python3.12/site-packages/airflow/example_dags/example_complex.py
[2024-08-13T17:52:34.429+0000] {processor.py:830} INFO - Processing file /home/airflow/.local/lib/python3.12/site-packages/airflow/example_dags/example_complex.py for tasks to queue
[2024-08-13T17:52:34.430+0000] {logging_mixin.py:188} INFO - [2024-08-13T17:52:34.430+0000] {dagbag.py:545} INFO - Filling up the DagBag from /home/airflow/.local/lib/python3.12/site-packages/airflow/example_dags/example_complex.py
[2024-08-13T17:52:34.439+0000] {processor.py:840} INFO - DAG(s) 'example_complex' retrieved from /home/airflow/.local/lib/python3.12/site-packages/airflow/example_dags/example_complex.py
[2024-08-13T17:52:34.468+0000] {logging_mixin.py:188} INFO - [2024-08-13T17:52:34.467+0000] {dag.py:3089} INFO - Sync 1 DAGs
[2024-08-13T17:52:34.479+0000] {logging_mixin.py:188} INFO - [2024-08-13T17:52:34.479+0000] {dag.py:3947} INFO - Setting next_dagrun for example_complex to None, run_after=None
[2024-08-13T17:52:34.497+0000] {processor.py:183} INFO - Processing /home/airflow/.local/lib/python3.12/site-packages/airflow/example_dags/example_complex.py took 0.074 seconds
