[2024-08-13T17:30:09.235+0000] {processor.py:161} INFO - Started process (PID=62) to work on /home/airflow/.local/lib/python3.12/site-packages/airflow/example_dags/example_branch_labels.py
[2024-08-13T17:30:09.236+0000] {processor.py:830} INFO - Processing file /home/airflow/.local/lib/python3.12/site-packages/airflow/example_dags/example_branch_labels.py for tasks to queue
[2024-08-13T17:30:09.237+0000] {logging_mixin.py:188} INFO - [2024-08-13T17:30:09.237+0000] {dagbag.py:545} INFO - Filling up the DagBag from /home/airflow/.local/lib/python3.12/site-packages/airflow/example_dags/example_branch_labels.py
[2024-08-13T17:30:09.243+0000] {processor.py:840} INFO - DAG(s) 'example_branch_labels' retrieved from /home/airflow/.local/lib/python3.12/site-packages/airflow/example_dags/example_branch_labels.py
[2024-08-13T17:30:09.271+0000] {logging_mixin.py:188} INFO - [2024-08-13T17:30:09.271+0000] {dag.py:3089} INFO - Sync 1 DAGs
[2024-08-13T17:30:09.291+0000] {logging_mixin.py:188} INFO - [2024-08-13T17:30:09.291+0000] {dag.py:3947} INFO - Setting next_dagrun for example_branch_labels to 2024-08-12 00:00:00+00:00, run_after=2024-08-13 00:00:00+00:00
[2024-08-13T17:30:09.309+0000] {processor.py:183} INFO - Processing /home/airflow/.local/lib/python3.12/site-packages/airflow/example_dags/example_branch_labels.py took 0.079 seconds
[2024-08-13T17:30:39.533+0000] {processor.py:161} INFO - Started process (PID=120) to work on /home/airflow/.local/lib/python3.12/site-packages/airflow/example_dags/example_branch_labels.py
[2024-08-13T17:30:39.534+0000] {processor.py:830} INFO - Processing file /home/airflow/.local/lib/python3.12/site-packages/airflow/example_dags/example_branch_labels.py for tasks to queue
[2024-08-13T17:30:39.535+0000] {logging_mixin.py:188} INFO - [2024-08-13T17:30:39.535+0000] {dagbag.py:545} INFO - Filling up the DagBag from /home/airflow/.local/lib/python3.12/site-packages/airflow/example_dags/example_branch_labels.py
[2024-08-13T17:30:39.541+0000] {processor.py:840} INFO - DAG(s) 'example_branch_labels' retrieved from /home/airflow/.local/lib/python3.12/site-packages/airflow/example_dags/example_branch_labels.py
[2024-08-13T17:30:39.561+0000] {logging_mixin.py:188} INFO - [2024-08-13T17:30:39.561+0000] {dag.py:3089} INFO - Sync 1 DAGs
[2024-08-13T17:30:39.580+0000] {logging_mixin.py:188} INFO - [2024-08-13T17:30:39.580+0000] {dag.py:3947} INFO - Setting next_dagrun for example_branch_labels to 2024-08-12 00:00:00+00:00, run_after=2024-08-13 00:00:00+00:00
[2024-08-13T17:30:39.597+0000] {processor.py:183} INFO - Processing /home/airflow/.local/lib/python3.12/site-packages/airflow/example_dags/example_branch_labels.py took 0.069 seconds
[2024-08-13T17:31:09.742+0000] {processor.py:161} INFO - Started process (PID=178) to work on /home/airflow/.local/lib/python3.12/site-packages/airflow/example_dags/example_branch_labels.py
[2024-08-13T17:31:09.743+0000] {processor.py:830} INFO - Processing file /home/airflow/.local/lib/python3.12/site-packages/airflow/example_dags/example_branch_labels.py for tasks to queue
[2024-08-13T17:31:09.744+0000] {logging_mixin.py:188} INFO - [2024-08-13T17:31:09.744+0000] {dagbag.py:545} INFO - Filling up the DagBag from /home/airflow/.local/lib/python3.12/site-packages/airflow/example_dags/example_branch_labels.py
[2024-08-13T17:31:09.751+0000] {processor.py:840} INFO - DAG(s) 'example_branch_labels' retrieved from /home/airflow/.local/lib/python3.12/site-packages/airflow/example_dags/example_branch_labels.py
[2024-08-13T17:31:09.773+0000] {logging_mixin.py:188} INFO - [2024-08-13T17:31:09.772+0000] {dag.py:3089} INFO - Sync 1 DAGs
[2024-08-13T17:31:09.798+0000] {logging_mixin.py:188} INFO - [2024-08-13T17:31:09.798+0000] {dag.py:3947} INFO - Setting next_dagrun for example_branch_labels to 2024-08-12 00:00:00+00:00, run_after=2024-08-13 00:00:00+00:00
[2024-08-13T17:31:09.819+0000] {processor.py:183} INFO - Processing /home/airflow/.local/lib/python3.12/site-packages/airflow/example_dags/example_branch_labels.py took 0.082 seconds
[2024-08-13T17:31:39.932+0000] {processor.py:161} INFO - Started process (PID=236) to work on /home/airflow/.local/lib/python3.12/site-packages/airflow/example_dags/example_branch_labels.py
[2024-08-13T17:31:39.933+0000] {processor.py:830} INFO - Processing file /home/airflow/.local/lib/python3.12/site-packages/airflow/example_dags/example_branch_labels.py for tasks to queue
[2024-08-13T17:31:39.934+0000] {logging_mixin.py:188} INFO - [2024-08-13T17:31:39.934+0000] {dagbag.py:545} INFO - Filling up the DagBag from /home/airflow/.local/lib/python3.12/site-packages/airflow/example_dags/example_branch_labels.py
[2024-08-13T17:31:39.940+0000] {processor.py:840} INFO - DAG(s) 'example_branch_labels' retrieved from /home/airflow/.local/lib/python3.12/site-packages/airflow/example_dags/example_branch_labels.py
[2024-08-13T17:31:39.966+0000] {logging_mixin.py:188} INFO - [2024-08-13T17:31:39.965+0000] {dag.py:3089} INFO - Sync 1 DAGs
[2024-08-13T17:31:39.988+0000] {logging_mixin.py:188} INFO - [2024-08-13T17:31:39.988+0000] {dag.py:3947} INFO - Setting next_dagrun for example_branch_labels to 2024-08-12 00:00:00+00:00, run_after=2024-08-13 00:00:00+00:00
[2024-08-13T17:31:40.004+0000] {processor.py:183} INFO - Processing /home/airflow/.local/lib/python3.12/site-packages/airflow/example_dags/example_branch_labels.py took 0.078 seconds
[2024-08-13T17:32:10.049+0000] {processor.py:161} INFO - Started process (PID=294) to work on /home/airflow/.local/lib/python3.12/site-packages/airflow/example_dags/example_branch_labels.py
[2024-08-13T17:32:10.049+0000] {processor.py:830} INFO - Processing file /home/airflow/.local/lib/python3.12/site-packages/airflow/example_dags/example_branch_labels.py for tasks to queue
[2024-08-13T17:32:10.051+0000] {logging_mixin.py:188} INFO - [2024-08-13T17:32:10.050+0000] {dagbag.py:545} INFO - Filling up the DagBag from /home/airflow/.local/lib/python3.12/site-packages/airflow/example_dags/example_branch_labels.py
[2024-08-13T17:32:10.057+0000] {processor.py:840} INFO - DAG(s) 'example_branch_labels' retrieved from /home/airflow/.local/lib/python3.12/site-packages/airflow/example_dags/example_branch_labels.py
[2024-08-13T17:32:10.076+0000] {logging_mixin.py:188} INFO - [2024-08-13T17:32:10.076+0000] {dag.py:3089} INFO - Sync 1 DAGs
[2024-08-13T17:32:10.096+0000] {logging_mixin.py:188} INFO - [2024-08-13T17:32:10.095+0000] {dag.py:3947} INFO - Setting next_dagrun for example_branch_labels to 2024-08-12 00:00:00+00:00, run_after=2024-08-13 00:00:00+00:00
[2024-08-13T17:32:10.113+0000] {processor.py:183} INFO - Processing /home/airflow/.local/lib/python3.12/site-packages/airflow/example_dags/example_branch_labels.py took 0.070 seconds
[2024-08-13T17:32:40.513+0000] {processor.py:161} INFO - Started process (PID=352) to work on /home/airflow/.local/lib/python3.12/site-packages/airflow/example_dags/example_branch_labels.py
[2024-08-13T17:32:40.514+0000] {processor.py:830} INFO - Processing file /home/airflow/.local/lib/python3.12/site-packages/airflow/example_dags/example_branch_labels.py for tasks to queue
[2024-08-13T17:32:40.515+0000] {logging_mixin.py:188} INFO - [2024-08-13T17:32:40.515+0000] {dagbag.py:545} INFO - Filling up the DagBag from /home/airflow/.local/lib/python3.12/site-packages/airflow/example_dags/example_branch_labels.py
[2024-08-13T17:32:40.521+0000] {processor.py:840} INFO - DAG(s) 'example_branch_labels' retrieved from /home/airflow/.local/lib/python3.12/site-packages/airflow/example_dags/example_branch_labels.py
[2024-08-13T17:32:40.540+0000] {logging_mixin.py:188} INFO - [2024-08-13T17:32:40.540+0000] {dag.py:3089} INFO - Sync 1 DAGs
[2024-08-13T17:32:40.560+0000] {logging_mixin.py:188} INFO - [2024-08-13T17:32:40.560+0000] {dag.py:3947} INFO - Setting next_dagrun for example_branch_labels to 2024-08-12 00:00:00+00:00, run_after=2024-08-13 00:00:00+00:00
[2024-08-13T17:32:40.576+0000] {processor.py:183} INFO - Processing /home/airflow/.local/lib/python3.12/site-packages/airflow/example_dags/example_branch_labels.py took 0.068 seconds
[2024-08-13T17:33:11.143+0000] {processor.py:161} INFO - Started process (PID=410) to work on /home/airflow/.local/lib/python3.12/site-packages/airflow/example_dags/example_branch_labels.py
[2024-08-13T17:33:11.144+0000] {processor.py:830} INFO - Processing file /home/airflow/.local/lib/python3.12/site-packages/airflow/example_dags/example_branch_labels.py for tasks to queue
[2024-08-13T17:33:11.145+0000] {logging_mixin.py:188} INFO - [2024-08-13T17:33:11.145+0000] {dagbag.py:545} INFO - Filling up the DagBag from /home/airflow/.local/lib/python3.12/site-packages/airflow/example_dags/example_branch_labels.py
[2024-08-13T17:33:11.151+0000] {processor.py:840} INFO - DAG(s) 'example_branch_labels' retrieved from /home/airflow/.local/lib/python3.12/site-packages/airflow/example_dags/example_branch_labels.py
[2024-08-13T17:33:11.170+0000] {logging_mixin.py:188} INFO - [2024-08-13T17:33:11.170+0000] {dag.py:3089} INFO - Sync 1 DAGs
[2024-08-13T17:33:11.190+0000] {logging_mixin.py:188} INFO - [2024-08-13T17:33:11.189+0000] {dag.py:3947} INFO - Setting next_dagrun for example_branch_labels to 2024-08-12 00:00:00+00:00, run_after=2024-08-13 00:00:00+00:00
[2024-08-13T17:33:11.206+0000] {processor.py:183} INFO - Processing /home/airflow/.local/lib/python3.12/site-packages/airflow/example_dags/example_branch_labels.py took 0.067 seconds
[2024-08-13T17:33:41.779+0000] {processor.py:161} INFO - Started process (PID=468) to work on /home/airflow/.local/lib/python3.12/site-packages/airflow/example_dags/example_branch_labels.py
[2024-08-13T17:33:41.780+0000] {processor.py:830} INFO - Processing file /home/airflow/.local/lib/python3.12/site-packages/airflow/example_dags/example_branch_labels.py for tasks to queue
[2024-08-13T17:33:41.781+0000] {logging_mixin.py:188} INFO - [2024-08-13T17:33:41.781+0000] {dagbag.py:545} INFO - Filling up the DagBag from /home/airflow/.local/lib/python3.12/site-packages/airflow/example_dags/example_branch_labels.py
[2024-08-13T17:33:41.787+0000] {processor.py:840} INFO - DAG(s) 'example_branch_labels' retrieved from /home/airflow/.local/lib/python3.12/site-packages/airflow/example_dags/example_branch_labels.py
[2024-08-13T17:33:41.806+0000] {logging_mixin.py:188} INFO - [2024-08-13T17:33:41.806+0000] {dag.py:3089} INFO - Sync 1 DAGs
[2024-08-13T17:33:41.826+0000] {logging_mixin.py:188} INFO - [2024-08-13T17:33:41.826+0000] {dag.py:3947} INFO - Setting next_dagrun for example_branch_labels to 2024-08-12 00:00:00+00:00, run_after=2024-08-13 00:00:00+00:00
[2024-08-13T17:33:41.842+0000] {processor.py:183} INFO - Processing /home/airflow/.local/lib/python3.12/site-packages/airflow/example_dags/example_branch_labels.py took 0.068 seconds
[2024-08-13T17:34:12.376+0000] {processor.py:161} INFO - Started process (PID=526) to work on /home/airflow/.local/lib/python3.12/site-packages/airflow/example_dags/example_branch_labels.py
[2024-08-13T17:34:12.377+0000] {processor.py:830} INFO - Processing file /home/airflow/.local/lib/python3.12/site-packages/airflow/example_dags/example_branch_labels.py for tasks to queue
[2024-08-13T17:34:12.378+0000] {logging_mixin.py:188} INFO - [2024-08-13T17:34:12.378+0000] {dagbag.py:545} INFO - Filling up the DagBag from /home/airflow/.local/lib/python3.12/site-packages/airflow/example_dags/example_branch_labels.py
[2024-08-13T17:34:12.384+0000] {processor.py:840} INFO - DAG(s) 'example_branch_labels' retrieved from /home/airflow/.local/lib/python3.12/site-packages/airflow/example_dags/example_branch_labels.py
[2024-08-13T17:34:12.403+0000] {logging_mixin.py:188} INFO - [2024-08-13T17:34:12.402+0000] {dag.py:3089} INFO - Sync 1 DAGs
[2024-08-13T17:34:12.422+0000] {logging_mixin.py:188} INFO - [2024-08-13T17:34:12.422+0000] {dag.py:3947} INFO - Setting next_dagrun for example_branch_labels to 2024-08-12 00:00:00+00:00, run_after=2024-08-13 00:00:00+00:00
[2024-08-13T17:34:12.439+0000] {processor.py:183} INFO - Processing /home/airflow/.local/lib/python3.12/site-packages/airflow/example_dags/example_branch_labels.py took 0.068 seconds
[2024-08-13T17:34:42.813+0000] {processor.py:161} INFO - Started process (PID=584) to work on /home/airflow/.local/lib/python3.12/site-packages/airflow/example_dags/example_branch_labels.py
[2024-08-13T17:34:42.814+0000] {processor.py:830} INFO - Processing file /home/airflow/.local/lib/python3.12/site-packages/airflow/example_dags/example_branch_labels.py for tasks to queue
[2024-08-13T17:34:42.815+0000] {logging_mixin.py:188} INFO - [2024-08-13T17:34:42.815+0000] {dagbag.py:545} INFO - Filling up the DagBag from /home/airflow/.local/lib/python3.12/site-packages/airflow/example_dags/example_branch_labels.py
[2024-08-13T17:34:42.822+0000] {processor.py:840} INFO - DAG(s) 'example_branch_labels' retrieved from /home/airflow/.local/lib/python3.12/site-packages/airflow/example_dags/example_branch_labels.py
[2024-08-13T17:34:42.840+0000] {logging_mixin.py:188} INFO - [2024-08-13T17:34:42.840+0000] {dag.py:3089} INFO - Sync 1 DAGs
[2024-08-13T17:34:42.860+0000] {logging_mixin.py:188} INFO - [2024-08-13T17:34:42.860+0000] {dag.py:3947} INFO - Setting next_dagrun for example_branch_labels to 2024-08-12 00:00:00+00:00, run_after=2024-08-13 00:00:00+00:00
[2024-08-13T17:34:42.876+0000] {processor.py:183} INFO - Processing /home/airflow/.local/lib/python3.12/site-packages/airflow/example_dags/example_branch_labels.py took 0.068 seconds
[2024-08-13T17:35:13.349+0000] {processor.py:161} INFO - Started process (PID=648) to work on /home/airflow/.local/lib/python3.12/site-packages/airflow/example_dags/example_branch_labels.py
[2024-08-13T17:35:13.350+0000] {processor.py:830} INFO - Processing file /home/airflow/.local/lib/python3.12/site-packages/airflow/example_dags/example_branch_labels.py for tasks to queue
[2024-08-13T17:35:13.351+0000] {logging_mixin.py:188} INFO - [2024-08-13T17:35:13.351+0000] {dagbag.py:545} INFO - Filling up the DagBag from /home/airflow/.local/lib/python3.12/site-packages/airflow/example_dags/example_branch_labels.py
[2024-08-13T17:35:13.358+0000] {processor.py:840} INFO - DAG(s) 'example_branch_labels' retrieved from /home/airflow/.local/lib/python3.12/site-packages/airflow/example_dags/example_branch_labels.py
[2024-08-13T17:35:13.376+0000] {logging_mixin.py:188} INFO - [2024-08-13T17:35:13.376+0000] {dag.py:3089} INFO - Sync 1 DAGs
[2024-08-13T17:35:13.396+0000] {logging_mixin.py:188} INFO - [2024-08-13T17:35:13.395+0000] {dag.py:3947} INFO - Setting next_dagrun for example_branch_labels to 2024-08-12 00:00:00+00:00, run_after=2024-08-13 00:00:00+00:00
[2024-08-13T17:35:13.412+0000] {processor.py:183} INFO - Processing /home/airflow/.local/lib/python3.12/site-packages/airflow/example_dags/example_branch_labels.py took 0.068 seconds
[2024-08-13T17:35:43.604+0000] {processor.py:161} INFO - Started process (PID=706) to work on /home/airflow/.local/lib/python3.12/site-packages/airflow/example_dags/example_branch_labels.py
[2024-08-13T17:35:43.605+0000] {processor.py:830} INFO - Processing file /home/airflow/.local/lib/python3.12/site-packages/airflow/example_dags/example_branch_labels.py for tasks to queue
[2024-08-13T17:35:43.607+0000] {logging_mixin.py:188} INFO - [2024-08-13T17:35:43.606+0000] {dagbag.py:545} INFO - Filling up the DagBag from /home/airflow/.local/lib/python3.12/site-packages/airflow/example_dags/example_branch_labels.py
[2024-08-13T17:35:43.613+0000] {processor.py:840} INFO - DAG(s) 'example_branch_labels' retrieved from /home/airflow/.local/lib/python3.12/site-packages/airflow/example_dags/example_branch_labels.py
[2024-08-13T17:35:43.631+0000] {logging_mixin.py:188} INFO - [2024-08-13T17:35:43.631+0000] {dag.py:3089} INFO - Sync 1 DAGs
[2024-08-13T17:35:43.651+0000] {logging_mixin.py:188} INFO - [2024-08-13T17:35:43.651+0000] {dag.py:3947} INFO - Setting next_dagrun for example_branch_labels to 2024-08-12 00:00:00+00:00, run_after=2024-08-13 00:00:00+00:00
[2024-08-13T17:35:43.667+0000] {processor.py:183} INFO - Processing /home/airflow/.local/lib/python3.12/site-packages/airflow/example_dags/example_branch_labels.py took 0.067 seconds
[2024-08-13T17:36:14.164+0000] {processor.py:161} INFO - Started process (PID=764) to work on /home/airflow/.local/lib/python3.12/site-packages/airflow/example_dags/example_branch_labels.py
[2024-08-13T17:36:14.165+0000] {processor.py:830} INFO - Processing file /home/airflow/.local/lib/python3.12/site-packages/airflow/example_dags/example_branch_labels.py for tasks to queue
[2024-08-13T17:36:14.166+0000] {logging_mixin.py:188} INFO - [2024-08-13T17:36:14.166+0000] {dagbag.py:545} INFO - Filling up the DagBag from /home/airflow/.local/lib/python3.12/site-packages/airflow/example_dags/example_branch_labels.py
[2024-08-13T17:36:14.173+0000] {processor.py:840} INFO - DAG(s) 'example_branch_labels' retrieved from /home/airflow/.local/lib/python3.12/site-packages/airflow/example_dags/example_branch_labels.py
[2024-08-13T17:36:14.192+0000] {logging_mixin.py:188} INFO - [2024-08-13T17:36:14.191+0000] {dag.py:3089} INFO - Sync 1 DAGs
[2024-08-13T17:36:14.212+0000] {logging_mixin.py:188} INFO - [2024-08-13T17:36:14.212+0000] {dag.py:3947} INFO - Setting next_dagrun for example_branch_labels to 2024-08-12 00:00:00+00:00, run_after=2024-08-13 00:00:00+00:00
[2024-08-13T17:36:14.229+0000] {processor.py:183} INFO - Processing /home/airflow/.local/lib/python3.12/site-packages/airflow/example_dags/example_branch_labels.py took 0.070 seconds
[2024-08-13T17:36:44.801+0000] {processor.py:161} INFO - Started process (PID=822) to work on /home/airflow/.local/lib/python3.12/site-packages/airflow/example_dags/example_branch_labels.py
[2024-08-13T17:36:44.802+0000] {processor.py:830} INFO - Processing file /home/airflow/.local/lib/python3.12/site-packages/airflow/example_dags/example_branch_labels.py for tasks to queue
[2024-08-13T17:36:44.803+0000] {logging_mixin.py:188} INFO - [2024-08-13T17:36:44.803+0000] {dagbag.py:545} INFO - Filling up the DagBag from /home/airflow/.local/lib/python3.12/site-packages/airflow/example_dags/example_branch_labels.py
[2024-08-13T17:36:44.809+0000] {processor.py:840} INFO - DAG(s) 'example_branch_labels' retrieved from /home/airflow/.local/lib/python3.12/site-packages/airflow/example_dags/example_branch_labels.py
[2024-08-13T17:36:44.828+0000] {logging_mixin.py:188} INFO - [2024-08-13T17:36:44.828+0000] {dag.py:3089} INFO - Sync 1 DAGs
[2024-08-13T17:36:44.848+0000] {logging_mixin.py:188} INFO - [2024-08-13T17:36:44.848+0000] {dag.py:3947} INFO - Setting next_dagrun for example_branch_labels to 2024-08-12 00:00:00+00:00, run_after=2024-08-13 00:00:00+00:00
[2024-08-13T17:36:44.864+0000] {processor.py:183} INFO - Processing /home/airflow/.local/lib/python3.12/site-packages/airflow/example_dags/example_branch_labels.py took 0.067 seconds
[2024-08-13T17:37:15.239+0000] {processor.py:161} INFO - Started process (PID=880) to work on /home/airflow/.local/lib/python3.12/site-packages/airflow/example_dags/example_branch_labels.py
[2024-08-13T17:37:15.240+0000] {processor.py:830} INFO - Processing file /home/airflow/.local/lib/python3.12/site-packages/airflow/example_dags/example_branch_labels.py for tasks to queue
[2024-08-13T17:37:15.241+0000] {logging_mixin.py:188} INFO - [2024-08-13T17:37:15.241+0000] {dagbag.py:545} INFO - Filling up the DagBag from /home/airflow/.local/lib/python3.12/site-packages/airflow/example_dags/example_branch_labels.py
[2024-08-13T17:37:15.248+0000] {processor.py:840} INFO - DAG(s) 'example_branch_labels' retrieved from /home/airflow/.local/lib/python3.12/site-packages/airflow/example_dags/example_branch_labels.py
[2024-08-13T17:37:15.267+0000] {logging_mixin.py:188} INFO - [2024-08-13T17:37:15.267+0000] {dag.py:3089} INFO - Sync 1 DAGs
[2024-08-13T17:37:15.287+0000] {logging_mixin.py:188} INFO - [2024-08-13T17:37:15.286+0000] {dag.py:3947} INFO - Setting next_dagrun for example_branch_labels to 2024-08-12 00:00:00+00:00, run_after=2024-08-13 00:00:00+00:00
[2024-08-13T17:37:15.307+0000] {processor.py:183} INFO - Processing /home/airflow/.local/lib/python3.12/site-packages/airflow/example_dags/example_branch_labels.py took 0.073 seconds
[2024-08-13T17:37:45.875+0000] {processor.py:161} INFO - Started process (PID=938) to work on /home/airflow/.local/lib/python3.12/site-packages/airflow/example_dags/example_branch_labels.py
[2024-08-13T17:37:45.875+0000] {processor.py:830} INFO - Processing file /home/airflow/.local/lib/python3.12/site-packages/airflow/example_dags/example_branch_labels.py for tasks to queue
[2024-08-13T17:37:45.877+0000] {logging_mixin.py:188} INFO - [2024-08-13T17:37:45.877+0000] {dagbag.py:545} INFO - Filling up the DagBag from /home/airflow/.local/lib/python3.12/site-packages/airflow/example_dags/example_branch_labels.py
[2024-08-13T17:37:45.883+0000] {processor.py:840} INFO - DAG(s) 'example_branch_labels' retrieved from /home/airflow/.local/lib/python3.12/site-packages/airflow/example_dags/example_branch_labels.py
[2024-08-13T17:37:45.902+0000] {logging_mixin.py:188} INFO - [2024-08-13T17:37:45.901+0000] {dag.py:3089} INFO - Sync 1 DAGs
[2024-08-13T17:37:45.921+0000] {logging_mixin.py:188} INFO - [2024-08-13T17:37:45.921+0000] {dag.py:3947} INFO - Setting next_dagrun for example_branch_labels to 2024-08-12 00:00:00+00:00, run_after=2024-08-13 00:00:00+00:00
[2024-08-13T17:37:45.938+0000] {processor.py:183} INFO - Processing /home/airflow/.local/lib/python3.12/site-packages/airflow/example_dags/example_branch_labels.py took 0.067 seconds
[2024-08-13T17:38:16.486+0000] {processor.py:161} INFO - Started process (PID=996) to work on /home/airflow/.local/lib/python3.12/site-packages/airflow/example_dags/example_branch_labels.py
[2024-08-13T17:38:16.487+0000] {processor.py:830} INFO - Processing file /home/airflow/.local/lib/python3.12/site-packages/airflow/example_dags/example_branch_labels.py for tasks to queue
[2024-08-13T17:38:16.488+0000] {logging_mixin.py:188} INFO - [2024-08-13T17:38:16.488+0000] {dagbag.py:545} INFO - Filling up the DagBag from /home/airflow/.local/lib/python3.12/site-packages/airflow/example_dags/example_branch_labels.py
[2024-08-13T17:38:16.495+0000] {processor.py:840} INFO - DAG(s) 'example_branch_labels' retrieved from /home/airflow/.local/lib/python3.12/site-packages/airflow/example_dags/example_branch_labels.py
[2024-08-13T17:38:16.513+0000] {logging_mixin.py:188} INFO - [2024-08-13T17:38:16.513+0000] {dag.py:3089} INFO - Sync 1 DAGs
[2024-08-13T17:38:16.533+0000] {logging_mixin.py:188} INFO - [2024-08-13T17:38:16.532+0000] {dag.py:3947} INFO - Setting next_dagrun for example_branch_labels to 2024-08-12 00:00:00+00:00, run_after=2024-08-13 00:00:00+00:00
[2024-08-13T17:38:16.549+0000] {processor.py:183} INFO - Processing /home/airflow/.local/lib/python3.12/site-packages/airflow/example_dags/example_branch_labels.py took 0.068 seconds
[2024-08-13T17:38:46.694+0000] {processor.py:161} INFO - Started process (PID=1054) to work on /home/airflow/.local/lib/python3.12/site-packages/airflow/example_dags/example_branch_labels.py
[2024-08-13T17:38:46.694+0000] {processor.py:830} INFO - Processing file /home/airflow/.local/lib/python3.12/site-packages/airflow/example_dags/example_branch_labels.py for tasks to queue
[2024-08-13T17:38:46.696+0000] {logging_mixin.py:188} INFO - [2024-08-13T17:38:46.695+0000] {dagbag.py:545} INFO - Filling up the DagBag from /home/airflow/.local/lib/python3.12/site-packages/airflow/example_dags/example_branch_labels.py
[2024-08-13T17:38:46.702+0000] {processor.py:840} INFO - DAG(s) 'example_branch_labels' retrieved from /home/airflow/.local/lib/python3.12/site-packages/airflow/example_dags/example_branch_labels.py
[2024-08-13T17:38:46.720+0000] {logging_mixin.py:188} INFO - [2024-08-13T17:38:46.720+0000] {dag.py:3089} INFO - Sync 1 DAGs
[2024-08-13T17:38:46.741+0000] {logging_mixin.py:188} INFO - [2024-08-13T17:38:46.741+0000] {dag.py:3947} INFO - Setting next_dagrun for example_branch_labels to 2024-08-12 00:00:00+00:00, run_after=2024-08-13 00:00:00+00:00
[2024-08-13T17:38:46.756+0000] {processor.py:183} INFO - Processing /home/airflow/.local/lib/python3.12/site-packages/airflow/example_dags/example_branch_labels.py took 0.067 seconds
[2024-08-13T17:39:17.109+0000] {processor.py:161} INFO - Started process (PID=1112) to work on /home/airflow/.local/lib/python3.12/site-packages/airflow/example_dags/example_branch_labels.py
[2024-08-13T17:39:17.110+0000] {processor.py:830} INFO - Processing file /home/airflow/.local/lib/python3.12/site-packages/airflow/example_dags/example_branch_labels.py for tasks to queue
[2024-08-13T17:39:17.111+0000] {logging_mixin.py:188} INFO - [2024-08-13T17:39:17.111+0000] {dagbag.py:545} INFO - Filling up the DagBag from /home/airflow/.local/lib/python3.12/site-packages/airflow/example_dags/example_branch_labels.py
[2024-08-13T17:39:17.118+0000] {processor.py:840} INFO - DAG(s) 'example_branch_labels' retrieved from /home/airflow/.local/lib/python3.12/site-packages/airflow/example_dags/example_branch_labels.py
[2024-08-13T17:39:17.139+0000] {logging_mixin.py:188} INFO - [2024-08-13T17:39:17.139+0000] {dag.py:3089} INFO - Sync 1 DAGs
[2024-08-13T17:39:17.159+0000] {logging_mixin.py:188} INFO - [2024-08-13T17:39:17.159+0000] {dag.py:3947} INFO - Setting next_dagrun for example_branch_labels to 2024-08-12 00:00:00+00:00, run_after=2024-08-13 00:00:00+00:00
[2024-08-13T17:39:17.176+0000] {processor.py:183} INFO - Processing /home/airflow/.local/lib/python3.12/site-packages/airflow/example_dags/example_branch_labels.py took 0.071 seconds
[2024-08-13T17:39:47.568+0000] {processor.py:161} INFO - Started process (PID=1170) to work on /home/airflow/.local/lib/python3.12/site-packages/airflow/example_dags/example_branch_labels.py
[2024-08-13T17:39:47.569+0000] {processor.py:830} INFO - Processing file /home/airflow/.local/lib/python3.12/site-packages/airflow/example_dags/example_branch_labels.py for tasks to queue
[2024-08-13T17:39:47.570+0000] {logging_mixin.py:188} INFO - [2024-08-13T17:39:47.570+0000] {dagbag.py:545} INFO - Filling up the DagBag from /home/airflow/.local/lib/python3.12/site-packages/airflow/example_dags/example_branch_labels.py
[2024-08-13T17:39:47.576+0000] {processor.py:840} INFO - DAG(s) 'example_branch_labels' retrieved from /home/airflow/.local/lib/python3.12/site-packages/airflow/example_dags/example_branch_labels.py
[2024-08-13T17:39:47.596+0000] {logging_mixin.py:188} INFO - [2024-08-13T17:39:47.595+0000] {dag.py:3089} INFO - Sync 1 DAGs
[2024-08-13T17:39:47.615+0000] {logging_mixin.py:188} INFO - [2024-08-13T17:39:47.615+0000] {dag.py:3947} INFO - Setting next_dagrun for example_branch_labels to 2024-08-12 00:00:00+00:00, run_after=2024-08-13 00:00:00+00:00
[2024-08-13T17:39:47.632+0000] {processor.py:183} INFO - Processing /home/airflow/.local/lib/python3.12/site-packages/airflow/example_dags/example_branch_labels.py took 0.068 seconds
[2024-08-13T17:40:18.070+0000] {processor.py:161} INFO - Started process (PID=1228) to work on /home/airflow/.local/lib/python3.12/site-packages/airflow/example_dags/example_branch_labels.py
[2024-08-13T17:40:18.071+0000] {processor.py:830} INFO - Processing file /home/airflow/.local/lib/python3.12/site-packages/airflow/example_dags/example_branch_labels.py for tasks to queue
[2024-08-13T17:40:18.072+0000] {logging_mixin.py:188} INFO - [2024-08-13T17:40:18.072+0000] {dagbag.py:545} INFO - Filling up the DagBag from /home/airflow/.local/lib/python3.12/site-packages/airflow/example_dags/example_branch_labels.py
[2024-08-13T17:40:18.079+0000] {processor.py:840} INFO - DAG(s) 'example_branch_labels' retrieved from /home/airflow/.local/lib/python3.12/site-packages/airflow/example_dags/example_branch_labels.py
[2024-08-13T17:40:18.097+0000] {logging_mixin.py:188} INFO - [2024-08-13T17:40:18.097+0000] {dag.py:3089} INFO - Sync 1 DAGs
[2024-08-13T17:40:18.117+0000] {logging_mixin.py:188} INFO - [2024-08-13T17:40:18.117+0000] {dag.py:3947} INFO - Setting next_dagrun for example_branch_labels to 2024-08-12 00:00:00+00:00, run_after=2024-08-13 00:00:00+00:00
[2024-08-13T17:40:18.134+0000] {processor.py:183} INFO - Processing /home/airflow/.local/lib/python3.12/site-packages/airflow/example_dags/example_branch_labels.py took 0.068 seconds
[2024-08-13T17:40:48.583+0000] {processor.py:161} INFO - Started process (PID=1286) to work on /home/airflow/.local/lib/python3.12/site-packages/airflow/example_dags/example_branch_labels.py
[2024-08-13T17:40:48.584+0000] {processor.py:830} INFO - Processing file /home/airflow/.local/lib/python3.12/site-packages/airflow/example_dags/example_branch_labels.py for tasks to queue
[2024-08-13T17:40:48.585+0000] {logging_mixin.py:188} INFO - [2024-08-13T17:40:48.585+0000] {dagbag.py:545} INFO - Filling up the DagBag from /home/airflow/.local/lib/python3.12/site-packages/airflow/example_dags/example_branch_labels.py
[2024-08-13T17:40:48.592+0000] {processor.py:840} INFO - DAG(s) 'example_branch_labels' retrieved from /home/airflow/.local/lib/python3.12/site-packages/airflow/example_dags/example_branch_labels.py
[2024-08-13T17:40:48.610+0000] {logging_mixin.py:188} INFO - [2024-08-13T17:40:48.610+0000] {dag.py:3089} INFO - Sync 1 DAGs
[2024-08-13T17:40:48.630+0000] {logging_mixin.py:188} INFO - [2024-08-13T17:40:48.629+0000] {dag.py:3947} INFO - Setting next_dagrun for example_branch_labels to 2024-08-12 00:00:00+00:00, run_after=2024-08-13 00:00:00+00:00
[2024-08-13T17:40:48.647+0000] {processor.py:183} INFO - Processing /home/airflow/.local/lib/python3.12/site-packages/airflow/example_dags/example_branch_labels.py took 0.068 seconds
[2024-08-13T17:41:18.697+0000] {processor.py:161} INFO - Started process (PID=1344) to work on /home/airflow/.local/lib/python3.12/site-packages/airflow/example_dags/example_branch_labels.py
[2024-08-13T17:41:18.698+0000] {processor.py:830} INFO - Processing file /home/airflow/.local/lib/python3.12/site-packages/airflow/example_dags/example_branch_labels.py for tasks to queue
[2024-08-13T17:41:18.699+0000] {logging_mixin.py:188} INFO - [2024-08-13T17:41:18.699+0000] {dagbag.py:545} INFO - Filling up the DagBag from /home/airflow/.local/lib/python3.12/site-packages/airflow/example_dags/example_branch_labels.py
[2024-08-13T17:41:18.706+0000] {processor.py:840} INFO - DAG(s) 'example_branch_labels' retrieved from /home/airflow/.local/lib/python3.12/site-packages/airflow/example_dags/example_branch_labels.py
[2024-08-13T17:41:18.725+0000] {logging_mixin.py:188} INFO - [2024-08-13T17:41:18.724+0000] {dag.py:3089} INFO - Sync 1 DAGs
[2024-08-13T17:41:18.745+0000] {logging_mixin.py:188} INFO - [2024-08-13T17:41:18.745+0000] {dag.py:3947} INFO - Setting next_dagrun for example_branch_labels to 2024-08-12 00:00:00+00:00, run_after=2024-08-13 00:00:00+00:00
[2024-08-13T17:41:18.761+0000] {processor.py:183} INFO - Processing /home/airflow/.local/lib/python3.12/site-packages/airflow/example_dags/example_branch_labels.py took 0.069 seconds
[2024-08-13T17:41:49.128+0000] {processor.py:161} INFO - Started process (PID=1402) to work on /home/airflow/.local/lib/python3.12/site-packages/airflow/example_dags/example_branch_labels.py
[2024-08-13T17:41:49.129+0000] {processor.py:830} INFO - Processing file /home/airflow/.local/lib/python3.12/site-packages/airflow/example_dags/example_branch_labels.py for tasks to queue
[2024-08-13T17:41:49.130+0000] {logging_mixin.py:188} INFO - [2024-08-13T17:41:49.130+0000] {dagbag.py:545} INFO - Filling up the DagBag from /home/airflow/.local/lib/python3.12/site-packages/airflow/example_dags/example_branch_labels.py
[2024-08-13T17:41:49.137+0000] {processor.py:840} INFO - DAG(s) 'example_branch_labels' retrieved from /home/airflow/.local/lib/python3.12/site-packages/airflow/example_dags/example_branch_labels.py
[2024-08-13T17:41:49.155+0000] {logging_mixin.py:188} INFO - [2024-08-13T17:41:49.155+0000] {dag.py:3089} INFO - Sync 1 DAGs
[2024-08-13T17:41:49.175+0000] {logging_mixin.py:188} INFO - [2024-08-13T17:41:49.175+0000] {dag.py:3947} INFO - Setting next_dagrun for example_branch_labels to 2024-08-12 00:00:00+00:00, run_after=2024-08-13 00:00:00+00:00
[2024-08-13T17:41:49.193+0000] {processor.py:183} INFO - Processing /home/airflow/.local/lib/python3.12/site-packages/airflow/example_dags/example_branch_labels.py took 0.070 seconds
[2024-08-13T17:42:20.155+0000] {processor.py:161} INFO - Started process (PID=1460) to work on /home/airflow/.local/lib/python3.12/site-packages/airflow/example_dags/example_branch_labels.py
[2024-08-13T17:42:20.156+0000] {processor.py:830} INFO - Processing file /home/airflow/.local/lib/python3.12/site-packages/airflow/example_dags/example_branch_labels.py for tasks to queue
[2024-08-13T17:42:20.157+0000] {logging_mixin.py:188} INFO - [2024-08-13T17:42:20.157+0000] {dagbag.py:545} INFO - Filling up the DagBag from /home/airflow/.local/lib/python3.12/site-packages/airflow/example_dags/example_branch_labels.py
[2024-08-13T17:42:20.164+0000] {processor.py:840} INFO - DAG(s) 'example_branch_labels' retrieved from /home/airflow/.local/lib/python3.12/site-packages/airflow/example_dags/example_branch_labels.py
[2024-08-13T17:42:20.184+0000] {logging_mixin.py:188} INFO - [2024-08-13T17:42:20.183+0000] {dag.py:3089} INFO - Sync 1 DAGs
[2024-08-13T17:42:20.204+0000] {logging_mixin.py:188} INFO - [2024-08-13T17:42:20.204+0000] {dag.py:3947} INFO - Setting next_dagrun for example_branch_labels to 2024-08-12 00:00:00+00:00, run_after=2024-08-13 00:00:00+00:00
[2024-08-13T17:42:20.221+0000] {processor.py:183} INFO - Processing /home/airflow/.local/lib/python3.12/site-packages/airflow/example_dags/example_branch_labels.py took 0.071 seconds
[2024-08-13T17:42:50.282+0000] {processor.py:161} INFO - Started process (PID=1518) to work on /home/airflow/.local/lib/python3.12/site-packages/airflow/example_dags/example_branch_labels.py
[2024-08-13T17:42:50.283+0000] {processor.py:830} INFO - Processing file /home/airflow/.local/lib/python3.12/site-packages/airflow/example_dags/example_branch_labels.py for tasks to queue
[2024-08-13T17:42:50.284+0000] {logging_mixin.py:188} INFO - [2024-08-13T17:42:50.284+0000] {dagbag.py:545} INFO - Filling up the DagBag from /home/airflow/.local/lib/python3.12/site-packages/airflow/example_dags/example_branch_labels.py
[2024-08-13T17:42:50.290+0000] {processor.py:840} INFO - DAG(s) 'example_branch_labels' retrieved from /home/airflow/.local/lib/python3.12/site-packages/airflow/example_dags/example_branch_labels.py
[2024-08-13T17:42:50.310+0000] {logging_mixin.py:188} INFO - [2024-08-13T17:42:50.309+0000] {dag.py:3089} INFO - Sync 1 DAGs
[2024-08-13T17:42:50.330+0000] {logging_mixin.py:188} INFO - [2024-08-13T17:42:50.330+0000] {dag.py:3947} INFO - Setting next_dagrun for example_branch_labels to 2024-08-12 00:00:00+00:00, run_after=2024-08-13 00:00:00+00:00
[2024-08-13T17:42:50.347+0000] {processor.py:183} INFO - Processing /home/airflow/.local/lib/python3.12/site-packages/airflow/example_dags/example_branch_labels.py took 0.069 seconds
[2024-08-13T17:43:20.394+0000] {processor.py:161} INFO - Started process (PID=1576) to work on /home/airflow/.local/lib/python3.12/site-packages/airflow/example_dags/example_branch_labels.py
[2024-08-13T17:43:20.395+0000] {processor.py:830} INFO - Processing file /home/airflow/.local/lib/python3.12/site-packages/airflow/example_dags/example_branch_labels.py for tasks to queue
[2024-08-13T17:43:20.396+0000] {logging_mixin.py:188} INFO - [2024-08-13T17:43:20.396+0000] {dagbag.py:545} INFO - Filling up the DagBag from /home/airflow/.local/lib/python3.12/site-packages/airflow/example_dags/example_branch_labels.py
[2024-08-13T17:43:20.403+0000] {processor.py:840} INFO - DAG(s) 'example_branch_labels' retrieved from /home/airflow/.local/lib/python3.12/site-packages/airflow/example_dags/example_branch_labels.py
[2024-08-13T17:43:20.422+0000] {logging_mixin.py:188} INFO - [2024-08-13T17:43:20.421+0000] {dag.py:3089} INFO - Sync 1 DAGs
[2024-08-13T17:43:20.441+0000] {logging_mixin.py:188} INFO - [2024-08-13T17:43:20.441+0000] {dag.py:3947} INFO - Setting next_dagrun for example_branch_labels to 2024-08-12 00:00:00+00:00, run_after=2024-08-13 00:00:00+00:00
[2024-08-13T17:43:20.458+0000] {processor.py:183} INFO - Processing /home/airflow/.local/lib/python3.12/site-packages/airflow/example_dags/example_branch_labels.py took 0.069 seconds
[2024-08-13T17:43:51.030+0000] {processor.py:161} INFO - Started process (PID=1634) to work on /home/airflow/.local/lib/python3.12/site-packages/airflow/example_dags/example_branch_labels.py
[2024-08-13T17:43:51.030+0000] {processor.py:830} INFO - Processing file /home/airflow/.local/lib/python3.12/site-packages/airflow/example_dags/example_branch_labels.py for tasks to queue
[2024-08-13T17:43:51.032+0000] {logging_mixin.py:188} INFO - [2024-08-13T17:43:51.031+0000] {dagbag.py:545} INFO - Filling up the DagBag from /home/airflow/.local/lib/python3.12/site-packages/airflow/example_dags/example_branch_labels.py
[2024-08-13T17:43:51.038+0000] {processor.py:840} INFO - DAG(s) 'example_branch_labels' retrieved from /home/airflow/.local/lib/python3.12/site-packages/airflow/example_dags/example_branch_labels.py
[2024-08-13T17:43:51.059+0000] {logging_mixin.py:188} INFO - [2024-08-13T17:43:51.059+0000] {dag.py:3089} INFO - Sync 1 DAGs
[2024-08-13T17:43:51.079+0000] {logging_mixin.py:188} INFO - [2024-08-13T17:43:51.079+0000] {dag.py:3947} INFO - Setting next_dagrun for example_branch_labels to 2024-08-12 00:00:00+00:00, run_after=2024-08-13 00:00:00+00:00
[2024-08-13T17:43:51.096+0000] {processor.py:183} INFO - Processing /home/airflow/.local/lib/python3.12/site-packages/airflow/example_dags/example_branch_labels.py took 0.071 seconds
[2024-08-13T17:44:21.751+0000] {processor.py:161} INFO - Started process (PID=1692) to work on /home/airflow/.local/lib/python3.12/site-packages/airflow/example_dags/example_branch_labels.py
[2024-08-13T17:44:21.752+0000] {processor.py:830} INFO - Processing file /home/airflow/.local/lib/python3.12/site-packages/airflow/example_dags/example_branch_labels.py for tasks to queue
[2024-08-13T17:44:21.753+0000] {logging_mixin.py:188} INFO - [2024-08-13T17:44:21.753+0000] {dagbag.py:545} INFO - Filling up the DagBag from /home/airflow/.local/lib/python3.12/site-packages/airflow/example_dags/example_branch_labels.py
[2024-08-13T17:44:21.760+0000] {processor.py:840} INFO - DAG(s) 'example_branch_labels' retrieved from /home/airflow/.local/lib/python3.12/site-packages/airflow/example_dags/example_branch_labels.py
[2024-08-13T17:44:21.777+0000] {logging_mixin.py:188} INFO - [2024-08-13T17:44:21.777+0000] {dag.py:3089} INFO - Sync 1 DAGs
[2024-08-13T17:44:21.798+0000] {logging_mixin.py:188} INFO - [2024-08-13T17:44:21.797+0000] {dag.py:3947} INFO - Setting next_dagrun for example_branch_labels to 2024-08-12 00:00:00+00:00, run_after=2024-08-13 00:00:00+00:00
[2024-08-13T17:44:21.816+0000] {processor.py:183} INFO - Processing /home/airflow/.local/lib/python3.12/site-packages/airflow/example_dags/example_branch_labels.py took 0.070 seconds
[2024-08-13T17:44:52.031+0000] {processor.py:161} INFO - Started process (PID=1750) to work on /home/airflow/.local/lib/python3.12/site-packages/airflow/example_dags/example_branch_labels.py
[2024-08-13T17:44:52.032+0000] {processor.py:830} INFO - Processing file /home/airflow/.local/lib/python3.12/site-packages/airflow/example_dags/example_branch_labels.py for tasks to queue
[2024-08-13T17:44:52.033+0000] {logging_mixin.py:188} INFO - [2024-08-13T17:44:52.033+0000] {dagbag.py:545} INFO - Filling up the DagBag from /home/airflow/.local/lib/python3.12/site-packages/airflow/example_dags/example_branch_labels.py
[2024-08-13T17:44:52.040+0000] {processor.py:840} INFO - DAG(s) 'example_branch_labels' retrieved from /home/airflow/.local/lib/python3.12/site-packages/airflow/example_dags/example_branch_labels.py
[2024-08-13T17:44:52.167+0000] {logging_mixin.py:188} INFO - [2024-08-13T17:44:52.167+0000] {dag.py:3089} INFO - Sync 1 DAGs
[2024-08-13T17:44:52.185+0000] {logging_mixin.py:188} INFO - [2024-08-13T17:44:52.185+0000] {dag.py:3947} INFO - Setting next_dagrun for example_branch_labels to 2024-08-12 00:00:00+00:00, run_after=2024-08-13 00:00:00+00:00
[2024-08-13T17:44:52.202+0000] {processor.py:183} INFO - Processing /home/airflow/.local/lib/python3.12/site-packages/airflow/example_dags/example_branch_labels.py took 0.175 seconds
[2024-08-13T17:45:22.834+0000] {processor.py:161} INFO - Started process (PID=1808) to work on /home/airflow/.local/lib/python3.12/site-packages/airflow/example_dags/example_branch_labels.py
[2024-08-13T17:45:22.835+0000] {processor.py:830} INFO - Processing file /home/airflow/.local/lib/python3.12/site-packages/airflow/example_dags/example_branch_labels.py for tasks to queue
[2024-08-13T17:45:22.836+0000] {logging_mixin.py:188} INFO - [2024-08-13T17:45:22.836+0000] {dagbag.py:545} INFO - Filling up the DagBag from /home/airflow/.local/lib/python3.12/site-packages/airflow/example_dags/example_branch_labels.py
[2024-08-13T17:45:22.843+0000] {processor.py:840} INFO - DAG(s) 'example_branch_labels' retrieved from /home/airflow/.local/lib/python3.12/site-packages/airflow/example_dags/example_branch_labels.py
[2024-08-13T17:45:22.863+0000] {logging_mixin.py:188} INFO - [2024-08-13T17:45:22.863+0000] {dag.py:3089} INFO - Sync 1 DAGs
[2024-08-13T17:45:22.884+0000] {logging_mixin.py:188} INFO - [2024-08-13T17:45:22.884+0000] {dag.py:3947} INFO - Setting next_dagrun for example_branch_labels to 2024-08-12 00:00:00+00:00, run_after=2024-08-13 00:00:00+00:00
[2024-08-13T17:45:22.901+0000] {processor.py:183} INFO - Processing /home/airflow/.local/lib/python3.12/site-packages/airflow/example_dags/example_branch_labels.py took 0.072 seconds
[2024-08-13T17:45:53.305+0000] {processor.py:161} INFO - Started process (PID=1866) to work on /home/airflow/.local/lib/python3.12/site-packages/airflow/example_dags/example_branch_labels.py
[2024-08-13T17:45:53.306+0000] {processor.py:830} INFO - Processing file /home/airflow/.local/lib/python3.12/site-packages/airflow/example_dags/example_branch_labels.py for tasks to queue
[2024-08-13T17:45:53.307+0000] {logging_mixin.py:188} INFO - [2024-08-13T17:45:53.307+0000] {dagbag.py:545} INFO - Filling up the DagBag from /home/airflow/.local/lib/python3.12/site-packages/airflow/example_dags/example_branch_labels.py
[2024-08-13T17:45:53.313+0000] {processor.py:840} INFO - DAG(s) 'example_branch_labels' retrieved from /home/airflow/.local/lib/python3.12/site-packages/airflow/example_dags/example_branch_labels.py
[2024-08-13T17:45:53.332+0000] {logging_mixin.py:188} INFO - [2024-08-13T17:45:53.332+0000] {dag.py:3089} INFO - Sync 1 DAGs
[2024-08-13T17:45:53.352+0000] {logging_mixin.py:188} INFO - [2024-08-13T17:45:53.352+0000] {dag.py:3947} INFO - Setting next_dagrun for example_branch_labels to 2024-08-12 00:00:00+00:00, run_after=2024-08-13 00:00:00+00:00
[2024-08-13T17:45:53.369+0000] {processor.py:183} INFO - Processing /home/airflow/.local/lib/python3.12/site-packages/airflow/example_dags/example_branch_labels.py took 0.069 seconds
[2024-08-13T17:46:23.704+0000] {processor.py:161} INFO - Started process (PID=1924) to work on /home/airflow/.local/lib/python3.12/site-packages/airflow/example_dags/example_branch_labels.py
[2024-08-13T17:46:23.704+0000] {processor.py:830} INFO - Processing file /home/airflow/.local/lib/python3.12/site-packages/airflow/example_dags/example_branch_labels.py for tasks to queue
[2024-08-13T17:46:23.706+0000] {logging_mixin.py:188} INFO - [2024-08-13T17:46:23.706+0000] {dagbag.py:545} INFO - Filling up the DagBag from /home/airflow/.local/lib/python3.12/site-packages/airflow/example_dags/example_branch_labels.py
[2024-08-13T17:46:23.712+0000] {processor.py:840} INFO - DAG(s) 'example_branch_labels' retrieved from /home/airflow/.local/lib/python3.12/site-packages/airflow/example_dags/example_branch_labels.py
[2024-08-13T17:46:23.731+0000] {logging_mixin.py:188} INFO - [2024-08-13T17:46:23.730+0000] {dag.py:3089} INFO - Sync 1 DAGs
[2024-08-13T17:46:23.751+0000] {logging_mixin.py:188} INFO - [2024-08-13T17:46:23.751+0000] {dag.py:3947} INFO - Setting next_dagrun for example_branch_labels to 2024-08-12 00:00:00+00:00, run_after=2024-08-13 00:00:00+00:00
[2024-08-13T17:46:23.768+0000] {processor.py:183} INFO - Processing /home/airflow/.local/lib/python3.12/site-packages/airflow/example_dags/example_branch_labels.py took 0.069 seconds
[2024-08-13T17:46:54.226+0000] {processor.py:161} INFO - Started process (PID=1982) to work on /home/airflow/.local/lib/python3.12/site-packages/airflow/example_dags/example_branch_labels.py
[2024-08-13T17:46:54.227+0000] {processor.py:830} INFO - Processing file /home/airflow/.local/lib/python3.12/site-packages/airflow/example_dags/example_branch_labels.py for tasks to queue
[2024-08-13T17:46:54.228+0000] {logging_mixin.py:188} INFO - [2024-08-13T17:46:54.228+0000] {dagbag.py:545} INFO - Filling up the DagBag from /home/airflow/.local/lib/python3.12/site-packages/airflow/example_dags/example_branch_labels.py
[2024-08-13T17:46:54.235+0000] {processor.py:840} INFO - DAG(s) 'example_branch_labels' retrieved from /home/airflow/.local/lib/python3.12/site-packages/airflow/example_dags/example_branch_labels.py
[2024-08-13T17:46:54.254+0000] {logging_mixin.py:188} INFO - [2024-08-13T17:46:54.253+0000] {dag.py:3089} INFO - Sync 1 DAGs
[2024-08-13T17:46:54.273+0000] {logging_mixin.py:188} INFO - [2024-08-13T17:46:54.273+0000] {dag.py:3947} INFO - Setting next_dagrun for example_branch_labels to 2024-08-12 00:00:00+00:00, run_after=2024-08-13 00:00:00+00:00
[2024-08-13T17:46:54.291+0000] {processor.py:183} INFO - Processing /home/airflow/.local/lib/python3.12/site-packages/airflow/example_dags/example_branch_labels.py took 0.070 seconds
[2024-08-13T17:47:24.742+0000] {processor.py:161} INFO - Started process (PID=2040) to work on /home/airflow/.local/lib/python3.12/site-packages/airflow/example_dags/example_branch_labels.py
[2024-08-13T17:47:24.743+0000] {processor.py:830} INFO - Processing file /home/airflow/.local/lib/python3.12/site-packages/airflow/example_dags/example_branch_labels.py for tasks to queue
[2024-08-13T17:47:24.744+0000] {logging_mixin.py:188} INFO - [2024-08-13T17:47:24.744+0000] {dagbag.py:545} INFO - Filling up the DagBag from /home/airflow/.local/lib/python3.12/site-packages/airflow/example_dags/example_branch_labels.py
[2024-08-13T17:47:24.751+0000] {processor.py:840} INFO - DAG(s) 'example_branch_labels' retrieved from /home/airflow/.local/lib/python3.12/site-packages/airflow/example_dags/example_branch_labels.py
[2024-08-13T17:47:24.771+0000] {logging_mixin.py:188} INFO - [2024-08-13T17:47:24.770+0000] {dag.py:3089} INFO - Sync 1 DAGs
[2024-08-13T17:47:24.794+0000] {logging_mixin.py:188} INFO - [2024-08-13T17:47:24.794+0000] {dag.py:3947} INFO - Setting next_dagrun for example_branch_labels to 2024-08-12 00:00:00+00:00, run_after=2024-08-13 00:00:00+00:00
[2024-08-13T17:47:24.809+0000] {processor.py:183} INFO - Processing /home/airflow/.local/lib/python3.12/site-packages/airflow/example_dags/example_branch_labels.py took 0.074 seconds
[2024-08-13T17:47:55.195+0000] {processor.py:161} INFO - Started process (PID=2098) to work on /home/airflow/.local/lib/python3.12/site-packages/airflow/example_dags/example_branch_labels.py
[2024-08-13T17:47:55.195+0000] {processor.py:830} INFO - Processing file /home/airflow/.local/lib/python3.12/site-packages/airflow/example_dags/example_branch_labels.py for tasks to queue
[2024-08-13T17:47:55.197+0000] {logging_mixin.py:188} INFO - [2024-08-13T17:47:55.197+0000] {dagbag.py:545} INFO - Filling up the DagBag from /home/airflow/.local/lib/python3.12/site-packages/airflow/example_dags/example_branch_labels.py
[2024-08-13T17:47:55.204+0000] {processor.py:840} INFO - DAG(s) 'example_branch_labels' retrieved from /home/airflow/.local/lib/python3.12/site-packages/airflow/example_dags/example_branch_labels.py
[2024-08-13T17:47:55.224+0000] {logging_mixin.py:188} INFO - [2024-08-13T17:47:55.224+0000] {dag.py:3089} INFO - Sync 1 DAGs
[2024-08-13T17:47:55.255+0000] {logging_mixin.py:188} INFO - [2024-08-13T17:47:55.255+0000] {dag.py:3947} INFO - Setting next_dagrun for example_branch_labels to 2024-08-12 00:00:00+00:00, run_after=2024-08-13 00:00:00+00:00
[2024-08-13T17:47:55.276+0000] {processor.py:183} INFO - Processing /home/airflow/.local/lib/python3.12/site-packages/airflow/example_dags/example_branch_labels.py took 0.086 seconds
[2024-08-13T17:48:25.710+0000] {processor.py:161} INFO - Started process (PID=2156) to work on /home/airflow/.local/lib/python3.12/site-packages/airflow/example_dags/example_branch_labels.py
[2024-08-13T17:48:25.711+0000] {processor.py:830} INFO - Processing file /home/airflow/.local/lib/python3.12/site-packages/airflow/example_dags/example_branch_labels.py for tasks to queue
[2024-08-13T17:48:25.712+0000] {logging_mixin.py:188} INFO - [2024-08-13T17:48:25.712+0000] {dagbag.py:545} INFO - Filling up the DagBag from /home/airflow/.local/lib/python3.12/site-packages/airflow/example_dags/example_branch_labels.py
[2024-08-13T17:48:25.718+0000] {processor.py:840} INFO - DAG(s) 'example_branch_labels' retrieved from /home/airflow/.local/lib/python3.12/site-packages/airflow/example_dags/example_branch_labels.py
[2024-08-13T17:48:25.742+0000] {logging_mixin.py:188} INFO - [2024-08-13T17:48:25.741+0000] {dag.py:3089} INFO - Sync 1 DAGs
[2024-08-13T17:48:25.764+0000] {logging_mixin.py:188} INFO - [2024-08-13T17:48:25.764+0000] {dag.py:3947} INFO - Setting next_dagrun for example_branch_labels to 2024-08-12 00:00:00+00:00, run_after=2024-08-13 00:00:00+00:00
[2024-08-13T17:48:25.787+0000] {processor.py:183} INFO - Processing /home/airflow/.local/lib/python3.12/site-packages/airflow/example_dags/example_branch_labels.py took 0.082 seconds
[2024-08-13T17:48:56.248+0000] {processor.py:161} INFO - Started process (PID=2214) to work on /home/airflow/.local/lib/python3.12/site-packages/airflow/example_dags/example_branch_labels.py
[2024-08-13T17:48:56.249+0000] {processor.py:830} INFO - Processing file /home/airflow/.local/lib/python3.12/site-packages/airflow/example_dags/example_branch_labels.py for tasks to queue
[2024-08-13T17:48:56.250+0000] {logging_mixin.py:188} INFO - [2024-08-13T17:48:56.250+0000] {dagbag.py:545} INFO - Filling up the DagBag from /home/airflow/.local/lib/python3.12/site-packages/airflow/example_dags/example_branch_labels.py
[2024-08-13T17:48:56.256+0000] {processor.py:840} INFO - DAG(s) 'example_branch_labels' retrieved from /home/airflow/.local/lib/python3.12/site-packages/airflow/example_dags/example_branch_labels.py
[2024-08-13T17:48:56.275+0000] {logging_mixin.py:188} INFO - [2024-08-13T17:48:56.275+0000] {dag.py:3089} INFO - Sync 1 DAGs
[2024-08-13T17:48:56.295+0000] {logging_mixin.py:188} INFO - [2024-08-13T17:48:56.295+0000] {dag.py:3947} INFO - Setting next_dagrun for example_branch_labels to 2024-08-12 00:00:00+00:00, run_after=2024-08-13 00:00:00+00:00
[2024-08-13T17:48:56.311+0000] {processor.py:183} INFO - Processing /home/airflow/.local/lib/python3.12/site-packages/airflow/example_dags/example_branch_labels.py took 0.068 seconds
[2024-08-13T17:49:26.802+0000] {processor.py:161} INFO - Started process (PID=2272) to work on /home/airflow/.local/lib/python3.12/site-packages/airflow/example_dags/example_branch_labels.py
[2024-08-13T17:49:26.803+0000] {processor.py:830} INFO - Processing file /home/airflow/.local/lib/python3.12/site-packages/airflow/example_dags/example_branch_labels.py for tasks to queue
[2024-08-13T17:49:26.804+0000] {logging_mixin.py:188} INFO - [2024-08-13T17:49:26.804+0000] {dagbag.py:545} INFO - Filling up the DagBag from /home/airflow/.local/lib/python3.12/site-packages/airflow/example_dags/example_branch_labels.py
[2024-08-13T17:49:26.810+0000] {processor.py:840} INFO - DAG(s) 'example_branch_labels' retrieved from /home/airflow/.local/lib/python3.12/site-packages/airflow/example_dags/example_branch_labels.py
[2024-08-13T17:49:26.830+0000] {logging_mixin.py:188} INFO - [2024-08-13T17:49:26.830+0000] {dag.py:3089} INFO - Sync 1 DAGs
[2024-08-13T17:49:26.851+0000] {logging_mixin.py:188} INFO - [2024-08-13T17:49:26.851+0000] {dag.py:3947} INFO - Setting next_dagrun for example_branch_labels to 2024-08-12 00:00:00+00:00, run_after=2024-08-13 00:00:00+00:00
[2024-08-13T17:49:26.870+0000] {processor.py:183} INFO - Processing /home/airflow/.local/lib/python3.12/site-packages/airflow/example_dags/example_branch_labels.py took 0.074 seconds
[2024-08-13T17:49:57.263+0000] {processor.py:161} INFO - Started process (PID=2330) to work on /home/airflow/.local/lib/python3.12/site-packages/airflow/example_dags/example_branch_labels.py
[2024-08-13T17:49:57.263+0000] {processor.py:830} INFO - Processing file /home/airflow/.local/lib/python3.12/site-packages/airflow/example_dags/example_branch_labels.py for tasks to queue
[2024-08-13T17:49:57.265+0000] {logging_mixin.py:188} INFO - [2024-08-13T17:49:57.264+0000] {dagbag.py:545} INFO - Filling up the DagBag from /home/airflow/.local/lib/python3.12/site-packages/airflow/example_dags/example_branch_labels.py
[2024-08-13T17:49:57.271+0000] {processor.py:840} INFO - DAG(s) 'example_branch_labels' retrieved from /home/airflow/.local/lib/python3.12/site-packages/airflow/example_dags/example_branch_labels.py
[2024-08-13T17:49:57.291+0000] {logging_mixin.py:188} INFO - [2024-08-13T17:49:57.291+0000] {dag.py:3089} INFO - Sync 1 DAGs
[2024-08-13T17:49:57.313+0000] {logging_mixin.py:188} INFO - [2024-08-13T17:49:57.313+0000] {dag.py:3947} INFO - Setting next_dagrun for example_branch_labels to 2024-08-12 00:00:00+00:00, run_after=2024-08-13 00:00:00+00:00
[2024-08-13T17:49:57.330+0000] {processor.py:183} INFO - Processing /home/airflow/.local/lib/python3.12/site-packages/airflow/example_dags/example_branch_labels.py took 0.072 seconds
[2024-08-13T17:50:27.660+0000] {processor.py:161} INFO - Started process (PID=2389) to work on /home/airflow/.local/lib/python3.12/site-packages/airflow/example_dags/example_branch_labels.py
[2024-08-13T17:50:27.661+0000] {processor.py:830} INFO - Processing file /home/airflow/.local/lib/python3.12/site-packages/airflow/example_dags/example_branch_labels.py for tasks to queue
[2024-08-13T17:50:27.663+0000] {logging_mixin.py:188} INFO - [2024-08-13T17:50:27.662+0000] {dagbag.py:545} INFO - Filling up the DagBag from /home/airflow/.local/lib/python3.12/site-packages/airflow/example_dags/example_branch_labels.py
[2024-08-13T17:50:27.669+0000] {processor.py:840} INFO - DAG(s) 'example_branch_labels' retrieved from /home/airflow/.local/lib/python3.12/site-packages/airflow/example_dags/example_branch_labels.py
[2024-08-13T17:50:27.688+0000] {logging_mixin.py:188} INFO - [2024-08-13T17:50:27.688+0000] {dag.py:3089} INFO - Sync 1 DAGs
[2024-08-13T17:50:27.709+0000] {logging_mixin.py:188} INFO - [2024-08-13T17:50:27.708+0000] {dag.py:3947} INFO - Setting next_dagrun for example_branch_labels to 2024-08-12 00:00:00+00:00, run_after=2024-08-13 00:00:00+00:00
[2024-08-13T17:50:27.726+0000] {processor.py:183} INFO - Processing /home/airflow/.local/lib/python3.12/site-packages/airflow/example_dags/example_branch_labels.py took 0.070 seconds
