[2024-08-13T17:30:10.354+0000] {processor.py:161} INFO - Started process (PID=82) to work on /home/airflow/.local/lib/python3.12/site-packages/airflow/example_dags/example_branch_python_dop_operator_3.py
[2024-08-13T17:30:10.355+0000] {processor.py:830} INFO - Processing file /home/airflow/.local/lib/python3.12/site-packages/airflow/example_dags/example_branch_python_dop_operator_3.py for tasks to queue
[2024-08-13T17:30:10.356+0000] {logging_mixin.py:188} INFO - [2024-08-13T17:30:10.356+0000] {dagbag.py:545} INFO - Filling up the DagBag from /home/airflow/.local/lib/python3.12/site-packages/airflow/example_dags/example_branch_python_dop_operator_3.py
[2024-08-13T17:30:10.363+0000] {processor.py:840} INFO - DAG(s) 'example_branch_dop_operator_v3' retrieved from /home/airflow/.local/lib/python3.12/site-packages/airflow/example_dags/example_branch_python_dop_operator_3.py
[2024-08-13T17:30:10.381+0000] {logging_mixin.py:188} INFO - [2024-08-13T17:30:10.381+0000] {dag.py:3089} INFO - Sync 1 DAGs
[2024-08-13T17:30:10.404+0000] {logging_mixin.py:188} INFO - [2024-08-13T17:30:10.404+0000] {dag.py:3947} INFO - Setting next_dagrun for example_branch_dop_operator_v3 to 2024-08-13 17:29:00+00:00, run_after=2024-08-13 17:30:00+00:00
[2024-08-13T17:30:10.422+0000] {processor.py:183} INFO - Processing /home/airflow/.local/lib/python3.12/site-packages/airflow/example_dags/example_branch_python_dop_operator_3.py took 0.073 seconds
[2024-08-13T17:30:40.464+0000] {processor.py:161} INFO - Started process (PID=139) to work on /home/airflow/.local/lib/python3.12/site-packages/airflow/example_dags/example_branch_python_dop_operator_3.py
[2024-08-13T17:30:40.464+0000] {processor.py:830} INFO - Processing file /home/airflow/.local/lib/python3.12/site-packages/airflow/example_dags/example_branch_python_dop_operator_3.py for tasks to queue
[2024-08-13T17:30:40.466+0000] {logging_mixin.py:188} INFO - [2024-08-13T17:30:40.465+0000] {dagbag.py:545} INFO - Filling up the DagBag from /home/airflow/.local/lib/python3.12/site-packages/airflow/example_dags/example_branch_python_dop_operator_3.py
[2024-08-13T17:30:40.473+0000] {processor.py:840} INFO - DAG(s) 'example_branch_dop_operator_v3' retrieved from /home/airflow/.local/lib/python3.12/site-packages/airflow/example_dags/example_branch_python_dop_operator_3.py
[2024-08-13T17:30:40.491+0000] {logging_mixin.py:188} INFO - [2024-08-13T17:30:40.491+0000] {dag.py:3089} INFO - Sync 1 DAGs
[2024-08-13T17:30:40.513+0000] {logging_mixin.py:188} INFO - [2024-08-13T17:30:40.512+0000] {dag.py:3947} INFO - Setting next_dagrun for example_branch_dop_operator_v3 to 2024-08-13 17:29:00+00:00, run_after=2024-08-13 17:30:00+00:00
[2024-08-13T17:30:40.530+0000] {processor.py:183} INFO - Processing /home/airflow/.local/lib/python3.12/site-packages/airflow/example_dags/example_branch_python_dop_operator_3.py took 0.071 seconds
[2024-08-13T17:31:10.644+0000] {processor.py:161} INFO - Started process (PID=197) to work on /home/airflow/.local/lib/python3.12/site-packages/airflow/example_dags/example_branch_python_dop_operator_3.py
[2024-08-13T17:31:10.645+0000] {processor.py:830} INFO - Processing file /home/airflow/.local/lib/python3.12/site-packages/airflow/example_dags/example_branch_python_dop_operator_3.py for tasks to queue
[2024-08-13T17:31:10.647+0000] {logging_mixin.py:188} INFO - [2024-08-13T17:31:10.646+0000] {dagbag.py:545} INFO - Filling up the DagBag from /home/airflow/.local/lib/python3.12/site-packages/airflow/example_dags/example_branch_python_dop_operator_3.py
[2024-08-13T17:31:10.655+0000] {processor.py:840} INFO - DAG(s) 'example_branch_dop_operator_v3' retrieved from /home/airflow/.local/lib/python3.12/site-packages/airflow/example_dags/example_branch_python_dop_operator_3.py
[2024-08-13T17:31:10.672+0000] {logging_mixin.py:188} INFO - [2024-08-13T17:31:10.672+0000] {dag.py:3089} INFO - Sync 1 DAGs
[2024-08-13T17:31:10.701+0000] {logging_mixin.py:188} INFO - [2024-08-13T17:31:10.701+0000] {dag.py:3947} INFO - Setting next_dagrun for example_branch_dop_operator_v3 to 2024-08-13 17:30:00+00:00, run_after=2024-08-13 17:31:00+00:00
[2024-08-13T17:31:10.719+0000] {processor.py:183} INFO - Processing /home/airflow/.local/lib/python3.12/site-packages/airflow/example_dags/example_branch_python_dop_operator_3.py took 0.081 seconds
[2024-08-13T17:31:40.844+0000] {processor.py:161} INFO - Started process (PID=255) to work on /home/airflow/.local/lib/python3.12/site-packages/airflow/example_dags/example_branch_python_dop_operator_3.py
[2024-08-13T17:31:40.845+0000] {processor.py:830} INFO - Processing file /home/airflow/.local/lib/python3.12/site-packages/airflow/example_dags/example_branch_python_dop_operator_3.py for tasks to queue
[2024-08-13T17:31:40.846+0000] {logging_mixin.py:188} INFO - [2024-08-13T17:31:40.846+0000] {dagbag.py:545} INFO - Filling up the DagBag from /home/airflow/.local/lib/python3.12/site-packages/airflow/example_dags/example_branch_python_dop_operator_3.py
[2024-08-13T17:31:40.854+0000] {processor.py:840} INFO - DAG(s) 'example_branch_dop_operator_v3' retrieved from /home/airflow/.local/lib/python3.12/site-packages/airflow/example_dags/example_branch_python_dop_operator_3.py
[2024-08-13T17:31:40.872+0000] {logging_mixin.py:188} INFO - [2024-08-13T17:31:40.871+0000] {dag.py:3089} INFO - Sync 1 DAGs
[2024-08-13T17:31:40.895+0000] {logging_mixin.py:188} INFO - [2024-08-13T17:31:40.895+0000] {dag.py:3947} INFO - Setting next_dagrun for example_branch_dop_operator_v3 to 2024-08-13 17:30:00+00:00, run_after=2024-08-13 17:31:00+00:00
[2024-08-13T17:31:40.912+0000] {processor.py:183} INFO - Processing /home/airflow/.local/lib/python3.12/site-packages/airflow/example_dags/example_branch_python_dop_operator_3.py took 0.072 seconds
[2024-08-13T17:32:10.943+0000] {processor.py:161} INFO - Started process (PID=313) to work on /home/airflow/.local/lib/python3.12/site-packages/airflow/example_dags/example_branch_python_dop_operator_3.py
[2024-08-13T17:32:10.944+0000] {processor.py:830} INFO - Processing file /home/airflow/.local/lib/python3.12/site-packages/airflow/example_dags/example_branch_python_dop_operator_3.py for tasks to queue
[2024-08-13T17:32:10.945+0000] {logging_mixin.py:188} INFO - [2024-08-13T17:32:10.945+0000] {dagbag.py:545} INFO - Filling up the DagBag from /home/airflow/.local/lib/python3.12/site-packages/airflow/example_dags/example_branch_python_dop_operator_3.py
[2024-08-13T17:32:10.953+0000] {processor.py:840} INFO - DAG(s) 'example_branch_dop_operator_v3' retrieved from /home/airflow/.local/lib/python3.12/site-packages/airflow/example_dags/example_branch_python_dop_operator_3.py
[2024-08-13T17:32:10.971+0000] {logging_mixin.py:188} INFO - [2024-08-13T17:32:10.971+0000] {dag.py:3089} INFO - Sync 1 DAGs
[2024-08-13T17:32:10.993+0000] {logging_mixin.py:188} INFO - [2024-08-13T17:32:10.993+0000] {dag.py:3947} INFO - Setting next_dagrun for example_branch_dop_operator_v3 to 2024-08-13 17:31:00+00:00, run_after=2024-08-13 17:32:00+00:00
[2024-08-13T17:32:11.011+0000] {processor.py:183} INFO - Processing /home/airflow/.local/lib/python3.12/site-packages/airflow/example_dags/example_branch_python_dop_operator_3.py took 0.072 seconds
[2024-08-13T17:32:41.460+0000] {processor.py:161} INFO - Started process (PID=371) to work on /home/airflow/.local/lib/python3.12/site-packages/airflow/example_dags/example_branch_python_dop_operator_3.py
[2024-08-13T17:32:41.461+0000] {processor.py:830} INFO - Processing file /home/airflow/.local/lib/python3.12/site-packages/airflow/example_dags/example_branch_python_dop_operator_3.py for tasks to queue
[2024-08-13T17:32:41.462+0000] {logging_mixin.py:188} INFO - [2024-08-13T17:32:41.462+0000] {dagbag.py:545} INFO - Filling up the DagBag from /home/airflow/.local/lib/python3.12/site-packages/airflow/example_dags/example_branch_python_dop_operator_3.py
[2024-08-13T17:32:41.469+0000] {processor.py:840} INFO - DAG(s) 'example_branch_dop_operator_v3' retrieved from /home/airflow/.local/lib/python3.12/site-packages/airflow/example_dags/example_branch_python_dop_operator_3.py
[2024-08-13T17:32:41.488+0000] {logging_mixin.py:188} INFO - [2024-08-13T17:32:41.487+0000] {dag.py:3089} INFO - Sync 1 DAGs
[2024-08-13T17:32:41.510+0000] {logging_mixin.py:188} INFO - [2024-08-13T17:32:41.509+0000] {dag.py:3947} INFO - Setting next_dagrun for example_branch_dop_operator_v3 to 2024-08-13 17:31:00+00:00, run_after=2024-08-13 17:32:00+00:00
[2024-08-13T17:32:41.526+0000] {processor.py:183} INFO - Processing /home/airflow/.local/lib/python3.12/site-packages/airflow/example_dags/example_branch_python_dop_operator_3.py took 0.071 seconds
[2024-08-13T17:33:12.079+0000] {processor.py:161} INFO - Started process (PID=429) to work on /home/airflow/.local/lib/python3.12/site-packages/airflow/example_dags/example_branch_python_dop_operator_3.py
[2024-08-13T17:33:12.080+0000] {processor.py:830} INFO - Processing file /home/airflow/.local/lib/python3.12/site-packages/airflow/example_dags/example_branch_python_dop_operator_3.py for tasks to queue
[2024-08-13T17:33:12.081+0000] {logging_mixin.py:188} INFO - [2024-08-13T17:33:12.081+0000] {dagbag.py:545} INFO - Filling up the DagBag from /home/airflow/.local/lib/python3.12/site-packages/airflow/example_dags/example_branch_python_dop_operator_3.py
[2024-08-13T17:33:12.088+0000] {processor.py:840} INFO - DAG(s) 'example_branch_dop_operator_v3' retrieved from /home/airflow/.local/lib/python3.12/site-packages/airflow/example_dags/example_branch_python_dop_operator_3.py
[2024-08-13T17:33:12.106+0000] {logging_mixin.py:188} INFO - [2024-08-13T17:33:12.106+0000] {dag.py:3089} INFO - Sync 1 DAGs
[2024-08-13T17:33:12.128+0000] {logging_mixin.py:188} INFO - [2024-08-13T17:33:12.128+0000] {dag.py:3947} INFO - Setting next_dagrun for example_branch_dop_operator_v3 to 2024-08-13 17:32:00+00:00, run_after=2024-08-13 17:33:00+00:00
[2024-08-13T17:33:12.145+0000] {processor.py:183} INFO - Processing /home/airflow/.local/lib/python3.12/site-packages/airflow/example_dags/example_branch_python_dop_operator_3.py took 0.070 seconds
[2024-08-13T17:33:42.709+0000] {processor.py:161} INFO - Started process (PID=487) to work on /home/airflow/.local/lib/python3.12/site-packages/airflow/example_dags/example_branch_python_dop_operator_3.py
[2024-08-13T17:33:42.710+0000] {processor.py:830} INFO - Processing file /home/airflow/.local/lib/python3.12/site-packages/airflow/example_dags/example_branch_python_dop_operator_3.py for tasks to queue
[2024-08-13T17:33:42.711+0000] {logging_mixin.py:188} INFO - [2024-08-13T17:33:42.711+0000] {dagbag.py:545} INFO - Filling up the DagBag from /home/airflow/.local/lib/python3.12/site-packages/airflow/example_dags/example_branch_python_dop_operator_3.py
[2024-08-13T17:33:42.718+0000] {processor.py:840} INFO - DAG(s) 'example_branch_dop_operator_v3' retrieved from /home/airflow/.local/lib/python3.12/site-packages/airflow/example_dags/example_branch_python_dop_operator_3.py
[2024-08-13T17:33:42.736+0000] {logging_mixin.py:188} INFO - [2024-08-13T17:33:42.736+0000] {dag.py:3089} INFO - Sync 1 DAGs
[2024-08-13T17:33:42.759+0000] {logging_mixin.py:188} INFO - [2024-08-13T17:33:42.758+0000] {dag.py:3947} INFO - Setting next_dagrun for example_branch_dop_operator_v3 to 2024-08-13 17:32:00+00:00, run_after=2024-08-13 17:33:00+00:00
[2024-08-13T17:33:42.775+0000] {processor.py:183} INFO - Processing /home/airflow/.local/lib/python3.12/site-packages/airflow/example_dags/example_branch_python_dop_operator_3.py took 0.071 seconds
[2024-08-13T17:34:13.151+0000] {processor.py:161} INFO - Started process (PID=551) to work on /home/airflow/.local/lib/python3.12/site-packages/airflow/example_dags/example_branch_python_dop_operator_3.py
[2024-08-13T17:34:13.152+0000] {processor.py:830} INFO - Processing file /home/airflow/.local/lib/python3.12/site-packages/airflow/example_dags/example_branch_python_dop_operator_3.py for tasks to queue
[2024-08-13T17:34:13.153+0000] {logging_mixin.py:188} INFO - [2024-08-13T17:34:13.153+0000] {dagbag.py:545} INFO - Filling up the DagBag from /home/airflow/.local/lib/python3.12/site-packages/airflow/example_dags/example_branch_python_dop_operator_3.py
[2024-08-13T17:34:13.161+0000] {processor.py:840} INFO - DAG(s) 'example_branch_dop_operator_v3' retrieved from /home/airflow/.local/lib/python3.12/site-packages/airflow/example_dags/example_branch_python_dop_operator_3.py
[2024-08-13T17:34:13.178+0000] {logging_mixin.py:188} INFO - [2024-08-13T17:34:13.178+0000] {dag.py:3089} INFO - Sync 1 DAGs
[2024-08-13T17:34:13.201+0000] {logging_mixin.py:188} INFO - [2024-08-13T17:34:13.201+0000] {dag.py:3947} INFO - Setting next_dagrun for example_branch_dop_operator_v3 to 2024-08-13 17:33:00+00:00, run_after=2024-08-13 17:34:00+00:00
[2024-08-13T17:34:13.220+0000] {processor.py:183} INFO - Processing /home/airflow/.local/lib/python3.12/site-packages/airflow/example_dags/example_branch_python_dop_operator_3.py took 0.074 seconds
[2024-08-13T17:34:43.686+0000] {processor.py:161} INFO - Started process (PID=609) to work on /home/airflow/.local/lib/python3.12/site-packages/airflow/example_dags/example_branch_python_dop_operator_3.py
[2024-08-13T17:34:43.686+0000] {processor.py:830} INFO - Processing file /home/airflow/.local/lib/python3.12/site-packages/airflow/example_dags/example_branch_python_dop_operator_3.py for tasks to queue
[2024-08-13T17:34:43.688+0000] {logging_mixin.py:188} INFO - [2024-08-13T17:34:43.688+0000] {dagbag.py:545} INFO - Filling up the DagBag from /home/airflow/.local/lib/python3.12/site-packages/airflow/example_dags/example_branch_python_dop_operator_3.py
[2024-08-13T17:34:43.695+0000] {processor.py:840} INFO - DAG(s) 'example_branch_dop_operator_v3' retrieved from /home/airflow/.local/lib/python3.12/site-packages/airflow/example_dags/example_branch_python_dop_operator_3.py
[2024-08-13T17:34:43.713+0000] {logging_mixin.py:188} INFO - [2024-08-13T17:34:43.712+0000] {dag.py:3089} INFO - Sync 1 DAGs
[2024-08-13T17:34:43.734+0000] {logging_mixin.py:188} INFO - [2024-08-13T17:34:43.734+0000] {dag.py:3947} INFO - Setting next_dagrun for example_branch_dop_operator_v3 to 2024-08-13 17:33:00+00:00, run_after=2024-08-13 17:34:00+00:00
[2024-08-13T17:34:43.751+0000] {processor.py:183} INFO - Processing /home/airflow/.local/lib/python3.12/site-packages/airflow/example_dags/example_branch_python_dop_operator_3.py took 0.070 seconds
[2024-08-13T17:35:14.101+0000] {processor.py:161} INFO - Started process (PID=667) to work on /home/airflow/.local/lib/python3.12/site-packages/airflow/example_dags/example_branch_python_dop_operator_3.py
[2024-08-13T17:35:14.101+0000] {processor.py:830} INFO - Processing file /home/airflow/.local/lib/python3.12/site-packages/airflow/example_dags/example_branch_python_dop_operator_3.py for tasks to queue
[2024-08-13T17:35:14.103+0000] {logging_mixin.py:188} INFO - [2024-08-13T17:35:14.102+0000] {dagbag.py:545} INFO - Filling up the DagBag from /home/airflow/.local/lib/python3.12/site-packages/airflow/example_dags/example_branch_python_dop_operator_3.py
[2024-08-13T17:35:14.110+0000] {processor.py:840} INFO - DAG(s) 'example_branch_dop_operator_v3' retrieved from /home/airflow/.local/lib/python3.12/site-packages/airflow/example_dags/example_branch_python_dop_operator_3.py
[2024-08-13T17:35:14.128+0000] {logging_mixin.py:188} INFO - [2024-08-13T17:35:14.127+0000] {dag.py:3089} INFO - Sync 1 DAGs
[2024-08-13T17:35:14.149+0000] {logging_mixin.py:188} INFO - [2024-08-13T17:35:14.149+0000] {dag.py:3947} INFO - Setting next_dagrun for example_branch_dop_operator_v3 to 2024-08-13 17:34:00+00:00, run_after=2024-08-13 17:35:00+00:00
[2024-08-13T17:35:14.166+0000] {processor.py:183} INFO - Processing /home/airflow/.local/lib/python3.12/site-packages/airflow/example_dags/example_branch_python_dop_operator_3.py took 0.070 seconds
[2024-08-13T17:35:44.606+0000] {processor.py:161} INFO - Started process (PID=725) to work on /home/airflow/.local/lib/python3.12/site-packages/airflow/example_dags/example_branch_python_dop_operator_3.py
[2024-08-13T17:35:44.607+0000] {processor.py:830} INFO - Processing file /home/airflow/.local/lib/python3.12/site-packages/airflow/example_dags/example_branch_python_dop_operator_3.py for tasks to queue
[2024-08-13T17:35:44.608+0000] {logging_mixin.py:188} INFO - [2024-08-13T17:35:44.608+0000] {dagbag.py:545} INFO - Filling up the DagBag from /home/airflow/.local/lib/python3.12/site-packages/airflow/example_dags/example_branch_python_dop_operator_3.py
[2024-08-13T17:35:44.616+0000] {processor.py:840} INFO - DAG(s) 'example_branch_dop_operator_v3' retrieved from /home/airflow/.local/lib/python3.12/site-packages/airflow/example_dags/example_branch_python_dop_operator_3.py
[2024-08-13T17:35:44.633+0000] {logging_mixin.py:188} INFO - [2024-08-13T17:35:44.633+0000] {dag.py:3089} INFO - Sync 1 DAGs
[2024-08-13T17:35:44.655+0000] {logging_mixin.py:188} INFO - [2024-08-13T17:35:44.655+0000] {dag.py:3947} INFO - Setting next_dagrun for example_branch_dop_operator_v3 to 2024-08-13 17:34:00+00:00, run_after=2024-08-13 17:35:00+00:00
[2024-08-13T17:35:44.672+0000] {processor.py:183} INFO - Processing /home/airflow/.local/lib/python3.12/site-packages/airflow/example_dags/example_branch_python_dop_operator_3.py took 0.070 seconds
[2024-08-13T17:36:15.130+0000] {processor.py:161} INFO - Started process (PID=783) to work on /home/airflow/.local/lib/python3.12/site-packages/airflow/example_dags/example_branch_python_dop_operator_3.py
[2024-08-13T17:36:15.130+0000] {processor.py:830} INFO - Processing file /home/airflow/.local/lib/python3.12/site-packages/airflow/example_dags/example_branch_python_dop_operator_3.py for tasks to queue
[2024-08-13T17:36:15.132+0000] {logging_mixin.py:188} INFO - [2024-08-13T17:36:15.132+0000] {dagbag.py:545} INFO - Filling up the DagBag from /home/airflow/.local/lib/python3.12/site-packages/airflow/example_dags/example_branch_python_dop_operator_3.py
[2024-08-13T17:36:15.139+0000] {processor.py:840} INFO - DAG(s) 'example_branch_dop_operator_v3' retrieved from /home/airflow/.local/lib/python3.12/site-packages/airflow/example_dags/example_branch_python_dop_operator_3.py
[2024-08-13T17:36:15.157+0000] {logging_mixin.py:188} INFO - [2024-08-13T17:36:15.157+0000] {dag.py:3089} INFO - Sync 1 DAGs
[2024-08-13T17:36:15.179+0000] {logging_mixin.py:188} INFO - [2024-08-13T17:36:15.179+0000] {dag.py:3947} INFO - Setting next_dagrun for example_branch_dop_operator_v3 to 2024-08-13 17:35:00+00:00, run_after=2024-08-13 17:36:00+00:00
[2024-08-13T17:36:15.197+0000] {processor.py:183} INFO - Processing /home/airflow/.local/lib/python3.12/site-packages/airflow/example_dags/example_branch_python_dop_operator_3.py took 0.072 seconds
[2024-08-13T17:36:45.574+0000] {processor.py:161} INFO - Started process (PID=841) to work on /home/airflow/.local/lib/python3.12/site-packages/airflow/example_dags/example_branch_python_dop_operator_3.py
[2024-08-13T17:36:45.575+0000] {processor.py:830} INFO - Processing file /home/airflow/.local/lib/python3.12/site-packages/airflow/example_dags/example_branch_python_dop_operator_3.py for tasks to queue
[2024-08-13T17:36:45.576+0000] {logging_mixin.py:188} INFO - [2024-08-13T17:36:45.576+0000] {dagbag.py:545} INFO - Filling up the DagBag from /home/airflow/.local/lib/python3.12/site-packages/airflow/example_dags/example_branch_python_dop_operator_3.py
[2024-08-13T17:36:45.583+0000] {processor.py:840} INFO - DAG(s) 'example_branch_dop_operator_v3' retrieved from /home/airflow/.local/lib/python3.12/site-packages/airflow/example_dags/example_branch_python_dop_operator_3.py
[2024-08-13T17:36:45.602+0000] {logging_mixin.py:188} INFO - [2024-08-13T17:36:45.601+0000] {dag.py:3089} INFO - Sync 1 DAGs
[2024-08-13T17:36:45.623+0000] {logging_mixin.py:188} INFO - [2024-08-13T17:36:45.623+0000] {dag.py:3947} INFO - Setting next_dagrun for example_branch_dop_operator_v3 to 2024-08-13 17:35:00+00:00, run_after=2024-08-13 17:36:00+00:00
[2024-08-13T17:36:45.640+0000] {processor.py:183} INFO - Processing /home/airflow/.local/lib/python3.12/site-packages/airflow/example_dags/example_branch_python_dop_operator_3.py took 0.070 seconds
[2024-08-13T17:37:16.105+0000] {processor.py:161} INFO - Started process (PID=899) to work on /home/airflow/.local/lib/python3.12/site-packages/airflow/example_dags/example_branch_python_dop_operator_3.py
[2024-08-13T17:37:16.106+0000] {processor.py:830} INFO - Processing file /home/airflow/.local/lib/python3.12/site-packages/airflow/example_dags/example_branch_python_dop_operator_3.py for tasks to queue
[2024-08-13T17:37:16.107+0000] {logging_mixin.py:188} INFO - [2024-08-13T17:37:16.107+0000] {dagbag.py:545} INFO - Filling up the DagBag from /home/airflow/.local/lib/python3.12/site-packages/airflow/example_dags/example_branch_python_dop_operator_3.py
[2024-08-13T17:37:16.115+0000] {processor.py:840} INFO - DAG(s) 'example_branch_dop_operator_v3' retrieved from /home/airflow/.local/lib/python3.12/site-packages/airflow/example_dags/example_branch_python_dop_operator_3.py
[2024-08-13T17:37:16.132+0000] {logging_mixin.py:188} INFO - [2024-08-13T17:37:16.132+0000] {dag.py:3089} INFO - Sync 1 DAGs
[2024-08-13T17:37:16.154+0000] {logging_mixin.py:188} INFO - [2024-08-13T17:37:16.154+0000] {dag.py:3947} INFO - Setting next_dagrun for example_branch_dop_operator_v3 to 2024-08-13 17:36:00+00:00, run_after=2024-08-13 17:37:00+00:00
[2024-08-13T17:37:16.171+0000] {processor.py:183} INFO - Processing /home/airflow/.local/lib/python3.12/site-packages/airflow/example_dags/example_branch_python_dop_operator_3.py took 0.070 seconds
[2024-08-13T17:37:46.722+0000] {processor.py:161} INFO - Started process (PID=957) to work on /home/airflow/.local/lib/python3.12/site-packages/airflow/example_dags/example_branch_python_dop_operator_3.py
[2024-08-13T17:37:46.722+0000] {processor.py:830} INFO - Processing file /home/airflow/.local/lib/python3.12/site-packages/airflow/example_dags/example_branch_python_dop_operator_3.py for tasks to queue
[2024-08-13T17:37:46.724+0000] {logging_mixin.py:188} INFO - [2024-08-13T17:37:46.723+0000] {dagbag.py:545} INFO - Filling up the DagBag from /home/airflow/.local/lib/python3.12/site-packages/airflow/example_dags/example_branch_python_dop_operator_3.py
[2024-08-13T17:37:46.731+0000] {processor.py:840} INFO - DAG(s) 'example_branch_dop_operator_v3' retrieved from /home/airflow/.local/lib/python3.12/site-packages/airflow/example_dags/example_branch_python_dop_operator_3.py
[2024-08-13T17:37:46.748+0000] {logging_mixin.py:188} INFO - [2024-08-13T17:37:46.748+0000] {dag.py:3089} INFO - Sync 1 DAGs
[2024-08-13T17:37:46.770+0000] {logging_mixin.py:188} INFO - [2024-08-13T17:37:46.770+0000] {dag.py:3947} INFO - Setting next_dagrun for example_branch_dop_operator_v3 to 2024-08-13 17:36:00+00:00, run_after=2024-08-13 17:37:00+00:00
[2024-08-13T17:37:46.786+0000] {processor.py:183} INFO - Processing /home/airflow/.local/lib/python3.12/site-packages/airflow/example_dags/example_branch_python_dop_operator_3.py took 0.069 seconds
[2024-08-13T17:38:17.422+0000] {processor.py:161} INFO - Started process (PID=1015) to work on /home/airflow/.local/lib/python3.12/site-packages/airflow/example_dags/example_branch_python_dop_operator_3.py
[2024-08-13T17:38:17.423+0000] {processor.py:830} INFO - Processing file /home/airflow/.local/lib/python3.12/site-packages/airflow/example_dags/example_branch_python_dop_operator_3.py for tasks to queue
[2024-08-13T17:38:17.424+0000] {logging_mixin.py:188} INFO - [2024-08-13T17:38:17.424+0000] {dagbag.py:545} INFO - Filling up the DagBag from /home/airflow/.local/lib/python3.12/site-packages/airflow/example_dags/example_branch_python_dop_operator_3.py
[2024-08-13T17:38:17.431+0000] {processor.py:840} INFO - DAG(s) 'example_branch_dop_operator_v3' retrieved from /home/airflow/.local/lib/python3.12/site-packages/airflow/example_dags/example_branch_python_dop_operator_3.py
[2024-08-13T17:38:17.449+0000] {logging_mixin.py:188} INFO - [2024-08-13T17:38:17.449+0000] {dag.py:3089} INFO - Sync 1 DAGs
[2024-08-13T17:38:17.472+0000] {logging_mixin.py:188} INFO - [2024-08-13T17:38:17.472+0000] {dag.py:3947} INFO - Setting next_dagrun for example_branch_dop_operator_v3 to 2024-08-13 17:37:00+00:00, run_after=2024-08-13 17:38:00+00:00
[2024-08-13T17:38:17.488+0000] {processor.py:183} INFO - Processing /home/airflow/.local/lib/python3.12/site-packages/airflow/example_dags/example_branch_python_dop_operator_3.py took 0.071 seconds
[2024-08-13T17:38:47.660+0000] {processor.py:161} INFO - Started process (PID=1073) to work on /home/airflow/.local/lib/python3.12/site-packages/airflow/example_dags/example_branch_python_dop_operator_3.py
[2024-08-13T17:38:47.660+0000] {processor.py:830} INFO - Processing file /home/airflow/.local/lib/python3.12/site-packages/airflow/example_dags/example_branch_python_dop_operator_3.py for tasks to queue
[2024-08-13T17:38:47.662+0000] {logging_mixin.py:188} INFO - [2024-08-13T17:38:47.662+0000] {dagbag.py:545} INFO - Filling up the DagBag from /home/airflow/.local/lib/python3.12/site-packages/airflow/example_dags/example_branch_python_dop_operator_3.py
[2024-08-13T17:38:47.669+0000] {processor.py:840} INFO - DAG(s) 'example_branch_dop_operator_v3' retrieved from /home/airflow/.local/lib/python3.12/site-packages/airflow/example_dags/example_branch_python_dop_operator_3.py
[2024-08-13T17:38:47.687+0000] {logging_mixin.py:188} INFO - [2024-08-13T17:38:47.687+0000] {dag.py:3089} INFO - Sync 1 DAGs
[2024-08-13T17:38:47.710+0000] {logging_mixin.py:188} INFO - [2024-08-13T17:38:47.709+0000] {dag.py:3947} INFO - Setting next_dagrun for example_branch_dop_operator_v3 to 2024-08-13 17:37:00+00:00, run_after=2024-08-13 17:38:00+00:00
[2024-08-13T17:38:47.727+0000] {processor.py:183} INFO - Processing /home/airflow/.local/lib/python3.12/site-packages/airflow/example_dags/example_branch_python_dop_operator_3.py took 0.072 seconds
[2024-08-13T17:39:17.871+0000] {processor.py:161} INFO - Started process (PID=1131) to work on /home/airflow/.local/lib/python3.12/site-packages/airflow/example_dags/example_branch_python_dop_operator_3.py
[2024-08-13T17:39:17.871+0000] {processor.py:830} INFO - Processing file /home/airflow/.local/lib/python3.12/site-packages/airflow/example_dags/example_branch_python_dop_operator_3.py for tasks to queue
[2024-08-13T17:39:17.873+0000] {logging_mixin.py:188} INFO - [2024-08-13T17:39:17.872+0000] {dagbag.py:545} INFO - Filling up the DagBag from /home/airflow/.local/lib/python3.12/site-packages/airflow/example_dags/example_branch_python_dop_operator_3.py
[2024-08-13T17:39:17.880+0000] {processor.py:840} INFO - DAG(s) 'example_branch_dop_operator_v3' retrieved from /home/airflow/.local/lib/python3.12/site-packages/airflow/example_dags/example_branch_python_dop_operator_3.py
[2024-08-13T17:39:17.897+0000] {logging_mixin.py:188} INFO - [2024-08-13T17:39:17.897+0000] {dag.py:3089} INFO - Sync 1 DAGs
[2024-08-13T17:39:17.919+0000] {logging_mixin.py:188} INFO - [2024-08-13T17:39:17.919+0000] {dag.py:3947} INFO - Setting next_dagrun for example_branch_dop_operator_v3 to 2024-08-13 17:38:00+00:00, run_after=2024-08-13 17:39:00+00:00
[2024-08-13T17:39:17.937+0000] {processor.py:183} INFO - Processing /home/airflow/.local/lib/python3.12/site-packages/airflow/example_dags/example_branch_python_dop_operator_3.py took 0.071 seconds
[2024-08-13T17:39:48.318+0000] {processor.py:161} INFO - Started process (PID=1189) to work on /home/airflow/.local/lib/python3.12/site-packages/airflow/example_dags/example_branch_python_dop_operator_3.py
[2024-08-13T17:39:48.319+0000] {processor.py:830} INFO - Processing file /home/airflow/.local/lib/python3.12/site-packages/airflow/example_dags/example_branch_python_dop_operator_3.py for tasks to queue
[2024-08-13T17:39:48.320+0000] {logging_mixin.py:188} INFO - [2024-08-13T17:39:48.320+0000] {dagbag.py:545} INFO - Filling up the DagBag from /home/airflow/.local/lib/python3.12/site-packages/airflow/example_dags/example_branch_python_dop_operator_3.py
[2024-08-13T17:39:48.327+0000] {processor.py:840} INFO - DAG(s) 'example_branch_dop_operator_v3' retrieved from /home/airflow/.local/lib/python3.12/site-packages/airflow/example_dags/example_branch_python_dop_operator_3.py
[2024-08-13T17:39:48.346+0000] {logging_mixin.py:188} INFO - [2024-08-13T17:39:48.346+0000] {dag.py:3089} INFO - Sync 1 DAGs
[2024-08-13T17:39:48.371+0000] {logging_mixin.py:188} INFO - [2024-08-13T17:39:48.370+0000] {dag.py:3947} INFO - Setting next_dagrun for example_branch_dop_operator_v3 to 2024-08-13 17:38:00+00:00, run_after=2024-08-13 17:39:00+00:00
[2024-08-13T17:39:48.388+0000] {processor.py:183} INFO - Processing /home/airflow/.local/lib/python3.12/site-packages/airflow/example_dags/example_branch_python_dop_operator_3.py took 0.074 seconds
[2024-08-13T17:40:18.841+0000] {processor.py:161} INFO - Started process (PID=1247) to work on /home/airflow/.local/lib/python3.12/site-packages/airflow/example_dags/example_branch_python_dop_operator_3.py
[2024-08-13T17:40:18.841+0000] {processor.py:830} INFO - Processing file /home/airflow/.local/lib/python3.12/site-packages/airflow/example_dags/example_branch_python_dop_operator_3.py for tasks to queue
[2024-08-13T17:40:18.843+0000] {logging_mixin.py:188} INFO - [2024-08-13T17:40:18.843+0000] {dagbag.py:545} INFO - Filling up the DagBag from /home/airflow/.local/lib/python3.12/site-packages/airflow/example_dags/example_branch_python_dop_operator_3.py
[2024-08-13T17:40:18.850+0000] {processor.py:840} INFO - DAG(s) 'example_branch_dop_operator_v3' retrieved from /home/airflow/.local/lib/python3.12/site-packages/airflow/example_dags/example_branch_python_dop_operator_3.py
[2024-08-13T17:40:18.868+0000] {logging_mixin.py:188} INFO - [2024-08-13T17:40:18.868+0000] {dag.py:3089} INFO - Sync 1 DAGs
[2024-08-13T17:40:18.890+0000] {logging_mixin.py:188} INFO - [2024-08-13T17:40:18.890+0000] {dag.py:3947} INFO - Setting next_dagrun for example_branch_dop_operator_v3 to 2024-08-13 17:39:00+00:00, run_after=2024-08-13 17:40:00+00:00
[2024-08-13T17:40:18.907+0000] {processor.py:183} INFO - Processing /home/airflow/.local/lib/python3.12/site-packages/airflow/example_dags/example_branch_python_dop_operator_3.py took 0.071 seconds
[2024-08-13T17:40:49.600+0000] {processor.py:161} INFO - Started process (PID=1305) to work on /home/airflow/.local/lib/python3.12/site-packages/airflow/example_dags/example_branch_python_dop_operator_3.py
[2024-08-13T17:40:49.600+0000] {processor.py:830} INFO - Processing file /home/airflow/.local/lib/python3.12/site-packages/airflow/example_dags/example_branch_python_dop_operator_3.py for tasks to queue
[2024-08-13T17:40:49.602+0000] {logging_mixin.py:188} INFO - [2024-08-13T17:40:49.602+0000] {dagbag.py:545} INFO - Filling up the DagBag from /home/airflow/.local/lib/python3.12/site-packages/airflow/example_dags/example_branch_python_dop_operator_3.py
[2024-08-13T17:40:49.609+0000] {processor.py:840} INFO - DAG(s) 'example_branch_dop_operator_v3' retrieved from /home/airflow/.local/lib/python3.12/site-packages/airflow/example_dags/example_branch_python_dop_operator_3.py
[2024-08-13T17:40:49.628+0000] {logging_mixin.py:188} INFO - [2024-08-13T17:40:49.628+0000] {dag.py:3089} INFO - Sync 1 DAGs
[2024-08-13T17:40:49.650+0000] {logging_mixin.py:188} INFO - [2024-08-13T17:40:49.649+0000] {dag.py:3947} INFO - Setting next_dagrun for example_branch_dop_operator_v3 to 2024-08-13 17:39:00+00:00, run_after=2024-08-13 17:40:00+00:00
[2024-08-13T17:40:49.667+0000] {processor.py:183} INFO - Processing /home/airflow/.local/lib/python3.12/site-packages/airflow/example_dags/example_branch_python_dop_operator_3.py took 0.073 seconds
[2024-08-13T17:41:19.720+0000] {processor.py:161} INFO - Started process (PID=1363) to work on /home/airflow/.local/lib/python3.12/site-packages/airflow/example_dags/example_branch_python_dop_operator_3.py
[2024-08-13T17:41:19.721+0000] {processor.py:830} INFO - Processing file /home/airflow/.local/lib/python3.12/site-packages/airflow/example_dags/example_branch_python_dop_operator_3.py for tasks to queue
[2024-08-13T17:41:19.722+0000] {logging_mixin.py:188} INFO - [2024-08-13T17:41:19.722+0000] {dagbag.py:545} INFO - Filling up the DagBag from /home/airflow/.local/lib/python3.12/site-packages/airflow/example_dags/example_branch_python_dop_operator_3.py
[2024-08-13T17:41:19.730+0000] {processor.py:840} INFO - DAG(s) 'example_branch_dop_operator_v3' retrieved from /home/airflow/.local/lib/python3.12/site-packages/airflow/example_dags/example_branch_python_dop_operator_3.py
[2024-08-13T17:41:19.748+0000] {logging_mixin.py:188} INFO - [2024-08-13T17:41:19.748+0000] {dag.py:3089} INFO - Sync 1 DAGs
[2024-08-13T17:41:19.770+0000] {logging_mixin.py:188} INFO - [2024-08-13T17:41:19.770+0000] {dag.py:3947} INFO - Setting next_dagrun for example_branch_dop_operator_v3 to 2024-08-13 17:40:00+00:00, run_after=2024-08-13 17:41:00+00:00
[2024-08-13T17:41:19.786+0000] {processor.py:183} INFO - Processing /home/airflow/.local/lib/python3.12/site-packages/airflow/example_dags/example_branch_python_dop_operator_3.py took 0.071 seconds
[2024-08-13T17:41:50.376+0000] {processor.py:161} INFO - Started process (PID=1421) to work on /home/airflow/.local/lib/python3.12/site-packages/airflow/example_dags/example_branch_python_dop_operator_3.py
[2024-08-13T17:41:50.377+0000] {processor.py:830} INFO - Processing file /home/airflow/.local/lib/python3.12/site-packages/airflow/example_dags/example_branch_python_dop_operator_3.py for tasks to queue
[2024-08-13T17:41:50.378+0000] {logging_mixin.py:188} INFO - [2024-08-13T17:41:50.378+0000] {dagbag.py:545} INFO - Filling up the DagBag from /home/airflow/.local/lib/python3.12/site-packages/airflow/example_dags/example_branch_python_dop_operator_3.py
[2024-08-13T17:41:50.386+0000] {processor.py:840} INFO - DAG(s) 'example_branch_dop_operator_v3' retrieved from /home/airflow/.local/lib/python3.12/site-packages/airflow/example_dags/example_branch_python_dop_operator_3.py
[2024-08-13T17:41:50.403+0000] {logging_mixin.py:188} INFO - [2024-08-13T17:41:50.403+0000] {dag.py:3089} INFO - Sync 1 DAGs
[2024-08-13T17:41:50.426+0000] {logging_mixin.py:188} INFO - [2024-08-13T17:41:50.426+0000] {dag.py:3947} INFO - Setting next_dagrun for example_branch_dop_operator_v3 to 2024-08-13 17:40:00+00:00, run_after=2024-08-13 17:41:00+00:00
[2024-08-13T17:41:50.443+0000] {processor.py:183} INFO - Processing /home/airflow/.local/lib/python3.12/site-packages/airflow/example_dags/example_branch_python_dop_operator_3.py took 0.071 seconds
[2024-08-13T17:42:21.257+0000] {processor.py:161} INFO - Started process (PID=1479) to work on /home/airflow/.local/lib/python3.12/site-packages/airflow/example_dags/example_branch_python_dop_operator_3.py
[2024-08-13T17:42:21.257+0000] {processor.py:830} INFO - Processing file /home/airflow/.local/lib/python3.12/site-packages/airflow/example_dags/example_branch_python_dop_operator_3.py for tasks to queue
[2024-08-13T17:42:21.259+0000] {logging_mixin.py:188} INFO - [2024-08-13T17:42:21.259+0000] {dagbag.py:545} INFO - Filling up the DagBag from /home/airflow/.local/lib/python3.12/site-packages/airflow/example_dags/example_branch_python_dop_operator_3.py
[2024-08-13T17:42:21.266+0000] {processor.py:840} INFO - DAG(s) 'example_branch_dop_operator_v3' retrieved from /home/airflow/.local/lib/python3.12/site-packages/airflow/example_dags/example_branch_python_dop_operator_3.py
[2024-08-13T17:42:21.285+0000] {logging_mixin.py:188} INFO - [2024-08-13T17:42:21.285+0000] {dag.py:3089} INFO - Sync 1 DAGs
[2024-08-13T17:42:21.307+0000] {logging_mixin.py:188} INFO - [2024-08-13T17:42:21.307+0000] {dag.py:3947} INFO - Setting next_dagrun for example_branch_dop_operator_v3 to 2024-08-13 17:41:00+00:00, run_after=2024-08-13 17:42:00+00:00
[2024-08-13T17:42:21.433+0000] {processor.py:183} INFO - Processing /home/airflow/.local/lib/python3.12/site-packages/airflow/example_dags/example_branch_python_dop_operator_3.py took 0.181 seconds
[2024-08-13T17:42:52.089+0000] {processor.py:161} INFO - Started process (PID=1537) to work on /home/airflow/.local/lib/python3.12/site-packages/airflow/example_dags/example_branch_python_dop_operator_3.py
[2024-08-13T17:42:52.090+0000] {processor.py:830} INFO - Processing file /home/airflow/.local/lib/python3.12/site-packages/airflow/example_dags/example_branch_python_dop_operator_3.py for tasks to queue
[2024-08-13T17:42:52.091+0000] {logging_mixin.py:188} INFO - [2024-08-13T17:42:52.091+0000] {dagbag.py:545} INFO - Filling up the DagBag from /home/airflow/.local/lib/python3.12/site-packages/airflow/example_dags/example_branch_python_dop_operator_3.py
[2024-08-13T17:42:52.098+0000] {processor.py:840} INFO - DAG(s) 'example_branch_dop_operator_v3' retrieved from /home/airflow/.local/lib/python3.12/site-packages/airflow/example_dags/example_branch_python_dop_operator_3.py
[2024-08-13T17:42:52.116+0000] {logging_mixin.py:188} INFO - [2024-08-13T17:42:52.116+0000] {dag.py:3089} INFO - Sync 1 DAGs
[2024-08-13T17:42:52.138+0000] {logging_mixin.py:188} INFO - [2024-08-13T17:42:52.138+0000] {dag.py:3947} INFO - Setting next_dagrun for example_branch_dop_operator_v3 to 2024-08-13 17:41:00+00:00, run_after=2024-08-13 17:42:00+00:00
[2024-08-13T17:42:52.156+0000] {processor.py:183} INFO - Processing /home/airflow/.local/lib/python3.12/site-packages/airflow/example_dags/example_branch_python_dop_operator_3.py took 0.072 seconds
[2024-08-13T17:43:22.181+0000] {processor.py:161} INFO - Started process (PID=1595) to work on /home/airflow/.local/lib/python3.12/site-packages/airflow/example_dags/example_branch_python_dop_operator_3.py
[2024-08-13T17:43:22.182+0000] {processor.py:830} INFO - Processing file /home/airflow/.local/lib/python3.12/site-packages/airflow/example_dags/example_branch_python_dop_operator_3.py for tasks to queue
[2024-08-13T17:43:22.183+0000] {logging_mixin.py:188} INFO - [2024-08-13T17:43:22.183+0000] {dagbag.py:545} INFO - Filling up the DagBag from /home/airflow/.local/lib/python3.12/site-packages/airflow/example_dags/example_branch_python_dop_operator_3.py
[2024-08-13T17:43:22.190+0000] {processor.py:840} INFO - DAG(s) 'example_branch_dop_operator_v3' retrieved from /home/airflow/.local/lib/python3.12/site-packages/airflow/example_dags/example_branch_python_dop_operator_3.py
[2024-08-13T17:43:22.208+0000] {logging_mixin.py:188} INFO - [2024-08-13T17:43:22.208+0000] {dag.py:3089} INFO - Sync 1 DAGs
[2024-08-13T17:43:22.230+0000] {logging_mixin.py:188} INFO - [2024-08-13T17:43:22.230+0000] {dag.py:3947} INFO - Setting next_dagrun for example_branch_dop_operator_v3 to 2024-08-13 17:42:00+00:00, run_after=2024-08-13 17:43:00+00:00
[2024-08-13T17:43:22.246+0000] {processor.py:183} INFO - Processing /home/airflow/.local/lib/python3.12/site-packages/airflow/example_dags/example_branch_python_dop_operator_3.py took 0.070 seconds
[2024-08-13T17:43:52.882+0000] {processor.py:161} INFO - Started process (PID=1653) to work on /home/airflow/.local/lib/python3.12/site-packages/airflow/example_dags/example_branch_python_dop_operator_3.py
[2024-08-13T17:43:52.882+0000] {processor.py:830} INFO - Processing file /home/airflow/.local/lib/python3.12/site-packages/airflow/example_dags/example_branch_python_dop_operator_3.py for tasks to queue
[2024-08-13T17:43:52.884+0000] {logging_mixin.py:188} INFO - [2024-08-13T17:43:52.884+0000] {dagbag.py:545} INFO - Filling up the DagBag from /home/airflow/.local/lib/python3.12/site-packages/airflow/example_dags/example_branch_python_dop_operator_3.py
[2024-08-13T17:43:52.891+0000] {processor.py:840} INFO - DAG(s) 'example_branch_dop_operator_v3' retrieved from /home/airflow/.local/lib/python3.12/site-packages/airflow/example_dags/example_branch_python_dop_operator_3.py
[2024-08-13T17:43:52.910+0000] {logging_mixin.py:188} INFO - [2024-08-13T17:43:52.910+0000] {dag.py:3089} INFO - Sync 1 DAGs
[2024-08-13T17:43:52.932+0000] {logging_mixin.py:188} INFO - [2024-08-13T17:43:52.931+0000] {dag.py:3947} INFO - Setting next_dagrun for example_branch_dop_operator_v3 to 2024-08-13 17:42:00+00:00, run_after=2024-08-13 17:43:00+00:00
[2024-08-13T17:43:52.948+0000] {processor.py:183} INFO - Processing /home/airflow/.local/lib/python3.12/site-packages/airflow/example_dags/example_branch_python_dop_operator_3.py took 0.071 seconds
[2024-08-13T17:44:23.548+0000] {processor.py:161} INFO - Started process (PID=1711) to work on /home/airflow/.local/lib/python3.12/site-packages/airflow/example_dags/example_branch_python_dop_operator_3.py
[2024-08-13T17:44:23.548+0000] {processor.py:830} INFO - Processing file /home/airflow/.local/lib/python3.12/site-packages/airflow/example_dags/example_branch_python_dop_operator_3.py for tasks to queue
[2024-08-13T17:44:23.550+0000] {logging_mixin.py:188} INFO - [2024-08-13T17:44:23.549+0000] {dagbag.py:545} INFO - Filling up the DagBag from /home/airflow/.local/lib/python3.12/site-packages/airflow/example_dags/example_branch_python_dop_operator_3.py
[2024-08-13T17:44:23.557+0000] {processor.py:840} INFO - DAG(s) 'example_branch_dop_operator_v3' retrieved from /home/airflow/.local/lib/python3.12/site-packages/airflow/example_dags/example_branch_python_dop_operator_3.py
[2024-08-13T17:44:23.575+0000] {logging_mixin.py:188} INFO - [2024-08-13T17:44:23.575+0000] {dag.py:3089} INFO - Sync 1 DAGs
[2024-08-13T17:44:23.598+0000] {logging_mixin.py:188} INFO - [2024-08-13T17:44:23.597+0000] {dag.py:3947} INFO - Setting next_dagrun for example_branch_dop_operator_v3 to 2024-08-13 17:43:00+00:00, run_after=2024-08-13 17:44:00+00:00
[2024-08-13T17:44:23.619+0000] {processor.py:183} INFO - Processing /home/airflow/.local/lib/python3.12/site-packages/airflow/example_dags/example_branch_python_dop_operator_3.py took 0.076 seconds
[2024-08-13T17:44:54.914+0000] {processor.py:161} INFO - Started process (PID=1769) to work on /home/airflow/.local/lib/python3.12/site-packages/airflow/example_dags/example_branch_python_dop_operator_3.py
[2024-08-13T17:44:54.915+0000] {processor.py:830} INFO - Processing file /home/airflow/.local/lib/python3.12/site-packages/airflow/example_dags/example_branch_python_dop_operator_3.py for tasks to queue
[2024-08-13T17:44:54.917+0000] {logging_mixin.py:188} INFO - [2024-08-13T17:44:54.916+0000] {dagbag.py:545} INFO - Filling up the DagBag from /home/airflow/.local/lib/python3.12/site-packages/airflow/example_dags/example_branch_python_dop_operator_3.py
[2024-08-13T17:44:55.035+0000] {processor.py:840} INFO - DAG(s) 'example_branch_dop_operator_v3' retrieved from /home/airflow/.local/lib/python3.12/site-packages/airflow/example_dags/example_branch_python_dop_operator_3.py
[2024-08-13T17:44:55.051+0000] {logging_mixin.py:188} INFO - [2024-08-13T17:44:55.051+0000] {dag.py:3089} INFO - Sync 1 DAGs
[2024-08-13T17:44:55.072+0000] {logging_mixin.py:188} INFO - [2024-08-13T17:44:55.072+0000] {dag.py:3947} INFO - Setting next_dagrun for example_branch_dop_operator_v3 to 2024-08-13 17:43:00+00:00, run_after=2024-08-13 17:44:00+00:00
[2024-08-13T17:44:55.089+0000] {processor.py:183} INFO - Processing /home/airflow/.local/lib/python3.12/site-packages/airflow/example_dags/example_branch_python_dop_operator_3.py took 0.180 seconds
[2024-08-13T17:45:25.697+0000] {processor.py:161} INFO - Started process (PID=1827) to work on /home/airflow/.local/lib/python3.12/site-packages/airflow/example_dags/example_branch_python_dop_operator_3.py
[2024-08-13T17:45:25.698+0000] {processor.py:830} INFO - Processing file /home/airflow/.local/lib/python3.12/site-packages/airflow/example_dags/example_branch_python_dop_operator_3.py for tasks to queue
[2024-08-13T17:45:25.699+0000] {logging_mixin.py:188} INFO - [2024-08-13T17:45:25.699+0000] {dagbag.py:545} INFO - Filling up the DagBag from /home/airflow/.local/lib/python3.12/site-packages/airflow/example_dags/example_branch_python_dop_operator_3.py
[2024-08-13T17:45:25.707+0000] {processor.py:840} INFO - DAG(s) 'example_branch_dop_operator_v3' retrieved from /home/airflow/.local/lib/python3.12/site-packages/airflow/example_dags/example_branch_python_dop_operator_3.py
[2024-08-13T17:45:25.726+0000] {logging_mixin.py:188} INFO - [2024-08-13T17:45:25.725+0000] {dag.py:3089} INFO - Sync 1 DAGs
[2024-08-13T17:45:25.748+0000] {logging_mixin.py:188} INFO - [2024-08-13T17:45:25.748+0000] {dag.py:3947} INFO - Setting next_dagrun for example_branch_dop_operator_v3 to 2024-08-13 17:44:00+00:00, run_after=2024-08-13 17:45:00+00:00
[2024-08-13T17:45:25.766+0000] {processor.py:183} INFO - Processing /home/airflow/.local/lib/python3.12/site-packages/airflow/example_dags/example_branch_python_dop_operator_3.py took 0.073 seconds
[2024-08-13T17:45:56.092+0000] {processor.py:161} INFO - Started process (PID=1885) to work on /home/airflow/.local/lib/python3.12/site-packages/airflow/example_dags/example_branch_python_dop_operator_3.py
[2024-08-13T17:45:56.093+0000] {processor.py:830} INFO - Processing file /home/airflow/.local/lib/python3.12/site-packages/airflow/example_dags/example_branch_python_dop_operator_3.py for tasks to queue
[2024-08-13T17:45:56.094+0000] {logging_mixin.py:188} INFO - [2024-08-13T17:45:56.094+0000] {dagbag.py:545} INFO - Filling up the DagBag from /home/airflow/.local/lib/python3.12/site-packages/airflow/example_dags/example_branch_python_dop_operator_3.py
[2024-08-13T17:45:56.102+0000] {processor.py:840} INFO - DAG(s) 'example_branch_dop_operator_v3' retrieved from /home/airflow/.local/lib/python3.12/site-packages/airflow/example_dags/example_branch_python_dop_operator_3.py
[2024-08-13T17:45:56.120+0000] {logging_mixin.py:188} INFO - [2024-08-13T17:45:56.120+0000] {dag.py:3089} INFO - Sync 1 DAGs
[2024-08-13T17:45:56.148+0000] {logging_mixin.py:188} INFO - [2024-08-13T17:45:56.148+0000] {dag.py:3947} INFO - Setting next_dagrun for example_branch_dop_operator_v3 to 2024-08-13 17:44:00+00:00, run_after=2024-08-13 17:45:00+00:00
[2024-08-13T17:45:56.167+0000] {processor.py:183} INFO - Processing /home/airflow/.local/lib/python3.12/site-packages/airflow/example_dags/example_branch_python_dop_operator_3.py took 0.079 seconds
[2024-08-13T17:46:26.542+0000] {processor.py:161} INFO - Started process (PID=1943) to work on /home/airflow/.local/lib/python3.12/site-packages/airflow/example_dags/example_branch_python_dop_operator_3.py
[2024-08-13T17:46:26.543+0000] {processor.py:830} INFO - Processing file /home/airflow/.local/lib/python3.12/site-packages/airflow/example_dags/example_branch_python_dop_operator_3.py for tasks to queue
[2024-08-13T17:46:26.544+0000] {logging_mixin.py:188} INFO - [2024-08-13T17:46:26.544+0000] {dagbag.py:545} INFO - Filling up the DagBag from /home/airflow/.local/lib/python3.12/site-packages/airflow/example_dags/example_branch_python_dop_operator_3.py
[2024-08-13T17:46:26.551+0000] {processor.py:840} INFO - DAG(s) 'example_branch_dop_operator_v3' retrieved from /home/airflow/.local/lib/python3.12/site-packages/airflow/example_dags/example_branch_python_dop_operator_3.py
[2024-08-13T17:46:26.570+0000] {logging_mixin.py:188} INFO - [2024-08-13T17:46:26.570+0000] {dag.py:3089} INFO - Sync 1 DAGs
[2024-08-13T17:46:26.596+0000] {logging_mixin.py:188} INFO - [2024-08-13T17:46:26.595+0000] {dag.py:3947} INFO - Setting next_dagrun for example_branch_dop_operator_v3 to 2024-08-13 17:45:00+00:00, run_after=2024-08-13 17:46:00+00:00
[2024-08-13T17:46:26.612+0000] {processor.py:183} INFO - Processing /home/airflow/.local/lib/python3.12/site-packages/airflow/example_dags/example_branch_python_dop_operator_3.py took 0.075 seconds
[2024-08-13T17:46:57.100+0000] {processor.py:161} INFO - Started process (PID=2001) to work on /home/airflow/.local/lib/python3.12/site-packages/airflow/example_dags/example_branch_python_dop_operator_3.py
[2024-08-13T17:46:57.101+0000] {processor.py:830} INFO - Processing file /home/airflow/.local/lib/python3.12/site-packages/airflow/example_dags/example_branch_python_dop_operator_3.py for tasks to queue
[2024-08-13T17:46:57.102+0000] {logging_mixin.py:188} INFO - [2024-08-13T17:46:57.102+0000] {dagbag.py:545} INFO - Filling up the DagBag from /home/airflow/.local/lib/python3.12/site-packages/airflow/example_dags/example_branch_python_dop_operator_3.py
[2024-08-13T17:46:57.110+0000] {processor.py:840} INFO - DAG(s) 'example_branch_dop_operator_v3' retrieved from /home/airflow/.local/lib/python3.12/site-packages/airflow/example_dags/example_branch_python_dop_operator_3.py
[2024-08-13T17:46:57.128+0000] {logging_mixin.py:188} INFO - [2024-08-13T17:46:57.128+0000] {dag.py:3089} INFO - Sync 1 DAGs
[2024-08-13T17:46:57.151+0000] {logging_mixin.py:188} INFO - [2024-08-13T17:46:57.151+0000] {dag.py:3947} INFO - Setting next_dagrun for example_branch_dop_operator_v3 to 2024-08-13 17:45:00+00:00, run_after=2024-08-13 17:46:00+00:00
[2024-08-13T17:46:57.167+0000] {processor.py:183} INFO - Processing /home/airflow/.local/lib/python3.12/site-packages/airflow/example_dags/example_branch_python_dop_operator_3.py took 0.072 seconds
[2024-08-13T17:47:27.611+0000] {processor.py:161} INFO - Started process (PID=2059) to work on /home/airflow/.local/lib/python3.12/site-packages/airflow/example_dags/example_branch_python_dop_operator_3.py
[2024-08-13T17:47:27.611+0000] {processor.py:830} INFO - Processing file /home/airflow/.local/lib/python3.12/site-packages/airflow/example_dags/example_branch_python_dop_operator_3.py for tasks to queue
[2024-08-13T17:47:27.613+0000] {logging_mixin.py:188} INFO - [2024-08-13T17:47:27.612+0000] {dagbag.py:545} INFO - Filling up the DagBag from /home/airflow/.local/lib/python3.12/site-packages/airflow/example_dags/example_branch_python_dop_operator_3.py
[2024-08-13T17:47:27.620+0000] {processor.py:840} INFO - DAG(s) 'example_branch_dop_operator_v3' retrieved from /home/airflow/.local/lib/python3.12/site-packages/airflow/example_dags/example_branch_python_dop_operator_3.py
[2024-08-13T17:47:27.637+0000] {logging_mixin.py:188} INFO - [2024-08-13T17:47:27.637+0000] {dag.py:3089} INFO - Sync 1 DAGs
[2024-08-13T17:47:27.659+0000] {logging_mixin.py:188} INFO - [2024-08-13T17:47:27.659+0000] {dag.py:3947} INFO - Setting next_dagrun for example_branch_dop_operator_v3 to 2024-08-13 17:46:00+00:00, run_after=2024-08-13 17:47:00+00:00
[2024-08-13T17:47:27.676+0000] {processor.py:183} INFO - Processing /home/airflow/.local/lib/python3.12/site-packages/airflow/example_dags/example_branch_python_dop_operator_3.py took 0.070 seconds
[2024-08-13T17:47:58.076+0000] {processor.py:161} INFO - Started process (PID=2117) to work on /home/airflow/.local/lib/python3.12/site-packages/airflow/example_dags/example_branch_python_dop_operator_3.py
[2024-08-13T17:47:58.077+0000] {processor.py:830} INFO - Processing file /home/airflow/.local/lib/python3.12/site-packages/airflow/example_dags/example_branch_python_dop_operator_3.py for tasks to queue
[2024-08-13T17:47:58.078+0000] {logging_mixin.py:188} INFO - [2024-08-13T17:47:58.078+0000] {dagbag.py:545} INFO - Filling up the DagBag from /home/airflow/.local/lib/python3.12/site-packages/airflow/example_dags/example_branch_python_dop_operator_3.py
[2024-08-13T17:47:58.086+0000] {processor.py:840} INFO - DAG(s) 'example_branch_dop_operator_v3' retrieved from /home/airflow/.local/lib/python3.12/site-packages/airflow/example_dags/example_branch_python_dop_operator_3.py
[2024-08-13T17:47:58.103+0000] {logging_mixin.py:188} INFO - [2024-08-13T17:47:58.103+0000] {dag.py:3089} INFO - Sync 1 DAGs
[2024-08-13T17:47:58.127+0000] {logging_mixin.py:188} INFO - [2024-08-13T17:47:58.126+0000] {dag.py:3947} INFO - Setting next_dagrun for example_branch_dop_operator_v3 to 2024-08-13 17:46:00+00:00, run_after=2024-08-13 17:47:00+00:00
[2024-08-13T17:47:58.144+0000] {processor.py:183} INFO - Processing /home/airflow/.local/lib/python3.12/site-packages/airflow/example_dags/example_branch_python_dop_operator_3.py took 0.074 seconds
[2024-08-13T17:48:28.641+0000] {processor.py:161} INFO - Started process (PID=2175) to work on /home/airflow/.local/lib/python3.12/site-packages/airflow/example_dags/example_branch_python_dop_operator_3.py
[2024-08-13T17:48:28.642+0000] {processor.py:830} INFO - Processing file /home/airflow/.local/lib/python3.12/site-packages/airflow/example_dags/example_branch_python_dop_operator_3.py for tasks to queue
[2024-08-13T17:48:28.643+0000] {logging_mixin.py:188} INFO - [2024-08-13T17:48:28.643+0000] {dagbag.py:545} INFO - Filling up the DagBag from /home/airflow/.local/lib/python3.12/site-packages/airflow/example_dags/example_branch_python_dop_operator_3.py
[2024-08-13T17:48:28.651+0000] {processor.py:840} INFO - DAG(s) 'example_branch_dop_operator_v3' retrieved from /home/airflow/.local/lib/python3.12/site-packages/airflow/example_dags/example_branch_python_dop_operator_3.py
[2024-08-13T17:48:28.670+0000] {logging_mixin.py:188} INFO - [2024-08-13T17:48:28.670+0000] {dag.py:3089} INFO - Sync 1 DAGs
[2024-08-13T17:48:28.693+0000] {logging_mixin.py:188} INFO - [2024-08-13T17:48:28.693+0000] {dag.py:3947} INFO - Setting next_dagrun for example_branch_dop_operator_v3 to 2024-08-13 17:47:00+00:00, run_after=2024-08-13 17:48:00+00:00
[2024-08-13T17:48:28.710+0000] {processor.py:183} INFO - Processing /home/airflow/.local/lib/python3.12/site-packages/airflow/example_dags/example_branch_python_dop_operator_3.py took 0.074 seconds
[2024-08-13T17:48:59.154+0000] {processor.py:161} INFO - Started process (PID=2233) to work on /home/airflow/.local/lib/python3.12/site-packages/airflow/example_dags/example_branch_python_dop_operator_3.py
[2024-08-13T17:48:59.154+0000] {processor.py:830} INFO - Processing file /home/airflow/.local/lib/python3.12/site-packages/airflow/example_dags/example_branch_python_dop_operator_3.py for tasks to queue
[2024-08-13T17:48:59.156+0000] {logging_mixin.py:188} INFO - [2024-08-13T17:48:59.156+0000] {dagbag.py:545} INFO - Filling up the DagBag from /home/airflow/.local/lib/python3.12/site-packages/airflow/example_dags/example_branch_python_dop_operator_3.py
[2024-08-13T17:48:59.163+0000] {processor.py:840} INFO - DAG(s) 'example_branch_dop_operator_v3' retrieved from /home/airflow/.local/lib/python3.12/site-packages/airflow/example_dags/example_branch_python_dop_operator_3.py
[2024-08-13T17:48:59.182+0000] {logging_mixin.py:188} INFO - [2024-08-13T17:48:59.181+0000] {dag.py:3089} INFO - Sync 1 DAGs
[2024-08-13T17:48:59.204+0000] {logging_mixin.py:188} INFO - [2024-08-13T17:48:59.204+0000] {dag.py:3947} INFO - Setting next_dagrun for example_branch_dop_operator_v3 to 2024-08-13 17:47:00+00:00, run_after=2024-08-13 17:48:00+00:00
[2024-08-13T17:48:59.222+0000] {processor.py:183} INFO - Processing /home/airflow/.local/lib/python3.12/site-packages/airflow/example_dags/example_branch_python_dop_operator_3.py took 0.073 seconds
[2024-08-13T17:49:29.653+0000] {processor.py:161} INFO - Started process (PID=2291) to work on /home/airflow/.local/lib/python3.12/site-packages/airflow/example_dags/example_branch_python_dop_operator_3.py
[2024-08-13T17:49:29.653+0000] {processor.py:830} INFO - Processing file /home/airflow/.local/lib/python3.12/site-packages/airflow/example_dags/example_branch_python_dop_operator_3.py for tasks to queue
[2024-08-13T17:49:29.655+0000] {logging_mixin.py:188} INFO - [2024-08-13T17:49:29.655+0000] {dagbag.py:545} INFO - Filling up the DagBag from /home/airflow/.local/lib/python3.12/site-packages/airflow/example_dags/example_branch_python_dop_operator_3.py
[2024-08-13T17:49:29.662+0000] {processor.py:840} INFO - DAG(s) 'example_branch_dop_operator_v3' retrieved from /home/airflow/.local/lib/python3.12/site-packages/airflow/example_dags/example_branch_python_dop_operator_3.py
[2024-08-13T17:49:29.680+0000] {logging_mixin.py:188} INFO - [2024-08-13T17:49:29.680+0000] {dag.py:3089} INFO - Sync 1 DAGs
[2024-08-13T17:49:29.703+0000] {logging_mixin.py:188} INFO - [2024-08-13T17:49:29.703+0000] {dag.py:3947} INFO - Setting next_dagrun for example_branch_dop_operator_v3 to 2024-08-13 17:48:00+00:00, run_after=2024-08-13 17:49:00+00:00
[2024-08-13T17:49:29.721+0000] {processor.py:183} INFO - Processing /home/airflow/.local/lib/python3.12/site-packages/airflow/example_dags/example_branch_python_dop_operator_3.py took 0.073 seconds
[2024-08-13T17:50:00.042+0000] {processor.py:161} INFO - Started process (PID=2349) to work on /home/airflow/.local/lib/python3.12/site-packages/airflow/example_dags/example_branch_python_dop_operator_3.py
[2024-08-13T17:50:00.043+0000] {processor.py:830} INFO - Processing file /home/airflow/.local/lib/python3.12/site-packages/airflow/example_dags/example_branch_python_dop_operator_3.py for tasks to queue
[2024-08-13T17:50:00.044+0000] {logging_mixin.py:188} INFO - [2024-08-13T17:50:00.044+0000] {dagbag.py:545} INFO - Filling up the DagBag from /home/airflow/.local/lib/python3.12/site-packages/airflow/example_dags/example_branch_python_dop_operator_3.py
[2024-08-13T17:50:00.052+0000] {processor.py:840} INFO - DAG(s) 'example_branch_dop_operator_v3' retrieved from /home/airflow/.local/lib/python3.12/site-packages/airflow/example_dags/example_branch_python_dop_operator_3.py
[2024-08-13T17:50:00.070+0000] {logging_mixin.py:188} INFO - [2024-08-13T17:50:00.070+0000] {dag.py:3089} INFO - Sync 1 DAGs
[2024-08-13T17:50:00.092+0000] {logging_mixin.py:188} INFO - [2024-08-13T17:50:00.092+0000] {dag.py:3947} INFO - Setting next_dagrun for example_branch_dop_operator_v3 to 2024-08-13 17:49:00+00:00, run_after=2024-08-13 17:50:00+00:00
[2024-08-13T17:50:00.109+0000] {processor.py:183} INFO - Processing /home/airflow/.local/lib/python3.12/site-packages/airflow/example_dags/example_branch_python_dop_operator_3.py took 0.072 seconds
[2024-08-13T17:50:30.462+0000] {processor.py:161} INFO - Started process (PID=2408) to work on /home/airflow/.local/lib/python3.12/site-packages/airflow/example_dags/example_branch_python_dop_operator_3.py
[2024-08-13T17:50:30.462+0000] {processor.py:830} INFO - Processing file /home/airflow/.local/lib/python3.12/site-packages/airflow/example_dags/example_branch_python_dop_operator_3.py for tasks to queue
[2024-08-13T17:50:30.464+0000] {logging_mixin.py:188} INFO - [2024-08-13T17:50:30.463+0000] {dagbag.py:545} INFO - Filling up the DagBag from /home/airflow/.local/lib/python3.12/site-packages/airflow/example_dags/example_branch_python_dop_operator_3.py
[2024-08-13T17:50:30.471+0000] {processor.py:840} INFO - DAG(s) 'example_branch_dop_operator_v3' retrieved from /home/airflow/.local/lib/python3.12/site-packages/airflow/example_dags/example_branch_python_dop_operator_3.py
[2024-08-13T17:50:30.489+0000] {logging_mixin.py:188} INFO - [2024-08-13T17:50:30.488+0000] {dag.py:3089} INFO - Sync 1 DAGs
[2024-08-13T17:50:30.513+0000] {logging_mixin.py:188} INFO - [2024-08-13T17:50:30.513+0000] {dag.py:3947} INFO - Setting next_dagrun for example_branch_dop_operator_v3 to 2024-08-13 17:49:00+00:00, run_after=2024-08-13 17:50:00+00:00
[2024-08-13T17:50:30.532+0000] {processor.py:183} INFO - Processing /home/airflow/.local/lib/python3.12/site-packages/airflow/example_dags/example_branch_python_dop_operator_3.py took 0.075 seconds
[2024-08-13T17:51:00.892+0000] {processor.py:161} INFO - Started process (PID=2466) to work on /home/airflow/.local/lib/python3.12/site-packages/airflow/example_dags/example_branch_python_dop_operator_3.py
[2024-08-13T17:51:00.892+0000] {processor.py:830} INFO - Processing file /home/airflow/.local/lib/python3.12/site-packages/airflow/example_dags/example_branch_python_dop_operator_3.py for tasks to queue
[2024-08-13T17:51:00.894+0000] {logging_mixin.py:188} INFO - [2024-08-13T17:51:00.894+0000] {dagbag.py:545} INFO - Filling up the DagBag from /home/airflow/.local/lib/python3.12/site-packages/airflow/example_dags/example_branch_python_dop_operator_3.py
[2024-08-13T17:51:00.901+0000] {processor.py:840} INFO - DAG(s) 'example_branch_dop_operator_v3' retrieved from /home/airflow/.local/lib/python3.12/site-packages/airflow/example_dags/example_branch_python_dop_operator_3.py
[2024-08-13T17:51:00.919+0000] {logging_mixin.py:188} INFO - [2024-08-13T17:51:00.919+0000] {dag.py:3089} INFO - Sync 1 DAGs
[2024-08-13T17:51:00.941+0000] {logging_mixin.py:188} INFO - [2024-08-13T17:51:00.941+0000] {dag.py:3947} INFO - Setting next_dagrun for example_branch_dop_operator_v3 to 2024-08-13 17:50:00+00:00, run_after=2024-08-13 17:51:00+00:00
[2024-08-13T17:51:00.959+0000] {processor.py:183} INFO - Processing /home/airflow/.local/lib/python3.12/site-packages/airflow/example_dags/example_branch_python_dop_operator_3.py took 0.072 seconds
[2024-08-13T17:51:31.329+0000] {processor.py:161} INFO - Started process (PID=2524) to work on /home/airflow/.local/lib/python3.12/site-packages/airflow/example_dags/example_branch_python_dop_operator_3.py
[2024-08-13T17:51:31.329+0000] {processor.py:830} INFO - Processing file /home/airflow/.local/lib/python3.12/site-packages/airflow/example_dags/example_branch_python_dop_operator_3.py for tasks to queue
[2024-08-13T17:51:31.331+0000] {logging_mixin.py:188} INFO - [2024-08-13T17:51:31.330+0000] {dagbag.py:545} INFO - Filling up the DagBag from /home/airflow/.local/lib/python3.12/site-packages/airflow/example_dags/example_branch_python_dop_operator_3.py
[2024-08-13T17:51:31.338+0000] {processor.py:840} INFO - DAG(s) 'example_branch_dop_operator_v3' retrieved from /home/airflow/.local/lib/python3.12/site-packages/airflow/example_dags/example_branch_python_dop_operator_3.py
[2024-08-13T17:51:31.357+0000] {logging_mixin.py:188} INFO - [2024-08-13T17:51:31.357+0000] {dag.py:3089} INFO - Sync 1 DAGs
[2024-08-13T17:51:31.383+0000] {logging_mixin.py:188} INFO - [2024-08-13T17:51:31.383+0000] {dag.py:3947} INFO - Setting next_dagrun for example_branch_dop_operator_v3 to 2024-08-13 17:50:00+00:00, run_after=2024-08-13 17:51:00+00:00
[2024-08-13T17:51:31.402+0000] {processor.py:183} INFO - Processing /home/airflow/.local/lib/python3.12/site-packages/airflow/example_dags/example_branch_python_dop_operator_3.py took 0.079 seconds
[2024-08-13T17:52:01.699+0000] {processor.py:161} INFO - Started process (PID=2582) to work on /home/airflow/.local/lib/python3.12/site-packages/airflow/example_dags/example_branch_python_dop_operator_3.py
[2024-08-13T17:52:01.699+0000] {processor.py:830} INFO - Processing file /home/airflow/.local/lib/python3.12/site-packages/airflow/example_dags/example_branch_python_dop_operator_3.py for tasks to queue
[2024-08-13T17:52:01.701+0000] {logging_mixin.py:188} INFO - [2024-08-13T17:52:01.700+0000] {dagbag.py:545} INFO - Filling up the DagBag from /home/airflow/.local/lib/python3.12/site-packages/airflow/example_dags/example_branch_python_dop_operator_3.py
[2024-08-13T17:52:01.708+0000] {processor.py:840} INFO - DAG(s) 'example_branch_dop_operator_v3' retrieved from /home/airflow/.local/lib/python3.12/site-packages/airflow/example_dags/example_branch_python_dop_operator_3.py
[2024-08-13T17:52:01.726+0000] {logging_mixin.py:188} INFO - [2024-08-13T17:52:01.726+0000] {dag.py:3089} INFO - Sync 1 DAGs
[2024-08-13T17:52:01.748+0000] {logging_mixin.py:188} INFO - [2024-08-13T17:52:01.747+0000] {dag.py:3947} INFO - Setting next_dagrun for example_branch_dop_operator_v3 to 2024-08-13 17:51:00+00:00, run_after=2024-08-13 17:52:00+00:00
[2024-08-13T17:52:01.765+0000] {processor.py:183} INFO - Processing /home/airflow/.local/lib/python3.12/site-packages/airflow/example_dags/example_branch_python_dop_operator_3.py took 0.071 seconds
[2024-08-13T17:52:32.142+0000] {processor.py:161} INFO - Started process (PID=2640) to work on /home/airflow/.local/lib/python3.12/site-packages/airflow/example_dags/example_branch_python_dop_operator_3.py
[2024-08-13T17:52:32.143+0000] {processor.py:830} INFO - Processing file /home/airflow/.local/lib/python3.12/site-packages/airflow/example_dags/example_branch_python_dop_operator_3.py for tasks to queue
[2024-08-13T17:52:32.144+0000] {logging_mixin.py:188} INFO - [2024-08-13T17:52:32.144+0000] {dagbag.py:545} INFO - Filling up the DagBag from /home/airflow/.local/lib/python3.12/site-packages/airflow/example_dags/example_branch_python_dop_operator_3.py
[2024-08-13T17:52:32.151+0000] {processor.py:840} INFO - DAG(s) 'example_branch_dop_operator_v3' retrieved from /home/airflow/.local/lib/python3.12/site-packages/airflow/example_dags/example_branch_python_dop_operator_3.py
[2024-08-13T17:52:32.170+0000] {logging_mixin.py:188} INFO - [2024-08-13T17:52:32.169+0000] {dag.py:3089} INFO - Sync 1 DAGs
[2024-08-13T17:52:32.192+0000] {logging_mixin.py:188} INFO - [2024-08-13T17:52:32.191+0000] {dag.py:3947} INFO - Setting next_dagrun for example_branch_dop_operator_v3 to 2024-08-13 17:51:00+00:00, run_after=2024-08-13 17:52:00+00:00
[2024-08-13T17:52:32.208+0000] {processor.py:183} INFO - Processing /home/airflow/.local/lib/python3.12/site-packages/airflow/example_dags/example_branch_python_dop_operator_3.py took 0.071 seconds
