[2024-08-13T17:30:09.604+0000] {processor.py:161} INFO - Started process (PID=67) to work on /home/airflow/.local/lib/python3.12/site-packages/airflow/example_dags/example_latest_only.py
[2024-08-13T17:30:09.605+0000] {processor.py:830} INFO - Processing file /home/airflow/.local/lib/python3.12/site-packages/airflow/example_dags/example_latest_only.py for tasks to queue
[2024-08-13T17:30:09.607+0000] {logging_mixin.py:188} INFO - [2024-08-13T17:30:09.606+0000] {dagbag.py:545} INFO - Filling up the DagBag from /home/airflow/.local/lib/python3.12/site-packages/airflow/example_dags/example_latest_only.py
[2024-08-13T17:30:09.610+0000] {processor.py:840} INFO - DAG(s) 'latest_only' retrieved from /home/airflow/.local/lib/python3.12/site-packages/airflow/example_dags/example_latest_only.py
[2024-08-13T17:30:09.631+0000] {logging_mixin.py:188} INFO - [2024-08-13T17:30:09.630+0000] {dag.py:3089} INFO - Sync 1 DAGs
[2024-08-13T17:30:09.650+0000] {logging_mixin.py:188} INFO - [2024-08-13T17:30:09.650+0000] {dag.py:3947} INFO - Setting next_dagrun for latest_only to 2024-08-13 12:00:00+00:00, run_after=2024-08-13 16:00:00+00:00
[2024-08-13T17:30:09.668+0000] {processor.py:183} INFO - Processing /home/airflow/.local/lib/python3.12/site-packages/airflow/example_dags/example_latest_only.py took 0.069 seconds
[2024-08-13T17:30:39.758+0000] {processor.py:161} INFO - Started process (PID=125) to work on /home/airflow/.local/lib/python3.12/site-packages/airflow/example_dags/example_latest_only.py
[2024-08-13T17:30:39.758+0000] {processor.py:830} INFO - Processing file /home/airflow/.local/lib/python3.12/site-packages/airflow/example_dags/example_latest_only.py for tasks to queue
[2024-08-13T17:30:39.760+0000] {logging_mixin.py:188} INFO - [2024-08-13T17:30:39.760+0000] {dagbag.py:545} INFO - Filling up the DagBag from /home/airflow/.local/lib/python3.12/site-packages/airflow/example_dags/example_latest_only.py
[2024-08-13T17:30:39.764+0000] {processor.py:840} INFO - DAG(s) 'latest_only' retrieved from /home/airflow/.local/lib/python3.12/site-packages/airflow/example_dags/example_latest_only.py
[2024-08-13T17:30:39.781+0000] {logging_mixin.py:188} INFO - [2024-08-13T17:30:39.781+0000] {dag.py:3089} INFO - Sync 1 DAGs
[2024-08-13T17:30:39.800+0000] {logging_mixin.py:188} INFO - [2024-08-13T17:30:39.800+0000] {dag.py:3947} INFO - Setting next_dagrun for latest_only to 2024-08-13 12:00:00+00:00, run_after=2024-08-13 16:00:00+00:00
[2024-08-13T17:30:39.817+0000] {processor.py:183} INFO - Processing /home/airflow/.local/lib/python3.12/site-packages/airflow/example_dags/example_latest_only.py took 0.063 seconds
[2024-08-13T17:31:09.968+0000] {processor.py:161} INFO - Started process (PID=183) to work on /home/airflow/.local/lib/python3.12/site-packages/airflow/example_dags/example_latest_only.py
[2024-08-13T17:31:09.969+0000] {processor.py:830} INFO - Processing file /home/airflow/.local/lib/python3.12/site-packages/airflow/example_dags/example_latest_only.py for tasks to queue
[2024-08-13T17:31:09.971+0000] {logging_mixin.py:188} INFO - [2024-08-13T17:31:09.971+0000] {dagbag.py:545} INFO - Filling up the DagBag from /home/airflow/.local/lib/python3.12/site-packages/airflow/example_dags/example_latest_only.py
[2024-08-13T17:31:09.976+0000] {processor.py:840} INFO - DAG(s) 'latest_only' retrieved from /home/airflow/.local/lib/python3.12/site-packages/airflow/example_dags/example_latest_only.py
[2024-08-13T17:31:09.995+0000] {logging_mixin.py:188} INFO - [2024-08-13T17:31:09.994+0000] {dag.py:3089} INFO - Sync 1 DAGs
[2024-08-13T17:31:10.016+0000] {logging_mixin.py:188} INFO - [2024-08-13T17:31:10.016+0000] {dag.py:3947} INFO - Setting next_dagrun for latest_only to 2024-08-13 12:00:00+00:00, run_after=2024-08-13 16:00:00+00:00
[2024-08-13T17:31:10.036+0000] {processor.py:183} INFO - Processing /home/airflow/.local/lib/python3.12/site-packages/airflow/example_dags/example_latest_only.py took 0.073 seconds
[2024-08-13T17:31:40.186+0000] {processor.py:161} INFO - Started process (PID=241) to work on /home/airflow/.local/lib/python3.12/site-packages/airflow/example_dags/example_latest_only.py
[2024-08-13T17:31:40.186+0000] {processor.py:830} INFO - Processing file /home/airflow/.local/lib/python3.12/site-packages/airflow/example_dags/example_latest_only.py for tasks to queue
[2024-08-13T17:31:40.188+0000] {logging_mixin.py:188} INFO - [2024-08-13T17:31:40.187+0000] {dagbag.py:545} INFO - Filling up the DagBag from /home/airflow/.local/lib/python3.12/site-packages/airflow/example_dags/example_latest_only.py
[2024-08-13T17:31:40.192+0000] {processor.py:840} INFO - DAG(s) 'latest_only' retrieved from /home/airflow/.local/lib/python3.12/site-packages/airflow/example_dags/example_latest_only.py
[2024-08-13T17:31:40.207+0000] {logging_mixin.py:188} INFO - [2024-08-13T17:31:40.207+0000] {dag.py:3089} INFO - Sync 1 DAGs
[2024-08-13T17:31:40.226+0000] {logging_mixin.py:188} INFO - [2024-08-13T17:31:40.226+0000] {dag.py:3947} INFO - Setting next_dagrun for latest_only to 2024-08-13 12:00:00+00:00, run_after=2024-08-13 16:00:00+00:00
[2024-08-13T17:31:40.244+0000] {processor.py:183} INFO - Processing /home/airflow/.local/lib/python3.12/site-packages/airflow/example_dags/example_latest_only.py took 0.063 seconds
[2024-08-13T17:32:10.291+0000] {processor.py:161} INFO - Started process (PID=299) to work on /home/airflow/.local/lib/python3.12/site-packages/airflow/example_dags/example_latest_only.py
[2024-08-13T17:32:10.292+0000] {processor.py:830} INFO - Processing file /home/airflow/.local/lib/python3.12/site-packages/airflow/example_dags/example_latest_only.py for tasks to queue
[2024-08-13T17:32:10.293+0000] {logging_mixin.py:188} INFO - [2024-08-13T17:32:10.293+0000] {dagbag.py:545} INFO - Filling up the DagBag from /home/airflow/.local/lib/python3.12/site-packages/airflow/example_dags/example_latest_only.py
[2024-08-13T17:32:10.297+0000] {processor.py:840} INFO - DAG(s) 'latest_only' retrieved from /home/airflow/.local/lib/python3.12/site-packages/airflow/example_dags/example_latest_only.py
[2024-08-13T17:32:10.314+0000] {logging_mixin.py:188} INFO - [2024-08-13T17:32:10.314+0000] {dag.py:3089} INFO - Sync 1 DAGs
[2024-08-13T17:32:10.333+0000] {logging_mixin.py:188} INFO - [2024-08-13T17:32:10.333+0000] {dag.py:3947} INFO - Setting next_dagrun for latest_only to 2024-08-13 12:00:00+00:00, run_after=2024-08-13 16:00:00+00:00
[2024-08-13T17:32:10.350+0000] {processor.py:183} INFO - Processing /home/airflow/.local/lib/python3.12/site-packages/airflow/example_dags/example_latest_only.py took 0.064 seconds
[2024-08-13T17:32:40.739+0000] {processor.py:161} INFO - Started process (PID=357) to work on /home/airflow/.local/lib/python3.12/site-packages/airflow/example_dags/example_latest_only.py
[2024-08-13T17:32:40.740+0000] {processor.py:830} INFO - Processing file /home/airflow/.local/lib/python3.12/site-packages/airflow/example_dags/example_latest_only.py for tasks to queue
[2024-08-13T17:32:40.741+0000] {logging_mixin.py:188} INFO - [2024-08-13T17:32:40.741+0000] {dagbag.py:545} INFO - Filling up the DagBag from /home/airflow/.local/lib/python3.12/site-packages/airflow/example_dags/example_latest_only.py
[2024-08-13T17:32:40.745+0000] {processor.py:840} INFO - DAG(s) 'latest_only' retrieved from /home/airflow/.local/lib/python3.12/site-packages/airflow/example_dags/example_latest_only.py
[2024-08-13T17:32:40.763+0000] {logging_mixin.py:188} INFO - [2024-08-13T17:32:40.763+0000] {dag.py:3089} INFO - Sync 1 DAGs
[2024-08-13T17:32:40.784+0000] {logging_mixin.py:188} INFO - [2024-08-13T17:32:40.784+0000] {dag.py:3947} INFO - Setting next_dagrun for latest_only to 2024-08-13 12:00:00+00:00, run_after=2024-08-13 16:00:00+00:00
[2024-08-13T17:32:40.803+0000] {processor.py:183} INFO - Processing /home/airflow/.local/lib/python3.12/site-packages/airflow/example_dags/example_latest_only.py took 0.069 seconds
[2024-08-13T17:33:11.366+0000] {processor.py:161} INFO - Started process (PID=415) to work on /home/airflow/.local/lib/python3.12/site-packages/airflow/example_dags/example_latest_only.py
[2024-08-13T17:33:11.367+0000] {processor.py:830} INFO - Processing file /home/airflow/.local/lib/python3.12/site-packages/airflow/example_dags/example_latest_only.py for tasks to queue
[2024-08-13T17:33:11.368+0000] {logging_mixin.py:188} INFO - [2024-08-13T17:33:11.368+0000] {dagbag.py:545} INFO - Filling up the DagBag from /home/airflow/.local/lib/python3.12/site-packages/airflow/example_dags/example_latest_only.py
[2024-08-13T17:33:11.372+0000] {processor.py:840} INFO - DAG(s) 'latest_only' retrieved from /home/airflow/.local/lib/python3.12/site-packages/airflow/example_dags/example_latest_only.py
[2024-08-13T17:33:11.389+0000] {logging_mixin.py:188} INFO - [2024-08-13T17:33:11.389+0000] {dag.py:3089} INFO - Sync 1 DAGs
[2024-08-13T17:33:11.408+0000] {logging_mixin.py:188} INFO - [2024-08-13T17:33:11.408+0000] {dag.py:3947} INFO - Setting next_dagrun for latest_only to 2024-08-13 12:00:00+00:00, run_after=2024-08-13 16:00:00+00:00
[2024-08-13T17:33:11.425+0000] {processor.py:183} INFO - Processing /home/airflow/.local/lib/python3.12/site-packages/airflow/example_dags/example_latest_only.py took 0.063 seconds
[2024-08-13T17:33:42.002+0000] {processor.py:161} INFO - Started process (PID=473) to work on /home/airflow/.local/lib/python3.12/site-packages/airflow/example_dags/example_latest_only.py
[2024-08-13T17:33:42.003+0000] {processor.py:830} INFO - Processing file /home/airflow/.local/lib/python3.12/site-packages/airflow/example_dags/example_latest_only.py for tasks to queue
[2024-08-13T17:33:42.004+0000] {logging_mixin.py:188} INFO - [2024-08-13T17:33:42.004+0000] {dagbag.py:545} INFO - Filling up the DagBag from /home/airflow/.local/lib/python3.12/site-packages/airflow/example_dags/example_latest_only.py
[2024-08-13T17:33:42.008+0000] {processor.py:840} INFO - DAG(s) 'latest_only' retrieved from /home/airflow/.local/lib/python3.12/site-packages/airflow/example_dags/example_latest_only.py
[2024-08-13T17:33:42.025+0000] {logging_mixin.py:188} INFO - [2024-08-13T17:33:42.025+0000] {dag.py:3089} INFO - Sync 1 DAGs
[2024-08-13T17:33:42.044+0000] {logging_mixin.py:188} INFO - [2024-08-13T17:33:42.044+0000] {dag.py:3947} INFO - Setting next_dagrun for latest_only to 2024-08-13 12:00:00+00:00, run_after=2024-08-13 16:00:00+00:00
[2024-08-13T17:33:42.062+0000] {processor.py:183} INFO - Processing /home/airflow/.local/lib/python3.12/site-packages/airflow/example_dags/example_latest_only.py took 0.064 seconds
[2024-08-13T17:34:12.566+0000] {processor.py:161} INFO - Started process (PID=531) to work on /home/airflow/.local/lib/python3.12/site-packages/airflow/example_dags/example_latest_only.py
[2024-08-13T17:34:12.566+0000] {processor.py:830} INFO - Processing file /home/airflow/.local/lib/python3.12/site-packages/airflow/example_dags/example_latest_only.py for tasks to queue
[2024-08-13T17:34:12.568+0000] {logging_mixin.py:188} INFO - [2024-08-13T17:34:12.568+0000] {dagbag.py:545} INFO - Filling up the DagBag from /home/airflow/.local/lib/python3.12/site-packages/airflow/example_dags/example_latest_only.py
[2024-08-13T17:34:12.572+0000] {processor.py:840} INFO - DAG(s) 'latest_only' retrieved from /home/airflow/.local/lib/python3.12/site-packages/airflow/example_dags/example_latest_only.py
[2024-08-13T17:34:12.589+0000] {logging_mixin.py:188} INFO - [2024-08-13T17:34:12.589+0000] {dag.py:3089} INFO - Sync 1 DAGs
[2024-08-13T17:34:12.609+0000] {logging_mixin.py:188} INFO - [2024-08-13T17:34:12.608+0000] {dag.py:3947} INFO - Setting next_dagrun for latest_only to 2024-08-13 12:00:00+00:00, run_after=2024-08-13 16:00:00+00:00
[2024-08-13T17:34:12.627+0000] {processor.py:183} INFO - Processing /home/airflow/.local/lib/python3.12/site-packages/airflow/example_dags/example_latest_only.py took 0.066 seconds
[2024-08-13T17:34:43.038+0000] {processor.py:161} INFO - Started process (PID=589) to work on /home/airflow/.local/lib/python3.12/site-packages/airflow/example_dags/example_latest_only.py
[2024-08-13T17:34:43.039+0000] {processor.py:830} INFO - Processing file /home/airflow/.local/lib/python3.12/site-packages/airflow/example_dags/example_latest_only.py for tasks to queue
[2024-08-13T17:34:43.040+0000] {logging_mixin.py:188} INFO - [2024-08-13T17:34:43.040+0000] {dagbag.py:545} INFO - Filling up the DagBag from /home/airflow/.local/lib/python3.12/site-packages/airflow/example_dags/example_latest_only.py
[2024-08-13T17:34:43.044+0000] {processor.py:840} INFO - DAG(s) 'latest_only' retrieved from /home/airflow/.local/lib/python3.12/site-packages/airflow/example_dags/example_latest_only.py
[2024-08-13T17:34:43.061+0000] {logging_mixin.py:188} INFO - [2024-08-13T17:34:43.061+0000] {dag.py:3089} INFO - Sync 1 DAGs
[2024-08-13T17:34:43.080+0000] {logging_mixin.py:188} INFO - [2024-08-13T17:34:43.080+0000] {dag.py:3947} INFO - Setting next_dagrun for latest_only to 2024-08-13 12:00:00+00:00, run_after=2024-08-13 16:00:00+00:00
[2024-08-13T17:34:43.097+0000] {processor.py:183} INFO - Processing /home/airflow/.local/lib/python3.12/site-packages/airflow/example_dags/example_latest_only.py took 0.063 seconds
[2024-08-13T17:35:13.532+0000] {processor.py:161} INFO - Started process (PID=653) to work on /home/airflow/.local/lib/python3.12/site-packages/airflow/example_dags/example_latest_only.py
[2024-08-13T17:35:13.533+0000] {processor.py:830} INFO - Processing file /home/airflow/.local/lib/python3.12/site-packages/airflow/example_dags/example_latest_only.py for tasks to queue
[2024-08-13T17:35:13.535+0000] {logging_mixin.py:188} INFO - [2024-08-13T17:35:13.534+0000] {dagbag.py:545} INFO - Filling up the DagBag from /home/airflow/.local/lib/python3.12/site-packages/airflow/example_dags/example_latest_only.py
[2024-08-13T17:35:13.538+0000] {processor.py:840} INFO - DAG(s) 'latest_only' retrieved from /home/airflow/.local/lib/python3.12/site-packages/airflow/example_dags/example_latest_only.py
[2024-08-13T17:35:13.556+0000] {logging_mixin.py:188} INFO - [2024-08-13T17:35:13.556+0000] {dag.py:3089} INFO - Sync 1 DAGs
[2024-08-13T17:35:13.575+0000] {logging_mixin.py:188} INFO - [2024-08-13T17:35:13.575+0000] {dag.py:3947} INFO - Setting next_dagrun for latest_only to 2024-08-13 12:00:00+00:00, run_after=2024-08-13 16:00:00+00:00
[2024-08-13T17:35:13.592+0000] {processor.py:183} INFO - Processing /home/airflow/.local/lib/python3.12/site-packages/airflow/example_dags/example_latest_only.py took 0.065 seconds
[2024-08-13T17:35:43.837+0000] {processor.py:161} INFO - Started process (PID=711) to work on /home/airflow/.local/lib/python3.12/site-packages/airflow/example_dags/example_latest_only.py
[2024-08-13T17:35:43.838+0000] {processor.py:830} INFO - Processing file /home/airflow/.local/lib/python3.12/site-packages/airflow/example_dags/example_latest_only.py for tasks to queue
[2024-08-13T17:35:43.839+0000] {logging_mixin.py:188} INFO - [2024-08-13T17:35:43.839+0000] {dagbag.py:545} INFO - Filling up the DagBag from /home/airflow/.local/lib/python3.12/site-packages/airflow/example_dags/example_latest_only.py
[2024-08-13T17:35:43.843+0000] {processor.py:840} INFO - DAG(s) 'latest_only' retrieved from /home/airflow/.local/lib/python3.12/site-packages/airflow/example_dags/example_latest_only.py
[2024-08-13T17:35:43.861+0000] {logging_mixin.py:188} INFO - [2024-08-13T17:35:43.860+0000] {dag.py:3089} INFO - Sync 1 DAGs
[2024-08-13T17:35:43.880+0000] {logging_mixin.py:188} INFO - [2024-08-13T17:35:43.879+0000] {dag.py:3947} INFO - Setting next_dagrun for latest_only to 2024-08-13 12:00:00+00:00, run_after=2024-08-13 16:00:00+00:00
[2024-08-13T17:35:43.896+0000] {processor.py:183} INFO - Processing /home/airflow/.local/lib/python3.12/site-packages/airflow/example_dags/example_latest_only.py took 0.063 seconds
[2024-08-13T17:36:14.481+0000] {processor.py:161} INFO - Started process (PID=769) to work on /home/airflow/.local/lib/python3.12/site-packages/airflow/example_dags/example_latest_only.py
[2024-08-13T17:36:14.482+0000] {processor.py:830} INFO - Processing file /home/airflow/.local/lib/python3.12/site-packages/airflow/example_dags/example_latest_only.py for tasks to queue
[2024-08-13T17:36:14.483+0000] {logging_mixin.py:188} INFO - [2024-08-13T17:36:14.483+0000] {dagbag.py:545} INFO - Filling up the DagBag from /home/airflow/.local/lib/python3.12/site-packages/airflow/example_dags/example_latest_only.py
[2024-08-13T17:36:14.487+0000] {processor.py:840} INFO - DAG(s) 'latest_only' retrieved from /home/airflow/.local/lib/python3.12/site-packages/airflow/example_dags/example_latest_only.py
[2024-08-13T17:36:14.505+0000] {logging_mixin.py:188} INFO - [2024-08-13T17:36:14.505+0000] {dag.py:3089} INFO - Sync 1 DAGs
[2024-08-13T17:36:14.525+0000] {logging_mixin.py:188} INFO - [2024-08-13T17:36:14.524+0000] {dag.py:3947} INFO - Setting next_dagrun for latest_only to 2024-08-13 12:00:00+00:00, run_after=2024-08-13 16:00:00+00:00
[2024-08-13T17:36:14.542+0000] {processor.py:183} INFO - Processing /home/airflow/.local/lib/python3.12/site-packages/airflow/example_dags/example_latest_only.py took 0.065 seconds
[2024-08-13T17:36:45.006+0000] {processor.py:161} INFO - Started process (PID=827) to work on /home/airflow/.local/lib/python3.12/site-packages/airflow/example_dags/example_latest_only.py
[2024-08-13T17:36:45.006+0000] {processor.py:830} INFO - Processing file /home/airflow/.local/lib/python3.12/site-packages/airflow/example_dags/example_latest_only.py for tasks to queue
[2024-08-13T17:36:45.008+0000] {logging_mixin.py:188} INFO - [2024-08-13T17:36:45.007+0000] {dagbag.py:545} INFO - Filling up the DagBag from /home/airflow/.local/lib/python3.12/site-packages/airflow/example_dags/example_latest_only.py
[2024-08-13T17:36:45.011+0000] {processor.py:840} INFO - DAG(s) 'latest_only' retrieved from /home/airflow/.local/lib/python3.12/site-packages/airflow/example_dags/example_latest_only.py
[2024-08-13T17:36:45.030+0000] {logging_mixin.py:188} INFO - [2024-08-13T17:36:45.029+0000] {dag.py:3089} INFO - Sync 1 DAGs
[2024-08-13T17:36:45.049+0000] {logging_mixin.py:188} INFO - [2024-08-13T17:36:45.049+0000] {dag.py:3947} INFO - Setting next_dagrun for latest_only to 2024-08-13 12:00:00+00:00, run_after=2024-08-13 16:00:00+00:00
[2024-08-13T17:36:45.066+0000] {processor.py:183} INFO - Processing /home/airflow/.local/lib/python3.12/site-packages/airflow/example_dags/example_latest_only.py took 0.065 seconds
[2024-08-13T17:37:15.470+0000] {processor.py:161} INFO - Started process (PID=885) to work on /home/airflow/.local/lib/python3.12/site-packages/airflow/example_dags/example_latest_only.py
[2024-08-13T17:37:15.470+0000] {processor.py:830} INFO - Processing file /home/airflow/.local/lib/python3.12/site-packages/airflow/example_dags/example_latest_only.py for tasks to queue
[2024-08-13T17:37:15.472+0000] {logging_mixin.py:188} INFO - [2024-08-13T17:37:15.472+0000] {dagbag.py:545} INFO - Filling up the DagBag from /home/airflow/.local/lib/python3.12/site-packages/airflow/example_dags/example_latest_only.py
[2024-08-13T17:37:15.476+0000] {processor.py:840} INFO - DAG(s) 'latest_only' retrieved from /home/airflow/.local/lib/python3.12/site-packages/airflow/example_dags/example_latest_only.py
[2024-08-13T17:37:15.493+0000] {logging_mixin.py:188} INFO - [2024-08-13T17:37:15.493+0000] {dag.py:3089} INFO - Sync 1 DAGs
[2024-08-13T17:37:15.512+0000] {logging_mixin.py:188} INFO - [2024-08-13T17:37:15.512+0000] {dag.py:3947} INFO - Setting next_dagrun for latest_only to 2024-08-13 12:00:00+00:00, run_after=2024-08-13 16:00:00+00:00
[2024-08-13T17:37:15.529+0000] {processor.py:183} INFO - Processing /home/airflow/.local/lib/python3.12/site-packages/airflow/example_dags/example_latest_only.py took 0.064 seconds
[2024-08-13T17:37:46.098+0000] {processor.py:161} INFO - Started process (PID=943) to work on /home/airflow/.local/lib/python3.12/site-packages/airflow/example_dags/example_latest_only.py
[2024-08-13T17:37:46.099+0000] {processor.py:830} INFO - Processing file /home/airflow/.local/lib/python3.12/site-packages/airflow/example_dags/example_latest_only.py for tasks to queue
[2024-08-13T17:37:46.100+0000] {logging_mixin.py:188} INFO - [2024-08-13T17:37:46.100+0000] {dagbag.py:545} INFO - Filling up the DagBag from /home/airflow/.local/lib/python3.12/site-packages/airflow/example_dags/example_latest_only.py
[2024-08-13T17:37:46.104+0000] {processor.py:840} INFO - DAG(s) 'latest_only' retrieved from /home/airflow/.local/lib/python3.12/site-packages/airflow/example_dags/example_latest_only.py
[2024-08-13T17:37:46.121+0000] {logging_mixin.py:188} INFO - [2024-08-13T17:37:46.121+0000] {dag.py:3089} INFO - Sync 1 DAGs
[2024-08-13T17:37:46.140+0000] {logging_mixin.py:188} INFO - [2024-08-13T17:37:46.140+0000] {dag.py:3947} INFO - Setting next_dagrun for latest_only to 2024-08-13 12:00:00+00:00, run_after=2024-08-13 16:00:00+00:00
[2024-08-13T17:37:46.157+0000] {processor.py:183} INFO - Processing /home/airflow/.local/lib/python3.12/site-packages/airflow/example_dags/example_latest_only.py took 0.064 seconds
[2024-08-13T17:38:16.712+0000] {processor.py:161} INFO - Started process (PID=1001) to work on /home/airflow/.local/lib/python3.12/site-packages/airflow/example_dags/example_latest_only.py
[2024-08-13T17:38:16.713+0000] {processor.py:830} INFO - Processing file /home/airflow/.local/lib/python3.12/site-packages/airflow/example_dags/example_latest_only.py for tasks to queue
[2024-08-13T17:38:16.714+0000] {logging_mixin.py:188} INFO - [2024-08-13T17:38:16.714+0000] {dagbag.py:545} INFO - Filling up the DagBag from /home/airflow/.local/lib/python3.12/site-packages/airflow/example_dags/example_latest_only.py
[2024-08-13T17:38:16.718+0000] {processor.py:840} INFO - DAG(s) 'latest_only' retrieved from /home/airflow/.local/lib/python3.12/site-packages/airflow/example_dags/example_latest_only.py
[2024-08-13T17:38:16.736+0000] {logging_mixin.py:188} INFO - [2024-08-13T17:38:16.735+0000] {dag.py:3089} INFO - Sync 1 DAGs
[2024-08-13T17:38:16.754+0000] {logging_mixin.py:188} INFO - [2024-08-13T17:38:16.754+0000] {dag.py:3947} INFO - Setting next_dagrun for latest_only to 2024-08-13 12:00:00+00:00, run_after=2024-08-13 16:00:00+00:00
[2024-08-13T17:38:16.771+0000] {processor.py:183} INFO - Processing /home/airflow/.local/lib/python3.12/site-packages/airflow/example_dags/example_latest_only.py took 0.064 seconds
[2024-08-13T17:38:46.929+0000] {processor.py:161} INFO - Started process (PID=1059) to work on /home/airflow/.local/lib/python3.12/site-packages/airflow/example_dags/example_latest_only.py
[2024-08-13T17:38:46.930+0000] {processor.py:830} INFO - Processing file /home/airflow/.local/lib/python3.12/site-packages/airflow/example_dags/example_latest_only.py for tasks to queue
[2024-08-13T17:38:46.931+0000] {logging_mixin.py:188} INFO - [2024-08-13T17:38:46.931+0000] {dagbag.py:545} INFO - Filling up the DagBag from /home/airflow/.local/lib/python3.12/site-packages/airflow/example_dags/example_latest_only.py
[2024-08-13T17:38:46.936+0000] {processor.py:840} INFO - DAG(s) 'latest_only' retrieved from /home/airflow/.local/lib/python3.12/site-packages/airflow/example_dags/example_latest_only.py
[2024-08-13T17:38:46.954+0000] {logging_mixin.py:188} INFO - [2024-08-13T17:38:46.954+0000] {dag.py:3089} INFO - Sync 1 DAGs
[2024-08-13T17:38:46.976+0000] {logging_mixin.py:188} INFO - [2024-08-13T17:38:46.976+0000] {dag.py:3947} INFO - Setting next_dagrun for latest_only to 2024-08-13 12:00:00+00:00, run_after=2024-08-13 16:00:00+00:00
[2024-08-13T17:38:46.992+0000] {processor.py:183} INFO - Processing /home/airflow/.local/lib/python3.12/site-packages/airflow/example_dags/example_latest_only.py took 0.068 seconds
[2024-08-13T17:39:17.296+0000] {processor.py:161} INFO - Started process (PID=1117) to work on /home/airflow/.local/lib/python3.12/site-packages/airflow/example_dags/example_latest_only.py
[2024-08-13T17:39:17.297+0000] {processor.py:830} INFO - Processing file /home/airflow/.local/lib/python3.12/site-packages/airflow/example_dags/example_latest_only.py for tasks to queue
[2024-08-13T17:39:17.298+0000] {logging_mixin.py:188} INFO - [2024-08-13T17:39:17.298+0000] {dagbag.py:545} INFO - Filling up the DagBag from /home/airflow/.local/lib/python3.12/site-packages/airflow/example_dags/example_latest_only.py
[2024-08-13T17:39:17.302+0000] {processor.py:840} INFO - DAG(s) 'latest_only' retrieved from /home/airflow/.local/lib/python3.12/site-packages/airflow/example_dags/example_latest_only.py
[2024-08-13T17:39:17.319+0000] {logging_mixin.py:188} INFO - [2024-08-13T17:39:17.319+0000] {dag.py:3089} INFO - Sync 1 DAGs
[2024-08-13T17:39:17.338+0000] {logging_mixin.py:188} INFO - [2024-08-13T17:39:17.338+0000] {dag.py:3947} INFO - Setting next_dagrun for latest_only to 2024-08-13 12:00:00+00:00, run_after=2024-08-13 16:00:00+00:00
[2024-08-13T17:39:17.355+0000] {processor.py:183} INFO - Processing /home/airflow/.local/lib/python3.12/site-packages/airflow/example_dags/example_latest_only.py took 0.063 seconds
[2024-08-13T17:39:47.754+0000] {processor.py:161} INFO - Started process (PID=1175) to work on /home/airflow/.local/lib/python3.12/site-packages/airflow/example_dags/example_latest_only.py
[2024-08-13T17:39:47.754+0000] {processor.py:830} INFO - Processing file /home/airflow/.local/lib/python3.12/site-packages/airflow/example_dags/example_latest_only.py for tasks to queue
[2024-08-13T17:39:47.756+0000] {logging_mixin.py:188} INFO - [2024-08-13T17:39:47.755+0000] {dagbag.py:545} INFO - Filling up the DagBag from /home/airflow/.local/lib/python3.12/site-packages/airflow/example_dags/example_latest_only.py
[2024-08-13T17:39:47.760+0000] {processor.py:840} INFO - DAG(s) 'latest_only' retrieved from /home/airflow/.local/lib/python3.12/site-packages/airflow/example_dags/example_latest_only.py
[2024-08-13T17:39:47.777+0000] {logging_mixin.py:188} INFO - [2024-08-13T17:39:47.777+0000] {dag.py:3089} INFO - Sync 1 DAGs
[2024-08-13T17:39:47.797+0000] {logging_mixin.py:188} INFO - [2024-08-13T17:39:47.796+0000] {dag.py:3947} INFO - Setting next_dagrun for latest_only to 2024-08-13 12:00:00+00:00, run_after=2024-08-13 16:00:00+00:00
[2024-08-13T17:39:47.813+0000] {processor.py:183} INFO - Processing /home/airflow/.local/lib/python3.12/site-packages/airflow/example_dags/example_latest_only.py took 0.065 seconds
[2024-08-13T17:40:18.275+0000] {processor.py:161} INFO - Started process (PID=1233) to work on /home/airflow/.local/lib/python3.12/site-packages/airflow/example_dags/example_latest_only.py
[2024-08-13T17:40:18.275+0000] {processor.py:830} INFO - Processing file /home/airflow/.local/lib/python3.12/site-packages/airflow/example_dags/example_latest_only.py for tasks to queue
[2024-08-13T17:40:18.277+0000] {logging_mixin.py:188} INFO - [2024-08-13T17:40:18.276+0000] {dagbag.py:545} INFO - Filling up the DagBag from /home/airflow/.local/lib/python3.12/site-packages/airflow/example_dags/example_latest_only.py
[2024-08-13T17:40:18.281+0000] {processor.py:840} INFO - DAG(s) 'latest_only' retrieved from /home/airflow/.local/lib/python3.12/site-packages/airflow/example_dags/example_latest_only.py
[2024-08-13T17:40:18.298+0000] {logging_mixin.py:188} INFO - [2024-08-13T17:40:18.298+0000] {dag.py:3089} INFO - Sync 1 DAGs
[2024-08-13T17:40:18.317+0000] {logging_mixin.py:188} INFO - [2024-08-13T17:40:18.317+0000] {dag.py:3947} INFO - Setting next_dagrun for latest_only to 2024-08-13 12:00:00+00:00, run_after=2024-08-13 16:00:00+00:00
[2024-08-13T17:40:18.333+0000] {processor.py:183} INFO - Processing /home/airflow/.local/lib/python3.12/site-packages/airflow/example_dags/example_latest_only.py took 0.063 seconds
[2024-08-13T17:40:48.820+0000] {processor.py:161} INFO - Started process (PID=1291) to work on /home/airflow/.local/lib/python3.12/site-packages/airflow/example_dags/example_latest_only.py
[2024-08-13T17:40:48.821+0000] {processor.py:830} INFO - Processing file /home/airflow/.local/lib/python3.12/site-packages/airflow/example_dags/example_latest_only.py for tasks to queue
[2024-08-13T17:40:48.822+0000] {logging_mixin.py:188} INFO - [2024-08-13T17:40:48.822+0000] {dagbag.py:545} INFO - Filling up the DagBag from /home/airflow/.local/lib/python3.12/site-packages/airflow/example_dags/example_latest_only.py
[2024-08-13T17:40:48.826+0000] {processor.py:840} INFO - DAG(s) 'latest_only' retrieved from /home/airflow/.local/lib/python3.12/site-packages/airflow/example_dags/example_latest_only.py
[2024-08-13T17:40:48.844+0000] {logging_mixin.py:188} INFO - [2024-08-13T17:40:48.844+0000] {dag.py:3089} INFO - Sync 1 DAGs
[2024-08-13T17:40:48.863+0000] {logging_mixin.py:188} INFO - [2024-08-13T17:40:48.863+0000] {dag.py:3947} INFO - Setting next_dagrun for latest_only to 2024-08-13 12:00:00+00:00, run_after=2024-08-13 16:00:00+00:00
[2024-08-13T17:40:48.879+0000] {processor.py:183} INFO - Processing /home/airflow/.local/lib/python3.12/site-packages/airflow/example_dags/example_latest_only.py took 0.064 seconds
[2024-08-13T17:41:18.928+0000] {processor.py:161} INFO - Started process (PID=1349) to work on /home/airflow/.local/lib/python3.12/site-packages/airflow/example_dags/example_latest_only.py
[2024-08-13T17:41:18.932+0000] {processor.py:830} INFO - Processing file /home/airflow/.local/lib/python3.12/site-packages/airflow/example_dags/example_latest_only.py for tasks to queue
[2024-08-13T17:41:18.934+0000] {logging_mixin.py:188} INFO - [2024-08-13T17:41:18.933+0000] {dagbag.py:545} INFO - Filling up the DagBag from /home/airflow/.local/lib/python3.12/site-packages/airflow/example_dags/example_latest_only.py
[2024-08-13T17:41:18.938+0000] {processor.py:840} INFO - DAG(s) 'latest_only' retrieved from /home/airflow/.local/lib/python3.12/site-packages/airflow/example_dags/example_latest_only.py
[2024-08-13T17:41:18.955+0000] {logging_mixin.py:188} INFO - [2024-08-13T17:41:18.955+0000] {dag.py:3089} INFO - Sync 1 DAGs
[2024-08-13T17:41:18.975+0000] {logging_mixin.py:188} INFO - [2024-08-13T17:41:18.974+0000] {dag.py:3947} INFO - Setting next_dagrun for latest_only to 2024-08-13 12:00:00+00:00, run_after=2024-08-13 16:00:00+00:00
[2024-08-13T17:41:18.995+0000] {processor.py:183} INFO - Processing /home/airflow/.local/lib/python3.12/site-packages/airflow/example_dags/example_latest_only.py took 0.072 seconds
[2024-08-13T17:41:49.502+0000] {processor.py:161} INFO - Started process (PID=1407) to work on /home/airflow/.local/lib/python3.12/site-packages/airflow/example_dags/example_latest_only.py
[2024-08-13T17:41:49.503+0000] {processor.py:830} INFO - Processing file /home/airflow/.local/lib/python3.12/site-packages/airflow/example_dags/example_latest_only.py for tasks to queue
[2024-08-13T17:41:49.505+0000] {logging_mixin.py:188} INFO - [2024-08-13T17:41:49.505+0000] {dagbag.py:545} INFO - Filling up the DagBag from /home/airflow/.local/lib/python3.12/site-packages/airflow/example_dags/example_latest_only.py
[2024-08-13T17:41:49.509+0000] {processor.py:840} INFO - DAG(s) 'latest_only' retrieved from /home/airflow/.local/lib/python3.12/site-packages/airflow/example_dags/example_latest_only.py
[2024-08-13T17:41:49.528+0000] {logging_mixin.py:188} INFO - [2024-08-13T17:41:49.528+0000] {dag.py:3089} INFO - Sync 1 DAGs
[2024-08-13T17:41:49.547+0000] {logging_mixin.py:188} INFO - [2024-08-13T17:41:49.547+0000] {dag.py:3947} INFO - Setting next_dagrun for latest_only to 2024-08-13 12:00:00+00:00, run_after=2024-08-13 16:00:00+00:00
[2024-08-13T17:41:49.674+0000] {processor.py:183} INFO - Processing /home/airflow/.local/lib/python3.12/site-packages/airflow/example_dags/example_latest_only.py took 0.178 seconds
[2024-08-13T17:42:20.392+0000] {processor.py:161} INFO - Started process (PID=1465) to work on /home/airflow/.local/lib/python3.12/site-packages/airflow/example_dags/example_latest_only.py
[2024-08-13T17:42:20.393+0000] {processor.py:830} INFO - Processing file /home/airflow/.local/lib/python3.12/site-packages/airflow/example_dags/example_latest_only.py for tasks to queue
[2024-08-13T17:42:20.394+0000] {logging_mixin.py:188} INFO - [2024-08-13T17:42:20.394+0000] {dagbag.py:545} INFO - Filling up the DagBag from /home/airflow/.local/lib/python3.12/site-packages/airflow/example_dags/example_latest_only.py
[2024-08-13T17:42:20.398+0000] {processor.py:840} INFO - DAG(s) 'latest_only' retrieved from /home/airflow/.local/lib/python3.12/site-packages/airflow/example_dags/example_latest_only.py
[2024-08-13T17:42:20.416+0000] {logging_mixin.py:188} INFO - [2024-08-13T17:42:20.416+0000] {dag.py:3089} INFO - Sync 1 DAGs
[2024-08-13T17:42:20.435+0000] {logging_mixin.py:188} INFO - [2024-08-13T17:42:20.435+0000] {dag.py:3947} INFO - Setting next_dagrun for latest_only to 2024-08-13 12:00:00+00:00, run_after=2024-08-13 16:00:00+00:00
[2024-08-13T17:42:20.456+0000] {processor.py:183} INFO - Processing /home/airflow/.local/lib/python3.12/site-packages/airflow/example_dags/example_latest_only.py took 0.068 seconds
[2024-08-13T17:42:50.503+0000] {processor.py:161} INFO - Started process (PID=1523) to work on /home/airflow/.local/lib/python3.12/site-packages/airflow/example_dags/example_latest_only.py
[2024-08-13T17:42:50.503+0000] {processor.py:830} INFO - Processing file /home/airflow/.local/lib/python3.12/site-packages/airflow/example_dags/example_latest_only.py for tasks to queue
[2024-08-13T17:42:50.505+0000] {logging_mixin.py:188} INFO - [2024-08-13T17:42:50.504+0000] {dagbag.py:545} INFO - Filling up the DagBag from /home/airflow/.local/lib/python3.12/site-packages/airflow/example_dags/example_latest_only.py
[2024-08-13T17:42:50.509+0000] {processor.py:840} INFO - DAG(s) 'latest_only' retrieved from /home/airflow/.local/lib/python3.12/site-packages/airflow/example_dags/example_latest_only.py
[2024-08-13T17:42:50.525+0000] {logging_mixin.py:188} INFO - [2024-08-13T17:42:50.525+0000] {dag.py:3089} INFO - Sync 1 DAGs
[2024-08-13T17:42:50.544+0000] {logging_mixin.py:188} INFO - [2024-08-13T17:42:50.544+0000] {dag.py:3947} INFO - Setting next_dagrun for latest_only to 2024-08-13 12:00:00+00:00, run_after=2024-08-13 16:00:00+00:00
[2024-08-13T17:42:50.560+0000] {processor.py:183} INFO - Processing /home/airflow/.local/lib/python3.12/site-packages/airflow/example_dags/example_latest_only.py took 0.063 seconds
[2024-08-13T17:43:20.603+0000] {processor.py:161} INFO - Started process (PID=1581) to work on /home/airflow/.local/lib/python3.12/site-packages/airflow/example_dags/example_latest_only.py
[2024-08-13T17:43:20.604+0000] {processor.py:830} INFO - Processing file /home/airflow/.local/lib/python3.12/site-packages/airflow/example_dags/example_latest_only.py for tasks to queue
[2024-08-13T17:43:20.606+0000] {logging_mixin.py:188} INFO - [2024-08-13T17:43:20.605+0000] {dagbag.py:545} INFO - Filling up the DagBag from /home/airflow/.local/lib/python3.12/site-packages/airflow/example_dags/example_latest_only.py
[2024-08-13T17:43:20.609+0000] {processor.py:840} INFO - DAG(s) 'latest_only' retrieved from /home/airflow/.local/lib/python3.12/site-packages/airflow/example_dags/example_latest_only.py
[2024-08-13T17:43:20.627+0000] {logging_mixin.py:188} INFO - [2024-08-13T17:43:20.626+0000] {dag.py:3089} INFO - Sync 1 DAGs
[2024-08-13T17:43:20.646+0000] {logging_mixin.py:188} INFO - [2024-08-13T17:43:20.645+0000] {dag.py:3947} INFO - Setting next_dagrun for latest_only to 2024-08-13 12:00:00+00:00, run_after=2024-08-13 16:00:00+00:00
[2024-08-13T17:43:20.665+0000] {processor.py:183} INFO - Processing /home/airflow/.local/lib/python3.12/site-packages/airflow/example_dags/example_latest_only.py took 0.066 seconds
[2024-08-13T17:43:51.238+0000] {processor.py:161} INFO - Started process (PID=1639) to work on /home/airflow/.local/lib/python3.12/site-packages/airflow/example_dags/example_latest_only.py
[2024-08-13T17:43:51.239+0000] {processor.py:830} INFO - Processing file /home/airflow/.local/lib/python3.12/site-packages/airflow/example_dags/example_latest_only.py for tasks to queue
[2024-08-13T17:43:51.241+0000] {logging_mixin.py:188} INFO - [2024-08-13T17:43:51.241+0000] {dagbag.py:545} INFO - Filling up the DagBag from /home/airflow/.local/lib/python3.12/site-packages/airflow/example_dags/example_latest_only.py
[2024-08-13T17:43:51.245+0000] {processor.py:840} INFO - DAG(s) 'latest_only' retrieved from /home/airflow/.local/lib/python3.12/site-packages/airflow/example_dags/example_latest_only.py
[2024-08-13T17:43:51.263+0000] {logging_mixin.py:188} INFO - [2024-08-13T17:43:51.263+0000] {dag.py:3089} INFO - Sync 1 DAGs
[2024-08-13T17:43:51.283+0000] {logging_mixin.py:188} INFO - [2024-08-13T17:43:51.282+0000] {dag.py:3947} INFO - Setting next_dagrun for latest_only to 2024-08-13 12:00:00+00:00, run_after=2024-08-13 16:00:00+00:00
[2024-08-13T17:43:51.300+0000] {processor.py:183} INFO - Processing /home/airflow/.local/lib/python3.12/site-packages/airflow/example_dags/example_latest_only.py took 0.067 seconds
[2024-08-13T17:44:21.965+0000] {processor.py:161} INFO - Started process (PID=1697) to work on /home/airflow/.local/lib/python3.12/site-packages/airflow/example_dags/example_latest_only.py
[2024-08-13T17:44:21.966+0000] {processor.py:830} INFO - Processing file /home/airflow/.local/lib/python3.12/site-packages/airflow/example_dags/example_latest_only.py for tasks to queue
[2024-08-13T17:44:21.967+0000] {logging_mixin.py:188} INFO - [2024-08-13T17:44:21.967+0000] {dagbag.py:545} INFO - Filling up the DagBag from /home/airflow/.local/lib/python3.12/site-packages/airflow/example_dags/example_latest_only.py
[2024-08-13T17:44:21.971+0000] {processor.py:840} INFO - DAG(s) 'latest_only' retrieved from /home/airflow/.local/lib/python3.12/site-packages/airflow/example_dags/example_latest_only.py
[2024-08-13T17:44:21.989+0000] {logging_mixin.py:188} INFO - [2024-08-13T17:44:21.989+0000] {dag.py:3089} INFO - Sync 1 DAGs
[2024-08-13T17:44:22.009+0000] {logging_mixin.py:188} INFO - [2024-08-13T17:44:22.009+0000] {dag.py:3947} INFO - Setting next_dagrun for latest_only to 2024-08-13 12:00:00+00:00, run_after=2024-08-13 16:00:00+00:00
[2024-08-13T17:44:22.026+0000] {processor.py:183} INFO - Processing /home/airflow/.local/lib/python3.12/site-packages/airflow/example_dags/example_latest_only.py took 0.066 seconds
[2024-08-13T17:44:52.566+0000] {processor.py:161} INFO - Started process (PID=1755) to work on /home/airflow/.local/lib/python3.12/site-packages/airflow/example_dags/example_latest_only.py
[2024-08-13T17:44:52.567+0000] {processor.py:830} INFO - Processing file /home/airflow/.local/lib/python3.12/site-packages/airflow/example_dags/example_latest_only.py for tasks to queue
[2024-08-13T17:44:52.569+0000] {logging_mixin.py:188} INFO - [2024-08-13T17:44:52.568+0000] {dagbag.py:545} INFO - Filling up the DagBag from /home/airflow/.local/lib/python3.12/site-packages/airflow/example_dags/example_latest_only.py
[2024-08-13T17:44:52.573+0000] {processor.py:840} INFO - DAG(s) 'latest_only' retrieved from /home/airflow/.local/lib/python3.12/site-packages/airflow/example_dags/example_latest_only.py
[2024-08-13T17:44:52.705+0000] {logging_mixin.py:188} INFO - [2024-08-13T17:44:52.705+0000] {dag.py:3089} INFO - Sync 1 DAGs
[2024-08-13T17:44:52.723+0000] {logging_mixin.py:188} INFO - [2024-08-13T17:44:52.723+0000] {dag.py:3947} INFO - Setting next_dagrun for latest_only to 2024-08-13 12:00:00+00:00, run_after=2024-08-13 16:00:00+00:00
[2024-08-13T17:44:52.739+0000] {processor.py:183} INFO - Processing /home/airflow/.local/lib/python3.12/site-packages/airflow/example_dags/example_latest_only.py took 0.178 seconds
[2024-08-13T17:45:23.032+0000] {processor.py:161} INFO - Started process (PID=1813) to work on /home/airflow/.local/lib/python3.12/site-packages/airflow/example_dags/example_latest_only.py
[2024-08-13T17:45:23.032+0000] {processor.py:830} INFO - Processing file /home/airflow/.local/lib/python3.12/site-packages/airflow/example_dags/example_latest_only.py for tasks to queue
[2024-08-13T17:45:23.034+0000] {logging_mixin.py:188} INFO - [2024-08-13T17:45:23.033+0000] {dagbag.py:545} INFO - Filling up the DagBag from /home/airflow/.local/lib/python3.12/site-packages/airflow/example_dags/example_latest_only.py
[2024-08-13T17:45:23.038+0000] {processor.py:840} INFO - DAG(s) 'latest_only' retrieved from /home/airflow/.local/lib/python3.12/site-packages/airflow/example_dags/example_latest_only.py
[2024-08-13T17:45:23.056+0000] {logging_mixin.py:188} INFO - [2024-08-13T17:45:23.056+0000] {dag.py:3089} INFO - Sync 1 DAGs
[2024-08-13T17:45:23.075+0000] {logging_mixin.py:188} INFO - [2024-08-13T17:45:23.075+0000] {dag.py:3947} INFO - Setting next_dagrun for latest_only to 2024-08-13 12:00:00+00:00, run_after=2024-08-13 16:00:00+00:00
[2024-08-13T17:45:23.092+0000] {processor.py:183} INFO - Processing /home/airflow/.local/lib/python3.12/site-packages/airflow/example_dags/example_latest_only.py took 0.065 seconds
[2024-08-13T17:45:53.496+0000] {processor.py:161} INFO - Started process (PID=1871) to work on /home/airflow/.local/lib/python3.12/site-packages/airflow/example_dags/example_latest_only.py
[2024-08-13T17:45:53.496+0000] {processor.py:830} INFO - Processing file /home/airflow/.local/lib/python3.12/site-packages/airflow/example_dags/example_latest_only.py for tasks to queue
[2024-08-13T17:45:53.498+0000] {logging_mixin.py:188} INFO - [2024-08-13T17:45:53.497+0000] {dagbag.py:545} INFO - Filling up the DagBag from /home/airflow/.local/lib/python3.12/site-packages/airflow/example_dags/example_latest_only.py
[2024-08-13T17:45:53.501+0000] {processor.py:840} INFO - DAG(s) 'latest_only' retrieved from /home/airflow/.local/lib/python3.12/site-packages/airflow/example_dags/example_latest_only.py
[2024-08-13T17:45:53.519+0000] {logging_mixin.py:188} INFO - [2024-08-13T17:45:53.519+0000] {dag.py:3089} INFO - Sync 1 DAGs
[2024-08-13T17:45:53.539+0000] {logging_mixin.py:188} INFO - [2024-08-13T17:45:53.539+0000] {dag.py:3947} INFO - Setting next_dagrun for latest_only to 2024-08-13 12:00:00+00:00, run_after=2024-08-13 16:00:00+00:00
[2024-08-13T17:45:53.556+0000] {processor.py:183} INFO - Processing /home/airflow/.local/lib/python3.12/site-packages/airflow/example_dags/example_latest_only.py took 0.065 seconds
[2024-08-13T17:46:23.935+0000] {processor.py:161} INFO - Started process (PID=1929) to work on /home/airflow/.local/lib/python3.12/site-packages/airflow/example_dags/example_latest_only.py
[2024-08-13T17:46:23.936+0000] {processor.py:830} INFO - Processing file /home/airflow/.local/lib/python3.12/site-packages/airflow/example_dags/example_latest_only.py for tasks to queue
[2024-08-13T17:46:23.937+0000] {logging_mixin.py:188} INFO - [2024-08-13T17:46:23.937+0000] {dagbag.py:545} INFO - Filling up the DagBag from /home/airflow/.local/lib/python3.12/site-packages/airflow/example_dags/example_latest_only.py
[2024-08-13T17:46:23.941+0000] {processor.py:840} INFO - DAG(s) 'latest_only' retrieved from /home/airflow/.local/lib/python3.12/site-packages/airflow/example_dags/example_latest_only.py
[2024-08-13T17:46:23.959+0000] {logging_mixin.py:188} INFO - [2024-08-13T17:46:23.959+0000] {dag.py:3089} INFO - Sync 1 DAGs
[2024-08-13T17:46:23.980+0000] {logging_mixin.py:188} INFO - [2024-08-13T17:46:23.979+0000] {dag.py:3947} INFO - Setting next_dagrun for latest_only to 2024-08-13 12:00:00+00:00, run_after=2024-08-13 16:00:00+00:00
[2024-08-13T17:46:23.997+0000] {processor.py:183} INFO - Processing /home/airflow/.local/lib/python3.12/site-packages/airflow/example_dags/example_latest_only.py took 0.067 seconds
[2024-08-13T17:46:54.457+0000] {processor.py:161} INFO - Started process (PID=1987) to work on /home/airflow/.local/lib/python3.12/site-packages/airflow/example_dags/example_latest_only.py
[2024-08-13T17:46:54.457+0000] {processor.py:830} INFO - Processing file /home/airflow/.local/lib/python3.12/site-packages/airflow/example_dags/example_latest_only.py for tasks to queue
[2024-08-13T17:46:54.459+0000] {logging_mixin.py:188} INFO - [2024-08-13T17:46:54.459+0000] {dagbag.py:545} INFO - Filling up the DagBag from /home/airflow/.local/lib/python3.12/site-packages/airflow/example_dags/example_latest_only.py
[2024-08-13T17:46:54.463+0000] {processor.py:840} INFO - DAG(s) 'latest_only' retrieved from /home/airflow/.local/lib/python3.12/site-packages/airflow/example_dags/example_latest_only.py
[2024-08-13T17:46:54.481+0000] {logging_mixin.py:188} INFO - [2024-08-13T17:46:54.481+0000] {dag.py:3089} INFO - Sync 1 DAGs
[2024-08-13T17:46:54.500+0000] {logging_mixin.py:188} INFO - [2024-08-13T17:46:54.500+0000] {dag.py:3947} INFO - Setting next_dagrun for latest_only to 2024-08-13 12:00:00+00:00, run_after=2024-08-13 16:00:00+00:00
[2024-08-13T17:46:54.517+0000] {processor.py:183} INFO - Processing /home/airflow/.local/lib/python3.12/site-packages/airflow/example_dags/example_latest_only.py took 0.066 seconds
[2024-08-13T17:47:25.008+0000] {processor.py:161} INFO - Started process (PID=2045) to work on /home/airflow/.local/lib/python3.12/site-packages/airflow/example_dags/example_latest_only.py
[2024-08-13T17:47:25.009+0000] {processor.py:830} INFO - Processing file /home/airflow/.local/lib/python3.12/site-packages/airflow/example_dags/example_latest_only.py for tasks to queue
[2024-08-13T17:47:25.010+0000] {logging_mixin.py:188} INFO - [2024-08-13T17:47:25.010+0000] {dagbag.py:545} INFO - Filling up the DagBag from /home/airflow/.local/lib/python3.12/site-packages/airflow/example_dags/example_latest_only.py
[2024-08-13T17:47:25.014+0000] {processor.py:840} INFO - DAG(s) 'latest_only' retrieved from /home/airflow/.local/lib/python3.12/site-packages/airflow/example_dags/example_latest_only.py
[2024-08-13T17:47:25.031+0000] {logging_mixin.py:188} INFO - [2024-08-13T17:47:25.031+0000] {dag.py:3089} INFO - Sync 1 DAGs
[2024-08-13T17:47:25.051+0000] {logging_mixin.py:188} INFO - [2024-08-13T17:47:25.051+0000] {dag.py:3947} INFO - Setting next_dagrun for latest_only to 2024-08-13 12:00:00+00:00, run_after=2024-08-13 16:00:00+00:00
[2024-08-13T17:47:25.067+0000] {processor.py:183} INFO - Processing /home/airflow/.local/lib/python3.12/site-packages/airflow/example_dags/example_latest_only.py took 0.064 seconds
[2024-08-13T17:47:55.454+0000] {processor.py:161} INFO - Started process (PID=2103) to work on /home/airflow/.local/lib/python3.12/site-packages/airflow/example_dags/example_latest_only.py
[2024-08-13T17:47:55.454+0000] {processor.py:830} INFO - Processing file /home/airflow/.local/lib/python3.12/site-packages/airflow/example_dags/example_latest_only.py for tasks to queue
[2024-08-13T17:47:55.456+0000] {logging_mixin.py:188} INFO - [2024-08-13T17:47:55.456+0000] {dagbag.py:545} INFO - Filling up the DagBag from /home/airflow/.local/lib/python3.12/site-packages/airflow/example_dags/example_latest_only.py
[2024-08-13T17:47:55.460+0000] {processor.py:840} INFO - DAG(s) 'latest_only' retrieved from /home/airflow/.local/lib/python3.12/site-packages/airflow/example_dags/example_latest_only.py
[2024-08-13T17:47:55.478+0000] {logging_mixin.py:188} INFO - [2024-08-13T17:47:55.477+0000] {dag.py:3089} INFO - Sync 1 DAGs
[2024-08-13T17:47:55.500+0000] {logging_mixin.py:188} INFO - [2024-08-13T17:47:55.500+0000] {dag.py:3947} INFO - Setting next_dagrun for latest_only to 2024-08-13 12:00:00+00:00, run_after=2024-08-13 16:00:00+00:00
[2024-08-13T17:47:55.522+0000] {processor.py:183} INFO - Processing /home/airflow/.local/lib/python3.12/site-packages/airflow/example_dags/example_latest_only.py took 0.073 seconds
[2024-08-13T17:48:25.954+0000] {processor.py:161} INFO - Started process (PID=2161) to work on /home/airflow/.local/lib/python3.12/site-packages/airflow/example_dags/example_latest_only.py
[2024-08-13T17:48:25.954+0000] {processor.py:830} INFO - Processing file /home/airflow/.local/lib/python3.12/site-packages/airflow/example_dags/example_latest_only.py for tasks to queue
[2024-08-13T17:48:25.956+0000] {logging_mixin.py:188} INFO - [2024-08-13T17:48:25.955+0000] {dagbag.py:545} INFO - Filling up the DagBag from /home/airflow/.local/lib/python3.12/site-packages/airflow/example_dags/example_latest_only.py
[2024-08-13T17:48:25.960+0000] {processor.py:840} INFO - DAG(s) 'latest_only' retrieved from /home/airflow/.local/lib/python3.12/site-packages/airflow/example_dags/example_latest_only.py
[2024-08-13T17:48:25.977+0000] {logging_mixin.py:188} INFO - [2024-08-13T17:48:25.977+0000] {dag.py:3089} INFO - Sync 1 DAGs
[2024-08-13T17:48:25.997+0000] {logging_mixin.py:188} INFO - [2024-08-13T17:48:25.997+0000] {dag.py:3947} INFO - Setting next_dagrun for latest_only to 2024-08-13 12:00:00+00:00, run_after=2024-08-13 16:00:00+00:00
[2024-08-13T17:48:26.014+0000] {processor.py:183} INFO - Processing /home/airflow/.local/lib/python3.12/site-packages/airflow/example_dags/example_latest_only.py took 0.065 seconds
[2024-08-13T17:48:56.490+0000] {processor.py:161} INFO - Started process (PID=2219) to work on /home/airflow/.local/lib/python3.12/site-packages/airflow/example_dags/example_latest_only.py
[2024-08-13T17:48:56.491+0000] {processor.py:830} INFO - Processing file /home/airflow/.local/lib/python3.12/site-packages/airflow/example_dags/example_latest_only.py for tasks to queue
[2024-08-13T17:48:56.492+0000] {logging_mixin.py:188} INFO - [2024-08-13T17:48:56.492+0000] {dagbag.py:545} INFO - Filling up the DagBag from /home/airflow/.local/lib/python3.12/site-packages/airflow/example_dags/example_latest_only.py
[2024-08-13T17:48:56.496+0000] {processor.py:840} INFO - DAG(s) 'latest_only' retrieved from /home/airflow/.local/lib/python3.12/site-packages/airflow/example_dags/example_latest_only.py
[2024-08-13T17:48:56.513+0000] {logging_mixin.py:188} INFO - [2024-08-13T17:48:56.513+0000] {dag.py:3089} INFO - Sync 1 DAGs
[2024-08-13T17:48:56.532+0000] {logging_mixin.py:188} INFO - [2024-08-13T17:48:56.532+0000] {dag.py:3947} INFO - Setting next_dagrun for latest_only to 2024-08-13 12:00:00+00:00, run_after=2024-08-13 16:00:00+00:00
[2024-08-13T17:48:56.548+0000] {processor.py:183} INFO - Processing /home/airflow/.local/lib/python3.12/site-packages/airflow/example_dags/example_latest_only.py took 0.063 seconds
[2024-08-13T17:49:27.033+0000] {processor.py:161} INFO - Started process (PID=2277) to work on /home/airflow/.local/lib/python3.12/site-packages/airflow/example_dags/example_latest_only.py
[2024-08-13T17:49:27.034+0000] {processor.py:830} INFO - Processing file /home/airflow/.local/lib/python3.12/site-packages/airflow/example_dags/example_latest_only.py for tasks to queue
[2024-08-13T17:49:27.035+0000] {logging_mixin.py:188} INFO - [2024-08-13T17:49:27.035+0000] {dagbag.py:545} INFO - Filling up the DagBag from /home/airflow/.local/lib/python3.12/site-packages/airflow/example_dags/example_latest_only.py
[2024-08-13T17:49:27.039+0000] {processor.py:840} INFO - DAG(s) 'latest_only' retrieved from /home/airflow/.local/lib/python3.12/site-packages/airflow/example_dags/example_latest_only.py
[2024-08-13T17:49:27.057+0000] {logging_mixin.py:188} INFO - [2024-08-13T17:49:27.056+0000] {dag.py:3089} INFO - Sync 1 DAGs
[2024-08-13T17:49:27.077+0000] {logging_mixin.py:188} INFO - [2024-08-13T17:49:27.077+0000] {dag.py:3947} INFO - Setting next_dagrun for latest_only to 2024-08-13 12:00:00+00:00, run_after=2024-08-13 16:00:00+00:00
[2024-08-13T17:49:27.095+0000] {processor.py:183} INFO - Processing /home/airflow/.local/lib/python3.12/site-packages/airflow/example_dags/example_latest_only.py took 0.067 seconds
[2024-08-13T17:49:57.449+0000] {processor.py:161} INFO - Started process (PID=2335) to work on /home/airflow/.local/lib/python3.12/site-packages/airflow/example_dags/example_latest_only.py
[2024-08-13T17:49:57.450+0000] {processor.py:830} INFO - Processing file /home/airflow/.local/lib/python3.12/site-packages/airflow/example_dags/example_latest_only.py for tasks to queue
[2024-08-13T17:49:57.452+0000] {logging_mixin.py:188} INFO - [2024-08-13T17:49:57.452+0000] {dagbag.py:545} INFO - Filling up the DagBag from /home/airflow/.local/lib/python3.12/site-packages/airflow/example_dags/example_latest_only.py
[2024-08-13T17:49:57.456+0000] {processor.py:840} INFO - DAG(s) 'latest_only' retrieved from /home/airflow/.local/lib/python3.12/site-packages/airflow/example_dags/example_latest_only.py
[2024-08-13T17:49:57.475+0000] {logging_mixin.py:188} INFO - [2024-08-13T17:49:57.474+0000] {dag.py:3089} INFO - Sync 1 DAGs
[2024-08-13T17:49:57.494+0000] {logging_mixin.py:188} INFO - [2024-08-13T17:49:57.494+0000] {dag.py:3947} INFO - Setting next_dagrun for latest_only to 2024-08-13 12:00:00+00:00, run_after=2024-08-13 16:00:00+00:00
[2024-08-13T17:49:57.510+0000] {processor.py:183} INFO - Processing /home/airflow/.local/lib/python3.12/site-packages/airflow/example_dags/example_latest_only.py took 0.066 seconds
[2024-08-13T17:50:27.859+0000] {processor.py:161} INFO - Started process (PID=2394) to work on /home/airflow/.local/lib/python3.12/site-packages/airflow/example_dags/example_latest_only.py
[2024-08-13T17:50:27.860+0000] {processor.py:830} INFO - Processing file /home/airflow/.local/lib/python3.12/site-packages/airflow/example_dags/example_latest_only.py for tasks to queue
[2024-08-13T17:50:27.861+0000] {logging_mixin.py:188} INFO - [2024-08-13T17:50:27.861+0000] {dagbag.py:545} INFO - Filling up the DagBag from /home/airflow/.local/lib/python3.12/site-packages/airflow/example_dags/example_latest_only.py
[2024-08-13T17:50:27.865+0000] {processor.py:840} INFO - DAG(s) 'latest_only' retrieved from /home/airflow/.local/lib/python3.12/site-packages/airflow/example_dags/example_latest_only.py
[2024-08-13T17:50:27.882+0000] {logging_mixin.py:188} INFO - [2024-08-13T17:50:27.882+0000] {dag.py:3089} INFO - Sync 1 DAGs
[2024-08-13T17:50:27.905+0000] {logging_mixin.py:188} INFO - [2024-08-13T17:50:27.904+0000] {dag.py:3947} INFO - Setting next_dagrun for latest_only to 2024-08-13 12:00:00+00:00, run_after=2024-08-13 16:00:00+00:00
[2024-08-13T17:50:27.921+0000] {processor.py:183} INFO - Processing /home/airflow/.local/lib/python3.12/site-packages/airflow/example_dags/example_latest_only.py took 0.067 seconds
