[2024-08-13T17:30:08.452+0000] {processor.py:161} INFO - Started process (PID=50) to work on /home/airflow/.local/lib/python3.12/site-packages/airflow/example_dags/example_bash_operator.py
[2024-08-13T17:30:08.453+0000] {processor.py:830} INFO - Processing file /home/airflow/.local/lib/python3.12/site-packages/airflow/example_dags/example_bash_operator.py for tasks to queue
[2024-08-13T17:30:08.454+0000] {logging_mixin.py:188} INFO - [2024-08-13T17:30:08.454+0000] {dagbag.py:545} INFO - Filling up the DagBag from /home/airflow/.local/lib/python3.12/site-packages/airflow/example_dags/example_bash_operator.py
[2024-08-13T17:30:08.468+0000] {processor.py:840} INFO - DAG(s) 'example_bash_operator' retrieved from /home/airflow/.local/lib/python3.12/site-packages/airflow/example_dags/example_bash_operator.py
[2024-08-13T17:30:08.520+0000] {logging_mixin.py:188} INFO - [2024-08-13T17:30:08.519+0000] {dag.py:3089} INFO - Sync 1 DAGs
[2024-08-13T17:30:08.542+0000] {logging_mixin.py:188} INFO - [2024-08-13T17:30:08.542+0000] {dag.py:3947} INFO - Setting next_dagrun for example_bash_operator to 2024-08-12 00:00:00+00:00, run_after=2024-08-13 00:00:00+00:00
[2024-08-13T17:30:08.561+0000] {processor.py:183} INFO - Processing /home/airflow/.local/lib/python3.12/site-packages/airflow/example_dags/example_bash_operator.py took 0.114 seconds
[2024-08-13T17:30:38.811+0000] {processor.py:161} INFO - Started process (PID=108) to work on /home/airflow/.local/lib/python3.12/site-packages/airflow/example_dags/example_bash_operator.py
[2024-08-13T17:30:38.812+0000] {processor.py:830} INFO - Processing file /home/airflow/.local/lib/python3.12/site-packages/airflow/example_dags/example_bash_operator.py for tasks to queue
[2024-08-13T17:30:38.814+0000] {logging_mixin.py:188} INFO - [2024-08-13T17:30:38.813+0000] {dagbag.py:545} INFO - Filling up the DagBag from /home/airflow/.local/lib/python3.12/site-packages/airflow/example_dags/example_bash_operator.py
[2024-08-13T17:30:38.823+0000] {processor.py:840} INFO - DAG(s) 'example_bash_operator' retrieved from /home/airflow/.local/lib/python3.12/site-packages/airflow/example_dags/example_bash_operator.py
[2024-08-13T17:30:38.848+0000] {logging_mixin.py:188} INFO - [2024-08-13T17:30:38.847+0000] {dag.py:3089} INFO - Sync 1 DAGs
[2024-08-13T17:30:38.868+0000] {logging_mixin.py:188} INFO - [2024-08-13T17:30:38.868+0000] {dag.py:3947} INFO - Setting next_dagrun for example_bash_operator to 2024-08-12 00:00:00+00:00, run_after=2024-08-13 00:00:00+00:00
[2024-08-13T17:30:38.884+0000] {processor.py:183} INFO - Processing /home/airflow/.local/lib/python3.12/site-packages/airflow/example_dags/example_bash_operator.py took 0.077 seconds
[2024-08-13T17:31:09.042+0000] {processor.py:161} INFO - Started process (PID=166) to work on /home/airflow/.local/lib/python3.12/site-packages/airflow/example_dags/example_bash_operator.py
[2024-08-13T17:31:09.043+0000] {processor.py:830} INFO - Processing file /home/airflow/.local/lib/python3.12/site-packages/airflow/example_dags/example_bash_operator.py for tasks to queue
[2024-08-13T17:31:09.044+0000] {logging_mixin.py:188} INFO - [2024-08-13T17:31:09.044+0000] {dagbag.py:545} INFO - Filling up the DagBag from /home/airflow/.local/lib/python3.12/site-packages/airflow/example_dags/example_bash_operator.py
[2024-08-13T17:31:09.054+0000] {processor.py:840} INFO - DAG(s) 'example_bash_operator' retrieved from /home/airflow/.local/lib/python3.12/site-packages/airflow/example_dags/example_bash_operator.py
[2024-08-13T17:31:09.080+0000] {logging_mixin.py:188} INFO - [2024-08-13T17:31:09.080+0000] {dag.py:3089} INFO - Sync 1 DAGs
[2024-08-13T17:31:09.103+0000] {logging_mixin.py:188} INFO - [2024-08-13T17:31:09.103+0000] {dag.py:3947} INFO - Setting next_dagrun for example_bash_operator to 2024-08-12 00:00:00+00:00, run_after=2024-08-13 00:00:00+00:00
[2024-08-13T17:31:09.125+0000] {processor.py:183} INFO - Processing /home/airflow/.local/lib/python3.12/site-packages/airflow/example_dags/example_bash_operator.py took 0.087 seconds
[2024-08-13T17:31:39.169+0000] {processor.py:161} INFO - Started process (PID=224) to work on /home/airflow/.local/lib/python3.12/site-packages/airflow/example_dags/example_bash_operator.py
[2024-08-13T17:31:39.170+0000] {processor.py:830} INFO - Processing file /home/airflow/.local/lib/python3.12/site-packages/airflow/example_dags/example_bash_operator.py for tasks to queue
[2024-08-13T17:31:39.172+0000] {logging_mixin.py:188} INFO - [2024-08-13T17:31:39.171+0000] {dagbag.py:545} INFO - Filling up the DagBag from /home/airflow/.local/lib/python3.12/site-packages/airflow/example_dags/example_bash_operator.py
[2024-08-13T17:31:39.182+0000] {processor.py:840} INFO - DAG(s) 'example_bash_operator' retrieved from /home/airflow/.local/lib/python3.12/site-packages/airflow/example_dags/example_bash_operator.py
[2024-08-13T17:31:39.208+0000] {logging_mixin.py:188} INFO - [2024-08-13T17:31:39.208+0000] {dag.py:3089} INFO - Sync 1 DAGs
[2024-08-13T17:31:39.229+0000] {logging_mixin.py:188} INFO - [2024-08-13T17:31:39.229+0000] {dag.py:3947} INFO - Setting next_dagrun for example_bash_operator to 2024-08-12 00:00:00+00:00, run_after=2024-08-13 00:00:00+00:00
[2024-08-13T17:31:39.244+0000] {processor.py:183} INFO - Processing /home/airflow/.local/lib/python3.12/site-packages/airflow/example_dags/example_bash_operator.py took 0.082 seconds
[2024-08-13T17:32:09.294+0000] {processor.py:161} INFO - Started process (PID=282) to work on /home/airflow/.local/lib/python3.12/site-packages/airflow/example_dags/example_bash_operator.py
[2024-08-13T17:32:09.295+0000] {processor.py:830} INFO - Processing file /home/airflow/.local/lib/python3.12/site-packages/airflow/example_dags/example_bash_operator.py for tasks to queue
[2024-08-13T17:32:09.296+0000] {logging_mixin.py:188} INFO - [2024-08-13T17:32:09.296+0000] {dagbag.py:545} INFO - Filling up the DagBag from /home/airflow/.local/lib/python3.12/site-packages/airflow/example_dags/example_bash_operator.py
[2024-08-13T17:32:09.305+0000] {processor.py:840} INFO - DAG(s) 'example_bash_operator' retrieved from /home/airflow/.local/lib/python3.12/site-packages/airflow/example_dags/example_bash_operator.py
[2024-08-13T17:32:09.331+0000] {logging_mixin.py:188} INFO - [2024-08-13T17:32:09.331+0000] {dag.py:3089} INFO - Sync 1 DAGs
[2024-08-13T17:32:09.352+0000] {logging_mixin.py:188} INFO - [2024-08-13T17:32:09.352+0000] {dag.py:3947} INFO - Setting next_dagrun for example_bash_operator to 2024-08-12 00:00:00+00:00, run_after=2024-08-13 00:00:00+00:00
[2024-08-13T17:32:09.370+0000] {processor.py:183} INFO - Processing /home/airflow/.local/lib/python3.12/site-packages/airflow/example_dags/example_bash_operator.py took 0.081 seconds
[2024-08-13T17:32:39.876+0000] {processor.py:161} INFO - Started process (PID=340) to work on /home/airflow/.local/lib/python3.12/site-packages/airflow/example_dags/example_bash_operator.py
[2024-08-13T17:32:39.878+0000] {processor.py:830} INFO - Processing file /home/airflow/.local/lib/python3.12/site-packages/airflow/example_dags/example_bash_operator.py for tasks to queue
[2024-08-13T17:32:39.880+0000] {logging_mixin.py:188} INFO - [2024-08-13T17:32:39.879+0000] {dagbag.py:545} INFO - Filling up the DagBag from /home/airflow/.local/lib/python3.12/site-packages/airflow/example_dags/example_bash_operator.py
[2024-08-13T17:32:39.889+0000] {processor.py:840} INFO - DAG(s) 'example_bash_operator' retrieved from /home/airflow/.local/lib/python3.12/site-packages/airflow/example_dags/example_bash_operator.py
[2024-08-13T17:32:39.913+0000] {logging_mixin.py:188} INFO - [2024-08-13T17:32:39.913+0000] {dag.py:3089} INFO - Sync 1 DAGs
[2024-08-13T17:32:39.933+0000] {logging_mixin.py:188} INFO - [2024-08-13T17:32:39.933+0000] {dag.py:3947} INFO - Setting next_dagrun for example_bash_operator to 2024-08-12 00:00:00+00:00, run_after=2024-08-13 00:00:00+00:00
[2024-08-13T17:32:39.949+0000] {processor.py:183} INFO - Processing /home/airflow/.local/lib/python3.12/site-packages/airflow/example_dags/example_bash_operator.py took 0.079 seconds
[2024-08-13T17:33:10.511+0000] {processor.py:161} INFO - Started process (PID=398) to work on /home/airflow/.local/lib/python3.12/site-packages/airflow/example_dags/example_bash_operator.py
[2024-08-13T17:33:10.512+0000] {processor.py:830} INFO - Processing file /home/airflow/.local/lib/python3.12/site-packages/airflow/example_dags/example_bash_operator.py for tasks to queue
[2024-08-13T17:33:10.514+0000] {logging_mixin.py:188} INFO - [2024-08-13T17:33:10.514+0000] {dagbag.py:545} INFO - Filling up the DagBag from /home/airflow/.local/lib/python3.12/site-packages/airflow/example_dags/example_bash_operator.py
[2024-08-13T17:33:10.523+0000] {processor.py:840} INFO - DAG(s) 'example_bash_operator' retrieved from /home/airflow/.local/lib/python3.12/site-packages/airflow/example_dags/example_bash_operator.py
[2024-08-13T17:33:10.548+0000] {logging_mixin.py:188} INFO - [2024-08-13T17:33:10.548+0000] {dag.py:3089} INFO - Sync 1 DAGs
[2024-08-13T17:33:10.568+0000] {logging_mixin.py:188} INFO - [2024-08-13T17:33:10.568+0000] {dag.py:3947} INFO - Setting next_dagrun for example_bash_operator to 2024-08-12 00:00:00+00:00, run_after=2024-08-13 00:00:00+00:00
[2024-08-13T17:33:10.585+0000] {processor.py:183} INFO - Processing /home/airflow/.local/lib/python3.12/site-packages/airflow/example_dags/example_bash_operator.py took 0.080 seconds
[2024-08-13T17:33:41.149+0000] {processor.py:161} INFO - Started process (PID=456) to work on /home/airflow/.local/lib/python3.12/site-packages/airflow/example_dags/example_bash_operator.py
[2024-08-13T17:33:41.151+0000] {processor.py:830} INFO - Processing file /home/airflow/.local/lib/python3.12/site-packages/airflow/example_dags/example_bash_operator.py for tasks to queue
[2024-08-13T17:33:41.152+0000] {logging_mixin.py:188} INFO - [2024-08-13T17:33:41.152+0000] {dagbag.py:545} INFO - Filling up the DagBag from /home/airflow/.local/lib/python3.12/site-packages/airflow/example_dags/example_bash_operator.py
[2024-08-13T17:33:41.161+0000] {processor.py:840} INFO - DAG(s) 'example_bash_operator' retrieved from /home/airflow/.local/lib/python3.12/site-packages/airflow/example_dags/example_bash_operator.py
[2024-08-13T17:33:41.186+0000] {logging_mixin.py:188} INFO - [2024-08-13T17:33:41.186+0000] {dag.py:3089} INFO - Sync 1 DAGs
[2024-08-13T17:33:41.206+0000] {logging_mixin.py:188} INFO - [2024-08-13T17:33:41.205+0000] {dag.py:3947} INFO - Setting next_dagrun for example_bash_operator to 2024-08-12 00:00:00+00:00, run_after=2024-08-13 00:00:00+00:00
[2024-08-13T17:33:41.222+0000] {processor.py:183} INFO - Processing /home/airflow/.local/lib/python3.12/site-packages/airflow/example_dags/example_bash_operator.py took 0.079 seconds
[2024-08-13T17:34:11.774+0000] {processor.py:161} INFO - Started process (PID=514) to work on /home/airflow/.local/lib/python3.12/site-packages/airflow/example_dags/example_bash_operator.py
[2024-08-13T17:34:11.776+0000] {processor.py:830} INFO - Processing file /home/airflow/.local/lib/python3.12/site-packages/airflow/example_dags/example_bash_operator.py for tasks to queue
[2024-08-13T17:34:11.778+0000] {logging_mixin.py:188} INFO - [2024-08-13T17:34:11.777+0000] {dagbag.py:545} INFO - Filling up the DagBag from /home/airflow/.local/lib/python3.12/site-packages/airflow/example_dags/example_bash_operator.py
[2024-08-13T17:34:11.786+0000] {processor.py:840} INFO - DAG(s) 'example_bash_operator' retrieved from /home/airflow/.local/lib/python3.12/site-packages/airflow/example_dags/example_bash_operator.py
[2024-08-13T17:34:11.811+0000] {logging_mixin.py:188} INFO - [2024-08-13T17:34:11.811+0000] {dag.py:3089} INFO - Sync 1 DAGs
[2024-08-13T17:34:11.831+0000] {logging_mixin.py:188} INFO - [2024-08-13T17:34:11.830+0000] {dag.py:3947} INFO - Setting next_dagrun for example_bash_operator to 2024-08-12 00:00:00+00:00, run_after=2024-08-13 00:00:00+00:00
[2024-08-13T17:34:11.848+0000] {processor.py:183} INFO - Processing /home/airflow/.local/lib/python3.12/site-packages/airflow/example_dags/example_bash_operator.py took 0.080 seconds
[2024-08-13T17:34:42.169+0000] {processor.py:161} INFO - Started process (PID=572) to work on /home/airflow/.local/lib/python3.12/site-packages/airflow/example_dags/example_bash_operator.py
[2024-08-13T17:34:42.171+0000] {processor.py:830} INFO - Processing file /home/airflow/.local/lib/python3.12/site-packages/airflow/example_dags/example_bash_operator.py for tasks to queue
[2024-08-13T17:34:42.172+0000] {logging_mixin.py:188} INFO - [2024-08-13T17:34:42.172+0000] {dagbag.py:545} INFO - Filling up the DagBag from /home/airflow/.local/lib/python3.12/site-packages/airflow/example_dags/example_bash_operator.py
[2024-08-13T17:34:42.181+0000] {processor.py:840} INFO - DAG(s) 'example_bash_operator' retrieved from /home/airflow/.local/lib/python3.12/site-packages/airflow/example_dags/example_bash_operator.py
[2024-08-13T17:34:42.207+0000] {logging_mixin.py:188} INFO - [2024-08-13T17:34:42.207+0000] {dag.py:3089} INFO - Sync 1 DAGs
[2024-08-13T17:34:42.226+0000] {logging_mixin.py:188} INFO - [2024-08-13T17:34:42.226+0000] {dag.py:3947} INFO - Setting next_dagrun for example_bash_operator to 2024-08-12 00:00:00+00:00, run_after=2024-08-13 00:00:00+00:00
[2024-08-13T17:34:42.243+0000] {processor.py:183} INFO - Processing /home/airflow/.local/lib/python3.12/site-packages/airflow/example_dags/example_bash_operator.py took 0.079 seconds
[2024-08-13T17:35:12.742+0000] {processor.py:161} INFO - Started process (PID=630) to work on /home/airflow/.local/lib/python3.12/site-packages/airflow/example_dags/example_bash_operator.py
[2024-08-13T17:35:12.744+0000] {processor.py:830} INFO - Processing file /home/airflow/.local/lib/python3.12/site-packages/airflow/example_dags/example_bash_operator.py for tasks to queue
[2024-08-13T17:35:12.746+0000] {logging_mixin.py:188} INFO - [2024-08-13T17:35:12.745+0000] {dagbag.py:545} INFO - Filling up the DagBag from /home/airflow/.local/lib/python3.12/site-packages/airflow/example_dags/example_bash_operator.py
[2024-08-13T17:35:12.755+0000] {processor.py:840} INFO - DAG(s) 'example_bash_operator' retrieved from /home/airflow/.local/lib/python3.12/site-packages/airflow/example_dags/example_bash_operator.py
[2024-08-13T17:35:12.779+0000] {logging_mixin.py:188} INFO - [2024-08-13T17:35:12.779+0000] {dag.py:3089} INFO - Sync 1 DAGs
[2024-08-13T17:35:12.799+0000] {logging_mixin.py:188} INFO - [2024-08-13T17:35:12.798+0000] {dag.py:3947} INFO - Setting next_dagrun for example_bash_operator to 2024-08-12 00:00:00+00:00, run_after=2024-08-13 00:00:00+00:00
[2024-08-13T17:35:12.815+0000] {processor.py:183} INFO - Processing /home/airflow/.local/lib/python3.12/site-packages/airflow/example_dags/example_bash_operator.py took 0.079 seconds
[2024-08-13T17:35:43.099+0000] {processor.py:161} INFO - Started process (PID=688) to work on /home/airflow/.local/lib/python3.12/site-packages/airflow/example_dags/example_bash_operator.py
[2024-08-13T17:35:43.101+0000] {processor.py:830} INFO - Processing file /home/airflow/.local/lib/python3.12/site-packages/airflow/example_dags/example_bash_operator.py for tasks to queue
[2024-08-13T17:35:43.102+0000] {logging_mixin.py:188} INFO - [2024-08-13T17:35:43.102+0000] {dagbag.py:545} INFO - Filling up the DagBag from /home/airflow/.local/lib/python3.12/site-packages/airflow/example_dags/example_bash_operator.py
[2024-08-13T17:35:43.112+0000] {processor.py:840} INFO - DAG(s) 'example_bash_operator' retrieved from /home/airflow/.local/lib/python3.12/site-packages/airflow/example_dags/example_bash_operator.py
[2024-08-13T17:35:43.142+0000] {logging_mixin.py:188} INFO - [2024-08-13T17:35:43.142+0000] {dag.py:3089} INFO - Sync 1 DAGs
[2024-08-13T17:35:43.162+0000] {logging_mixin.py:188} INFO - [2024-08-13T17:35:43.162+0000] {dag.py:3947} INFO - Setting next_dagrun for example_bash_operator to 2024-08-12 00:00:00+00:00, run_after=2024-08-13 00:00:00+00:00
[2024-08-13T17:35:43.179+0000] {processor.py:183} INFO - Processing /home/airflow/.local/lib/python3.12/site-packages/airflow/example_dags/example_bash_operator.py took 0.085 seconds
[2024-08-13T17:36:13.641+0000] {processor.py:161} INFO - Started process (PID=752) to work on /home/airflow/.local/lib/python3.12/site-packages/airflow/example_dags/example_bash_operator.py
[2024-08-13T17:36:13.643+0000] {processor.py:830} INFO - Processing file /home/airflow/.local/lib/python3.12/site-packages/airflow/example_dags/example_bash_operator.py for tasks to queue
[2024-08-13T17:36:13.644+0000] {logging_mixin.py:188} INFO - [2024-08-13T17:36:13.644+0000] {dagbag.py:545} INFO - Filling up the DagBag from /home/airflow/.local/lib/python3.12/site-packages/airflow/example_dags/example_bash_operator.py
[2024-08-13T17:36:13.654+0000] {processor.py:840} INFO - DAG(s) 'example_bash_operator' retrieved from /home/airflow/.local/lib/python3.12/site-packages/airflow/example_dags/example_bash_operator.py
[2024-08-13T17:36:13.679+0000] {logging_mixin.py:188} INFO - [2024-08-13T17:36:13.679+0000] {dag.py:3089} INFO - Sync 1 DAGs
[2024-08-13T17:36:13.700+0000] {logging_mixin.py:188} INFO - [2024-08-13T17:36:13.699+0000] {dag.py:3947} INFO - Setting next_dagrun for example_bash_operator to 2024-08-12 00:00:00+00:00, run_after=2024-08-13 00:00:00+00:00
[2024-08-13T17:36:13.718+0000] {processor.py:183} INFO - Processing /home/airflow/.local/lib/python3.12/site-packages/airflow/example_dags/example_bash_operator.py took 0.081 seconds
[2024-08-13T17:36:44.207+0000] {processor.py:161} INFO - Started process (PID=810) to work on /home/airflow/.local/lib/python3.12/site-packages/airflow/example_dags/example_bash_operator.py
[2024-08-13T17:36:44.208+0000] {processor.py:830} INFO - Processing file /home/airflow/.local/lib/python3.12/site-packages/airflow/example_dags/example_bash_operator.py for tasks to queue
[2024-08-13T17:36:44.209+0000] {logging_mixin.py:188} INFO - [2024-08-13T17:36:44.209+0000] {dagbag.py:545} INFO - Filling up the DagBag from /home/airflow/.local/lib/python3.12/site-packages/airflow/example_dags/example_bash_operator.py
[2024-08-13T17:36:44.219+0000] {processor.py:840} INFO - DAG(s) 'example_bash_operator' retrieved from /home/airflow/.local/lib/python3.12/site-packages/airflow/example_dags/example_bash_operator.py
[2024-08-13T17:36:44.244+0000] {logging_mixin.py:188} INFO - [2024-08-13T17:36:44.244+0000] {dag.py:3089} INFO - Sync 1 DAGs
[2024-08-13T17:36:44.265+0000] {logging_mixin.py:188} INFO - [2024-08-13T17:36:44.264+0000] {dag.py:3947} INFO - Setting next_dagrun for example_bash_operator to 2024-08-12 00:00:00+00:00, run_after=2024-08-13 00:00:00+00:00
[2024-08-13T17:36:44.282+0000] {processor.py:183} INFO - Processing /home/airflow/.local/lib/python3.12/site-packages/airflow/example_dags/example_bash_operator.py took 0.079 seconds
[2024-08-13T17:37:14.592+0000] {processor.py:161} INFO - Started process (PID=868) to work on /home/airflow/.local/lib/python3.12/site-packages/airflow/example_dags/example_bash_operator.py
[2024-08-13T17:37:14.595+0000] {processor.py:830} INFO - Processing file /home/airflow/.local/lib/python3.12/site-packages/airflow/example_dags/example_bash_operator.py for tasks to queue
[2024-08-13T17:37:14.596+0000] {logging_mixin.py:188} INFO - [2024-08-13T17:37:14.596+0000] {dagbag.py:545} INFO - Filling up the DagBag from /home/airflow/.local/lib/python3.12/site-packages/airflow/example_dags/example_bash_operator.py
[2024-08-13T17:37:14.606+0000] {processor.py:840} INFO - DAG(s) 'example_bash_operator' retrieved from /home/airflow/.local/lib/python3.12/site-packages/airflow/example_dags/example_bash_operator.py
[2024-08-13T17:37:14.631+0000] {logging_mixin.py:188} INFO - [2024-08-13T17:37:14.631+0000] {dag.py:3089} INFO - Sync 1 DAGs
[2024-08-13T17:37:14.652+0000] {logging_mixin.py:188} INFO - [2024-08-13T17:37:14.651+0000] {dag.py:3947} INFO - Setting next_dagrun for example_bash_operator to 2024-08-12 00:00:00+00:00, run_after=2024-08-13 00:00:00+00:00
[2024-08-13T17:37:14.669+0000] {processor.py:183} INFO - Processing /home/airflow/.local/lib/python3.12/site-packages/airflow/example_dags/example_bash_operator.py took 0.082 seconds
[2024-08-13T17:37:45.238+0000] {processor.py:161} INFO - Started process (PID=926) to work on /home/airflow/.local/lib/python3.12/site-packages/airflow/example_dags/example_bash_operator.py
[2024-08-13T17:37:45.240+0000] {processor.py:830} INFO - Processing file /home/airflow/.local/lib/python3.12/site-packages/airflow/example_dags/example_bash_operator.py for tasks to queue
[2024-08-13T17:37:45.242+0000] {logging_mixin.py:188} INFO - [2024-08-13T17:37:45.242+0000] {dagbag.py:545} INFO - Filling up the DagBag from /home/airflow/.local/lib/python3.12/site-packages/airflow/example_dags/example_bash_operator.py
[2024-08-13T17:37:45.253+0000] {processor.py:840} INFO - DAG(s) 'example_bash_operator' retrieved from /home/airflow/.local/lib/python3.12/site-packages/airflow/example_dags/example_bash_operator.py
[2024-08-13T17:37:45.278+0000] {logging_mixin.py:188} INFO - [2024-08-13T17:37:45.278+0000] {dag.py:3089} INFO - Sync 1 DAGs
[2024-08-13T17:37:45.299+0000] {logging_mixin.py:188} INFO - [2024-08-13T17:37:45.299+0000] {dag.py:3947} INFO - Setting next_dagrun for example_bash_operator to 2024-08-12 00:00:00+00:00, run_after=2024-08-13 00:00:00+00:00
[2024-08-13T17:37:45.317+0000] {processor.py:183} INFO - Processing /home/airflow/.local/lib/python3.12/site-packages/airflow/example_dags/example_bash_operator.py took 0.084 seconds
[2024-08-13T17:38:15.848+0000] {processor.py:161} INFO - Started process (PID=984) to work on /home/airflow/.local/lib/python3.12/site-packages/airflow/example_dags/example_bash_operator.py
[2024-08-13T17:38:15.850+0000] {processor.py:830} INFO - Processing file /home/airflow/.local/lib/python3.12/site-packages/airflow/example_dags/example_bash_operator.py for tasks to queue
[2024-08-13T17:38:15.852+0000] {logging_mixin.py:188} INFO - [2024-08-13T17:38:15.852+0000] {dagbag.py:545} INFO - Filling up the DagBag from /home/airflow/.local/lib/python3.12/site-packages/airflow/example_dags/example_bash_operator.py
[2024-08-13T17:38:15.861+0000] {processor.py:840} INFO - DAG(s) 'example_bash_operator' retrieved from /home/airflow/.local/lib/python3.12/site-packages/airflow/example_dags/example_bash_operator.py
[2024-08-13T17:38:15.885+0000] {logging_mixin.py:188} INFO - [2024-08-13T17:38:15.885+0000] {dag.py:3089} INFO - Sync 1 DAGs
[2024-08-13T17:38:15.905+0000] {logging_mixin.py:188} INFO - [2024-08-13T17:38:15.905+0000] {dag.py:3947} INFO - Setting next_dagrun for example_bash_operator to 2024-08-12 00:00:00+00:00, run_after=2024-08-13 00:00:00+00:00
[2024-08-13T17:38:15.923+0000] {processor.py:183} INFO - Processing /home/airflow/.local/lib/python3.12/site-packages/airflow/example_dags/example_bash_operator.py took 0.079 seconds
[2024-08-13T17:38:45.942+0000] {processor.py:161} INFO - Started process (PID=1042) to work on /home/airflow/.local/lib/python3.12/site-packages/airflow/example_dags/example_bash_operator.py
[2024-08-13T17:38:45.943+0000] {processor.py:830} INFO - Processing file /home/airflow/.local/lib/python3.12/site-packages/airflow/example_dags/example_bash_operator.py for tasks to queue
[2024-08-13T17:38:45.944+0000] {logging_mixin.py:188} INFO - [2024-08-13T17:38:45.944+0000] {dagbag.py:545} INFO - Filling up the DagBag from /home/airflow/.local/lib/python3.12/site-packages/airflow/example_dags/example_bash_operator.py
[2024-08-13T17:38:45.954+0000] {processor.py:840} INFO - DAG(s) 'example_bash_operator' retrieved from /home/airflow/.local/lib/python3.12/site-packages/airflow/example_dags/example_bash_operator.py
[2024-08-13T17:38:45.979+0000] {logging_mixin.py:188} INFO - [2024-08-13T17:38:45.979+0000] {dag.py:3089} INFO - Sync 1 DAGs
[2024-08-13T17:38:46.000+0000] {logging_mixin.py:188} INFO - [2024-08-13T17:38:46.000+0000] {dag.py:3947} INFO - Setting next_dagrun for example_bash_operator to 2024-08-12 00:00:00+00:00, run_after=2024-08-13 00:00:00+00:00
[2024-08-13T17:38:46.017+0000] {processor.py:183} INFO - Processing /home/airflow/.local/lib/python3.12/site-packages/airflow/example_dags/example_bash_operator.py took 0.080 seconds
[2024-08-13T17:39:16.410+0000] {processor.py:161} INFO - Started process (PID=1100) to work on /home/airflow/.local/lib/python3.12/site-packages/airflow/example_dags/example_bash_operator.py
[2024-08-13T17:39:16.411+0000] {processor.py:830} INFO - Processing file /home/airflow/.local/lib/python3.12/site-packages/airflow/example_dags/example_bash_operator.py for tasks to queue
[2024-08-13T17:39:16.413+0000] {logging_mixin.py:188} INFO - [2024-08-13T17:39:16.412+0000] {dagbag.py:545} INFO - Filling up the DagBag from /home/airflow/.local/lib/python3.12/site-packages/airflow/example_dags/example_bash_operator.py
[2024-08-13T17:39:16.423+0000] {processor.py:840} INFO - DAG(s) 'example_bash_operator' retrieved from /home/airflow/.local/lib/python3.12/site-packages/airflow/example_dags/example_bash_operator.py
[2024-08-13T17:39:16.448+0000] {logging_mixin.py:188} INFO - [2024-08-13T17:39:16.448+0000] {dag.py:3089} INFO - Sync 1 DAGs
[2024-08-13T17:39:16.469+0000] {logging_mixin.py:188} INFO - [2024-08-13T17:39:16.469+0000] {dag.py:3947} INFO - Setting next_dagrun for example_bash_operator to 2024-08-12 00:00:00+00:00, run_after=2024-08-13 00:00:00+00:00
[2024-08-13T17:39:16.486+0000] {processor.py:183} INFO - Processing /home/airflow/.local/lib/python3.12/site-packages/airflow/example_dags/example_bash_operator.py took 0.082 seconds
[2024-08-13T17:39:46.886+0000] {processor.py:161} INFO - Started process (PID=1158) to work on /home/airflow/.local/lib/python3.12/site-packages/airflow/example_dags/example_bash_operator.py
[2024-08-13T17:39:46.887+0000] {processor.py:830} INFO - Processing file /home/airflow/.local/lib/python3.12/site-packages/airflow/example_dags/example_bash_operator.py for tasks to queue
[2024-08-13T17:39:46.888+0000] {logging_mixin.py:188} INFO - [2024-08-13T17:39:46.888+0000] {dagbag.py:545} INFO - Filling up the DagBag from /home/airflow/.local/lib/python3.12/site-packages/airflow/example_dags/example_bash_operator.py
[2024-08-13T17:39:46.898+0000] {processor.py:840} INFO - DAG(s) 'example_bash_operator' retrieved from /home/airflow/.local/lib/python3.12/site-packages/airflow/example_dags/example_bash_operator.py
[2024-08-13T17:39:46.923+0000] {logging_mixin.py:188} INFO - [2024-08-13T17:39:46.923+0000] {dag.py:3089} INFO - Sync 1 DAGs
[2024-08-13T17:39:46.943+0000] {logging_mixin.py:188} INFO - [2024-08-13T17:39:46.943+0000] {dag.py:3947} INFO - Setting next_dagrun for example_bash_operator to 2024-08-12 00:00:00+00:00, run_after=2024-08-13 00:00:00+00:00
[2024-08-13T17:39:46.959+0000] {processor.py:183} INFO - Processing /home/airflow/.local/lib/python3.12/site-packages/airflow/example_dags/example_bash_operator.py took 0.078 seconds
[2024-08-13T17:40:17.427+0000] {processor.py:161} INFO - Started process (PID=1216) to work on /home/airflow/.local/lib/python3.12/site-packages/airflow/example_dags/example_bash_operator.py
[2024-08-13T17:40:17.428+0000] {processor.py:830} INFO - Processing file /home/airflow/.local/lib/python3.12/site-packages/airflow/example_dags/example_bash_operator.py for tasks to queue
[2024-08-13T17:40:17.429+0000] {logging_mixin.py:188} INFO - [2024-08-13T17:40:17.429+0000] {dagbag.py:545} INFO - Filling up the DagBag from /home/airflow/.local/lib/python3.12/site-packages/airflow/example_dags/example_bash_operator.py
[2024-08-13T17:40:17.439+0000] {processor.py:840} INFO - DAG(s) 'example_bash_operator' retrieved from /home/airflow/.local/lib/python3.12/site-packages/airflow/example_dags/example_bash_operator.py
[2024-08-13T17:40:17.464+0000] {logging_mixin.py:188} INFO - [2024-08-13T17:40:17.464+0000] {dag.py:3089} INFO - Sync 1 DAGs
[2024-08-13T17:40:17.484+0000] {logging_mixin.py:188} INFO - [2024-08-13T17:40:17.484+0000] {dag.py:3947} INFO - Setting next_dagrun for example_bash_operator to 2024-08-12 00:00:00+00:00, run_after=2024-08-13 00:00:00+00:00
[2024-08-13T17:40:17.501+0000] {processor.py:183} INFO - Processing /home/airflow/.local/lib/python3.12/site-packages/airflow/example_dags/example_bash_operator.py took 0.080 seconds
[2024-08-13T17:40:47.931+0000] {processor.py:161} INFO - Started process (PID=1274) to work on /home/airflow/.local/lib/python3.12/site-packages/airflow/example_dags/example_bash_operator.py
[2024-08-13T17:40:47.932+0000] {processor.py:830} INFO - Processing file /home/airflow/.local/lib/python3.12/site-packages/airflow/example_dags/example_bash_operator.py for tasks to queue
[2024-08-13T17:40:47.934+0000] {logging_mixin.py:188} INFO - [2024-08-13T17:40:47.933+0000] {dagbag.py:545} INFO - Filling up the DagBag from /home/airflow/.local/lib/python3.12/site-packages/airflow/example_dags/example_bash_operator.py
[2024-08-13T17:40:47.943+0000] {processor.py:840} INFO - DAG(s) 'example_bash_operator' retrieved from /home/airflow/.local/lib/python3.12/site-packages/airflow/example_dags/example_bash_operator.py
[2024-08-13T17:40:47.968+0000] {logging_mixin.py:188} INFO - [2024-08-13T17:40:47.968+0000] {dag.py:3089} INFO - Sync 1 DAGs
[2024-08-13T17:40:47.988+0000] {logging_mixin.py:188} INFO - [2024-08-13T17:40:47.987+0000] {dag.py:3947} INFO - Setting next_dagrun for example_bash_operator to 2024-08-12 00:00:00+00:00, run_after=2024-08-13 00:00:00+00:00
[2024-08-13T17:40:48.005+0000] {processor.py:183} INFO - Processing /home/airflow/.local/lib/python3.12/site-packages/airflow/example_dags/example_bash_operator.py took 0.079 seconds
[2024-08-13T17:41:18.040+0000] {processor.py:161} INFO - Started process (PID=1332) to work on /home/airflow/.local/lib/python3.12/site-packages/airflow/example_dags/example_bash_operator.py
[2024-08-13T17:41:18.041+0000] {processor.py:830} INFO - Processing file /home/airflow/.local/lib/python3.12/site-packages/airflow/example_dags/example_bash_operator.py for tasks to queue
[2024-08-13T17:41:18.042+0000] {logging_mixin.py:188} INFO - [2024-08-13T17:41:18.042+0000] {dagbag.py:545} INFO - Filling up the DagBag from /home/airflow/.local/lib/python3.12/site-packages/airflow/example_dags/example_bash_operator.py
[2024-08-13T17:41:18.052+0000] {processor.py:840} INFO - DAG(s) 'example_bash_operator' retrieved from /home/airflow/.local/lib/python3.12/site-packages/airflow/example_dags/example_bash_operator.py
[2024-08-13T17:41:18.076+0000] {logging_mixin.py:188} INFO - [2024-08-13T17:41:18.076+0000] {dag.py:3089} INFO - Sync 1 DAGs
[2024-08-13T17:41:18.096+0000] {logging_mixin.py:188} INFO - [2024-08-13T17:41:18.096+0000] {dag.py:3947} INFO - Setting next_dagrun for example_bash_operator to 2024-08-12 00:00:00+00:00, run_after=2024-08-13 00:00:00+00:00
[2024-08-13T17:41:18.218+0000] {processor.py:183} INFO - Processing /home/airflow/.local/lib/python3.12/site-packages/airflow/example_dags/example_bash_operator.py took 0.183 seconds
[2024-08-13T17:41:48.268+0000] {processor.py:161} INFO - Started process (PID=1390) to work on /home/airflow/.local/lib/python3.12/site-packages/airflow/example_dags/example_bash_operator.py
[2024-08-13T17:41:48.270+0000] {processor.py:830} INFO - Processing file /home/airflow/.local/lib/python3.12/site-packages/airflow/example_dags/example_bash_operator.py for tasks to queue
[2024-08-13T17:41:48.272+0000] {logging_mixin.py:188} INFO - [2024-08-13T17:41:48.272+0000] {dagbag.py:545} INFO - Filling up the DagBag from /home/airflow/.local/lib/python3.12/site-packages/airflow/example_dags/example_bash_operator.py
[2024-08-13T17:41:48.282+0000] {processor.py:840} INFO - DAG(s) 'example_bash_operator' retrieved from /home/airflow/.local/lib/python3.12/site-packages/airflow/example_dags/example_bash_operator.py
[2024-08-13T17:41:48.307+0000] {logging_mixin.py:188} INFO - [2024-08-13T17:41:48.307+0000] {dag.py:3089} INFO - Sync 1 DAGs
[2024-08-13T17:41:48.327+0000] {logging_mixin.py:188} INFO - [2024-08-13T17:41:48.326+0000] {dag.py:3947} INFO - Setting next_dagrun for example_bash_operator to 2024-08-12 00:00:00+00:00, run_after=2024-08-13 00:00:00+00:00
[2024-08-13T17:41:48.344+0000] {processor.py:183} INFO - Processing /home/airflow/.local/lib/python3.12/site-packages/airflow/example_dags/example_bash_operator.py took 0.081 seconds
[2024-08-13T17:42:18.449+0000] {processor.py:161} INFO - Started process (PID=1448) to work on /home/airflow/.local/lib/python3.12/site-packages/airflow/example_dags/example_bash_operator.py
[2024-08-13T17:42:18.450+0000] {processor.py:830} INFO - Processing file /home/airflow/.local/lib/python3.12/site-packages/airflow/example_dags/example_bash_operator.py for tasks to queue
[2024-08-13T17:42:18.451+0000] {logging_mixin.py:188} INFO - [2024-08-13T17:42:18.451+0000] {dagbag.py:545} INFO - Filling up the DagBag from /home/airflow/.local/lib/python3.12/site-packages/airflow/example_dags/example_bash_operator.py
[2024-08-13T17:42:18.461+0000] {processor.py:840} INFO - DAG(s) 'example_bash_operator' retrieved from /home/airflow/.local/lib/python3.12/site-packages/airflow/example_dags/example_bash_operator.py
[2024-08-13T17:42:18.485+0000] {logging_mixin.py:188} INFO - [2024-08-13T17:42:18.485+0000] {dag.py:3089} INFO - Sync 1 DAGs
[2024-08-13T17:42:18.505+0000] {logging_mixin.py:188} INFO - [2024-08-13T17:42:18.505+0000] {dag.py:3947} INFO - Setting next_dagrun for example_bash_operator to 2024-08-12 00:00:00+00:00, run_after=2024-08-13 00:00:00+00:00
[2024-08-13T17:42:18.522+0000] {processor.py:183} INFO - Processing /home/airflow/.local/lib/python3.12/site-packages/airflow/example_dags/example_bash_operator.py took 0.079 seconds
[2024-08-13T17:42:48.662+0000] {processor.py:161} INFO - Started process (PID=1506) to work on /home/airflow/.local/lib/python3.12/site-packages/airflow/example_dags/example_bash_operator.py
[2024-08-13T17:42:48.663+0000] {processor.py:830} INFO - Processing file /home/airflow/.local/lib/python3.12/site-packages/airflow/example_dags/example_bash_operator.py for tasks to queue
[2024-08-13T17:42:48.665+0000] {logging_mixin.py:188} INFO - [2024-08-13T17:42:48.665+0000] {dagbag.py:545} INFO - Filling up the DagBag from /home/airflow/.local/lib/python3.12/site-packages/airflow/example_dags/example_bash_operator.py
[2024-08-13T17:42:48.674+0000] {processor.py:840} INFO - DAG(s) 'example_bash_operator' retrieved from /home/airflow/.local/lib/python3.12/site-packages/airflow/example_dags/example_bash_operator.py
[2024-08-13T17:42:48.699+0000] {logging_mixin.py:188} INFO - [2024-08-13T17:42:48.699+0000] {dag.py:3089} INFO - Sync 1 DAGs
[2024-08-13T17:42:48.719+0000] {logging_mixin.py:188} INFO - [2024-08-13T17:42:48.719+0000] {dag.py:3947} INFO - Setting next_dagrun for example_bash_operator to 2024-08-12 00:00:00+00:00, run_after=2024-08-13 00:00:00+00:00
[2024-08-13T17:42:48.737+0000] {processor.py:183} INFO - Processing /home/airflow/.local/lib/python3.12/site-packages/airflow/example_dags/example_bash_operator.py took 0.081 seconds
[2024-08-13T17:43:18.830+0000] {processor.py:161} INFO - Started process (PID=1564) to work on /home/airflow/.local/lib/python3.12/site-packages/airflow/example_dags/example_bash_operator.py
[2024-08-13T17:43:18.832+0000] {processor.py:830} INFO - Processing file /home/airflow/.local/lib/python3.12/site-packages/airflow/example_dags/example_bash_operator.py for tasks to queue
[2024-08-13T17:43:18.834+0000] {logging_mixin.py:188} INFO - [2024-08-13T17:43:18.834+0000] {dagbag.py:545} INFO - Filling up the DagBag from /home/airflow/.local/lib/python3.12/site-packages/airflow/example_dags/example_bash_operator.py
[2024-08-13T17:43:18.843+0000] {processor.py:840} INFO - DAG(s) 'example_bash_operator' retrieved from /home/airflow/.local/lib/python3.12/site-packages/airflow/example_dags/example_bash_operator.py
[2024-08-13T17:43:18.871+0000] {logging_mixin.py:188} INFO - [2024-08-13T17:43:18.871+0000] {dag.py:3089} INFO - Sync 1 DAGs
[2024-08-13T17:43:18.892+0000] {logging_mixin.py:188} INFO - [2024-08-13T17:43:18.891+0000] {dag.py:3947} INFO - Setting next_dagrun for example_bash_operator to 2024-08-12 00:00:00+00:00, run_after=2024-08-13 00:00:00+00:00
[2024-08-13T17:43:18.911+0000] {processor.py:183} INFO - Processing /home/airflow/.local/lib/python3.12/site-packages/airflow/example_dags/example_bash_operator.py took 0.085 seconds
[2024-08-13T17:43:49.463+0000] {processor.py:161} INFO - Started process (PID=1622) to work on /home/airflow/.local/lib/python3.12/site-packages/airflow/example_dags/example_bash_operator.py
[2024-08-13T17:43:49.464+0000] {processor.py:830} INFO - Processing file /home/airflow/.local/lib/python3.12/site-packages/airflow/example_dags/example_bash_operator.py for tasks to queue
[2024-08-13T17:43:49.466+0000] {logging_mixin.py:188} INFO - [2024-08-13T17:43:49.465+0000] {dagbag.py:545} INFO - Filling up the DagBag from /home/airflow/.local/lib/python3.12/site-packages/airflow/example_dags/example_bash_operator.py
[2024-08-13T17:43:49.475+0000] {processor.py:840} INFO - DAG(s) 'example_bash_operator' retrieved from /home/airflow/.local/lib/python3.12/site-packages/airflow/example_dags/example_bash_operator.py
[2024-08-13T17:43:49.500+0000] {logging_mixin.py:188} INFO - [2024-08-13T17:43:49.499+0000] {dag.py:3089} INFO - Sync 1 DAGs
[2024-08-13T17:43:49.519+0000] {logging_mixin.py:188} INFO - [2024-08-13T17:43:49.519+0000] {dag.py:3947} INFO - Setting next_dagrun for example_bash_operator to 2024-08-12 00:00:00+00:00, run_after=2024-08-13 00:00:00+00:00
[2024-08-13T17:43:49.536+0000] {processor.py:183} INFO - Processing /home/airflow/.local/lib/python3.12/site-packages/airflow/example_dags/example_bash_operator.py took 0.077 seconds
[2024-08-13T17:44:19.933+0000] {processor.py:161} INFO - Started process (PID=1680) to work on /home/airflow/.local/lib/python3.12/site-packages/airflow/example_dags/example_bash_operator.py
[2024-08-13T17:44:19.935+0000] {processor.py:830} INFO - Processing file /home/airflow/.local/lib/python3.12/site-packages/airflow/example_dags/example_bash_operator.py for tasks to queue
[2024-08-13T17:44:19.936+0000] {logging_mixin.py:188} INFO - [2024-08-13T17:44:19.936+0000] {dagbag.py:545} INFO - Filling up the DagBag from /home/airflow/.local/lib/python3.12/site-packages/airflow/example_dags/example_bash_operator.py
[2024-08-13T17:44:19.946+0000] {processor.py:840} INFO - DAG(s) 'example_bash_operator' retrieved from /home/airflow/.local/lib/python3.12/site-packages/airflow/example_dags/example_bash_operator.py
[2024-08-13T17:44:19.971+0000] {logging_mixin.py:188} INFO - [2024-08-13T17:44:19.971+0000] {dag.py:3089} INFO - Sync 1 DAGs
[2024-08-13T17:44:20.097+0000] {logging_mixin.py:188} INFO - [2024-08-13T17:44:20.097+0000] {dag.py:3947} INFO - Setting next_dagrun for example_bash_operator to 2024-08-12 00:00:00+00:00, run_after=2024-08-13 00:00:00+00:00
[2024-08-13T17:44:20.114+0000] {processor.py:183} INFO - Processing /home/airflow/.local/lib/python3.12/site-packages/airflow/example_dags/example_bash_operator.py took 0.186 seconds
[2024-08-13T17:44:50.593+0000] {processor.py:161} INFO - Started process (PID=1738) to work on /home/airflow/.local/lib/python3.12/site-packages/airflow/example_dags/example_bash_operator.py
[2024-08-13T17:44:50.594+0000] {processor.py:830} INFO - Processing file /home/airflow/.local/lib/python3.12/site-packages/airflow/example_dags/example_bash_operator.py for tasks to queue
[2024-08-13T17:44:50.596+0000] {logging_mixin.py:188} INFO - [2024-08-13T17:44:50.596+0000] {dagbag.py:545} INFO - Filling up the DagBag from /home/airflow/.local/lib/python3.12/site-packages/airflow/example_dags/example_bash_operator.py
[2024-08-13T17:44:50.606+0000] {processor.py:840} INFO - DAG(s) 'example_bash_operator' retrieved from /home/airflow/.local/lib/python3.12/site-packages/airflow/example_dags/example_bash_operator.py
[2024-08-13T17:44:50.631+0000] {logging_mixin.py:188} INFO - [2024-08-13T17:44:50.630+0000] {dag.py:3089} INFO - Sync 1 DAGs
[2024-08-13T17:44:50.761+0000] {logging_mixin.py:188} INFO - [2024-08-13T17:44:50.761+0000] {dag.py:3947} INFO - Setting next_dagrun for example_bash_operator to 2024-08-12 00:00:00+00:00, run_after=2024-08-13 00:00:00+00:00
[2024-08-13T17:44:50.779+0000] {processor.py:183} INFO - Processing /home/airflow/.local/lib/python3.12/site-packages/airflow/example_dags/example_bash_operator.py took 0.192 seconds
[2024-08-13T17:45:21.288+0000] {processor.py:161} INFO - Started process (PID=1796) to work on /home/airflow/.local/lib/python3.12/site-packages/airflow/example_dags/example_bash_operator.py
[2024-08-13T17:45:21.290+0000] {processor.py:830} INFO - Processing file /home/airflow/.local/lib/python3.12/site-packages/airflow/example_dags/example_bash_operator.py for tasks to queue
[2024-08-13T17:45:21.292+0000] {logging_mixin.py:188} INFO - [2024-08-13T17:45:21.291+0000] {dagbag.py:545} INFO - Filling up the DagBag from /home/airflow/.local/lib/python3.12/site-packages/airflow/example_dags/example_bash_operator.py
[2024-08-13T17:45:21.302+0000] {processor.py:840} INFO - DAG(s) 'example_bash_operator' retrieved from /home/airflow/.local/lib/python3.12/site-packages/airflow/example_dags/example_bash_operator.py
[2024-08-13T17:45:21.327+0000] {logging_mixin.py:188} INFO - [2024-08-13T17:45:21.327+0000] {dag.py:3089} INFO - Sync 1 DAGs
[2024-08-13T17:45:21.347+0000] {logging_mixin.py:188} INFO - [2024-08-13T17:45:21.347+0000] {dag.py:3947} INFO - Setting next_dagrun for example_bash_operator to 2024-08-12 00:00:00+00:00, run_after=2024-08-13 00:00:00+00:00
[2024-08-13T17:45:21.365+0000] {processor.py:183} INFO - Processing /home/airflow/.local/lib/python3.12/site-packages/airflow/example_dags/example_bash_operator.py took 0.083 seconds
[2024-08-13T17:45:51.679+0000] {processor.py:161} INFO - Started process (PID=1854) to work on /home/airflow/.local/lib/python3.12/site-packages/airflow/example_dags/example_bash_operator.py
[2024-08-13T17:45:51.681+0000] {processor.py:830} INFO - Processing file /home/airflow/.local/lib/python3.12/site-packages/airflow/example_dags/example_bash_operator.py for tasks to queue
[2024-08-13T17:45:51.682+0000] {logging_mixin.py:188} INFO - [2024-08-13T17:45:51.682+0000] {dagbag.py:545} INFO - Filling up the DagBag from /home/airflow/.local/lib/python3.12/site-packages/airflow/example_dags/example_bash_operator.py
[2024-08-13T17:45:51.691+0000] {processor.py:840} INFO - DAG(s) 'example_bash_operator' retrieved from /home/airflow/.local/lib/python3.12/site-packages/airflow/example_dags/example_bash_operator.py
[2024-08-13T17:45:51.716+0000] {logging_mixin.py:188} INFO - [2024-08-13T17:45:51.716+0000] {dag.py:3089} INFO - Sync 1 DAGs
[2024-08-13T17:45:51.736+0000] {logging_mixin.py:188} INFO - [2024-08-13T17:45:51.735+0000] {dag.py:3947} INFO - Setting next_dagrun for example_bash_operator to 2024-08-12 00:00:00+00:00, run_after=2024-08-13 00:00:00+00:00
[2024-08-13T17:45:51.753+0000] {processor.py:183} INFO - Processing /home/airflow/.local/lib/python3.12/site-packages/airflow/example_dags/example_bash_operator.py took 0.080 seconds
[2024-08-13T17:46:22.047+0000] {processor.py:161} INFO - Started process (PID=1912) to work on /home/airflow/.local/lib/python3.12/site-packages/airflow/example_dags/example_bash_operator.py
[2024-08-13T17:46:22.050+0000] {processor.py:830} INFO - Processing file /home/airflow/.local/lib/python3.12/site-packages/airflow/example_dags/example_bash_operator.py for tasks to queue
[2024-08-13T17:46:22.053+0000] {logging_mixin.py:188} INFO - [2024-08-13T17:46:22.052+0000] {dagbag.py:545} INFO - Filling up the DagBag from /home/airflow/.local/lib/python3.12/site-packages/airflow/example_dags/example_bash_operator.py
[2024-08-13T17:46:22.067+0000] {processor.py:840} INFO - DAG(s) 'example_bash_operator' retrieved from /home/airflow/.local/lib/python3.12/site-packages/airflow/example_dags/example_bash_operator.py
[2024-08-13T17:46:22.095+0000] {logging_mixin.py:188} INFO - [2024-08-13T17:46:22.094+0000] {dag.py:3089} INFO - Sync 1 DAGs
[2024-08-13T17:46:22.116+0000] {logging_mixin.py:188} INFO - [2024-08-13T17:46:22.116+0000] {dag.py:3947} INFO - Setting next_dagrun for example_bash_operator to 2024-08-12 00:00:00+00:00, run_after=2024-08-13 00:00:00+00:00
[2024-08-13T17:46:22.133+0000] {processor.py:183} INFO - Processing /home/airflow/.local/lib/python3.12/site-packages/airflow/example_dags/example_bash_operator.py took 0.092 seconds
[2024-08-13T17:46:52.580+0000] {processor.py:161} INFO - Started process (PID=1970) to work on /home/airflow/.local/lib/python3.12/site-packages/airflow/example_dags/example_bash_operator.py
[2024-08-13T17:46:52.581+0000] {processor.py:830} INFO - Processing file /home/airflow/.local/lib/python3.12/site-packages/airflow/example_dags/example_bash_operator.py for tasks to queue
[2024-08-13T17:46:52.584+0000] {logging_mixin.py:188} INFO - [2024-08-13T17:46:52.583+0000] {dagbag.py:545} INFO - Filling up the DagBag from /home/airflow/.local/lib/python3.12/site-packages/airflow/example_dags/example_bash_operator.py
[2024-08-13T17:46:52.593+0000] {processor.py:840} INFO - DAG(s) 'example_bash_operator' retrieved from /home/airflow/.local/lib/python3.12/site-packages/airflow/example_dags/example_bash_operator.py
[2024-08-13T17:46:52.618+0000] {logging_mixin.py:188} INFO - [2024-08-13T17:46:52.618+0000] {dag.py:3089} INFO - Sync 1 DAGs
[2024-08-13T17:46:52.638+0000] {logging_mixin.py:188} INFO - [2024-08-13T17:46:52.637+0000] {dag.py:3947} INFO - Setting next_dagrun for example_bash_operator to 2024-08-12 00:00:00+00:00, run_after=2024-08-13 00:00:00+00:00
[2024-08-13T17:46:52.654+0000] {processor.py:183} INFO - Processing /home/airflow/.local/lib/python3.12/site-packages/airflow/example_dags/example_bash_operator.py took 0.081 seconds
[2024-08-13T17:47:23.102+0000] {processor.py:161} INFO - Started process (PID=2028) to work on /home/airflow/.local/lib/python3.12/site-packages/airflow/example_dags/example_bash_operator.py
[2024-08-13T17:47:23.103+0000] {processor.py:830} INFO - Processing file /home/airflow/.local/lib/python3.12/site-packages/airflow/example_dags/example_bash_operator.py for tasks to queue
[2024-08-13T17:47:23.104+0000] {logging_mixin.py:188} INFO - [2024-08-13T17:47:23.104+0000] {dagbag.py:545} INFO - Filling up the DagBag from /home/airflow/.local/lib/python3.12/site-packages/airflow/example_dags/example_bash_operator.py
[2024-08-13T17:47:23.114+0000] {processor.py:840} INFO - DAG(s) 'example_bash_operator' retrieved from /home/airflow/.local/lib/python3.12/site-packages/airflow/example_dags/example_bash_operator.py
[2024-08-13T17:47:23.139+0000] {logging_mixin.py:188} INFO - [2024-08-13T17:47:23.138+0000] {dag.py:3089} INFO - Sync 1 DAGs
[2024-08-13T17:47:23.158+0000] {logging_mixin.py:188} INFO - [2024-08-13T17:47:23.158+0000] {dag.py:3947} INFO - Setting next_dagrun for example_bash_operator to 2024-08-12 00:00:00+00:00, run_after=2024-08-13 00:00:00+00:00
[2024-08-13T17:47:23.176+0000] {processor.py:183} INFO - Processing /home/airflow/.local/lib/python3.12/site-packages/airflow/example_dags/example_bash_operator.py took 0.079 seconds
[2024-08-13T17:47:53.620+0000] {processor.py:161} INFO - Started process (PID=2086) to work on /home/airflow/.local/lib/python3.12/site-packages/airflow/example_dags/example_bash_operator.py
[2024-08-13T17:47:53.621+0000] {processor.py:830} INFO - Processing file /home/airflow/.local/lib/python3.12/site-packages/airflow/example_dags/example_bash_operator.py for tasks to queue
[2024-08-13T17:47:53.622+0000] {logging_mixin.py:188} INFO - [2024-08-13T17:47:53.622+0000] {dagbag.py:545} INFO - Filling up the DagBag from /home/airflow/.local/lib/python3.12/site-packages/airflow/example_dags/example_bash_operator.py
[2024-08-13T17:47:53.632+0000] {processor.py:840} INFO - DAG(s) 'example_bash_operator' retrieved from /home/airflow/.local/lib/python3.12/site-packages/airflow/example_dags/example_bash_operator.py
[2024-08-13T17:47:53.657+0000] {logging_mixin.py:188} INFO - [2024-08-13T17:47:53.657+0000] {dag.py:3089} INFO - Sync 1 DAGs
[2024-08-13T17:47:53.677+0000] {logging_mixin.py:188} INFO - [2024-08-13T17:47:53.677+0000] {dag.py:3947} INFO - Setting next_dagrun for example_bash_operator to 2024-08-12 00:00:00+00:00, run_after=2024-08-13 00:00:00+00:00
[2024-08-13T17:47:53.694+0000] {processor.py:183} INFO - Processing /home/airflow/.local/lib/python3.12/site-packages/airflow/example_dags/example_bash_operator.py took 0.083 seconds
[2024-08-13T17:48:24.047+0000] {processor.py:161} INFO - Started process (PID=2144) to work on /home/airflow/.local/lib/python3.12/site-packages/airflow/example_dags/example_bash_operator.py
[2024-08-13T17:48:24.047+0000] {processor.py:830} INFO - Processing file /home/airflow/.local/lib/python3.12/site-packages/airflow/example_dags/example_bash_operator.py for tasks to queue
[2024-08-13T17:48:24.049+0000] {logging_mixin.py:188} INFO - [2024-08-13T17:48:24.049+0000] {dagbag.py:545} INFO - Filling up the DagBag from /home/airflow/.local/lib/python3.12/site-packages/airflow/example_dags/example_bash_operator.py
[2024-08-13T17:48:24.058+0000] {processor.py:840} INFO - DAG(s) 'example_bash_operator' retrieved from /home/airflow/.local/lib/python3.12/site-packages/airflow/example_dags/example_bash_operator.py
[2024-08-13T17:48:24.083+0000] {logging_mixin.py:188} INFO - [2024-08-13T17:48:24.083+0000] {dag.py:3089} INFO - Sync 1 DAGs
[2024-08-13T17:48:24.103+0000] {logging_mixin.py:188} INFO - [2024-08-13T17:48:24.103+0000] {dag.py:3947} INFO - Setting next_dagrun for example_bash_operator to 2024-08-12 00:00:00+00:00, run_after=2024-08-13 00:00:00+00:00
[2024-08-13T17:48:24.121+0000] {processor.py:183} INFO - Processing /home/airflow/.local/lib/python3.12/site-packages/airflow/example_dags/example_bash_operator.py took 0.080 seconds
[2024-08-13T17:48:54.599+0000] {processor.py:161} INFO - Started process (PID=2202) to work on /home/airflow/.local/lib/python3.12/site-packages/airflow/example_dags/example_bash_operator.py
[2024-08-13T17:48:54.601+0000] {processor.py:830} INFO - Processing file /home/airflow/.local/lib/python3.12/site-packages/airflow/example_dags/example_bash_operator.py for tasks to queue
[2024-08-13T17:48:54.603+0000] {logging_mixin.py:188} INFO - [2024-08-13T17:48:54.603+0000] {dagbag.py:545} INFO - Filling up the DagBag from /home/airflow/.local/lib/python3.12/site-packages/airflow/example_dags/example_bash_operator.py
[2024-08-13T17:48:54.612+0000] {processor.py:840} INFO - DAG(s) 'example_bash_operator' retrieved from /home/airflow/.local/lib/python3.12/site-packages/airflow/example_dags/example_bash_operator.py
[2024-08-13T17:48:54.636+0000] {logging_mixin.py:188} INFO - [2024-08-13T17:48:54.636+0000] {dag.py:3089} INFO - Sync 1 DAGs
[2024-08-13T17:48:54.657+0000] {logging_mixin.py:188} INFO - [2024-08-13T17:48:54.657+0000] {dag.py:3947} INFO - Setting next_dagrun for example_bash_operator to 2024-08-12 00:00:00+00:00, run_after=2024-08-13 00:00:00+00:00
[2024-08-13T17:48:54.675+0000] {processor.py:183} INFO - Processing /home/airflow/.local/lib/python3.12/site-packages/airflow/example_dags/example_bash_operator.py took 0.081 seconds
[2024-08-13T17:49:25.149+0000] {processor.py:161} INFO - Started process (PID=2260) to work on /home/airflow/.local/lib/python3.12/site-packages/airflow/example_dags/example_bash_operator.py
[2024-08-13T17:49:25.149+0000] {processor.py:830} INFO - Processing file /home/airflow/.local/lib/python3.12/site-packages/airflow/example_dags/example_bash_operator.py for tasks to queue
[2024-08-13T17:49:25.151+0000] {logging_mixin.py:188} INFO - [2024-08-13T17:49:25.150+0000] {dagbag.py:545} INFO - Filling up the DagBag from /home/airflow/.local/lib/python3.12/site-packages/airflow/example_dags/example_bash_operator.py
[2024-08-13T17:49:25.160+0000] {processor.py:840} INFO - DAG(s) 'example_bash_operator' retrieved from /home/airflow/.local/lib/python3.12/site-packages/airflow/example_dags/example_bash_operator.py
[2024-08-13T17:49:25.184+0000] {logging_mixin.py:188} INFO - [2024-08-13T17:49:25.184+0000] {dag.py:3089} INFO - Sync 1 DAGs
[2024-08-13T17:49:25.204+0000] {logging_mixin.py:188} INFO - [2024-08-13T17:49:25.204+0000] {dag.py:3947} INFO - Setting next_dagrun for example_bash_operator to 2024-08-12 00:00:00+00:00, run_after=2024-08-13 00:00:00+00:00
[2024-08-13T17:49:25.222+0000] {processor.py:183} INFO - Processing /home/airflow/.local/lib/python3.12/site-packages/airflow/example_dags/example_bash_operator.py took 0.079 seconds
[2024-08-13T17:49:55.620+0000] {processor.py:161} INFO - Started process (PID=2318) to work on /home/airflow/.local/lib/python3.12/site-packages/airflow/example_dags/example_bash_operator.py
[2024-08-13T17:49:55.622+0000] {processor.py:830} INFO - Processing file /home/airflow/.local/lib/python3.12/site-packages/airflow/example_dags/example_bash_operator.py for tasks to queue
[2024-08-13T17:49:55.624+0000] {logging_mixin.py:188} INFO - [2024-08-13T17:49:55.624+0000] {dagbag.py:545} INFO - Filling up the DagBag from /home/airflow/.local/lib/python3.12/site-packages/airflow/example_dags/example_bash_operator.py
[2024-08-13T17:49:55.634+0000] {processor.py:840} INFO - DAG(s) 'example_bash_operator' retrieved from /home/airflow/.local/lib/python3.12/site-packages/airflow/example_dags/example_bash_operator.py
[2024-08-13T17:49:55.659+0000] {logging_mixin.py:188} INFO - [2024-08-13T17:49:55.659+0000] {dag.py:3089} INFO - Sync 1 DAGs
[2024-08-13T17:49:55.680+0000] {logging_mixin.py:188} INFO - [2024-08-13T17:49:55.679+0000] {dag.py:3947} INFO - Setting next_dagrun for example_bash_operator to 2024-08-12 00:00:00+00:00, run_after=2024-08-13 00:00:00+00:00
[2024-08-13T17:49:55.698+0000] {processor.py:183} INFO - Processing /home/airflow/.local/lib/python3.12/site-packages/airflow/example_dags/example_bash_operator.py took 0.084 seconds
[2024-08-13T17:50:26.046+0000] {processor.py:161} INFO - Started process (PID=2377) to work on /home/airflow/.local/lib/python3.12/site-packages/airflow/example_dags/example_bash_operator.py
[2024-08-13T17:50:26.049+0000] {processor.py:830} INFO - Processing file /home/airflow/.local/lib/python3.12/site-packages/airflow/example_dags/example_bash_operator.py for tasks to queue
[2024-08-13T17:50:26.050+0000] {logging_mixin.py:188} INFO - [2024-08-13T17:50:26.050+0000] {dagbag.py:545} INFO - Filling up the DagBag from /home/airflow/.local/lib/python3.12/site-packages/airflow/example_dags/example_bash_operator.py
[2024-08-13T17:50:26.059+0000] {processor.py:840} INFO - DAG(s) 'example_bash_operator' retrieved from /home/airflow/.local/lib/python3.12/site-packages/airflow/example_dags/example_bash_operator.py
[2024-08-13T17:50:26.084+0000] {logging_mixin.py:188} INFO - [2024-08-13T17:50:26.084+0000] {dag.py:3089} INFO - Sync 1 DAGs
[2024-08-13T17:50:26.104+0000] {logging_mixin.py:188} INFO - [2024-08-13T17:50:26.104+0000] {dag.py:3947} INFO - Setting next_dagrun for example_bash_operator to 2024-08-12 00:00:00+00:00, run_after=2024-08-13 00:00:00+00:00
[2024-08-13T17:50:26.122+0000] {processor.py:183} INFO - Processing /home/airflow/.local/lib/python3.12/site-packages/airflow/example_dags/example_bash_operator.py took 0.080 seconds
