[2024-08-13T17:30:08.460+0000] {processor.py:161} INFO - Started process (PID=51) to work on /home/airflow/.local/lib/python3.12/site-packages/airflow/example_dags/example_short_circuit_operator.py
[2024-08-13T17:30:08.461+0000] {processor.py:830} INFO - Processing file /home/airflow/.local/lib/python3.12/site-packages/airflow/example_dags/example_short_circuit_operator.py for tasks to queue
[2024-08-13T17:30:08.462+0000] {logging_mixin.py:188} INFO - [2024-08-13T17:30:08.462+0000] {dagbag.py:545} INFO - Filling up the DagBag from /home/airflow/.local/lib/python3.12/site-packages/airflow/example_dags/example_short_circuit_operator.py
[2024-08-13T17:30:08.471+0000] {processor.py:840} INFO - DAG(s) 'example_short_circuit_operator' retrieved from /home/airflow/.local/lib/python3.12/site-packages/airflow/example_dags/example_short_circuit_operator.py
[2024-08-13T17:30:08.520+0000] {logging_mixin.py:188} INFO - [2024-08-13T17:30:08.519+0000] {dag.py:3089} INFO - Sync 1 DAGs
[2024-08-13T17:30:08.545+0000] {logging_mixin.py:188} INFO - [2024-08-13T17:30:08.545+0000] {dag.py:3947} INFO - Setting next_dagrun for example_short_circuit_operator to 2024-08-12 00:00:00+00:00, run_after=2024-08-13 00:00:00+00:00
[2024-08-13T17:30:08.567+0000] {processor.py:183} INFO - Processing /home/airflow/.local/lib/python3.12/site-packages/airflow/example_dags/example_short_circuit_operator.py took 0.112 seconds
[2024-08-13T17:30:38.816+0000] {processor.py:161} INFO - Started process (PID=109) to work on /home/airflow/.local/lib/python3.12/site-packages/airflow/example_dags/example_short_circuit_operator.py
[2024-08-13T17:30:38.816+0000] {processor.py:830} INFO - Processing file /home/airflow/.local/lib/python3.12/site-packages/airflow/example_dags/example_short_circuit_operator.py for tasks to queue
[2024-08-13T17:30:38.817+0000] {logging_mixin.py:188} INFO - [2024-08-13T17:30:38.817+0000] {dagbag.py:545} INFO - Filling up the DagBag from /home/airflow/.local/lib/python3.12/site-packages/airflow/example_dags/example_short_circuit_operator.py
[2024-08-13T17:30:38.823+0000] {processor.py:840} INFO - DAG(s) 'example_short_circuit_operator' retrieved from /home/airflow/.local/lib/python3.12/site-packages/airflow/example_dags/example_short_circuit_operator.py
[2024-08-13T17:30:38.844+0000] {logging_mixin.py:188} INFO - [2024-08-13T17:30:38.844+0000] {dag.py:3089} INFO - Sync 1 DAGs
[2024-08-13T17:30:38.864+0000] {logging_mixin.py:188} INFO - [2024-08-13T17:30:38.864+0000] {dag.py:3947} INFO - Setting next_dagrun for example_short_circuit_operator to 2024-08-12 00:00:00+00:00, run_after=2024-08-13 00:00:00+00:00
[2024-08-13T17:30:38.880+0000] {processor.py:183} INFO - Processing /home/airflow/.local/lib/python3.12/site-packages/airflow/example_dags/example_short_circuit_operator.py took 0.069 seconds
[2024-08-13T17:31:09.047+0000] {processor.py:161} INFO - Started process (PID=167) to work on /home/airflow/.local/lib/python3.12/site-packages/airflow/example_dags/example_short_circuit_operator.py
[2024-08-13T17:31:09.047+0000] {processor.py:830} INFO - Processing file /home/airflow/.local/lib/python3.12/site-packages/airflow/example_dags/example_short_circuit_operator.py for tasks to queue
[2024-08-13T17:31:09.049+0000] {logging_mixin.py:188} INFO - [2024-08-13T17:31:09.049+0000] {dagbag.py:545} INFO - Filling up the DagBag from /home/airflow/.local/lib/python3.12/site-packages/airflow/example_dags/example_short_circuit_operator.py
[2024-08-13T17:31:09.056+0000] {processor.py:840} INFO - DAG(s) 'example_short_circuit_operator' retrieved from /home/airflow/.local/lib/python3.12/site-packages/airflow/example_dags/example_short_circuit_operator.py
[2024-08-13T17:31:09.081+0000] {logging_mixin.py:188} INFO - [2024-08-13T17:31:09.081+0000] {dag.py:3089} INFO - Sync 1 DAGs
[2024-08-13T17:31:09.104+0000] {logging_mixin.py:188} INFO - [2024-08-13T17:31:09.104+0000] {dag.py:3947} INFO - Setting next_dagrun for example_short_circuit_operator to 2024-08-12 00:00:00+00:00, run_after=2024-08-13 00:00:00+00:00
[2024-08-13T17:31:09.125+0000] {processor.py:183} INFO - Processing /home/airflow/.local/lib/python3.12/site-packages/airflow/example_dags/example_short_circuit_operator.py took 0.083 seconds
[2024-08-13T17:31:39.175+0000] {processor.py:161} INFO - Started process (PID=225) to work on /home/airflow/.local/lib/python3.12/site-packages/airflow/example_dags/example_short_circuit_operator.py
[2024-08-13T17:31:39.175+0000] {processor.py:830} INFO - Processing file /home/airflow/.local/lib/python3.12/site-packages/airflow/example_dags/example_short_circuit_operator.py for tasks to queue
[2024-08-13T17:31:39.177+0000] {logging_mixin.py:188} INFO - [2024-08-13T17:31:39.177+0000] {dagbag.py:545} INFO - Filling up the DagBag from /home/airflow/.local/lib/python3.12/site-packages/airflow/example_dags/example_short_circuit_operator.py
[2024-08-13T17:31:39.183+0000] {processor.py:840} INFO - DAG(s) 'example_short_circuit_operator' retrieved from /home/airflow/.local/lib/python3.12/site-packages/airflow/example_dags/example_short_circuit_operator.py
[2024-08-13T17:31:39.206+0000] {logging_mixin.py:188} INFO - [2024-08-13T17:31:39.206+0000] {dag.py:3089} INFO - Sync 1 DAGs
[2024-08-13T17:31:39.226+0000] {logging_mixin.py:188} INFO - [2024-08-13T17:31:39.226+0000] {dag.py:3947} INFO - Setting next_dagrun for example_short_circuit_operator to 2024-08-12 00:00:00+00:00, run_after=2024-08-13 00:00:00+00:00
[2024-08-13T17:31:39.242+0000] {processor.py:183} INFO - Processing /home/airflow/.local/lib/python3.12/site-packages/airflow/example_dags/example_short_circuit_operator.py took 0.074 seconds
[2024-08-13T17:32:09.298+0000] {processor.py:161} INFO - Started process (PID=283) to work on /home/airflow/.local/lib/python3.12/site-packages/airflow/example_dags/example_short_circuit_operator.py
[2024-08-13T17:32:09.299+0000] {processor.py:830} INFO - Processing file /home/airflow/.local/lib/python3.12/site-packages/airflow/example_dags/example_short_circuit_operator.py for tasks to queue
[2024-08-13T17:32:09.300+0000] {logging_mixin.py:188} INFO - [2024-08-13T17:32:09.300+0000] {dagbag.py:545} INFO - Filling up the DagBag from /home/airflow/.local/lib/python3.12/site-packages/airflow/example_dags/example_short_circuit_operator.py
[2024-08-13T17:32:09.306+0000] {processor.py:840} INFO - DAG(s) 'example_short_circuit_operator' retrieved from /home/airflow/.local/lib/python3.12/site-packages/airflow/example_dags/example_short_circuit_operator.py
[2024-08-13T17:32:09.328+0000] {logging_mixin.py:188} INFO - [2024-08-13T17:32:09.327+0000] {dag.py:3089} INFO - Sync 1 DAGs
[2024-08-13T17:32:09.348+0000] {logging_mixin.py:188} INFO - [2024-08-13T17:32:09.348+0000] {dag.py:3947} INFO - Setting next_dagrun for example_short_circuit_operator to 2024-08-12 00:00:00+00:00, run_after=2024-08-13 00:00:00+00:00
[2024-08-13T17:32:09.366+0000] {processor.py:183} INFO - Processing /home/airflow/.local/lib/python3.12/site-packages/airflow/example_dags/example_short_circuit_operator.py took 0.073 seconds
[2024-08-13T17:32:39.880+0000] {processor.py:161} INFO - Started process (PID=341) to work on /home/airflow/.local/lib/python3.12/site-packages/airflow/example_dags/example_short_circuit_operator.py
[2024-08-13T17:32:39.881+0000] {processor.py:830} INFO - Processing file /home/airflow/.local/lib/python3.12/site-packages/airflow/example_dags/example_short_circuit_operator.py for tasks to queue
[2024-08-13T17:32:39.882+0000] {logging_mixin.py:188} INFO - [2024-08-13T17:32:39.882+0000] {dagbag.py:545} INFO - Filling up the DagBag from /home/airflow/.local/lib/python3.12/site-packages/airflow/example_dags/example_short_circuit_operator.py
[2024-08-13T17:32:39.888+0000] {processor.py:840} INFO - DAG(s) 'example_short_circuit_operator' retrieved from /home/airflow/.local/lib/python3.12/site-packages/airflow/example_dags/example_short_circuit_operator.py
[2024-08-13T17:32:39.910+0000] {logging_mixin.py:188} INFO - [2024-08-13T17:32:39.909+0000] {dag.py:3089} INFO - Sync 1 DAGs
[2024-08-13T17:32:39.928+0000] {logging_mixin.py:188} INFO - [2024-08-13T17:32:39.928+0000] {dag.py:3947} INFO - Setting next_dagrun for example_short_circuit_operator to 2024-08-12 00:00:00+00:00, run_after=2024-08-13 00:00:00+00:00
[2024-08-13T17:32:39.945+0000] {processor.py:183} INFO - Processing /home/airflow/.local/lib/python3.12/site-packages/airflow/example_dags/example_short_circuit_operator.py took 0.070 seconds
[2024-08-13T17:33:10.515+0000] {processor.py:161} INFO - Started process (PID=399) to work on /home/airflow/.local/lib/python3.12/site-packages/airflow/example_dags/example_short_circuit_operator.py
[2024-08-13T17:33:10.516+0000] {processor.py:830} INFO - Processing file /home/airflow/.local/lib/python3.12/site-packages/airflow/example_dags/example_short_circuit_operator.py for tasks to queue
[2024-08-13T17:33:10.517+0000] {logging_mixin.py:188} INFO - [2024-08-13T17:33:10.517+0000] {dagbag.py:545} INFO - Filling up the DagBag from /home/airflow/.local/lib/python3.12/site-packages/airflow/example_dags/example_short_circuit_operator.py
[2024-08-13T17:33:10.523+0000] {processor.py:840} INFO - DAG(s) 'example_short_circuit_operator' retrieved from /home/airflow/.local/lib/python3.12/site-packages/airflow/example_dags/example_short_circuit_operator.py
[2024-08-13T17:33:10.545+0000] {logging_mixin.py:188} INFO - [2024-08-13T17:33:10.544+0000] {dag.py:3089} INFO - Sync 1 DAGs
[2024-08-13T17:33:10.564+0000] {logging_mixin.py:188} INFO - [2024-08-13T17:33:10.563+0000] {dag.py:3947} INFO - Setting next_dagrun for example_short_circuit_operator to 2024-08-12 00:00:00+00:00, run_after=2024-08-13 00:00:00+00:00
[2024-08-13T17:33:10.580+0000] {processor.py:183} INFO - Processing /home/airflow/.local/lib/python3.12/site-packages/airflow/example_dags/example_short_circuit_operator.py took 0.070 seconds
[2024-08-13T17:33:41.153+0000] {processor.py:161} INFO - Started process (PID=457) to work on /home/airflow/.local/lib/python3.12/site-packages/airflow/example_dags/example_short_circuit_operator.py
[2024-08-13T17:33:41.154+0000] {processor.py:830} INFO - Processing file /home/airflow/.local/lib/python3.12/site-packages/airflow/example_dags/example_short_circuit_operator.py for tasks to queue
[2024-08-13T17:33:41.155+0000] {logging_mixin.py:188} INFO - [2024-08-13T17:33:41.155+0000] {dagbag.py:545} INFO - Filling up the DagBag from /home/airflow/.local/lib/python3.12/site-packages/airflow/example_dags/example_short_circuit_operator.py
[2024-08-13T17:33:41.161+0000] {processor.py:840} INFO - DAG(s) 'example_short_circuit_operator' retrieved from /home/airflow/.local/lib/python3.12/site-packages/airflow/example_dags/example_short_circuit_operator.py
[2024-08-13T17:33:41.182+0000] {logging_mixin.py:188} INFO - [2024-08-13T17:33:41.182+0000] {dag.py:3089} INFO - Sync 1 DAGs
[2024-08-13T17:33:41.201+0000] {logging_mixin.py:188} INFO - [2024-08-13T17:33:41.201+0000] {dag.py:3947} INFO - Setting next_dagrun for example_short_circuit_operator to 2024-08-12 00:00:00+00:00, run_after=2024-08-13 00:00:00+00:00
[2024-08-13T17:33:41.218+0000] {processor.py:183} INFO - Processing /home/airflow/.local/lib/python3.12/site-packages/airflow/example_dags/example_short_circuit_operator.py took 0.070 seconds
[2024-08-13T17:34:11.778+0000] {processor.py:161} INFO - Started process (PID=515) to work on /home/airflow/.local/lib/python3.12/site-packages/airflow/example_dags/example_short_circuit_operator.py
[2024-08-13T17:34:11.779+0000] {processor.py:830} INFO - Processing file /home/airflow/.local/lib/python3.12/site-packages/airflow/example_dags/example_short_circuit_operator.py for tasks to queue
[2024-08-13T17:34:11.781+0000] {logging_mixin.py:188} INFO - [2024-08-13T17:34:11.780+0000] {dagbag.py:545} INFO - Filling up the DagBag from /home/airflow/.local/lib/python3.12/site-packages/airflow/example_dags/example_short_circuit_operator.py
[2024-08-13T17:34:11.786+0000] {processor.py:840} INFO - DAG(s) 'example_short_circuit_operator' retrieved from /home/airflow/.local/lib/python3.12/site-packages/airflow/example_dags/example_short_circuit_operator.py
[2024-08-13T17:34:11.807+0000] {logging_mixin.py:188} INFO - [2024-08-13T17:34:11.807+0000] {dag.py:3089} INFO - Sync 1 DAGs
[2024-08-13T17:34:11.827+0000] {logging_mixin.py:188} INFO - [2024-08-13T17:34:11.827+0000] {dag.py:3947} INFO - Setting next_dagrun for example_short_circuit_operator to 2024-08-12 00:00:00+00:00, run_after=2024-08-13 00:00:00+00:00
[2024-08-13T17:34:11.844+0000] {processor.py:183} INFO - Processing /home/airflow/.local/lib/python3.12/site-packages/airflow/example_dags/example_short_circuit_operator.py took 0.071 seconds
[2024-08-13T17:34:42.173+0000] {processor.py:161} INFO - Started process (PID=573) to work on /home/airflow/.local/lib/python3.12/site-packages/airflow/example_dags/example_short_circuit_operator.py
[2024-08-13T17:34:42.174+0000] {processor.py:830} INFO - Processing file /home/airflow/.local/lib/python3.12/site-packages/airflow/example_dags/example_short_circuit_operator.py for tasks to queue
[2024-08-13T17:34:42.176+0000] {logging_mixin.py:188} INFO - [2024-08-13T17:34:42.175+0000] {dagbag.py:545} INFO - Filling up the DagBag from /home/airflow/.local/lib/python3.12/site-packages/airflow/example_dags/example_short_circuit_operator.py
[2024-08-13T17:34:42.181+0000] {processor.py:840} INFO - DAG(s) 'example_short_circuit_operator' retrieved from /home/airflow/.local/lib/python3.12/site-packages/airflow/example_dags/example_short_circuit_operator.py
[2024-08-13T17:34:42.204+0000] {logging_mixin.py:188} INFO - [2024-08-13T17:34:42.204+0000] {dag.py:3089} INFO - Sync 1 DAGs
[2024-08-13T17:34:42.224+0000] {logging_mixin.py:188} INFO - [2024-08-13T17:34:42.223+0000] {dag.py:3947} INFO - Setting next_dagrun for example_short_circuit_operator to 2024-08-12 00:00:00+00:00, run_after=2024-08-13 00:00:00+00:00
[2024-08-13T17:34:42.240+0000] {processor.py:183} INFO - Processing /home/airflow/.local/lib/python3.12/site-packages/airflow/example_dags/example_short_circuit_operator.py took 0.072 seconds
[2024-08-13T17:35:12.747+0000] {processor.py:161} INFO - Started process (PID=631) to work on /home/airflow/.local/lib/python3.12/site-packages/airflow/example_dags/example_short_circuit_operator.py
[2024-08-13T17:35:12.747+0000] {processor.py:830} INFO - Processing file /home/airflow/.local/lib/python3.12/site-packages/airflow/example_dags/example_short_circuit_operator.py for tasks to queue
[2024-08-13T17:35:12.749+0000] {logging_mixin.py:188} INFO - [2024-08-13T17:35:12.748+0000] {dagbag.py:545} INFO - Filling up the DagBag from /home/airflow/.local/lib/python3.12/site-packages/airflow/example_dags/example_short_circuit_operator.py
[2024-08-13T17:35:12.755+0000] {processor.py:840} INFO - DAG(s) 'example_short_circuit_operator' retrieved from /home/airflow/.local/lib/python3.12/site-packages/airflow/example_dags/example_short_circuit_operator.py
[2024-08-13T17:35:12.776+0000] {logging_mixin.py:188} INFO - [2024-08-13T17:35:12.776+0000] {dag.py:3089} INFO - Sync 1 DAGs
[2024-08-13T17:35:12.795+0000] {logging_mixin.py:188} INFO - [2024-08-13T17:35:12.795+0000] {dag.py:3947} INFO - Setting next_dagrun for example_short_circuit_operator to 2024-08-12 00:00:00+00:00, run_after=2024-08-13 00:00:00+00:00
[2024-08-13T17:35:12.812+0000] {processor.py:183} INFO - Processing /home/airflow/.local/lib/python3.12/site-packages/airflow/example_dags/example_short_circuit_operator.py took 0.071 seconds
[2024-08-13T17:35:43.103+0000] {processor.py:161} INFO - Started process (PID=689) to work on /home/airflow/.local/lib/python3.12/site-packages/airflow/example_dags/example_short_circuit_operator.py
[2024-08-13T17:35:43.104+0000] {processor.py:830} INFO - Processing file /home/airflow/.local/lib/python3.12/site-packages/airflow/example_dags/example_short_circuit_operator.py for tasks to queue
[2024-08-13T17:35:43.106+0000] {logging_mixin.py:188} INFO - [2024-08-13T17:35:43.105+0000] {dagbag.py:545} INFO - Filling up the DagBag from /home/airflow/.local/lib/python3.12/site-packages/airflow/example_dags/example_short_circuit_operator.py
[2024-08-13T17:35:43.112+0000] {processor.py:840} INFO - DAG(s) 'example_short_circuit_operator' retrieved from /home/airflow/.local/lib/python3.12/site-packages/airflow/example_dags/example_short_circuit_operator.py
[2024-08-13T17:35:43.133+0000] {logging_mixin.py:188} INFO - [2024-08-13T17:35:43.133+0000] {dag.py:3089} INFO - Sync 1 DAGs
[2024-08-13T17:35:43.152+0000] {logging_mixin.py:188} INFO - [2024-08-13T17:35:43.152+0000] {dag.py:3947} INFO - Setting next_dagrun for example_short_circuit_operator to 2024-08-12 00:00:00+00:00, run_after=2024-08-13 00:00:00+00:00
[2024-08-13T17:35:43.169+0000] {processor.py:183} INFO - Processing /home/airflow/.local/lib/python3.12/site-packages/airflow/example_dags/example_short_circuit_operator.py took 0.071 seconds
[2024-08-13T17:36:13.645+0000] {processor.py:161} INFO - Started process (PID=753) to work on /home/airflow/.local/lib/python3.12/site-packages/airflow/example_dags/example_short_circuit_operator.py
[2024-08-13T17:36:13.646+0000] {processor.py:830} INFO - Processing file /home/airflow/.local/lib/python3.12/site-packages/airflow/example_dags/example_short_circuit_operator.py for tasks to queue
[2024-08-13T17:36:13.647+0000] {logging_mixin.py:188} INFO - [2024-08-13T17:36:13.647+0000] {dagbag.py:545} INFO - Filling up the DagBag from /home/airflow/.local/lib/python3.12/site-packages/airflow/example_dags/example_short_circuit_operator.py
[2024-08-13T17:36:13.653+0000] {processor.py:840} INFO - DAG(s) 'example_short_circuit_operator' retrieved from /home/airflow/.local/lib/python3.12/site-packages/airflow/example_dags/example_short_circuit_operator.py
[2024-08-13T17:36:13.674+0000] {logging_mixin.py:188} INFO - [2024-08-13T17:36:13.674+0000] {dag.py:3089} INFO - Sync 1 DAGs
[2024-08-13T17:36:13.694+0000] {logging_mixin.py:188} INFO - [2024-08-13T17:36:13.694+0000] {dag.py:3947} INFO - Setting next_dagrun for example_short_circuit_operator to 2024-08-12 00:00:00+00:00, run_after=2024-08-13 00:00:00+00:00
[2024-08-13T17:36:13.711+0000] {processor.py:183} INFO - Processing /home/airflow/.local/lib/python3.12/site-packages/airflow/example_dags/example_short_circuit_operator.py took 0.070 seconds
[2024-08-13T17:36:44.211+0000] {processor.py:161} INFO - Started process (PID=811) to work on /home/airflow/.local/lib/python3.12/site-packages/airflow/example_dags/example_short_circuit_operator.py
[2024-08-13T17:36:44.212+0000] {processor.py:830} INFO - Processing file /home/airflow/.local/lib/python3.12/site-packages/airflow/example_dags/example_short_circuit_operator.py for tasks to queue
[2024-08-13T17:36:44.213+0000] {logging_mixin.py:188} INFO - [2024-08-13T17:36:44.213+0000] {dagbag.py:545} INFO - Filling up the DagBag from /home/airflow/.local/lib/python3.12/site-packages/airflow/example_dags/example_short_circuit_operator.py
[2024-08-13T17:36:44.219+0000] {processor.py:840} INFO - DAG(s) 'example_short_circuit_operator' retrieved from /home/airflow/.local/lib/python3.12/site-packages/airflow/example_dags/example_short_circuit_operator.py
[2024-08-13T17:36:44.239+0000] {logging_mixin.py:188} INFO - [2024-08-13T17:36:44.239+0000] {dag.py:3089} INFO - Sync 1 DAGs
[2024-08-13T17:36:44.258+0000] {logging_mixin.py:188} INFO - [2024-08-13T17:36:44.258+0000] {dag.py:3947} INFO - Setting next_dagrun for example_short_circuit_operator to 2024-08-12 00:00:00+00:00, run_after=2024-08-13 00:00:00+00:00
[2024-08-13T17:36:44.275+0000] {processor.py:183} INFO - Processing /home/airflow/.local/lib/python3.12/site-packages/airflow/example_dags/example_short_circuit_operator.py took 0.068 seconds
[2024-08-13T17:37:14.597+0000] {processor.py:161} INFO - Started process (PID=869) to work on /home/airflow/.local/lib/python3.12/site-packages/airflow/example_dags/example_short_circuit_operator.py
[2024-08-13T17:37:14.598+0000] {processor.py:830} INFO - Processing file /home/airflow/.local/lib/python3.12/site-packages/airflow/example_dags/example_short_circuit_operator.py for tasks to queue
[2024-08-13T17:37:14.600+0000] {logging_mixin.py:188} INFO - [2024-08-13T17:37:14.599+0000] {dagbag.py:545} INFO - Filling up the DagBag from /home/airflow/.local/lib/python3.12/site-packages/airflow/example_dags/example_short_circuit_operator.py
[2024-08-13T17:37:14.606+0000] {processor.py:840} INFO - DAG(s) 'example_short_circuit_operator' retrieved from /home/airflow/.local/lib/python3.12/site-packages/airflow/example_dags/example_short_circuit_operator.py
[2024-08-13T17:37:14.627+0000] {logging_mixin.py:188} INFO - [2024-08-13T17:37:14.626+0000] {dag.py:3089} INFO - Sync 1 DAGs
[2024-08-13T17:37:14.646+0000] {logging_mixin.py:188} INFO - [2024-08-13T17:37:14.646+0000] {dag.py:3947} INFO - Setting next_dagrun for example_short_circuit_operator to 2024-08-12 00:00:00+00:00, run_after=2024-08-13 00:00:00+00:00
[2024-08-13T17:37:14.663+0000] {processor.py:183} INFO - Processing /home/airflow/.local/lib/python3.12/site-packages/airflow/example_dags/example_short_circuit_operator.py took 0.071 seconds
[2024-08-13T17:37:45.243+0000] {processor.py:161} INFO - Started process (PID=927) to work on /home/airflow/.local/lib/python3.12/site-packages/airflow/example_dags/example_short_circuit_operator.py
[2024-08-13T17:37:45.244+0000] {processor.py:830} INFO - Processing file /home/airflow/.local/lib/python3.12/site-packages/airflow/example_dags/example_short_circuit_operator.py for tasks to queue
[2024-08-13T17:37:45.246+0000] {logging_mixin.py:188} INFO - [2024-08-13T17:37:45.246+0000] {dagbag.py:545} INFO - Filling up the DagBag from /home/airflow/.local/lib/python3.12/site-packages/airflow/example_dags/example_short_circuit_operator.py
[2024-08-13T17:37:45.252+0000] {processor.py:840} INFO - DAG(s) 'example_short_circuit_operator' retrieved from /home/airflow/.local/lib/python3.12/site-packages/airflow/example_dags/example_short_circuit_operator.py
[2024-08-13T17:37:45.276+0000] {logging_mixin.py:188} INFO - [2024-08-13T17:37:45.275+0000] {dag.py:3089} INFO - Sync 1 DAGs
[2024-08-13T17:37:45.296+0000] {logging_mixin.py:188} INFO - [2024-08-13T17:37:45.295+0000] {dag.py:3947} INFO - Setting next_dagrun for example_short_circuit_operator to 2024-08-12 00:00:00+00:00, run_after=2024-08-13 00:00:00+00:00
[2024-08-13T17:37:45.313+0000] {processor.py:183} INFO - Processing /home/airflow/.local/lib/python3.12/site-packages/airflow/example_dags/example_short_circuit_operator.py took 0.075 seconds
[2024-08-13T17:38:15.853+0000] {processor.py:161} INFO - Started process (PID=985) to work on /home/airflow/.local/lib/python3.12/site-packages/airflow/example_dags/example_short_circuit_operator.py
[2024-08-13T17:38:15.853+0000] {processor.py:830} INFO - Processing file /home/airflow/.local/lib/python3.12/site-packages/airflow/example_dags/example_short_circuit_operator.py for tasks to queue
[2024-08-13T17:38:15.855+0000] {logging_mixin.py:188} INFO - [2024-08-13T17:38:15.854+0000] {dagbag.py:545} INFO - Filling up the DagBag from /home/airflow/.local/lib/python3.12/site-packages/airflow/example_dags/example_short_circuit_operator.py
[2024-08-13T17:38:15.860+0000] {processor.py:840} INFO - DAG(s) 'example_short_circuit_operator' retrieved from /home/airflow/.local/lib/python3.12/site-packages/airflow/example_dags/example_short_circuit_operator.py
[2024-08-13T17:38:15.881+0000] {logging_mixin.py:188} INFO - [2024-08-13T17:38:15.880+0000] {dag.py:3089} INFO - Sync 1 DAGs
[2024-08-13T17:38:15.899+0000] {logging_mixin.py:188} INFO - [2024-08-13T17:38:15.899+0000] {dag.py:3947} INFO - Setting next_dagrun for example_short_circuit_operator to 2024-08-12 00:00:00+00:00, run_after=2024-08-13 00:00:00+00:00
[2024-08-13T17:38:15.918+0000] {processor.py:183} INFO - Processing /home/airflow/.local/lib/python3.12/site-packages/airflow/example_dags/example_short_circuit_operator.py took 0.070 seconds
[2024-08-13T17:38:45.947+0000] {processor.py:161} INFO - Started process (PID=1043) to work on /home/airflow/.local/lib/python3.12/site-packages/airflow/example_dags/example_short_circuit_operator.py
[2024-08-13T17:38:45.947+0000] {processor.py:830} INFO - Processing file /home/airflow/.local/lib/python3.12/site-packages/airflow/example_dags/example_short_circuit_operator.py for tasks to queue
[2024-08-13T17:38:45.949+0000] {logging_mixin.py:188} INFO - [2024-08-13T17:38:45.949+0000] {dagbag.py:545} INFO - Filling up the DagBag from /home/airflow/.local/lib/python3.12/site-packages/airflow/example_dags/example_short_circuit_operator.py
[2024-08-13T17:38:45.955+0000] {processor.py:840} INFO - DAG(s) 'example_short_circuit_operator' retrieved from /home/airflow/.local/lib/python3.12/site-packages/airflow/example_dags/example_short_circuit_operator.py
[2024-08-13T17:38:45.976+0000] {logging_mixin.py:188} INFO - [2024-08-13T17:38:45.975+0000] {dag.py:3089} INFO - Sync 1 DAGs
[2024-08-13T17:38:45.997+0000] {logging_mixin.py:188} INFO - [2024-08-13T17:38:45.997+0000] {dag.py:3947} INFO - Setting next_dagrun for example_short_circuit_operator to 2024-08-12 00:00:00+00:00, run_after=2024-08-13 00:00:00+00:00
[2024-08-13T17:38:46.012+0000] {processor.py:183} INFO - Processing /home/airflow/.local/lib/python3.12/site-packages/airflow/example_dags/example_short_circuit_operator.py took 0.070 seconds
[2024-08-13T17:39:16.415+0000] {processor.py:161} INFO - Started process (PID=1101) to work on /home/airflow/.local/lib/python3.12/site-packages/airflow/example_dags/example_short_circuit_operator.py
[2024-08-13T17:39:16.416+0000] {processor.py:830} INFO - Processing file /home/airflow/.local/lib/python3.12/site-packages/airflow/example_dags/example_short_circuit_operator.py for tasks to queue
[2024-08-13T17:39:16.417+0000] {logging_mixin.py:188} INFO - [2024-08-13T17:39:16.417+0000] {dagbag.py:545} INFO - Filling up the DagBag from /home/airflow/.local/lib/python3.12/site-packages/airflow/example_dags/example_short_circuit_operator.py
[2024-08-13T17:39:16.423+0000] {processor.py:840} INFO - DAG(s) 'example_short_circuit_operator' retrieved from /home/airflow/.local/lib/python3.12/site-packages/airflow/example_dags/example_short_circuit_operator.py
[2024-08-13T17:39:16.445+0000] {logging_mixin.py:188} INFO - [2024-08-13T17:39:16.444+0000] {dag.py:3089} INFO - Sync 1 DAGs
[2024-08-13T17:39:16.465+0000] {logging_mixin.py:188} INFO - [2024-08-13T17:39:16.465+0000] {dag.py:3947} INFO - Setting next_dagrun for example_short_circuit_operator to 2024-08-12 00:00:00+00:00, run_after=2024-08-13 00:00:00+00:00
[2024-08-13T17:39:16.481+0000] {processor.py:183} INFO - Processing /home/airflow/.local/lib/python3.12/site-packages/airflow/example_dags/example_short_circuit_operator.py took 0.072 seconds
[2024-08-13T17:39:46.891+0000] {processor.py:161} INFO - Started process (PID=1159) to work on /home/airflow/.local/lib/python3.12/site-packages/airflow/example_dags/example_short_circuit_operator.py
[2024-08-13T17:39:46.892+0000] {processor.py:830} INFO - Processing file /home/airflow/.local/lib/python3.12/site-packages/airflow/example_dags/example_short_circuit_operator.py for tasks to queue
[2024-08-13T17:39:46.893+0000] {logging_mixin.py:188} INFO - [2024-08-13T17:39:46.893+0000] {dagbag.py:545} INFO - Filling up the DagBag from /home/airflow/.local/lib/python3.12/site-packages/airflow/example_dags/example_short_circuit_operator.py
[2024-08-13T17:39:46.899+0000] {processor.py:840} INFO - DAG(s) 'example_short_circuit_operator' retrieved from /home/airflow/.local/lib/python3.12/site-packages/airflow/example_dags/example_short_circuit_operator.py
[2024-08-13T17:39:46.922+0000] {logging_mixin.py:188} INFO - [2024-08-13T17:39:46.921+0000] {dag.py:3089} INFO - Sync 1 DAGs
[2024-08-13T17:39:46.941+0000] {logging_mixin.py:188} INFO - [2024-08-13T17:39:46.941+0000] {dag.py:3947} INFO - Setting next_dagrun for example_short_circuit_operator to 2024-08-12 00:00:00+00:00, run_after=2024-08-13 00:00:00+00:00
[2024-08-13T17:39:46.958+0000] {processor.py:183} INFO - Processing /home/airflow/.local/lib/python3.12/site-packages/airflow/example_dags/example_short_circuit_operator.py took 0.072 seconds
[2024-08-13T17:40:17.431+0000] {processor.py:161} INFO - Started process (PID=1217) to work on /home/airflow/.local/lib/python3.12/site-packages/airflow/example_dags/example_short_circuit_operator.py
[2024-08-13T17:40:17.432+0000] {processor.py:830} INFO - Processing file /home/airflow/.local/lib/python3.12/site-packages/airflow/example_dags/example_short_circuit_operator.py for tasks to queue
[2024-08-13T17:40:17.433+0000] {logging_mixin.py:188} INFO - [2024-08-13T17:40:17.433+0000] {dagbag.py:545} INFO - Filling up the DagBag from /home/airflow/.local/lib/python3.12/site-packages/airflow/example_dags/example_short_circuit_operator.py
[2024-08-13T17:40:17.439+0000] {processor.py:840} INFO - DAG(s) 'example_short_circuit_operator' retrieved from /home/airflow/.local/lib/python3.12/site-packages/airflow/example_dags/example_short_circuit_operator.py
[2024-08-13T17:40:17.461+0000] {logging_mixin.py:188} INFO - [2024-08-13T17:40:17.461+0000] {dag.py:3089} INFO - Sync 1 DAGs
[2024-08-13T17:40:17.481+0000] {logging_mixin.py:188} INFO - [2024-08-13T17:40:17.480+0000] {dag.py:3947} INFO - Setting next_dagrun for example_short_circuit_operator to 2024-08-12 00:00:00+00:00, run_after=2024-08-13 00:00:00+00:00
[2024-08-13T17:40:17.496+0000] {processor.py:183} INFO - Processing /home/airflow/.local/lib/python3.12/site-packages/airflow/example_dags/example_short_circuit_operator.py took 0.070 seconds
[2024-08-13T17:40:47.936+0000] {processor.py:161} INFO - Started process (PID=1275) to work on /home/airflow/.local/lib/python3.12/site-packages/airflow/example_dags/example_short_circuit_operator.py
[2024-08-13T17:40:47.937+0000] {processor.py:830} INFO - Processing file /home/airflow/.local/lib/python3.12/site-packages/airflow/example_dags/example_short_circuit_operator.py for tasks to queue
[2024-08-13T17:40:47.938+0000] {logging_mixin.py:188} INFO - [2024-08-13T17:40:47.938+0000] {dagbag.py:545} INFO - Filling up the DagBag from /home/airflow/.local/lib/python3.12/site-packages/airflow/example_dags/example_short_circuit_operator.py
[2024-08-13T17:40:47.944+0000] {processor.py:840} INFO - DAG(s) 'example_short_circuit_operator' retrieved from /home/airflow/.local/lib/python3.12/site-packages/airflow/example_dags/example_short_circuit_operator.py
[2024-08-13T17:40:47.964+0000] {logging_mixin.py:188} INFO - [2024-08-13T17:40:47.964+0000] {dag.py:3089} INFO - Sync 1 DAGs
[2024-08-13T17:40:47.984+0000] {logging_mixin.py:188} INFO - [2024-08-13T17:40:47.984+0000] {dag.py:3947} INFO - Setting next_dagrun for example_short_circuit_operator to 2024-08-12 00:00:00+00:00, run_after=2024-08-13 00:00:00+00:00
[2024-08-13T17:40:48.001+0000] {processor.py:183} INFO - Processing /home/airflow/.local/lib/python3.12/site-packages/airflow/example_dags/example_short_circuit_operator.py took 0.071 seconds
[2024-08-13T17:41:18.044+0000] {processor.py:161} INFO - Started process (PID=1333) to work on /home/airflow/.local/lib/python3.12/site-packages/airflow/example_dags/example_short_circuit_operator.py
[2024-08-13T17:41:18.045+0000] {processor.py:830} INFO - Processing file /home/airflow/.local/lib/python3.12/site-packages/airflow/example_dags/example_short_circuit_operator.py for tasks to queue
[2024-08-13T17:41:18.046+0000] {logging_mixin.py:188} INFO - [2024-08-13T17:41:18.046+0000] {dagbag.py:545} INFO - Filling up the DagBag from /home/airflow/.local/lib/python3.12/site-packages/airflow/example_dags/example_short_circuit_operator.py
[2024-08-13T17:41:18.052+0000] {processor.py:840} INFO - DAG(s) 'example_short_circuit_operator' retrieved from /home/airflow/.local/lib/python3.12/site-packages/airflow/example_dags/example_short_circuit_operator.py
[2024-08-13T17:41:18.073+0000] {logging_mixin.py:188} INFO - [2024-08-13T17:41:18.073+0000] {dag.py:3089} INFO - Sync 1 DAGs
[2024-08-13T17:41:18.092+0000] {logging_mixin.py:188} INFO - [2024-08-13T17:41:18.092+0000] {dag.py:3947} INFO - Setting next_dagrun for example_short_circuit_operator to 2024-08-12 00:00:00+00:00, run_after=2024-08-13 00:00:00+00:00
[2024-08-13T17:41:18.111+0000] {processor.py:183} INFO - Processing /home/airflow/.local/lib/python3.12/site-packages/airflow/example_dags/example_short_circuit_operator.py took 0.071 seconds
[2024-08-13T17:41:48.274+0000] {processor.py:161} INFO - Started process (PID=1391) to work on /home/airflow/.local/lib/python3.12/site-packages/airflow/example_dags/example_short_circuit_operator.py
[2024-08-13T17:41:48.275+0000] {processor.py:830} INFO - Processing file /home/airflow/.local/lib/python3.12/site-packages/airflow/example_dags/example_short_circuit_operator.py for tasks to queue
[2024-08-13T17:41:48.276+0000] {logging_mixin.py:188} INFO - [2024-08-13T17:41:48.276+0000] {dagbag.py:545} INFO - Filling up the DagBag from /home/airflow/.local/lib/python3.12/site-packages/airflow/example_dags/example_short_circuit_operator.py
[2024-08-13T17:41:48.282+0000] {processor.py:840} INFO - DAG(s) 'example_short_circuit_operator' retrieved from /home/airflow/.local/lib/python3.12/site-packages/airflow/example_dags/example_short_circuit_operator.py
[2024-08-13T17:41:48.303+0000] {logging_mixin.py:188} INFO - [2024-08-13T17:41:48.303+0000] {dag.py:3089} INFO - Sync 1 DAGs
[2024-08-13T17:41:48.322+0000] {logging_mixin.py:188} INFO - [2024-08-13T17:41:48.322+0000] {dag.py:3947} INFO - Setting next_dagrun for example_short_circuit_operator to 2024-08-12 00:00:00+00:00, run_after=2024-08-13 00:00:00+00:00
[2024-08-13T17:41:48.340+0000] {processor.py:183} INFO - Processing /home/airflow/.local/lib/python3.12/site-packages/airflow/example_dags/example_short_circuit_operator.py took 0.071 seconds
[2024-08-13T17:42:18.454+0000] {processor.py:161} INFO - Started process (PID=1449) to work on /home/airflow/.local/lib/python3.12/site-packages/airflow/example_dags/example_short_circuit_operator.py
[2024-08-13T17:42:18.455+0000] {processor.py:830} INFO - Processing file /home/airflow/.local/lib/python3.12/site-packages/airflow/example_dags/example_short_circuit_operator.py for tasks to queue
[2024-08-13T17:42:18.456+0000] {logging_mixin.py:188} INFO - [2024-08-13T17:42:18.456+0000] {dagbag.py:545} INFO - Filling up the DagBag from /home/airflow/.local/lib/python3.12/site-packages/airflow/example_dags/example_short_circuit_operator.py
[2024-08-13T17:42:18.462+0000] {processor.py:840} INFO - DAG(s) 'example_short_circuit_operator' retrieved from /home/airflow/.local/lib/python3.12/site-packages/airflow/example_dags/example_short_circuit_operator.py
[2024-08-13T17:42:18.482+0000] {logging_mixin.py:188} INFO - [2024-08-13T17:42:18.482+0000] {dag.py:3089} INFO - Sync 1 DAGs
[2024-08-13T17:42:18.501+0000] {logging_mixin.py:188} INFO - [2024-08-13T17:42:18.501+0000] {dag.py:3947} INFO - Setting next_dagrun for example_short_circuit_operator to 2024-08-12 00:00:00+00:00, run_after=2024-08-13 00:00:00+00:00
[2024-08-13T17:42:18.518+0000] {processor.py:183} INFO - Processing /home/airflow/.local/lib/python3.12/site-packages/airflow/example_dags/example_short_circuit_operator.py took 0.069 seconds
[2024-08-13T17:42:48.667+0000] {processor.py:161} INFO - Started process (PID=1507) to work on /home/airflow/.local/lib/python3.12/site-packages/airflow/example_dags/example_short_circuit_operator.py
[2024-08-13T17:42:48.667+0000] {processor.py:830} INFO - Processing file /home/airflow/.local/lib/python3.12/site-packages/airflow/example_dags/example_short_circuit_operator.py for tasks to queue
[2024-08-13T17:42:48.669+0000] {logging_mixin.py:188} INFO - [2024-08-13T17:42:48.669+0000] {dagbag.py:545} INFO - Filling up the DagBag from /home/airflow/.local/lib/python3.12/site-packages/airflow/example_dags/example_short_circuit_operator.py
[2024-08-13T17:42:48.675+0000] {processor.py:840} INFO - DAG(s) 'example_short_circuit_operator' retrieved from /home/airflow/.local/lib/python3.12/site-packages/airflow/example_dags/example_short_circuit_operator.py
[2024-08-13T17:42:48.696+0000] {logging_mixin.py:188} INFO - [2024-08-13T17:42:48.696+0000] {dag.py:3089} INFO - Sync 1 DAGs
[2024-08-13T17:42:48.715+0000] {logging_mixin.py:188} INFO - [2024-08-13T17:42:48.715+0000] {dag.py:3947} INFO - Setting next_dagrun for example_short_circuit_operator to 2024-08-12 00:00:00+00:00, run_after=2024-08-13 00:00:00+00:00
[2024-08-13T17:42:48.732+0000] {processor.py:183} INFO - Processing /home/airflow/.local/lib/python3.12/site-packages/airflow/example_dags/example_short_circuit_operator.py took 0.071 seconds
[2024-08-13T17:43:18.835+0000] {processor.py:161} INFO - Started process (PID=1565) to work on /home/airflow/.local/lib/python3.12/site-packages/airflow/example_dags/example_short_circuit_operator.py
[2024-08-13T17:43:18.836+0000] {processor.py:830} INFO - Processing file /home/airflow/.local/lib/python3.12/site-packages/airflow/example_dags/example_short_circuit_operator.py for tasks to queue
[2024-08-13T17:43:18.837+0000] {logging_mixin.py:188} INFO - [2024-08-13T17:43:18.837+0000] {dagbag.py:545} INFO - Filling up the DagBag from /home/airflow/.local/lib/python3.12/site-packages/airflow/example_dags/example_short_circuit_operator.py
[2024-08-13T17:43:18.843+0000] {processor.py:840} INFO - DAG(s) 'example_short_circuit_operator' retrieved from /home/airflow/.local/lib/python3.12/site-packages/airflow/example_dags/example_short_circuit_operator.py
[2024-08-13T17:43:18.865+0000] {logging_mixin.py:188} INFO - [2024-08-13T17:43:18.865+0000] {dag.py:3089} INFO - Sync 1 DAGs
[2024-08-13T17:43:18.884+0000] {logging_mixin.py:188} INFO - [2024-08-13T17:43:18.884+0000] {dag.py:3947} INFO - Setting next_dagrun for example_short_circuit_operator to 2024-08-12 00:00:00+00:00, run_after=2024-08-13 00:00:00+00:00
[2024-08-13T17:43:18.902+0000] {processor.py:183} INFO - Processing /home/airflow/.local/lib/python3.12/site-packages/airflow/example_dags/example_short_circuit_operator.py took 0.072 seconds
[2024-08-13T17:43:49.468+0000] {processor.py:161} INFO - Started process (PID=1623) to work on /home/airflow/.local/lib/python3.12/site-packages/airflow/example_dags/example_short_circuit_operator.py
[2024-08-13T17:43:49.469+0000] {processor.py:830} INFO - Processing file /home/airflow/.local/lib/python3.12/site-packages/airflow/example_dags/example_short_circuit_operator.py for tasks to queue
[2024-08-13T17:43:49.470+0000] {logging_mixin.py:188} INFO - [2024-08-13T17:43:49.470+0000] {dagbag.py:545} INFO - Filling up the DagBag from /home/airflow/.local/lib/python3.12/site-packages/airflow/example_dags/example_short_circuit_operator.py
[2024-08-13T17:43:49.476+0000] {processor.py:840} INFO - DAG(s) 'example_short_circuit_operator' retrieved from /home/airflow/.local/lib/python3.12/site-packages/airflow/example_dags/example_short_circuit_operator.py
[2024-08-13T17:43:49.496+0000] {logging_mixin.py:188} INFO - [2024-08-13T17:43:49.496+0000] {dag.py:3089} INFO - Sync 1 DAGs
[2024-08-13T17:43:49.515+0000] {logging_mixin.py:188} INFO - [2024-08-13T17:43:49.515+0000] {dag.py:3947} INFO - Setting next_dagrun for example_short_circuit_operator to 2024-08-12 00:00:00+00:00, run_after=2024-08-13 00:00:00+00:00
[2024-08-13T17:43:49.532+0000] {processor.py:183} INFO - Processing /home/airflow/.local/lib/python3.12/site-packages/airflow/example_dags/example_short_circuit_operator.py took 0.069 seconds
[2024-08-13T17:44:19.937+0000] {processor.py:161} INFO - Started process (PID=1681) to work on /home/airflow/.local/lib/python3.12/site-packages/airflow/example_dags/example_short_circuit_operator.py
[2024-08-13T17:44:19.938+0000] {processor.py:830} INFO - Processing file /home/airflow/.local/lib/python3.12/site-packages/airflow/example_dags/example_short_circuit_operator.py for tasks to queue
[2024-08-13T17:44:19.939+0000] {logging_mixin.py:188} INFO - [2024-08-13T17:44:19.939+0000] {dagbag.py:545} INFO - Filling up the DagBag from /home/airflow/.local/lib/python3.12/site-packages/airflow/example_dags/example_short_circuit_operator.py
[2024-08-13T17:44:19.945+0000] {processor.py:840} INFO - DAG(s) 'example_short_circuit_operator' retrieved from /home/airflow/.local/lib/python3.12/site-packages/airflow/example_dags/example_short_circuit_operator.py
[2024-08-13T17:44:19.968+0000] {logging_mixin.py:188} INFO - [2024-08-13T17:44:19.968+0000] {dag.py:3089} INFO - Sync 1 DAGs
[2024-08-13T17:44:20.095+0000] {logging_mixin.py:188} INFO - [2024-08-13T17:44:20.094+0000] {dag.py:3947} INFO - Setting next_dagrun for example_short_circuit_operator to 2024-08-12 00:00:00+00:00, run_after=2024-08-13 00:00:00+00:00
[2024-08-13T17:44:20.113+0000] {processor.py:183} INFO - Processing /home/airflow/.local/lib/python3.12/site-packages/airflow/example_dags/example_short_circuit_operator.py took 0.180 seconds
[2024-08-13T17:44:50.599+0000] {processor.py:161} INFO - Started process (PID=1739) to work on /home/airflow/.local/lib/python3.12/site-packages/airflow/example_dags/example_short_circuit_operator.py
[2024-08-13T17:44:50.599+0000] {processor.py:830} INFO - Processing file /home/airflow/.local/lib/python3.12/site-packages/airflow/example_dags/example_short_circuit_operator.py for tasks to queue
[2024-08-13T17:44:50.601+0000] {logging_mixin.py:188} INFO - [2024-08-13T17:44:50.601+0000] {dagbag.py:545} INFO - Filling up the DagBag from /home/airflow/.local/lib/python3.12/site-packages/airflow/example_dags/example_short_circuit_operator.py
[2024-08-13T17:44:50.607+0000] {processor.py:840} INFO - DAG(s) 'example_short_circuit_operator' retrieved from /home/airflow/.local/lib/python3.12/site-packages/airflow/example_dags/example_short_circuit_operator.py
[2024-08-13T17:44:50.628+0000] {logging_mixin.py:188} INFO - [2024-08-13T17:44:50.627+0000] {dag.py:3089} INFO - Sync 1 DAGs
[2024-08-13T17:44:50.757+0000] {logging_mixin.py:188} INFO - [2024-08-13T17:44:50.757+0000] {dag.py:3947} INFO - Setting next_dagrun for example_short_circuit_operator to 2024-08-12 00:00:00+00:00, run_after=2024-08-13 00:00:00+00:00
[2024-08-13T17:44:50.773+0000] {processor.py:183} INFO - Processing /home/airflow/.local/lib/python3.12/site-packages/airflow/example_dags/example_short_circuit_operator.py took 0.181 seconds
[2024-08-13T17:45:21.294+0000] {processor.py:161} INFO - Started process (PID=1797) to work on /home/airflow/.local/lib/python3.12/site-packages/airflow/example_dags/example_short_circuit_operator.py
[2024-08-13T17:45:21.295+0000] {processor.py:830} INFO - Processing file /home/airflow/.local/lib/python3.12/site-packages/airflow/example_dags/example_short_circuit_operator.py for tasks to queue
[2024-08-13T17:45:21.296+0000] {logging_mixin.py:188} INFO - [2024-08-13T17:45:21.296+0000] {dagbag.py:545} INFO - Filling up the DagBag from /home/airflow/.local/lib/python3.12/site-packages/airflow/example_dags/example_short_circuit_operator.py
[2024-08-13T17:45:21.302+0000] {processor.py:840} INFO - DAG(s) 'example_short_circuit_operator' retrieved from /home/airflow/.local/lib/python3.12/site-packages/airflow/example_dags/example_short_circuit_operator.py
[2024-08-13T17:45:21.324+0000] {logging_mixin.py:188} INFO - [2024-08-13T17:45:21.324+0000] {dag.py:3089} INFO - Sync 1 DAGs
[2024-08-13T17:45:21.344+0000] {logging_mixin.py:188} INFO - [2024-08-13T17:45:21.344+0000] {dag.py:3947} INFO - Setting next_dagrun for example_short_circuit_operator to 2024-08-12 00:00:00+00:00, run_after=2024-08-13 00:00:00+00:00
[2024-08-13T17:45:21.361+0000] {processor.py:183} INFO - Processing /home/airflow/.local/lib/python3.12/site-packages/airflow/example_dags/example_short_circuit_operator.py took 0.074 seconds
[2024-08-13T17:45:51.683+0000] {processor.py:161} INFO - Started process (PID=1855) to work on /home/airflow/.local/lib/python3.12/site-packages/airflow/example_dags/example_short_circuit_operator.py
[2024-08-13T17:45:51.684+0000] {processor.py:830} INFO - Processing file /home/airflow/.local/lib/python3.12/site-packages/airflow/example_dags/example_short_circuit_operator.py for tasks to queue
[2024-08-13T17:45:51.685+0000] {logging_mixin.py:188} INFO - [2024-08-13T17:45:51.685+0000] {dagbag.py:545} INFO - Filling up the DagBag from /home/airflow/.local/lib/python3.12/site-packages/airflow/example_dags/example_short_circuit_operator.py
[2024-08-13T17:45:51.691+0000] {processor.py:840} INFO - DAG(s) 'example_short_circuit_operator' retrieved from /home/airflow/.local/lib/python3.12/site-packages/airflow/example_dags/example_short_circuit_operator.py
[2024-08-13T17:45:51.712+0000] {logging_mixin.py:188} INFO - [2024-08-13T17:45:51.712+0000] {dag.py:3089} INFO - Sync 1 DAGs
[2024-08-13T17:45:51.732+0000] {logging_mixin.py:188} INFO - [2024-08-13T17:45:51.731+0000] {dag.py:3947} INFO - Setting next_dagrun for example_short_circuit_operator to 2024-08-12 00:00:00+00:00, run_after=2024-08-13 00:00:00+00:00
[2024-08-13T17:45:51.750+0000] {processor.py:183} INFO - Processing /home/airflow/.local/lib/python3.12/site-packages/airflow/example_dags/example_short_circuit_operator.py took 0.072 seconds
[2024-08-13T17:46:22.053+0000] {processor.py:161} INFO - Started process (PID=1913) to work on /home/airflow/.local/lib/python3.12/site-packages/airflow/example_dags/example_short_circuit_operator.py
[2024-08-13T17:46:22.054+0000] {processor.py:830} INFO - Processing file /home/airflow/.local/lib/python3.12/site-packages/airflow/example_dags/example_short_circuit_operator.py for tasks to queue
[2024-08-13T17:46:22.057+0000] {logging_mixin.py:188} INFO - [2024-08-13T17:46:22.056+0000] {dagbag.py:545} INFO - Filling up the DagBag from /home/airflow/.local/lib/python3.12/site-packages/airflow/example_dags/example_short_circuit_operator.py
[2024-08-13T17:46:22.065+0000] {processor.py:840} INFO - DAG(s) 'example_short_circuit_operator' retrieved from /home/airflow/.local/lib/python3.12/site-packages/airflow/example_dags/example_short_circuit_operator.py
[2024-08-13T17:46:22.091+0000] {logging_mixin.py:188} INFO - [2024-08-13T17:46:22.091+0000] {dag.py:3089} INFO - Sync 1 DAGs
[2024-08-13T17:46:22.112+0000] {logging_mixin.py:188} INFO - [2024-08-13T17:46:22.112+0000] {dag.py:3947} INFO - Setting next_dagrun for example_short_circuit_operator to 2024-08-12 00:00:00+00:00, run_after=2024-08-13 00:00:00+00:00
[2024-08-13T17:46:22.128+0000] {processor.py:183} INFO - Processing /home/airflow/.local/lib/python3.12/site-packages/airflow/example_dags/example_short_circuit_operator.py took 0.082 seconds
[2024-08-13T17:46:52.587+0000] {processor.py:161} INFO - Started process (PID=1971) to work on /home/airflow/.local/lib/python3.12/site-packages/airflow/example_dags/example_short_circuit_operator.py
[2024-08-13T17:46:52.588+0000] {processor.py:830} INFO - Processing file /home/airflow/.local/lib/python3.12/site-packages/airflow/example_dags/example_short_circuit_operator.py for tasks to queue
[2024-08-13T17:46:52.589+0000] {logging_mixin.py:188} INFO - [2024-08-13T17:46:52.589+0000] {dagbag.py:545} INFO - Filling up the DagBag from /home/airflow/.local/lib/python3.12/site-packages/airflow/example_dags/example_short_circuit_operator.py
[2024-08-13T17:46:52.595+0000] {processor.py:840} INFO - DAG(s) 'example_short_circuit_operator' retrieved from /home/airflow/.local/lib/python3.12/site-packages/airflow/example_dags/example_short_circuit_operator.py
[2024-08-13T17:46:52.615+0000] {logging_mixin.py:188} INFO - [2024-08-13T17:46:52.615+0000] {dag.py:3089} INFO - Sync 1 DAGs
[2024-08-13T17:46:52.634+0000] {logging_mixin.py:188} INFO - [2024-08-13T17:46:52.634+0000] {dag.py:3947} INFO - Setting next_dagrun for example_short_circuit_operator to 2024-08-12 00:00:00+00:00, run_after=2024-08-13 00:00:00+00:00
[2024-08-13T17:46:52.651+0000] {processor.py:183} INFO - Processing /home/airflow/.local/lib/python3.12/site-packages/airflow/example_dags/example_short_circuit_operator.py took 0.071 seconds
[2024-08-13T17:47:23.106+0000] {processor.py:161} INFO - Started process (PID=2029) to work on /home/airflow/.local/lib/python3.12/site-packages/airflow/example_dags/example_short_circuit_operator.py
[2024-08-13T17:47:23.107+0000] {processor.py:830} INFO - Processing file /home/airflow/.local/lib/python3.12/site-packages/airflow/example_dags/example_short_circuit_operator.py for tasks to queue
[2024-08-13T17:47:23.108+0000] {logging_mixin.py:188} INFO - [2024-08-13T17:47:23.108+0000] {dagbag.py:545} INFO - Filling up the DagBag from /home/airflow/.local/lib/python3.12/site-packages/airflow/example_dags/example_short_circuit_operator.py
[2024-08-13T17:47:23.114+0000] {processor.py:840} INFO - DAG(s) 'example_short_circuit_operator' retrieved from /home/airflow/.local/lib/python3.12/site-packages/airflow/example_dags/example_short_circuit_operator.py
[2024-08-13T17:47:23.135+0000] {logging_mixin.py:188} INFO - [2024-08-13T17:47:23.135+0000] {dag.py:3089} INFO - Sync 1 DAGs
[2024-08-13T17:47:23.154+0000] {logging_mixin.py:188} INFO - [2024-08-13T17:47:23.154+0000] {dag.py:3947} INFO - Setting next_dagrun for example_short_circuit_operator to 2024-08-12 00:00:00+00:00, run_after=2024-08-13 00:00:00+00:00
[2024-08-13T17:47:23.170+0000] {processor.py:183} INFO - Processing /home/airflow/.local/lib/python3.12/site-packages/airflow/example_dags/example_short_circuit_operator.py took 0.069 seconds
[2024-08-13T17:47:53.624+0000] {processor.py:161} INFO - Started process (PID=2087) to work on /home/airflow/.local/lib/python3.12/site-packages/airflow/example_dags/example_short_circuit_operator.py
[2024-08-13T17:47:53.625+0000] {processor.py:830} INFO - Processing file /home/airflow/.local/lib/python3.12/site-packages/airflow/example_dags/example_short_circuit_operator.py for tasks to queue
[2024-08-13T17:47:53.626+0000] {logging_mixin.py:188} INFO - [2024-08-13T17:47:53.626+0000] {dagbag.py:545} INFO - Filling up the DagBag from /home/airflow/.local/lib/python3.12/site-packages/airflow/example_dags/example_short_circuit_operator.py
[2024-08-13T17:47:53.632+0000] {processor.py:840} INFO - DAG(s) 'example_short_circuit_operator' retrieved from /home/airflow/.local/lib/python3.12/site-packages/airflow/example_dags/example_short_circuit_operator.py
[2024-08-13T17:47:53.654+0000] {logging_mixin.py:188} INFO - [2024-08-13T17:47:53.654+0000] {dag.py:3089} INFO - Sync 1 DAGs
[2024-08-13T17:47:53.673+0000] {logging_mixin.py:188} INFO - [2024-08-13T17:47:53.673+0000] {dag.py:3947} INFO - Setting next_dagrun for example_short_circuit_operator to 2024-08-12 00:00:00+00:00, run_after=2024-08-13 00:00:00+00:00
[2024-08-13T17:47:53.692+0000] {processor.py:183} INFO - Processing /home/airflow/.local/lib/python3.12/site-packages/airflow/example_dags/example_short_circuit_operator.py took 0.073 seconds
[2024-08-13T17:48:24.051+0000] {processor.py:161} INFO - Started process (PID=2145) to work on /home/airflow/.local/lib/python3.12/site-packages/airflow/example_dags/example_short_circuit_operator.py
[2024-08-13T17:48:24.052+0000] {processor.py:830} INFO - Processing file /home/airflow/.local/lib/python3.12/site-packages/airflow/example_dags/example_short_circuit_operator.py for tasks to queue
[2024-08-13T17:48:24.053+0000] {logging_mixin.py:188} INFO - [2024-08-13T17:48:24.053+0000] {dagbag.py:545} INFO - Filling up the DagBag from /home/airflow/.local/lib/python3.12/site-packages/airflow/example_dags/example_short_circuit_operator.py
[2024-08-13T17:48:24.060+0000] {processor.py:840} INFO - DAG(s) 'example_short_circuit_operator' retrieved from /home/airflow/.local/lib/python3.12/site-packages/airflow/example_dags/example_short_circuit_operator.py
[2024-08-13T17:48:24.080+0000] {logging_mixin.py:188} INFO - [2024-08-13T17:48:24.080+0000] {dag.py:3089} INFO - Sync 1 DAGs
[2024-08-13T17:48:24.102+0000] {logging_mixin.py:188} INFO - [2024-08-13T17:48:24.102+0000] {dag.py:3947} INFO - Setting next_dagrun for example_short_circuit_operator to 2024-08-12 00:00:00+00:00, run_after=2024-08-13 00:00:00+00:00
[2024-08-13T17:48:24.119+0000] {processor.py:183} INFO - Processing /home/airflow/.local/lib/python3.12/site-packages/airflow/example_dags/example_short_circuit_operator.py took 0.073 seconds
[2024-08-13T17:48:54.604+0000] {processor.py:161} INFO - Started process (PID=2203) to work on /home/airflow/.local/lib/python3.12/site-packages/airflow/example_dags/example_short_circuit_operator.py
[2024-08-13T17:48:54.605+0000] {processor.py:830} INFO - Processing file /home/airflow/.local/lib/python3.12/site-packages/airflow/example_dags/example_short_circuit_operator.py for tasks to queue
[2024-08-13T17:48:54.606+0000] {logging_mixin.py:188} INFO - [2024-08-13T17:48:54.606+0000] {dagbag.py:545} INFO - Filling up the DagBag from /home/airflow/.local/lib/python3.12/site-packages/airflow/example_dags/example_short_circuit_operator.py
[2024-08-13T17:48:54.612+0000] {processor.py:840} INFO - DAG(s) 'example_short_circuit_operator' retrieved from /home/airflow/.local/lib/python3.12/site-packages/airflow/example_dags/example_short_circuit_operator.py
[2024-08-13T17:48:54.632+0000] {logging_mixin.py:188} INFO - [2024-08-13T17:48:54.632+0000] {dag.py:3089} INFO - Sync 1 DAGs
[2024-08-13T17:48:54.652+0000] {logging_mixin.py:188} INFO - [2024-08-13T17:48:54.652+0000] {dag.py:3947} INFO - Setting next_dagrun for example_short_circuit_operator to 2024-08-12 00:00:00+00:00, run_after=2024-08-13 00:00:00+00:00
[2024-08-13T17:48:54.669+0000] {processor.py:183} INFO - Processing /home/airflow/.local/lib/python3.12/site-packages/airflow/example_dags/example_short_circuit_operator.py took 0.070 seconds
[2024-08-13T17:49:25.153+0000] {processor.py:161} INFO - Started process (PID=2261) to work on /home/airflow/.local/lib/python3.12/site-packages/airflow/example_dags/example_short_circuit_operator.py
[2024-08-13T17:49:25.154+0000] {processor.py:830} INFO - Processing file /home/airflow/.local/lib/python3.12/site-packages/airflow/example_dags/example_short_circuit_operator.py for tasks to queue
[2024-08-13T17:49:25.155+0000] {logging_mixin.py:188} INFO - [2024-08-13T17:49:25.155+0000] {dagbag.py:545} INFO - Filling up the DagBag from /home/airflow/.local/lib/python3.12/site-packages/airflow/example_dags/example_short_circuit_operator.py
[2024-08-13T17:49:25.161+0000] {processor.py:840} INFO - DAG(s) 'example_short_circuit_operator' retrieved from /home/airflow/.local/lib/python3.12/site-packages/airflow/example_dags/example_short_circuit_operator.py
[2024-08-13T17:49:25.181+0000] {logging_mixin.py:188} INFO - [2024-08-13T17:49:25.181+0000] {dag.py:3089} INFO - Sync 1 DAGs
[2024-08-13T17:49:25.201+0000] {logging_mixin.py:188} INFO - [2024-08-13T17:49:25.201+0000] {dag.py:3947} INFO - Setting next_dagrun for example_short_circuit_operator to 2024-08-12 00:00:00+00:00, run_after=2024-08-13 00:00:00+00:00
[2024-08-13T17:49:25.219+0000] {processor.py:183} INFO - Processing /home/airflow/.local/lib/python3.12/site-packages/airflow/example_dags/example_short_circuit_operator.py took 0.070 seconds
[2024-08-13T17:49:55.626+0000] {processor.py:161} INFO - Started process (PID=2319) to work on /home/airflow/.local/lib/python3.12/site-packages/airflow/example_dags/example_short_circuit_operator.py
[2024-08-13T17:49:55.627+0000] {processor.py:830} INFO - Processing file /home/airflow/.local/lib/python3.12/site-packages/airflow/example_dags/example_short_circuit_operator.py for tasks to queue
[2024-08-13T17:49:55.628+0000] {logging_mixin.py:188} INFO - [2024-08-13T17:49:55.628+0000] {dagbag.py:545} INFO - Filling up the DagBag from /home/airflow/.local/lib/python3.12/site-packages/airflow/example_dags/example_short_circuit_operator.py
[2024-08-13T17:49:55.634+0000] {processor.py:840} INFO - DAG(s) 'example_short_circuit_operator' retrieved from /home/airflow/.local/lib/python3.12/site-packages/airflow/example_dags/example_short_circuit_operator.py
[2024-08-13T17:49:55.656+0000] {logging_mixin.py:188} INFO - [2024-08-13T17:49:55.656+0000] {dag.py:3089} INFO - Sync 1 DAGs
[2024-08-13T17:49:55.677+0000] {logging_mixin.py:188} INFO - [2024-08-13T17:49:55.677+0000] {dag.py:3947} INFO - Setting next_dagrun for example_short_circuit_operator to 2024-08-12 00:00:00+00:00, run_after=2024-08-13 00:00:00+00:00
[2024-08-13T17:49:55.697+0000] {processor.py:183} INFO - Processing /home/airflow/.local/lib/python3.12/site-packages/airflow/example_dags/example_short_circuit_operator.py took 0.077 seconds
[2024-08-13T17:50:26.051+0000] {processor.py:161} INFO - Started process (PID=2378) to work on /home/airflow/.local/lib/python3.12/site-packages/airflow/example_dags/example_short_circuit_operator.py
[2024-08-13T17:50:26.052+0000] {processor.py:830} INFO - Processing file /home/airflow/.local/lib/python3.12/site-packages/airflow/example_dags/example_short_circuit_operator.py for tasks to queue
[2024-08-13T17:50:26.053+0000] {logging_mixin.py:188} INFO - [2024-08-13T17:50:26.053+0000] {dagbag.py:545} INFO - Filling up the DagBag from /home/airflow/.local/lib/python3.12/site-packages/airflow/example_dags/example_short_circuit_operator.py
[2024-08-13T17:50:26.059+0000] {processor.py:840} INFO - DAG(s) 'example_short_circuit_operator' retrieved from /home/airflow/.local/lib/python3.12/site-packages/airflow/example_dags/example_short_circuit_operator.py
[2024-08-13T17:50:26.081+0000] {logging_mixin.py:188} INFO - [2024-08-13T17:50:26.080+0000] {dag.py:3089} INFO - Sync 1 DAGs
[2024-08-13T17:50:26.100+0000] {logging_mixin.py:188} INFO - [2024-08-13T17:50:26.100+0000] {dag.py:3947} INFO - Setting next_dagrun for example_short_circuit_operator to 2024-08-12 00:00:00+00:00, run_after=2024-08-13 00:00:00+00:00
[2024-08-13T17:50:26.116+0000] {processor.py:183} INFO - Processing /home/airflow/.local/lib/python3.12/site-packages/airflow/example_dags/example_short_circuit_operator.py took 0.070 seconds
[2024-08-13T17:50:56.420+0000] {processor.py:161} INFO - Started process (PID=2436) to work on /home/airflow/.local/lib/python3.12/site-packages/airflow/example_dags/example_short_circuit_operator.py
[2024-08-13T17:50:56.421+0000] {processor.py:830} INFO - Processing file /home/airflow/.local/lib/python3.12/site-packages/airflow/example_dags/example_short_circuit_operator.py for tasks to queue
[2024-08-13T17:50:56.422+0000] {logging_mixin.py:188} INFO - [2024-08-13T17:50:56.422+0000] {dagbag.py:545} INFO - Filling up the DagBag from /home/airflow/.local/lib/python3.12/site-packages/airflow/example_dags/example_short_circuit_operator.py
[2024-08-13T17:50:56.428+0000] {processor.py:840} INFO - DAG(s) 'example_short_circuit_operator' retrieved from /home/airflow/.local/lib/python3.12/site-packages/airflow/example_dags/example_short_circuit_operator.py
[2024-08-13T17:50:56.449+0000] {logging_mixin.py:188} INFO - [2024-08-13T17:50:56.448+0000] {dag.py:3089} INFO - Sync 1 DAGs
[2024-08-13T17:50:56.468+0000] {logging_mixin.py:188} INFO - [2024-08-13T17:50:56.467+0000] {dag.py:3947} INFO - Setting next_dagrun for example_short_circuit_operator to 2024-08-12 00:00:00+00:00, run_after=2024-08-13 00:00:00+00:00
[2024-08-13T17:50:56.484+0000] {processor.py:183} INFO - Processing /home/airflow/.local/lib/python3.12/site-packages/airflow/example_dags/example_short_circuit_operator.py took 0.070 seconds
[2024-08-13T17:51:26.850+0000] {processor.py:161} INFO - Started process (PID=2494) to work on /home/airflow/.local/lib/python3.12/site-packages/airflow/example_dags/example_short_circuit_operator.py
[2024-08-13T17:51:26.851+0000] {processor.py:830} INFO - Processing file /home/airflow/.local/lib/python3.12/site-packages/airflow/example_dags/example_short_circuit_operator.py for tasks to queue
[2024-08-13T17:51:26.852+0000] {logging_mixin.py:188} INFO - [2024-08-13T17:51:26.852+0000] {dagbag.py:545} INFO - Filling up the DagBag from /home/airflow/.local/lib/python3.12/site-packages/airflow/example_dags/example_short_circuit_operator.py
[2024-08-13T17:51:26.858+0000] {processor.py:840} INFO - DAG(s) 'example_short_circuit_operator' retrieved from /home/airflow/.local/lib/python3.12/site-packages/airflow/example_dags/example_short_circuit_operator.py
[2024-08-13T17:51:26.879+0000] {logging_mixin.py:188} INFO - [2024-08-13T17:51:26.879+0000] {dag.py:3089} INFO - Sync 1 DAGs
[2024-08-13T17:51:26.898+0000] {logging_mixin.py:188} INFO - [2024-08-13T17:51:26.898+0000] {dag.py:3947} INFO - Setting next_dagrun for example_short_circuit_operator to 2024-08-12 00:00:00+00:00, run_after=2024-08-13 00:00:00+00:00
[2024-08-13T17:51:26.915+0000] {processor.py:183} INFO - Processing /home/airflow/.local/lib/python3.12/site-packages/airflow/example_dags/example_short_circuit_operator.py took 0.070 seconds
[2024-08-13T17:51:57.385+0000] {processor.py:161} INFO - Started process (PID=2552) to work on /home/airflow/.local/lib/python3.12/site-packages/airflow/example_dags/example_short_circuit_operator.py
[2024-08-13T17:51:57.386+0000] {processor.py:830} INFO - Processing file /home/airflow/.local/lib/python3.12/site-packages/airflow/example_dags/example_short_circuit_operator.py for tasks to queue
[2024-08-13T17:51:57.387+0000] {logging_mixin.py:188} INFO - [2024-08-13T17:51:57.387+0000] {dagbag.py:545} INFO - Filling up the DagBag from /home/airflow/.local/lib/python3.12/site-packages/airflow/example_dags/example_short_circuit_operator.py
[2024-08-13T17:51:57.394+0000] {processor.py:840} INFO - DAG(s) 'example_short_circuit_operator' retrieved from /home/airflow/.local/lib/python3.12/site-packages/airflow/example_dags/example_short_circuit_operator.py
[2024-08-13T17:51:57.415+0000] {logging_mixin.py:188} INFO - [2024-08-13T17:51:57.414+0000] {dag.py:3089} INFO - Sync 1 DAGs
[2024-08-13T17:51:57.435+0000] {logging_mixin.py:188} INFO - [2024-08-13T17:51:57.435+0000] {dag.py:3947} INFO - Setting next_dagrun for example_short_circuit_operator to 2024-08-12 00:00:00+00:00, run_after=2024-08-13 00:00:00+00:00
[2024-08-13T17:51:57.452+0000] {processor.py:183} INFO - Processing /home/airflow/.local/lib/python3.12/site-packages/airflow/example_dags/example_short_circuit_operator.py took 0.073 seconds
[2024-08-13T17:52:27.654+0000] {processor.py:161} INFO - Started process (PID=2610) to work on /home/airflow/.local/lib/python3.12/site-packages/airflow/example_dags/example_short_circuit_operator.py
[2024-08-13T17:52:27.655+0000] {processor.py:830} INFO - Processing file /home/airflow/.local/lib/python3.12/site-packages/airflow/example_dags/example_short_circuit_operator.py for tasks to queue
[2024-08-13T17:52:27.657+0000] {logging_mixin.py:188} INFO - [2024-08-13T17:52:27.657+0000] {dagbag.py:545} INFO - Filling up the DagBag from /home/airflow/.local/lib/python3.12/site-packages/airflow/example_dags/example_short_circuit_operator.py
[2024-08-13T17:52:27.663+0000] {processor.py:840} INFO - DAG(s) 'example_short_circuit_operator' retrieved from /home/airflow/.local/lib/python3.12/site-packages/airflow/example_dags/example_short_circuit_operator.py
[2024-08-13T17:52:27.684+0000] {logging_mixin.py:188} INFO - [2024-08-13T17:52:27.684+0000] {dag.py:3089} INFO - Sync 1 DAGs
[2024-08-13T17:52:27.704+0000] {logging_mixin.py:188} INFO - [2024-08-13T17:52:27.703+0000] {dag.py:3947} INFO - Setting next_dagrun for example_short_circuit_operator to 2024-08-12 00:00:00+00:00, run_after=2024-08-13 00:00:00+00:00
[2024-08-13T17:52:27.720+0000] {processor.py:183} INFO - Processing /home/airflow/.local/lib/python3.12/site-packages/airflow/example_dags/example_short_circuit_operator.py took 0.072 seconds
