[2024-08-13T17:30:09.066+0000] {processor.py:161} INFO - Started process (PID=59) to work on /home/airflow/.local/lib/python3.12/site-packages/airflow/example_dags/tutorial.py
[2024-08-13T17:30:09.066+0000] {processor.py:830} INFO - Processing file /home/airflow/.local/lib/python3.12/site-packages/airflow/example_dags/tutorial.py for tasks to queue
[2024-08-13T17:30:09.068+0000] {logging_mixin.py:188} INFO - [2024-08-13T17:30:09.068+0000] {dagbag.py:545} INFO - Filling up the DagBag from /home/airflow/.local/lib/python3.12/site-packages/airflow/example_dags/tutorial.py
[2024-08-13T17:30:09.072+0000] {processor.py:840} INFO - DAG(s) 'tutorial' retrieved from /home/airflow/.local/lib/python3.12/site-packages/airflow/example_dags/tutorial.py
[2024-08-13T17:30:09.100+0000] {logging_mixin.py:188} INFO - [2024-08-13T17:30:09.099+0000] {dag.py:3089} INFO - Sync 1 DAGs
[2024-08-13T17:30:09.119+0000] {logging_mixin.py:188} INFO - [2024-08-13T17:30:09.119+0000] {dag.py:3947} INFO - Setting next_dagrun for tutorial to 2024-08-12 00:00:00+00:00, run_after=2024-08-13 00:00:00+00:00
[2024-08-13T17:30:09.137+0000] {processor.py:183} INFO - Processing /home/airflow/.local/lib/python3.12/site-packages/airflow/example_dags/tutorial.py took 0.075 seconds
[2024-08-13T17:30:39.351+0000] {processor.py:161} INFO - Started process (PID=117) to work on /home/airflow/.local/lib/python3.12/site-packages/airflow/example_dags/tutorial.py
[2024-08-13T17:30:39.351+0000] {processor.py:830} INFO - Processing file /home/airflow/.local/lib/python3.12/site-packages/airflow/example_dags/tutorial.py for tasks to queue
[2024-08-13T17:30:39.353+0000] {logging_mixin.py:188} INFO - [2024-08-13T17:30:39.352+0000] {dagbag.py:545} INFO - Filling up the DagBag from /home/airflow/.local/lib/python3.12/site-packages/airflow/example_dags/tutorial.py
[2024-08-13T17:30:39.357+0000] {processor.py:840} INFO - DAG(s) 'tutorial' retrieved from /home/airflow/.local/lib/python3.12/site-packages/airflow/example_dags/tutorial.py
[2024-08-13T17:30:39.376+0000] {logging_mixin.py:188} INFO - [2024-08-13T17:30:39.376+0000] {dag.py:3089} INFO - Sync 1 DAGs
[2024-08-13T17:30:39.395+0000] {logging_mixin.py:188} INFO - [2024-08-13T17:30:39.395+0000] {dag.py:3947} INFO - Setting next_dagrun for tutorial to 2024-08-12 00:00:00+00:00, run_after=2024-08-13 00:00:00+00:00
[2024-08-13T17:30:39.413+0000] {processor.py:183} INFO - Processing /home/airflow/.local/lib/python3.12/site-packages/airflow/example_dags/tutorial.py took 0.067 seconds
[2024-08-13T17:31:09.574+0000] {processor.py:161} INFO - Started process (PID=175) to work on /home/airflow/.local/lib/python3.12/site-packages/airflow/example_dags/tutorial.py
[2024-08-13T17:31:09.575+0000] {processor.py:830} INFO - Processing file /home/airflow/.local/lib/python3.12/site-packages/airflow/example_dags/tutorial.py for tasks to queue
[2024-08-13T17:31:09.576+0000] {logging_mixin.py:188} INFO - [2024-08-13T17:31:09.576+0000] {dagbag.py:545} INFO - Filling up the DagBag from /home/airflow/.local/lib/python3.12/site-packages/airflow/example_dags/tutorial.py
[2024-08-13T17:31:09.581+0000] {processor.py:840} INFO - DAG(s) 'tutorial' retrieved from /home/airflow/.local/lib/python3.12/site-packages/airflow/example_dags/tutorial.py
[2024-08-13T17:31:09.599+0000] {logging_mixin.py:188} INFO - [2024-08-13T17:31:09.598+0000] {dag.py:3089} INFO - Sync 1 DAGs
[2024-08-13T17:31:09.619+0000] {logging_mixin.py:188} INFO - [2024-08-13T17:31:09.619+0000] {dag.py:3947} INFO - Setting next_dagrun for tutorial to 2024-08-12 00:00:00+00:00, run_after=2024-08-13 00:00:00+00:00
[2024-08-13T17:31:09.639+0000] {processor.py:183} INFO - Processing /home/airflow/.local/lib/python3.12/site-packages/airflow/example_dags/tutorial.py took 0.070 seconds
[2024-08-13T17:31:39.752+0000] {processor.py:161} INFO - Started process (PID=233) to work on /home/airflow/.local/lib/python3.12/site-packages/airflow/example_dags/tutorial.py
[2024-08-13T17:31:39.753+0000] {processor.py:830} INFO - Processing file /home/airflow/.local/lib/python3.12/site-packages/airflow/example_dags/tutorial.py for tasks to queue
[2024-08-13T17:31:39.754+0000] {logging_mixin.py:188} INFO - [2024-08-13T17:31:39.754+0000] {dagbag.py:545} INFO - Filling up the DagBag from /home/airflow/.local/lib/python3.12/site-packages/airflow/example_dags/tutorial.py
[2024-08-13T17:31:39.759+0000] {processor.py:840} INFO - DAG(s) 'tutorial' retrieved from /home/airflow/.local/lib/python3.12/site-packages/airflow/example_dags/tutorial.py
[2024-08-13T17:31:39.778+0000] {logging_mixin.py:188} INFO - [2024-08-13T17:31:39.778+0000] {dag.py:3089} INFO - Sync 1 DAGs
[2024-08-13T17:31:39.799+0000] {logging_mixin.py:188} INFO - [2024-08-13T17:31:39.799+0000] {dag.py:3947} INFO - Setting next_dagrun for tutorial to 2024-08-12 00:00:00+00:00, run_after=2024-08-13 00:00:00+00:00
[2024-08-13T17:31:39.815+0000] {processor.py:183} INFO - Processing /home/airflow/.local/lib/python3.12/site-packages/airflow/example_dags/tutorial.py took 0.068 seconds
[2024-08-13T17:32:09.850+0000] {processor.py:161} INFO - Started process (PID=291) to work on /home/airflow/.local/lib/python3.12/site-packages/airflow/example_dags/tutorial.py
[2024-08-13T17:32:09.851+0000] {processor.py:830} INFO - Processing file /home/airflow/.local/lib/python3.12/site-packages/airflow/example_dags/tutorial.py for tasks to queue
[2024-08-13T17:32:09.852+0000] {logging_mixin.py:188} INFO - [2024-08-13T17:32:09.852+0000] {dagbag.py:545} INFO - Filling up the DagBag from /home/airflow/.local/lib/python3.12/site-packages/airflow/example_dags/tutorial.py
[2024-08-13T17:32:09.857+0000] {processor.py:840} INFO - DAG(s) 'tutorial' retrieved from /home/airflow/.local/lib/python3.12/site-packages/airflow/example_dags/tutorial.py
[2024-08-13T17:32:09.875+0000] {logging_mixin.py:188} INFO - [2024-08-13T17:32:09.875+0000] {dag.py:3089} INFO - Sync 1 DAGs
[2024-08-13T17:32:09.894+0000] {logging_mixin.py:188} INFO - [2024-08-13T17:32:09.894+0000] {dag.py:3947} INFO - Setting next_dagrun for tutorial to 2024-08-12 00:00:00+00:00, run_after=2024-08-13 00:00:00+00:00
[2024-08-13T17:32:09.912+0000] {processor.py:183} INFO - Processing /home/airflow/.local/lib/python3.12/site-packages/airflow/example_dags/tutorial.py took 0.067 seconds
[2024-08-13T17:32:40.326+0000] {processor.py:161} INFO - Started process (PID=349) to work on /home/airflow/.local/lib/python3.12/site-packages/airflow/example_dags/tutorial.py
[2024-08-13T17:32:40.327+0000] {processor.py:830} INFO - Processing file /home/airflow/.local/lib/python3.12/site-packages/airflow/example_dags/tutorial.py for tasks to queue
[2024-08-13T17:32:40.328+0000] {logging_mixin.py:188} INFO - [2024-08-13T17:32:40.328+0000] {dagbag.py:545} INFO - Filling up the DagBag from /home/airflow/.local/lib/python3.12/site-packages/airflow/example_dags/tutorial.py
[2024-08-13T17:32:40.333+0000] {processor.py:840} INFO - DAG(s) 'tutorial' retrieved from /home/airflow/.local/lib/python3.12/site-packages/airflow/example_dags/tutorial.py
[2024-08-13T17:32:40.351+0000] {logging_mixin.py:188} INFO - [2024-08-13T17:32:40.351+0000] {dag.py:3089} INFO - Sync 1 DAGs
[2024-08-13T17:32:40.369+0000] {logging_mixin.py:188} INFO - [2024-08-13T17:32:40.369+0000] {dag.py:3947} INFO - Setting next_dagrun for tutorial to 2024-08-12 00:00:00+00:00, run_after=2024-08-13 00:00:00+00:00
[2024-08-13T17:32:40.387+0000] {processor.py:183} INFO - Processing /home/airflow/.local/lib/python3.12/site-packages/airflow/example_dags/tutorial.py took 0.065 seconds
[2024-08-13T17:33:10.960+0000] {processor.py:161} INFO - Started process (PID=407) to work on /home/airflow/.local/lib/python3.12/site-packages/airflow/example_dags/tutorial.py
[2024-08-13T17:33:10.960+0000] {processor.py:830} INFO - Processing file /home/airflow/.local/lib/python3.12/site-packages/airflow/example_dags/tutorial.py for tasks to queue
[2024-08-13T17:33:10.962+0000] {logging_mixin.py:188} INFO - [2024-08-13T17:33:10.962+0000] {dagbag.py:545} INFO - Filling up the DagBag from /home/airflow/.local/lib/python3.12/site-packages/airflow/example_dags/tutorial.py
[2024-08-13T17:33:10.966+0000] {processor.py:840} INFO - DAG(s) 'tutorial' retrieved from /home/airflow/.local/lib/python3.12/site-packages/airflow/example_dags/tutorial.py
[2024-08-13T17:33:10.985+0000] {logging_mixin.py:188} INFO - [2024-08-13T17:33:10.985+0000] {dag.py:3089} INFO - Sync 1 DAGs
[2024-08-13T17:33:11.004+0000] {logging_mixin.py:188} INFO - [2024-08-13T17:33:11.004+0000] {dag.py:3947} INFO - Setting next_dagrun for tutorial to 2024-08-12 00:00:00+00:00, run_after=2024-08-13 00:00:00+00:00
[2024-08-13T17:33:11.020+0000] {processor.py:183} INFO - Processing /home/airflow/.local/lib/python3.12/site-packages/airflow/example_dags/tutorial.py took 0.065 seconds
[2024-08-13T17:33:41.600+0000] {processor.py:161} INFO - Started process (PID=465) to work on /home/airflow/.local/lib/python3.12/site-packages/airflow/example_dags/tutorial.py
[2024-08-13T17:33:41.601+0000] {processor.py:830} INFO - Processing file /home/airflow/.local/lib/python3.12/site-packages/airflow/example_dags/tutorial.py for tasks to queue
[2024-08-13T17:33:41.602+0000] {logging_mixin.py:188} INFO - [2024-08-13T17:33:41.602+0000] {dagbag.py:545} INFO - Filling up the DagBag from /home/airflow/.local/lib/python3.12/site-packages/airflow/example_dags/tutorial.py
[2024-08-13T17:33:41.607+0000] {processor.py:840} INFO - DAG(s) 'tutorial' retrieved from /home/airflow/.local/lib/python3.12/site-packages/airflow/example_dags/tutorial.py
[2024-08-13T17:33:41.625+0000] {logging_mixin.py:188} INFO - [2024-08-13T17:33:41.625+0000] {dag.py:3089} INFO - Sync 1 DAGs
[2024-08-13T17:33:41.644+0000] {logging_mixin.py:188} INFO - [2024-08-13T17:33:41.644+0000] {dag.py:3947} INFO - Setting next_dagrun for tutorial to 2024-08-12 00:00:00+00:00, run_after=2024-08-13 00:00:00+00:00
[2024-08-13T17:33:41.662+0000] {processor.py:183} INFO - Processing /home/airflow/.local/lib/python3.12/site-packages/airflow/example_dags/tutorial.py took 0.067 seconds
[2024-08-13T17:34:12.229+0000] {processor.py:161} INFO - Started process (PID=523) to work on /home/airflow/.local/lib/python3.12/site-packages/airflow/example_dags/tutorial.py
[2024-08-13T17:34:12.230+0000] {processor.py:830} INFO - Processing file /home/airflow/.local/lib/python3.12/site-packages/airflow/example_dags/tutorial.py for tasks to queue
[2024-08-13T17:34:12.231+0000] {logging_mixin.py:188} INFO - [2024-08-13T17:34:12.231+0000] {dagbag.py:545} INFO - Filling up the DagBag from /home/airflow/.local/lib/python3.12/site-packages/airflow/example_dags/tutorial.py
[2024-08-13T17:34:12.236+0000] {processor.py:840} INFO - DAG(s) 'tutorial' retrieved from /home/airflow/.local/lib/python3.12/site-packages/airflow/example_dags/tutorial.py
[2024-08-13T17:34:12.254+0000] {logging_mixin.py:188} INFO - [2024-08-13T17:34:12.253+0000] {dag.py:3089} INFO - Sync 1 DAGs
[2024-08-13T17:34:12.272+0000] {logging_mixin.py:188} INFO - [2024-08-13T17:34:12.272+0000] {dag.py:3947} INFO - Setting next_dagrun for tutorial to 2024-08-12 00:00:00+00:00, run_after=2024-08-13 00:00:00+00:00
[2024-08-13T17:34:12.288+0000] {processor.py:183} INFO - Processing /home/airflow/.local/lib/python3.12/site-packages/airflow/example_dags/tutorial.py took 0.064 seconds
[2024-08-13T17:34:42.627+0000] {processor.py:161} INFO - Started process (PID=581) to work on /home/airflow/.local/lib/python3.12/site-packages/airflow/example_dags/tutorial.py
[2024-08-13T17:34:42.628+0000] {processor.py:830} INFO - Processing file /home/airflow/.local/lib/python3.12/site-packages/airflow/example_dags/tutorial.py for tasks to queue
[2024-08-13T17:34:42.629+0000] {logging_mixin.py:188} INFO - [2024-08-13T17:34:42.629+0000] {dagbag.py:545} INFO - Filling up the DagBag from /home/airflow/.local/lib/python3.12/site-packages/airflow/example_dags/tutorial.py
[2024-08-13T17:34:42.634+0000] {processor.py:840} INFO - DAG(s) 'tutorial' retrieved from /home/airflow/.local/lib/python3.12/site-packages/airflow/example_dags/tutorial.py
[2024-08-13T17:34:42.652+0000] {logging_mixin.py:188} INFO - [2024-08-13T17:34:42.651+0000] {dag.py:3089} INFO - Sync 1 DAGs
[2024-08-13T17:34:42.673+0000] {logging_mixin.py:188} INFO - [2024-08-13T17:34:42.673+0000] {dag.py:3947} INFO - Setting next_dagrun for tutorial to 2024-08-12 00:00:00+00:00, run_after=2024-08-13 00:00:00+00:00
[2024-08-13T17:34:42.695+0000] {processor.py:183} INFO - Processing /home/airflow/.local/lib/python3.12/site-packages/airflow/example_dags/tutorial.py took 0.072 seconds
[2024-08-13T17:35:13.200+0000] {processor.py:161} INFO - Started process (PID=639) to work on /home/airflow/.local/lib/python3.12/site-packages/airflow/example_dags/tutorial.py
[2024-08-13T17:35:13.201+0000] {processor.py:830} INFO - Processing file /home/airflow/.local/lib/python3.12/site-packages/airflow/example_dags/tutorial.py for tasks to queue
[2024-08-13T17:35:13.202+0000] {logging_mixin.py:188} INFO - [2024-08-13T17:35:13.202+0000] {dagbag.py:545} INFO - Filling up the DagBag from /home/airflow/.local/lib/python3.12/site-packages/airflow/example_dags/tutorial.py
[2024-08-13T17:35:13.207+0000] {processor.py:840} INFO - DAG(s) 'tutorial' retrieved from /home/airflow/.local/lib/python3.12/site-packages/airflow/example_dags/tutorial.py
[2024-08-13T17:35:13.225+0000] {logging_mixin.py:188} INFO - [2024-08-13T17:35:13.225+0000] {dag.py:3089} INFO - Sync 1 DAGs
[2024-08-13T17:35:13.244+0000] {logging_mixin.py:188} INFO - [2024-08-13T17:35:13.243+0000] {dag.py:3947} INFO - Setting next_dagrun for tutorial to 2024-08-12 00:00:00+00:00, run_after=2024-08-13 00:00:00+00:00
[2024-08-13T17:35:13.261+0000] {processor.py:183} INFO - Processing /home/airflow/.local/lib/python3.12/site-packages/airflow/example_dags/tutorial.py took 0.066 seconds
[2024-08-13T17:35:43.497+0000] {processor.py:161} INFO - Started process (PID=703) to work on /home/airflow/.local/lib/python3.12/site-packages/airflow/example_dags/tutorial.py
[2024-08-13T17:35:43.497+0000] {processor.py:830} INFO - Processing file /home/airflow/.local/lib/python3.12/site-packages/airflow/example_dags/tutorial.py for tasks to queue
[2024-08-13T17:35:43.499+0000] {logging_mixin.py:188} INFO - [2024-08-13T17:35:43.499+0000] {dagbag.py:545} INFO - Filling up the DagBag from /home/airflow/.local/lib/python3.12/site-packages/airflow/example_dags/tutorial.py
[2024-08-13T17:35:43.504+0000] {processor.py:840} INFO - DAG(s) 'tutorial' retrieved from /home/airflow/.local/lib/python3.12/site-packages/airflow/example_dags/tutorial.py
[2024-08-13T17:35:43.521+0000] {logging_mixin.py:188} INFO - [2024-08-13T17:35:43.521+0000] {dag.py:3089} INFO - Sync 1 DAGs
[2024-08-13T17:35:43.540+0000] {logging_mixin.py:188} INFO - [2024-08-13T17:35:43.540+0000] {dag.py:3947} INFO - Setting next_dagrun for tutorial to 2024-08-12 00:00:00+00:00, run_after=2024-08-13 00:00:00+00:00
[2024-08-13T17:35:43.557+0000] {processor.py:183} INFO - Processing /home/airflow/.local/lib/python3.12/site-packages/airflow/example_dags/tutorial.py took 0.065 seconds
[2024-08-13T17:36:14.056+0000] {processor.py:161} INFO - Started process (PID=761) to work on /home/airflow/.local/lib/python3.12/site-packages/airflow/example_dags/tutorial.py
[2024-08-13T17:36:14.057+0000] {processor.py:830} INFO - Processing file /home/airflow/.local/lib/python3.12/site-packages/airflow/example_dags/tutorial.py for tasks to queue
[2024-08-13T17:36:14.058+0000] {logging_mixin.py:188} INFO - [2024-08-13T17:36:14.058+0000] {dagbag.py:545} INFO - Filling up the DagBag from /home/airflow/.local/lib/python3.12/site-packages/airflow/example_dags/tutorial.py
[2024-08-13T17:36:14.063+0000] {processor.py:840} INFO - DAG(s) 'tutorial' retrieved from /home/airflow/.local/lib/python3.12/site-packages/airflow/example_dags/tutorial.py
[2024-08-13T17:36:14.081+0000] {logging_mixin.py:188} INFO - [2024-08-13T17:36:14.081+0000] {dag.py:3089} INFO - Sync 1 DAGs
[2024-08-13T17:36:14.100+0000] {logging_mixin.py:188} INFO - [2024-08-13T17:36:14.100+0000] {dag.py:3947} INFO - Setting next_dagrun for tutorial to 2024-08-12 00:00:00+00:00, run_after=2024-08-13 00:00:00+00:00
[2024-08-13T17:36:14.118+0000] {processor.py:183} INFO - Processing /home/airflow/.local/lib/python3.12/site-packages/airflow/example_dags/tutorial.py took 0.067 seconds
[2024-08-13T17:36:44.665+0000] {processor.py:161} INFO - Started process (PID=819) to work on /home/airflow/.local/lib/python3.12/site-packages/airflow/example_dags/tutorial.py
[2024-08-13T17:36:44.666+0000] {processor.py:830} INFO - Processing file /home/airflow/.local/lib/python3.12/site-packages/airflow/example_dags/tutorial.py for tasks to queue
[2024-08-13T17:36:44.667+0000] {logging_mixin.py:188} INFO - [2024-08-13T17:36:44.667+0000] {dagbag.py:545} INFO - Filling up the DagBag from /home/airflow/.local/lib/python3.12/site-packages/airflow/example_dags/tutorial.py
[2024-08-13T17:36:44.672+0000] {processor.py:840} INFO - DAG(s) 'tutorial' retrieved from /home/airflow/.local/lib/python3.12/site-packages/airflow/example_dags/tutorial.py
[2024-08-13T17:36:44.690+0000] {logging_mixin.py:188} INFO - [2024-08-13T17:36:44.690+0000] {dag.py:3089} INFO - Sync 1 DAGs
[2024-08-13T17:36:44.708+0000] {logging_mixin.py:188} INFO - [2024-08-13T17:36:44.708+0000] {dag.py:3947} INFO - Setting next_dagrun for tutorial to 2024-08-12 00:00:00+00:00, run_after=2024-08-13 00:00:00+00:00
[2024-08-13T17:36:44.725+0000] {processor.py:183} INFO - Processing /home/airflow/.local/lib/python3.12/site-packages/airflow/example_dags/tutorial.py took 0.065 seconds
[2024-08-13T17:37:15.057+0000] {processor.py:161} INFO - Started process (PID=877) to work on /home/airflow/.local/lib/python3.12/site-packages/airflow/example_dags/tutorial.py
[2024-08-13T17:37:15.058+0000] {processor.py:830} INFO - Processing file /home/airflow/.local/lib/python3.12/site-packages/airflow/example_dags/tutorial.py for tasks to queue
[2024-08-13T17:37:15.060+0000] {logging_mixin.py:188} INFO - [2024-08-13T17:37:15.059+0000] {dagbag.py:545} INFO - Filling up the DagBag from /home/airflow/.local/lib/python3.12/site-packages/airflow/example_dags/tutorial.py
[2024-08-13T17:37:15.064+0000] {processor.py:840} INFO - DAG(s) 'tutorial' retrieved from /home/airflow/.local/lib/python3.12/site-packages/airflow/example_dags/tutorial.py
[2024-08-13T17:37:15.083+0000] {logging_mixin.py:188} INFO - [2024-08-13T17:37:15.082+0000] {dag.py:3089} INFO - Sync 1 DAGs
[2024-08-13T17:37:15.102+0000] {logging_mixin.py:188} INFO - [2024-08-13T17:37:15.102+0000] {dag.py:3947} INFO - Setting next_dagrun for tutorial to 2024-08-12 00:00:00+00:00, run_after=2024-08-13 00:00:00+00:00
[2024-08-13T17:37:15.118+0000] {processor.py:183} INFO - Processing /home/airflow/.local/lib/python3.12/site-packages/airflow/example_dags/tutorial.py took 0.065 seconds
[2024-08-13T17:37:45.693+0000] {processor.py:161} INFO - Started process (PID=935) to work on /home/airflow/.local/lib/python3.12/site-packages/airflow/example_dags/tutorial.py
[2024-08-13T17:37:45.694+0000] {processor.py:830} INFO - Processing file /home/airflow/.local/lib/python3.12/site-packages/airflow/example_dags/tutorial.py for tasks to queue
[2024-08-13T17:37:45.695+0000] {logging_mixin.py:188} INFO - [2024-08-13T17:37:45.695+0000] {dagbag.py:545} INFO - Filling up the DagBag from /home/airflow/.local/lib/python3.12/site-packages/airflow/example_dags/tutorial.py
[2024-08-13T17:37:45.699+0000] {processor.py:840} INFO - DAG(s) 'tutorial' retrieved from /home/airflow/.local/lib/python3.12/site-packages/airflow/example_dags/tutorial.py
[2024-08-13T17:37:45.717+0000] {logging_mixin.py:188} INFO - [2024-08-13T17:37:45.717+0000] {dag.py:3089} INFO - Sync 1 DAGs
[2024-08-13T17:37:45.735+0000] {logging_mixin.py:188} INFO - [2024-08-13T17:37:45.735+0000] {dag.py:3947} INFO - Setting next_dagrun for tutorial to 2024-08-12 00:00:00+00:00, run_after=2024-08-13 00:00:00+00:00
[2024-08-13T17:37:45.751+0000] {processor.py:183} INFO - Processing /home/airflow/.local/lib/python3.12/site-packages/airflow/example_dags/tutorial.py took 0.063 seconds
[2024-08-13T17:38:16.303+0000] {processor.py:161} INFO - Started process (PID=993) to work on /home/airflow/.local/lib/python3.12/site-packages/airflow/example_dags/tutorial.py
[2024-08-13T17:38:16.303+0000] {processor.py:830} INFO - Processing file /home/airflow/.local/lib/python3.12/site-packages/airflow/example_dags/tutorial.py for tasks to queue
[2024-08-13T17:38:16.305+0000] {logging_mixin.py:188} INFO - [2024-08-13T17:38:16.304+0000] {dagbag.py:545} INFO - Filling up the DagBag from /home/airflow/.local/lib/python3.12/site-packages/airflow/example_dags/tutorial.py
[2024-08-13T17:38:16.309+0000] {processor.py:840} INFO - DAG(s) 'tutorial' retrieved from /home/airflow/.local/lib/python3.12/site-packages/airflow/example_dags/tutorial.py
[2024-08-13T17:38:16.327+0000] {logging_mixin.py:188} INFO - [2024-08-13T17:38:16.327+0000] {dag.py:3089} INFO - Sync 1 DAGs
[2024-08-13T17:38:16.346+0000] {logging_mixin.py:188} INFO - [2024-08-13T17:38:16.346+0000] {dag.py:3947} INFO - Setting next_dagrun for tutorial to 2024-08-12 00:00:00+00:00, run_after=2024-08-13 00:00:00+00:00
[2024-08-13T17:38:16.363+0000] {processor.py:183} INFO - Processing /home/airflow/.local/lib/python3.12/site-packages/airflow/example_dags/tutorial.py took 0.065 seconds
[2024-08-13T17:38:46.506+0000] {processor.py:161} INFO - Started process (PID=1051) to work on /home/airflow/.local/lib/python3.12/site-packages/airflow/example_dags/tutorial.py
[2024-08-13T17:38:46.506+0000] {processor.py:830} INFO - Processing file /home/airflow/.local/lib/python3.12/site-packages/airflow/example_dags/tutorial.py for tasks to queue
[2024-08-13T17:38:46.508+0000] {logging_mixin.py:188} INFO - [2024-08-13T17:38:46.507+0000] {dagbag.py:545} INFO - Filling up the DagBag from /home/airflow/.local/lib/python3.12/site-packages/airflow/example_dags/tutorial.py
[2024-08-13T17:38:46.512+0000] {processor.py:840} INFO - DAG(s) 'tutorial' retrieved from /home/airflow/.local/lib/python3.12/site-packages/airflow/example_dags/tutorial.py
[2024-08-13T17:38:46.531+0000] {logging_mixin.py:188} INFO - [2024-08-13T17:38:46.530+0000] {dag.py:3089} INFO - Sync 1 DAGs
[2024-08-13T17:38:46.550+0000] {logging_mixin.py:188} INFO - [2024-08-13T17:38:46.550+0000] {dag.py:3947} INFO - Setting next_dagrun for tutorial to 2024-08-12 00:00:00+00:00, run_after=2024-08-13 00:00:00+00:00
[2024-08-13T17:38:46.568+0000] {processor.py:183} INFO - Processing /home/airflow/.local/lib/python3.12/site-packages/airflow/example_dags/tutorial.py took 0.067 seconds
[2024-08-13T17:39:16.957+0000] {processor.py:161} INFO - Started process (PID=1109) to work on /home/airflow/.local/lib/python3.12/site-packages/airflow/example_dags/tutorial.py
[2024-08-13T17:39:16.958+0000] {processor.py:830} INFO - Processing file /home/airflow/.local/lib/python3.12/site-packages/airflow/example_dags/tutorial.py for tasks to queue
[2024-08-13T17:39:16.959+0000] {logging_mixin.py:188} INFO - [2024-08-13T17:39:16.959+0000] {dagbag.py:545} INFO - Filling up the DagBag from /home/airflow/.local/lib/python3.12/site-packages/airflow/example_dags/tutorial.py
[2024-08-13T17:39:16.963+0000] {processor.py:840} INFO - DAG(s) 'tutorial' retrieved from /home/airflow/.local/lib/python3.12/site-packages/airflow/example_dags/tutorial.py
[2024-08-13T17:39:16.981+0000] {logging_mixin.py:188} INFO - [2024-08-13T17:39:16.981+0000] {dag.py:3089} INFO - Sync 1 DAGs
[2024-08-13T17:39:17.000+0000] {logging_mixin.py:188} INFO - [2024-08-13T17:39:17.000+0000] {dag.py:3947} INFO - Setting next_dagrun for tutorial to 2024-08-12 00:00:00+00:00, run_after=2024-08-13 00:00:00+00:00
[2024-08-13T17:39:17.017+0000] {processor.py:183} INFO - Processing /home/airflow/.local/lib/python3.12/site-packages/airflow/example_dags/tutorial.py took 0.065 seconds
[2024-08-13T17:39:47.417+0000] {processor.py:161} INFO - Started process (PID=1167) to work on /home/airflow/.local/lib/python3.12/site-packages/airflow/example_dags/tutorial.py
[2024-08-13T17:39:47.418+0000] {processor.py:830} INFO - Processing file /home/airflow/.local/lib/python3.12/site-packages/airflow/example_dags/tutorial.py for tasks to queue
[2024-08-13T17:39:47.419+0000] {logging_mixin.py:188} INFO - [2024-08-13T17:39:47.419+0000] {dagbag.py:545} INFO - Filling up the DagBag from /home/airflow/.local/lib/python3.12/site-packages/airflow/example_dags/tutorial.py
[2024-08-13T17:39:47.424+0000] {processor.py:840} INFO - DAG(s) 'tutorial' retrieved from /home/airflow/.local/lib/python3.12/site-packages/airflow/example_dags/tutorial.py
[2024-08-13T17:39:47.441+0000] {logging_mixin.py:188} INFO - [2024-08-13T17:39:47.441+0000] {dag.py:3089} INFO - Sync 1 DAGs
[2024-08-13T17:39:47.461+0000] {logging_mixin.py:188} INFO - [2024-08-13T17:39:47.460+0000] {dag.py:3947} INFO - Setting next_dagrun for tutorial to 2024-08-12 00:00:00+00:00, run_after=2024-08-13 00:00:00+00:00
[2024-08-13T17:39:47.477+0000] {processor.py:183} INFO - Processing /home/airflow/.local/lib/python3.12/site-packages/airflow/example_dags/tutorial.py took 0.064 seconds
[2024-08-13T17:40:17.965+0000] {processor.py:161} INFO - Started process (PID=1225) to work on /home/airflow/.local/lib/python3.12/site-packages/airflow/example_dags/tutorial.py
[2024-08-13T17:40:17.966+0000] {processor.py:830} INFO - Processing file /home/airflow/.local/lib/python3.12/site-packages/airflow/example_dags/tutorial.py for tasks to queue
[2024-08-13T17:40:17.967+0000] {logging_mixin.py:188} INFO - [2024-08-13T17:40:17.967+0000] {dagbag.py:545} INFO - Filling up the DagBag from /home/airflow/.local/lib/python3.12/site-packages/airflow/example_dags/tutorial.py
[2024-08-13T17:40:17.972+0000] {processor.py:840} INFO - DAG(s) 'tutorial' retrieved from /home/airflow/.local/lib/python3.12/site-packages/airflow/example_dags/tutorial.py
[2024-08-13T17:40:17.989+0000] {logging_mixin.py:188} INFO - [2024-08-13T17:40:17.989+0000] {dag.py:3089} INFO - Sync 1 DAGs
[2024-08-13T17:40:18.008+0000] {logging_mixin.py:188} INFO - [2024-08-13T17:40:18.008+0000] {dag.py:3947} INFO - Setting next_dagrun for tutorial to 2024-08-12 00:00:00+00:00, run_after=2024-08-13 00:00:00+00:00
[2024-08-13T17:40:18.025+0000] {processor.py:183} INFO - Processing /home/airflow/.local/lib/python3.12/site-packages/airflow/example_dags/tutorial.py took 0.065 seconds
[2024-08-13T17:40:48.392+0000] {processor.py:161} INFO - Started process (PID=1283) to work on /home/airflow/.local/lib/python3.12/site-packages/airflow/example_dags/tutorial.py
[2024-08-13T17:40:48.392+0000] {processor.py:830} INFO - Processing file /home/airflow/.local/lib/python3.12/site-packages/airflow/example_dags/tutorial.py for tasks to queue
[2024-08-13T17:40:48.394+0000] {logging_mixin.py:188} INFO - [2024-08-13T17:40:48.393+0000] {dagbag.py:545} INFO - Filling up the DagBag from /home/airflow/.local/lib/python3.12/site-packages/airflow/example_dags/tutorial.py
[2024-08-13T17:40:48.398+0000] {processor.py:840} INFO - DAG(s) 'tutorial' retrieved from /home/airflow/.local/lib/python3.12/site-packages/airflow/example_dags/tutorial.py
[2024-08-13T17:40:48.416+0000] {logging_mixin.py:188} INFO - [2024-08-13T17:40:48.416+0000] {dag.py:3089} INFO - Sync 1 DAGs
[2024-08-13T17:40:48.435+0000] {logging_mixin.py:188} INFO - [2024-08-13T17:40:48.435+0000] {dag.py:3947} INFO - Setting next_dagrun for tutorial to 2024-08-12 00:00:00+00:00, run_after=2024-08-13 00:00:00+00:00
[2024-08-13T17:40:48.453+0000] {processor.py:183} INFO - Processing /home/airflow/.local/lib/python3.12/site-packages/airflow/example_dags/tutorial.py took 0.066 seconds
[2024-08-13T17:41:18.510+0000] {processor.py:161} INFO - Started process (PID=1341) to work on /home/airflow/.local/lib/python3.12/site-packages/airflow/example_dags/tutorial.py
[2024-08-13T17:41:18.511+0000] {processor.py:830} INFO - Processing file /home/airflow/.local/lib/python3.12/site-packages/airflow/example_dags/tutorial.py for tasks to queue
[2024-08-13T17:41:18.512+0000] {logging_mixin.py:188} INFO - [2024-08-13T17:41:18.512+0000] {dagbag.py:545} INFO - Filling up the DagBag from /home/airflow/.local/lib/python3.12/site-packages/airflow/example_dags/tutorial.py
[2024-08-13T17:41:18.517+0000] {processor.py:840} INFO - DAG(s) 'tutorial' retrieved from /home/airflow/.local/lib/python3.12/site-packages/airflow/example_dags/tutorial.py
[2024-08-13T17:41:18.535+0000] {logging_mixin.py:188} INFO - [2024-08-13T17:41:18.535+0000] {dag.py:3089} INFO - Sync 1 DAGs
[2024-08-13T17:41:18.554+0000] {logging_mixin.py:188} INFO - [2024-08-13T17:41:18.554+0000] {dag.py:3947} INFO - Setting next_dagrun for tutorial to 2024-08-12 00:00:00+00:00, run_after=2024-08-13 00:00:00+00:00
[2024-08-13T17:41:18.571+0000] {processor.py:183} INFO - Processing /home/airflow/.local/lib/python3.12/site-packages/airflow/example_dags/tutorial.py took 0.066 seconds
[2024-08-13T17:41:48.824+0000] {processor.py:161} INFO - Started process (PID=1399) to work on /home/airflow/.local/lib/python3.12/site-packages/airflow/example_dags/tutorial.py
[2024-08-13T17:41:48.825+0000] {processor.py:830} INFO - Processing file /home/airflow/.local/lib/python3.12/site-packages/airflow/example_dags/tutorial.py for tasks to queue
[2024-08-13T17:41:48.826+0000] {logging_mixin.py:188} INFO - [2024-08-13T17:41:48.826+0000] {dagbag.py:545} INFO - Filling up the DagBag from /home/airflow/.local/lib/python3.12/site-packages/airflow/example_dags/tutorial.py
[2024-08-13T17:41:48.831+0000] {processor.py:840} INFO - DAG(s) 'tutorial' retrieved from /home/airflow/.local/lib/python3.12/site-packages/airflow/example_dags/tutorial.py
[2024-08-13T17:41:48.849+0000] {logging_mixin.py:188} INFO - [2024-08-13T17:41:48.849+0000] {dag.py:3089} INFO - Sync 1 DAGs
[2024-08-13T17:41:48.868+0000] {logging_mixin.py:188} INFO - [2024-08-13T17:41:48.867+0000] {dag.py:3947} INFO - Setting next_dagrun for tutorial to 2024-08-12 00:00:00+00:00, run_after=2024-08-13 00:00:00+00:00
[2024-08-13T17:41:48.999+0000] {processor.py:183} INFO - Processing /home/airflow/.local/lib/python3.12/site-packages/airflow/example_dags/tutorial.py took 0.180 seconds
[2024-08-13T17:42:20.002+0000] {processor.py:161} INFO - Started process (PID=1457) to work on /home/airflow/.local/lib/python3.12/site-packages/airflow/example_dags/tutorial.py
[2024-08-13T17:42:20.004+0000] {processor.py:830} INFO - Processing file /home/airflow/.local/lib/python3.12/site-packages/airflow/example_dags/tutorial.py for tasks to queue
[2024-08-13T17:42:20.006+0000] {logging_mixin.py:188} INFO - [2024-08-13T17:42:20.005+0000] {dagbag.py:545} INFO - Filling up the DagBag from /home/airflow/.local/lib/python3.12/site-packages/airflow/example_dags/tutorial.py
[2024-08-13T17:42:20.010+0000] {processor.py:840} INFO - DAG(s) 'tutorial' retrieved from /home/airflow/.local/lib/python3.12/site-packages/airflow/example_dags/tutorial.py
[2024-08-13T17:42:20.028+0000] {logging_mixin.py:188} INFO - [2024-08-13T17:42:20.028+0000] {dag.py:3089} INFO - Sync 1 DAGs
[2024-08-13T17:42:20.047+0000] {logging_mixin.py:188} INFO - [2024-08-13T17:42:20.047+0000] {dag.py:3947} INFO - Setting next_dagrun for tutorial to 2024-08-12 00:00:00+00:00, run_after=2024-08-13 00:00:00+00:00
[2024-08-13T17:42:20.064+0000] {processor.py:183} INFO - Processing /home/airflow/.local/lib/python3.12/site-packages/airflow/example_dags/tutorial.py took 0.067 seconds
[2024-08-13T17:42:50.145+0000] {processor.py:161} INFO - Started process (PID=1515) to work on /home/airflow/.local/lib/python3.12/site-packages/airflow/example_dags/tutorial.py
[2024-08-13T17:42:50.146+0000] {processor.py:830} INFO - Processing file /home/airflow/.local/lib/python3.12/site-packages/airflow/example_dags/tutorial.py for tasks to queue
[2024-08-13T17:42:50.147+0000] {logging_mixin.py:188} INFO - [2024-08-13T17:42:50.147+0000] {dagbag.py:545} INFO - Filling up the DagBag from /home/airflow/.local/lib/python3.12/site-packages/airflow/example_dags/tutorial.py
[2024-08-13T17:42:50.152+0000] {processor.py:840} INFO - DAG(s) 'tutorial' retrieved from /home/airflow/.local/lib/python3.12/site-packages/airflow/example_dags/tutorial.py
[2024-08-13T17:42:50.172+0000] {logging_mixin.py:188} INFO - [2024-08-13T17:42:50.171+0000] {dag.py:3089} INFO - Sync 1 DAGs
[2024-08-13T17:42:50.193+0000] {logging_mixin.py:188} INFO - [2024-08-13T17:42:50.193+0000] {dag.py:3947} INFO - Setting next_dagrun for tutorial to 2024-08-12 00:00:00+00:00, run_after=2024-08-13 00:00:00+00:00
[2024-08-13T17:42:50.212+0000] {processor.py:183} INFO - Processing /home/airflow/.local/lib/python3.12/site-packages/airflow/example_dags/tutorial.py took 0.072 seconds
[2024-08-13T17:43:20.255+0000] {processor.py:161} INFO - Started process (PID=1573) to work on /home/airflow/.local/lib/python3.12/site-packages/airflow/example_dags/tutorial.py
[2024-08-13T17:43:20.257+0000] {processor.py:830} INFO - Processing file /home/airflow/.local/lib/python3.12/site-packages/airflow/example_dags/tutorial.py for tasks to queue
[2024-08-13T17:43:20.259+0000] {logging_mixin.py:188} INFO - [2024-08-13T17:43:20.259+0000] {dagbag.py:545} INFO - Filling up the DagBag from /home/airflow/.local/lib/python3.12/site-packages/airflow/example_dags/tutorial.py
[2024-08-13T17:43:20.265+0000] {processor.py:840} INFO - DAG(s) 'tutorial' retrieved from /home/airflow/.local/lib/python3.12/site-packages/airflow/example_dags/tutorial.py
[2024-08-13T17:43:20.283+0000] {logging_mixin.py:188} INFO - [2024-08-13T17:43:20.283+0000] {dag.py:3089} INFO - Sync 1 DAGs
[2024-08-13T17:43:20.301+0000] {logging_mixin.py:188} INFO - [2024-08-13T17:43:20.301+0000] {dag.py:3947} INFO - Setting next_dagrun for tutorial to 2024-08-12 00:00:00+00:00, run_after=2024-08-13 00:00:00+00:00
[2024-08-13T17:43:20.319+0000] {processor.py:183} INFO - Processing /home/airflow/.local/lib/python3.12/site-packages/airflow/example_dags/tutorial.py took 0.069 seconds
[2024-08-13T17:43:50.922+0000] {processor.py:161} INFO - Started process (PID=1631) to work on /home/airflow/.local/lib/python3.12/site-packages/airflow/example_dags/tutorial.py
[2024-08-13T17:43:50.922+0000] {processor.py:830} INFO - Processing file /home/airflow/.local/lib/python3.12/site-packages/airflow/example_dags/tutorial.py for tasks to queue
[2024-08-13T17:43:50.924+0000] {logging_mixin.py:188} INFO - [2024-08-13T17:43:50.924+0000] {dagbag.py:545} INFO - Filling up the DagBag from /home/airflow/.local/lib/python3.12/site-packages/airflow/example_dags/tutorial.py
[2024-08-13T17:43:50.928+0000] {processor.py:840} INFO - DAG(s) 'tutorial' retrieved from /home/airflow/.local/lib/python3.12/site-packages/airflow/example_dags/tutorial.py
[2024-08-13T17:43:50.947+0000] {logging_mixin.py:188} INFO - [2024-08-13T17:43:50.946+0000] {dag.py:3089} INFO - Sync 1 DAGs
[2024-08-13T17:43:50.966+0000] {logging_mixin.py:188} INFO - [2024-08-13T17:43:50.965+0000] {dag.py:3947} INFO - Setting next_dagrun for tutorial to 2024-08-12 00:00:00+00:00, run_after=2024-08-13 00:00:00+00:00
[2024-08-13T17:43:50.983+0000] {processor.py:183} INFO - Processing /home/airflow/.local/lib/python3.12/site-packages/airflow/example_dags/tutorial.py took 0.066 seconds
[2024-08-13T17:44:21.640+0000] {processor.py:161} INFO - Started process (PID=1689) to work on /home/airflow/.local/lib/python3.12/site-packages/airflow/example_dags/tutorial.py
[2024-08-13T17:44:21.642+0000] {processor.py:830} INFO - Processing file /home/airflow/.local/lib/python3.12/site-packages/airflow/example_dags/tutorial.py for tasks to queue
[2024-08-13T17:44:21.643+0000] {logging_mixin.py:188} INFO - [2024-08-13T17:44:21.643+0000] {dagbag.py:545} INFO - Filling up the DagBag from /home/airflow/.local/lib/python3.12/site-packages/airflow/example_dags/tutorial.py
[2024-08-13T17:44:21.649+0000] {processor.py:840} INFO - DAG(s) 'tutorial' retrieved from /home/airflow/.local/lib/python3.12/site-packages/airflow/example_dags/tutorial.py
[2024-08-13T17:44:21.670+0000] {logging_mixin.py:188} INFO - [2024-08-13T17:44:21.670+0000] {dag.py:3089} INFO - Sync 1 DAGs
[2024-08-13T17:44:21.690+0000] {logging_mixin.py:188} INFO - [2024-08-13T17:44:21.689+0000] {dag.py:3947} INFO - Setting next_dagrun for tutorial to 2024-08-12 00:00:00+00:00, run_after=2024-08-13 00:00:00+00:00
[2024-08-13T17:44:21.709+0000] {processor.py:183} INFO - Processing /home/airflow/.local/lib/python3.12/site-packages/airflow/example_dags/tutorial.py took 0.075 seconds
[2024-08-13T17:44:51.816+0000] {processor.py:161} INFO - Started process (PID=1747) to work on /home/airflow/.local/lib/python3.12/site-packages/airflow/example_dags/tutorial.py
[2024-08-13T17:44:51.816+0000] {processor.py:830} INFO - Processing file /home/airflow/.local/lib/python3.12/site-packages/airflow/example_dags/tutorial.py for tasks to queue
[2024-08-13T17:44:51.818+0000] {logging_mixin.py:188} INFO - [2024-08-13T17:44:51.817+0000] {dagbag.py:545} INFO - Filling up the DagBag from /home/airflow/.local/lib/python3.12/site-packages/airflow/example_dags/tutorial.py
[2024-08-13T17:44:51.822+0000] {processor.py:840} INFO - DAG(s) 'tutorial' retrieved from /home/airflow/.local/lib/python3.12/site-packages/airflow/example_dags/tutorial.py
[2024-08-13T17:44:51.950+0000] {logging_mixin.py:188} INFO - [2024-08-13T17:44:51.949+0000] {dag.py:3089} INFO - Sync 1 DAGs
[2024-08-13T17:44:51.968+0000] {logging_mixin.py:188} INFO - [2024-08-13T17:44:51.968+0000] {dag.py:3947} INFO - Setting next_dagrun for tutorial to 2024-08-12 00:00:00+00:00, run_after=2024-08-13 00:00:00+00:00
[2024-08-13T17:44:51.984+0000] {processor.py:183} INFO - Processing /home/airflow/.local/lib/python3.12/site-packages/airflow/example_dags/tutorial.py took 0.173 seconds
[2024-08-13T17:45:22.661+0000] {processor.py:161} INFO - Started process (PID=1805) to work on /home/airflow/.local/lib/python3.12/site-packages/airflow/example_dags/tutorial.py
[2024-08-13T17:45:22.662+0000] {processor.py:830} INFO - Processing file /home/airflow/.local/lib/python3.12/site-packages/airflow/example_dags/tutorial.py for tasks to queue
[2024-08-13T17:45:22.664+0000] {logging_mixin.py:188} INFO - [2024-08-13T17:45:22.663+0000] {dagbag.py:545} INFO - Filling up the DagBag from /home/airflow/.local/lib/python3.12/site-packages/airflow/example_dags/tutorial.py
[2024-08-13T17:45:22.668+0000] {processor.py:840} INFO - DAG(s) 'tutorial' retrieved from /home/airflow/.local/lib/python3.12/site-packages/airflow/example_dags/tutorial.py
[2024-08-13T17:45:22.689+0000] {logging_mixin.py:188} INFO - [2024-08-13T17:45:22.688+0000] {dag.py:3089} INFO - Sync 1 DAGs
[2024-08-13T17:45:22.708+0000] {logging_mixin.py:188} INFO - [2024-08-13T17:45:22.708+0000] {dag.py:3947} INFO - Setting next_dagrun for tutorial to 2024-08-12 00:00:00+00:00, run_after=2024-08-13 00:00:00+00:00
[2024-08-13T17:45:22.726+0000] {processor.py:183} INFO - Processing /home/airflow/.local/lib/python3.12/site-packages/airflow/example_dags/tutorial.py took 0.070 seconds
[2024-08-13T17:45:53.142+0000] {processor.py:161} INFO - Started process (PID=1863) to work on /home/airflow/.local/lib/python3.12/site-packages/airflow/example_dags/tutorial.py
[2024-08-13T17:45:53.143+0000] {processor.py:830} INFO - Processing file /home/airflow/.local/lib/python3.12/site-packages/airflow/example_dags/tutorial.py for tasks to queue
[2024-08-13T17:45:53.144+0000] {logging_mixin.py:188} INFO - [2024-08-13T17:45:53.144+0000] {dagbag.py:545} INFO - Filling up the DagBag from /home/airflow/.local/lib/python3.12/site-packages/airflow/example_dags/tutorial.py
[2024-08-13T17:45:53.149+0000] {processor.py:840} INFO - DAG(s) 'tutorial' retrieved from /home/airflow/.local/lib/python3.12/site-packages/airflow/example_dags/tutorial.py
[2024-08-13T17:45:53.170+0000] {logging_mixin.py:188} INFO - [2024-08-13T17:45:53.169+0000] {dag.py:3089} INFO - Sync 1 DAGs
[2024-08-13T17:45:53.189+0000] {logging_mixin.py:188} INFO - [2024-08-13T17:45:53.189+0000] {dag.py:3947} INFO - Setting next_dagrun for tutorial to 2024-08-12 00:00:00+00:00, run_after=2024-08-13 00:00:00+00:00
[2024-08-13T17:45:53.206+0000] {processor.py:183} INFO - Processing /home/airflow/.local/lib/python3.12/site-packages/airflow/example_dags/tutorial.py took 0.070 seconds
[2024-08-13T17:46:23.517+0000] {processor.py:161} INFO - Started process (PID=1921) to work on /home/airflow/.local/lib/python3.12/site-packages/airflow/example_dags/tutorial.py
[2024-08-13T17:46:23.518+0000] {processor.py:830} INFO - Processing file /home/airflow/.local/lib/python3.12/site-packages/airflow/example_dags/tutorial.py for tasks to queue
[2024-08-13T17:46:23.519+0000] {logging_mixin.py:188} INFO - [2024-08-13T17:46:23.519+0000] {dagbag.py:545} INFO - Filling up the DagBag from /home/airflow/.local/lib/python3.12/site-packages/airflow/example_dags/tutorial.py
[2024-08-13T17:46:23.523+0000] {processor.py:840} INFO - DAG(s) 'tutorial' retrieved from /home/airflow/.local/lib/python3.12/site-packages/airflow/example_dags/tutorial.py
[2024-08-13T17:46:23.541+0000] {logging_mixin.py:188} INFO - [2024-08-13T17:46:23.541+0000] {dag.py:3089} INFO - Sync 1 DAGs
[2024-08-13T17:46:23.560+0000] {logging_mixin.py:188} INFO - [2024-08-13T17:46:23.560+0000] {dag.py:3947} INFO - Setting next_dagrun for tutorial to 2024-08-12 00:00:00+00:00, run_after=2024-08-13 00:00:00+00:00
[2024-08-13T17:46:23.579+0000] {processor.py:183} INFO - Processing /home/airflow/.local/lib/python3.12/site-packages/airflow/example_dags/tutorial.py took 0.067 seconds
[2024-08-13T17:46:54.036+0000] {processor.py:161} INFO - Started process (PID=1979) to work on /home/airflow/.local/lib/python3.12/site-packages/airflow/example_dags/tutorial.py
[2024-08-13T17:46:54.036+0000] {processor.py:830} INFO - Processing file /home/airflow/.local/lib/python3.12/site-packages/airflow/example_dags/tutorial.py for tasks to queue
[2024-08-13T17:46:54.037+0000] {logging_mixin.py:188} INFO - [2024-08-13T17:46:54.037+0000] {dagbag.py:545} INFO - Filling up the DagBag from /home/airflow/.local/lib/python3.12/site-packages/airflow/example_dags/tutorial.py
[2024-08-13T17:46:54.042+0000] {processor.py:840} INFO - DAG(s) 'tutorial' retrieved from /home/airflow/.local/lib/python3.12/site-packages/airflow/example_dags/tutorial.py
[2024-08-13T17:46:54.061+0000] {logging_mixin.py:188} INFO - [2024-08-13T17:46:54.060+0000] {dag.py:3089} INFO - Sync 1 DAGs
[2024-08-13T17:46:54.080+0000] {logging_mixin.py:188} INFO - [2024-08-13T17:46:54.079+0000] {dag.py:3947} INFO - Setting next_dagrun for tutorial to 2024-08-12 00:00:00+00:00, run_after=2024-08-13 00:00:00+00:00
[2024-08-13T17:46:54.099+0000] {processor.py:183} INFO - Processing /home/airflow/.local/lib/python3.12/site-packages/airflow/example_dags/tutorial.py took 0.068 seconds
[2024-08-13T17:47:24.574+0000] {processor.py:161} INFO - Started process (PID=2037) to work on /home/airflow/.local/lib/python3.12/site-packages/airflow/example_dags/tutorial.py
[2024-08-13T17:47:24.575+0000] {processor.py:830} INFO - Processing file /home/airflow/.local/lib/python3.12/site-packages/airflow/example_dags/tutorial.py for tasks to queue
[2024-08-13T17:47:24.576+0000] {logging_mixin.py:188} INFO - [2024-08-13T17:47:24.576+0000] {dagbag.py:545} INFO - Filling up the DagBag from /home/airflow/.local/lib/python3.12/site-packages/airflow/example_dags/tutorial.py
[2024-08-13T17:47:24.581+0000] {processor.py:840} INFO - DAG(s) 'tutorial' retrieved from /home/airflow/.local/lib/python3.12/site-packages/airflow/example_dags/tutorial.py
[2024-08-13T17:47:24.599+0000] {logging_mixin.py:188} INFO - [2024-08-13T17:47:24.599+0000] {dag.py:3089} INFO - Sync 1 DAGs
[2024-08-13T17:47:24.619+0000] {logging_mixin.py:188} INFO - [2024-08-13T17:47:24.619+0000] {dag.py:3947} INFO - Setting next_dagrun for tutorial to 2024-08-12 00:00:00+00:00, run_after=2024-08-13 00:00:00+00:00
[2024-08-13T17:47:24.636+0000] {processor.py:183} INFO - Processing /home/airflow/.local/lib/python3.12/site-packages/airflow/example_dags/tutorial.py took 0.068 seconds
[2024-08-13T17:47:54.994+0000] {processor.py:161} INFO - Started process (PID=2095) to work on /home/airflow/.local/lib/python3.12/site-packages/airflow/example_dags/tutorial.py
[2024-08-13T17:47:54.995+0000] {processor.py:830} INFO - Processing file /home/airflow/.local/lib/python3.12/site-packages/airflow/example_dags/tutorial.py for tasks to queue
[2024-08-13T17:47:54.996+0000] {logging_mixin.py:188} INFO - [2024-08-13T17:47:54.996+0000] {dagbag.py:545} INFO - Filling up the DagBag from /home/airflow/.local/lib/python3.12/site-packages/airflow/example_dags/tutorial.py
[2024-08-13T17:47:55.001+0000] {processor.py:840} INFO - DAG(s) 'tutorial' retrieved from /home/airflow/.local/lib/python3.12/site-packages/airflow/example_dags/tutorial.py
[2024-08-13T17:47:55.020+0000] {logging_mixin.py:188} INFO - [2024-08-13T17:47:55.019+0000] {dag.py:3089} INFO - Sync 1 DAGs
[2024-08-13T17:47:55.041+0000] {logging_mixin.py:188} INFO - [2024-08-13T17:47:55.040+0000] {dag.py:3947} INFO - Setting next_dagrun for tutorial to 2024-08-12 00:00:00+00:00, run_after=2024-08-13 00:00:00+00:00
[2024-08-13T17:47:55.056+0000] {processor.py:183} INFO - Processing /home/airflow/.local/lib/python3.12/site-packages/airflow/example_dags/tutorial.py took 0.067 seconds
[2024-08-13T17:48:25.521+0000] {processor.py:161} INFO - Started process (PID=2153) to work on /home/airflow/.local/lib/python3.12/site-packages/airflow/example_dags/tutorial.py
[2024-08-13T17:48:25.522+0000] {processor.py:830} INFO - Processing file /home/airflow/.local/lib/python3.12/site-packages/airflow/example_dags/tutorial.py for tasks to queue
[2024-08-13T17:48:25.523+0000] {logging_mixin.py:188} INFO - [2024-08-13T17:48:25.523+0000] {dagbag.py:545} INFO - Filling up the DagBag from /home/airflow/.local/lib/python3.12/site-packages/airflow/example_dags/tutorial.py
[2024-08-13T17:48:25.528+0000] {processor.py:840} INFO - DAG(s) 'tutorial' retrieved from /home/airflow/.local/lib/python3.12/site-packages/airflow/example_dags/tutorial.py
[2024-08-13T17:48:25.546+0000] {logging_mixin.py:188} INFO - [2024-08-13T17:48:25.546+0000] {dag.py:3089} INFO - Sync 1 DAGs
[2024-08-13T17:48:25.566+0000] {logging_mixin.py:188} INFO - [2024-08-13T17:48:25.565+0000] {dag.py:3947} INFO - Setting next_dagrun for tutorial to 2024-08-12 00:00:00+00:00, run_after=2024-08-13 00:00:00+00:00
[2024-08-13T17:48:25.583+0000] {processor.py:183} INFO - Processing /home/airflow/.local/lib/python3.12/site-packages/airflow/example_dags/tutorial.py took 0.067 seconds
[2024-08-13T17:48:56.053+0000] {processor.py:161} INFO - Started process (PID=2211) to work on /home/airflow/.local/lib/python3.12/site-packages/airflow/example_dags/tutorial.py
[2024-08-13T17:48:56.054+0000] {processor.py:830} INFO - Processing file /home/airflow/.local/lib/python3.12/site-packages/airflow/example_dags/tutorial.py for tasks to queue
[2024-08-13T17:48:56.055+0000] {logging_mixin.py:188} INFO - [2024-08-13T17:48:56.055+0000] {dagbag.py:545} INFO - Filling up the DagBag from /home/airflow/.local/lib/python3.12/site-packages/airflow/example_dags/tutorial.py
[2024-08-13T17:48:56.060+0000] {processor.py:840} INFO - DAG(s) 'tutorial' retrieved from /home/airflow/.local/lib/python3.12/site-packages/airflow/example_dags/tutorial.py
[2024-08-13T17:48:56.080+0000] {logging_mixin.py:188} INFO - [2024-08-13T17:48:56.079+0000] {dag.py:3089} INFO - Sync 1 DAGs
[2024-08-13T17:48:56.103+0000] {logging_mixin.py:188} INFO - [2024-08-13T17:48:56.102+0000] {dag.py:3947} INFO - Setting next_dagrun for tutorial to 2024-08-12 00:00:00+00:00, run_after=2024-08-13 00:00:00+00:00
[2024-08-13T17:48:56.128+0000] {processor.py:183} INFO - Processing /home/airflow/.local/lib/python3.12/site-packages/airflow/example_dags/tutorial.py took 0.080 seconds
[2024-08-13T17:49:26.608+0000] {processor.py:161} INFO - Started process (PID=2269) to work on /home/airflow/.local/lib/python3.12/site-packages/airflow/example_dags/tutorial.py
[2024-08-13T17:49:26.609+0000] {processor.py:830} INFO - Processing file /home/airflow/.local/lib/python3.12/site-packages/airflow/example_dags/tutorial.py for tasks to queue
[2024-08-13T17:49:26.610+0000] {logging_mixin.py:188} INFO - [2024-08-13T17:49:26.610+0000] {dagbag.py:545} INFO - Filling up the DagBag from /home/airflow/.local/lib/python3.12/site-packages/airflow/example_dags/tutorial.py
[2024-08-13T17:49:26.615+0000] {processor.py:840} INFO - DAG(s) 'tutorial' retrieved from /home/airflow/.local/lib/python3.12/site-packages/airflow/example_dags/tutorial.py
[2024-08-13T17:49:26.634+0000] {logging_mixin.py:188} INFO - [2024-08-13T17:49:26.633+0000] {dag.py:3089} INFO - Sync 1 DAGs
[2024-08-13T17:49:26.655+0000] {logging_mixin.py:188} INFO - [2024-08-13T17:49:26.655+0000] {dag.py:3947} INFO - Setting next_dagrun for tutorial to 2024-08-12 00:00:00+00:00, run_after=2024-08-13 00:00:00+00:00
[2024-08-13T17:49:26.672+0000] {processor.py:183} INFO - Processing /home/airflow/.local/lib/python3.12/site-packages/airflow/example_dags/tutorial.py took 0.069 seconds
[2024-08-13T17:49:57.104+0000] {processor.py:161} INFO - Started process (PID=2327) to work on /home/airflow/.local/lib/python3.12/site-packages/airflow/example_dags/tutorial.py
[2024-08-13T17:49:57.104+0000] {processor.py:830} INFO - Processing file /home/airflow/.local/lib/python3.12/site-packages/airflow/example_dags/tutorial.py for tasks to queue
[2024-08-13T17:49:57.106+0000] {logging_mixin.py:188} INFO - [2024-08-13T17:49:57.105+0000] {dagbag.py:545} INFO - Filling up the DagBag from /home/airflow/.local/lib/python3.12/site-packages/airflow/example_dags/tutorial.py
[2024-08-13T17:49:57.111+0000] {processor.py:840} INFO - DAG(s) 'tutorial' retrieved from /home/airflow/.local/lib/python3.12/site-packages/airflow/example_dags/tutorial.py
[2024-08-13T17:49:57.128+0000] {logging_mixin.py:188} INFO - [2024-08-13T17:49:57.127+0000] {dag.py:3089} INFO - Sync 1 DAGs
[2024-08-13T17:49:57.148+0000] {logging_mixin.py:188} INFO - [2024-08-13T17:49:57.147+0000] {dag.py:3947} INFO - Setting next_dagrun for tutorial to 2024-08-12 00:00:00+00:00, run_after=2024-08-13 00:00:00+00:00
[2024-08-13T17:49:57.164+0000] {processor.py:183} INFO - Processing /home/airflow/.local/lib/python3.12/site-packages/airflow/example_dags/tutorial.py took 0.066 seconds
[2024-08-13T17:50:27.501+0000] {processor.py:161} INFO - Started process (PID=2386) to work on /home/airflow/.local/lib/python3.12/site-packages/airflow/example_dags/tutorial.py
[2024-08-13T17:50:27.501+0000] {processor.py:830} INFO - Processing file /home/airflow/.local/lib/python3.12/site-packages/airflow/example_dags/tutorial.py for tasks to queue
[2024-08-13T17:50:27.503+0000] {logging_mixin.py:188} INFO - [2024-08-13T17:50:27.502+0000] {dagbag.py:545} INFO - Filling up the DagBag from /home/airflow/.local/lib/python3.12/site-packages/airflow/example_dags/tutorial.py
[2024-08-13T17:50:27.507+0000] {processor.py:840} INFO - DAG(s) 'tutorial' retrieved from /home/airflow/.local/lib/python3.12/site-packages/airflow/example_dags/tutorial.py
[2024-08-13T17:50:27.526+0000] {logging_mixin.py:188} INFO - [2024-08-13T17:50:27.526+0000] {dag.py:3089} INFO - Sync 1 DAGs
[2024-08-13T17:50:27.546+0000] {logging_mixin.py:188} INFO - [2024-08-13T17:50:27.545+0000] {dag.py:3947} INFO - Setting next_dagrun for tutorial to 2024-08-12 00:00:00+00:00, run_after=2024-08-13 00:00:00+00:00
[2024-08-13T17:50:27.562+0000] {processor.py:183} INFO - Processing /home/airflow/.local/lib/python3.12/site-packages/airflow/example_dags/tutorial.py took 0.066 seconds
[2024-08-13T17:50:57.873+0000] {processor.py:161} INFO - Started process (PID=2444) to work on /home/airflow/.local/lib/python3.12/site-packages/airflow/example_dags/tutorial.py
[2024-08-13T17:50:57.873+0000] {processor.py:830} INFO - Processing file /home/airflow/.local/lib/python3.12/site-packages/airflow/example_dags/tutorial.py for tasks to queue
[2024-08-13T17:50:57.875+0000] {logging_mixin.py:188} INFO - [2024-08-13T17:50:57.874+0000] {dagbag.py:545} INFO - Filling up the DagBag from /home/airflow/.local/lib/python3.12/site-packages/airflow/example_dags/tutorial.py
[2024-08-13T17:50:57.879+0000] {processor.py:840} INFO - DAG(s) 'tutorial' retrieved from /home/airflow/.local/lib/python3.12/site-packages/airflow/example_dags/tutorial.py
[2024-08-13T17:50:57.897+0000] {logging_mixin.py:188} INFO - [2024-08-13T17:50:57.897+0000] {dag.py:3089} INFO - Sync 1 DAGs
[2024-08-13T17:50:57.916+0000] {logging_mixin.py:188} INFO - [2024-08-13T17:50:57.916+0000] {dag.py:3947} INFO - Setting next_dagrun for tutorial to 2024-08-12 00:00:00+00:00, run_after=2024-08-13 00:00:00+00:00
[2024-08-13T17:50:57.936+0000] {processor.py:183} INFO - Processing /home/airflow/.local/lib/python3.12/site-packages/airflow/example_dags/tutorial.py took 0.068 seconds
[2024-08-13T17:51:28.306+0000] {processor.py:161} INFO - Started process (PID=2502) to work on /home/airflow/.local/lib/python3.12/site-packages/airflow/example_dags/tutorial.py
[2024-08-13T17:51:28.307+0000] {processor.py:830} INFO - Processing file /home/airflow/.local/lib/python3.12/site-packages/airflow/example_dags/tutorial.py for tasks to queue
[2024-08-13T17:51:28.308+0000] {logging_mixin.py:188} INFO - [2024-08-13T17:51:28.308+0000] {dagbag.py:545} INFO - Filling up the DagBag from /home/airflow/.local/lib/python3.12/site-packages/airflow/example_dags/tutorial.py
[2024-08-13T17:51:28.313+0000] {processor.py:840} INFO - DAG(s) 'tutorial' retrieved from /home/airflow/.local/lib/python3.12/site-packages/airflow/example_dags/tutorial.py
[2024-08-13T17:51:28.331+0000] {logging_mixin.py:188} INFO - [2024-08-13T17:51:28.330+0000] {dag.py:3089} INFO - Sync 1 DAGs
[2024-08-13T17:51:28.355+0000] {logging_mixin.py:188} INFO - [2024-08-13T17:51:28.355+0000] {dag.py:3947} INFO - Setting next_dagrun for tutorial to 2024-08-12 00:00:00+00:00, run_after=2024-08-13 00:00:00+00:00
[2024-08-13T17:51:28.372+0000] {processor.py:183} INFO - Processing /home/airflow/.local/lib/python3.12/site-packages/airflow/example_dags/tutorial.py took 0.071 seconds
[2024-08-13T17:51:58.744+0000] {processor.py:161} INFO - Started process (PID=2560) to work on /home/airflow/.local/lib/python3.12/site-packages/airflow/example_dags/tutorial.py
[2024-08-13T17:51:58.745+0000] {processor.py:830} INFO - Processing file /home/airflow/.local/lib/python3.12/site-packages/airflow/example_dags/tutorial.py for tasks to queue
[2024-08-13T17:51:58.746+0000] {logging_mixin.py:188} INFO - [2024-08-13T17:51:58.746+0000] {dagbag.py:545} INFO - Filling up the DagBag from /home/airflow/.local/lib/python3.12/site-packages/airflow/example_dags/tutorial.py
[2024-08-13T17:51:58.751+0000] {processor.py:840} INFO - DAG(s) 'tutorial' retrieved from /home/airflow/.local/lib/python3.12/site-packages/airflow/example_dags/tutorial.py
[2024-08-13T17:51:58.768+0000] {logging_mixin.py:188} INFO - [2024-08-13T17:51:58.768+0000] {dag.py:3089} INFO - Sync 1 DAGs
[2024-08-13T17:51:58.789+0000] {logging_mixin.py:188} INFO - [2024-08-13T17:51:58.788+0000] {dag.py:3947} INFO - Setting next_dagrun for tutorial to 2024-08-12 00:00:00+00:00, run_after=2024-08-13 00:00:00+00:00
[2024-08-13T17:51:58.806+0000] {processor.py:183} INFO - Processing /home/airflow/.local/lib/python3.12/site-packages/airflow/example_dags/tutorial.py took 0.067 seconds
[2024-08-13T17:52:29.113+0000] {processor.py:161} INFO - Started process (PID=2618) to work on /home/airflow/.local/lib/python3.12/site-packages/airflow/example_dags/tutorial.py
[2024-08-13T17:52:29.114+0000] {processor.py:830} INFO - Processing file /home/airflow/.local/lib/python3.12/site-packages/airflow/example_dags/tutorial.py for tasks to queue
[2024-08-13T17:52:29.117+0000] {logging_mixin.py:188} INFO - [2024-08-13T17:52:29.116+0000] {dagbag.py:545} INFO - Filling up the DagBag from /home/airflow/.local/lib/python3.12/site-packages/airflow/example_dags/tutorial.py
[2024-08-13T17:52:29.121+0000] {processor.py:840} INFO - DAG(s) 'tutorial' retrieved from /home/airflow/.local/lib/python3.12/site-packages/airflow/example_dags/tutorial.py
[2024-08-13T17:52:29.139+0000] {logging_mixin.py:188} INFO - [2024-08-13T17:52:29.139+0000] {dag.py:3089} INFO - Sync 1 DAGs
[2024-08-13T17:52:29.158+0000] {logging_mixin.py:188} INFO - [2024-08-13T17:52:29.158+0000] {dag.py:3947} INFO - Setting next_dagrun for tutorial to 2024-08-12 00:00:00+00:00, run_after=2024-08-13 00:00:00+00:00
[2024-08-13T17:52:29.175+0000] {processor.py:183} INFO - Processing /home/airflow/.local/lib/python3.12/site-packages/airflow/example_dags/tutorial.py took 0.068 seconds
[2024-08-13T17:52:59.529+0000] {processor.py:161} INFO - Started process (PID=2675) to work on /home/airflow/.local/lib/python3.12/site-packages/airflow/example_dags/tutorial.py
[2024-08-13T17:52:59.529+0000] {processor.py:830} INFO - Processing file /home/airflow/.local/lib/python3.12/site-packages/airflow/example_dags/tutorial.py for tasks to queue
[2024-08-13T17:52:59.531+0000] {logging_mixin.py:188} INFO - [2024-08-13T17:52:59.530+0000] {dagbag.py:545} INFO - Filling up the DagBag from /home/airflow/.local/lib/python3.12/site-packages/airflow/example_dags/tutorial.py
[2024-08-13T17:52:59.535+0000] {processor.py:840} INFO - DAG(s) 'tutorial' retrieved from /home/airflow/.local/lib/python3.12/site-packages/airflow/example_dags/tutorial.py
[2024-08-13T17:52:59.553+0000] {logging_mixin.py:188} INFO - [2024-08-13T17:52:59.553+0000] {dag.py:3089} INFO - Sync 1 DAGs
[2024-08-13T17:52:59.573+0000] {logging_mixin.py:188} INFO - [2024-08-13T17:52:59.572+0000] {dag.py:3947} INFO - Setting next_dagrun for tutorial to 2024-08-12 00:00:00+00:00, run_after=2024-08-13 00:00:00+00:00
[2024-08-13T17:52:59.590+0000] {processor.py:183} INFO - Processing /home/airflow/.local/lib/python3.12/site-packages/airflow/example_dags/tutorial.py took 0.066 seconds
[2024-08-13T17:53:29.956+0000] {processor.py:161} INFO - Started process (PID=2733) to work on /home/airflow/.local/lib/python3.12/site-packages/airflow/example_dags/tutorial.py
[2024-08-13T17:53:29.957+0000] {processor.py:830} INFO - Processing file /home/airflow/.local/lib/python3.12/site-packages/airflow/example_dags/tutorial.py for tasks to queue
[2024-08-13T17:53:29.958+0000] {logging_mixin.py:188} INFO - [2024-08-13T17:53:29.958+0000] {dagbag.py:545} INFO - Filling up the DagBag from /home/airflow/.local/lib/python3.12/site-packages/airflow/example_dags/tutorial.py
[2024-08-13T17:53:29.963+0000] {processor.py:840} INFO - DAG(s) 'tutorial' retrieved from /home/airflow/.local/lib/python3.12/site-packages/airflow/example_dags/tutorial.py
[2024-08-13T17:53:29.981+0000] {logging_mixin.py:188} INFO - [2024-08-13T17:53:29.981+0000] {dag.py:3089} INFO - Sync 1 DAGs
[2024-08-13T17:53:30.000+0000] {logging_mixin.py:188} INFO - [2024-08-13T17:53:30.000+0000] {dag.py:3947} INFO - Setting next_dagrun for tutorial to 2024-08-12 00:00:00+00:00, run_after=2024-08-13 00:00:00+00:00
[2024-08-13T17:53:30.017+0000] {processor.py:183} INFO - Processing /home/airflow/.local/lib/python3.12/site-packages/airflow/example_dags/tutorial.py took 0.066 seconds
[2024-08-13T17:54:00.352+0000] {processor.py:161} INFO - Started process (PID=2791) to work on /home/airflow/.local/lib/python3.12/site-packages/airflow/example_dags/tutorial.py
[2024-08-13T17:54:00.353+0000] {processor.py:830} INFO - Processing file /home/airflow/.local/lib/python3.12/site-packages/airflow/example_dags/tutorial.py for tasks to queue
[2024-08-13T17:54:00.354+0000] {logging_mixin.py:188} INFO - [2024-08-13T17:54:00.354+0000] {dagbag.py:545} INFO - Filling up the DagBag from /home/airflow/.local/lib/python3.12/site-packages/airflow/example_dags/tutorial.py
[2024-08-13T17:54:00.359+0000] {processor.py:840} INFO - DAG(s) 'tutorial' retrieved from /home/airflow/.local/lib/python3.12/site-packages/airflow/example_dags/tutorial.py
[2024-08-13T17:54:00.378+0000] {logging_mixin.py:188} INFO - [2024-08-13T17:54:00.377+0000] {dag.py:3089} INFO - Sync 1 DAGs
[2024-08-13T17:54:00.397+0000] {logging_mixin.py:188} INFO - [2024-08-13T17:54:00.397+0000] {dag.py:3947} INFO - Setting next_dagrun for tutorial to 2024-08-12 00:00:00+00:00, run_after=2024-08-13 00:00:00+00:00
[2024-08-13T17:54:00.414+0000] {processor.py:183} INFO - Processing /home/airflow/.local/lib/python3.12/site-packages/airflow/example_dags/tutorial.py took 0.066 seconds
