[2024-08-10T23:58:52.625+0000] {processor.py:161} INFO - Started process (PID=67) to work on /home/airflow/.local/lib/python3.12/site-packages/airflow/example_dags/example_latest_only.py
[2024-08-10T23:58:52.626+0000] {processor.py:830} INFO - Processing file /home/airflow/.local/lib/python3.12/site-packages/airflow/example_dags/example_latest_only.py for tasks to queue
[2024-08-10T23:58:52.628+0000] {logging_mixin.py:188} INFO - [2024-08-10T23:58:52.628+0000] {dagbag.py:545} INFO - Filling up the DagBag from /home/airflow/.local/lib/python3.12/site-packages/airflow/example_dags/example_latest_only.py
[2024-08-10T23:58:52.631+0000] {processor.py:840} INFO - DAG(s) 'latest_only' retrieved from /home/airflow/.local/lib/python3.12/site-packages/airflow/example_dags/example_latest_only.py
[2024-08-10T23:58:52.651+0000] {logging_mixin.py:188} INFO - [2024-08-10T23:58:52.651+0000] {dag.py:3089} INFO - Sync 1 DAGs
[2024-08-10T23:58:52.671+0000] {logging_mixin.py:188} INFO - [2024-08-10T23:58:52.671+0000] {dag.py:3947} INFO - Setting next_dagrun for latest_only to 2024-08-10 16:00:00+00:00, run_after=2024-08-10 20:00:00+00:00
[2024-08-10T23:58:52.693+0000] {processor.py:183} INFO - Processing /home/airflow/.local/lib/python3.12/site-packages/airflow/example_dags/example_latest_only.py took 0.072 seconds
[2024-08-10T23:59:22.751+0000] {processor.py:161} INFO - Started process (PID=125) to work on /home/airflow/.local/lib/python3.12/site-packages/airflow/example_dags/example_latest_only.py
[2024-08-10T23:59:22.752+0000] {processor.py:830} INFO - Processing file /home/airflow/.local/lib/python3.12/site-packages/airflow/example_dags/example_latest_only.py for tasks to queue
[2024-08-10T23:59:22.753+0000] {logging_mixin.py:188} INFO - [2024-08-10T23:59:22.753+0000] {dagbag.py:545} INFO - Filling up the DagBag from /home/airflow/.local/lib/python3.12/site-packages/airflow/example_dags/example_latest_only.py
[2024-08-10T23:59:22.757+0000] {processor.py:840} INFO - DAG(s) 'latest_only' retrieved from /home/airflow/.local/lib/python3.12/site-packages/airflow/example_dags/example_latest_only.py
[2024-08-10T23:59:22.774+0000] {logging_mixin.py:188} INFO - [2024-08-10T23:59:22.774+0000] {dag.py:3089} INFO - Sync 1 DAGs
[2024-08-10T23:59:22.793+0000] {logging_mixin.py:188} INFO - [2024-08-10T23:59:22.793+0000] {dag.py:3947} INFO - Setting next_dagrun for latest_only to 2024-08-10 16:00:00+00:00, run_after=2024-08-10 20:00:00+00:00
[2024-08-10T23:59:22.810+0000] {processor.py:183} INFO - Processing /home/airflow/.local/lib/python3.12/site-packages/airflow/example_dags/example_latest_only.py took 0.064 seconds
[2024-08-10T23:59:53.390+0000] {processor.py:161} INFO - Started process (PID=183) to work on /home/airflow/.local/lib/python3.12/site-packages/airflow/example_dags/example_latest_only.py
[2024-08-10T23:59:53.390+0000] {processor.py:830} INFO - Processing file /home/airflow/.local/lib/python3.12/site-packages/airflow/example_dags/example_latest_only.py for tasks to queue
[2024-08-10T23:59:53.392+0000] {logging_mixin.py:188} INFO - [2024-08-10T23:59:53.391+0000] {dagbag.py:545} INFO - Filling up the DagBag from /home/airflow/.local/lib/python3.12/site-packages/airflow/example_dags/example_latest_only.py
[2024-08-10T23:59:53.395+0000] {processor.py:840} INFO - DAG(s) 'latest_only' retrieved from /home/airflow/.local/lib/python3.12/site-packages/airflow/example_dags/example_latest_only.py
[2024-08-10T23:59:53.413+0000] {logging_mixin.py:188} INFO - [2024-08-10T23:59:53.413+0000] {dag.py:3089} INFO - Sync 1 DAGs
[2024-08-10T23:59:53.432+0000] {logging_mixin.py:188} INFO - [2024-08-10T23:59:53.432+0000] {dag.py:3947} INFO - Setting next_dagrun for latest_only to 2024-08-10 16:00:00+00:00, run_after=2024-08-10 20:00:00+00:00
[2024-08-10T23:59:53.448+0000] {processor.py:183} INFO - Processing /home/airflow/.local/lib/python3.12/site-packages/airflow/example_dags/example_latest_only.py took 0.064 seconds
