[2024-08-10T23:58:53.110+0000] {processor.py:161} INFO - Started process (PID=77) to work on /home/airflow/.local/lib/python3.12/site-packages/airflow/example_dags/example_setup_teardown.py
[2024-08-10T23:58:53.111+0000] {processor.py:830} INFO - Processing file /home/airflow/.local/lib/python3.12/site-packages/airflow/example_dags/example_setup_teardown.py for tasks to queue
[2024-08-10T23:58:53.112+0000] {logging_mixin.py:188} INFO - [2024-08-10T23:58:53.112+0000] {dagbag.py:545} INFO - Filling up the DagBag from /home/airflow/.local/lib/python3.12/site-packages/airflow/example_dags/example_setup_teardown.py
[2024-08-10T23:58:53.117+0000] {processor.py:840} INFO - DAG(s) 'example_setup_teardown' retrieved from /home/airflow/.local/lib/python3.12/site-packages/airflow/example_dags/example_setup_teardown.py
[2024-08-10T23:58:53.138+0000] {logging_mixin.py:188} INFO - [2024-08-10T23:58:53.138+0000] {dag.py:3089} INFO - Sync 1 DAGs
[2024-08-10T23:58:53.160+0000] {logging_mixin.py:188} INFO - [2024-08-10T23:58:53.159+0000] {dag.py:3947} INFO - Setting next_dagrun for example_setup_teardown to 2024-08-09 00:00:00+00:00, run_after=2024-08-10 00:00:00+00:00
[2024-08-10T23:58:53.176+0000] {processor.py:183} INFO - Processing /home/airflow/.local/lib/python3.12/site-packages/airflow/example_dags/example_setup_teardown.py took 0.071 seconds
[2024-08-10T23:59:23.281+0000] {processor.py:161} INFO - Started process (PID=135) to work on /home/airflow/.local/lib/python3.12/site-packages/airflow/example_dags/example_setup_teardown.py
[2024-08-10T23:59:23.281+0000] {processor.py:830} INFO - Processing file /home/airflow/.local/lib/python3.12/site-packages/airflow/example_dags/example_setup_teardown.py for tasks to queue
[2024-08-10T23:59:23.283+0000] {logging_mixin.py:188} INFO - [2024-08-10T23:59:23.283+0000] {dagbag.py:545} INFO - Filling up the DagBag from /home/airflow/.local/lib/python3.12/site-packages/airflow/example_dags/example_setup_teardown.py
[2024-08-10T23:59:23.288+0000] {processor.py:840} INFO - DAG(s) 'example_setup_teardown' retrieved from /home/airflow/.local/lib/python3.12/site-packages/airflow/example_dags/example_setup_teardown.py
[2024-08-10T23:59:23.306+0000] {logging_mixin.py:188} INFO - [2024-08-10T23:59:23.306+0000] {dag.py:3089} INFO - Sync 1 DAGs
[2024-08-10T23:59:23.325+0000] {logging_mixin.py:188} INFO - [2024-08-10T23:59:23.325+0000] {dag.py:3947} INFO - Setting next_dagrun for example_setup_teardown to 2024-08-09 00:00:00+00:00, run_after=2024-08-10 00:00:00+00:00
[2024-08-10T23:59:23.341+0000] {processor.py:183} INFO - Processing /home/airflow/.local/lib/python3.12/site-packages/airflow/example_dags/example_setup_teardown.py took 0.065 seconds
[2024-08-10T23:59:53.860+0000] {processor.py:161} INFO - Started process (PID=193) to work on /home/airflow/.local/lib/python3.12/site-packages/airflow/example_dags/example_setup_teardown.py
[2024-08-10T23:59:53.861+0000] {processor.py:830} INFO - Processing file /home/airflow/.local/lib/python3.12/site-packages/airflow/example_dags/example_setup_teardown.py for tasks to queue
[2024-08-10T23:59:53.862+0000] {logging_mixin.py:188} INFO - [2024-08-10T23:59:53.862+0000] {dagbag.py:545} INFO - Filling up the DagBag from /home/airflow/.local/lib/python3.12/site-packages/airflow/example_dags/example_setup_teardown.py
[2024-08-10T23:59:53.867+0000] {processor.py:840} INFO - DAG(s) 'example_setup_teardown' retrieved from /home/airflow/.local/lib/python3.12/site-packages/airflow/example_dags/example_setup_teardown.py
[2024-08-10T23:59:53.886+0000] {logging_mixin.py:188} INFO - [2024-08-10T23:59:53.885+0000] {dag.py:3089} INFO - Sync 1 DAGs
[2024-08-10T23:59:53.905+0000] {logging_mixin.py:188} INFO - [2024-08-10T23:59:53.905+0000] {dag.py:3947} INFO - Setting next_dagrun for example_setup_teardown to 2024-08-09 00:00:00+00:00, run_after=2024-08-10 00:00:00+00:00
[2024-08-10T23:59:53.923+0000] {processor.py:183} INFO - Processing /home/airflow/.local/lib/python3.12/site-packages/airflow/example_dags/example_setup_teardown.py took 0.068 seconds
