[2024-08-10T23:58:52.363+0000] {processor.py:161} INFO - Started process (PID=62) to work on /home/airflow/.local/lib/python3.12/site-packages/airflow/example_dags/example_branch_labels.py
[2024-08-10T23:58:52.363+0000] {processor.py:830} INFO - Processing file /home/airflow/.local/lib/python3.12/site-packages/airflow/example_dags/example_branch_labels.py for tasks to queue
[2024-08-10T23:58:52.365+0000] {logging_mixin.py:188} INFO - [2024-08-10T23:58:52.364+0000] {dagbag.py:545} INFO - Filling up the DagBag from /home/airflow/.local/lib/python3.12/site-packages/airflow/example_dags/example_branch_labels.py
[2024-08-10T23:58:52.371+0000] {processor.py:840} INFO - DAG(s) 'example_branch_labels' retrieved from /home/airflow/.local/lib/python3.12/site-packages/airflow/example_dags/example_branch_labels.py
[2024-08-10T23:58:52.400+0000] {logging_mixin.py:188} INFO - [2024-08-10T23:58:52.400+0000] {dag.py:3089} INFO - Sync 1 DAGs
[2024-08-10T23:58:52.421+0000] {logging_mixin.py:188} INFO - [2024-08-10T23:58:52.421+0000] {dag.py:3947} INFO - Setting next_dagrun for example_branch_labels to 2024-08-09 00:00:00+00:00, run_after=2024-08-10 00:00:00+00:00
[2024-08-10T23:58:52.440+0000] {processor.py:183} INFO - Processing /home/airflow/.local/lib/python3.12/site-packages/airflow/example_dags/example_branch_labels.py took 0.082 seconds
[2024-08-10T23:59:22.504+0000] {processor.py:161} INFO - Started process (PID=120) to work on /home/airflow/.local/lib/python3.12/site-packages/airflow/example_dags/example_branch_labels.py
[2024-08-10T23:59:22.504+0000] {processor.py:830} INFO - Processing file /home/airflow/.local/lib/python3.12/site-packages/airflow/example_dags/example_branch_labels.py for tasks to queue
[2024-08-10T23:59:22.506+0000] {logging_mixin.py:188} INFO - [2024-08-10T23:59:22.505+0000] {dagbag.py:545} INFO - Filling up the DagBag from /home/airflow/.local/lib/python3.12/site-packages/airflow/example_dags/example_branch_labels.py
[2024-08-10T23:59:22.512+0000] {processor.py:840} INFO - DAG(s) 'example_branch_labels' retrieved from /home/airflow/.local/lib/python3.12/site-packages/airflow/example_dags/example_branch_labels.py
[2024-08-10T23:59:22.530+0000] {logging_mixin.py:188} INFO - [2024-08-10T23:59:22.529+0000] {dag.py:3089} INFO - Sync 1 DAGs
[2024-08-10T23:59:22.550+0000] {logging_mixin.py:188} INFO - [2024-08-10T23:59:22.550+0000] {dag.py:3947} INFO - Setting next_dagrun for example_branch_labels to 2024-08-09 00:00:00+00:00, run_after=2024-08-10 00:00:00+00:00
[2024-08-10T23:59:22.566+0000] {processor.py:183} INFO - Processing /home/airflow/.local/lib/python3.12/site-packages/airflow/example_dags/example_branch_labels.py took 0.067 seconds
[2024-08-10T23:59:53.153+0000] {processor.py:161} INFO - Started process (PID=178) to work on /home/airflow/.local/lib/python3.12/site-packages/airflow/example_dags/example_branch_labels.py
[2024-08-10T23:59:53.154+0000] {processor.py:830} INFO - Processing file /home/airflow/.local/lib/python3.12/site-packages/airflow/example_dags/example_branch_labels.py for tasks to queue
[2024-08-10T23:59:53.155+0000] {logging_mixin.py:188} INFO - [2024-08-10T23:59:53.155+0000] {dagbag.py:545} INFO - Filling up the DagBag from /home/airflow/.local/lib/python3.12/site-packages/airflow/example_dags/example_branch_labels.py
[2024-08-10T23:59:53.161+0000] {processor.py:840} INFO - DAG(s) 'example_branch_labels' retrieved from /home/airflow/.local/lib/python3.12/site-packages/airflow/example_dags/example_branch_labels.py
[2024-08-10T23:59:53.182+0000] {logging_mixin.py:188} INFO - [2024-08-10T23:59:53.181+0000] {dag.py:3089} INFO - Sync 1 DAGs
[2024-08-10T23:59:53.201+0000] {logging_mixin.py:188} INFO - [2024-08-10T23:59:53.201+0000] {dag.py:3947} INFO - Setting next_dagrun for example_branch_labels to 2024-08-09 00:00:00+00:00, run_after=2024-08-10 00:00:00+00:00
[2024-08-10T23:59:53.218+0000] {processor.py:183} INFO - Processing /home/airflow/.local/lib/python3.12/site-packages/airflow/example_dags/example_branch_labels.py took 0.069 seconds
