[2024-08-10T23:58:53.195+0000] {processor.py:161} INFO - Started process (PID=79) to work on /home/airflow/.local/lib/python3.12/site-packages/airflow/example_dags/example_nested_branch_dag.py
[2024-08-10T23:58:53.195+0000] {processor.py:830} INFO - Processing file /home/airflow/.local/lib/python3.12/site-packages/airflow/example_dags/example_nested_branch_dag.py for tasks to queue
[2024-08-10T23:58:53.197+0000] {logging_mixin.py:188} INFO - [2024-08-10T23:58:53.196+0000] {dagbag.py:545} INFO - Filling up the DagBag from /home/airflow/.local/lib/python3.12/site-packages/airflow/example_dags/example_nested_branch_dag.py
[2024-08-10T23:58:53.205+0000] {processor.py:840} INFO - DAG(s) 'example_nested_branch_dag' retrieved from /home/airflow/.local/lib/python3.12/site-packages/airflow/example_dags/example_nested_branch_dag.py
[2024-08-10T23:58:53.226+0000] {logging_mixin.py:188} INFO - [2024-08-10T23:58:53.226+0000] {dag.py:3089} INFO - Sync 1 DAGs
[2024-08-10T23:58:53.247+0000] {logging_mixin.py:188} INFO - [2024-08-10T23:58:53.247+0000] {dag.py:3947} INFO - Setting next_dagrun for example_nested_branch_dag to 2024-08-09 00:00:00+00:00, run_after=2024-08-10 00:00:00+00:00
[2024-08-10T23:58:53.263+0000] {processor.py:183} INFO - Processing /home/airflow/.local/lib/python3.12/site-packages/airflow/example_dags/example_nested_branch_dag.py took 0.073 seconds
[2024-08-10T23:59:23.363+0000] {processor.py:161} INFO - Started process (PID=137) to work on /home/airflow/.local/lib/python3.12/site-packages/airflow/example_dags/example_nested_branch_dag.py
[2024-08-10T23:59:23.363+0000] {processor.py:830} INFO - Processing file /home/airflow/.local/lib/python3.12/site-packages/airflow/example_dags/example_nested_branch_dag.py for tasks to queue
[2024-08-10T23:59:23.364+0000] {logging_mixin.py:188} INFO - [2024-08-10T23:59:23.364+0000] {dagbag.py:545} INFO - Filling up the DagBag from /home/airflow/.local/lib/python3.12/site-packages/airflow/example_dags/example_nested_branch_dag.py
[2024-08-10T23:59:23.373+0000] {processor.py:840} INFO - DAG(s) 'example_nested_branch_dag' retrieved from /home/airflow/.local/lib/python3.12/site-packages/airflow/example_dags/example_nested_branch_dag.py
[2024-08-10T23:59:23.391+0000] {logging_mixin.py:188} INFO - [2024-08-10T23:59:23.391+0000] {dag.py:3089} INFO - Sync 1 DAGs
[2024-08-10T23:59:23.411+0000] {logging_mixin.py:188} INFO - [2024-08-10T23:59:23.410+0000] {dag.py:3947} INFO - Setting next_dagrun for example_nested_branch_dag to 2024-08-09 00:00:00+00:00, run_after=2024-08-10 00:00:00+00:00
[2024-08-10T23:59:23.427+0000] {processor.py:183} INFO - Processing /home/airflow/.local/lib/python3.12/site-packages/airflow/example_dags/example_nested_branch_dag.py took 0.070 seconds
[2024-08-10T23:59:53.942+0000] {processor.py:161} INFO - Started process (PID=195) to work on /home/airflow/.local/lib/python3.12/site-packages/airflow/example_dags/example_nested_branch_dag.py
[2024-08-10T23:59:53.943+0000] {processor.py:830} INFO - Processing file /home/airflow/.local/lib/python3.12/site-packages/airflow/example_dags/example_nested_branch_dag.py for tasks to queue
[2024-08-10T23:59:53.944+0000] {logging_mixin.py:188} INFO - [2024-08-10T23:59:53.944+0000] {dagbag.py:545} INFO - Filling up the DagBag from /home/airflow/.local/lib/python3.12/site-packages/airflow/example_dags/example_nested_branch_dag.py
[2024-08-10T23:59:53.952+0000] {processor.py:840} INFO - DAG(s) 'example_nested_branch_dag' retrieved from /home/airflow/.local/lib/python3.12/site-packages/airflow/example_dags/example_nested_branch_dag.py
[2024-08-10T23:59:53.972+0000] {logging_mixin.py:188} INFO - [2024-08-10T23:59:53.972+0000] {dag.py:3089} INFO - Sync 1 DAGs
[2024-08-10T23:59:53.991+0000] {logging_mixin.py:188} INFO - [2024-08-10T23:59:53.991+0000] {dag.py:3947} INFO - Setting next_dagrun for example_nested_branch_dag to 2024-08-09 00:00:00+00:00, run_after=2024-08-10 00:00:00+00:00
[2024-08-10T23:59:54.008+0000] {processor.py:183} INFO - Processing /home/airflow/.local/lib/python3.12/site-packages/airflow/example_dags/example_nested_branch_dag.py took 0.071 seconds
