[2024-08-10T23:58:52.552+0000] {processor.py:161} INFO - Started process (PID=66) to work on /home/airflow/.local/lib/python3.12/site-packages/airflow/example_dags/example_xcomargs.py
[2024-08-10T23:58:52.553+0000] {processor.py:830} INFO - Processing file /home/airflow/.local/lib/python3.12/site-packages/airflow/example_dags/example_xcomargs.py for tasks to queue
[2024-08-10T23:58:52.554+0000] {logging_mixin.py:188} INFO - [2024-08-10T23:58:52.554+0000] {dagbag.py:545} INFO - Filling up the DagBag from /home/airflow/.local/lib/python3.12/site-packages/airflow/example_dags/example_xcomargs.py
[2024-08-10T23:58:52.561+0000] {processor.py:840} INFO - DAG(s) 'example_xcom_args', 'example_xcom_args_with_operators' retrieved from /home/airflow/.local/lib/python3.12/site-packages/airflow/example_dags/example_xcomargs.py
[2024-08-10T23:58:52.585+0000] {logging_mixin.py:188} INFO - [2024-08-10T23:58:52.585+0000] {dag.py:3089} INFO - Sync 2 DAGs
[2024-08-10T23:58:52.597+0000] {logging_mixin.py:188} INFO - [2024-08-10T23:58:52.596+0000] {dag.py:3947} INFO - Setting next_dagrun for example_xcom_args to None, run_after=None
[2024-08-10T23:58:52.600+0000] {logging_mixin.py:188} INFO - [2024-08-10T23:58:52.600+0000] {dag.py:3947} INFO - Setting next_dagrun for example_xcom_args_with_operators to None, run_after=None
[2024-08-10T23:58:52.614+0000] {processor.py:183} INFO - Processing /home/airflow/.local/lib/python3.12/site-packages/airflow/example_dags/example_xcomargs.py took 0.067 seconds
[2024-08-10T23:59:22.682+0000] {processor.py:161} INFO - Started process (PID=124) to work on /home/airflow/.local/lib/python3.12/site-packages/airflow/example_dags/example_xcomargs.py
[2024-08-10T23:59:22.683+0000] {processor.py:830} INFO - Processing file /home/airflow/.local/lib/python3.12/site-packages/airflow/example_dags/example_xcomargs.py for tasks to queue
[2024-08-10T23:59:22.684+0000] {logging_mixin.py:188} INFO - [2024-08-10T23:59:22.684+0000] {dagbag.py:545} INFO - Filling up the DagBag from /home/airflow/.local/lib/python3.12/site-packages/airflow/example_dags/example_xcomargs.py
[2024-08-10T23:59:22.691+0000] {processor.py:840} INFO - DAG(s) 'example_xcom_args', 'example_xcom_args_with_operators' retrieved from /home/airflow/.local/lib/python3.12/site-packages/airflow/example_dags/example_xcomargs.py
[2024-08-10T23:59:22.713+0000] {logging_mixin.py:188} INFO - [2024-08-10T23:59:22.713+0000] {dag.py:3089} INFO - Sync 2 DAGs
[2024-08-10T23:59:22.725+0000] {logging_mixin.py:188} INFO - [2024-08-10T23:59:22.725+0000] {dag.py:3947} INFO - Setting next_dagrun for example_xcom_args to None, run_after=None
[2024-08-10T23:59:22.728+0000] {logging_mixin.py:188} INFO - [2024-08-10T23:59:22.728+0000] {dag.py:3947} INFO - Setting next_dagrun for example_xcom_args_with_operators to None, run_after=None
[2024-08-10T23:59:22.744+0000] {processor.py:183} INFO - Processing /home/airflow/.local/lib/python3.12/site-packages/airflow/example_dags/example_xcomargs.py took 0.066 seconds
[2024-08-10T23:59:53.317+0000] {processor.py:161} INFO - Started process (PID=182) to work on /home/airflow/.local/lib/python3.12/site-packages/airflow/example_dags/example_xcomargs.py
[2024-08-10T23:59:53.318+0000] {processor.py:830} INFO - Processing file /home/airflow/.local/lib/python3.12/site-packages/airflow/example_dags/example_xcomargs.py for tasks to queue
[2024-08-10T23:59:53.319+0000] {logging_mixin.py:188} INFO - [2024-08-10T23:59:53.319+0000] {dagbag.py:545} INFO - Filling up the DagBag from /home/airflow/.local/lib/python3.12/site-packages/airflow/example_dags/example_xcomargs.py
[2024-08-10T23:59:53.326+0000] {processor.py:840} INFO - DAG(s) 'example_xcom_args', 'example_xcom_args_with_operators' retrieved from /home/airflow/.local/lib/python3.12/site-packages/airflow/example_dags/example_xcomargs.py
[2024-08-10T23:59:53.348+0000] {logging_mixin.py:188} INFO - [2024-08-10T23:59:53.347+0000] {dag.py:3089} INFO - Sync 2 DAGs
[2024-08-10T23:59:53.359+0000] {logging_mixin.py:188} INFO - [2024-08-10T23:59:53.359+0000] {dag.py:3947} INFO - Setting next_dagrun for example_xcom_args to None, run_after=None
[2024-08-10T23:59:53.362+0000] {logging_mixin.py:188} INFO - [2024-08-10T23:59:53.362+0000] {dag.py:3947} INFO - Setting next_dagrun for example_xcom_args_with_operators to None, run_after=None
[2024-08-10T23:59:53.377+0000] {processor.py:183} INFO - Processing /home/airflow/.local/lib/python3.12/site-packages/airflow/example_dags/example_xcomargs.py took 0.064 seconds
