[2024-08-10T23:58:53.229+0000] {processor.py:161} INFO - Started process (PID=80) to work on /home/airflow/.local/lib/python3.12/site-packages/airflow/example_dags/example_dag_decorator.py
[2024-08-10T23:58:53.230+0000] {processor.py:830} INFO - Processing file /home/airflow/.local/lib/python3.12/site-packages/airflow/example_dags/example_dag_decorator.py for tasks to queue
[2024-08-10T23:58:53.231+0000] {logging_mixin.py:188} INFO - [2024-08-10T23:58:53.231+0000] {dagbag.py:545} INFO - Filling up the DagBag from /home/airflow/.local/lib/python3.12/site-packages/airflow/example_dags/example_dag_decorator.py
[2024-08-10T23:58:53.337+0000] {processor.py:840} INFO - DAG(s) 'example_dag_decorator' retrieved from /home/airflow/.local/lib/python3.12/site-packages/airflow/example_dags/example_dag_decorator.py
[2024-08-10T23:58:53.433+0000] {logging_mixin.py:188} INFO - [2024-08-10T23:58:53.432+0000] {dag.py:3089} INFO - Sync 1 DAGs
[2024-08-10T23:58:53.442+0000] {logging_mixin.py:188} INFO - [2024-08-10T23:58:53.442+0000] {dag.py:3947} INFO - Setting next_dagrun for example_dag_decorator to None, run_after=None
[2024-08-10T23:58:53.461+0000] {processor.py:183} INFO - Processing /home/airflow/.local/lib/python3.12/site-packages/airflow/example_dags/example_dag_decorator.py took 0.237 seconds
[2024-08-10T23:59:23.518+0000] {processor.py:161} INFO - Started process (PID=139) to work on /home/airflow/.local/lib/python3.12/site-packages/airflow/example_dags/example_dag_decorator.py
[2024-08-10T23:59:23.518+0000] {processor.py:830} INFO - Processing file /home/airflow/.local/lib/python3.12/site-packages/airflow/example_dags/example_dag_decorator.py for tasks to queue
[2024-08-10T23:59:23.520+0000] {logging_mixin.py:188} INFO - [2024-08-10T23:59:23.520+0000] {dagbag.py:545} INFO - Filling up the DagBag from /home/airflow/.local/lib/python3.12/site-packages/airflow/example_dags/example_dag_decorator.py
[2024-08-10T23:59:23.609+0000] {processor.py:840} INFO - DAG(s) 'example_dag_decorator' retrieved from /home/airflow/.local/lib/python3.12/site-packages/airflow/example_dags/example_dag_decorator.py
[2024-08-10T23:59:23.705+0000] {logging_mixin.py:188} INFO - [2024-08-10T23:59:23.705+0000] {dag.py:3089} INFO - Sync 1 DAGs
[2024-08-10T23:59:23.714+0000] {logging_mixin.py:188} INFO - [2024-08-10T23:59:23.714+0000] {dag.py:3947} INFO - Setting next_dagrun for example_dag_decorator to None, run_after=None
[2024-08-10T23:59:23.731+0000] {processor.py:183} INFO - Processing /home/airflow/.local/lib/python3.12/site-packages/airflow/example_dags/example_dag_decorator.py took 0.218 seconds
[2024-08-10T23:59:54.111+0000] {processor.py:161} INFO - Started process (PID=199) to work on /home/airflow/.local/lib/python3.12/site-packages/airflow/example_dags/example_dag_decorator.py
[2024-08-10T23:59:54.112+0000] {processor.py:830} INFO - Processing file /home/airflow/.local/lib/python3.12/site-packages/airflow/example_dags/example_dag_decorator.py for tasks to queue
[2024-08-10T23:59:54.113+0000] {logging_mixin.py:188} INFO - [2024-08-10T23:59:54.113+0000] {dagbag.py:545} INFO - Filling up the DagBag from /home/airflow/.local/lib/python3.12/site-packages/airflow/example_dags/example_dag_decorator.py
[2024-08-10T23:59:54.204+0000] {processor.py:840} INFO - DAG(s) 'example_dag_decorator' retrieved from /home/airflow/.local/lib/python3.12/site-packages/airflow/example_dags/example_dag_decorator.py
[2024-08-10T23:59:54.300+0000] {logging_mixin.py:188} INFO - [2024-08-10T23:59:54.300+0000] {dag.py:3089} INFO - Sync 1 DAGs
[2024-08-10T23:59:54.309+0000] {logging_mixin.py:188} INFO - [2024-08-10T23:59:54.309+0000] {dag.py:3947} INFO - Setting next_dagrun for example_dag_decorator to None, run_after=None
[2024-08-10T23:59:54.327+0000] {processor.py:183} INFO - Processing /home/airflow/.local/lib/python3.12/site-packages/airflow/example_dags/example_dag_decorator.py took 0.220 seconds
