[2024-08-10T23:58:51.811+0000] {processor.py:161} INFO - Started process (PID=54) to work on /home/airflow/.local/lib/python3.12/site-packages/airflow/example_dags/example_subdag_operator.py
[2024-08-10T23:58:51.812+0000] {processor.py:830} INFO - Processing file /home/airflow/.local/lib/python3.12/site-packages/airflow/example_dags/example_subdag_operator.py for tasks to queue
[2024-08-10T23:58:51.813+0000] {logging_mixin.py:188} INFO - [2024-08-10T23:58:51.813+0000] {dagbag.py:545} INFO - Filling up the DagBag from /home/airflow/.local/lib/python3.12/site-packages/airflow/example_dags/example_subdag_operator.py
[2024-08-10T23:58:51.836+0000] {processor.py:840} INFO - DAG(s) 'example_subdag_operator.section-1', 'example_subdag_operator.section-2', 'example_subdag_operator' retrieved from /home/airflow/.local/lib/python3.12/site-packages/airflow/example_dags/example_subdag_operator.py
[2024-08-10T23:58:51.859+0000] {logging_mixin.py:188} INFO - [2024-08-10T23:58:51.859+0000] {dag.py:3089} INFO - Sync 3 DAGs
[2024-08-10T23:58:51.879+0000] {logging_mixin.py:188} INFO - [2024-08-10T23:58:51.879+0000] {dag.py:3947} INFO - Setting next_dagrun for example_subdag_operator to 2022-01-01 00:00:00+00:00, run_after=2022-01-01 00:00:00+00:00
[2024-08-10T23:58:51.883+0000] {logging_mixin.py:188} INFO - [2024-08-10T23:58:51.882+0000] {dag.py:3947} INFO - Setting next_dagrun for example_subdag_operator.section-1 to None, run_after=None
[2024-08-10T23:58:51.884+0000] {logging_mixin.py:188} INFO - [2024-08-10T23:58:51.884+0000] {dag.py:3947} INFO - Setting next_dagrun for example_subdag_operator.section-2 to None, run_after=None
[2024-08-10T23:58:51.891+0000] {logging_mixin.py:188} INFO - [2024-08-10T23:58:51.890+0000] {dag.py:3089} INFO - Sync 2 DAGs
[2024-08-10T23:58:51.896+0000] {logging_mixin.py:188} INFO - [2024-08-10T23:58:51.895+0000] {dag.py:3947} INFO - Setting next_dagrun for example_subdag_operator.section-1 to None, run_after=None
[2024-08-10T23:58:51.896+0000] {logging_mixin.py:188} INFO - [2024-08-10T23:58:51.896+0000] {dag.py:3947} INFO - Setting next_dagrun for example_subdag_operator.section-2 to None, run_after=None
[2024-08-10T23:58:51.907+0000] {processor.py:183} INFO - Processing /home/airflow/.local/lib/python3.12/site-packages/airflow/example_dags/example_subdag_operator.py took 0.101 seconds
[2024-08-10T23:59:22.059+0000] {processor.py:161} INFO - Started process (PID=112) to work on /home/airflow/.local/lib/python3.12/site-packages/airflow/example_dags/example_subdag_operator.py
[2024-08-10T23:59:22.060+0000] {processor.py:830} INFO - Processing file /home/airflow/.local/lib/python3.12/site-packages/airflow/example_dags/example_subdag_operator.py for tasks to queue
[2024-08-10T23:59:22.061+0000] {logging_mixin.py:188} INFO - [2024-08-10T23:59:22.061+0000] {dagbag.py:545} INFO - Filling up the DagBag from /home/airflow/.local/lib/python3.12/site-packages/airflow/example_dags/example_subdag_operator.py
[2024-08-10T23:59:22.081+0000] {processor.py:840} INFO - DAG(s) 'example_subdag_operator.section-1', 'example_subdag_operator.section-2', 'example_subdag_operator' retrieved from /home/airflow/.local/lib/python3.12/site-packages/airflow/example_dags/example_subdag_operator.py
[2024-08-10T23:59:22.095+0000] {logging_mixin.py:188} INFO - [2024-08-10T23:59:22.094+0000] {dag.py:3089} INFO - Sync 3 DAGs
[2024-08-10T23:59:22.114+0000] {logging_mixin.py:188} INFO - [2024-08-10T23:59:22.114+0000] {dag.py:3947} INFO - Setting next_dagrun for example_subdag_operator to 2022-01-01 00:00:00+00:00, run_after=2022-01-01 00:00:00+00:00
[2024-08-10T23:59:22.117+0000] {logging_mixin.py:188} INFO - [2024-08-10T23:59:22.117+0000] {dag.py:3947} INFO - Setting next_dagrun for example_subdag_operator.section-1 to None, run_after=None
[2024-08-10T23:59:22.118+0000] {logging_mixin.py:188} INFO - [2024-08-10T23:59:22.118+0000] {dag.py:3947} INFO - Setting next_dagrun for example_subdag_operator.section-2 to None, run_after=None
[2024-08-10T23:59:22.125+0000] {logging_mixin.py:188} INFO - [2024-08-10T23:59:22.125+0000] {dag.py:3089} INFO - Sync 2 DAGs
[2024-08-10T23:59:22.130+0000] {logging_mixin.py:188} INFO - [2024-08-10T23:59:22.130+0000] {dag.py:3947} INFO - Setting next_dagrun for example_subdag_operator.section-1 to None, run_after=None
[2024-08-10T23:59:22.130+0000] {logging_mixin.py:188} INFO - [2024-08-10T23:59:22.130+0000] {dag.py:3947} INFO - Setting next_dagrun for example_subdag_operator.section-2 to None, run_after=None
[2024-08-10T23:59:22.142+0000] {processor.py:183} INFO - Processing /home/airflow/.local/lib/python3.12/site-packages/airflow/example_dags/example_subdag_operator.py took 0.088 seconds
[2024-08-10T23:59:52.687+0000] {processor.py:161} INFO - Started process (PID=170) to work on /home/airflow/.local/lib/python3.12/site-packages/airflow/example_dags/example_subdag_operator.py
[2024-08-10T23:59:52.687+0000] {processor.py:830} INFO - Processing file /home/airflow/.local/lib/python3.12/site-packages/airflow/example_dags/example_subdag_operator.py for tasks to queue
[2024-08-10T23:59:52.689+0000] {logging_mixin.py:188} INFO - [2024-08-10T23:59:52.689+0000] {dagbag.py:545} INFO - Filling up the DagBag from /home/airflow/.local/lib/python3.12/site-packages/airflow/example_dags/example_subdag_operator.py
[2024-08-10T23:59:52.710+0000] {processor.py:840} INFO - DAG(s) 'example_subdag_operator.section-1', 'example_subdag_operator.section-2', 'example_subdag_operator' retrieved from /home/airflow/.local/lib/python3.12/site-packages/airflow/example_dags/example_subdag_operator.py
[2024-08-10T23:59:52.724+0000] {logging_mixin.py:188} INFO - [2024-08-10T23:59:52.724+0000] {dag.py:3089} INFO - Sync 3 DAGs
[2024-08-10T23:59:52.744+0000] {logging_mixin.py:188} INFO - [2024-08-10T23:59:52.743+0000] {dag.py:3947} INFO - Setting next_dagrun for example_subdag_operator to 2022-01-01 00:00:00+00:00, run_after=2022-01-01 00:00:00+00:00
[2024-08-10T23:59:52.747+0000] {logging_mixin.py:188} INFO - [2024-08-10T23:59:52.747+0000] {dag.py:3947} INFO - Setting next_dagrun for example_subdag_operator.section-1 to None, run_after=None
[2024-08-10T23:59:52.748+0000] {logging_mixin.py:188} INFO - [2024-08-10T23:59:52.748+0000] {dag.py:3947} INFO - Setting next_dagrun for example_subdag_operator.section-2 to None, run_after=None
[2024-08-10T23:59:52.755+0000] {logging_mixin.py:188} INFO - [2024-08-10T23:59:52.755+0000] {dag.py:3089} INFO - Sync 2 DAGs
[2024-08-10T23:59:52.760+0000] {logging_mixin.py:188} INFO - [2024-08-10T23:59:52.759+0000] {dag.py:3947} INFO - Setting next_dagrun for example_subdag_operator.section-1 to None, run_after=None
[2024-08-10T23:59:52.760+0000] {logging_mixin.py:188} INFO - [2024-08-10T23:59:52.760+0000] {dag.py:3947} INFO - Setting next_dagrun for example_subdag_operator.section-2 to None, run_after=None
[2024-08-10T23:59:52.770+0000] {processor.py:183} INFO - Processing /home/airflow/.local/lib/python3.12/site-packages/airflow/example_dags/example_subdag_operator.py took 0.088 seconds
