[2024-08-10T23:58:52.982+0000] {processor.py:161} INFO - Started process (PID=74) to work on /home/airflow/.local/lib/python3.12/site-packages/airflow/example_dags/example_latest_only_with_trigger.py
[2024-08-10T23:58:52.983+0000] {processor.py:830} INFO - Processing file /home/airflow/.local/lib/python3.12/site-packages/airflow/example_dags/example_latest_only_with_trigger.py for tasks to queue
[2024-08-10T23:58:52.984+0000] {logging_mixin.py:188} INFO - [2024-08-10T23:58:52.984+0000] {dagbag.py:545} INFO - Filling up the DagBag from /home/airflow/.local/lib/python3.12/site-packages/airflow/example_dags/example_latest_only_with_trigger.py
[2024-08-10T23:58:52.989+0000] {processor.py:840} INFO - DAG(s) 'latest_only_with_trigger' retrieved from /home/airflow/.local/lib/python3.12/site-packages/airflow/example_dags/example_latest_only_with_trigger.py
[2024-08-10T23:58:53.011+0000] {logging_mixin.py:188} INFO - [2024-08-10T23:58:53.011+0000] {dag.py:3089} INFO - Sync 1 DAGs
[2024-08-10T23:58:53.033+0000] {logging_mixin.py:188} INFO - [2024-08-10T23:58:53.032+0000] {dag.py:3947} INFO - Setting next_dagrun for latest_only_with_trigger to 2024-08-10 16:00:00+00:00, run_after=2024-08-10 20:00:00+00:00
[2024-08-10T23:58:53.049+0000] {processor.py:183} INFO - Processing /home/airflow/.local/lib/python3.12/site-packages/airflow/example_dags/example_latest_only_with_trigger.py took 0.072 seconds
[2024-08-10T23:59:23.138+0000] {processor.py:161} INFO - Started process (PID=132) to work on /home/airflow/.local/lib/python3.12/site-packages/airflow/example_dags/example_latest_only_with_trigger.py
[2024-08-10T23:59:23.139+0000] {processor.py:830} INFO - Processing file /home/airflow/.local/lib/python3.12/site-packages/airflow/example_dags/example_latest_only_with_trigger.py for tasks to queue
[2024-08-10T23:59:23.141+0000] {logging_mixin.py:188} INFO - [2024-08-10T23:59:23.141+0000] {dagbag.py:545} INFO - Filling up the DagBag from /home/airflow/.local/lib/python3.12/site-packages/airflow/example_dags/example_latest_only_with_trigger.py
[2024-08-10T23:59:23.145+0000] {processor.py:840} INFO - DAG(s) 'latest_only_with_trigger' retrieved from /home/airflow/.local/lib/python3.12/site-packages/airflow/example_dags/example_latest_only_with_trigger.py
[2024-08-10T23:59:23.164+0000] {logging_mixin.py:188} INFO - [2024-08-10T23:59:23.163+0000] {dag.py:3089} INFO - Sync 1 DAGs
[2024-08-10T23:59:23.183+0000] {logging_mixin.py:188} INFO - [2024-08-10T23:59:23.183+0000] {dag.py:3947} INFO - Setting next_dagrun for latest_only_with_trigger to 2024-08-10 16:00:00+00:00, run_after=2024-08-10 20:00:00+00:00
[2024-08-10T23:59:23.199+0000] {processor.py:183} INFO - Processing /home/airflow/.local/lib/python3.12/site-packages/airflow/example_dags/example_latest_only_with_trigger.py took 0.066 seconds
[2024-08-10T23:59:53.778+0000] {processor.py:161} INFO - Started process (PID=190) to work on /home/airflow/.local/lib/python3.12/site-packages/airflow/example_dags/example_latest_only_with_trigger.py
[2024-08-10T23:59:53.778+0000] {processor.py:830} INFO - Processing file /home/airflow/.local/lib/python3.12/site-packages/airflow/example_dags/example_latest_only_with_trigger.py for tasks to queue
[2024-08-10T23:59:53.780+0000] {logging_mixin.py:188} INFO - [2024-08-10T23:59:53.779+0000] {dagbag.py:545} INFO - Filling up the DagBag from /home/airflow/.local/lib/python3.12/site-packages/airflow/example_dags/example_latest_only_with_trigger.py
[2024-08-10T23:59:53.784+0000] {processor.py:840} INFO - DAG(s) 'latest_only_with_trigger' retrieved from /home/airflow/.local/lib/python3.12/site-packages/airflow/example_dags/example_latest_only_with_trigger.py
[2024-08-10T23:59:53.802+0000] {logging_mixin.py:188} INFO - [2024-08-10T23:59:53.802+0000] {dag.py:3089} INFO - Sync 1 DAGs
[2024-08-10T23:59:53.821+0000] {logging_mixin.py:188} INFO - [2024-08-10T23:59:53.821+0000] {dag.py:3947} INFO - Setting next_dagrun for latest_only_with_trigger to 2024-08-10 16:00:00+00:00, run_after=2024-08-10 20:00:00+00:00
[2024-08-10T23:59:53.838+0000] {processor.py:183} INFO - Processing /home/airflow/.local/lib/python3.12/site-packages/airflow/example_dags/example_latest_only_with_trigger.py took 0.065 seconds
