[2024-08-10T23:58:53.668+0000] {processor.py:161} INFO - Started process (PID=88) to work on /home/airflow/.local/lib/python3.12/site-packages/airflow/example_dags/example_complex.py
[2024-08-10T23:58:53.669+0000] {processor.py:830} INFO - Processing file /home/airflow/.local/lib/python3.12/site-packages/airflow/example_dags/example_complex.py for tasks to queue
[2024-08-10T23:58:53.670+0000] {logging_mixin.py:188} INFO - [2024-08-10T23:58:53.670+0000] {dagbag.py:545} INFO - Filling up the DagBag from /home/airflow/.local/lib/python3.12/site-packages/airflow/example_dags/example_complex.py
[2024-08-10T23:58:53.679+0000] {processor.py:840} INFO - DAG(s) 'example_complex' retrieved from /home/airflow/.local/lib/python3.12/site-packages/airflow/example_dags/example_complex.py
[2024-08-10T23:58:53.708+0000] {logging_mixin.py:188} INFO - [2024-08-10T23:58:53.708+0000] {dag.py:3089} INFO - Sync 1 DAGs
[2024-08-10T23:58:53.719+0000] {logging_mixin.py:188} INFO - [2024-08-10T23:58:53.719+0000] {dag.py:3947} INFO - Setting next_dagrun for example_complex to None, run_after=None
[2024-08-10T23:58:53.735+0000] {processor.py:183} INFO - Processing /home/airflow/.local/lib/python3.12/site-packages/airflow/example_dags/example_complex.py took 0.071 seconds
[2024-08-10T23:59:23.895+0000] {processor.py:161} INFO - Started process (PID=146) to work on /home/airflow/.local/lib/python3.12/site-packages/airflow/example_dags/example_complex.py
[2024-08-10T23:59:23.896+0000] {processor.py:830} INFO - Processing file /home/airflow/.local/lib/python3.12/site-packages/airflow/example_dags/example_complex.py for tasks to queue
[2024-08-10T23:59:23.897+0000] {logging_mixin.py:188} INFO - [2024-08-10T23:59:23.897+0000] {dagbag.py:545} INFO - Filling up the DagBag from /home/airflow/.local/lib/python3.12/site-packages/airflow/example_dags/example_complex.py
[2024-08-10T23:59:23.905+0000] {processor.py:840} INFO - DAG(s) 'example_complex' retrieved from /home/airflow/.local/lib/python3.12/site-packages/airflow/example_dags/example_complex.py
[2024-08-10T23:59:23.934+0000] {logging_mixin.py:188} INFO - [2024-08-10T23:59:23.933+0000] {dag.py:3089} INFO - Sync 1 DAGs
[2024-08-10T23:59:23.944+0000] {logging_mixin.py:188} INFO - [2024-08-10T23:59:23.944+0000] {dag.py:3947} INFO - Setting next_dagrun for example_complex to None, run_after=None
[2024-08-10T23:59:23.961+0000] {processor.py:183} INFO - Processing /home/airflow/.local/lib/python3.12/site-packages/airflow/example_dags/example_complex.py took 0.071 seconds
[2024-08-10T23:59:54.416+0000] {processor.py:161} INFO - Started process (PID=204) to work on /home/airflow/.local/lib/python3.12/site-packages/airflow/example_dags/example_complex.py
[2024-08-10T23:59:54.417+0000] {processor.py:830} INFO - Processing file /home/airflow/.local/lib/python3.12/site-packages/airflow/example_dags/example_complex.py for tasks to queue
[2024-08-10T23:59:54.418+0000] {logging_mixin.py:188} INFO - [2024-08-10T23:59:54.418+0000] {dagbag.py:545} INFO - Filling up the DagBag from /home/airflow/.local/lib/python3.12/site-packages/airflow/example_dags/example_complex.py
[2024-08-10T23:59:54.427+0000] {processor.py:840} INFO - DAG(s) 'example_complex' retrieved from /home/airflow/.local/lib/python3.12/site-packages/airflow/example_dags/example_complex.py
[2024-08-10T23:59:54.456+0000] {logging_mixin.py:188} INFO - [2024-08-10T23:59:54.456+0000] {dag.py:3089} INFO - Sync 1 DAGs
[2024-08-10T23:59:54.468+0000] {logging_mixin.py:188} INFO - [2024-08-10T23:59:54.468+0000] {dag.py:3947} INFO - Setting next_dagrun for example_complex to None, run_after=None
[2024-08-10T23:59:54.487+0000] {processor.py:183} INFO - Processing /home/airflow/.local/lib/python3.12/site-packages/airflow/example_dags/example_complex.py took 0.075 seconds
