[2024-08-10T23:58:53.523+0000] {processor.py:161} INFO - Started process (PID=85) to work on /home/airflow/.local/lib/python3.12/site-packages/airflow/example_dags/example_datasets.py
[2024-08-10T23:58:53.524+0000] {processor.py:830} INFO - Processing file /home/airflow/.local/lib/python3.12/site-packages/airflow/example_dags/example_datasets.py for tasks to queue
[2024-08-10T23:58:53.525+0000] {logging_mixin.py:188} INFO - [2024-08-10T23:58:53.525+0000] {dagbag.py:545} INFO - Filling up the DagBag from /home/airflow/.local/lib/python3.12/site-packages/airflow/example_dags/example_datasets.py
[2024-08-10T23:58:53.538+0000] {processor.py:840} INFO - DAG(s) 'dataset_consumes_1', 'dataset_consumes_1_and_2', 'dataset_produces_1', 'dataset_consumes_1_never_scheduled', 'dataset_produces_2', 'consume_1_or_2_with_dataset_expressions', 'conditional_dataset_and_time_based_timetable', 'consume_1_or_both_2_and_3_with_dataset_expressions', 'dataset_consumes_unknown_never_scheduled', 'consume_1_and_2_with_dataset_expressions' retrieved from /home/airflow/.local/lib/python3.12/site-packages/airflow/example_dags/example_datasets.py
[2024-08-10T23:58:53.582+0000] {logging_mixin.py:188} INFO - [2024-08-10T23:58:53.582+0000] {dag.py:3089} INFO - Sync 10 DAGs
[2024-08-10T23:58:53.604+0000] {logging_mixin.py:188} INFO - [2024-08-10T23:58:53.604+0000] {dag.py:3947} INFO - Setting next_dagrun for conditional_dataset_and_time_based_timetable to 2024-08-07 01:00:00+00:00, run_after=2024-08-07 01:00:00+00:00
[2024-08-10T23:58:53.607+0000] {logging_mixin.py:188} INFO - [2024-08-10T23:58:53.607+0000] {dag.py:3947} INFO - Setting next_dagrun for consume_1_and_2_with_dataset_expressions to None, run_after=None
[2024-08-10T23:58:53.608+0000] {logging_mixin.py:188} INFO - [2024-08-10T23:58:53.608+0000] {dag.py:3947} INFO - Setting next_dagrun for consume_1_or_2_with_dataset_expressions to None, run_after=None
[2024-08-10T23:58:53.610+0000] {logging_mixin.py:188} INFO - [2024-08-10T23:58:53.609+0000] {dag.py:3947} INFO - Setting next_dagrun for consume_1_or_both_2_and_3_with_dataset_expressions to None, run_after=None
[2024-08-10T23:58:53.611+0000] {logging_mixin.py:188} INFO - [2024-08-10T23:58:53.610+0000] {dag.py:3947} INFO - Setting next_dagrun for dataset_consumes_1 to None, run_after=None
[2024-08-10T23:58:53.612+0000] {logging_mixin.py:188} INFO - [2024-08-10T23:58:53.611+0000] {dag.py:3947} INFO - Setting next_dagrun for dataset_consumes_1_and_2 to None, run_after=None
[2024-08-10T23:58:53.613+0000] {logging_mixin.py:188} INFO - [2024-08-10T23:58:53.613+0000] {dag.py:3947} INFO - Setting next_dagrun for dataset_consumes_1_never_scheduled to None, run_after=None
[2024-08-10T23:58:53.614+0000] {logging_mixin.py:188} INFO - [2024-08-10T23:58:53.614+0000] {dag.py:3947} INFO - Setting next_dagrun for dataset_consumes_unknown_never_scheduled to None, run_after=None
[2024-08-10T23:58:53.616+0000] {logging_mixin.py:188} INFO - [2024-08-10T23:58:53.616+0000] {dag.py:3947} INFO - Setting next_dagrun for dataset_produces_1 to 2024-08-09 00:00:00+00:00, run_after=2024-08-10 00:00:00+00:00
[2024-08-10T23:58:53.617+0000] {logging_mixin.py:188} INFO - [2024-08-10T23:58:53.617+0000] {dag.py:3947} INFO - Setting next_dagrun for dataset_produces_2 to None, run_after=None
[2024-08-10T23:58:53.649+0000] {processor.py:183} INFO - Processing /home/airflow/.local/lib/python3.12/site-packages/airflow/example_dags/example_datasets.py took 0.131 seconds
[2024-08-10T23:59:23.751+0000] {processor.py:161} INFO - Started process (PID=143) to work on /home/airflow/.local/lib/python3.12/site-packages/airflow/example_dags/example_datasets.py
[2024-08-10T23:59:23.752+0000] {processor.py:830} INFO - Processing file /home/airflow/.local/lib/python3.12/site-packages/airflow/example_dags/example_datasets.py for tasks to queue
[2024-08-10T23:59:23.753+0000] {logging_mixin.py:188} INFO - [2024-08-10T23:59:23.753+0000] {dagbag.py:545} INFO - Filling up the DagBag from /home/airflow/.local/lib/python3.12/site-packages/airflow/example_dags/example_datasets.py
[2024-08-10T23:59:23.765+0000] {processor.py:840} INFO - DAG(s) 'conditional_dataset_and_time_based_timetable', 'consume_1_or_both_2_and_3_with_dataset_expressions', 'dataset_produces_1', 'consume_1_or_2_with_dataset_expressions', 'dataset_consumes_1', 'dataset_consumes_1_never_scheduled', 'dataset_consumes_1_and_2', 'consume_1_and_2_with_dataset_expressions', 'dataset_consumes_unknown_never_scheduled', 'dataset_produces_2' retrieved from /home/airflow/.local/lib/python3.12/site-packages/airflow/example_dags/example_datasets.py
[2024-08-10T23:59:23.808+0000] {logging_mixin.py:188} INFO - [2024-08-10T23:59:23.808+0000] {dag.py:3089} INFO - Sync 10 DAGs
[2024-08-10T23:59:23.830+0000] {logging_mixin.py:188} INFO - [2024-08-10T23:59:23.830+0000] {dag.py:3947} INFO - Setting next_dagrun for conditional_dataset_and_time_based_timetable to 2024-08-07 01:00:00+00:00, run_after=2024-08-07 01:00:00+00:00
[2024-08-10T23:59:23.833+0000] {logging_mixin.py:188} INFO - [2024-08-10T23:59:23.833+0000] {dag.py:3947} INFO - Setting next_dagrun for consume_1_and_2_with_dataset_expressions to None, run_after=None
[2024-08-10T23:59:23.835+0000] {logging_mixin.py:188} INFO - [2024-08-10T23:59:23.834+0000] {dag.py:3947} INFO - Setting next_dagrun for consume_1_or_2_with_dataset_expressions to None, run_after=None
[2024-08-10T23:59:23.836+0000] {logging_mixin.py:188} INFO - [2024-08-10T23:59:23.835+0000] {dag.py:3947} INFO - Setting next_dagrun for consume_1_or_both_2_and_3_with_dataset_expressions to None, run_after=None
[2024-08-10T23:59:23.837+0000] {logging_mixin.py:188} INFO - [2024-08-10T23:59:23.837+0000] {dag.py:3947} INFO - Setting next_dagrun for dataset_consumes_1 to None, run_after=None
[2024-08-10T23:59:23.838+0000] {logging_mixin.py:188} INFO - [2024-08-10T23:59:23.838+0000] {dag.py:3947} INFO - Setting next_dagrun for dataset_consumes_1_and_2 to None, run_after=None
[2024-08-10T23:59:23.839+0000] {logging_mixin.py:188} INFO - [2024-08-10T23:59:23.839+0000] {dag.py:3947} INFO - Setting next_dagrun for dataset_consumes_1_never_scheduled to None, run_after=None
[2024-08-10T23:59:23.840+0000] {logging_mixin.py:188} INFO - [2024-08-10T23:59:23.840+0000] {dag.py:3947} INFO - Setting next_dagrun for dataset_consumes_unknown_never_scheduled to None, run_after=None
[2024-08-10T23:59:23.843+0000] {logging_mixin.py:188} INFO - [2024-08-10T23:59:23.842+0000] {dag.py:3947} INFO - Setting next_dagrun for dataset_produces_1 to 2024-08-09 00:00:00+00:00, run_after=2024-08-10 00:00:00+00:00
[2024-08-10T23:59:23.844+0000] {logging_mixin.py:188} INFO - [2024-08-10T23:59:23.844+0000] {dag.py:3947} INFO - Setting next_dagrun for dataset_produces_2 to None, run_after=None
[2024-08-10T23:59:23.875+0000] {processor.py:183} INFO - Processing /home/airflow/.local/lib/python3.12/site-packages/airflow/example_dags/example_datasets.py took 0.128 seconds
[2024-08-10T23:59:54.247+0000] {processor.py:161} INFO - Started process (PID=201) to work on /home/airflow/.local/lib/python3.12/site-packages/airflow/example_dags/example_datasets.py
[2024-08-10T23:59:54.248+0000] {processor.py:830} INFO - Processing file /home/airflow/.local/lib/python3.12/site-packages/airflow/example_dags/example_datasets.py for tasks to queue
[2024-08-10T23:59:54.249+0000] {logging_mixin.py:188} INFO - [2024-08-10T23:59:54.249+0000] {dagbag.py:545} INFO - Filling up the DagBag from /home/airflow/.local/lib/python3.12/site-packages/airflow/example_dags/example_datasets.py
[2024-08-10T23:59:54.260+0000] {processor.py:840} INFO - DAG(s) 'consume_1_or_both_2_and_3_with_dataset_expressions', 'dataset_produces_2', 'conditional_dataset_and_time_based_timetable', 'dataset_consumes_1_and_2', 'consume_1_or_2_with_dataset_expressions', 'dataset_produces_1', 'dataset_consumes_1_never_scheduled', 'dataset_consumes_1', 'dataset_consumes_unknown_never_scheduled', 'consume_1_and_2_with_dataset_expressions' retrieved from /home/airflow/.local/lib/python3.12/site-packages/airflow/example_dags/example_datasets.py
[2024-08-10T23:59:54.304+0000] {logging_mixin.py:188} INFO - [2024-08-10T23:59:54.304+0000] {dag.py:3089} INFO - Sync 10 DAGs
[2024-08-10T23:59:54.326+0000] {logging_mixin.py:188} INFO - [2024-08-10T23:59:54.325+0000] {dag.py:3947} INFO - Setting next_dagrun for conditional_dataset_and_time_based_timetable to 2024-08-07 01:00:00+00:00, run_after=2024-08-07 01:00:00+00:00
[2024-08-10T23:59:54.329+0000] {logging_mixin.py:188} INFO - [2024-08-10T23:59:54.329+0000] {dag.py:3947} INFO - Setting next_dagrun for consume_1_and_2_with_dataset_expressions to None, run_after=None
[2024-08-10T23:59:54.330+0000] {logging_mixin.py:188} INFO - [2024-08-10T23:59:54.330+0000] {dag.py:3947} INFO - Setting next_dagrun for consume_1_or_2_with_dataset_expressions to None, run_after=None
[2024-08-10T23:59:54.331+0000] {logging_mixin.py:188} INFO - [2024-08-10T23:59:54.331+0000] {dag.py:3947} INFO - Setting next_dagrun for consume_1_or_both_2_and_3_with_dataset_expressions to None, run_after=None
[2024-08-10T23:59:54.333+0000] {logging_mixin.py:188} INFO - [2024-08-10T23:59:54.332+0000] {dag.py:3947} INFO - Setting next_dagrun for dataset_consumes_1 to None, run_after=None
[2024-08-10T23:59:54.334+0000] {logging_mixin.py:188} INFO - [2024-08-10T23:59:54.333+0000] {dag.py:3947} INFO - Setting next_dagrun for dataset_consumes_1_and_2 to None, run_after=None
[2024-08-10T23:59:54.335+0000] {logging_mixin.py:188} INFO - [2024-08-10T23:59:54.335+0000] {dag.py:3947} INFO - Setting next_dagrun for dataset_consumes_1_never_scheduled to None, run_after=None
[2024-08-10T23:59:54.336+0000] {logging_mixin.py:188} INFO - [2024-08-10T23:59:54.336+0000] {dag.py:3947} INFO - Setting next_dagrun for dataset_consumes_unknown_never_scheduled to None, run_after=None
[2024-08-10T23:59:54.338+0000] {logging_mixin.py:188} INFO - [2024-08-10T23:59:54.338+0000] {dag.py:3947} INFO - Setting next_dagrun for dataset_produces_1 to 2024-08-09 00:00:00+00:00, run_after=2024-08-10 00:00:00+00:00
[2024-08-10T23:59:54.339+0000] {logging_mixin.py:188} INFO - [2024-08-10T23:59:54.339+0000] {dag.py:3947} INFO - Setting next_dagrun for dataset_produces_2 to None, run_after=None
[2024-08-10T23:59:54.376+0000] {processor.py:183} INFO - Processing /home/airflow/.local/lib/python3.12/site-packages/airflow/example_dags/example_datasets.py took 0.134 seconds
