[2024-08-10T23:58:52.446+0000] {processor.py:161} INFO - Started process (PID=63) to work on /home/airflow/.local/lib/python3.12/site-packages/airflow/example_dags/example_sla_dag.py
[2024-08-10T23:58:52.447+0000] {processor.py:830} INFO - Processing file /home/airflow/.local/lib/python3.12/site-packages/airflow/example_dags/example_sla_dag.py for tasks to queue
[2024-08-10T23:58:52.448+0000] {logging_mixin.py:188} INFO - [2024-08-10T23:58:52.448+0000] {dagbag.py:545} INFO - Filling up the DagBag from /home/airflow/.local/lib/python3.12/site-packages/airflow/example_dags/example_sla_dag.py
[2024-08-10T23:58:52.455+0000] {processor.py:840} INFO - DAG(s) 'example_sla_dag' retrieved from /home/airflow/.local/lib/python3.12/site-packages/airflow/example_dags/example_sla_dag.py
[2024-08-10T23:58:52.479+0000] {logging_mixin.py:188} INFO - [2024-08-10T23:58:52.479+0000] {dag.py:3089} INFO - Sync 1 DAGs
[2024-08-10T23:58:52.501+0000] {logging_mixin.py:188} INFO - [2024-08-10T23:58:52.501+0000] {dag.py:3947} INFO - Setting next_dagrun for example_sla_dag to 2024-08-10 23:56:00+00:00, run_after=2024-08-10 23:58:00+00:00
[2024-08-10T23:58:52.518+0000] {processor.py:183} INFO - Processing /home/airflow/.local/lib/python3.12/site-packages/airflow/example_dags/example_sla_dag.py took 0.078 seconds
[2024-08-10T23:59:22.585+0000] {processor.py:161} INFO - Started process (PID=121) to work on /home/airflow/.local/lib/python3.12/site-packages/airflow/example_dags/example_sla_dag.py
[2024-08-10T23:59:22.586+0000] {processor.py:830} INFO - Processing file /home/airflow/.local/lib/python3.12/site-packages/airflow/example_dags/example_sla_dag.py for tasks to queue
[2024-08-10T23:59:22.587+0000] {logging_mixin.py:188} INFO - [2024-08-10T23:59:22.587+0000] {dagbag.py:545} INFO - Filling up the DagBag from /home/airflow/.local/lib/python3.12/site-packages/airflow/example_dags/example_sla_dag.py
[2024-08-10T23:59:22.594+0000] {processor.py:840} INFO - DAG(s) 'example_sla_dag' retrieved from /home/airflow/.local/lib/python3.12/site-packages/airflow/example_dags/example_sla_dag.py
[2024-08-10T23:59:22.612+0000] {logging_mixin.py:188} INFO - [2024-08-10T23:59:22.611+0000] {dag.py:3089} INFO - Sync 1 DAGs
[2024-08-10T23:59:22.635+0000] {logging_mixin.py:188} INFO - [2024-08-10T23:59:22.635+0000] {dag.py:3947} INFO - Setting next_dagrun for example_sla_dag to 2024-08-10 23:56:00+00:00, run_after=2024-08-10 23:58:00+00:00
[2024-08-10T23:59:22.652+0000] {processor.py:183} INFO - Processing /home/airflow/.local/lib/python3.12/site-packages/airflow/example_dags/example_sla_dag.py took 0.071 seconds
[2024-08-10T23:59:53.157+0000] {processor.py:161} INFO - Started process (PID=179) to work on /home/airflow/.local/lib/python3.12/site-packages/airflow/example_dags/example_sla_dag.py
[2024-08-10T23:59:53.157+0000] {processor.py:830} INFO - Processing file /home/airflow/.local/lib/python3.12/site-packages/airflow/example_dags/example_sla_dag.py for tasks to queue
[2024-08-10T23:59:53.159+0000] {logging_mixin.py:188} INFO - [2024-08-10T23:59:53.159+0000] {dagbag.py:545} INFO - Filling up the DagBag from /home/airflow/.local/lib/python3.12/site-packages/airflow/example_dags/example_sla_dag.py
[2024-08-10T23:59:53.165+0000] {processor.py:840} INFO - DAG(s) 'example_sla_dag' retrieved from /home/airflow/.local/lib/python3.12/site-packages/airflow/example_dags/example_sla_dag.py
[2024-08-10T23:59:53.185+0000] {logging_mixin.py:188} INFO - [2024-08-10T23:59:53.184+0000] {dag.py:3089} INFO - Sync 1 DAGs
[2024-08-10T23:59:53.207+0000] {logging_mixin.py:188} INFO - [2024-08-10T23:59:53.207+0000] {dag.py:3947} INFO - Setting next_dagrun for example_sla_dag to 2024-08-10 23:56:00+00:00, run_after=2024-08-10 23:58:00+00:00
[2024-08-10T23:59:53.224+0000] {processor.py:183} INFO - Processing /home/airflow/.local/lib/python3.12/site-packages/airflow/example_dags/example_sla_dag.py took 0.071 seconds
