[2024-08-10T23:58:53.901+0000] {processor.py:161} INFO - Started process (PID=93) to work on /home/airflow/.local/lib/python3.12/site-packages/airflow/example_dags/example_task_group_decorator.py
[2024-08-10T23:58:53.902+0000] {processor.py:830} INFO - Processing file /home/airflow/.local/lib/python3.12/site-packages/airflow/example_dags/example_task_group_decorator.py for tasks to queue
[2024-08-10T23:58:53.903+0000] {logging_mixin.py:188} INFO - [2024-08-10T23:58:53.903+0000] {dagbag.py:545} INFO - Filling up the DagBag from /home/airflow/.local/lib/python3.12/site-packages/airflow/example_dags/example_task_group_decorator.py
[2024-08-10T23:58:53.915+0000] {processor.py:840} INFO - DAG(s) 'example_task_group_decorator' retrieved from /home/airflow/.local/lib/python3.12/site-packages/airflow/example_dags/example_task_group_decorator.py
[2024-08-10T23:58:53.938+0000] {logging_mixin.py:188} INFO - [2024-08-10T23:58:53.937+0000] {dag.py:3089} INFO - Sync 1 DAGs
[2024-08-10T23:58:53.956+0000] {logging_mixin.py:188} INFO - [2024-08-10T23:58:53.956+0000] {dag.py:3947} INFO - Setting next_dagrun for example_task_group_decorator to 2024-08-09 00:00:00+00:00, run_after=2024-08-10 00:00:00+00:00
[2024-08-10T23:58:53.973+0000] {processor.py:183} INFO - Processing /home/airflow/.local/lib/python3.12/site-packages/airflow/example_dags/example_task_group_decorator.py took 0.077 seconds
[2024-08-10T23:59:24.061+0000] {processor.py:161} INFO - Started process (PID=150) to work on /home/airflow/.local/lib/python3.12/site-packages/airflow/example_dags/example_task_group_decorator.py
[2024-08-10T23:59:24.062+0000] {processor.py:830} INFO - Processing file /home/airflow/.local/lib/python3.12/site-packages/airflow/example_dags/example_task_group_decorator.py for tasks to queue
[2024-08-10T23:59:24.063+0000] {logging_mixin.py:188} INFO - [2024-08-10T23:59:24.063+0000] {dagbag.py:545} INFO - Filling up the DagBag from /home/airflow/.local/lib/python3.12/site-packages/airflow/example_dags/example_task_group_decorator.py
[2024-08-10T23:59:24.075+0000] {processor.py:840} INFO - DAG(s) 'example_task_group_decorator' retrieved from /home/airflow/.local/lib/python3.12/site-packages/airflow/example_dags/example_task_group_decorator.py
[2024-08-10T23:59:24.098+0000] {logging_mixin.py:188} INFO - [2024-08-10T23:59:24.097+0000] {dag.py:3089} INFO - Sync 1 DAGs
[2024-08-10T23:59:24.117+0000] {logging_mixin.py:188} INFO - [2024-08-10T23:59:24.116+0000] {dag.py:3947} INFO - Setting next_dagrun for example_task_group_decorator to 2024-08-09 00:00:00+00:00, run_after=2024-08-10 00:00:00+00:00
[2024-08-10T23:59:24.133+0000] {processor.py:183} INFO - Processing /home/airflow/.local/lib/python3.12/site-packages/airflow/example_dags/example_task_group_decorator.py took 0.076 seconds
[2024-08-10T23:59:54.652+0000] {processor.py:161} INFO - Started process (PID=209) to work on /home/airflow/.local/lib/python3.12/site-packages/airflow/example_dags/example_task_group_decorator.py
[2024-08-10T23:59:54.653+0000] {processor.py:830} INFO - Processing file /home/airflow/.local/lib/python3.12/site-packages/airflow/example_dags/example_task_group_decorator.py for tasks to queue
[2024-08-10T23:59:54.654+0000] {logging_mixin.py:188} INFO - [2024-08-10T23:59:54.654+0000] {dagbag.py:545} INFO - Filling up the DagBag from /home/airflow/.local/lib/python3.12/site-packages/airflow/example_dags/example_task_group_decorator.py
[2024-08-10T23:59:54.666+0000] {processor.py:840} INFO - DAG(s) 'example_task_group_decorator' retrieved from /home/airflow/.local/lib/python3.12/site-packages/airflow/example_dags/example_task_group_decorator.py
[2024-08-10T23:59:54.689+0000] {logging_mixin.py:188} INFO - [2024-08-10T23:59:54.689+0000] {dag.py:3089} INFO - Sync 1 DAGs
[2024-08-10T23:59:54.710+0000] {logging_mixin.py:188} INFO - [2024-08-10T23:59:54.709+0000] {dag.py:3947} INFO - Setting next_dagrun for example_task_group_decorator to 2024-08-09 00:00:00+00:00, run_after=2024-08-10 00:00:00+00:00
[2024-08-10T23:59:54.728+0000] {processor.py:183} INFO - Processing /home/airflow/.local/lib/python3.12/site-packages/airflow/example_dags/example_task_group_decorator.py took 0.081 seconds
