[2024-08-10T23:58:51.588+0000] {processor.py:161} INFO - Started process (PID=51) to work on /home/airflow/.local/lib/python3.12/site-packages/airflow/example_dags/example_short_circuit_operator.py
[2024-08-10T23:58:51.589+0000] {processor.py:830} INFO - Processing file /home/airflow/.local/lib/python3.12/site-packages/airflow/example_dags/example_short_circuit_operator.py for tasks to queue
[2024-08-10T23:58:51.590+0000] {logging_mixin.py:188} INFO - [2024-08-10T23:58:51.590+0000] {dagbag.py:545} INFO - Filling up the DagBag from /home/airflow/.local/lib/python3.12/site-packages/airflow/example_dags/example_short_circuit_operator.py
[2024-08-10T23:58:51.599+0000] {processor.py:840} INFO - DAG(s) 'example_short_circuit_operator' retrieved from /home/airflow/.local/lib/python3.12/site-packages/airflow/example_dags/example_short_circuit_operator.py
[2024-08-10T23:58:51.648+0000] {logging_mixin.py:188} INFO - [2024-08-10T23:58:51.647+0000] {dag.py:3089} INFO - Sync 1 DAGs
[2024-08-10T23:58:51.670+0000] {logging_mixin.py:188} INFO - [2024-08-10T23:58:51.670+0000] {dag.py:3947} INFO - Setting next_dagrun for example_short_circuit_operator to 2024-08-09 00:00:00+00:00, run_after=2024-08-10 00:00:00+00:00
[2024-08-10T23:58:51.691+0000] {processor.py:183} INFO - Processing /home/airflow/.local/lib/python3.12/site-packages/airflow/example_dags/example_short_circuit_operator.py took 0.108 seconds
[2024-08-10T23:59:21.896+0000] {processor.py:161} INFO - Started process (PID=109) to work on /home/airflow/.local/lib/python3.12/site-packages/airflow/example_dags/example_short_circuit_operator.py
[2024-08-10T23:59:21.896+0000] {processor.py:830} INFO - Processing file /home/airflow/.local/lib/python3.12/site-packages/airflow/example_dags/example_short_circuit_operator.py for tasks to queue
[2024-08-10T23:59:21.898+0000] {logging_mixin.py:188} INFO - [2024-08-10T23:59:21.897+0000] {dagbag.py:545} INFO - Filling up the DagBag from /home/airflow/.local/lib/python3.12/site-packages/airflow/example_dags/example_short_circuit_operator.py
[2024-08-10T23:59:21.906+0000] {processor.py:840} INFO - DAG(s) 'example_short_circuit_operator' retrieved from /home/airflow/.local/lib/python3.12/site-packages/airflow/example_dags/example_short_circuit_operator.py
[2024-08-10T23:59:21.928+0000] {logging_mixin.py:188} INFO - [2024-08-10T23:59:21.928+0000] {dag.py:3089} INFO - Sync 1 DAGs
[2024-08-10T23:59:21.950+0000] {logging_mixin.py:188} INFO - [2024-08-10T23:59:21.949+0000] {dag.py:3947} INFO - Setting next_dagrun for example_short_circuit_operator to 2024-08-09 00:00:00+00:00, run_after=2024-08-10 00:00:00+00:00
[2024-08-10T23:59:21.969+0000] {processor.py:183} INFO - Processing /home/airflow/.local/lib/python3.12/site-packages/airflow/example_dags/example_short_circuit_operator.py took 0.078 seconds
[2024-08-10T23:59:52.522+0000] {processor.py:161} INFO - Started process (PID=167) to work on /home/airflow/.local/lib/python3.12/site-packages/airflow/example_dags/example_short_circuit_operator.py
[2024-08-10T23:59:52.523+0000] {processor.py:830} INFO - Processing file /home/airflow/.local/lib/python3.12/site-packages/airflow/example_dags/example_short_circuit_operator.py for tasks to queue
[2024-08-10T23:59:52.524+0000] {logging_mixin.py:188} INFO - [2024-08-10T23:59:52.524+0000] {dagbag.py:545} INFO - Filling up the DagBag from /home/airflow/.local/lib/python3.12/site-packages/airflow/example_dags/example_short_circuit_operator.py
[2024-08-10T23:59:52.531+0000] {processor.py:840} INFO - DAG(s) 'example_short_circuit_operator' retrieved from /home/airflow/.local/lib/python3.12/site-packages/airflow/example_dags/example_short_circuit_operator.py
[2024-08-10T23:59:52.554+0000] {logging_mixin.py:188} INFO - [2024-08-10T23:59:52.554+0000] {dag.py:3089} INFO - Sync 1 DAGs
[2024-08-10T23:59:52.577+0000] {logging_mixin.py:188} INFO - [2024-08-10T23:59:52.577+0000] {dag.py:3947} INFO - Setting next_dagrun for example_short_circuit_operator to 2024-08-09 00:00:00+00:00, run_after=2024-08-10 00:00:00+00:00
[2024-08-10T23:59:52.597+0000] {processor.py:183} INFO - Processing /home/airflow/.local/lib/python3.12/site-packages/airflow/example_dags/example_short_circuit_operator.py took 0.080 seconds
