[2024-08-10T23:58:53.880+0000] {processor.py:161} INFO - Started process (PID=92) to work on /home/airflow/.local/lib/python3.12/site-packages/airflow/example_dags/example_python_decorator.py
[2024-08-10T23:58:53.881+0000] {processor.py:830} INFO - Processing file /home/airflow/.local/lib/python3.12/site-packages/airflow/example_dags/example_python_decorator.py for tasks to queue
[2024-08-10T23:58:53.882+0000] {logging_mixin.py:188} INFO - [2024-08-10T23:58:53.882+0000] {dagbag.py:545} INFO - Filling up the DagBag from /home/airflow/.local/lib/python3.12/site-packages/airflow/example_dags/example_python_decorator.py
[2024-08-10T23:58:53.893+0000] {processor.py:840} INFO - DAG(s) 'example_python_decorator' retrieved from /home/airflow/.local/lib/python3.12/site-packages/airflow/example_dags/example_python_decorator.py
[2024-08-10T23:58:53.988+0000] {logging_mixin.py:188} INFO - [2024-08-10T23:58:53.988+0000] {dag.py:3089} INFO - Sync 1 DAGs
[2024-08-10T23:58:53.997+0000] {logging_mixin.py:188} INFO - [2024-08-10T23:58:53.997+0000] {dag.py:3947} INFO - Setting next_dagrun for example_python_decorator to None, run_after=None
[2024-08-10T23:58:54.015+0000] {processor.py:183} INFO - Processing /home/airflow/.local/lib/python3.12/site-packages/airflow/example_dags/example_python_decorator.py took 0.140 seconds
[2024-08-10T23:59:24.083+0000] {processor.py:161} INFO - Started process (PID=151) to work on /home/airflow/.local/lib/python3.12/site-packages/airflow/example_dags/example_python_decorator.py
[2024-08-10T23:59:24.084+0000] {processor.py:830} INFO - Processing file /home/airflow/.local/lib/python3.12/site-packages/airflow/example_dags/example_python_decorator.py for tasks to queue
[2024-08-10T23:59:24.085+0000] {logging_mixin.py:188} INFO - [2024-08-10T23:59:24.085+0000] {dagbag.py:545} INFO - Filling up the DagBag from /home/airflow/.local/lib/python3.12/site-packages/airflow/example_dags/example_python_decorator.py
[2024-08-10T23:59:24.096+0000] {processor.py:840} INFO - DAG(s) 'example_python_decorator' retrieved from /home/airflow/.local/lib/python3.12/site-packages/airflow/example_dags/example_python_decorator.py
[2024-08-10T23:59:24.115+0000] {logging_mixin.py:188} INFO - [2024-08-10T23:59:24.115+0000] {dag.py:3089} INFO - Sync 1 DAGs
[2024-08-10T23:59:24.126+0000] {logging_mixin.py:188} INFO - [2024-08-10T23:59:24.126+0000] {dag.py:3947} INFO - Setting next_dagrun for example_python_decorator to None, run_after=None
[2024-08-10T23:59:24.142+0000] {processor.py:183} INFO - Processing /home/airflow/.local/lib/python3.12/site-packages/airflow/example_dags/example_python_decorator.py took 0.064 seconds
[2024-08-10T23:59:54.584+0000] {processor.py:161} INFO - Started process (PID=208) to work on /home/airflow/.local/lib/python3.12/site-packages/airflow/example_dags/example_python_decorator.py
[2024-08-10T23:59:54.585+0000] {processor.py:830} INFO - Processing file /home/airflow/.local/lib/python3.12/site-packages/airflow/example_dags/example_python_decorator.py for tasks to queue
[2024-08-10T23:59:54.586+0000] {logging_mixin.py:188} INFO - [2024-08-10T23:59:54.586+0000] {dagbag.py:545} INFO - Filling up the DagBag from /home/airflow/.local/lib/python3.12/site-packages/airflow/example_dags/example_python_decorator.py
[2024-08-10T23:59:54.597+0000] {processor.py:840} INFO - DAG(s) 'example_python_decorator' retrieved from /home/airflow/.local/lib/python3.12/site-packages/airflow/example_dags/example_python_decorator.py
[2024-08-10T23:59:54.618+0000] {logging_mixin.py:188} INFO - [2024-08-10T23:59:54.618+0000] {dag.py:3089} INFO - Sync 1 DAGs
[2024-08-10T23:59:54.629+0000] {logging_mixin.py:188} INFO - [2024-08-10T23:59:54.629+0000] {dag.py:3947} INFO - Setting next_dagrun for example_python_decorator to None, run_after=None
[2024-08-10T23:59:54.646+0000] {processor.py:183} INFO - Processing /home/airflow/.local/lib/python3.12/site-packages/airflow/example_dags/example_python_decorator.py took 0.067 seconds
