[2024-08-10T23:58:52.150+0000] {processor.py:161} INFO - Started process (PID=58) to work on /home/airflow/.local/lib/python3.12/site-packages/airflow/example_dags/example_kubernetes_executor.py
[2024-08-10T23:58:52.151+0000] {processor.py:830} INFO - Processing file /home/airflow/.local/lib/python3.12/site-packages/airflow/example_dags/example_kubernetes_executor.py for tasks to queue
[2024-08-10T23:58:52.152+0000] {logging_mixin.py:188} INFO - [2024-08-10T23:58:52.152+0000] {dagbag.py:545} INFO - Filling up the DagBag from /home/airflow/.local/lib/python3.12/site-packages/airflow/example_dags/example_kubernetes_executor.py
[2024-08-10T23:58:52.162+0000] {processor.py:840} INFO - DAG(s) 'example_kubernetes_executor' retrieved from /home/airflow/.local/lib/python3.12/site-packages/airflow/example_dags/example_kubernetes_executor.py
[2024-08-10T23:58:52.203+0000] {logging_mixin.py:188} INFO - [2024-08-10T23:58:52.203+0000] {dag.py:3089} INFO - Sync 1 DAGs
[2024-08-10T23:58:52.214+0000] {logging_mixin.py:188} INFO - [2024-08-10T23:58:52.214+0000] {dag.py:3947} INFO - Setting next_dagrun for example_kubernetes_executor to None, run_after=None
[2024-08-10T23:58:52.234+0000] {processor.py:183} INFO - Processing /home/airflow/.local/lib/python3.12/site-packages/airflow/example_dags/example_kubernetes_executor.py took 0.088 seconds
[2024-08-10T23:59:22.334+0000] {processor.py:161} INFO - Started process (PID=116) to work on /home/airflow/.local/lib/python3.12/site-packages/airflow/example_dags/example_kubernetes_executor.py
[2024-08-10T23:59:22.334+0000] {processor.py:830} INFO - Processing file /home/airflow/.local/lib/python3.12/site-packages/airflow/example_dags/example_kubernetes_executor.py for tasks to queue
[2024-08-10T23:59:22.336+0000] {logging_mixin.py:188} INFO - [2024-08-10T23:59:22.336+0000] {dagbag.py:545} INFO - Filling up the DagBag from /home/airflow/.local/lib/python3.12/site-packages/airflow/example_dags/example_kubernetes_executor.py
[2024-08-10T23:59:22.346+0000] {processor.py:840} INFO - DAG(s) 'example_kubernetes_executor' retrieved from /home/airflow/.local/lib/python3.12/site-packages/airflow/example_dags/example_kubernetes_executor.py
[2024-08-10T23:59:22.380+0000] {logging_mixin.py:188} INFO - [2024-08-10T23:59:22.380+0000] {dag.py:3089} INFO - Sync 1 DAGs
[2024-08-10T23:59:22.392+0000] {logging_mixin.py:188} INFO - [2024-08-10T23:59:22.391+0000] {dag.py:3947} INFO - Setting next_dagrun for example_kubernetes_executor to None, run_after=None
[2024-08-10T23:59:22.409+0000] {processor.py:183} INFO - Processing /home/airflow/.local/lib/python3.12/site-packages/airflow/example_dags/example_kubernetes_executor.py took 0.080 seconds
[2024-08-10T23:59:52.881+0000] {processor.py:161} INFO - Started process (PID=174) to work on /home/airflow/.local/lib/python3.12/site-packages/airflow/example_dags/example_kubernetes_executor.py
[2024-08-10T23:59:52.882+0000] {processor.py:830} INFO - Processing file /home/airflow/.local/lib/python3.12/site-packages/airflow/example_dags/example_kubernetes_executor.py for tasks to queue
[2024-08-10T23:59:52.884+0000] {logging_mixin.py:188} INFO - [2024-08-10T23:59:52.883+0000] {dagbag.py:545} INFO - Filling up the DagBag from /home/airflow/.local/lib/python3.12/site-packages/airflow/example_dags/example_kubernetes_executor.py
[2024-08-10T23:59:52.893+0000] {processor.py:840} INFO - DAG(s) 'example_kubernetes_executor' retrieved from /home/airflow/.local/lib/python3.12/site-packages/airflow/example_dags/example_kubernetes_executor.py
[2024-08-10T23:59:52.926+0000] {logging_mixin.py:188} INFO - [2024-08-10T23:59:52.926+0000] {dag.py:3089} INFO - Sync 1 DAGs
[2024-08-10T23:59:52.937+0000] {logging_mixin.py:188} INFO - [2024-08-10T23:59:52.937+0000] {dag.py:3947} INFO - Setting next_dagrun for example_kubernetes_executor to None, run_after=None
[2024-08-10T23:59:52.954+0000] {processor.py:183} INFO - Processing /home/airflow/.local/lib/python3.12/site-packages/airflow/example_dags/example_kubernetes_executor.py took 0.077 seconds
