[2024-08-10T23:58:53.992+0000] {processor.py:161} INFO - Started process (PID=94) to work on /home/airflow/.local/lib/python3.12/site-packages/airflow/example_dags/example_branch_operator.py
[2024-08-10T23:58:53.992+0000] {processor.py:830} INFO - Processing file /home/airflow/.local/lib/python3.12/site-packages/airflow/example_dags/example_branch_operator.py for tasks to queue
[2024-08-10T23:58:53.993+0000] {logging_mixin.py:188} INFO - [2024-08-10T23:58:53.993+0000] {dagbag.py:545} INFO - Filling up the DagBag from /home/airflow/.local/lib/python3.12/site-packages/airflow/example_dags/example_branch_operator.py
[2024-08-10T23:58:54.007+0000] {processor.py:840} INFO - DAG(s) 'example_branch_operator' retrieved from /home/airflow/.local/lib/python3.12/site-packages/airflow/example_dags/example_branch_operator.py
[2024-08-10T23:58:54.108+0000] {logging_mixin.py:188} INFO - [2024-08-10T23:58:54.108+0000] {dag.py:3089} INFO - Sync 1 DAGs
[2024-08-10T23:58:54.126+0000] {logging_mixin.py:188} INFO - [2024-08-10T23:58:54.126+0000] {dag.py:3947} INFO - Setting next_dagrun for example_branch_operator to 2024-08-09 00:00:00+00:00, run_after=2024-08-10 00:00:00+00:00
[2024-08-10T23:58:54.144+0000] {processor.py:183} INFO - Processing /home/airflow/.local/lib/python3.12/site-packages/airflow/example_dags/example_branch_operator.py took 0.158 seconds
[2024-08-10T23:59:25.159+0000] {processor.py:161} INFO - Started process (PID=152) to work on /home/airflow/.local/lib/python3.12/site-packages/airflow/example_dags/example_branch_operator.py
[2024-08-10T23:59:25.161+0000] {processor.py:830} INFO - Processing file /home/airflow/.local/lib/python3.12/site-packages/airflow/example_dags/example_branch_operator.py for tasks to queue
[2024-08-10T23:59:25.163+0000] {logging_mixin.py:188} INFO - [2024-08-10T23:59:25.162+0000] {dagbag.py:545} INFO - Filling up the DagBag from /home/airflow/.local/lib/python3.12/site-packages/airflow/example_dags/example_branch_operator.py
[2024-08-10T23:59:25.176+0000] {processor.py:840} INFO - DAG(s) 'example_branch_operator' retrieved from /home/airflow/.local/lib/python3.12/site-packages/airflow/example_dags/example_branch_operator.py
[2024-08-10T23:59:25.201+0000] {logging_mixin.py:188} INFO - [2024-08-10T23:59:25.201+0000] {dag.py:3089} INFO - Sync 1 DAGs
[2024-08-10T23:59:25.221+0000] {logging_mixin.py:188} INFO - [2024-08-10T23:59:25.221+0000] {dag.py:3947} INFO - Setting next_dagrun for example_branch_operator to 2024-08-09 00:00:00+00:00, run_after=2024-08-10 00:00:00+00:00
[2024-08-10T23:59:25.239+0000] {processor.py:183} INFO - Processing /home/airflow/.local/lib/python3.12/site-packages/airflow/example_dags/example_branch_operator.py took 0.084 seconds
[2024-08-10T23:59:55.676+0000] {processor.py:161} INFO - Started process (PID=210) to work on /home/airflow/.local/lib/python3.12/site-packages/airflow/example_dags/example_branch_operator.py
[2024-08-10T23:59:55.678+0000] {processor.py:830} INFO - Processing file /home/airflow/.local/lib/python3.12/site-packages/airflow/example_dags/example_branch_operator.py for tasks to queue
[2024-08-10T23:59:55.680+0000] {logging_mixin.py:188} INFO - [2024-08-10T23:59:55.680+0000] {dagbag.py:545} INFO - Filling up the DagBag from /home/airflow/.local/lib/python3.12/site-packages/airflow/example_dags/example_branch_operator.py
[2024-08-10T23:59:55.694+0000] {processor.py:840} INFO - DAG(s) 'example_branch_operator' retrieved from /home/airflow/.local/lib/python3.12/site-packages/airflow/example_dags/example_branch_operator.py
[2024-08-10T23:59:55.719+0000] {logging_mixin.py:188} INFO - [2024-08-10T23:59:55.719+0000] {dag.py:3089} INFO - Sync 1 DAGs
[2024-08-10T23:59:55.739+0000] {logging_mixin.py:188} INFO - [2024-08-10T23:59:55.739+0000] {dag.py:3947} INFO - Setting next_dagrun for example_branch_operator to 2024-08-09 00:00:00+00:00, run_after=2024-08-10 00:00:00+00:00
[2024-08-10T23:59:55.755+0000] {processor.py:183} INFO - Processing /home/airflow/.local/lib/python3.12/site-packages/airflow/example_dags/example_branch_operator.py took 0.084 seconds
