[2024-08-10T23:58:53.720+0000] {processor.py:161} INFO - Started process (PID=89) to work on /home/airflow/.local/lib/python3.12/site-packages/airflow/example_dags/example_skip_dag.py
[2024-08-10T23:58:53.720+0000] {processor.py:830} INFO - Processing file /home/airflow/.local/lib/python3.12/site-packages/airflow/example_dags/example_skip_dag.py for tasks to queue
[2024-08-10T23:58:53.721+0000] {logging_mixin.py:188} INFO - [2024-08-10T23:58:53.721+0000] {dagbag.py:545} INFO - Filling up the DagBag from /home/airflow/.local/lib/python3.12/site-packages/airflow/example_dags/example_skip_dag.py
[2024-08-10T23:58:53.726+0000] {processor.py:840} INFO - DAG(s) 'example_skip_dag' retrieved from /home/airflow/.local/lib/python3.12/site-packages/airflow/example_dags/example_skip_dag.py
[2024-08-10T23:58:53.745+0000] {logging_mixin.py:188} INFO - [2024-08-10T23:58:53.744+0000] {dag.py:3089} INFO - Sync 1 DAGs
[2024-08-10T23:58:53.764+0000] {logging_mixin.py:188} INFO - [2024-08-10T23:58:53.764+0000] {dag.py:3947} INFO - Setting next_dagrun for example_skip_dag to 2024-08-09 00:00:00+00:00, run_after=2024-08-10 00:00:00+00:00
[2024-08-10T23:58:53.781+0000] {processor.py:183} INFO - Processing /home/airflow/.local/lib/python3.12/site-packages/airflow/example_dags/example_skip_dag.py took 0.066 seconds
[2024-08-10T23:59:23.927+0000] {processor.py:161} INFO - Started process (PID=147) to work on /home/airflow/.local/lib/python3.12/site-packages/airflow/example_dags/example_skip_dag.py
[2024-08-10T23:59:23.928+0000] {processor.py:830} INFO - Processing file /home/airflow/.local/lib/python3.12/site-packages/airflow/example_dags/example_skip_dag.py for tasks to queue
[2024-08-10T23:59:23.929+0000] {logging_mixin.py:188} INFO - [2024-08-10T23:59:23.929+0000] {dagbag.py:545} INFO - Filling up the DagBag from /home/airflow/.local/lib/python3.12/site-packages/airflow/example_dags/example_skip_dag.py
[2024-08-10T23:59:23.934+0000] {processor.py:840} INFO - DAG(s) 'example_skip_dag' retrieved from /home/airflow/.local/lib/python3.12/site-packages/airflow/example_dags/example_skip_dag.py
[2024-08-10T23:59:23.953+0000] {logging_mixin.py:188} INFO - [2024-08-10T23:59:23.952+0000] {dag.py:3089} INFO - Sync 1 DAGs
[2024-08-10T23:59:23.972+0000] {logging_mixin.py:188} INFO - [2024-08-10T23:59:23.971+0000] {dag.py:3947} INFO - Setting next_dagrun for example_skip_dag to 2024-08-09 00:00:00+00:00, run_after=2024-08-10 00:00:00+00:00
[2024-08-10T23:59:23.989+0000] {processor.py:183} INFO - Processing /home/airflow/.local/lib/python3.12/site-packages/airflow/example_dags/example_skip_dag.py took 0.067 seconds
[2024-08-10T23:59:54.482+0000] {processor.py:161} INFO - Started process (PID=205) to work on /home/airflow/.local/lib/python3.12/site-packages/airflow/example_dags/example_skip_dag.py
[2024-08-10T23:59:54.483+0000] {processor.py:830} INFO - Processing file /home/airflow/.local/lib/python3.12/site-packages/airflow/example_dags/example_skip_dag.py for tasks to queue
[2024-08-10T23:59:54.485+0000] {logging_mixin.py:188} INFO - [2024-08-10T23:59:54.484+0000] {dagbag.py:545} INFO - Filling up the DagBag from /home/airflow/.local/lib/python3.12/site-packages/airflow/example_dags/example_skip_dag.py
[2024-08-10T23:59:54.490+0000] {processor.py:840} INFO - DAG(s) 'example_skip_dag' retrieved from /home/airflow/.local/lib/python3.12/site-packages/airflow/example_dags/example_skip_dag.py
[2024-08-10T23:59:54.510+0000] {logging_mixin.py:188} INFO - [2024-08-10T23:59:54.510+0000] {dag.py:3089} INFO - Sync 1 DAGs
[2024-08-10T23:59:54.530+0000] {logging_mixin.py:188} INFO - [2024-08-10T23:59:54.530+0000] {dag.py:3947} INFO - Setting next_dagrun for example_skip_dag to 2024-08-09 00:00:00+00:00, run_after=2024-08-10 00:00:00+00:00
[2024-08-10T23:59:54.548+0000] {processor.py:183} INFO - Processing /home/airflow/.local/lib/python3.12/site-packages/airflow/example_dags/example_skip_dag.py took 0.070 seconds
