[2024-08-10T23:58:52.898+0000] {processor.py:161} INFO - Started process (PID=73) to work on /home/airflow/.local/lib/python3.12/site-packages/airflow/example_dags/example_sensors.py
[2024-08-10T23:58:52.899+0000] {processor.py:830} INFO - Processing file /home/airflow/.local/lib/python3.12/site-packages/airflow/example_dags/example_sensors.py for tasks to queue
[2024-08-10T23:58:52.900+0000] {logging_mixin.py:188} INFO - [2024-08-10T23:58:52.900+0000] {dagbag.py:545} INFO - Filling up the DagBag from /home/airflow/.local/lib/python3.12/site-packages/airflow/example_dags/example_sensors.py
[2024-08-10T23:58:52.908+0000] {processor.py:840} INFO - DAG(s) 'example_sensors' retrieved from /home/airflow/.local/lib/python3.12/site-packages/airflow/example_dags/example_sensors.py
[2024-08-10T23:58:52.934+0000] {logging_mixin.py:188} INFO - [2024-08-10T23:58:52.933+0000] {dag.py:3089} INFO - Sync 1 DAGs
[2024-08-10T23:58:52.945+0000] {logging_mixin.py:188} INFO - [2024-08-10T23:58:52.945+0000] {dag.py:3947} INFO - Setting next_dagrun for example_sensors to None, run_after=None
[2024-08-10T23:58:52.964+0000] {processor.py:183} INFO - Processing /home/airflow/.local/lib/python3.12/site-packages/airflow/example_dags/example_sensors.py took 0.070 seconds
[2024-08-10T23:59:22.983+0000] {processor.py:161} INFO - Started process (PID=130) to work on /home/airflow/.local/lib/python3.12/site-packages/airflow/example_dags/example_sensors.py
[2024-08-10T23:59:22.983+0000] {processor.py:830} INFO - Processing file /home/airflow/.local/lib/python3.12/site-packages/airflow/example_dags/example_sensors.py for tasks to queue
[2024-08-10T23:59:22.985+0000] {logging_mixin.py:188} INFO - [2024-08-10T23:59:22.985+0000] {dagbag.py:545} INFO - Filling up the DagBag from /home/airflow/.local/lib/python3.12/site-packages/airflow/example_dags/example_sensors.py
[2024-08-10T23:59:22.992+0000] {processor.py:840} INFO - DAG(s) 'example_sensors' retrieved from /home/airflow/.local/lib/python3.12/site-packages/airflow/example_dags/example_sensors.py
[2024-08-10T23:59:23.015+0000] {logging_mixin.py:188} INFO - [2024-08-10T23:59:23.014+0000] {dag.py:3089} INFO - Sync 1 DAGs
[2024-08-10T23:59:23.025+0000] {logging_mixin.py:188} INFO - [2024-08-10T23:59:23.025+0000] {dag.py:3947} INFO - Setting next_dagrun for example_sensors to None, run_after=None
[2024-08-10T23:59:23.043+0000] {processor.py:183} INFO - Processing /home/airflow/.local/lib/python3.12/site-packages/airflow/example_dags/example_sensors.py took 0.065 seconds
[2024-08-10T23:59:53.704+0000] {processor.py:161} INFO - Started process (PID=189) to work on /home/airflow/.local/lib/python3.12/site-packages/airflow/example_dags/example_sensors.py
[2024-08-10T23:59:53.705+0000] {processor.py:830} INFO - Processing file /home/airflow/.local/lib/python3.12/site-packages/airflow/example_dags/example_sensors.py for tasks to queue
[2024-08-10T23:59:53.706+0000] {logging_mixin.py:188} INFO - [2024-08-10T23:59:53.706+0000] {dagbag.py:545} INFO - Filling up the DagBag from /home/airflow/.local/lib/python3.12/site-packages/airflow/example_dags/example_sensors.py
[2024-08-10T23:59:53.714+0000] {processor.py:840} INFO - DAG(s) 'example_sensors' retrieved from /home/airflow/.local/lib/python3.12/site-packages/airflow/example_dags/example_sensors.py
[2024-08-10T23:59:53.737+0000] {logging_mixin.py:188} INFO - [2024-08-10T23:59:53.736+0000] {dag.py:3089} INFO - Sync 1 DAGs
[2024-08-10T23:59:53.748+0000] {logging_mixin.py:188} INFO - [2024-08-10T23:59:53.748+0000] {dag.py:3947} INFO - Setting next_dagrun for example_sensors to None, run_after=None
[2024-08-10T23:59:53.767+0000] {processor.py:183} INFO - Processing /home/airflow/.local/lib/python3.12/site-packages/airflow/example_dags/example_sensors.py took 0.067 seconds
