[2024-08-10T23:58:51.579+0000] {processor.py:161} INFO - Started process (PID=50) to work on /home/airflow/.local/lib/python3.12/site-packages/airflow/example_dags/example_bash_operator.py
[2024-08-10T23:58:51.580+0000] {processor.py:830} INFO - Processing file /home/airflow/.local/lib/python3.12/site-packages/airflow/example_dags/example_bash_operator.py for tasks to queue
[2024-08-10T23:58:51.581+0000] {logging_mixin.py:188} INFO - [2024-08-10T23:58:51.581+0000] {dagbag.py:545} INFO - Filling up the DagBag from /home/airflow/.local/lib/python3.12/site-packages/airflow/example_dags/example_bash_operator.py
[2024-08-10T23:58:51.596+0000] {processor.py:840} INFO - DAG(s) 'example_bash_operator' retrieved from /home/airflow/.local/lib/python3.12/site-packages/airflow/example_dags/example_bash_operator.py
[2024-08-10T23:58:51.646+0000] {logging_mixin.py:188} INFO - [2024-08-10T23:58:51.646+0000] {dag.py:3089} INFO - Sync 1 DAGs
[2024-08-10T23:58:51.670+0000] {logging_mixin.py:188} INFO - [2024-08-10T23:58:51.670+0000] {dag.py:3947} INFO - Setting next_dagrun for example_bash_operator to 2024-08-09 00:00:00+00:00, run_after=2024-08-10 00:00:00+00:00
[2024-08-10T23:58:51.689+0000] {processor.py:183} INFO - Processing /home/airflow/.local/lib/python3.12/site-packages/airflow/example_dags/example_bash_operator.py took 0.114 seconds
[2024-08-10T23:59:21.891+0000] {processor.py:161} INFO - Started process (PID=108) to work on /home/airflow/.local/lib/python3.12/site-packages/airflow/example_dags/example_bash_operator.py
[2024-08-10T23:59:21.892+0000] {processor.py:830} INFO - Processing file /home/airflow/.local/lib/python3.12/site-packages/airflow/example_dags/example_bash_operator.py for tasks to queue
[2024-08-10T23:59:21.894+0000] {logging_mixin.py:188} INFO - [2024-08-10T23:59:21.893+0000] {dagbag.py:545} INFO - Filling up the DagBag from /home/airflow/.local/lib/python3.12/site-packages/airflow/example_dags/example_bash_operator.py
[2024-08-10T23:59:21.903+0000] {processor.py:840} INFO - DAG(s) 'example_bash_operator' retrieved from /home/airflow/.local/lib/python3.12/site-packages/airflow/example_dags/example_bash_operator.py
[2024-08-10T23:59:21.928+0000] {logging_mixin.py:188} INFO - [2024-08-10T23:59:21.928+0000] {dag.py:3089} INFO - Sync 1 DAGs
[2024-08-10T23:59:21.950+0000] {logging_mixin.py:188} INFO - [2024-08-10T23:59:21.950+0000] {dag.py:3947} INFO - Setting next_dagrun for example_bash_operator to 2024-08-09 00:00:00+00:00, run_after=2024-08-10 00:00:00+00:00
[2024-08-10T23:59:21.966+0000] {processor.py:183} INFO - Processing /home/airflow/.local/lib/python3.12/site-packages/airflow/example_dags/example_bash_operator.py took 0.080 seconds
[2024-08-10T23:59:52.517+0000] {processor.py:161} INFO - Started process (PID=166) to work on /home/airflow/.local/lib/python3.12/site-packages/airflow/example_dags/example_bash_operator.py
[2024-08-10T23:59:52.519+0000] {processor.py:830} INFO - Processing file /home/airflow/.local/lib/python3.12/site-packages/airflow/example_dags/example_bash_operator.py for tasks to queue
[2024-08-10T23:59:52.521+0000] {logging_mixin.py:188} INFO - [2024-08-10T23:59:52.520+0000] {dagbag.py:545} INFO - Filling up the DagBag from /home/airflow/.local/lib/python3.12/site-packages/airflow/example_dags/example_bash_operator.py
[2024-08-10T23:59:52.531+0000] {processor.py:840} INFO - DAG(s) 'example_bash_operator' retrieved from /home/airflow/.local/lib/python3.12/site-packages/airflow/example_dags/example_bash_operator.py
[2024-08-10T23:59:52.560+0000] {logging_mixin.py:188} INFO - [2024-08-10T23:59:52.560+0000] {dag.py:3089} INFO - Sync 1 DAGs
[2024-08-10T23:59:52.584+0000] {logging_mixin.py:188} INFO - [2024-08-10T23:59:52.584+0000] {dag.py:3947} INFO - Setting next_dagrun for example_bash_operator to 2024-08-09 00:00:00+00:00, run_after=2024-08-10 00:00:00+00:00
[2024-08-10T23:59:52.605+0000] {processor.py:183} INFO - Processing /home/airflow/.local/lib/python3.12/site-packages/airflow/example_dags/example_bash_operator.py took 0.093 seconds
