[2024-08-10T23:58:52.180+0000] {processor.py:161} INFO - Started process (PID=59) to work on /home/airflow/.local/lib/python3.12/site-packages/airflow/example_dags/tutorial.py
[2024-08-10T23:58:52.180+0000] {processor.py:830} INFO - Processing file /home/airflow/.local/lib/python3.12/site-packages/airflow/example_dags/tutorial.py for tasks to queue
[2024-08-10T23:58:52.182+0000] {logging_mixin.py:188} INFO - [2024-08-10T23:58:52.181+0000] {dagbag.py:545} INFO - Filling up the DagBag from /home/airflow/.local/lib/python3.12/site-packages/airflow/example_dags/tutorial.py
[2024-08-10T23:58:52.186+0000] {processor.py:840} INFO - DAG(s) 'tutorial' retrieved from /home/airflow/.local/lib/python3.12/site-packages/airflow/example_dags/tutorial.py
[2024-08-10T23:58:52.222+0000] {logging_mixin.py:188} INFO - [2024-08-10T23:58:52.222+0000] {dag.py:3089} INFO - Sync 1 DAGs
[2024-08-10T23:58:52.242+0000] {logging_mixin.py:188} INFO - [2024-08-10T23:58:52.242+0000] {dag.py:3947} INFO - Setting next_dagrun for tutorial to 2024-08-09 00:00:00+00:00, run_after=2024-08-10 00:00:00+00:00
[2024-08-10T23:58:52.261+0000] {processor.py:183} INFO - Processing /home/airflow/.local/lib/python3.12/site-packages/airflow/example_dags/tutorial.py took 0.086 seconds
[2024-08-10T23:59:22.352+0000] {processor.py:161} INFO - Started process (PID=117) to work on /home/airflow/.local/lib/python3.12/site-packages/airflow/example_dags/tutorial.py
[2024-08-10T23:59:22.353+0000] {processor.py:830} INFO - Processing file /home/airflow/.local/lib/python3.12/site-packages/airflow/example_dags/tutorial.py for tasks to queue
[2024-08-10T23:59:22.354+0000] {logging_mixin.py:188} INFO - [2024-08-10T23:59:22.354+0000] {dagbag.py:545} INFO - Filling up the DagBag from /home/airflow/.local/lib/python3.12/site-packages/airflow/example_dags/tutorial.py
[2024-08-10T23:59:22.359+0000] {processor.py:840} INFO - DAG(s) 'tutorial' retrieved from /home/airflow/.local/lib/python3.12/site-packages/airflow/example_dags/tutorial.py
[2024-08-10T23:59:22.379+0000] {logging_mixin.py:188} INFO - [2024-08-10T23:59:22.379+0000] {dag.py:3089} INFO - Sync 1 DAGs
[2024-08-10T23:59:22.399+0000] {logging_mixin.py:188} INFO - [2024-08-10T23:59:22.399+0000] {dag.py:3947} INFO - Setting next_dagrun for tutorial to 2024-08-09 00:00:00+00:00, run_after=2024-08-10 00:00:00+00:00
[2024-08-10T23:59:22.416+0000] {processor.py:183} INFO - Processing /home/airflow/.local/lib/python3.12/site-packages/airflow/example_dags/tutorial.py took 0.069 seconds
[2024-08-10T23:59:52.943+0000] {processor.py:161} INFO - Started process (PID=175) to work on /home/airflow/.local/lib/python3.12/site-packages/airflow/example_dags/tutorial.py
[2024-08-10T23:59:52.944+0000] {processor.py:830} INFO - Processing file /home/airflow/.local/lib/python3.12/site-packages/airflow/example_dags/tutorial.py for tasks to queue
[2024-08-10T23:59:52.945+0000] {logging_mixin.py:188} INFO - [2024-08-10T23:59:52.945+0000] {dagbag.py:545} INFO - Filling up the DagBag from /home/airflow/.local/lib/python3.12/site-packages/airflow/example_dags/tutorial.py
[2024-08-10T23:59:52.950+0000] {processor.py:840} INFO - DAG(s) 'tutorial' retrieved from /home/airflow/.local/lib/python3.12/site-packages/airflow/example_dags/tutorial.py
[2024-08-10T23:59:52.971+0000] {logging_mixin.py:188} INFO - [2024-08-10T23:59:52.971+0000] {dag.py:3089} INFO - Sync 1 DAGs
[2024-08-10T23:59:52.995+0000] {logging_mixin.py:188} INFO - [2024-08-10T23:59:52.994+0000] {dag.py:3947} INFO - Setting next_dagrun for tutorial to 2024-08-09 00:00:00+00:00, run_after=2024-08-10 00:00:00+00:00
[2024-08-10T23:59:53.016+0000] {processor.py:183} INFO - Processing /home/airflow/.local/lib/python3.12/site-packages/airflow/example_dags/tutorial.py took 0.078 seconds
