[2024-08-10T23:58:54.094+0000] {processor.py:161} INFO - Started process (PID=95) to work on /home/airflow/.local/lib/python3.12/site-packages/airflow/example_dags/tutorial_objectstorage.py
[2024-08-10T23:58:54.095+0000] {processor.py:830} INFO - Processing file /home/airflow/.local/lib/python3.12/site-packages/airflow/example_dags/tutorial_objectstorage.py for tasks to queue
[2024-08-10T23:58:54.096+0000] {logging_mixin.py:188} INFO - [2024-08-10T23:58:54.096+0000] {dagbag.py:545} INFO - Filling up the DagBag from /home/airflow/.local/lib/python3.12/site-packages/airflow/example_dags/tutorial_objectstorage.py
[2024-08-10T23:58:54.102+0000] {processor.py:840} INFO - DAG(s) 'tutorial_objectstorage' retrieved from /home/airflow/.local/lib/python3.12/site-packages/airflow/example_dags/tutorial_objectstorage.py
[2024-08-10T23:58:54.119+0000] {logging_mixin.py:188} INFO - [2024-08-10T23:58:54.119+0000] {dag.py:3089} INFO - Sync 1 DAGs
[2024-08-10T23:58:54.130+0000] {logging_mixin.py:188} INFO - [2024-08-10T23:58:54.130+0000] {dag.py:3947} INFO - Setting next_dagrun for tutorial_objectstorage to None, run_after=None
[2024-08-10T23:58:54.146+0000] {processor.py:183} INFO - Processing /home/airflow/.local/lib/python3.12/site-packages/airflow/example_dags/tutorial_objectstorage.py took 0.057 seconds
[2024-08-10T23:59:25.163+0000] {processor.py:161} INFO - Started process (PID=153) to work on /home/airflow/.local/lib/python3.12/site-packages/airflow/example_dags/tutorial_objectstorage.py
[2024-08-10T23:59:25.164+0000] {processor.py:830} INFO - Processing file /home/airflow/.local/lib/python3.12/site-packages/airflow/example_dags/tutorial_objectstorage.py for tasks to queue
[2024-08-10T23:59:25.165+0000] {logging_mixin.py:188} INFO - [2024-08-10T23:59:25.165+0000] {dagbag.py:545} INFO - Filling up the DagBag from /home/airflow/.local/lib/python3.12/site-packages/airflow/example_dags/tutorial_objectstorage.py
[2024-08-10T23:59:25.171+0000] {processor.py:840} INFO - DAG(s) 'tutorial_objectstorage' retrieved from /home/airflow/.local/lib/python3.12/site-packages/airflow/example_dags/tutorial_objectstorage.py
[2024-08-10T23:59:25.188+0000] {logging_mixin.py:188} INFO - [2024-08-10T23:59:25.188+0000] {dag.py:3089} INFO - Sync 1 DAGs
[2024-08-10T23:59:25.199+0000] {logging_mixin.py:188} INFO - [2024-08-10T23:59:25.199+0000] {dag.py:3947} INFO - Setting next_dagrun for tutorial_objectstorage to None, run_after=None
[2024-08-10T23:59:25.216+0000] {processor.py:183} INFO - Processing /home/airflow/.local/lib/python3.12/site-packages/airflow/example_dags/tutorial_objectstorage.py took 0.057 seconds
[2024-08-10T23:59:55.681+0000] {processor.py:161} INFO - Started process (PID=211) to work on /home/airflow/.local/lib/python3.12/site-packages/airflow/example_dags/tutorial_objectstorage.py
[2024-08-10T23:59:55.682+0000] {processor.py:830} INFO - Processing file /home/airflow/.local/lib/python3.12/site-packages/airflow/example_dags/tutorial_objectstorage.py for tasks to queue
[2024-08-10T23:59:55.683+0000] {logging_mixin.py:188} INFO - [2024-08-10T23:59:55.683+0000] {dagbag.py:545} INFO - Filling up the DagBag from /home/airflow/.local/lib/python3.12/site-packages/airflow/example_dags/tutorial_objectstorage.py
[2024-08-10T23:59:55.689+0000] {processor.py:840} INFO - DAG(s) 'tutorial_objectstorage' retrieved from /home/airflow/.local/lib/python3.12/site-packages/airflow/example_dags/tutorial_objectstorage.py
[2024-08-10T23:59:55.706+0000] {logging_mixin.py:188} INFO - [2024-08-10T23:59:55.706+0000] {dag.py:3089} INFO - Sync 1 DAGs
[2024-08-10T23:59:55.717+0000] {logging_mixin.py:188} INFO - [2024-08-10T23:59:55.717+0000] {dag.py:3947} INFO - Setting next_dagrun for tutorial_objectstorage to None, run_after=None
[2024-08-10T23:59:55.734+0000] {processor.py:183} INFO - Processing /home/airflow/.local/lib/python3.12/site-packages/airflow/example_dags/tutorial_objectstorage.py took 0.058 seconds
